A,0.00289065
ABOUT,0.526364
ADVENTURES,0.596835
ALLIGATOR,0.717305
AND,0.357796
ANOTHER,0.526364
AUNTIE,0.717305
About,0.172349
Abundant,0.717305
Across,0.437794
After,0.100392
Afterward,0.476364
Afther,0.717305
Again,0.285562
Agin,0.717305
Agreed,0.596835
Ah,0.215579
Aha,0.527387
Alas,0.271775
Alcott,0.717305
All,0.110243
Allemaine,0.718002
Alligator,0.72776
Almost,0.300546
Am,0.246999
America,0.215161
An,0.153462
And,0.0746616
Andersen,0.718351
Angel,0.356066
Another,0.172349
Anything,0.379102
Ao,0.718002
Are,0.205555
Around,0.526364
As,0.0772058
At,0.0689395
Atlantic,0.317111
Auntie,0.598864
Away,0.317111
Awhere,0.717305
BABIES,0.717305
BEASTS,0.717305
BEAU,0.717305
BECAME,0.717654
BLACKBERRY,0.717305
BOY,0.526364
BRAHMIN,0.717305
BROTHER,0.596835
BROWN,0.476364
BUSH,0.717305
Babe,0.379654
Backward,0.596835
Banyan,0.718002
Be,0.24664
Beanstalk_,0.717305
Beater,0.717305
Beauty,0.355894
Because,0.205755
Beetle,0.597994
Beg,0.476364
Begorra,0.717305
Behind,0.379102
Between,0.285562
Boat,0.596835
Bother,0.717305
Boy,0.33966
Brahmin,0.731942
Brahmins,0.596835
Bread,0.52662
Bridget,0.717305
Bright,0.476364
Brother,0.339497
Brown,0.317573
Bryant,0.717305
Bullock,0.718351
Burgomaster,0.718002
But,0.025714
Butter,0.597125
By,0.158701
CAMEL,0.717305
CASTLE,0.717305
CHERRY,0.717305
CHICK,0.717305
CHRISTMAS,0.717305
CITY,0.717305
CLOUD,0.717305
COCK,0.717305
COLCHESTER,0.717305
CORNFIELD,0.717305
COTTAGE,0.717305
COTYLEDONS,0.717305
COUNTRY,0.596835
COURTIERS,0.717305
CRIED,0.717305
Cage,0.717305
Cake,0.717654
Came,0.335423
Camel,0.601184
Can,0.196831
Canariensis,0.717305
Candide,0.718351
Canterbury,0.476596
Carefully,0.526364
Carriage,0.717305
Carrots,0.596835
Castle,0.476364
Cat,0.476364
Catholics,0.476364
Central,0.258631
Certainly,0.285562
Chamberlain,0.527898
Cherry,0.530967
Chick,0.725669
Chief,0.285978
Child,0.529177
Children,0.285562
China,0.355894
Choose,0.476364
Christ,0.357277
Christian,0.214952
Christmas,0.260516
Cinderella,0.717305
City,0.1391
Civil,0.476364
Clever,0.526364
Cloud,0.528665
Clouds,0.437581
Cluck,0.596835
Columbkill,0.717305
Combine,0.717305
Come,0.206054
Company,0.335423
Cone,0.717305
Consequently,0.405893
Cook,0.406091
Could,0.246999
Country,0.337541
Court,0.214952
Craping,0.717305
Crayfish,0.718002
DAGDA,0.717305
DAVID,0.717305
DEWDROP,0.717305
DIAMOND,0.717305
DLE,0.717305
DOO,0.717654
Dagda,0.721836
Dancer,0.717654
David,0.251553
Day,0.188526
Dear,0.3364
Death,0.337215
Deep,0.437581
Deeply,0.717305
Denmark,0.526875
Dewdrop,0.719396
Diamond,0.599154
Did,0.215265
Dig,0.526364
Directly,0.405893
Do,0.216101
Does,0.271511
Don,0.21537
Doth,0.476364
Down,0.272039
Dublin,0.439069
Duck,0.527131
Ducks,0.719745
Duesseldorf,0.718002
EARLY,0.717305
ELEPHANT,0.717305
ELVES,0.717305
EPAMINONDAS,0.717305
Each,0.188435
Eagle,0.477058
Early,0.356066
East,0.172349
Easter,0.356066
Eel,0.717654
Egypt,0.406091
Egyptians,0.437794
Elector,0.718699
Elephant,0.601474
Eleven,0.596835
Elsa,0.724623
Emperor,0.363328
Endless,0.526364
England,0.205555
Epaminondas,0.728108
Europe,0.24676
Even,0.180338
Ever,0.379102
Every,0.236681
Everybody,0.335586
Everything,0.335423
Everywhere,0.526364
Exactly,0.379102
Except,0.317111
FAIRIES,0.717654
FIELD,0.717305
FIR,0.717654
FOOLED,0.717305
FORTUNE,0.717305
FROG,0.596835
Fairy,0.527643
Fan,0.717305
Far,0.317265
Fashter,0.717305
Father,0.261018
Field,0.337052
Finally,0.356412
Finger,0.52662
Fir,0.728457
Fire,0.317573
First,0.164952
Flax,0.717305
Flowers,0.355894
Follow,0.317111
Fomorian,0.717305
Fomorians,0.719396
For,0.090417
Forefinger,0.717654
Forth,0.476364
Fortune,0.406485
Fox,0.48215
France,0.258757
French,0.205555
Friend,0.356412
Frode,0.721139
Frogs,0.597994
From,0.158164
Full,0.317111
GARDEN,0.526364
GINGERBREAD,0.717305
GIRL,0.596835
GOLD,0.717305
GOLIATH,0.717305
GOTTLIEB,0.717305
GULLS,0.717305
Galway,0.717654
Gath,0.526364
Germany,0.335423
Get,0.24664
Giant,0.718699
Gingerbread,0.728457
Give,0.271511
Gladly,0.596835
Go,0.225214
God,0.227727
Goliath,0.596835
Good,0.235995
Goodwill,0.717305
Goose,0.527131
Gottlieb,0.720093
Great,0.247239
Green,0.235537
Grupello,0.718699
Guide,0.526364
H,0.214952
HALF,0.596835
HARP,0.717305
HEN,0.717654
HIDDEN,0.717305
HIN,0.717305
HIS,0.405893
HOW,0.527131
Had,0.224996
Half,0.30405
Hans,0.717305
Happily,0.476364
Haughery,0.717654
Have,0.272039
He,0.0156362
Heaven,0.300546
Heavenly,0.477058
Hebrew,0.476364
Hebrews,0.476364
Hello,0.596835
Help,0.355894
Hen,0.603504
Her,0.165433
Here,0.1726
Herr,0.597994
High,0.172517
Highness,0.596835
Him,0.300838
Hin,0.720442
His,0.100247
Ho,0.379286
Holy,0.335586
Honest,0.476364
Hop,0.717654
Hoppity,0.717305
House,0.120763
How,0.173856
However,0.165032
Huh,0.526364
Hullo,0.526364
Hurry,0.717305
Hush,0.356066
I,0.0184122
IN,0.37947
If,0.0952619
Imitate,0.596835
Imitation,0.717305
Immediately,0.335586
In,0.00578201
Indeed,0.205955
India,0.271511
Inside,0.405893
Instantly,0.52662
Intil,0.717305
Ireland,0.317265
Irish,0.317111
Is,0.215161
Isn,0.526364
Israel,0.439707
Israelites,0.52841
Israelitish,0.597415
It,0.012143
JACK,0.596835
JACKAL,0.718002
JACKALS,0.717305
JEALOUS,0.717305
Jack,0.189532
Jackal,0.74379
Jackals,0.718351
Jews,0.437581
Jist,0.718002
Johann,0.717305
Jove,0.477521
Jump,0.526364
Just,0.188892
KILLED,0.717305
KING,0.476364
KINGDOM,0.717305
Keep,0.300546
Kind,0.718002
King,0.229038
LAKE,0.717305
LARKS,0.717305
LION,0.717305
LITTLE,0.408457
Lake,0.355894
Lark,0.597994
Larks,0.598284
Latin,0.271907
Law,0.317265
Learn,0.476364
Led,0.405893
Let,0.206054
Life,0.271511
Lights,0.476364
Like,0.205555
Lion,0.411218
Little,0.230349
Lived,0.526364
Lizard,0.597994
Log,0.596835
London,0.224886
Long,0.224886
Look,0.21537
Loose,0.52662
Lord,0.22576
Louisa,0.530455
Luck,0.596835
MAN,0.526364
MARGARET,0.717305
MARGERY,0.717654
ME,0.406288
MISS,0.596835
MOSES,0.717305
MOUSE,0.718002
MY,0.379102
Madrid,0.598284
Maidens,0.718699
Majesty,0.407471
Make,0.286255
Mammy,0.723926
Man,0.226525
Many,0.205855
Margaret,0.440558
Margery,0.741699
May,0.144692
Maybe,0.405893
Men,0.259385
Mirth,0.597125
Mississippi,0.355894
Moon,0.480993
More,0.1726
Moses,0.406091
Mother,0.286255
Mouse,0.448211
Mr,0.126844
Mrs,0.126169
Music,0.356412
My,0.151848
N,0.180075
NARCISSUS,0.717305
NEW,0.526364
NIGHTINGALE,0.717305
Nay,0.24676
Never,0.259385
New,0.0637238
Next,0.285562
Nice,0.596835
Nicholas,0.52662
Night,0.271511
Nightingale,0.537104
No,0.133601
Nobody,0.271511
None,0.271511
Nor,0.224886
North,0.151187
Northern,0.437794
Not,0.206354
Nothing,0.19664
Now,0.152949
O,0.172517
OF,0.272303
ORCHARD,0.717305
ORLEANS,0.717305
OTTER,0.596835
Ocean,0.335423
Odin,0.52662
Of,0.132639
Off,0.405893
Often,0.405893
Oh,0.23024
Oho,0.717654
Olive,0.596835
On,0.0808831
Once,0.198646
One,0.095675
Only,0.188343
Open,0.317727
Or,0.224886
Orleans,0.379838
Others,0.285423
Otter,0.598864
Ould,0.717305
Our,0.18816
Out,0.317573
Outside,0.437581
Over,0.271643
Overhead,0.717654
Owl,0.526364
PICCOLA,0.717305
PRIMROSE,0.717305
PRINCE,0.717305
Palm,0.437581
Papa,0.47729
Peace,0.300546
Peas,0.717305
People,0.285562
Perfect,0.476364
Perhaps,0.225105
Peter,0.285423
Philistine,0.529944
Philistines,0.527387
Piccola,0.719745
Pity,0.437581
Plants,0.717305
Please,0.356066
Poke,0.717305
Pooh,0.52662
Poor,0.300838
Pope,0.380023
Pouf,0.717305
Presently,0.336889
Pretty,0.301276
Prince,0.273226
Progress_,0.717305
Promptly,0.717305
Protector,0.717305
Protestants,0.596835
Psalms,0.52662
Pshaw,0.596835
Putting,0.526364
Queen,0.271511
Quickly,0.717654
Quite,0.271511
RABBIT,0.596835
RED,0.476596
RHYME,0.717305
RID,0.717305
RIDDLES,0.717305
ROAD,0.717305
ROBERT,0.526364
ROLLAROUND,0.717305
Rabbit,0.52841
Rain,0.527131
Rank,0.596835
Rather,0.317111
Reading,0.437581
Really,0.406091
Red,0.23874
Rid,0.599444
Right,0.317111
Ring,0.437794
River,0.437581
Robert,0.227509
Rockies,0.717305
Roll,0.477521
Rollaround,0.721487
Rome,0.285839
Rosses,0.717305
Round,0.285423
Royal,0.405893
Run,0.356931
S,0.0898503
SALT,0.717654
SAVED,0.717305
SEA,0.596835
SERVANTS,0.717305
SHEPHERD,0.596835
SHOEMAKER,0.717305
SICILY,0.717305
SONG,0.526364
STORY,0.597415
SUN,0.717305
Sad,0.526364
Saftly,0.717305
Said,0.317111
Saint,0.317111
Salt,0.437581
Sara,0.596835
Saul,0.440132
Says,0.52662
Sea,0.317265
See,0.225323
Seeds,0.717305
Send,0.356066
Sh,0.526364
Shall,0.224996
She,0.117633
Show,0.355894
Shpread,0.717305
Shure,0.717305
Sicily,0.601184
Simple,0.526364
Since,0.19664
Singer,0.596835
Sire,0.597415
Sisters,0.437581
Skylark,0.596835
Sleep,0.379102
Slieveleague,0.717305
Slower,0.717305
Slowly,0.476596
Smart,0.596835
Snow,0.437581
So,0.130092
Solomon,0.438644
Some,0.120822
Somehow,0.405893
Something,0.235537
Sometimes,0.285839
Soon,0.286116
Sorra,0.717305
Sower,0.717305
Spanish,0.335423
Splash,0.717305
St,0.138228
Stars,0.406288
Stay,0.335586
Stealing,0.596835
Still,0.247359
Stop,0.300838
Stork,0.717654
Straight,0.476364
Striving,0.596835
Such,0.180075
Suddenly,0.356585
Suliman,0.719048
Sun,0.356931
Sunday,0.138161
Sunshine,0.52662
Surely,0.356758
Sweet,0.355894
Sword,0.405893
TAILOR,0.717305
TALKATIVE,0.717305
TEN,0.596835
THE,0.265416
THREE,0.526364
TIGER,0.596835
TORTOISE,0.717305
TREE,0.597415
TRUE,0.476364
TULIP,0.717305
TWO,0.379102
TY,0.717305
Take,0.215474
Tap,0.717305
Teach,0.596835
Tears,0.437581
Tell,0.225105
Temple,0.300546
Tha,0.717305
Thank,0.285978
That,0.0959504
The,0
Thee,0.476364
Their,0.158011
Then,0.143933
There,0.038186
These,0.151261
They,0.0386038
Thimble,0.717654
Thimpin,0.717305
Thin,0.717305
Thinks,0.596835
This,0.0378773
Thou,0.318035
Though,0.18816
Thousands,0.526364
Three,0.224886
Through,0.271511
Thumb,0.52662
Thy,0.271643
Tiger,0.484001
Time,0.224886
Tiny,0.717305
Tis,0.317111
To,0.105126
Together,0.476364
Tortoise,0.600894
Tough,0.717305
Tree,0.384259
Tree_,0.717305
Trooping,0.597125
Trust,0.405893
Tulip,0.719396
Twas,0.356066
Twice,0.476364
Two,0.126231
Until,0.317419
Up,0.300984
Very,0.235995
WAS,0.405893
WHALE,0.596835
WHO,0.52662
WIND,0.596835
WOLF,0.717305
Wait,0.438644
Wallflowers,0.717305
War,0.285839
Warmer,0.717305
Was,0.235995
Watching,0.476364
Water,0.47729
We,0.0903298
Wealth,0.476596
Weather,0.526364
Wee,0.476596
Week,0.405893
Well,0.205955
Whale,0.529944
What,0.122929
When,0.0842103
Whenever,0.335749
Where,0.206154
Whether,0.24664
Whiff,0.717305
While,0.126292
Whirling,0.717305
White,0.172349
Who,0.216832
Whose,0.300984
Why,0.173856
Wicked,0.526364
Wid,0.718351
Widout,0.717305
Wilhelm,0.596835
Will,0.225105
Wind,0.528921
Wise,0.335423
With,0.115343
Wolf,0.597705
Women_,0.717305
Wondering,0.596835
Woodpecker,0.598284
Would,0.205655
YELLOW,0.717305
Ye,0.355894
Yea,0.379102
Yes,0.207752
Yet,0.180075
Yis,0.717305
You,0.14098
Your,0.22576
Zelia,0.722184
[Illustration],0.718002
[Stories,0.717305
],0.224886
_,0.438219
_Cinderella_,0.717305
_Do,0.717654
_He,0.718002
_I_,0.476364
_Jack,0.717305
_Little,0.717305
_May_,0.596835
_Pilgrim,0.717305
_So_,0.717305
_That,0.717305
_The,0.596835
_Who,0.717305
_all_,0.596835
_allowing_,0.717305
_and_,0.596835
_are_,0.717305
_but_,0.717654
_can_,0.596835
_exceedingly_,0.717305
_glu,0.717305
_he_,0.526364
_horses_,0.717305
_how_,0.717305
_idea_,0.717305
_indeed_,0.717305
_legends_,0.717305
_like_,0.717305
_miaouw_,0.717305
_much_,0.717305
_myself_,0.717305
_not_,0.596835
_on,0.717305
_pop,0.717305
_puff,0.717305
_puppy,0.717305
_quite_,0.717654
_rank_,0.717305
_real,0.717305
_roar_,0.717305
_rustle,0.717654
_snap_,0.717654
_so_,0.717654
_something_,0.717305
_tap,0.718002
_too_,0.717305
_true_,0.717305
_walk_,0.717305
_was_,0.476596
_water_,0.717305
_whir,0.717305
_why_,0.717654
_winch_,0.717305
_you,0.717305
_yours_,0.717305
a,0
abide,0.285423
ablaze,0.526364
able,0.115623
about,0.0120416
above,0.180775
absent,0.235423
absorbed,0.355894
absurd,0.335423
account,0.18816
accounted,0.317111
aching,0.437581
acknowledged,0.335423
acorn,0.721836
acorns,0.717305
across,0.173354
act,0.157857
acted,0.259008
actions,0.215161
adaptation,0.596835
address,0.235423
addressed,0.271511
adds,0.476364
adopted,0.224996
advancing,0.317111
adventure,0.317111
advice,0.235766
advise,0.300546
adviser,0.379102
affably,0.596835
affectation,0.405893
afford,0.258631
afraid,0.215579
after,0.0214084
afternoon,0.164952
afternoons,0.405893
afterward,0.406485
afther,0.717305
again,0.107612
against,0.0640946
age,0.144481
ago,0.0901555
agreed,0.188343
ahead,0.272435
aid,0.180163
ain,0.477521
air,0.166395
airy,0.379286
aisles,0.717305
alane,0.717305
alang,0.717305
alas,0.300546
alight,0.596835
alike,0.259511
alive,0.235652
all,0.00632191
allow,0.205555
allowed,0.214952
almost,0.110297
alone,0.152068
along,0.086614
aloud,0.271511
also,0.0177158
although,0.196831
altogether,0.24664
always,0.183225
am,0.141785
amid,0.335423
among,0.104771
amongst,0.379102
amused,0.317111
an,0
and,0
anecdote,0.476364
angel,0.30186
angels,0.335423
anger,0.235423
angrily,0.355894
angry,0.206054
animal,0.317419
animals,0.3364
annoyed,0.437581
anointest,0.596835
another,0.0687422
answer,0.165113
answered,0.23691
anxious,0.285423
any,0.0381497
anybody,0.285562
anyone,0.236109
anything,0.207852
anywhere,0.24664
apart,0.24676
ape,0.438219
apes,0.476364
appeared,0.18816
appetite,0.285562
apple,0.285423
apples,0.335586
appointed,0.205655
approaches,0.437581
apron,0.437794
apronful,0.717654
aprons,0.476364
apt,0.300546
arch,0.335423
are,0.00598135
argued,0.258631
arguing,0.335423
armed,0.225105
armies,0.356931
armour,0.47729
arms,0.188617
army,0.272303
arose,0.246999
around,0.100295
arrangement,0.335423
array,0.355894
arrived,0.235537
arriving,0.405893
arrows,0.335423
art,0.180687
artificial,0.2857
artist,0.272962
artistic,0.379102
as,0
ashamed,0.2857
aside,0.206154
ask,0.165834
asked,0.101261
asking,0.235652
asleep,0.272171
assembly,0.300546
assented,0.335423
assistants,0.476364
assure,0.258631
asters,0.717305
astonishment,0.300546
asylum,0.477521
asylums,0.596835
at,0
ate,0.30186
attacked,0.335586
attended,0.19664
attention,0.235537
audience,0.258631
autumn,0.285562
avoid,0.24664
awake,0.247239
away,0.103675
awe,0.285423
awkward,0.355894
awoke,0.335586
axe,0.406091
b,0.596835
babies,0.438644
baby,0.287642
bachelor,0.437581
back,0.0456704
backward,0.336074
bad,0.189349
bade,0.477984
badly,0.300546
bag,0.338682
baggage,0.405893
bags,0.356066
baked,0.335423
bakery,0.717305
ball,0.19664
balls,0.271511
bame,0.717305
band,0.24688
bang,0.405893
bank,0.205855
banks,0.335423
banner,0.437794
banquet,0.356412
banqueting,0.596835
banyan,0.717305
bare,0.247239
barely,0.317111
bargain,0.335423
bark,0.300546
barley,0.437794
barn,0.406879
barrels,0.476364
barren,0.300692
baser,0.405893
basket,0.317727
bathe,0.405893
battle,0.236452
battlefield,0.596835
battles,0.355894
be,0
beach,0.317265
beak,0.438006
beam,0.379654
beams,0.335423
beans,0.526875
beanstalk,0.717654
bear,0.22576
beard,0.335423
beast,0.286532
beasts,0.301276
beat,0.158394
beating,0.272039
beautiful,0.229912
beautifully,0.438644
beauty,0.225542
became,0.12715
because,0.0414147
beckoning,0.437581
become,0.115232
bed,0.190629
beds,0.247359
been,0.00580969
beet,0.597415
beetle,0.405893
beetroot,0.717305
beets,0.717654
befall,0.379102
before,0.0313573
beg,0.259259
began,0.107003
begged,0.337052
begging,0.335586
begin,0.151554
beginning,0.180338
begins,0.235423
begun,0.18816
behaved,0.379102
behind,0.181387
behold,0.258882
being,0.0598941
believe,0.172684
believed,0.235537
believes,0.258631
bell,0.300546
bells,0.3364
belonged,0.285423
beloved,0.317111
below,0.196736
bench,0.272698
beneath,0.24664
bent,0.225105
berries,0.476596
beside,0.247718
besides,0.24688
best,0.0811963
bestir,0.476364
betho,0.717305
better,0.100247
between,0.0854153
beyond,0.172433
bid,0.205555
big,0.136424
bigger,0.286255
biggest,0.259008
bile,0.717305
biled,0.717305
bilin,0.718002
bill,0.196736
bin,0.476364
birch,0.476827
bird,0.272435
birds,0.285839
birthday,0.317419
bit,0.206853
bite,0.317111
bits,0.437581
bitter,0.224996
bitterly,0.317573
black,0.188709
blackberry,0.598284
blade,0.317265
blades,0.355894
blamed,0.379102
blankets,0.476364
blast,0.258631
blazing,0.355894
bleed,0.355894
bless,0.271511
blessed,0.271775
blessing,0.300838
blessings,0.405893
blew,0.285978
blind,0.24664
blinding,0.379102
blood,0.205755
bloodshed,0.526364
blossoms,0.285562
blow,0.205855
blowing,0.317419
blows,0.317727
blue,0.197404
blunt,0.317111
blush,0.317111
board,0.151187
boat,0.336563
bobbing,0.596835
body,0.180075
boil,0.379102
boiling,0.318035
boldly,0.317111
bolted,0.379102
bonds,0.317111
bones,0.258757
bonnet,0.379286
bony,0.476364
book,0.206154
books,0.205855
bore,0.235766
born,0.158701
both,0.0409975
bother,0.526364
bothered,0.437794
bottom,0.24676
boughs,0.405893
bought,0.215788
bound,0.180075
bounds,0.335423
bow,0.235881
bowed,0.272435
bowls,0.476364
box,0.272171
boy,0.14098
boys,0.205655
brace,0.437794
braced,0.437794
braces,0.476364
braid,0.717305
braiding,0.596835
brain,0.285423
branch,0.235423
branches,0.247599
brass,0.335912
brathe,0.717305
brave,0.356412
bread,0.260893
break,0.172433
breakfast,0.300546
breaking,0.24676
breasts,0.405893
breath,0.215265
breathe,0.317111
breed,0.285423
breeze,0.335912
bridge,0.335423
bridled,0.526364
briers,0.476364
bright,0.18095
brightest,0.355894
bring,0.120997
bringing,0.235766
brink,0.437581
broad,0.235537
broke,0.165593
broken,0.225542
bronze,0.437794
brood,0.355894
brook,0.317727
broom,0.476364
broth,0.438644
brother,0.197022
brothers,0.236452
brought,0.0955832
brown,0.260013
brush,0.300546
brutal,0.335423
bubbles,0.438644
buckle,0.405893
budge,0.596835
buds,0.437794
build,0.271775
building,0.164952
built,0.197309
bull,0.335586
bullfrogs,0.717654
bulrush,0.597125
bulrushes,0.596835
bumped,0.527131
bunches,0.476364
burden,0.317111
buried,0.235537
burly,0.526364
burn,0.300692
burned,0.300984
burning,0.271511
burst,0.235652
bush,0.301276
bushes,0.317573
business,0.094757
but,0.0030458
butter,0.318189
butterfly,0.405893
buttons,0.335749
buy,0.19664
buzzing,0.437581
by,0
bye,0.336237
cabins,0.476364
cage,0.44162
cake,0.356412
calendula,0.717654
calf,0.405893
calico,0.526364
call,0.132382
called,0.0912452
calling,0.235652
came,0.0831637
camp,0.356585
can,0.0248741
canariensis,0.717654
candle,0.355894
candles,0.380023
candlesticks,0.596835
candy,0.476596
cane,0.318035
cannot,0.133409
cap,0.318189
caps,0.406485
captain,0.300692
carcasses,0.526364
care,0.17394
cared,0.335586
careful,0.259134
carefully,0.247838
carelessly,0.335423
cares,0.300546
caressed,0.476364
carpet,0.335423
carried,0.189806
carrots,0.596835
carry,0.158778
carrying,0.246999
cart,0.318189
case,0.0993777
cast,0.258631
casteth,0.596835
castle,0.40964
castors,0.596835
casts,0.437581
cat,0.355894
catch,0.237939
catchers,0.596835
cathedral,0.405893
caught,0.173103
cautiously,0.317111
cave,0.437794
cease,0.224886
ceiling,0.300838
celebrate,0.379102
celestial,0.37947
cellar,0.476596
cells,0.405893
certain,0.144622
certainly,0.206054
chain,0.285423
chains,0.335586
chair,0.271775
chairs,0.2857
challenge,0.300546
challenged,0.437581
champion,0.317265
chance,0.165593
chanced,0.379102
chances,0.356066
change,0.158011
changed,0.196831
changes,0.214952
chant,0.52662
chanting,0.597125
chaps,0.526364
charmed,0.317111
charming,0.300692
chased,0.356066
cheek,0.300692
cheeks,0.300692
cheerful,0.271643
cheery,0.379286
cheese,0.380207
cheeses,0.597415
cherish,0.355894
chest,0.335423
chick,0.526364
chicken,0.406288
chickens,0.476827
chief,0.164952
chieftain,0.596835
chieftains,0.596835
child,0.181387
childhood,0.335423
childish,0.379102
childlike,0.596835
children,0.111521
chimney,0.300692
chinned,0.717305
chocolate,0.476364
choir,0.596835
choirs,0.717654
choked,0.356066
choose,0.246999
chords,0.52662
chorus,0.317265
choruses,0.596835
chose,0.235652
chosen,0.214952
chuckled,0.476364
church,0.1975
churches,0.317419
churchyard,0.526364
cinder,0.526364
circle,0.258757
circled,0.437581
city,0.152215
clad,0.300546
clang,0.437581
clapped,0.379102
clash,0.476364
clean,0.271643
cleaned,0.526364
clear,0.151408
clearer,0.285423
clerk,0.300692
clever,0.317573
cleverly,0.596835
climate,0.271511
climb,0.300546
climbed,0.335749
climbing,0.300546
cling,0.405893
cloak,0.357104
cloaks,0.717305
clock,0.248078
clods,0.476364
close,0.151334
closed,0.188343
closely,0.271907
closet,0.379102
closing,0.300546
cloth,0.379102
clothe,0.437581
clothes,0.247718
clothing,0.317111
cloud,0.258757
clouds,0.271643
clown,0.600314
cluck,0.596835
clump,0.526364
clung,0.355894
coach,0.24664
coarse,0.335423
coast,0.300546
coat,0.259259
coats,0.335749
coaxing,0.596835
cobwebs,0.526364
cock,0.379286
cold,0.197118
colder,0.37947
colour,0.258631
coloured,0.300984
colours,0.335586
combat,0.335423
come,0.0835449
comes,0.158318
comest,0.476596
comfort,0.225214
comfortable,0.24664
comfortably,0.300546
comforted,0.335423
comforting,0.437581
coming,0.13296
command,0.24688
commanded,0.2857
commence,0.476364
commenced,0.437794
commission,0.24664
common,0.164952
companion,0.271643
company,0.120529
compliment,0.335423
comrade,0.437581
confusion,0.235423
congratulate,0.355894
conquer,0.406091
consequence,0.271511
considered,0.18816
consolation,0.335423
contemptuous,0.317111
content,0.285562
contentedly,0.596835
continued,0.157934
contrivance,0.476364
contrived,0.355894
convent,0.52662
conversation,0.235423
cooed,0.717305
cook,0.300984
cooked,0.437581
cooking,0.437581
cool,0.247479
cooled,0.406288
cooling,0.476364
cord,0.438006
corn,0.318805
corner,0.225323
cornered,0.597125
corners,0.317111
cornfield,0.596835
corridors,0.476364
corrupt,0.355894
costly,0.335423
cottage,0.317419
could,0.0328425
couldn,0.302444
countenance,0.258631
countries,0.24664
country,0.12129
course,0.121114
court,0.13957
courtier,0.596835
courtiers,0.53199
courtyard,0.717305
cousins,0.406091
cover,0.272303
covered,0.259385
cow,0.338682
cows,0.37947
crab,0.43992
crabs,0.47891
crack,0.317727
crafty,0.406288
craggy,0.526364
crash,0.317111
crate,0.717305
crawled,0.406485
crawling,0.355894
crazy,0.335749
creature,0.235766
creatures,0.258757
credit,0.235423
creep,0.355894
creeper,0.717305
crept,0.318035
cress,0.717305
cricket,0.526364
crickets,0.720442
cried,0.227727
cries,0.258882
crimson,0.317111
crispy,0.596835
criss,0.717305
croaking,0.476364
crops,0.406485
cross,0.235881
crossed,0.285839
crosses,0.405893
crossly,0.596835
crossness,0.526364
crouched,0.527131
crowd,0.196831
crown,0.225979
cruel,0.272039
cruelly,0.52662
cruelty,0.317265
crumbs,0.437581
crunched,0.596835
crushed,0.335586
crust,0.477058
crusty,0.717305
cry,0.205855
crying,0.301714
crystal,0.356239
cuckoo,0.717654
cudgel,0.717305
cultivated,0.406091
cultivating,0.717305
cunning,0.317111
cup,0.335586
cupboard,0.597415
cups,0.379102
curiosity,0.285423
curled,0.355894
curlews,0.717305
currants,0.405893
curses,0.405893
curtain,0.317111
curtains,0.355894
curved,0.437581
customer,0.52662
customers,0.405893
cut,0.133281
d,0.144692
dag,0.717305
dainties,0.476364
dainty,0.476827
daisies,0.437581
dame,0.526364
damp,0.355894
dance,0.215474
danced,0.318189
dancing,0.21537
danger,0.196831
dangerous,0.214952
dare,0.215265
dared,0.317419
daren,0.52662
dares,0.335423
daring,0.285423
dark,0.226744
darker,0.335586
darkness,0.300984
darling,0.356066
darted,0.355894
dash,0.355894
daubed,0.596835
daughter,0.165513
dawn,0.335586
dawned,0.476596
day,0.0429049
days,0.0949406
dazzling,0.437581
dead,0.166154
deal,0.225651
dear,0.251313
dearest,0.317265
dearly,0.317111
dears,0.438219
death,0.151628
deceive,0.335423
decent,0.285423
decided,0.138295
decision,0.172349
declare,0.317111
declared,0.164952
deed,0.272039
deeds,0.356066
deep,0.1888
deepest,0.285423
deeply,0.285423
deer,0.478216
defied,0.356066
deformed,0.476364
defy,0.317419
degree,0.214952
degree_,0.717305
delay,0.214952
delicate,0.24664
delicious,0.356239
delight,0.215265
delighted,0.258882
deliver,0.317265
deliverance,0.437581
delivered,0.224996
delivery,0.405893
den,0.355894
depended,0.317111
desert,0.285562
deserted,0.317111
deserve,0.317111
design,0.285423
designed,0.205555
desired,0.300546
desolate,0.317265
despair,0.24676
despaired,0.437581
despise,0.317111
despised,0.335423
despite,0.258631
destroy,0.214952
devour,0.476364
devoured,0.437581
dew,0.317265
dewdrop,0.717305
diagram,0.717654
diamond,0.335423
diamonds,0.437794
diaries,0.717305
diary,0.597125
dicotyledonous,0.718351
dicotyledons,0.717654
did,0.0576471
didn,0.215996
die,0.236681
died,0.216205
difference,0.215265
different,0.1888
difficult,0.235423
dig,0.356412
digging,0.437581
diligently,0.437581
dim,0.317111
dimpling,0.596835
din,0.37947
dinner,0.158548
direction,0.19664
disappointed,0.317111
disappointment,0.355894
discontented,0.379102
discovered,0.24664
disdain,0.355894
disdained,0.379102
disgrace,0.335586
dismayed,0.437581
dismounted,0.596835
disobey,0.476364
dissatisfied,0.476364
distance,0.235766
distant,0.235537
distasteful,0.526364
distress,0.2857
distressed,0.355894
disturbing,0.379102
dived,0.379286
divided,0.258757
dizziness,0.596835
dizzy,0.477058
dle,0.717654
do,0.0321296
doctor,0.300546
does,0.105329
doesn,0.224996
dog,0.248198
dog_,0.717305
dogs,0.271511
doing,0.172852
doll,0.596835
don,0.159928
done,0.105583
donkey,0.439707
doo,0.477058
door,0.17662
doors,0.22576
doorstep,0.476596
dost,0.335423
doubt,0.180075
doubted,0.271511
dove,0.437794
down,0.0591624
dozens,0.526364
dragged,0.379654
dragging,0.335586
dragon,0.355894
drank,0.317265
draw,0.205755
drawer,0.476364
drawers,0.437581
drawing,0.224886
drawl,0.596835
dreadful,0.235766
dream,0.24688
dreamed,0.317727
dreaming,0.335423
dreamland,0.717305
dreams,0.285423
dreary,0.356066
dress,0.224996
dressed,0.317881
dresses,0.437581
drew,0.1975
dried,0.317573
drink,0.259134
drinking,0.285423
drive,0.138228
driving,0.180163
drooped,0.596835
drooping,0.356066
drop,0.180338
dropped,0.1806
drought,0.476364
drove,0.236681
drown,0.317265
drowned,0.2857
drowsy,0.405893
drum,0.438857
drunk,0.271511
drunken,0.405893
dry,0.259008
dug,0.406485
dull,0.214952
dungeon,0.476827
during,0.0807265
dusk,0.355894
dust,0.271511
duty,0.205555
dwell,0.271643
dwelling,0.300546
dwindle,0.526364
each,0.0484684
eager,0.225105
eagerly,0.259134
ear,0.258757
early,0.0808831
earn,0.317419
earned,0.300984
earnest,0.24664
earnestly,0.285423
earning,0.437581
ears,0.235423
earth,0.182612
easier,0.24688
easily,0.224996
east,0.235537
eastern,0.437581
easy,0.205855
eat,0.229257
eaten,0.271907
eating,0.247119
edge,0.215683
edged,0.379286
edges,0.379102
eel,0.437794
effect,0.138161
eight,0.114953
either,0.157857
eleven,0.317111
elm,0.437581
else,0.165674
elsewhere,0.271511
elves,0.527643
em,0.300692
embarrassing,0.526364
emeralds,0.596835
emperor,0.527131
emperors,0.596835
enclosure,0.476364
end,0.086242
endive,0.717305
endless,0.317111
ends,0.235537
enemies,0.2857
enemy,0.235537
engaged,0.235423
enjoyed,0.24664
enough,0.111628
ensued,0.355894
entered,0.196736
envelope,0.405893
envy,0.335423
ephah,0.597125
er,0.335423
escape,0.235423
especially,0.165032
espy,0.596835
eve,0.405893
even,0.0684133
evening,0.17327
evenings,0.335423
events,0.24664
ever,0.0911144
every,0.123338
everybody,0.247838
everydayish,0.717305
everyone,0.379102
everything,0.237253
everywhere,0.317111
evil,0.259134
exactly,0.188892
exalted,0.356239
examine,0.271643
examined,0.317265
example,0.18816
exceedingly,0.335423
except,0.165754
excess,0.317111
excited,0.317265
exclaimed,0.285839
excuse,0.285423
expect,0.24676
expected,0.104416
expense,0.258631
experiences,0.476364
explanation,0.271511
eye,0.172517
eyed,0.271511
eyes,0.175196
eyrie,0.596835
face,0.105532
faces,0.180338
fact,0.151041
factory,0.437581
faded,0.300692
fail,0.258631
fainting,0.405893
faintly,0.355894
fair,0.189166
fairies,0.52841
fairly,0.285423
fairy,0.38168
faith,0.235423
faithful,0.335912
faithfully,0.437581
fall,0.138228
fallen,0.235423
falls,0.300692
fame,0.300692
families,0.235537
family,0.132447
famous,0.206054
fan,0.355894
fancy,0.258631
far,0.0860353
fare,0.258631
farm,0.259259
farmer,0.318189
farmhouse,0.476596
farmyard,0.717305
farrum,0.717305
farther,0.259134
fascinating,0.476364
fashioned,0.300692
fashter,0.717654
fast,0.153169
fastened,0.405893
faster,0.286255
fasting,0.437581
fat,0.215265
father,0.15515
fathers,0.300546
fault,0.258757
favour,0.300838
favourite,0.317265
fear,0.189166
feared,0.271511
fearful,0.300546
fearing,0.300546
feast,0.300692
feather,0.335586
feathers,0.335423
fed,0.285562
feel,0.126476
feelers,0.596835
feeling,0.158087
feelings,0.300546
feet,0.139033
fell,0.159084
fellow,0.157934
felt,0.153315
fence,0.285562
fertile,0.437581
fertiliser,0.717654
fertilising,0.717305
festivities,0.476596
fetch,0.258882
fetters,0.526364
few,0.0950324
fewer,0.335423
field,0.145183
fields,0.260642
fierce,0.300692
fiercely,0.355894
fifth,0.285423
fig,0.406288
fight,0.158701
fights,0.476364
figs,0.52841
figure,0.196831
fill,0.205555
filled,0.206454
finally,0.271907
find,0.127641
fine,0.133281
finely,0.476364
finer,0.379102
finger,0.248078
fingers,0.287087
finish,0.235423
finished,0.197404
fir,0.356066
fire,0.144762
firelight,0.526364
fires,0.271511
firewood,0.597994
fireworks,0.52662
firmly,0.235537
first,0.0179479
fish,0.272039
fist,0.379102
fistful,0.717305
fit,0.196736
five,0.0995709
fix,0.258631
fixed,0.258631
fixedly,0.596835
fizzing,0.717305
flag,0.335423
flags,0.37947
flapping,0.476364
flashed,0.405893
flashes,0.476364
flat,0.235537
flattered,0.355894
flattery,0.379102
flaw,0.405893
flaws,0.717654
fled,0.235881
flesh,0.271511
flew,0.226088
floated,0.356412
floating,0.406288
flock,0.335912
floor,0.173019
floundered,0.597125
flour,0.406485
flourished,0.405893
flow,0.235423
flowed,0.335423
flower,0.235881
flowers,0.237253
flowing,0.335423
flown,0.406091
fluffy,0.597125
fluttered,0.379102
fluttering,0.405893
fly,0.1888
flying,0.235652
foam,0.335423
foamed,0.717305
foine,0.717305
fold,0.317111
folded,0.335423
folk,0.379838
follow,0.138429
followed,0.165273
follows,0.258631
folly,0.285423
fond,0.259008
food,0.181737
fool,0.271643
fooling,0.596835
foolish,0.225542
foolishly,0.405893
foot,0.165593
footmen,0.476364
footpath,0.476827
footpaths,0.717305
for,0
forbore,0.526364
fore,0.405893
forefathers,0.596835
forefeet,0.717305
forehead,0.317573
forepaws,0.596835
forest,0.318189
forests,0.379102
forget,0.205655
forgive,0.285423
forgiven,0.355894
forgot,0.215265
forgotten,0.24664
fork,0.355894
forms,0.271511
forth,0.197118
forthwith,0.379102
fortune,0.285839
forty,0.272039
forward,0.246999
fought,0.258757
found,0.0910708
four,0.0598362
fourteen,0.317111
fourth,0.180163
fowls,0.379286
fox,0.481456
foxes,0.596835
fragrant,0.476364
frankness,0.379102
frantic,0.355894
free,0.121114
freed,0.355894
fresh,0.205755
fret,0.437581
friend,0.198933
friendly,0.24664
friends,0.158241
friendship,0.271511
fright,0.2857
frightened,0.302006
frightful,0.335423
frightfully,0.526364
fro,0.379102
frogs,0.526364
from,0
front,0.158087
fruit,0.272039
full,0.105075
fumed,0.526364
fun,0.286116
funny,0.407471
furious,0.317419
fury,0.285562
gaily,0.379102
gallon,0.597415
game,0.18816
garden,0.252152
gardeners,0.476364
gardens,0.300838
garments,0.335586
garraun,0.719048
gate,0.258882
gates,0.24664
gather,0.300838
gathered,0.285978
gathers,0.476364
gave,0.139973
gay,0.236109
gaze,0.271511
gazed,0.356066
gem,0.526364
generally,0.164952
generous,0.271511
gentle,0.235881
gentleman,0.317111
gentlemen,0.300546
gently,0.215579
get,0.0415339
gets,0.258757
getting,0.151187
giant,0.359352
giants,0.356758
gift,0.24676
gifts,0.286116
gigantic,0.379286
gingerbread,0.476596
girded,0.526364
girl,0.198264
girls,0.225979
give,0.105836
given,0.0808831
gives,0.24664
giving,0.215265
glad,0.215996
gladness,0.437794
glancing,0.355894
gleamed,0.437794
glee,0.379102
glen,0.597125
glistening,0.379102
glorious,0.317265
glory,0.285978
glow,0.258631
glowed,0.355894
glu,0.717305
glug_,0.717305
gnawed,0.476364
go,0.0700576
gobble,0.717305
gobbled,0.597125
godmother,0.596835
goes,0.180163
going,0.0958127
gold,0.218398
golden,0.22587
gone,0.166956
gong,0.597994
good,0.0659794
goodness,0.285839
gorged,0.596835
gossip,0.379102
got,0.0733447
governing,0.437581
gown,0.285423
grace,0.235537
graceful,0.317111
gracious,0.317265
gradually,0.258757
grain,0.380207
grand,0.196831
grandly,0.596835
grandmother,0.379102
grandmothers,0.526364
grant,0.19664
grants,0.405893
grasp,0.356239
grasped,0.379102
grass,0.248557
grasses,0.52662
grateful,0.317419
gravel,0.335423
gray,0.379286
great,0.0942092
greater,0.158087
greatly,0.259008
greatness,0.317111
greaves,0.596835
greedy,0.406091
green,0.189623
greenness,0.526364
greenwood,0.717654
greet,0.406091
greeted,0.317573
greeting,0.335586
grew,0.218607
grey,0.273226
grief,0.300546
grieved,0.355894
grin,0.355894
grind,0.439069
grinding,0.406682
groaning,0.355894
ground,0.153682
grove,0.379286
grovelling,0.717305
grow,0.189257
growing,0.196927
growled,0.379102
grown,0.247718
grows,0.2857
grudge,0.437581
gruffly,0.526364
grumbled,0.52662
grumbling,0.476364
grunted,0.476596
guard,0.205655
guarded,0.271511
guardians,0.405893
guess,0.271511
guessed,0.300692
guilty,0.224886
gull,0.526364
gulls,0.527898
gwine,0.717305
ha,0.300546
had,0.0132298
hadn,0.379102
hail,0.335423
hair,0.236338
haired,0.336074
half,0.138832
hall,0.247599
halls,0.526364
hammered,0.476364
hammering,0.527131
hammers,0.406091
hand,0.116516
handful,0.379102
handles,0.379102
hands,0.152435
handsome,0.271643
hanging,0.258757
happen,0.225323
happened,0.216832
happening,0.335423
happens,0.271511
happiest,0.355894
happily,0.300984
happiness,0.301422
happy,0.146096
hard,0.128254
harder,0.301714
hardest,0.476364
hardly,0.151408
hardness,0.437581
hardship,0.379286
harm,0.259134
harmless,0.285562
harmony,0.355894
harness,0.526364
harnessed,0.52662
harp,0.319268
harrow,0.52662
harrowing,0.597125
harrum,0.717305
harsh,0.317111
harvest,0.405893
has,0
hast,0.335423
haste,0.271907
hat,0.259385
hatched,0.596835
hated,0.317111
hath,0.336237
hats,0.300546
have,0.00923987
having,0.165032
hay,0.405893
he,0.0081105
head,0.101792
headed,0.18816
heads,0.215474
headstrong,0.52662
healing,0.405893
heap,0.2857
hear,0.159545
heard,0.147851
heart,0.182175
hearth,0.405893
heartily,0.300546
hearts,0.235423
heat,0.24676
heaven,0.285562
heavenly,0.438644
heavens,0.317111
heavily,0.24664
heavy,0.188709
hedge,0.300546
heed,0.317111
heels,0.2857
heights,0.355894
held,0.0764657
helianthus,0.718002
helmet,0.406091
help,0.147429
helped,0.259762
helping,0.24676
helpless,0.258882
helps,0.437581
hem,0.437581
her,0.107472
herd,0.437581
here,0.0644963
hermit,0.482381
hermits,0.596835
herring,0.476364
hersel,0.717654
herself,0.272962
hesitated,0.335586
hid,0.235995
hidden,0.27283
hide,0.235881
hides,0.335423
hiding,0.317727
high,0.0446547
higher,0.165032
highway,0.379102
hild,0.717305
hill,0.215579
hills,0.300692
hillside,0.52662
hilltop,0.596835
him,0.0426906
him_,0.717305
himself,0.148061
hind,0.356066
hints,0.355894
hire,0.437581
his,0.00355381
hither,0.271511
hivy,0.717305
ho,0.379102
hoarse,0.300546
hobbling,0.476364
hoe,0.476364
hoed,0.717654
hold,0.159468
hole,0.216519
holes,0.317727
holiday,0.317265
hollow,0.235423
hollyhocks,0.596835
holy,0.317573
home,0.031491
homes,0.24676
homeward,0.405893
honest,0.225105
honey,0.355894
honour,0.258882
honoured,0.356066
hop,0.379102
hope,0.158241
hoped,0.215057
hopeless,0.317111
hopes,0.18816
hopped,0.476827
hopping,0.717654
hoppity,0.722184
horns,0.356066
horrid,0.300546
horror,0.271775
horse,0.239083
horseback,0.355894
horsemen,0.476364
horses,0.247359
hospital,0.317111
host,0.317727
hosts,0.476364
hot,0.188709
hotels,0.379286
hotter,0.598284
hour,0.114953
hours,0.151041
house,0.111947
household,0.300546
housekeeper,0.406091
houses,0.18816
housework,0.52662
hovering,0.437581
how,0.0779459
however,0.104517
howls,0.526364
huge,0.24676
hullabaloo,0.596835
human,0.224886
humble,0.235537
humblest,0.717305
humbly,0.355894
humiliate,0.596835
humility,0.355894
humped,0.526364
hundred,0.205555
hundreds,0.286255
hung,0.235766
hunger,0.355894
hungry,0.286116
hunt,0.335912
hunted,0.335586
hunting,0.30113
hurried,0.271775
hurry,0.271775
hurt,0.24676
hurting,0.405893
husband,0.1806
husbands,0.355894
hut,0.476364
huts,0.596835
icy,0.405893
idea,0.206054
idle,0.235423
if,0.0388399
ill,0.215265
illness,0.355894
illumined,0.526364
image,0.24664
imagine,0.24676
imagined,0.300546
imitate,0.437581
imitates,0.717305
immediately,0.18025
implement,0.476364
imploring,0.717305
imploringly,0.717305
importance,0.335423
important,0.157857
impostor,0.476596
impressions,0.379102
improved,0.317265
improvement,0.335423
impudent,0.405893
in,0
incense,0.405893
inches,0.356066
ind,0.717654
indeed,0.206853
industrious,0.379838
infinite,0.317111
ingale,0.717305
inland,0.405893
innocent,0.24664
inquiry,0.300546
inside,0.286255
insignificant,0.437581
inspiration,0.437581
instant,0.246999
instantly,0.24676
instead,0.180687
instid,0.717305
insulted,0.317111
interest,0.138161
interesting,0.24676
interpose,0.476364
interrupted,0.317111
into,0.0217018
invent,0.300546
investigate,0.356066
invited,0.258757
iron,0.258757
ironed,0.717305
irregular,0.317111
irrigating,0.717305
is,0
isn,0.285839
it,0
its,0.0178791
itself,0.180075
iv,0.717654
jacket,0.335912
jar,0.379286
jars,0.52662
jaws,0.317265
jealous,0.2857
jealousy,0.300546
jeers,0.717305
jerk,0.405893
jerked,0.437794
jester,0.721139
jewel,0.476364
jewels,0.335749
jiffy,0.597125
jist,0.718002
join,0.205555
joined,0.172349
jolly,0.355894
journey,0.235766
journeyed,0.526364
journeys,0.406091
joy,0.27283
joyful,0.379102
juicy,0.526875
jump,0.300984
jumped,0.259888
jungle,0.527898
just,0.078279
keep,0.152215
keeper,0.336563
keepers,0.405893
keeping,0.215161
keeps,0.300692
ken,0.526364
kennel,0.476364
kept,0.13373
ker,0.717305
kettle,0.439069
key,0.180687
keyhole,0.477058
keys,0.355894
kick,0.319422
kicked,0.317419
kill,0.23691
killed,0.260642
killeth,0.596835
killing,0.300838
kiln,0.476364
kind,0.133473
kindest,0.437581
kindly,0.271643
kindness,0.335586
kinds,0.317419
king,0.284702
kingdom,0.317881
kings,0.335586
kingship,0.596835
kiss,0.355894
kissed,0.356066
kitchen,0.271907
kneaded,0.596835
knee,0.214952
kneeling,0.406288
knees,0.247359
knelt,0.406288
knew,0.153315
knife,0.259008
knitting,0.379102
knives,0.335423
knocked,0.24664
knocking,0.317111
know,0.0974652
knowed,0.717305
knowest,0.405893
knowing,0.235423
known,0.157934
knows,0.215788
label,0.437581
labelled,0.526364
labels,0.717305
labours,0.405893
ladder,0.335586
laden,0.379102
ladies,0.259511
lady,0.272171
laid,0.197118
lake,0.380023
lamb,0.335586
lambs,0.438006
lamp,0.317111
lamps,0.300546
lance,0.437794
land,0.174024
lands,0.356066
lanes,0.335423
languid,0.405893
lap,0.300838
laps,0.476364
large,0.104669
larger,0.215161
largest,0.214952
larkspur,0.596835
lashed,0.526364
last,0.0246408
latched,0.717305
late,0.109977
later,0.0945734
latter,0.214952
laugh,0.215579
laughed,0.274677
laughing,0.258882
laughter,0.285839
laundry,0.597125
law,0.126231
laws,0.24688
lay,0.165994
lazy,0.358487
lead,0.180163
leadeth,0.597125
leading,0.19664
leaf,0.300692
lean,0.317419
leaned,0.2857
leans,0.437581
leaped,0.379838
leaping,0.335423
learn,0.180338
learned,0.205955
learnt,0.317111
least,0.120588
leather,0.317881
leave,0.196736
leaves,0.250115
leaving,0.215057
led,0.114953
left,0.0865727
leg,0.30113
legend,0.379286
legends,0.437581
legs,0.24664
length,0.205655
lept,0.717305
less,0.158164
lesson,0.300546
lessons,0.335749
let,0.146517
letter,0.225323
letters,0.214952
letting,0.271511
lettuce,0.528154
level,0.19664
lid,0.379102
lie,0.247359
lies,0.205655
lieve,0.596835
life,0.127886
lift,0.300546
lifted,0.24676
light,0.17394
lighted,0.258882
lightly,0.300838
lightning,0.335423
lights,0.259134
like,0.0581341
liked,0.26039
limbs,0.2857
line,0.158318
lined,0.355894
lines,0.151114
lion,0.321579
lions,0.596835
lippety,0.718351
listen,0.235423
listened,0.286394
listening,0.24688
lit,0.356239
little,0.101355
littlest,0.717305
live,0.159008
lived,0.228601
lives,0.180687
living,0.206154
ll,0.168719
lo,0.379102
loaded,0.317111
loads,0.405893
loaf,0.476827
loaves,0.526875
lock,0.2857
locked,0.301714
locks,0.37947
loft,0.527131
loftily,0.596835
log,0.405893
lonely,0.285562
long,0.0572141
longed,0.317419
longer,0.196927
longing,0.355894
longingly,0.526364
look,0.147289
looked,0.233081
lookin,0.717305
looking,0.181037
looks,0.189075
loose,0.225323
lords,0.438219
loss,0.196831
lost,0.132447
lot,0.188526
loud,0.236109
louder,0.285978
loudly,0.317419
love,0.216205
loved,0.287087
loveliest,0.437581
lovely,0.248437
loves,0.258631
loving,0.258631
low,0.158778
lower,0.215057
lowest,0.271511
lowly,0.379102
luck,0.271511
lucky,0.300546
lump,0.405893
lunch,0.379102
lying,0.236224
m,0.100247
made,0.0152386
madly,0.526364
madman,0.437581
magic,0.301714
maid,0.272435
maiden,0.405893
maidens,0.47729
mail,0.356412
main,0.271511
majestic,0.437794
make,0.0572953
maker,0.300546
makes,0.188435
maketh,0.526364
making,0.0853326
mamma,0.527131
man,0.0541219
manage,0.300692
mane,0.406288
manger,0.526364
manoeuvring,0.596835
many,0.056727
marble,0.335423
marched,0.335586
marigold,0.717305
marigolds,0.526364
mark,0.205555
marked,0.235652
market,0.205655
marm,0.717305
marriage,0.235423
married,0.224996
marvellous,0.438219
marvellously,0.52662
massy,0.596835
mast,0.438432
master,0.215265
matter,0.109977
may,0.0523072
me,0.119402
mean,0.165914
means,0.151041
meant,0.215788
measure,0.205655
measured,0.335423
meat,0.300546
meekness,0.476364
meet,0.104619
meeting,0.104416
melody,0.476364
melt,0.379286
melted,0.317419
melts,0.526364
memories,0.437581
memory,0.24688
men,0.0777609
menagerie,0.717305
mental,0.300546
mercy,0.235423
mere,0.271643
merely,0.172349
merry,0.258882
messenger,0.379838
messengers,0.437794
met,0.165353
metal,0.355894
mice,0.526364
middle,0.226197
midnight,0.246999
midst,0.259636
might,0.0906785
mighty,0.23691
mile,0.205655
miles,0.205555
milk,0.271775
mill,0.406879
miller,0.526364
millstones,0.598864
mince,0.476596
mind,0.1806
minds,0.258631
mine,0.197022
mines,0.476364
minute,0.206654
minutes,0.144552
miserable,0.271643
misleads,0.717305
mist,0.355894
mistake,0.259008
mistress,0.335586
mither,0.717654
mixed,0.300546
mixtures,0.596835
moan,0.476364
mock,0.300546
moderation,0.355894
modest,0.215161
modesty,0.356066
moist,0.405893
moment,0.188983
money,0.121583
monks,0.437794
monocotyledonous,0.717305
monster,0.406485
months,0.104467
monument,0.405893
monuments,0.405893
moo,0.717305
mooing,0.717305
moonlight,0.355894
more,0.00903466
morning,0.152949
mornings,0.379102
morrow,0.272171
moss,0.476364
mosses,0.596835
most,0.0343244
mother,0.179215
motherless,0.717654
mothers,0.335586
motions,0.379102
mount,0.317111
mountain,0.319422
mountains,0.317265
mountainside,0.717305
mountebank,0.717305
mounted,0.285978
mouse,0.406682
mouser,0.717305
mouth,0.197596
mouthful,0.526364
mouths,0.271511
move,0.145113
moved,0.172852
moves,0.285423
mowers,0.597994
much,0.0695314
mud,0.318497
muddle,0.526364
murmured,0.379102
murmuring,0.379102
music,0.21631
musician,0.355894
must,0.0820574
mustard,0.437581
my,0.084954
myself,0.225433
nail,0.437581
naked,0.271907
name,0.126844
named,0.189166
names,0.196927
nap,0.476364
nasturtium,0.596835
nasturtiums,0.717305
nature,0.172349
naughtily,0.717305
naughty,0.437581
near,0.133281
nearer,0.259511
nearest,0.258757
nearly,0.165273
neck,0.21537
necklace,0.526875
needed,0.126415
needing,0.596835
needle,0.379286
needles,0.438006
needs,0.196736
neighbours,0.356931
neither,0.151408
nest,0.356239
nestles,0.717305
nests,0.405893
never,0.091899
new,0.0116812
news,0.165032
next,0.0644654
nibble,0.597415
nibbled,0.526875
nice,0.23691
nicely,0.406288
nicest,0.476596
nigh,0.379286
night,0.0690382
nightingale,0.599154
nightingales,0.596835
nights,0.235766
nine,0.151114
nivir,0.718002
nks,0.717305
no,0.00593152
noble,0.271511
nobody,0.259636
nod,0.356758
nodded,0.300838
nodding,0.380023
noise,0.205755
none,0.165273
nonsense,0.285562
noon,0.300692
noonday,0.437581
nor,0.138429
north,0.235537
nose,0.272039
nosing,0.717305
not,0.00311445
note,0.196736
nothin,0.717305
nothing,0.152728
noticed,0.271775
noticing,0.379102
now,0.0180252
number,0.104467
numbers,0.271643
nuns,0.596835
nurse,0.300984
nurseries,0.596835
nuts,0.406091
o,0.180425
oak,0.335423
objects,0.300546
obliged,0.300546
obliging,0.379286
obtained,0.300692
occur,0.355894
ocean,0.356239
odd,0.271511
of,0
off,0.0528365
offer,0.165273
offered,0.18816
office,0.132126
officers,0.180075
often,0.138899
oh,0.24688
oho,0.717654
oil,0.285562
old,0.0544748
older,0.24688
olive,0.356412
on,0
once,0.140845
one,0
ones,0.165273
onions,0.476364
only,0.0212769
open,0.121348
opened,0.173773
opening,0.151114
opinion,0.1726
opposite,0.235537
or,0.0119177
orange,0.355894
orchard,0.357104
order,0.11512
ordered,0.225433
ordinary,0.224886
original,0.224886
ornamented,0.405893
ornaments,0.335423
orphan,0.438219
orphans,0.437794
other,0.00584846
others,0.132511
ought,0.225105
ould,0.719396
our,0.0767618
ourselves,0.224996
out,0
outside,0.206254
outspread,0.476364
oven,0.52662
over,0.0151889
overhead,0.356239
overjoyed,0.52662
overtake,0.406288
overtook,0.379102
owl,0.406091
own,0.0871101
oxeye,0.717305
pace,0.215161
package,0.717305
packages,0.597415
page,0.300692
pages,0.379286
paid,0.138295
pain,0.258757
painfully,0.355894
pains,0.285562
pair,0.196736
pairs,0.477753
palace,0.31973
pale,0.224996
palms,0.437581
pan,0.335749
pancakes,0.717305
pane,0.476596
papa,0.476364
paper,0.225323
papers,0.300546
parcels,0.405893
parched,0.438006
pardon,0.225105
parents,0.24676
park,0.335423
parks,0.379102
parsley,0.526364
parsnips,0.596835
part,0.0765027
particular,0.215265
partly,0.285423
pass,0.165113
passed,0.180862
passing,0.180163
passion,0.24676
past,0.063662
pasture,0.405893
pastures,0.406091
patch,0.317419
patches,0.406091
path,0.236452
paths,0.317111
patience,0.215161
patient,0.225105
patiently,0.2857
pats,0.596835
pause,0.235423
paw,0.407865
pay,0.120471
peace,0.188435
pear,0.437581
peas,0.597705
peasant,0.405893
pecks,0.596835
peculiar,0.271511
peculiarity,0.526364
peep,0.406091
peeped,0.379286
peeping,0.437581
peering,0.355894
peg,0.405893
pen,0.300546
pencil,0.300546
penny,0.355894
people,0.0658558
perceived,0.300546
perch,0.477521
perched,0.476364
perfect,0.225433
perfectly,0.259259
performing,0.335423
perhaps,0.158241
perish,0.379102
permit,0.24688
person,0.165433
persuade,0.24676
pet,0.405893
petals,0.717305
petted,0.597125
photograph,0.52662
pick,0.247119
picked,0.286116
picture,0.205655
piece,0.197596
pieces,0.21537
pierced,0.355894
pies,0.438006
pies_,0.717305
pigeon,0.437581
pike,0.437794
pile,0.336074
piled,0.356066
pilgrimage,0.476596
pilgrims,0.437581
pillow,0.355894
pillows,0.597125
pin,0.300546
pinched,0.526364
pink,0.286255
pioneer,0.476364
pioneers,0.52662
piped,0.526364
pit,0.317573
pitch,0.24688
piteously,0.717305
pitied,0.355894
pitiless,0.476364
pity,0.258882
place,0.0909836
placed,0.196927
places,0.205855
placing,0.300546
plague,0.271511
plain,0.215161
plainly,0.285423
plains,0.379102
plan,0.144622
planets,0.405893
planned,0.224886
plant,0.236452
planted,0.301568
plants,0.225651
platform,0.379286
play,0.121231
played,0.172517
playing,0.196736
plays,0.336074
pleaded,0.405893
pleasant,0.225214
pleasantly,0.335423
please,0.206254
pleased,0.236338
pleasing,0.271511
pleasure,0.205655
pleasures,0.271511
plenty,0.215161
plodding,0.526364
plot,0.285423
plough,0.440132
ploughed,0.406288
ploughing,0.438006
ploughman,0.526364
ploughs,0.476364
plum,0.476364
plump,0.405893
plundered,0.717305
plying,0.596835
pocket,0.271775
pockets,0.317111
poem,0.335423
point,0.126169
pointed,0.188343
points,0.180075
poisoned,0.526364
poked,0.477058
pokes,0.717305
poking,0.596835
politely,0.317111
pond,0.406288
pondered,0.405893
pony,0.596835
poor,0.175447
poorer,0.476364
pop,0.356066
pop_,0.717305
popped,0.405893
porch,0.355894
portrait,0.336074
pose,0.437581
posies,0.596835
position,0.188343
possess,0.300692
possible,0.0945734
possibly,0.235423
postman,0.406485
pot,0.318035
pots,0.355894
pouch,0.596835
pounced,0.717305
pound,0.317111
pounding,0.526364
poured,0.285423
poverty,0.355894
power,0.132382
powerful,0.235995
praise,0.246999
pray,0.24664
prayed,0.438219
prayer,0.318189
prayers,0.30113
praying,0.406682
preached,0.355894
preaching,0.355894
precious,0.259008
precisely,0.300546
prepared,0.180075
preparest,0.596835
presence,0.235766
presently,0.235537
presents,0.317419
presume,0.300692
pretend,0.2857
prettiest,0.476364
pretty,0.198837
prevail,0.335423
prevented,0.335423
prick,0.438644
pricked,0.476596
prickly,0.596835
pride,0.225214
priest,0.335423
prince,0.444172
princess,0.47729
princesses,0.596835
printed,0.300546
prison,0.235537
prisoner,0.335423
probably,0.151041
procession,0.335586
processions,0.476364
prod,0.597125
profound,0.285423
promised,0.235881
proper,0.205555
proportion,0.300692
propped,0.526364
prospered,0.526364
prosperous,0.285562
protect,0.355894
proud,0.180425
proudly,0.356066
provide,0.157857
provisions,0.405893
provoked,0.317111
prune,0.526364
prunes,0.717654
public,0.099426
publisher,0.597415
puff,0.405893
puff_,0.717305
puffed,0.476364
pull,0.260767
pulled,0.272435
pulling,0.271775
pumpkin,0.717305
punish,0.335586
punished,0.406091
puppy,0.477753
pure,0.224996
purposes,0.235537
pursued,0.258882
push,0.247119
pushed,0.259511
pushing,0.335586
put,0.0923349
puts,0.271511
putting,0.24664
puzzled,0.300546
quality,0.271511
quarrel,0.258631
quarter,0.225105
quarters,0.258631
queen,0.317727
queens,0.476364
queer,0.335912
question,0.138228
questions,0.205755
quick,0.196927
quicker,0.317111
quickly,0.206054
quiet,0.188252
quietly,0.224886
quite,0.166956
quivered,0.476364
r,0.526364
r_,0.717305
race,0.225323
radiance,0.437581
radish,0.598864
radishes,0.719048
rage,0.259134
ragged,0.356066
rags,0.335423
rain,0.247599
rainbow,0.476364
rains,0.437581
raise,0.214952
raised,0.206154
raising,0.19664
raisins,0.526364
rake,0.477058
raked,0.597415
raking,0.526364
ramble,0.526364
rambles,0.596835
ran,0.170402
rang,0.379102
rank,0.235766
ransom,0.437581
rapture,0.379102
rare,0.224886
rashkill,0.717654
rather,0.115176
rattle,0.437581
rattling,0.355894
ray,0.406091
rays,0.406288
re,0.114953
reach,0.180338
reached,0.165193
reaching,0.258631
read,0.145324
reader,0.355894
ready,0.132575
real,0.132639
realised,0.526364
really,0.173522
reap,0.406091
reapers,0.476596
reaping,0.405893
rear,0.300546
reason,0.151114
rebuked,0.526364
receive,0.18816
received,0.126292
recognised,0.476827
red,0.1975
redder,0.437581
reeds,0.437581
reflection,0.271511
refresh,0.437581
refreshed,0.437581
refused,0.258757
region,0.379102
regular,0.24664
rejoiced,0.355894
relative,0.285423
relatives,0.406091
released,0.285562
remain,0.214952
remained,0.205555
remaining,0.285562
remarkably,0.379286
remarked,0.317265
remember,0.188983
remembered,0.247838
remembers,0.437581
remind,0.379286
removed,0.24664
repeated,0.24664
repent,0.317265
repentance,0.405893
repented,0.597415
reproduction,0.717305
reprove,0.526364
reputation,0.300692
rereading,0.717305
rescue,0.317111
rescued,0.405893
resemble,0.379102
resolve,0.355894
resolved,0.317111
respecting,0.379102
responded,0.405893
rest,0.189714
rested,0.317265
restless,0.258631
restoreth,0.596835
resumed,0.258631
retired,0.214952
returned,0.180075
revenge,0.335423
revengeful,0.526364
rewarded,0.437581
ribbons,0.300546
rich,0.180862
riches,0.405893
richest,0.405893
richly,0.356066
rid,0.224886
riddle,0.335423
ride,0.215057
rider,0.37947
riders,0.476364
ridges,0.437581
ridiculous,0.317111
riding,0.285423
right,0.086242
righteousness,0.526364
ring,0.226088
rings,0.317111
rins,0.717305
ripe,0.301422
ripen,0.596835
rise,0.172433
rising,0.19664
risk,0.271511
river,0.303904
rivers,0.437581
road,0.188617
roadside,0.437794
roar,0.285423
roared,0.301568
rob,0.405893
robber,0.405893
robbers,0.437581
robe,0.356066
robed,0.52662
robes,0.380023
rocked,0.526364
rocks,0.317419
rocky,0.405893
rod,0.335423
rode,0.37947
roll,0.302006
rolled,0.302298
rolling,0.300984
roofs,0.405893
room,0.13957
root,0.317727
roots,0.301568
rope,0.380575
rose,0.1975
roses,0.335423
rosy,0.379102
rotted,0.717305
rough,0.258882
roughly,0.317111
round,0.160848
roundish,0.717305
row,0.22576
rows,0.356758
royal,0.318343
rubbing,0.379102
rubies,0.476364
ruddy,0.356239
rude,0.258631
ruin,0.317265
rule,0.180425
ruled,0.235537
rulers,0.437794
run,0.0816268
runneth,0.596835
running,0.180687
runs,0.24664
rush,0.235423
rushed,0.246999
rushy,0.717654
rustle_,0.717305
rustling,0.406288
s,0
s_,0.717305
sacked,0.717305
sacrificed,0.405893
sad,0.236681
saddle,0.379286
saddled,0.437581
sadly,0.300984
sadness,0.379102
safe,0.215788
safely,0.236109
safety,0.215057
said,0.0215661
sail,0.355894
sailed,0.438432
sailing,0.379286
saint,0.355894
sake,0.259008
sakes,0.405893
salad,0.527643
salads,0.596835
salt,0.272435
saluted,0.356066
same,0.0903298
sand,0.335423
sang,0.273226
sank,0.301276
sap,0.437581
sat,0.227399
satisfied,0.235652
satisfy,0.285423
sausages,0.596835
save,0.236681
saved,0.247718
saveth,0.596835
saving,0.235423
saw,0.125797
say,0.105481
saying,0.158624
says,0.165834
scalded,0.596835
scanty,0.437794
scarcely,0.271511
scared,0.476364
scaring,0.717305
scatter,0.355894
scattered,0.2857
sceptre,0.406682
schalted,0.717305
schame,0.717305
schared,0.717305
schissors,0.717305
schoolhouse,0.717305
schools,0.215057
scissors,0.438006
scolded,0.405893
scolding,0.405893
scornfully,0.379102
scrambles,0.717305
scrambling,0.437581
scraps,0.476364
scratch,0.379102
scratched,0.437581
scratching,0.355894
screamed,0.317111
screen,0.300692
scurried,0.717305
sea,0.248557
seam,0.476596
search,0.224886
searching,0.437581
season,0.157934
seat,0.205655
seat_,0.717305
seats,0.24688
second,0.0946193
secret,0.180075
see,0.066412
seed,0.356931
seedlings,0.717654
seeds,0.439707
seeing,0.224996
seek,0.158087
seem,0.151334
seemed,0.173438
seeming,0.271643
seems,0.18025
seen,0.189532
sees,0.271775
seize,0.285423
seized,0.271775
seldom,0.258631
self,0.188252
selfish,0.335749
selfishness,0.379102
selfsame,0.526875
sell,0.205755
send,0.196927
sense,0.165353
sent,0.121758
sentry,0.476364
serpent,0.379286
servant,0.318035
servants,0.274149
serve,0.225105
served,0.157857
service,0.126599
services,0.215161
serving,0.317265
set,0.0643727
sets,0.300546
setting,0.172349
settle,0.258757
settled,0.215265
seven,0.138295
several,0.0994743
sew,0.527131
sewed,0.476596
sexton,0.526875
shade,0.224996
shadow,0.259008
shadows,0.300692
shadowy,0.37947
shady,0.405893
shake,0.205955
shaken,0.271511
shaking,0.258631
shaky,0.476364
shall,0.200557
shallow,0.379102
shame,0.224996
shank,0.596835
shape,0.205955
shaped,0.317265
share,0.144481
sharp,0.225433
sharpest,0.476364
sharply,0.271643
shawl,0.406288
she,0.128721
sheath,0.355894
sheep,0.286394
sheepskin,0.596835
shelf,0.356758
shell,0.336237
shells,0.379102
shelter,0.285423
shelves,0.335586
shepherd,0.336237
shield,0.406288
shine,0.2857
shines,0.437794
shining,0.286394
shiny,0.407471
ship,0.247119
ships,0.335423
shirt,0.355894
shivering,0.437794
shkin,0.717305
shlips,0.717305
shly,0.717654
shmotherin,0.717305
shnipped,0.717305
shnug,0.717305
shock,0.271511
shoe,0.406091
shoemaker,0.528921
shoes,0.319114
shone,0.337052
shook,0.259636
shoot,0.335423
shoots,0.52662
shops,0.300546
shore,0.286116
short,0.144692
should,0.0689066
shoulder,0.226088
shouldered,0.476364
shoulders,0.24688
shout,0.285978
shouted,0.273094
shouting,0.30113
shouts,0.476596
shovel,0.437581
shovelled,0.717305
show,0.100005
showed,0.272039
shower,0.317111
showing,0.285562
shown,0.19664
shpied,0.717305
shrill,0.300546
shtand,0.717305
shtands,0.717305
shticks,0.717654
shtill,0.717305
shtone,0.718002
shtring,0.717305
shudder,0.406091
shure,0.719048
shut,0.226197
shuts,0.476596
shutter,0.437581
sickness,0.2857
side,0.145534
sides,0.236338
sigh,0.235537
sighed,0.258631
sight,0.206953
sign,0.197118
signed,0.271511
signs,0.258757
silent,0.224996
silently,0.300546
silk,0.300546
silken,0.437794
silly,0.285423
silver,0.247239
silvery,0.405893
simply,0.224886
since,0.0521056
sincerest,0.596835
sing,0.250834
singers,0.405893
singing,0.236109
single,0.138429
singularly,0.405893
sink,0.2857
sinking,0.379286
sinned,0.437581
sins,0.356066
sir,0.24676
sister,0.205955
sisters,0.30113
sit,0.206354
sits,0.258631
sitting,0.180862
situation,0.180163
six,0.109764
size,0.188252
skill,0.317111
skin,0.317573
skipped,0.596835
skull,0.379102
sky,0.260265
slave,0.317265
slaves,0.355894
sledge,0.526875
sledges,0.596835
sleep,0.235881
sleepers,0.437581
sleeps,0.379102
slender,0.24664
slept,0.285839
slew,0.438219
slid,0.405893
slide,0.405893
sliding,0.476827
slight,0.24664
slim,0.355894
slime,0.405893
slimy,0.437581
sling,0.476596
slipped,0.30113
slipping,0.437581
slope,0.300546
slow,0.206254
slower,0.406485
slowly,0.236224
slumber,0.335749
slung,0.438006
slunk,0.476364
sly,0.300546
small,0.11646
smart,0.300546
smell,0.24664
smelling,0.356066
smelt,0.437794
smile,0.21537
smiled,0.259134
smiling,0.224886
smite,0.437581
smoked,0.37947
smooth,0.246999
smoothing,0.596835
smoothly,0.406091
smote,0.379286
smother,0.476364
smothered,0.476364
snail,0.406485
snap,0.379286
snapped,0.355894
snatched,0.355894
sneered,0.52662
sniggered,0.717305
snip,0.717305
snorted,0.526364
snout,0.476364
snow,0.272698
snows,0.405893
so,0.0415463
soared,0.596835
soaring,0.437581
sob,0.476364
sobbed,0.437794
soberly,0.379102
soft,0.197882
softened,0.335423
softer,0.476364
softly,0.286671
soil,0.3364
sold,0.224996
soldier,0.271511
soldiers,0.336889
solemn,0.271511
solid,0.235652
some,0.0245941
somebody,0.215161
somehow,0.271643
someone,0.379286
somersault,0.596835
something,0.134371
sometimes,0.206054
somewhat,0.224886
somewhere,0.258631
son,0.151628
song,0.248917
songs,0.271907
sons,0.259511
soon,0.140174
sooner,0.24676
soothe,0.379102
sore,0.271511
sorrow,0.225323
sorry,0.225214
sort,0.205655
sorted,0.526364
sorts,0.258631
sought,0.19664
soul,0.272962
souls,0.317419
sound,0.181212
sounded,0.225433
sounds,0.247239
south,0.271511
sow,0.406091
sown,0.476364
spade,0.406091
sparkled,0.476596
sparrow,0.437794
speak,0.197118
speaking,0.18816
spear,0.406288
spears,0.406288
special,0.120529
specially,0.379102
spell,0.317111
spelt,0.596835
spend,0.205555
spending,0.300546
spent,0.180163
spicy,0.526364
spinach,0.717305
spirit,0.165032
spite,0.259008
splash,0.37947
splashed,0.379102
splendid,0.30113
spoiled,0.355894
spoke,0.206454
spot,0.225542
spouted,0.596835
sprang,0.30186
spray,0.437581
spread,0.205755
spreading,0.300692
spring,0.165353
springtime,0.717305
sprinkle,0.526364
sprout,0.476364
sprouted,0.717305
sprouting,0.596835
spun,0.335749
square,0.247599
squirrels,0.717305
stable,0.356239
staff,0.165113
stage,0.18816
stair,0.437581
stairs,0.272171
stake,0.2857
stalked,0.476596
stand,0.120646
standing,0.205855
stands,0.196831
star,0.235423
stare,0.317111
stared,0.317111
starry,0.405893
stars,0.285839
started,0.138765
startled,0.258757
startling,0.405893
starvation,0.526364
starved,0.406091
starving,0.52662
stately,0.355894
statue,0.382049
stature,0.335423
stay,0.180775
stayed,0.271643
steadily,0.335423
steady,0.24688
steal,0.317111
steam,0.355894
steams,0.717305
steed,0.356239
steel,0.300546
steep,0.24664
steeple,0.526875
steer,0.476364
steered,0.476596
stem,0.438219
step,0.188252
stepped,0.285562
steps,0.172517
stern,0.300692
stick,0.2857
sticking,0.356066
sticks,0.3364
sticky,0.596835
still,0.0775759
stir,0.317419
stirred,0.271643
stirring,0.300546
stitch,0.476827
stitched,0.717305
stitches,0.717305
stocking,0.717305
stocks,0.285423
stole,0.215788
stolen,0.259008
stomach,0.317111
stone,0.248677
stoned,0.596835
stones,0.272698
stony,0.437581
stood,0.192274
stool,0.405893
stooping,0.317265
stop,0.165193
stopped,0.21631
store,0.317265
stories,0.337378
stork,0.526364
storm,0.258631
stormed,0.526364
story,0.208551
stout,0.271643
straight,0.158701
strange,0.21631
stranger,0.271511
strangest,0.379286
straw,0.356066
stream,0.258882
streamed,0.526364
streaming,0.405893
streams,0.335586
street,0.225105
streets,0.188252
strength,0.165353
stretch,0.258757
stretched,0.300838
stride,0.406091
striding,0.379102
strike,0.180163
striking,0.258631
string,0.286532
strings,0.285978
strip,0.300984
stripped,0.405893
striving,0.379102
stroke,0.214952
strokes,0.379102
strong,0.146096
stronger,0.205655
struck,0.174191
struggled,0.317111
struggles,0.379102
stuck,0.259385
study,0.196736
stuff,0.271511
stumbled,0.405893
stumbling,0.476596
stumps,0.476364
stupid,0.300692
stupidity,0.379102
sturdy,0.406091
subjects,0.2857
submission,0.379102
substitutes,0.596835
succeeded,0.258631
success,0.24664
successful,0.196736
such,0.0414743
sudden,0.235537
suddenly,0.206853
suffered,0.224886
suffering,0.271643
suffocate,0.596835
sugar,0.357968
suit,0.224886
suits,0.335423
summer,0.165593
summoned,0.300546
sun,0.215996
sunbeams,0.52662
sunflower,0.717305
sunflowers,0.717305
sunny,0.379102
sup,0.437581
supper,0.272435
suppose,0.259008
supposed,0.24688
sure,0.173354
surely,0.259134
surf,0.476364
surface,0.356066
surprise,0.197118
surprised,0.24676
surprising,0.355894
suspicious,0.317111
swallow,0.300546
swallowed,0.300546
swam,0.379286
swamp,0.476596
swarming,0.476364
swarms,0.526364
swayed,0.355894
sweep,0.335912
sweeping,0.317111
sweet,0.21725
sweetly,0.300546
swell,0.317265
swelled,0.406091
swept,0.259008
swift,0.24664
swifter,0.527131
swiftly,0.300546
swim,0.285978
swimming,0.405893
swirling,0.596835
sword,0.318189
swords,0.355894
swung,0.335586
t,0.0505031
table,0.197309
tables,0.300546
tail,0.273622
tailor,0.486779
tainted,0.526364
take,0.0649597
taken,0.0901555
takes,0.172349
taking,0.120529
tale,0.258631
talk,0.151701
talked,0.235537
talking,0.215161
tall,0.236109
taller,0.317111
tap,0.438432
tap_,0.718002
tapping,0.437581
target,0.405893
tarns,0.717305
task,0.258882
tasks,0.405893
taste,0.188343
tasted,0.300546
tastes,0.300546
tattered,0.355894
taught,0.21537
taunting,0.526364
teach,0.196736
teacher,0.335423
teams,0.437581
tear,0.271775
tearing,0.355894
tears,0.247599
tease,0.476596
teeth,0.247119
tell,0.127641
telling,0.235537
tells,0.258757
temper,0.235537
temporary,0.300546
temptation,0.335423
tempts,0.596835
ten,0.180862
tender,0.271775
tent,0.356066
terrible,0.260642
terribly,0.336074
terror,0.224996
test,0.214952
text,0.379102
than,0.0150327
thank,0.235881
thankful,0.405893
thankfully,0.476364
thankless,0.596835
thanks,0.224996
thanksgiving,0.526364
that,0
thaught,0.718002
the,0
theatre,0.317111
theatricals,0.597125
thee,0.301568
their,0.00907235
them,0.0296964
themselves,0.138496
then,0.046578
thence,0.317111
there,0.0125597
therefore,0.188252
these,0.0644963
they,0.00327509
thick,0.24688
thief,0.335586
thin,0.226088
thing,0.122812
things,0.159851
think,0.0964095
thinking,0.206554
thinks,0.258882
third,0.0996674
thirst,0.379102
thirsty,0.437794
thirty,0.24676
this,0.00606718
thither,0.300546
thorn,0.405893
thorns,0.355894
those,0.0523072
thou,0.272698
though,0.144903
thought,0.142456
thoughts,0.235881
thousand,0.205655
thread,0.356066
three,0.0210544
threshers,0.719048
threshold,0.335423
threw,0.206454
throat,0.235652
throbbing,0.437581
throne,0.336726
throuble,0.717305
through,0.0453894
throughout,0.180075
throw,0.188526
throwing,0.235652
thrown,0.271643
throws,0.317111
thump,0.405893
thunder,0.317265
thy,0.286394
tide,0.317111
tie,0.271907
tied,0.215683
tiger,0.406091
tight,0.356585
tightened,0.476364
tighter,0.596835
tightly,0.406091
till,0.218816
time,0.0217827
times,0.13296
timid,0.335423
timidly,0.437794
tinkled,0.717305
tiny,0.339823
tire,0.406091
tired,0.248198
tiring,0.717305
to,0
toes,0.379286
together,0.0902426
told,0.0773169
tomato,0.526364
tones,0.300546
tongue,0.214952
too,0.0735892
took,0.0921605
top,0.115455
tops,0.285562
tore,0.335423
tormented,0.405893
tossed,0.335423
touch,0.157934
touched,0.259636
touches,0.300546
toward,0.158701
towards,0.224886
towers,0.356412
town,0.197309
toys,0.438006
track,0.271643
tracked,0.596835
trailing,0.356066
train,0.271643
trained,0.317111
trains,0.437794
trait,0.526364
tramp,0.437581
tramped,0.596835
trampled,0.356066
transfigured,0.437581
transformed,0.437794
transplanted,0.437581
transported,0.379286
trap,0.356585
trappers,0.526364
traveller,0.380207
travellers,0.356066
treasure,0.356585
treat,0.24664
treated,0.205755
treats,0.476364
tree,0.248557
trees,0.228055
treetops,0.717305
trembled,0.285423
trembling,0.258757
tremendous,0.271643
trench,0.52662
trenches,0.597705
trice,0.596835
trick,0.300838
trickle,0.597125
tricks,0.335749
tried,0.145604
trimmed,0.379286
trod,0.406091
trouble,0.165593
troubled,0.300546
troubles,0.235537
trousers,0.476364
truck,0.526364
true,0.172852
truly,0.224886
trumpet,0.317111
trumpeted,0.717654
trundle,0.72079
trundling,0.596835
trunk,0.317419
trunks,0.437581
trust,0.235537
trusted,0.258757
trusting,0.356066
truth,0.180075
try,0.151334
trying,0.188435
tub,0.526875
tugged,0.437794
tugging,0.476364
tuk,0.718002
tumbled,0.285423
tumbling,0.355894
tumult,0.405893
tune,0.286116
tunes,0.438006
turf,0.355894
turn,0.115288
turned,0.152949
turns,0.258631
tutor,0.597125
twad,0.717305
twelve,0.272039
twenty,0.196831
twice,0.18025
twigs,0.380023
twinkle,0.437794
twinkling,0.317265
twirled,0.717654
two,0.011929
twos,0.476364
ugly,0.2857
unbeknownst,0.717305
uncles,0.476596
uncomfortable,0.335586
under,0.034209
underneath,0.300838
understand,0.206354
understanding,0.271511
understood,0.24664
undisturbed,0.717305
unfastened,0.596835
ungrateful,0.37947
unhappy,0.271907
unkempt,0.596835
unkind,0.405893
unless,0.197118
unloaded,0.717305
unlocked,0.405893
unpleasant,0.317111
unrewarded,0.717654
unseen,0.355894
unselfish,0.596835
unselfishness,0.717305
until,0.122753
unto,0.406091
unusual,0.271511
unveiled,0.476596
up,0.0191855
upon,0.123163
upright,0.258631
urged,0.214952
us,0.160158
use,0.0946193
used,0.110936
useless,0.285839
usual,0.235423
usually,0.24676
utter,0.285423
utterly,0.335423
vacant,0.355894
vacantly,0.476364
vagabond,0.476364
valley,0.317881
valueless,0.476364
vane,0.526364
vanished,0.300838
ve,0.172517
vegetable,0.476596
vegetables,0.47729
velvet,0.379286
venture,0.271511
ventured,0.317111
verse,0.356066
verses,0.335586
very,0.101367
vesper,0.596835
victory,0.224996
view,0.164952
village,0.286394
villagers,0.527643
villages,0.379102
vine,0.379102
violet,0.379102
virgin,0.355894
virtues,0.285423
vision,0.271643
visit,0.196831
visited,0.258631
visitor,0.379102
vivid,0.379102
voice,0.208551
voices,0.247359
vowed,0.335423
waft,0.596835
wages,0.335749
wagon,0.476364
wagons,0.476596
wailed,0.476364
wailing,0.405893
waistcoats,0.437581
wait,0.189532
waited,0.215057
waiting,0.205655
waits,0.406091
wake,0.300546
walk,0.165433
walked,0.206354
walking,0.188343
wall,0.225651
waltz,0.527131
wand,0.405893
wandered,0.335423
wandering,0.285423
want,0.11674
wanted,0.146377
war,0.206354
warfare,0.405893
warm,0.215579
warmed,0.335423
warmth,0.285423
warning,0.214952
warnings,0.437581
warrior,0.476827
warriors,0.406879
wars,0.379102
was,0
wash,0.24664
wasn,0.301276
waste,0.235537
wasting,0.379102
watch,0.181037
watched,0.215474
watches,0.355894
watchin,0.717305
watching,0.205855
water,0.175782
watering,0.405893
waters,0.24676
wather,0.717305
waved,0.335586
waving,0.379286
wax,0.379102
waxed,0.526364
way,0.0572141
ways,0.158087
wayside,0.476596
wayward,0.437581
we,0.0457136
weak,0.258882
wealth,0.272039
weapon,0.335423
wear,0.225214
weariness,0.437794
wearing,0.318035
wears,0.437581
weary,0.235881
weave,0.437581
weaver,0.526364
weaving,0.526364
wee,0.407865
weed,0.406091
weeding,0.526875
weeds,0.356931
week,0.0557529
weeks,0.151041
weeny,0.717654
weeping,0.356066
weight,0.24688
welcome,0.225105
welfare,0.285423
well,0.0526097
went,0.0806474
wept,0.2857
were,0.00623331
west,0.271511
western,0.356066
wet,0.258631
what,0.0317583
whatever,0.258631
wheat,0.356931
wheelbarrow,0.596835
wheeled,0.437581
when,0.0158634
whence,0.317111
whenever,0.300838
where,0.0459729
wherein,0.379102
wherever,0.258757
whether,0.126415
which,0.0028879
while,0.0527861
whimpering,0.52662
whin,0.597125
whinny,0.717305
whipped,0.379102
whirlpool,0.437794
whiruled,0.717305
whisk,0.717305
whisked,0.597125
whisper,0.258882
whisper_,0.717305
whispered,0.286394
whispering,0.317265
whispers,0.335749
whistle,0.335423
whistled,0.379102
white,0.154196
whither,0.317111
who,0
whole,0.145604
wholly,0.258631
whom,0.165433
whose,0.115008
why,0.144762
wicked,0.272962
wickedly,0.596835
wickedness,0.37947
wid,0.597415
wide,0.138228
wider,0.335586
widow,0.300546
wife,0.100585
wild,0.215683
wildly,0.317111
wildness,0.476364
will,0
willed,0.526364
willing,0.196736
wills,0.437581
win,0.235537
wind,0.207353
window,0.260767
windows,0.272435
winds,0.317265
wine,0.24664
wing,0.246999
wings,0.259259
wink,0.335586
wint,0.718351
winter,0.205855
wisdom,0.235423
wise,0.216101
wish,0.181387
wished,0.2857
wishing,0.355894
wistfully,0.405893
with,0
wither,0.406091
within,0.126476
without,0.0601258
wits,0.379286
wives,0.335423
woe,0.300692
woke,0.438219
wolf,0.438644
wolves,0.406091
woman,0.159775
women,0.151848
won,0.138496
wonder,0.206354
wondered,0.285562
wonderful,0.237482
wondering,0.259134
wondrous,0.405893
wood,0.226416
woods,0.27283
word,0.145183
words,0.173438
wore,0.236109
work,0.0609366
worked,0.197882
worker,0.405893
working,0.151408
workmen,0.335912
workpeople,0.717305
works,0.235423
world,0.0563752
worry,0.285562
worse,0.1726
worship,0.271511
worshipping,0.437794
worst,0.215265
worth,0.138295
worth_,0.717305
worthless,0.597705
worthy,0.24688
would,0.0122049
wouldn,0.317111
wound,0.258757
wounded,0.271643
wounds,0.355894
wove,0.526364
wrap,0.438006
wrapped,0.317265
wreath,0.335423
wretched,0.24676
wretches,0.596835
wriggling,0.526364
wrinkled,0.405893
wrist,0.335423
write,0.196927
writing,0.24676
written,0.205755
wrong,0.188435
wrote,0.206454
wroth,0.596835
ye,0.236224
year,0.0240808
years,0.0275377
yees,0.718002
yellow,0.259762
yes,0.272039
yesterday,0.114953
yet,0.145043
you,0.0969319
young,0.0903298
younger,0.235423
youngster,0.596835
your,0.149886
yours,0.225105
yourself,0.271775
yourselves,0.2857
youth,0.18025
