A,0.00295819
After,0.100503
Aj,0.339219
Ala,0.481756
Allen,0.41528
Alpharetta,0.725425
As,0.0770319
Ask,0.383393
Association,0.274585
Atlanta,0.569605
Attorneys,0.60359
Aug,0.359922
Authority,0.48738
B,0.192512
Bar,0.442534
Barber,0.54475
Before,0.182113
Being,0.274585
Bellwood,0.725425
Berry,0.481756
Blue,0.343179
Board,0.288654
Bowden,0.60359
Bush,0.742361
But,0.0242826
Byrd,0.733893
Caldwell,0.742361
Callan,0.725425
Carey,0.481756
Chairman,0.339219
Cheshire,0.481756
City,0.142987
Colquitt,0.733893
Commerce,0.383393
Commissioner,0.442534
Committee,0.219923
Congress,0.303948
Constitution,0.410488
Construction,0.60359
County,0.263101
Court,0.219923
D,0.159644
Davis,0.368325
Democratic,0.3207
Department,0.332332
Despite,0.383393
Dorsey,0.725425
During,0.339219
Durwood,0.725425
E,0.159644
Education,0.3207
Everything,0.339219
Executive,0.538536
Failure,0.60359
Felix,0.538536
Five,0.303948
Four,0.238088
Friday,0.180404
Fulton,0.835509
GOP,0.532322
Gainesville,0.725425
Garland,0.481756
George,0.1743
Georgia,0.414721
Gov,0.392344
Grady,0.532322
Grand,0.3207
Griffin,0.610636
Harry,0.303948
Hartsfield,0.759297
He,0.0149518
Health,0.383393
Henry,0.207882
Highway,0.550964
His,0.101676
Hospital,0.303948
House,0.127523
However,0.166819
I,0.0151243
Implementation,0.725425
In,0.00576345
It,0.0124065
Ivan,0.733893
J,0.159644
Jackson,0.442534
Jail,0.60359
James,0.146117
Jan,0.307496
John,0.0726917
Jr,0.212735
Judge,0.217385
Jury,0.532322
L,0.207882
Ledford,0.725425
Legislature,0.498627
Lt,0.725425
M,0.15275
Mac,0.532322
Many,0.207882
March,0.146117
Marvin,0.60359
Mayor,0.347139
Meanwhile,0.3207
Merger,0.725425
Miller,0.48738
Monday,0.146249
Mrs,0.127598
Nevertheless,0.383393
November,0.288654
October,0.288654
Office,0.339219
On,0.081482
Only,0.19029
Opelika,0.725425
Ordinary,0.610636
P,0.19029
Party,0.383393
Pearl,0.60359
Pelham,0.759297
Police,0.359922
Policeman,0.725425
Purchasing,0.725425
Pye,0.725425
Rd,0.532322
Regarding,0.532322
Rep,0.538536
Republicans,0.429655
Ridge,0.538536
Roads,0.733893
Rob,0.60359
Robert,0.227432
Rural,0.610636
Sam,0.303948
Saturday,0.159644
Savannah,0.60359
Schley,0.725425
Sen,0.383393
Senate,0.324444
Sept,0.387868
September,0.3207
Sheriff,0.60359
Snodgrass,0.725425
State,0.141352
Sunday,0.141356
Superior,0.4477
Tabb,0.725425
Tax,0.481756
Texas,0.261559
The,0
There,0.03781
These,0.15275
They,0.03781
This,0.0382514
Tom,0.339219
Tower,0.410488
Tuesday,0.161508
Vandiver,0.750829
W,0.139724
Wards,0.60359
Washington,0.15275
Wednesday,0.198866
Welfare,0.610636
When,0.0824331
While,0.127598
William,0.117611
Williams,0.401294
``,0.0834997
a,0
about,0.0117223
accepted,0.274585
according,0.133557
achieve,0.339219
act,0.161508
action,0.142987
actions,0.217385
added,0.108063
additional,0.219923
adjournment,0.733893
adjustments,0.532322
administration,0.324444
administrators,0.725425
after,0.021549
afternoon,0.166819
against,0.0643201
age,0.147822
agreed,0.19029
agriculture,0.481756
aid,0.182113
airport,0.610636
all,0.00583073
allotted,0.532322
allow,0.207882
allowances,0.410488
allowed,0.217385
also,0.018308
alternative,0.383393
ambiguous,0.442534
amendment,0.359922
amicable,0.481756
among,0.105598
an,0
and,0
announced,0.121834
anonymous,0.452866
any,0.03781
apparently,0.219923
appointed,0.207882
appointment,0.261559
appraisers,0.725425
approve,0.3207
approved,0.264612
are,0.00603256
areas,0.288654
armed,0.227432
as,0
aside,0.207882
ask,0.166819
asked,0.101676
asking,0.238088
assistance,0.261559
assistant,0.303948
at,0
attended,0.198866
attorney,0.27779
audience,0.264612
authorities,0.339219
automobile,0.442534
available,0.359922
awarding,0.725425
back,0.0455104
ballot,0.383393
battle,0.238088
be,0
became,0.127598
become,0.116254
been,0.00616712
before,0.0309162
begin,0.15275
being,0.0623902
believes,0.261559
best,0.081482
birth,0.261559
bit,0.210309
board,0.15275
body,0.182113
bond,0.311044
bonds,0.339418
both,0.0423267
brief,0.303948
brought,0.0955511
burden,0.3207
but,0.00289147
by,0
calls,0.212735
calmest,0.60359
campaign,0.355058
can,0.0242826
candidate,0.372526
candidates,0.364124
career,0.274585
carry,0.159644
cent,0.261559
chairman,0.210309
chambers,0.359922
charge,0.147822
charged,0.230087
child,0.182113
church,0.198866
citizens,0.324444
city,0.161666
clerical,0.383393
combined,0.249432
commented,0.387868
committee,0.238088
compensation,0.60359
concessionaires,0.725425
conducted,0.249432
congressional,0.532322
congressmen,0.60359
considering,0.303948
consistently,0.532322
constitutional,0.339219
construction,0.303948
consulted,0.288654
continue,0.182113
contracts,0.481756
controversy,0.4477
coolest,0.733893
coordinator,0.532322
cost,0.198866
costs,0.3207
council,0.274585
counties,0.343179
county,0.227536
couple,0.184239
courses,0.339219
court,0.142987
courts,0.303948
criticisms,0.532322
crowd,0.198866
cruelty,0.3207
date,0.19029
daughter,0.166819
day,0.0413611
days,0.0955511
death,0.15275
defeated,0.339219
delegation,0.532322
department,0.274585
departments,0.538536
deputies,0.48738
deserves,0.303948
details,0.339219
determine,0.288654
did,0.0569867
didn,0.219923
directed,0.227432
director,0.227432
disable,0.60359
disproportionate,0.725425
dispute,0.303948
dissents,0.725425
distribute,0.481756
distribution,0.410488
divorce,0.442534
do,0.0309162
doctor,0.303948
does,0.105598
dollar,0.410488
done,0.105598
drop,0.182113
duty,0.207882
each,0.0486858
earlier,0.198866
education,0.168767
effect,0.139724
effected,0.442534
effective,0.261559
efficiency,0.481756
elaborate,0.359922
elected,0.280995
election,0.261945
eliminate,0.442534
emphasizing,0.725425
employed,0.292023
employes,0.410488
enabling,0.48738
encouragement,0.3207
end,0.0870521
endorse,0.532322
enter,0.210309
entering,0.274585
enthusiasm,0.303948
enthusiastic,0.383393
equitable,0.725425
establishment,0.303948
event,0.19029
ever,0.0917943
every,0.121834
evidence,0.19029
exception,0.307496
expected,0.109296
expended,0.60359
expense,0.261559
experienced,0.274585
expires,0.725425
extern,0.725425
face,0.105598
fact,0.15275
fair,0.19029
farms,0.442534
feared,0.274585
featured,0.442534
federal,0.2842
feel,0.127598
fees,0.481756
filed,0.383393
find,0.127598
fire,0.146117
first,0.0185168
fit,0.198866
follow,0.141356
for,0
force,0.217385
formally,0.303948
former,0.110845
foster,0.60359
fought,0.261559
found,0.0907352
four,0.0602793
friendly,0.249432
from,0
fully,0.217385
fund,0.27779
funds,0.235148
further,0.133557
future,0.147822
general,0.112139
generally,0.166819
getting,0.15275
give,0.105598
given,0.081482
go,0.0684561
goes,0.182113
good,0.0643201
got,0.0735402
governments,0.383393
governor,0.347139
grand,0.203509
granted,0.274585
greater,0.159644
guardians,0.410488
gubernatorial,0.60359
gun,0.3207
had,0.011996
handful,0.383393
handling,0.410488
hard,0.127598
has,0
have,0.00912468
he,0.00603256
head,0.100503
heavily,0.249432
held,0.0779311
highway,0.392344
highways,0.442534
him,0.03781
himself,0.147822
his,0.00315837
hold,0.159644
home,0.0312771
homes,0.249432
hopper,0.725425
hot,0.19029
however,0.10683
hurdle,0.725425
implementation,0.725425
improving,0.3207
in,0
inadequate,0.442534
incorporated,0.60359
increase,0.178369
increased,0.217385
influences,0.410488
insure,0.532322
intends,0.442534
interest,0.141356
interim,0.481756
interlude,0.60359
intern,0.725425
into,0.021549
inure,0.481756
investigate,0.359922
investigation,0.274585
irregularities,0.742361
is,0
issuance,0.60359
issue,0.182439
issued,0.274585
it,0
item,0.481756
items,0.359922
its,0.0187256
itself,0.182113
jail,0.364124
juries,0.725425
jurors,0.48738
jury,0.360716
just,0.0770319
keeping,0.217385
lacking,0.410488
largest,0.217385
last,0.0242826
law,0.130577
laws,0.252343
leading,0.198866
learned,0.207882
legislation,0.3207
legislator,0.733893
legislators,0.498627
less,0.159644
let,0.146117
like,0.0569867
likely,0.207882
liquor,0.359922
listed,0.347139
lived,0.227432
local,0.146117
long,0.0563292
made,0.0149518
major,0.198866
make,0.0576443
making,0.0860477
man,0.052466
management,0.288654
manner,0.201187
many,0.0563292
marked,0.238088
married,0.227432
matters,0.217385
may,0.052466
mayor,0.504251
medical,0.303948
meeting,0.10683
members,0.105598
mental,0.303948
mention,0.227432
midnight,0.249432
might,0.0907352
million,0.192743
modernizing,0.725425
money,0.123256
more,0.00892116
most,0.0343293
multi,0.532322
must,0.0833843
names,0.198866
near,0.133557
new,0.0124065
newly,0.238088
next,0.0643201
night,0.0708534
no,0.00596529
nominate,0.725425
none,0.168767
not,0.00302492
notice,0.238088
number,0.108063
obtain,0.274585
occupation,0.303948
of,0
off,0.052466
offer,0.168767
offered,0.19029
office,0.133557
offices,0.288654
official,0.217385
officials,0.261559
often,0.139724
old,0.052466
on,0
one,0
ones,0.166819
opened,0.1743
operated,0.41528
operating,0.442534
operation,0.19029
opposed,0.249432
opposes,0.60359
or,0.0121328
order,0.116254
orderly,0.307496
ordinary,0.230087
other,0.00583073
our,0.0779311
out,0
outgoing,0.481756
outmoded,0.725425
outright,0.442534
over,0.0147793
paid,0.139724
party,0.159644
pass,0.166819
passed,0.184239
past,0.0643201
pay,0.123256
pension,0.532322
per,0.210309
periodic,0.60359
permit,0.252343
personnel,0.41528
petition,0.372526
petitions,0.4477
phone,0.442534
picking,0.359922
pistol,0.339219
place,0.0939126
plan,0.147822
plans,0.1743
platform,0.383393
pointed,0.19029
policeman,0.383393
policies,0.442534
political,0.219923
polls,0.617682
populous,0.339219
portion,0.343179
possible,0.0955511
post,0.19029
practices,0.347139
praise,0.249432
praised,0.3207
precincts,0.481756
present,0.0907352
presentments,0.725425
previous,0.207882
prices,0.274585
pricing,0.60359
primary,0.351099
principal,0.238088
priority,0.48738
prison,0.238088
privilege,0.343179
problem,0.19029
procedures,0.442534
produced,0.249432
program,0.168767
promise,0.217385
promised,0.238088
property,0.207882
proportionate,0.481756
proposed,0.184239
protect,0.359922
protected,0.383393
provide,0.161508
provided,0.227432
public,0.101676
purchasing,0.442534
purpose,0.1743
put,0.0907352
quickie,0.725425
quiet,0.19029
race,0.235396
raises,0.48738
rally,0.442534
re,0.116254
read,0.146117
ready,0.133557
real,0.133557
realize,0.359922
reasonable,0.288654
receive,0.19029
received,0.132066
receives,0.442534
recent,0.159644
recommendations,0.410488
recommended,0.298762
reconsideration,0.60359
reconstruction,0.725425
reduce,0.383393
reelection,0.725425
registered,0.481756
registration,0.60359
rejected,0.261559
relations,0.19029
relative,0.288654
remedy,0.410488
repair,0.339219
repealed,0.60359
reportedly,0.481756
reports,0.230087
requesting,0.481756
rescind,0.733893
research,0.339219
resignation,0.359922
resigned,0.343179
resolution,0.285984
responses,0.532322
result,0.127598
revised,0.60359
revolving,0.387868
road,0.19029
roads,0.343179
run,0.081482
rural,0.331931
s,0
said,0.0226935
sales,0.303948
saw,0.123256
says,0.168767
scheduled,0.3207
school,0.105195
see,0.0643201
seek,0.159644
seen,0.19029
servants,0.274585
serve,0.227432
services,0.217385
session,0.240867
sessions,0.410488
set,0.0650709
settlement,0.383393
sheriff,0.442534
shortly,0.249432
shot,0.207882
should,0.0724515
sign,0.198866
signatures,0.60359
similar,0.207882
since,0.052466
size,0.19029
smell,0.249432
smooth,0.249432
so,0.0382514
some,0.0256999
something,0.133557
son,0.15275
soon,0.139724
sought,0.198866
source,0.27779
speaker,0.303948
specifically,0.60359
starts,0.274585
state,0.096031
steps,0.1743
stood,0.19029
strong,0.146117
studied,0.261559
study,0.198866
subjected,0.383393
succeeded,0.264612
such,0.0418439
suit,0.230087
superintendent,0.493004
support,0.15275
surveillance,0.60359
swipe,0.725425
system,0.184239
t,0.0498225
take,0.0650709
taken,0.0907352
takes,0.1743
tax,0.207882
taxpayers,0.410488
teacher,0.343179
technical,0.359922
telephone,0.339219
term,0.20583
test,0.219923
th,0.166819
than,0.0149518
thanks,0.227432
that,0
the,0
them,0.0278899
then,0.0455104
there,0.0129538
these,0.0673234
they,0.00289147
this,0.00616712
threats,0.410488
three,0.0210574
through,0.0455104
time,0.0213032
title,0.303948
to,0
together,0.0907352
told,0.0770319
too,0.0726917
took,0.0917943
top,0.116254
topics,0.442534
tossed,0.339219
toward,0.159644
traditional,0.383393
traveled,0.60359
trouble,0.168767
two,0.011996
unanimous,0.442534
under,0.0351308
undue,0.442534
unit,0.383393
unmeritorious,0.725425
up,0.0180991
upon,0.121834
urban,0.481756
urged,0.219923
validity,0.725425
veiled,0.410488
very,0.0955511
veteran,0.307496
violence,0.249432
visit,0.198866
vote,0.224998
voted,0.343179
voters,0.396819
votes,0.410488
voting,0.4477
wait,0.19029
wanted,0.146117
wards,0.442534
warned,0.383393
warning,0.217385
was,0
wasn,0.303948
we,0.0455104
weekend,0.359922
welfare,0.292023
well,0.052466
went,0.0770319
were,0.00583073
what,0.0309162
when,0.0147793
where,0.0449853
whether,0.130577
which,0.00325846
who,0
widespread,0.481756
wife,0.102849
will,0
wind,0.207882
with,0
won,0.139724
word,0.146117
work,0.0630938
worked,0.198866
worth,0.142987
would,0.012817
year,0.0245661
years,0.0275681
yet,0.146117
