A,0.00308043
ADC,0.791125
Affairs,0.532911
Agency,0.726228
Aikin,0.726228
All,0.110968
An,0.15292
Another,0.174493
Antonio,0.48229
April,0.23059
Army,0.249708
Association,0.274889
Aug,0.360321
Austin,0.38792
B,0.192933
Bachelor,0.604259
Bankers,0.48229
Beaumont,0.604259
Berry,0.494603
Bexar,0.726228
Bill,0.241394
Brady,0.726228
Buchanan,0.726228
But,0.0246198
C,0.135411
Calls,0.443024
Carson,0.604259
Chairman,0.339595
Chapman,0.488446
Charles,0.220404
Chester,0.443024
City,0.139879
Clarence,0.532911
Clark,0.772583
Co,0.339595
Coast,0.321055
College,0.278562
Collins,0.443024
Commission,0.383817
Committee,0.223182
Congress,0.304284
Cook,0.410942
Corps,0.339595
Cotten,0.763312
County,0.241394
Court,0.217626
Cox,0.44868
Crump,0.726228
Dallas,0.473895
Daniel,0.506917
De,0.304284
Deaf,0.726228
Denton,0.611973
Department,0.304284
Dewey,0.726228
District,0.329252
Doctor,0.339595
Dr,0.205092
Dumas,0.726228
During,0.339595
E,0.161861
Education,0.333351
El,0.488446
Eligio,0.726228
English,0.217626
Extension,0.726228
F,0.182315
Feb,0.321055
Fifty,0.410942
Formby,0.735499
Fort,0.546518
Frank,0.217626
Galveston,0.604259
Garza,0.726228
Gaynor,0.726228
George,0.176721
Gov,0.383817
Grover,0.754041
Gulf,0.443024
Harlingen,0.726228
Harris,0.360321
Hays,0.735499
He,0.0153623
Health,0.383817
Henry,0.208112
High,0.174493
Highway,0.532911
His,0.100614
Hollowell,0.726228
Hospital,0.308169
House,0.129754
Houston,0.421434
Howard,0.304284
Hudson,0.48229
Hughes,0.443024
I,0.0151734
If,0.0956568
In,0.00576983
Independent,0.726228
Instead,0.321055
Institute,0.443024
Island,0.261848
It,0.0120349
J,0.163901
James,0.146279
Joe,0.292662
Jones,0.292662
Jr,0.208112
Junior,0.410942
Kan,0.735499
Kika,0.726228
La,0.288973
Lamar,0.604259
Lawrence,0.288973
League,0.321055
Legislature,0.488446
Legislatures,0.726228
Louis,0.261848
M,0.15292
March,0.146279
Marshall,0.532911
Martin,0.296351
Massachusetts,0.304284
Master,0.304284
McLemore,0.726228
Mission,0.726228
Monday,0.139879
Money,0.48229
Most,0.199086
Must,0.227684
Natural,0.410942
Navigation,0.726228
New,0.0643913
Newton,0.532911
O,0.174493
Okla,0.532911
Oklahoma,0.454336
One,0.096878
Operating,0.604259
Opponents,0.726228
Other,0.167004
Owen,0.604259
Paradise,0.36492
Paris,0.296351
Parkhouse,0.763312
Paso,0.611973
Pirie,0.726228
Plainview,0.726228
Price,0.443024
Principals,0.726228
R,0.201628
Ratcliff,0.74477
Raymondville,0.726228
Red,0.238351
Relatively,0.726228
Rep,0.566927
Representatives,0.604259
Reps,0.604259
Research,0.611973
Revenue,0.48229
Rhode,0.410942
Roberts,0.619686
S,0.0919952
Saba,0.726228
Sam,0.304284
San,0.325154
School,0.213425
Schwartz,0.604259
Science,0.44868
Scott,0.416188
Seminole,0.726228
Sen,0.413216
Senate,0.333351
Senators,0.48229
Sherman,0.388717
Signal,0.532911
Southwestern,0.604259
Springs,0.48229
State,0.145652
Statements,0.726228
Strickland,0.726228
Sulphur,0.604259
Supreme,0.383817
Supt,0.604259
TEA,0.726228
Tarrant,0.726228
Taxation,0.726228
Technology,0.48229
Texan,0.604259
Texans,0.604259
Texas,0.332046
The,0
There,0.0378519
These,0.15292
This,0.0383351
Thursday,0.250523
Two,0.127739
Tyler,0.604259
U,0.154872
Under,0.252896
University,0.201628
V,0.249708
Virgil,0.604259
W,0.139879
We,0.0919952
Weatherford,0.735499
Wesley,0.726228
West,0.167004
When,0.0815722
While,0.127739
Wise,0.339595
Without,0.217626
Worth,0.539714
York,0.167004
You,0.139879
``,0.0742127
a,0
abandoned,0.321055
able,0.116382
about,0.0117353
absent,0.238351
absorbed,0.360321
accept,0.208112
accounts,0.321055
acquire,0.410942
act,0.161861
acts,0.288973
adamant,0.410942
addition,0.199086
adopted,0.227684
adverse,0.443024
advocacy,0.726228
after,0.0210807
against,0.0660353
age,0.148146
aid,0.184642
all,0.00584349
alleged,0.383817
almost,0.110968
also,0.018596
although,0.199086
amended,0.532911
amendment,0.36492
amount,0.217626
an,0
and,0
annual,0.141665
anticipated,0.321055
any,0.0378519
appearing,0.288973
appointee,0.726228
appointment,0.261848
approval,0.325154
approved,0.265191
are,0.00606446
argued,0.265191
as,0
assistance,0.261848
associate,0.360321
at,0
athletic,0.48229
attack,0.190501
attend,0.195365
attorney,0.274889
authority,0.220404
authorize,0.604259
authorizing,0.735499
automatically,0.443024
ballot,0.393617
bank,0.210769
bankers,0.421434
banks,0.352601
basketball,0.443024
be,0
because,0.0419354
been,0.00584349
before,0.0313456
being,0.060346
believe,0.174493
benefit,0.238351
better,0.101898
betting,0.539714
between,0.0872426
big,0.135411
bill,0.244834
bills,0.292662
blue,0.199086
board,0.156824
bonds,0.329252
books,0.208112
border,0.360321
both,0.0414068
boy,0.139879
breakdown,0.532911
breakups,0.726228
brokers,0.611973
budget,0.383817
but,0.00286127
by,0
calendar,0.48229
called,0.0931548
can,0.0249302
cannot,0.133704
capital,0.274889
captain,0.304284
career,0.278398
carry,0.159821
case,0.100614
cases,0.227684
causes,0.296351
certain,0.146279
certificate,0.611973
chairman,0.210769
chemistry,0.410942
chief,0.167004
children,0.113801
choice,0.208112
circulation,0.443024
cities,0.37412
citizens,0.321055
close,0.15292
co,0.321055
college,0.256083
color,0.339595
coming,0.133704
committee,0.262694
committees,0.443024
community,0.274889
companies,0.268534
complained,0.304284
composed,0.304284
con,0.48229
confidence,0.23059
conservative,0.443024
considerably,0.274889
constitutional,0.34393
construction,0.304284
construed,0.726228
consulting,0.321055
contention,0.48229
contracts,0.48229
contractual,0.726228
corporations,0.604259
correctness,0.532911
cost,0.201628
costly,0.339595
could,0.0313456
couldn,0.304284
counties,0.348265
county,0.22596
courses,0.348265
cover,0.274889
creation,0.249708
credit,0.238351
culminating,0.604259
current,0.227684
customers,0.410942
day,0.0435212
deaf,0.403416
deal,0.227684
debate,0.34393
decided,0.139879
declared,0.167004
decrease,0.532911
defenders,0.726228
deficit,0.726228
degree,0.22596
delay,0.217626
denied,0.249708
depend,0.288973
dependency,0.735499
dependent,0.410942
depositors,0.726228
desertion,0.604259
designed,0.210769
despite,0.261848
destroy,0.217626
details,0.339595
development,0.217626
did,0.0563916
directed,0.227684
director,0.227684
discrimination,0.421434
dissent,0.410942
district,0.249708
districts,0.44868
do,0.0309505
dollars,0.352601
domain,0.443024
donations,0.532911
doubt,0.182315
down,0.0563916
drafted,0.726228
each,0.0487397
earned,0.304284
economy,0.383817
education,0.167004
educational,0.443024
effectively,0.532911
effort,0.161861
elected,0.278398
elections,0.604259
eliminating,0.539714
eminent,0.360321
employment,0.281907
enabling,0.48229
enact,0.604259
end,0.0861429
ended,0.199086
enforced,0.339595
enforcing,0.532911
enlarged,0.383817
enough,0.112384
erase,0.726228
escheat,0.735499
establish,0.238351
establishment,0.308169
estate,0.199086
estimate,0.321055
estimated,0.261848
ex,0.304284
except,0.167004
excise,0.604259
expected,0.105715
expects,0.321055
extending,0.360321
extension,0.48229
extremely,0.321055
faces,0.182315
failure,0.304284
family,0.137118
fare,0.261848
favorable,0.48229
federal,0.274889
fee,0.321055
felt,0.15292
fight,0.159821
fill,0.208112
final,0.174493
finally,0.278398
fine,0.133704
fire,0.146279
firm,0.139879
firms,0.360321
first,0.0179101
fiscal,0.532911
five,0.101898
folks,0.360321
football,0.383817
for,0
force,0.220404
forced,0.238351
former,0.110968
four,0.060346
from,0
further,0.133704
future,0.148146
gambler,0.726228
gas,0.34393
general,0.112384
generally,0.167004
get,0.0419354
getting,0.15292
gift,0.249708
gifts,0.288973
give,0.108414
given,0.0826135
got,0.0727721
gotten,0.443024
governor,0.34393
group,0.110968
had,0.0118851
hamlet,0.532911
hard,0.127739
has,0
have,0.00917293
he,0.00635909
hear,0.159821
heard,0.146279
hearing,0.171268
help,0.150013
here,0.0643913
high,0.0461849
his,0.00300738
history,0.159821
holds,0.227684
home,0.0309505
horse,0.241394
hours,0.156824
house,0.110968
idea,0.208112
if,0.0378519
illegitimacy,0.604259
immediately,0.182315
impair,0.532911
impossible,0.227684
in,0
including,0.154872
increase,0.174493
information,0.249708
informed,0.227684
insisted,0.274889
instructor,0.532911
insurance,0.488446
intelligent,0.360321
introduced,0.227684
is,0
it,0
its,0.018596
joined,0.174493
junior,0.292662
justice,0.249708
kept,0.133704
keynote,0.604259
kill,0.238351
kind,0.133704
large,0.105715
largest,0.217626
last,0.0243095
later,0.096878
law,0.131
lawyer,0.261848
leading,0.199086
learning,0.227684
least,0.121969
led,0.116382
left,0.0861429
legislation,0.321055
legislative,0.383817
legislators,0.488446
less,0.159821
letterman,0.726228
letters,0.217626
license,0.321055
licensing,0.604259
lieutenant,0.48229
like,0.0578313
limited,0.238351
listed,0.339595
little,0.0826135
live,0.159821
living,0.208112
load,0.288973
loan,0.360321
local,0.150013
locate,0.726228
long,0.0571115
lost,0.133704
m,0.100614
made,0.0147956
majorities,0.604259
make,0.0571115
making,0.0861429
many,0.0563916
master,0.217626
math,0.726228
maximum,0.339595
may,0.0525241
meager,0.604259
means,0.154872
meantime,0.48229
measure,0.210769
members,0.107064
mentally,0.726228
merely,0.174493
methods,0.292662
million,0.18697
millions,0.274889
miscellaneous,0.532911
missing,0.274889
money,0.121969
monthly,0.383817
more,0.00928434
most,0.0352448
mostly,0.288973
must,0.0815722
my,0.0815722
named,0.190501
need,0.101898
needs,0.199086
new,0.0117353
next,0.0643913
no,0.00576983
normal,0.410942
not,0.00300738
notarized,0.726228
notice,0.238351
now,0.0181387
obligations,0.383817
obtain,0.274889
occupation,0.304284
of,0
older,0.249708
on,0
one,0
ones,0.167004
only,0.0210807
oppose,0.261848
opposition,0.304284
option,0.532911
or,0.0121847
order,0.116382
other,0.00613812
out,0
outlay,0.604259
over,0.0147956
own,0.0861429
parents,0.249708
parimutuels,0.726228
passage,0.227684
passed,0.193952
passing,0.182315
patrolman,0.726228
pay,0.125083
paying,0.238351
peanut,0.726228
penalty,0.410942
pending,0.532911
people,0.0660353
permits,0.443024
permitted,0.227684
permitting,0.383817
person,0.167004
personal,0.217626
personally,0.34393
persons,0.146279
physics,0.726228
pipeline,0.735499
places,0.210769
plan,0.148146
planning,0.288973
plus,0.304284
pockets,0.321055
political,0.217626
poll,0.416188
ponies,0.604259
poor,0.174493
population,0.288973
populous,0.339595
possible,0.0956568
prefer,0.261848
present,0.0908356
preserving,0.48229
president,0.161861
prevention,0.532911
previous,0.208112
previously,0.288973
principal,0.241394
printed,0.304284
prison,0.238351
pro,0.288973
probably,0.15292
problem,0.190501
problems,0.252896
produce,0.238351
professor,0.443024
program,0.1734
project,0.190501
projects,0.383817
property,0.216082
proposal,0.24748
proposals,0.288973
proposed,0.184642
protests,0.48229
provide,0.161861
providing,0.410942
public,0.105752
question,0.139879
questions,0.208112
quickly,0.208112
race,0.23059
racial,0.611973
range,0.261848
re,0.117868
real,0.133704
receive,0.190501
received,0.127739
recipients,0.604259
recommend,0.321055
recommendation,0.443024
recommendations,0.421434
reduce,0.388717
reduced,0.249708
reducing,0.604259
referendum,0.726228
regents,0.726228
rejected,0.261848
rejection,0.443024
relatives,0.410942
relieve,0.360321
remainder,0.274889
report,0.167982
reported,0.192933
representatives,0.44868
representing,0.288973
republic,0.532911
require,0.241394
required,0.210769
requirement,0.539714
reservoirs,0.604259
residential,0.532911
resolution,0.261848
retailers,0.735499
retarded,0.48229
retire,0.360321
return,0.139879
revision,0.532911
ribbon,0.360321
right,0.0861429
rules,0.249708
rural,0.321055
s,0
said,0.0208824
saving,0.238351
savings,0.48229
scholastic,0.604259
scholastics,0.726228
school,0.10832
schooling,0.532911
schools,0.237073
seemed,0.174493
selected,0.360321
semester,0.74477
senate,0.443024
senator,0.532911
senators,0.48229
sending,0.238351
senior,0.325154
sent,0.121969
series,0.208112
serious,0.182315
served,0.161861
serving,0.321055
session,0.238351
set,0.0643913
seven,0.139879
several,0.100614
should,0.0685318
shouting,0.304284
sign,0.199086
signers,0.532911
similar,0.208112
since,0.0545356
site,0.410942
sites,0.443024
skills,0.532911
sledding,0.726228
small,0.116382
so,0.0378519
soaring,0.443024
solve,0.416188
something,0.133704
soon,0.141665
sought,0.199086
sounded,0.227684
sp,0.735499
speaker,0.304284
special,0.125083
spent,0.184642
sponsor,0.539714
sponsored,0.410942
stake,0.288973
state,0.095474
still,0.0771172
stocks,0.292662
storage,0.604259
students,0.304284
studied,0.261848
study,0.199086
subcommittee,0.726228
subject,0.208112
subjects,0.288973
subsistence,0.604259
succeed,0.304284
such,0.042464
suggested,0.261848
sway,0.383817
t,0.0487397
take,0.0652133
taken,0.0908356
taking,0.121969
taunted,0.48229
tax,0.210769
taxes,0.325154
taxpayers,0.410942
teach,0.199086
teacher,0.348265
teachers,0.36492
teaches,0.48229
teaching,0.281907
team,0.339595
tell,0.127739
term,0.199086
termed,0.410942
than,0.0151734
that,0
the,0
their,0.0088387
them,0.027951
there,0.0117353
these,0.0643913
they,0.0028978
thinks,0.261848
third,0.100614
thirds,0.383817
this,0.00584349
three,0.0213498
through,0.0450351
time,0.0210807
to,0
told,0.0781016
town,0.199086
treasurer,0.360321
two,0.0121847
unanimously,0.532911
unconstitutional,0.726228
under,0.0343673
underground,0.410942
underlying,0.48229
undermine,0.726228
unity,0.339595
up,0.0179101
upon,0.123526
utility,0.360321
vacancies,0.48229
validated,0.726228
veiled,0.410942
violate,0.48229
violation,0.48229
volume,0.274889
vote,0.220404
voted,0.339595
voters,0.383817
votes,0.410942
was,0
water,0.183403
watered,0.383817
week,0.0563916
welfare,0.288973
went,0.0771172
were,0.00591715
what,0.0309505
when,0.0151734
where,0.0450351
which,0.00322654
whipped,0.383817
who,0
why,0.146279
wide,0.139879
will,0
willing,0.199086
with,0
witnesses,0.339595
work,0.060346
worked,0.199086
would,0.0154806
year,0.0255508
yearly,0.339595
years,0.0283033
yesterday,0.116382
yet,0.146279
you,0.0826135
