A,0.00285479
Advisory,0.531705
Africa,0.359505
Again,0.288319
Aid,0.602891
America,0.217133
Among,0.166626
And,0.0683767
Angola,0.609237
Arkansas,0.359505
Army,0.249143
Asia,0.338826
Asian,0.531705
Assembly,0.531705
Atlantic,0.320329
Attorney,0.38698
B,0.19007
Berlin,0.338826
Boston,0.288319
Brandeis,0.724584
Bureau,0.602891
But,0.026297
Cabinet,0.724584
Canada,0.442022
Castro,0.442022
Citizens,0.531705
Committee,0.221705
Communist,0.360226
Communists,0.506524
Conflict,0.602891
Congress,0.306791
Cooperation,0.724584
Council,0.277153
Crime,0.486263
Cuba,0.42296
Cuban,0.382948
D,0.159459
David,0.249143
Dean,0.382948
Delinquency,0.732211
Department,0.303595
Detente,0.724584
Detroit,0.442022
Development,0.602891
Each,0.19007
East,0.174098
Economic,0.531705
Education,0.320329
Eisenhower,0.414328
European,0.359505
Even,0.181902
Exploratory,0.724584
Explosion,0.724584
Federal,0.303595
Foreign,0.418644
Former,0.602891
Fulbright,0.724584
GOP,0.531705
Gallup,0.724584
General,0.242819
Geneva,0.451327
Hackett,0.724584
Harvard,0.531705
He,0.0149175
Health,0.382948
His,0.101443
House,0.121693
How,0.174098
If,0.0954403
In,0.00593857
Institute,0.442022
Investigation,0.602891
It,0.0119552
Its,0.320329
J,0.159459
Juvenile,0.609237
Kennedy,0.246298
Kentucky,0.442022
Kremlin,0.442022
L,0.207641
Labor,0.303595
Lao,0.548496
Laos,0.497856
Latin,0.274266
M,0.152573
March,0.145947
Massachusetts,0.303595
Ministers,0.481198
Morton,0.410012
Mr,0.131474
NATO,0.777974
Nam,0.537302
National,0.19007
Nixon,0.491328
North,0.152573
Norway,0.410012
Offenses,0.724584
On,0.0813875
One,0.0974496
Organization,0.739838
Oslo,0.755093
Pathet,0.537302
Phouma,0.609237
Policies,0.732211
Portugal,0.602891
President,0.206076
Prince,0.277153
R,0.198636
Relations,0.382948
Republican,0.342393
Republicans,0.42296
Richard,0.181902
Royal,0.410012
Rusk,0.615583
SEATO,0.732211
Secretary,0.288701
Senate,0.320329
Senator,0.414328
Simultaneously,0.724584
Some,0.121693
South,0.183817
Southeast,0.414328
Souvanna,0.615583
Soviet,0.367073
State,0.139019
States,0.225817
Strenuous,0.724584
Technology,0.481198
Thailand,0.732211
The,0
There,0.0389588
They,0.0381638
This,0.0393564
Thruston,0.724584
Thursday,0.237812
Treaty,0.732211
UN,0.724584
Union,0.264006
United,0.216079
University,0.198636
Until,0.320329
Very,0.237812
Vice,0.359505
Viet,0.537302
W,0.139563
Washington,0.154179
Welfare,0.602891
West,0.16838
Western,0.277153
White,0.174098
Youth,0.382948
``,0.0678148
a,0
about,0.011832
absence,0.249143
accept,0.207641
acceptable,0.363289
acclaimed,0.602891
accredited,0.724584
achieve,0.338826
achievement,0.410012
actions,0.219419
ad,0.602891
add,0.288319
administration,0.391138
advance,0.249143
affair,0.261256
affirmation,0.724584
after,0.0212544
again,0.106586
against,0.0649218
age,0.145947
aggression,0.602891
ago,0.092538
agreed,0.19007
aid,0.189561
aided,0.481198
all,0.00581737
alliance,0.548496
allied,0.531705
allies,0.410012
ally,0.446674
almost,0.110717
alone,0.152573
along,0.085948
also,0.0184339
alternative,0.382948
always,0.181902
amateurish,0.724584
an,0
analysis,0.481198
and,0
animated,0.359505
announced,0.122974
annual,0.139563
another,0.070536
any,0.0401514
apparent,0.240315
appear,0.198636
application,0.338826
appointment,0.261256
appreciation,0.442022
are,0.00575677
areas,0.288319
arises,0.359505
arms,0.19207
around,0.100386
arrests,0.732211
as,0
asked,0.101443
asks,0.410012
assailed,0.410012
assertion,0.359505
assist,0.288319
assistant,0.303595
assisted,0.382948
at,0
atmosphere,0.261256
atomic,0.531705
attachment,0.382948
attack,0.19007
attacks,0.338826
attempt,0.219419
attending,0.261256
authorities,0.338826
avoided,0.359505
back,0.0454061
balance,0.274266
ban,0.442022
base,0.19007
basic,0.342393
be,0
become,0.116119
been,0.00666574
before,0.0312055
behind,0.181902
being,0.061477
better,0.101443
between,0.0877574
bitter,0.227168
blended,0.481198
bloc,0.531705
blunders,0.481198
both,0.0413131
brought,0.0954403
build,0.274266
burglary,0.531705
but,0.00294494
by,0
called,0.092538
came,0.0769426
can,0.0245098
candor,0.602891
capital,0.274266
carry,0.159459
cars,0.249143
case,0.100386
cases,0.227168
caused,0.207641
cease,0.22956
certain,0.145947
certainly,0.207641
chain,0.288319
chairman,0.209827
changed,0.198636
changes,0.219419
channels,0.410012
check,0.237812
circumstances,0.261256
clash,0.481198
clear,0.154179
clearly,0.198636
climate,0.274266
closer,0.237812
coalition,0.531705
colonialist,0.724584
combating,0.724584
come,0.0813875
commission,0.249143
committee,0.240315
communities,0.481198
compelled,0.338826
completely,0.237812
complication,0.531705
concentrate,0.410012
concerned,0.221705
conciliatory,0.724584
concluded,0.249143
conditions,0.288319
conference,0.22399
conflict,0.274266
confrontations,0.724584
connection,0.303595
conspicuous,0.382948
constantly,0.261256
constructive,0.531705
consultation,0.288319
contingency,0.531705
continue,0.181902
control,0.198636
conventional,0.414328
cooperation,0.442022
coordinate,0.724584
coordinating,0.602891
cope,0.410012
coping,0.531705
core,0.382948
cornerstone,0.724584
correspondent,0.481198
correspondents,0.732211
could,0.0308804
council,0.28004
count,0.261256
countries,0.254388
country,0.121693
court,0.139563
courteous,0.338826
crime,0.261256
critical,0.3237
critics,0.602891
daily,0.19007
danger,0.200726
days,0.0954403
de,0.261256
dealing,0.410012
debate,0.338826
decisions,0.359505
declared,0.16838
deeper,0.249143
deeply,0.288319
delegation,0.531705
delinquency,0.724584
described,0.288319
despite,0.266756
detach,0.602891
detailed,0.359505
detente,0.724584
determination,0.320329
determined,0.303595
deterrent,0.724584
development,0.217133
did,0.0568562
didn,0.217133
different,0.19007
difficult,0.237812
difficulties,0.303595
diplomat,0.724584
diplomatic,0.446674
direction,0.198636
directions,0.303595
director,0.227168
disagreed,0.531705
disappointment,0.359505
disapprove,0.442022
disclosed,0.288319
discussed,0.303595
discussions,0.481198
displayed,0.320329
disposal,0.442022
distance,0.237812
disturbing,0.382948
docile,0.531705
does,0.105475
dominated,0.531705
domination,0.724584
doubled,0.274266
down,0.0562639
dramatic,0.382948
during,0.0822443
each,0.0486294
early,0.0822443
economic,0.3237
educators,0.724584
effect,0.139563
effective,0.261256
efforts,0.220755
element,0.382948
eliminating,0.531705
emerge,0.481198
emotionally,0.724584
emphasis,0.274266
enactment,0.481198
encourage,0.320329
encouraging,0.303595
energy,0.303595
enough,0.110717
entirely,0.274266
enunciate,0.724584
erred,0.442022
errors,0.249143
erupts,0.724584
essence,0.481198
establishing,0.410012
even,0.0698162
events,0.249143
eventually,0.288319
ever,0.09063
evidence,0.19007
exacerbated,0.724584
excuses,0.410012
executive,0.306791
exile,0.410012
explain,0.261256
explanation,0.274266
exploratory,0.724584
explosion,0.338826
exposed,0.288319
extraordinary,0.303595
facing,0.338826
fact,0.154179
facto,0.724584
factor,0.410012
far,0.085948
faster,0.288319
favor,0.274266
federal,0.277153
feeds,0.410012
feel,0.12745
feels,0.249143
felt,0.154179
few,0.0954403
fewer,0.338826
fiasco,0.724584
field,0.145947
fighting,0.217133
find,0.128791
fire,0.147484
firm,0.139563
firmer,0.410012
firmly,0.237812
first,0.0184339
five,0.100386
fixed,0.261256
fleet,0.382948
for,0
forces,0.264006
foreign,0.185732
formative,0.602891
formula,0.382948
found,0.09063
four,0.0602094
frame,0.237812
franker,0.724584
free,0.121693
freer,0.531705
freeze,0.359505
friction,0.531705
from,0
fulfilled,0.382948
further,0.137614
future,0.147484
gain,0.237812
gave,0.141032
general,0.111882
generally,0.166626
genuine,0.320329
geographical,0.602891
gesture,0.320329
get,0.041748
give,0.106586
given,0.0822443
global,0.609237
globe,0.359505
government,0.150556
gradually,0.261256
grants,0.410012
great,0.09063
greater,0.159459
greatest,0.198636
ground,0.152573
group,0.110717
groups,0.303595
growth,0.274266
had,0.0125715
half,0.141032
haltingly,0.724584
hardly,0.152573
harsh,0.320329
has,0
hastened,0.410012
have,0.00944079
he,0.00630215
heart,0.181902
held,0.0769426
helped,0.261256
here,0.0649218
high,0.0449332
hilt,0.481198
himself,0.145947
his,0.00294494
hoc,0.724584
hoped,0.217133
hopes,0.19007
however,0.105475
huge,0.249143
idea,0.207641
ideas,0.274266
if,0.0389588
ill,0.217133
immediate,0.181902
impetus,0.531705
important,0.159459
impression,0.249143
in,0
inclination,0.303595
inconclusive,0.602891
increase,0.175931
individual,0.19007
information,0.249143
informed,0.227168
inside,0.288319
insist,0.363289
inspection,0.382948
instead,0.181902
institute,0.531705
intellectually,0.602891
interested,0.227168
international,0.306791
intervention,0.481198
into,0.0212544
invasion,0.382948
involved,0.181902
is,0
issued,0.274266
it,0
its,0.0195625
itself,0.181902
just,0.0769426
juvenile,0.418644
kind,0.133402
lack,0.338826
laid,0.200726
larceny,0.531705
leadership,0.367073
learn,0.181902
left,0.085948
legislation,0.320329
let,0.145947
limited,0.240315
line,0.159459
listen,0.237812
little,0.0813875
local,0.145947
locomotive,0.602891
long,0.0568562
looked,0.227168
losses,0.382948
made,0.0152283
main,0.274266
mainly,0.359505
maintenance,0.338826
make,0.0562639
manifestations,0.724584
march,0.261256
matter,0.111882
may,0.0529568
mean,0.166626
meeting,0.107696
meetings,0.320329
members,0.105475
merely,0.174098
met,0.166626
method,0.288319
military,0.198073
mind,0.181902
ministers,0.410012
modifications,0.602891
modified,0.531705
months,0.107696
monumental,0.531705
mood,0.249143
more,0.00934914
most,0.0350114
moves,0.288319
moving,0.207641
much,0.0698162
multiply,0.442022
must,0.0822443
mutual,0.303595
nation,0.207641
national,0.166626
nationalism,0.602891
nations,0.264006
nature,0.174098
naval,0.481198
need,0.101443
negative,0.382948
negotiations,0.481198
neighboring,0.481198
neighbors,0.382948
neutral,0.481198
neutralist,0.602891
neutralized,0.602891
never,0.093492
nevertheless,0.303595
new,0.0122017
nightmare,0.442022
no,0.00612036
northernmost,0.724584
not,0.00318535
notice,0.237812
noticeable,0.732211
now,0.0182458
nuclear,0.491328
obligations,0.382948
observer,0.382948
of,0
offenders,0.442022
official,0.217133
officials,0.261256
on,0
once,0.139563
one,0
only,0.0212544
opinions,0.261256
oppose,0.261256
optimism,0.531705
or,0.0119552
order,0.116119
organization,0.249143
other,0.00581737
others,0.133402
out,0
outcome,0.531705
outside,0.207641
over,0.0150729
part,0.0769426
participating,0.442022
particularly,0.198636
parts,0.198636
past,0.0649218
performing,0.338826
perhaps,0.159459
period,0.166626
personal,0.217133
persons,0.145947
pin,0.303595
place,0.09063
plans,0.175931
pleads,0.724584
points,0.181902
policies,0.45598
policy,0.243907
political,0.219419
politics,0.359505
poll,0.410012
popularity,0.481198
positions,0.382948
positive,0.320329
possibility,0.237812
power,0.133402
powers,0.288319
preoccupied,0.481198
prepared,0.181902
present,0.09063
prevent,0.19207
previous,0.207641
pricking,0.481198
pro,0.291354
problem,0.19207
problems,0.25701
proceed,0.274266
professors,0.531705
profound,0.288319
program,0.16838
programs,0.382948
prove,0.22956
provide,0.159459
provocation,0.38698
question,0.142501
raising,0.198636
rapid,0.288319
rate,0.19007
rather,0.116119
ratified,0.481198
react,0.602891
reaction,0.382948
ready,0.134806
realization,0.602891
recipient,0.531705
recognized,0.338826
recommend,0.320329
recommends,0.481198
reform,0.338826
reforms,0.531705
regard,0.217133
regime,0.442022
reiterated,0.410012
rekindling,0.724584
relations,0.19207
relaxation,0.602891
relinquish,0.531705
remarkably,0.382948
removal,0.382948
remove,0.274266
repeated,0.249143
reply,0.217133
reported,0.19007
respected,0.338826
response,0.382948
responsible,0.382948
restrain,0.338826
restrained,0.359505
resumption,0.531705
revamped,0.732211
reviewed,0.442022
revolt,0.410012
risk,0.274266
route,0.320329
rumored,0.724584
s,0
said,0.0182458
sailing,0.382948
scale,0.320329
score,0.261256
secretary,0.288319
see,0.0642456
seek,0.159459
semipublic,0.724584
senator,0.531705
sense,0.166626
serious,0.181902
served,0.159459
service,0.12745
session,0.237812
set,0.0649218
setback,0.602891
setbacks,0.724584
setting,0.174098
several,0.100386
sheet,0.320329
shipped,0.531705
should,0.0690965
show,0.100386
showing,0.291354
side,0.145947
since,0.0535084
situation,0.183817
six,0.110717
so,0.0377662
social,0.217133
societies,0.531705
solemnly,0.320329
some,0.0247651
somewhat,0.22956
source,0.274266
spark,0.410012
special,0.121693
specific,0.442022
specified,0.531705
speech,0.181902
speeches,0.410012
spirit,0.166626
spokesmen,0.609237
spots,0.320329
spring,0.166626
stand,0.121693
state,0.09063
statement,0.198636
statements,0.359505
states,0.264006
steamed,0.602891
stems,0.382948
step,0.194071
steps,0.174098
strengthening,0.446674
submarines,0.602891
such,0.0426177
sufficient,0.261256
suited,0.359505
support,0.154179
supported,0.274266
surprises,0.481198
surveyed,0.531705
susceptible,0.481198
system,0.181902
t,0.0486294
table,0.198636
tactical,0.724584
take,0.0649218
taken,0.09063
taking,0.121693
tendency,0.338826
tenor,0.531705
tension,0.481198
tentative,0.602891
territory,0.481198
test,0.217133
than,0.0156945
that,0
the,0
their,0.00879919
them,0.0281159
themselves,0.139563
there,0.0120785
these,0.0655981
they,0.00288484
this,0.00630215
those,0.0529568
three,0.0212544
threshold,0.338826
through,0.0458791
thus,0.19007
time,0.0216972
timely,0.410012
to,0
today,0.121693
told,0.0769426
tolerated,0.481198
too,0.0733717
topics,0.442022
totalitarian,0.724584
tougher,0.446674
toward,0.161138
track,0.274266
trade,0.237812
tragedies,0.602891
treated,0.207641
tremendous,0.274266
trend,0.481198
trouble,0.166626
troubles,0.237812
trusting,0.359505
two,0.0117087
unchanged,0.410012
under,0.0342895
underdeveloped,0.724584
understanding,0.28004
understates,0.724584
unity,0.338826
unlike,0.288319
up,0.018622
upon,0.122974
urged,0.217133
urgency,0.410012
use,0.0954403
used,0.110717
useless,0.288319
vagueness,0.602891
various,0.237812
verification,0.602891
very,0.0964449
victories,0.382948
vitality,0.410012
voiced,0.531705
votes,0.410012
walk,0.166626
want,0.116119
war,0.207641
warning,0.217133
was,0
waters,0.251765
weeks,0.154179
well,0.0524052
went,0.0769426
were,0.00599916
what,0.0308804
when,0.0147621
where,0.0454061
wherever,0.261256
whether,0.12745
which,0.00294494
who,0
whole,0.145947
whom,0.166626
why,0.145947
wider,0.338826
will,0
wisdom,0.237812
with,0
within,0.12745
without,0.061477
working,0.154179
world,0.0562639
would,0.0126947
year,0.0245098
years,0.0275362
yet,0.145947
