A,0.00291619
Acres,0.602982
Administration,0.338878
After,0.100401
Aj,0.338878
Although,0.261295
American,0.127469
Americans,0.320377
Appeals,0.481271
April,0.229628
Attacks,0.602982
Authority,0.481271
Ave,0.410074
Bank,0.383006
Bergen,0.724694
Board,0.288363
Bontempo,0.724694
Boonton,0.724694
But,0.0247761
Calling,0.481271
Campaigning,0.724694
Cape,0.359559
Case,0.414452
Charles,0.217166
Clifford,0.531786
Club,0.242927
Clubs,0.602982
Co,0.338878
Commissioner,0.442088
Committee,0.219485
Conservation,0.615857
Copeland,0.724694
Country,0.338878
County,0.250544
Court,0.217166
Cross,0.338878
Decries,0.724694
Defends,0.724694
Democratic,0.337479
Democrats,0.486409
Department,0.306883
Development,0.602982
Duffy,0.724694
Dumont,0.732431
Earlier,0.724694
Economic,0.531786
Education,0.320377
Edward,0.338878
Eisenhower,0.44072
Essex,0.537463
FBI,0.531786
Federation,0.531786
Fifteen,0.531786
Fire,0.320377
Forest,0.410074
Freeholder,0.724694
GOP,0.54314
Geraldine,0.724694
Gov,0.383006
Green,0.237848
Greenfield,0.732431
H,0.217166
Harriet,0.531786
He,0.0171288
His,0.100401
Hotel,0.277236
How,0.174125
Hudson,0.481271
Hughes,0.498726
I,0.016183
Ike,0.602982
In,0.00581911
Inn,0.338878
It,0.0120856
J,0.166294
James,0.147528
January,0.288363
Jersey,0.436342
Jim,0.303641
Jones,0.319149
Jr,0.207672
Kennedy,0.229628
MacDonald,0.602982
Mack,0.724694
May,0.14597
Mayor,0.338878
Meyner,0.747904
Michigan,0.410074
Military,0.724694
Mitchell,0.542928
Monday,0.142564
Morris,0.451528
Mr,0.131552
Mrs,0.130191
Must,0.227203
My,0.152596
Neil,0.602982
New,0.0690573
Newark,0.724694
Noting,0.602982
November,0.29452
Now,0.152596
October,0.288363
Orange,0.60942
P,0.190098
Park,0.219485
Party,0.395274
Plainfield,0.60942
Plains,0.442088
Port,0.410074
President,0.192128
Presidential,0.602982
Puddingstone,0.724694
R,0.205029
Red,0.240387
Regrets,0.724694
Republican,0.396764
Republicanism,0.740168
Republicans,0.423208
Richard,0.185815
Roos,0.732431
Salvatore,0.724694
Sandman,0.755641
Scotch,0.359559
Section,0.531786
Sees,0.602982
Seidel,0.732431
Sen,0.399363
Senate,0.320377
She,0.117376
Sheeran,0.740168
Sheets,0.747904
Southern,0.303641
State,0.140544
States,0.198666
Such,0.18193
Sunday,0.141074
Superior,0.442088
Supervisor,0.724694
Tax,0.481271
That,0.0964739
The,0
There,0.0377719
This,0.0377719
Thompson,0.410074
To,0.105491
Trenton,0.740168
Truck,0.602982
Under,0.24918
United,0.190098
University,0.198666
W,0.141074
Walter,0.383006
Warren,0.320377
Washington,0.154226
Wayne,0.410074
We,0.0964501
Weldon,0.724694
West,0.168431
Westfield,0.747904
When,0.0813999
William,0.117376
Women,0.29452
Woodland,0.724694
York,0.166651
You,0.141074
Young,0.274308
``,0.0827201
a,0
able,0.116137
about,0.0118355
absorbed,0.359559
actions,0.217166
added,0.107744
addressing,0.338878
administration,0.330638
adminstration,0.724694
adoption,0.383006
afraid,0.217166
after,0.0221591
against,0.0669993
agency,0.383006
ahead,0.280165
aid,0.187757
all,0.00594205
alloted,0.724694
also,0.0180631
am,0.139584
amendment,0.359559
an,0
and,0
announced,0.121711
announcement,0.338878
annual,0.139584
answer,0.166651
any,0.0381752
anyone,0.237848
apparent,0.237848
applause,0.359559
appointed,0.207672
appointment,0.261295
are,0.00600352
areas,0.288363
arguing,0.338878
as,0
ask,0.166651
asked,0.101473
at,0
attack,0.196187
attraction,0.359559
attractive,0.359559
audience,0.264085
available,0.359559
back,0.04494
bad,0.190098
ballots,0.724694
barbs,0.602982
basically,0.531786
basis,0.24918
be,0
beating,0.274308
because,0.0413194
become,0.117376
been,0.00575765
before,0.0308851
being,0.0602185
best,0.0813999
bid,0.207672
blame,0.24918
bloodstream,0.724694
bond,0.303641
boos,0.732431
both,0.0413194
breathes,0.531786
briefing,0.724694
bring,0.121711
business,0.0954548
but,0.00300764
by,0
call,0.133422
called,0.0916114
calls,0.207672
campaign,0.371439
campaigning,0.602982
can,0.0255531
candidacy,0.60942
candidate,0.38643
candidates,0.371076
cannot,0.133422
carcass,0.615857
carry,0.159483
carved,0.383006
central,0.274308
centralization,0.60942
chairman,0.20989
challenge,0.303641
changing,0.261295
charge,0.147528
chief,0.166651
choice,0.207672
chorus,0.320377
chosen,0.217166
citation,0.481271
clean,0.274308
closeness,0.602982
co,0.323797
cocktail,0.442088
colleagues,0.602982
come,0.0831379
comment,0.383006
commissioner,0.486409
committee,0.248005
committeewoman,0.732431
common,0.166651
companies,0.261295
complete,0.174125
condemning,0.383006
congealed,0.531786
conquer,0.410074
conserve,0.724694
considered,0.190098
continuance,0.410074
control,0.198666
controlled,0.383006
controversial,0.442088
corner,0.227203
could,0.0308851
counties,0.342495
county,0.221803
courageous,0.410074
credited,0.481271
credits,0.481271
crises,0.531786
dead,0.168431
debut,0.531786
decency,0.481271
decided,0.139584
decried,0.724694
deeply,0.288363
degree,0.219485
democracy,0.442088
demonstrate,0.481271
department,0.274308
description,0.261295
desire,0.207672
desperate,0.24918
developed,0.24918
development,0.217166
did,0.0580748
disagreed,0.531786
discredit,0.602982
discredited,0.602982
discrimination,0.410074
distasteful,0.531786
district,0.24918
division,0.24918
down,0.0562724
dynamic,0.531786
each,0.0486368
early,0.0822689
effort,0.162889
eight,0.116137
either,0.159483
elect,0.359559
elected,0.277236
election,0.236905
elephants,0.442088
employment,0.274308
enabling,0.481271
end,0.085961
enforcement,0.531786
established,0.24918
estate,0.198666
even,0.0683871
every,0.121711
exclusive,0.410074
expanded,0.383006
expected,0.105491
expedient,0.359559
experience,0.240387
expire,0.602982
explicit,0.531786
faced,0.24918
fail,0.261295
failed,0.18193
fall,0.141074
favor,0.274308
feeble,0.288363
feet,0.139584
fight,0.159483
fighting,0.219485
filled,0.207672
financing,0.724694
find,0.127469
fire,0.15532
fires,0.274308
first,0.0180631
fits,0.303641
fleet,0.383006
following,0.18193
for,0
forced,0.237848
forces,0.261295
forest,0.320377
forestry,0.724694
former,0.113098
forum,0.602982
forward,0.24918
four,0.0608614
free,0.121711
from,0
full,0.105491
fund,0.274308
funds,0.217166
gathering,0.274308
giveaway,0.724694
given,0.0813999
glad,0.217166
glow,0.261295
going,0.0954548
gone,0.166651
good,0.0642553
government,0.14597
governor,0.342495
graduation,0.724694
greater,0.159483
greatest,0.198666
green,0.190098
greeted,0.320377
gubernatorial,0.628732
had,0.0119605
hard,0.127469
has,0
have,0.00908076
having,0.166651
he,0.00674116
heart,0.18193
help,0.14597
here,0.0649413
high,0.04494
him,0.0377719
his,0.0032515
history,0.159483
home,0.0308851
honest,0.227203
honored,0.359559
hoodlums,0.602982
how,0.0769543
if,0.0377719
image,0.24918
immediate,0.18193
impinging,0.724694
in,0
income,0.274308
increased,0.217166
indicate,0.383006
industry,0.259822
infiltrating,0.724694
inject,0.724694
insult,0.383006
intention,0.274308
intentions,0.288363
interest,0.141074
intervals,0.320377
into,0.0217099
introduced,0.229628
involved,0.18193
is,0
issue,0.18156
issues,0.427586
it,0
its,0.0178723
ivory,0.383006
joblessness,0.724694
joined,0.174125
judge,0.18193
judgment,0.303641
just,0.0769543
keep,0.152596
kind,0.133422
known,0.159483
labor,0.303641
land,0.177842
large,0.105491
largest,0.217166
last,0.0255531
launched,0.383006
law,0.12883
lawyer,0.264085
leaders,0.207672
leadership,0.363398
leaving,0.217166
led,0.116137
left,0.0877964
legislation,0.323797
level,0.198666
liberal,0.320377
life,0.127469
lifeblood,0.724694
like,0.0562724
limited,0.237848
lines,0.154226
lip,0.303641
lives,0.18193
ll,0.173768
loan,0.359559
local,0.14597
looking,0.18193
looks,0.190098
lost,0.133422
love,0.217166
loving,0.261295
lumber,0.531786
m,0.100401
machines,0.306883
made,0.0153949
major,0.198666
majority,0.383006
make,0.0568732
making,0.085961
man,0.0563301
managers,0.481271
mandatory,0.724694
matching,0.410074
matter,0.110733
may,0.0524131
me,0.110733
mean,0.166651
mediocre,0.724694
meet,0.106618
meeting,0.106618
member,0.14597
members,0.107744
mention,0.229628
merit,0.303641
million,0.185815
minutes,0.14597
misconstrued,0.531786
modernized,0.724694
more,0.00870885
motor,0.383006
mouth,0.198666
municipalities,0.724694
must,0.0822689
my,0.0813999
name,0.127469
national,0.17021
nations,0.261295
nearly,0.166651
necessary,0.18193
needs,0.198666
new,0.0119605
night,0.0698473
no,0.00588058
nomination,0.496685
nominee,0.60942
not,0.00319054
nothing,0.152596
now,0.0182539
number,0.105491
of,0
offer,0.166651
office,0.133422
old,0.0524131
on,0
one,0
only,0.0214854
onrush,0.724694
open,0.12431
operation,0.190098
operative,0.602982
opponents,0.531786
or,0.0124606
organization,0.24918
origin,0.320377
original,0.227203
other,0.00600352
our,0.0785974
out,0
outcome,0.531786
outgoing,0.481271
over,0.0150796
overwhelmingly,0.724694
paper,0.227203
part,0.0769543
partner,0.227203
party,0.162889
passenger,0.481271
past,0.0642553
peace,0.190098
people,0.0676853
period,0.166651
personal,0.217166
persons,0.14597
philosophy,0.288363
piracy,0.724694
plan,0.150645
planned,0.227203
plant,0.237848
platform,0.383006
pledge,0.359559
plowing,0.531786
plows,0.724694
pointed,0.190098
pointing,0.274308
political,0.217166
poor,0.174125
popular,0.24918
population,0.288363
position,0.190098
preferably,0.724694
presentation,0.383006
preserve,0.291441
president,0.166294
prevent,0.190098
prevention,0.531786
primary,0.360585
private,0.159483
problems,0.24918
program,0.17021
project,0.190098
promised,0.240387
prop,0.442088
proper,0.207672
proposal,0.237848
proposed,0.18193
proud,0.183872
proven,0.724694
provide,0.159483
public,0.102545
purchase,0.291441
question,0.139584
questions,0.20989
radio,0.442088
railroad,0.410074
raising,0.198666
rapidly,0.227203
rate,0.190098
re,0.119856
real,0.133422
rebound,0.602982
received,0.127469
recent,0.159483
record,0.174125
reduction,0.531786
reference,0.338878
reform,0.338878
reforms,0.537463
regretted,0.410074
regular,0.24918
remains,0.264085
remark,0.327218
remember,0.190098
repay,0.531786
reports,0.227203
representative,0.320377
represents,0.481271
resent,0.383006
resignation,0.359559
resolve,0.359559
respond,0.531786
results,0.359559
retired,0.219485
retirements,0.724694
retiring,0.359559
right,0.085961
rule,0.18193
run,0.0813999
running,0.18193
s,0
safety,0.219485
sagging,0.531786
said,0.0226425
sales,0.303641
saved,0.24918
saving,0.237848
saying,0.159483
school,0.100401
schools,0.217166
secretary,0.288363
section,0.303641
see,0.0642553
seeking,0.24918
sell,0.207672
served,0.159483
service,0.130191
sessions,0.410074
setting,0.174125
shall,0.198666
share,0.14597
sheriff,0.446808
should,0.0691172
shown,0.198666
side,0.147528
signs,0.261295
since,0.0524131
slogans,0.724694
some,0.0242582
space,0.237848
special,0.121711
speech,0.18193
spend,0.207672
spoke,0.20989
springboard,0.724694
staggered,0.320377
stand,0.123011
stands,0.198666
state,0.110966
statement,0.202908
statements,0.359559
states,0.261295
station,0.198666
stature,0.338878
stepping,0.320377
steps,0.174125
still,0.0769543
stop,0.166651
stopped,0.217166
strong,0.147528
such,0.0417605
suffrage,0.531786
supervision,0.60942
supported,0.277236
surplus,0.602982
symbol,0.383006
sympathetic,0.410074
system,0.18193
t,0.0486368
take,0.0642553
taken,0.0906437
takes,0.174125
talk,0.152596
tangle,0.410074
taste,0.190098
tattered,0.363398
tax,0.214324
taxes,0.320377
techniques,0.602982
tell,0.127469
term,0.198666
terms,0.227203
test,0.217166
than,0.0147644
that,0
the,0
their,0.0088948
them,0.0275404
then,0.04494
there,0.0119605
they,0.00291619
think,0.0964739
thinks,0.261295
this,0.00612646
those,0.0524131
three,0.0212608
time,0.0214854
to,0
today,0.12431
told,0.0769543
too,0.0726184
toward,0.159483
tractor,0.537463
tracts,0.531786
training,0.359559
transcended,0.724694
transfer,0.410074
transportation,0.410074
tripping,0.531786
truth,0.183872
try,0.152596
tusks,0.602982
twice,0.18193
understand,0.207672
underwrite,0.724694
unemployment,0.724694
unhappy,0.274308
units,0.359559
unity,0.338878
unless,0.198666
until,0.121711
up,0.0180631
urban,0.481271
urged,0.217166
use,0.0964739
uses,0.383006
using,0.200787
utilities,0.531786
vacancy,0.531786
value,0.207672
vehicles,0.481271
vicious,0.602982
victory,0.229628
vital,0.320377
voluntarily,0.359559
vote,0.217166
voters,0.383006
voting,0.446808
waged,0.724694
war,0.207672
warden,0.740168
wardens,0.732431
was,0
ways,0.159483
we,0.0463793
week,0.0562724
well,0.0529727
were,0.00581911
what,0.032204
when,0.0147644
where,0.0454198
whether,0.127469
which,0.00288571
while,0.0529727
who,0
whose,0.116137
will,0
win,0.237848
with,0
without,0.0608614
witnessed,0.410074
witnessing,0.383006
women,0.154226
wooden,0.359559
word,0.14597
workers,0.303641
working,0.152596
world,0.0568732
would,0.0120856
wrong,0.190098
year,0.0258121
years,0.0284224
yesterday,0.116137
you,0.084007
