A,0.00301031
Abe,0.724807
About,0.174152
Abraham,0.442157
Act,0.481346
Administration,0.342601
Administrative,0.724807
Advisory,0.531868
Affairs,0.531868
Africa,0.36351
After,0.100417
America,0.219552
American,0.12887
An,0.154273
And,0.0691385
Apparently,0.531868
Arkansas,0.359615
Arthur,0.33893
As,0.0769662
Asia,0.342601
At,0.0691385
Averell,0.724807
Beame,0.740506
Boston,0.291531
Boun,0.724807
Boyce,0.724807
Britain,0.320427
Bronx,0.756206
Brooklyn,0.451735
Buckley,0.764056
Budgetary,0.724807
But,0.0250502
C,0.133443
Campus,0.603076
Can,0.198697
Canada,0.442157
Carmine,0.724807
Charles,0.2172
City,0.139605
College,0.261336
Committee,0.226609
Communist,0.357284
Congress,0.303689
Congressional,0.531868
Connor,0.603076
Controller,0.616139
Corps,0.349943
Corruption,0.531868
Council,0.274351
Counties,0.724807
Couve,0.724807
D,0.159508
Day,0.190128
De,0.310267
Defense,0.442157
Delaney,0.732656
Democrat,0.481346
Democratic,0.362071
Democrats,0.486559
Department,0.303689
E,0.159508
Each,0.194246
East,0.174152
Education,0.323897
Edwin,0.481346
European,0.359615
External,0.724807
Federal,0.306978
Feis,0.724807
Foreign,0.410138
Formula,0.724807
France,0.261336
G,0.227238
Geneva,0.446946
Gerosa,0.740506
Ghana,0.603076
Gordon,0.410138
Government,0.320134
Graft,0.724807
Green,0.237885
Harriman,0.724807
He,0.0147667
House,0.124367
Howard,0.303689
Hunter,0.481346
Hurrah,0.481346
I,0.0155663
In,0.00607038
India,0.277322
Indonesia,0.609608
Interviews,0.724807
Irish,0.320427
It,0.0120929
J,0.159508
James,0.147573
Jim,0.303689
Joe,0.288408
Joseph,0.274351
Jr,0.209954
June,0.300902
Kennedy,0.227238
Khrushchev,0.446946
Kremlin,0.442157
Labor,0.303689
Lao,0.531868
Laos,0.446946
Laotians,0.724807
Last,0.23216
Latin,0.277322
Lawrence,0.288408
Leadership,0.724807
Levitt,0.724807
Liberal,0.603076
Look,0.2172
MacDonald,0.603076
Malcolm,0.603076
Manhattan,0.481346
Massachusetts,0.310267
Maurice,0.442157
Mayor,0.375638
Mayoral,0.724807
Middle,0.383066
Minister,0.342601
Missionary,0.724807
Monday,0.139605
Moscow,0.410138
Moune,0.724807
Mr,0.149581
Murville,0.724807
N,0.181958
National,0.190128
Nations,0.353613
Neill,0.609608
New,0.0642653
No,0.133443
Northern,0.442157
O,0.177924
One,0.0954696
Opposition,0.531868
Oum,0.724807
P,0.190128
Pathet,0.531868
Paul,0.249219
Peace,0.313556
Phouma,0.609608
Premier,0.451735
President,0.194246
Prince,0.283265
Princes,0.446946
Princess,0.609608
Public,0.359615
Queens,0.609608
Question,0.410138
Questions,0.603076
R,0.200849
Rayburn,0.531868
Representative,0.609608
Republican,0.33893
Republicans,0.410138
Resentment,0.603076
Rules,0.616139
S,0.0916397
Sam,0.303689
Same,0.481346
Sapio,0.732656
Sargent,0.724807
Screvane,0.740506
Secretariat,0.603076
See,0.227238
Senate,0.323897
Sept,0.383066
Sharkey,0.724807
Shriver,0.724807
Six,0.320427
Some,0.124367
Souphanouvong,0.724807
Southeast,0.410138
Southern,0.306978
Souvanna,0.609608
Soviet,0.367405
Speaker,0.531868
Stark,0.724807
State,0.133443
States,0.198697
Sukarno,0.724807
T,0.249219
Tactics,0.724807
The,0
Their,0.161236
There,0.038187
These,0.154273
They,0.0385961
This,0.0385961
Thomas,0.261336
Three,0.227238
Times,0.410138
To,0.105508
Trimble,0.609608
Tuesday,0.161236
Twelve,0.531868
U,0.154273
Union,0.264166
United,0.202483
W,0.141117
Wagner,0.466101
Washington,0.155926
Western,0.280293
What,0.12173
When,0.0814126
Why,0.174152
Works,0.531868
Y,0.320427
York,0.166677
Zurich,0.732656
``,0.0680553
a,0
able,0.116155
about,0.0118392
above,0.181958
acceptance,0.288408
according,0.134888
accused,0.274351
action,0.139605
additional,0.219552
advance,0.249219
affairs,0.237885
after,0.0214952
against,0.0642653
agencies,0.456524
agenda,0.603076
agreed,0.192187
agreement,0.277322
agriculture,0.481346
aid,0.1859
air,0.166677
airport,0.603076
alienated,0.481346
all,0.00594564
allocated,0.603076
alone,0.15262
also,0.0178751
amending,0.724807
amid,0.33893
among,0.108936
an,0
and,0
announce,0.320427
annual,0.139605
another,0.0691385
anti,0.36351
any,0.0377778
apparent,0.237885
apparently,0.2172
appears,0.288408
approval,0.320427
are,0.00656931
aroused,0.410138
as,0
asked,0.100417
assent,0.359615
assigned,0.383066
assistance,0.261336
assistant,0.303689
assumed,0.320427
at,0
atmosphere,0.261336
attempt,0.221905
attend,0.190128
attention,0.237885
attorney,0.274351
attracted,0.359615
back,0.044947
balking,0.724807
banker,0.410138
be,0
beach,0.320427
beaming,0.383066
because,0.0417734
been,0.00600801
before,0.0308899
begin,0.15262
beginning,0.181958
believe,0.174152
believes,0.261336
believing,0.303689
beyond,0.174152
bigger,0.288408
biggest,0.261336
bill,0.215912
bills,0.291531
bitter,0.227238
bloc,0.537629
brothers,0.237885
brought,0.0954696
budget,0.383066
build,0.277322
but,0.0028866
by,0
came,0.0769662
can,0.0245247
candidacy,0.603076
candidate,0.36351
carried,0.190128
certain,0.145992
chambers,0.359615
changes,0.2172
chicanery,0.724807
choices,0.724807
church,0.205152
churchmen,0.732656
city,0.154273
classical,0.410138
clear,0.15262
clears,0.724807
climate,0.274351
coalition,0.55491
colleges,0.410138
come,0.0814126
committee,0.237885
community,0.274351
completed,0.227238
conceded,0.481346
concluded,0.249219
conference,0.219552
confidence,0.227238
confirm,0.303689
conflict,0.274351
confusion,0.237885
conservative,0.442157
considered,0.190128
conspiracy,0.33893
constitutional,0.33893
construction,0.306978
consultations,0.531868
consulting,0.320427
contend,0.303689
contract,0.288408
contrasting,0.603076
control,0.198697
controversy,0.442157
cordial,0.410138
corps,0.342601
corrupt,0.359615
corruption,0.359615
could,0.0312244
countries,0.260016
country,0.12173
county,0.219552
current,0.227238
cut,0.133443
daughter,0.166677
day,0.0413258
days,0.0965036
deal,0.229699
decided,0.142629
decision,0.174152
declared,0.166677
declined,0.288408
defense,0.33893
definite,0.383066
delegations,0.724807
deny,0.2172
department,0.274351
depends,0.261336
detailed,0.359615
developed,0.251918
development,0.221905
didn,0.2172
diplomats,0.724807
directed,0.229699
director,0.229699
disclosed,0.291531
discovered,0.249219
discussion,0.320427
distribution,0.410138
district,0.251918
do,0.0308899
don,0.159508
dormitories,0.603076
doubled,0.274351
down,0.0562812
driver,0.303689
dropping,0.288408
due,0.198697
each,0.049698
early,0.0814126
ease,0.249219
economic,0.327368
economist,0.603076
education,0.170288
effect,0.139605
effort,0.159508
efforts,0.209954
eight,0.116155
eighteen,0.320427
election,0.227238
emphasize,0.531868
encounter,0.288408
end,0.0859744
episode,0.531868
escape,0.237885
estimates,0.531868
ethical,0.531868
everything,0.237885
evidence,0.190128
example,0.190128
expanding,0.481346
expansive,0.481346
expected,0.112364
experts,0.481346
explains,0.33893
facilities,0.383066
factors,0.410138
families,0.237885
favorable,0.481346
feeling,0.159508
fifteen,0.303689
fight,0.159508
file,0.320427
filling,0.274351
floor,0.174152
follow,0.139605
for,0
forces,0.264166
forecasts,0.603076
forming,0.320427
formula,0.387215
forswears,0.603076
forty,0.274351
fourteen,0.320427
from,0
funds,0.221905
future,0.147573
gain,0.237885
gay,0.237885
general,0.110751
generally,0.166677
get,0.0426685
give,0.105508
given,0.0814126
goals,0.481346
going,0.0954696
good,0.0642653
government,0.149155
greater,0.159508
group,0.110751
groups,0.313556
growth,0.274351
guide,0.274351
had,0.0122197
hailed,0.442157
half,0.141117
hand,0.116155
happen,0.227238
hardly,0.154273
has,0
have,0.00899321
having,0.166677
he,0.00631984
head,0.102592
help,0.145992
here,0.0649613
highly,0.2172
highways,0.442157
him,0.0377778
himself,0.145992
his,0.00310309
holds,0.227238
home,0.0312244
hopeful,0.33893
hopes,0.190128
hospital,0.320427
hotel,0.294655
hour,0.116155
housing,0.367405
however,0.105508
identified,0.320427
if,0.038187
impression,0.249219
in,0
income,0.274351
incumbent,0.410138
induce,0.410138
influence,0.274351
inhabitants,0.320427
instead,0.181958
intensified,0.603076
intentions,0.288408
internal,0.383066
interview,0.306978
interviews,0.531868
investigate,0.359615
investigations,0.531868
is,0
it,0
its,0.0182622
jesting,0.481346
jobs,0.306978
jockeying,0.724807
joint,0.288408
judge,0.181958
key,0.181958
kingdom,0.320427
languages,0.359615
last,0.0258385
latter,0.2172
leader,0.218952
leaders,0.223451
leadership,0.359615
life,0.127489
lines,0.15262
little,0.0814126
lives,0.1859
loans,0.442157
locale,0.724807
long,0.0568908
low,0.159508
luncheon,0.320427
m,0.100417
made,0.0152464
major,0.200849
make,0.0568908
mates,0.423464
mathematics,0.442157
maximum,0.33893
me,0.110751
means,0.15262
meanwhile,0.33893
measure,0.209954
meet,0.105508
meetings,0.320427
member,0.149155
members,0.107793
methods,0.288408
military,0.190128
minute,0.207705
missionary,0.537629
moderate,0.274351
modest,0.2172
month,0.110751
months,0.105508
mood,0.249219
more,0.00918188
mortgages,0.603076
most,0.0343001
moving,0.207705
my,0.0814126
name,0.127489
nation,0.209954
nations,0.264166
nearly,0.166677
negotiation,0.442157
negotiations,0.481346
neutralists,0.724807
new,0.011966
newspapers,0.33893
night,0.0683977
nine,0.15262
nineteenth,0.442157
ninety,0.410138
no,0.00588328
nomination,0.481346
norm,0.724807
not,0.00285567
novel,0.383066
now,0.0178751
number,0.10665
object,0.274351
of,0
off,0.052989
officer,0.249219
official,0.2172
on,0
one,0
only,0.0212673
operation,0.190128
opportunity,0.227238
oppose,0.261336
opposition,0.310267
optimistic,0.531868
or,0.0123466
organization,0.262715
other,0.00588328
out,0
outlay,0.603076
over,0.0147667
overly,0.724807
overseas,0.724807
own,0.0859744
owner,0.291531
pace,0.2172
panel,0.342601
parochial,0.531868
particularly,0.198697
party,0.166418
pass,0.168483
passed,0.181958
passing,0.181958
past,0.0642653
pay,0.12173
paying,0.237885
payments,0.481346
pays,0.320427
people,0.0656573
performance,0.2172
personnel,0.410138
petty,0.33893
pick,0.249219
plan,0.147573
plenary,0.724807
plunder,0.603076
pockets,0.320427
point,0.12887
pointed,0.190128
political,0.224257
politicians,0.419022
politics,0.359615
popular,0.249219
population,0.297778
populous,0.33893
positions,0.383066
post,0.192187
posts,0.346272
premium,0.481346
present,0.0906578
preserve,0.288408
prevent,0.190128
primary,0.342601
principles,0.323897
private,0.164691
pro,0.291531
problem,0.190128
process,0.303689
professional,0.306978
program,0.168483
progress,0.261336
project,0.190128
projects,0.391364
property,0.207705
proposal,0.237885
proposed,0.183929
proposes,0.481346
proposing,0.442157
proselytizing,0.724807
protested,0.320427
provide,0.159508
provides,0.36351
public,0.104767
publicized,0.724807
publicly,0.359615
published,0.442157
pulled,0.274351
puts,0.274351
question,0.142629
quick,0.198697
raised,0.209954
rank,0.237885
rapidly,0.227238
rate,0.190128
reached,0.166677
reaction,0.383066
read,0.145992
reader,0.359615
reasons,0.174152
receive,0.192187
received,0.127489
receiving,0.288408
recent,0.159508
recognized,0.33893
recommendations,0.410138
recommended,0.288408
record,0.174152
regarded,0.274351
relations,0.190128
relaxation,0.603076
religious,0.272657
remarked,0.320427
remarks,0.288408
replace,0.41458
replaced,0.410138
report,0.164691
reported,0.200424
reporters,0.537629
reports,0.229699
requirement,0.531868
rescue,0.320427
resentment,0.446946
responsible,0.383066
return,0.139605
revulsion,0.531868
ridden,0.481346
right,0.0859744
rising,0.198697
rival,0.33893
role,0.410138
round,0.159508
royal,0.320427
run,0.0814126
running,0.18787
s,0
said,0.0196174
same,0.0916397
saw,0.12173
say,0.10665
says,0.166677
scandals,0.603076
school,0.101505
science,0.288408
scientist,0.410138
search,0.227238
secret,0.181958
see,0.0642653
seek,0.159508
seems,0.181958
selfish,0.33893
separation,0.359615
serious,0.181958
session,0.237885
several,0.101505
sharply,0.274351
she,0.110751
should,0.0683977
shrugged,0.442157
siding,0.603076
since,0.0524213
situation,0.181958
six,0.110751
slate,0.410138
slowed,0.481346
slums,0.603076
some,0.0250502
something,0.133443
sometime,0.33893
source,0.274351
speech,0.181958
spent,0.183929
spoke,0.207705
spotlight,0.603076
staff,0.168483
stage,0.190128
stalled,0.531868
stand,0.12173
start,0.133443
starts,0.274351
state,0.0985127
statement,0.203001
still,0.0769662
strength,0.166677
strong,0.145992
struggle,0.288408
studied,0.261336
subject,0.207705
submitted,0.33893
successful,0.198697
succession,0.383066
successor,0.531868
such,0.042221
t,0.0491712
tactics,0.724807
take,0.0642653
taking,0.12173
talked,0.237885
talks,0.266997
tangible,0.724807
task,0.261336
taxi,0.531868
teaching,0.277322
technical,0.359615
technicians,0.481346
telephone,0.33893
temporarily,0.410138
term,0.200849
than,0.0152464
that,0
the,0
their,0.00908754
them,0.0275446
then,0.044947
there,0.011966
these,0.0649613
they,0.00285567
thing,0.12173
third,0.100417
this,0.00619511
those,0.052989
three,0.0221788
through,0.044947
ticket,0.41458
time,0.0210395
to,0
today,0.123049
together,0.0906578
tomorrow,0.243038
too,0.0726297
took,0.0906578
touch,0.159508
toward,0.159508
trying,0.190128
twenty,0.198697
two,0.0123466
uncertain,0.303689
uncommitted,0.724807
under,0.0346716
understanding,0.274351
understood,0.249219
unite,0.383066
universities,0.481346
unless,0.198697
unspecified,0.481346
until,0.12173
up,0.0182622
upon,0.12173
use,0.0954696
useless,0.288408
usual,0.240461
usually,0.249219
view,0.168483
viewed,0.288408
visited,0.261336
visitor,0.383066
visits,0.383066
voluntary,0.310267
vote,0.219552
voters,0.387215
voting,0.442157
wanted,0.145992
war,0.207705
was,0
waterfront,0.724807
wave,0.33893
ways,0.159508
weakness,0.249219
week,0.0593289
welcomed,0.442157
welled,0.724807
were,0.00588328
what,0.0308899
when,0.0147667
where,0.044947
whether,0.12887
which,0.00294845
while,0.0524213
who,0
widely,0.410138
will,0
willing,0.198697
with,0
within,0.12887
without,0.0615325
work,0.0608802
workers,0.303689
works,0.237885
worry,0.288408
worse,0.174152
would,0.0132345
writes,0.410138
year,0.0250502
years,0.0275446
yesterday,0.121187
you,0.0814126
young,0.0906578
