A,0.00308593
AP,0.409864
Adnan,0.724323
Alexander,0.409864
An,0.152518
Ankara,0.724323
Area,0.602674
Association,0.279744
At,0.0683521
Attorney,0.38281
Authority,0.485916
Ave,0.422369
Backs,0.602674
Baptist,0.441862
Barnard,0.746421
Barnet,0.724323
Battalion,0.724323
Belanger,0.724323
Berger,0.768519
Both,0.152518
Builders,0.731689
Business,0.38281
But,0.0242457
By,0.159402
C,0.136066
Cambridge,0.481024
Can,0.198564
Casualty,0.724323
Cedvet,0.724323
Cemal,0.724323
Certain,0.409864
Chief,0.288215
City,0.150862
Co,0.352482
Commission,0.38281
Commissioner,0.455343
Committee,0.217055
Common,0.359375
Concern,0.531513
Consolidated,0.724323
Constantinos,0.724323
Continental,0.441862
Controller,0.608802
Corp,0.450849
Council,0.274167
Councilwoman,0.724323
County,0.237726
Court,0.22147
Crumlish,0.724323
D,0.159402
Dannehower,0.724323
Davenport,0.608802
David,0.249053
Department,0.303486
Deputy,0.602674
Dicks,0.724323
Director,0.536919
District,0.323469
Donald,0.441862
Douglas,0.38281
Doxiadis,0.724323
Dr,0.190001
Eastwick,0.753787
El,0.490808
Elevated,0.724323
Erection,0.724323
Estimates,0.724323
Eugene,0.446356
F,0.181837
Feb,0.320213
Federal,0.303486
Fighters,0.602674
Finance,0.731689
Fire,0.320213
For,0.0905973
Four,0.237726
Frankford,0.724323
Friday,0.174035
Gen,0.370339
Gillis,0.724323
Gladden,0.753787
Goodis,0.746421
Greece,0.409864
Grovers,0.724323
Gursel,0.739055
Harold,0.531513
He,0.0150569
Health,0.38281
Hemphill,0.775885
Henry,0.207566
Hess,0.724323
His,0.10137
Home,0.38281
Hood,0.531513
Hooked,0.724323
Horace,0.724323
Hotel,0.274167
Howard,0.303486
Hughes,0.47781
I,0.0150569
Ignition,0.724323
In,0.0057547
Inc,0.441862
Indemnity,0.724323
Industries,0.724323
Inspections,0.724323
International,0.320213
Intervenes,0.724323
Island,0.261161
It,0.0119426
J,0.159402
James,0.147379
Jim,0.303486
John,0.0725812
Jr,0.207566
Judge,0.219262
Julian,0.481024
K,0.303486
Kansas,0.418201
Kaplan,0.724323
Kas,0.724323
Knauer,0.731689
Leary,0.724323
Led,0.409864
Lee,0.288215
Leonard,0.441862
Licenses,0.724323
Lieberman,0.724323
M,0.154069
Managing,0.724323
Mass,0.409864
McConnell,0.602674
Memorial,0.38281
Menderes,0.731689
Metal,0.724323
Mining,0.731689
Minister,0.338704
Mo,0.481024
Monday,0.139512
Montgomery,0.602674
Mrs,0.127404
N,0.181837
New,0.0648755
Norristown,0.724323
Nov,0.441862
Oct,0.36303
On,0.0813582
One,0.0954059
P,0.190001
PTC,0.739055
Party,0.38281
Petitions,0.602674
Philadelphia,0.402275
Planning,0.602674
Pleas,0.481024
Police,0.36303
Pratt,0.490808
Premier,0.441862
President,0.190001
Property,0.724323
Public,0.359375
R,0.198564
Reconstruction,0.724323
Redevelopment,0.739055
Residential,0.608802
Revenue,0.481024
Reynolds,0.531513
Richard,0.181837
Robert,0.227086
S,0.0915186
Samuel,0.342149
Shiflett,0.731689
Shortcuts,0.724323
Solicitor,0.602674
Sons,0.481024
St,0.140931
Stage,0.485916
Stansbery,0.724323
Stanton,0.724323
Steel,0.481024
Sunay,0.724323
TNT,0.724323
Testifies,0.724323
The,0
Transportation,0.724323
Travelers,0.724323
Tuesday,0.165886
Turkey,0.608802
Turkish,0.481024
U,0.152518
UPI,0.481024
V,0.249053
Varani,0.731689
Victim,0.724323
Virginia,0.359375
W,0.139512
Wagner,0.46433
Warren,0.320213
We,0.09244
Wide,0.602674
William,0.116077
Women,0.288215
Would,0.207566
``,0.0669205
a,0
about,0.0118235
accepting,0.338704
accident,0.261161
accomodations,0.724323
account,0.190001
acre,0.342149
active,0.274167
added,0.105437
additional,0.219262
adequately,0.481024
administration,0.320213
advantage,0.198564
after,0.0220945
against,0.0655286
ago,0.0905973
agreed,0.191933
agreeing,0.38281
agreement,0.279744
agreements,0.536919
almost,0.110677
along,0.085917
also,0.0187714
am,0.139512
amount,0.225884
an,0
and,0
animal,0.323469
ankles,0.359375
announcement,0.338704
annual,0.139512
annually,0.441862
anyway,0.481024
apart,0.249053
apartment,0.263817
apartments,0.359375
apparently,0.219262
appeared,0.190001
approved,0.263817
architecture,0.359375
are,0.0057547
area,0.166566
army,0.279744
arrest,0.320213
as,0
asking,0.237726
assigned,0.38281
association,0.381303
at,0
attended,0.198564
attorney,0.274167
authority,0.217055
automobile,0.441862
away,0.10035
bankrupt,0.446356
bankruptcy,0.608802
bar,0.288215
bargaining,0.38281
barred,0.409864
battalion,0.531513
battle,0.237726
be,0
bed,0.190001
been,0.00616435
before,0.0311832
began,0.105437
behalf,0.338704
believed,0.237726
between,0.0894119
bid,0.209677
bids,0.394489
big,0.133354
bill,0.198564
bites,0.481024
blast,0.263817
bomb,0.414032
bombing,0.724323
bond,0.312745
bonding,0.724323
boost,0.441862
both,0.0417182
bounded,0.38281
bowed,0.274167
boy,0.139512
bridges,0.441862
bring,0.121649
brought,0.0954059
builder,0.441862
builders,0.38281
but,0.00288278
by,0
called,0.0905973
calls,0.211788
came,0.077697
can,0.0242457
car,0.225884
care,0.175805
case,0.10137
catchers,0.602674
caught,0.174035
center,0.254118
central,0.276956
certifying,0.724323
changes,0.217055
charge,0.145895
charged,0.229396
charges,0.291146
chief,0.166566
churches,0.320213
circulation,0.441862
city,0.178886
claim,0.276956
clearly,0.198564
clusters,0.38281
coalition,0.531513
collects,0.481024
commission,0.249053
committee,0.237726
companies,0.261161
company,0.126598
compensated,0.602674
competing,0.531513
complete,0.174035
completion,0.38281
composed,0.303486
concern,0.266473
conference,0.219262
consulting,0.320213
containing,0.237726
contested,0.531513
contract,0.297008
contracted,0.342149
contracting,0.602674
contractor,0.531513
contractors,0.731689
contributions,0.338704
cooperate,0.531513
corporation,0.441862
cost,0.202603
could,0.0311832
counsel,0.288215
coup,0.602674
court,0.139512
covered,0.261161
covering,0.320213
created,0.237726
crisis,0.338704
critic,0.481024
d,0.148862
day,0.0417182
deadline,0.531513
decision,0.174035
declared,0.166566
defense,0.338704
demanded,0.274167
department,0.274167
designated,0.481024
developed,0.249053
developing,0.441862
development,0.219262
device,0.481024
did,0.0562436
direction,0.198564
director,0.227086
directors,0.409864
disagreement,0.409864
disclosed,0.288215
disclosures,0.531513
dispute,0.303486
dissension,0.531513
dividing,0.359375
do,0.0311832
does,0.105437
dog,0.259184
dogs,0.276956
draw,0.207566
drew,0.198564
drive,0.139512
driveway,0.731689
driving,0.181837
during,0.0821856
dwellings,0.409864
each,0.0486119
eight,0.116077
either,0.159402
elections,0.608802
eliminate,0.441862
eliminates,0.724323
eliminating,0.531513
emergency,0.38281
engineering,0.485916
enough,0.112928
entire,0.190001
esplanade,0.739055
estimated,0.261161
etat,0.724323
eventually,0.288215
executive,0.303486
expansion,0.338704
expected,0.105437
expects,0.320213
expense,0.261161
explosion,0.338704
explosive,0.441862
failed,0.181837
failure,0.303486
family,0.133354
far,0.085917
feature,0.342149
fee,0.329982
fees,0.52505
feet,0.139512
females,0.409864
fight,0.161023
fighters,0.614931
figure,0.198564
filed,0.386703
filing,0.441862
final,0.174035
find,0.127404
fined,0.602674
fire,0.150346
fired,0.303486
firemen,0.531513
firm,0.14235
firms,0.359375
first,0.0178631
flash,0.274167
flat,0.237726
flies,0.249053
flying,0.237726
following,0.181837
for,0
form,0.15562
formally,0.303486
formed,0.261161
former,0.111802
formerly,0.274167
four,0.0607998
fractures,0.724323
from,0
front,0.162644
full,0.109726
fully,0.217055
garden,0.249053
general,0.110677
get,0.0412982
gifts,0.288215
given,0.0813582
got,0.0725812
gotten,0.441862
government,0.150346
guards,0.441862
had,0.0124187
half,0.139512
has,0
have,0.00896995
hazards,0.446356
he,0.00610583
headed,0.190001
headline,0.531513
hearing,0.16826
here,0.0655286
high,0.044917
higher,0.169954
him,0.0377526
his,0.00302789
hit,0.147379
home,0.0314971
hood,0.531513
hospital,0.320213
hotel,0.288215
hotels,0.394489
hour,0.116077
hours,0.152518
house,0.115179
houses,0.193866
if,0.0377526
ignition,0.602674
impossibly,0.602674
in,0
included,0.227086
increase,0.177575
increased,0.217055
indecisive,0.602674
indicated,0.198564
indorsed,0.724323
information,0.249053
injured,0.274167
inside,0.291146
insisted,0.274167
interested,0.227086
intervened,0.531513
into,0.0212392
investigate,0.359375
investigating,0.608802
investigation,0.276956
involve,0.338704
involving,0.409864
is,0
it,0
its,0.0185898
jail,0.359375
job,0.217055
join,0.207566
joint,0.294077
joints,0.386703
junta,0.739055
just,0.0784792
killed,0.261161
knew,0.152518
knocked,0.249053
know,0.0973464
known,0.159402
laboratory,0.602674
land,0.174035
landed,0.274167
landscaped,0.724323
last,0.0249854
later,0.0954059
latest,0.288215
law,0.127404
laws,0.249053
leaders,0.216009
leading,0.198564
led,0.117258
left,0.0885382
legitimate,0.481024
length,0.207566
less,0.159402
license,0.329982
licenses,0.531513
licensing,0.602674
listed,0.338704
local,0.148862
loss,0.198564
low,0.159402
lying,0.237726
made,0.0147568
major,0.198564
males,0.441862
man,0.0523863
manslaughter,0.602674
master,0.217055
matter,0.111802
maximum,0.338704
mean,0.166566
meeting,0.107582
member,0.145895
members,0.105437
mile,0.207566
military,0.19773
model,0.288215
months,0.108654
more,0.00896995
morning,0.154069
mostly,0.288215
move,0.147379
multi,0.531513
multiple,0.602674
must,0.0813582
national,0.16826
new,0.0119426
night,0.0683521
nitroglycerine,0.724323
no,0.00598879
not,0.00294083
novel,0.38281
now,0.0180448
objected,0.359375
objection,0.323469
occupancy,0.724323
of,0
off,0.052919
offered,0.191933
officers,0.181837
officials,0.261161
on,0
one,0
only,0.0212392
open,0.121649
operate,0.359375
opposed,0.249053
or,0.0118235
ordinance,0.536919
organization,0.249053
organizing,0.481024
original,0.227086
other,0.00587174
out,0
outspoken,0.602674
over,0.0150569
overhauling,0.724323
overthrow,0.38281
own,0.085917
owners,0.274167
paid,0.14235
pardoned,0.359375
parks,0.386703
part,0.077697
parties,0.231705
party,0.159402
passed,0.181837
passing,0.181837
pay,0.121649
payment,0.288215
pedestrian,0.531513
pedestrians,0.485916
pedigreed,0.724323
penalized,0.724323
people,0.0642224
per,0.209677
percent,0.608802
perform,0.274167
performance,0.22147
period,0.166566
permits,0.446356
person,0.166566
personnel,0.409864
persons,0.145895
petitions,0.446356
placed,0.200583
plan,0.15183
planned,0.227086
planner,0.724323
plans,0.174035
played,0.174035
pleaded,0.409864
pledges,0.531513
point,0.127404
policemen,0.338704
political,0.219262
position,0.190001
post,0.190001
preliminary,0.481024
present,0.0905973
presented,0.16826
president,0.164265
press,0.251586
pressure,0.237726
prison,0.237726
private,0.159402
probation,0.414032
project,0.211256
pronounced,0.274167
proposal,0.237726
proposed,0.181837
protocol,0.724323
provides,0.359375
providing,0.409864
pulled,0.274167
purchase,0.291146
questioned,0.249053
raise,0.219262
raised,0.207566
raising,0.198564
ran,0.166566
range,0.261161
ranged,0.418201
rates,0.38281
reached,0.16826
received,0.127404
recent,0.159402
recovery,0.359375
redevelopers,0.724323
regime,0.441862
regulate,0.531513
rehabilitation,0.602674
relations,0.190001
remainder,0.274167
renewal,0.409864
reorganization,0.608802
repair,0.338704
repaired,0.409864
repairs,0.531513
replied,0.237726
replies,0.531513
reply,0.217055
report,0.159402
reported,0.190001
reportedly,0.481024
representation,0.441862
representatives,0.441862
representing,0.288215
reprimanded,0.724323
responsible,0.38281
reviewing,0.731689
reward,0.276956
rigged,0.608802
rigging,0.531513
roads,0.338704
roof,0.261161
room,0.139512
rooming,0.608802
rooms,0.263817
row,0.227086
ruled,0.237726
run,0.0830129
s,0
said,0.021678
same,0.0905973
satisfied,0.237726
saying,0.159402
schedule,0.359375
schools,0.217055
second,0.0954059
secretary,0.288215
sectors,0.724323
see,0.0642224
sell,0.207566
sent,0.121649
sentence,0.261161
series,0.207566
services,0.22147
set,0.0642224
sets,0.303486
several,0.10035
severly,0.724323
sharp,0.227086
she,0.110677
shopping,0.441862
shortcuts,0.724323
should,0.0683521
sign,0.198564
signature,0.602674
since,0.0523863
single,0.139512
six,0.110677
small,0.117258
so,0.0377526
solution,0.409864
some,0.0242457
sons,0.261161
spends,0.441862
spokesman,0.359375
st,0.274167
staff,0.166566
started,0.139512
starter,0.602674
stated,0.338704
stores,0.359375
strength,0.166566
study,0.198564
sue,0.4957
sued,0.531513
suffered,0.227086
suit,0.227086
supported,0.274167
t,0.0491062
take,0.0642224
taking,0.121649
target,0.409864
teamsters,0.547729
technicians,0.481024
telephone,0.338704
term,0.198564
testimony,0.288215
than,0.015207
that,0
the,0
then,0.044917
there,0.0119426
these,0.0642224
they,0.00285376
think,0.0954059
those,0.0523863
threat,0.288215
threatened,0.288215
threatening,0.261161
through,0.0453737
time,0.0210254
to,0
today,0.122886
took,0.0905973
top,0.116077
tore,0.338704
torn,0.288215
track,0.276956
tract,0.450849
traffic,0.294077
transit,0.531513
treasurer,0.359375
turned,0.152518
two,0.0121806
under,0.0356715
union,0.294077
unnoticed,0.481024
until,0.121649
up,0.0178631
variety,0.227086
vehicles,0.481024
vehicular,0.724323
violated,0.441862
violating,0.724323
violations,0.602674
voiced,0.531513
vouchers,0.602674
walkways,0.724323
wall,0.227086
want,0.116077
warning,0.217055
was,0
we,0.0453737
well,0.0523863
were,0.00587174
west,0.274167
wheel,0.342149
when,0.0149069
which,0.003173
who,0
whole,0.145895
wide,0.139512
widow,0.306572
wife,0.10035
will,0
with,0
won,0.139512
work,0.0644722
would,0.0128948
year,0.025232
years,0.0275263
you,0.0813582
younger,0.237726
