A,0.00309909
AP,0.41883
Adair,0.740168
Albany,0.481271
American,0.132913
Andy,0.602982
Army,0.254501
Art,0.24918
Athletics,0.732431
Auburn,0.724694
B,0.190098
Baltimore,0.41883
Barber,0.531786
Barker,0.531786
Beach,0.303641
Better,0.320377
Big,0.481271
Bill,0.240387
Bird,0.359559
Birds,0.378753
Bob,0.303641
Bobby,0.442088
Bombers,0.724694
Both,0.152596
Bowie,0.724694
Brandt,0.60942
Braves,0.481271
Breeding,0.740168
Brooks,0.54314
Brown,0.320377
Buddy,0.724694
But,0.0242582
Butcher,0.602982
C,0.133422
Cal,0.602982
Carey,0.491547
Casey,0.442088
Catcher,0.724694
Chardon,0.724694
Chicago,0.303641
Cipriani,0.724694
City,0.147035
Class,0.602982
Cleveland,0.410074
Clint,0.531786
Clipper,0.724694
Coast,0.320377
College,0.261295
Columbus,0.387096
Connie,0.724694
Courtney,0.724694
Culmone,0.724694
D,0.159483
Dave,0.442088
Day,0.194158
Dick,0.342495
Dimaggio,0.724694
Director,0.531786
Ditmar,0.724694
Dunn,0.732431
Duren,0.732431
Ed,0.442088
Ex,0.602982
Fingered,0.724694
Fisher,0.531786
Fla,0.41883
Flock,0.747904
Florida,0.410074
Football,0.531786
Forbes,0.724694
Fort,0.537463
Francisco,0.342495
Frank,0.219485
Franklin,0.359559
Fresh,0.491547
Ga,0.602982
Gaining,0.602982
Games,0.531786
Garden,0.367237
Gentile,0.54314
George,0.175984
Glen,0.481271
Grace,0.338878
Grapefruit,0.724694
Grimm,0.602982
Hallowell,0.724694
Hansen,0.786589
Hartman,0.747904
He,0.0147644
Helen,0.442088
Herzog,0.724694
Heywood,0.724694
Hospital,0.303641
Houk,0.531786
House,0.12431
Howser,0.732431
Hoyt,0.724694
Hyde,0.755641
I,0.0157101
If,0.0954548
Iglehart,0.724694
Illinois,0.338878
In,0.00575765
Indications,0.724694
It,0.0118355
J,0.159483
Jack,0.192128
Jackie,0.602982
Jamaican,0.724694
James,0.14597
Jerry,0.451528
Jim,0.303641
Jockey,0.724694
Joe,0.288363
John,0.0726184
Jr,0.207672
Just,0.190098
K,0.303641
Kansas,0.431964
Keegan,0.740168
Kerr,0.740168
Knights,0.602982
Knox,0.537463
Kubek,0.724694
Kunkel,0.747904
Ky,0.732431
League,0.34432
Lee,0.288363
Lumpe,0.747904
M,0.155855
MacPhail,0.724694
Major,0.442088
Mal,0.602982
Manager,0.531786
March,0.153762
Marv,0.732431
Md,0.602982
Miami,0.456248
Mills,0.460968
Milt,0.602982
Milties,0.724694
Milwaukee,0.481271
Miss,0.198666
Mrs,0.127469
N,0.18193
National,0.192128
New,0.0676853
Norm,0.602982
Norman,0.274308
Ohio,0.288363
Old,0.198666
Oriole,0.755641
Orioles,0.648045
Over,0.274308
P,0.194158
Paget,0.724694
Palm,0.442088
Pappas,0.724694
Patrick,0.537463
Patty,0.531786
Paul,0.24918
Pennsylvania,0.410074
Pete,0.531786
Petersburg,0.537463
Philip,0.410074
Pitcher,0.724694
Powell,0.531786
Prior,0.602982
Public,0.359559
Purdue,0.724694
Purse,0.60942
Ralph,0.320377
Relations,0.383006
Richard,0.18193
Richards,0.724694
Robinson,0.449476
Roland,0.481271
Ron,0.531786
Rookie,0.531786
Rosy,0.724694
Russ,0.602982
Ryne,0.724694
San,0.323797
Scrapiron,0.724694
Seeks,0.724694
Self,0.442088
She,0.117376
Sheldon,0.537463
Shipley,0.724694
Shortstop,0.724694
Siebern,0.740168
Singles,0.724694
Skinny,0.724694
Small,0.410074
Snyder,0.724694
Sox,0.531786
Squad,0.724694
St,0.145545
Stadium,0.414452
Stengel,0.481271
Stepanovich,0.732431
Steve,0.602982
Sullivan,0.481271
Sunday,0.141074
Sylvania,0.732431
T,0.24918
Take,0.217166
The,0
Their,0.159483
Then,0.148525
Three,0.227203
Throneberry,0.755641
Tokyo,0.724694
Tony,0.531786
Toying,0.724694
Tuttle,0.622295
Twenty,0.338878
Two,0.127469
U,0.152596
Unfortunately,0.481271
Verrone,0.724694
W,0.139584
Walker,0.442088
Ward,0.602982
Waters,0.60942
Wednesday,0.198666
Wellsley,0.724694
West,0.168431
When,0.0822689
While,0.127469
White,0.174125
Whitey,0.724694
Whitfield,0.724694
Wilhelm,0.602982
With,0.116137
Y,0.320377
Yankee,0.391185
Yankees,0.387096
Yanks,0.602982
York,0.175547
``,0.0660046
a,0
able,0.116137
accelerated,0.602982
across,0.175984
added,0.107744
addition,0.198666
additional,0.217166
advantage,0.198666
advised,0.288363
after,0.0219345
afternoon,0.168431
again,0.106618
against,0.0642553
ago,0.0906437
all,0.00581911
allowance,0.303641
allowed,0.217166
along,0.0868787
also,0.0178723
among,0.105491
an,0
and,0
announced,0.121711
annual,0.139584
anticipated,0.320377
appearance,0.274308
appeared,0.190098
apprentice,0.602982
are,0.00600352
around,0.101473
arrived,0.237848
as,0
asked,0.100401
assisting,0.359559
at,0
attempt,0.217166
attend,0.190098
average,0.24918
back,0.04494
ball,0.202908
balls,0.274308
base,0.190098
baseman,0.732431
bat,0.338878
batter,0.481271
batters,0.724694
batting,0.486409
be,0
beat,0.161186
beating,0.274308
been,0.00575765
before,0.0328635
being,0.0602185
belated,0.481271
bespectacled,0.724694
best,0.0813999
bet,0.410074
better,0.102545
big,0.134846
blast,0.264085
blasted,0.320377
blow,0.207672
blows,0.320377
board,0.152596
boarding,0.531786
both,0.0417605
bounced,0.491547
bouncing,0.531786
break,0.174125
breaks,0.383006
bright,0.18193
bring,0.121711
brisk,0.383006
broke,0.166651
brought,0.0954548
bulky,0.410074
bunt,0.602982
but,0.00288571
by,0
came,0.0769543
camp,0.359559
can,0.0245171
carrying,0.251841
catcher,0.531786
catching,0.288363
celebrants,0.724694
celebrate,0.383006
center,0.259822
centerfield,0.724694
chairman,0.207672
challenge,0.303641
champion,0.320377
champions,0.320377
chance,0.166651
checked,0.383006
children,0.110733
chores,0.537463
claiming,0.410074
clocking,0.724694
close,0.154226
club,0.202908
clubs,0.383006
coach,0.24918
coaches,0.359559
coasted,0.724694
colts,0.531786
come,0.0813999
company,0.121711
completes,0.481271
completing,0.481271
condition,0.198666
consecutive,0.383006
considerably,0.274308
consult,0.303641
contest,0.346113
contingent,0.602982
contract,0.288363
course,0.121711
crossed,0.288363
crossing,0.338878
crowd,0.198666
crowding,0.442088
crowds,0.359559
customers,0.410074
cut,0.136271
d,0.14597
damage,0.338878
days,0.0964739
deadlock,0.481271
decision,0.174125
deep,0.192128
defensive,0.442088
delayed,0.338878
department,0.274308
detailed,0.359559
developed,0.24918
did,0.0568732
difficult,0.237848
directors,0.410074
dirt,0.323797
distinction,0.274308
do,0.0308851
donated,0.602982
double,0.214324
doubled,0.274308
doubles,0.54314
down,0.0580748
downed,0.724694
draught,0.442088
drew,0.198666
drive,0.139584
dropped,0.183872
drove,0.237848
duel,0.383006
each,0.0486368
earlier,0.202908
early,0.0831379
effort,0.159483
eight,0.117376
eighteen,0.320377
eighth,0.414452
eleventh,0.481271
encounter,0.288363
end,0.0868787
engage,0.338878
enlisted,0.602982
entered,0.198666
entire,0.190098
error,0.320377
errors,0.24918
errs,0.602982
ers,0.724694
escaping,0.359559
estimated,0.261295
event,0.190098
exhibition,0.359559
existed,0.442088
expansion,0.338878
expected,0.105491
expense,0.261295
expired,0.531786
face,0.106618
failed,0.183872
failing,0.338878
fall,0.141074
famed,0.481271
family,0.133422
fanned,0.486409
farm,0.261295
fashion,0.217166
fast,0.154226
featured,0.446808
feel,0.127469
feet,0.141074
fence,0.288363
festive,0.531786
few,0.0954548
field,0.149086
fielded,0.724694
fielding,0.732431
fifth,0.291441
figures,0.303641
filly,0.724694
final,0.177842
finished,0.198666
first,0.0195895
five,0.103617
flavor,0.442088
flew,0.227203
flight,0.237848
foot,0.17021
for,0
fouling,0.724694
four,0.0602185
fourth,0.18193
frames,0.446808
freshman,0.602982
from,0
front,0.162889
fulfilled,0.383006
furlongs,0.531786
game,0.200246
games,0.274308
gathering,0.274308
gave,0.142564
gets,0.261295
getting,0.152596
glove,0.491547
go,0.0683871
goal,0.261295
good,0.0642553
got,0.0749443
grabbed,0.732431
gradually,0.261295
graduate,0.410074
grass,0.24918
greeted,0.320377
had,0.0119605
half,0.141074
hard,0.127469
has,0
have,0.00880183
he,0.00600352
head,0.101473
headed,0.190098
held,0.0777758
helm,0.359559
hence,0.24918
her,0.0964739
here,0.0676853
high,0.04494
hill,0.217166
him,0.0385785
his,0.00316005
hit,0.147528
hitch,0.531786
hits,0.378753
hitters,0.732431
hole,0.217166
homer,0.491547
homers,0.531786
hopes,0.190098
horses,0.24918
hot,0.190098
hour,0.116137
hours,0.152596
housewife,0.602982
hurler,0.602982
hurlers,0.724694
impressive,0.338878
improve,0.320377
improved,0.323797
in,0
inch,0.277236
including,0.152596
indoor,0.602982
inducted,0.724694
inflicted,0.383006
informed,0.227203
injured,0.274308
inning,0.622295
into,0.0223837
is,0
it,0
job,0.217166
joined,0.174125
just,0.0769543
kept,0.133422
king,0.274308
knee,0.221803
know,0.0954548
knuckleball,0.724694
large,0.105491
last,0.0258121
late,0.115462
lead,0.183872
league,0.291441
led,0.116137
left,0.0896319
length,0.207672
less,0.159483
light,0.174125
lighter,0.306883
like,0.0562724
little,0.0822689
ll,0.166651
load,0.288363
long,0.0562724
losing,0.24918
loss,0.198666
m,0.100401
mark,0.20989
mating,0.724694
me,0.110733
meet,0.109996
melt,0.383006
merited,0.442088
middle,0.229628
mile,0.20989
military,0.192128
minor,0.303641
minute,0.207672
minutes,0.14597
money,0.121711
month,0.110733
mood,0.251841
more,0.00870885
mound,0.414452
move,0.14597
moved,0.175984
moving,0.207672
my,0.0813999
nab,0.724694
native,0.24918
near,0.133422
nearby,0.481271
nearing,0.410074
needed,0.127469
news,0.166651
next,0.0656273
night,0.0698473
nightfall,0.481271
ninth,0.349731
no,0.00575765
not,0.00285522
now,0.0186355
o,0.18193
obligations,0.383006
of,0
off,0.0574492
offerings,0.442088
old,0.055211
on,0
once,0.139584
one,0
only,0.0219345
opening,0.152596
operation,0.190098
oppose,0.261295
out,0
over,0.0153949
pace,0.217166
paid,0.139584
pair,0.202908
past,0.0642553
paying,0.237848
pennant,0.410074
performed,0.320377
performing,0.338878
physically,0.442088
physician,0.338878
pinch,0.383006
pitch,0.251841
pitchers,0.414452
pitches,0.602982
pitching,0.338878
place,0.0906437
plane,0.383006
plans,0.175984
plate,0.29452
play,0.12431
players,0.288363
popped,0.410074
possibly,0.237848
posted,0.338878
pounder,0.724694
pounds,0.330638
powderpuff,0.724694
prepared,0.18193
pretty,0.198666
prior,0.442088
probable,0.359559
produce,0.237848
program,0.168431
promising,0.303641
proved,0.227203
purchased,0.320377
quarter,0.227203
quarterback,0.531786
race,0.232054
races,0.446808
rally,0.442088
ramp,0.602982
rangy,0.724694
rapidly,0.227203
rapped,0.442088
ready,0.133422
really,0.174125
record,0.179701
reduced,0.24918
relief,0.24918
relieved,0.320377
reporting,0.531786
reserve,0.288363
result,0.127469
retained,0.320377
retired,0.217166
ride,0.217166
right,0.0887142
righthander,0.732431
ripened,0.724694
rival,0.338878
romped,0.724694
rookie,0.54314
row,0.227203
ruled,0.237848
run,0.0857451
rundown,0.602982
runners,0.531786
runs,0.257161
s,0
sacker,0.724694
safeties,0.724694
said,0.0182539
save,0.237848
scattered,0.288363
scheduled,0.320377
score,0.264085
scoreboard,0.602982
scoreless,0.732431
scoring,0.481271
season,0.161186
second,0.101569
seek,0.159483
seemed,0.174125
seems,0.18193
sensation,0.338878
sent,0.121711
series,0.207672
set,0.0669993
setback,0.602982
setting,0.174125
seven,0.141074
seventh,0.338878
share,0.14597
sharply,0.277236
short,0.149086
shortstop,0.60942
shot,0.20989
shouldda,0.724694
signed,0.274308
single,0.145545
singled,0.491547
sixth,0.330638
slammed,0.442088
slated,0.602982
slender,0.24918
slow,0.207672
slugged,0.602982
slugging,0.724694
snapped,0.359559
solo,0.602982
some,0.0245171
someplace,0.724694
southpaw,0.537463
specialists,0.724694
spectator,0.531786
speed,0.168431
spring,0.175547
squad,0.60942
stages,0.486409
start,0.136271
starts,0.274308
stewards,0.531786
stole,0.217166
straight,0.164591
straightaway,0.724694
streak,0.383006
streamlined,0.724694
stretch,0.264085
striding,0.383006
strongest,0.24918
student,0.237848
submarine,0.531786
substantial,0.359559
successor,0.531786
such,0.0413194
summer,0.166651
sun,0.217166
surprise,0.198666
suspended,0.359559
swelling,0.338878
swift,0.24918
tallies,0.531786
tally,0.486409
team,0.346113
teammates,0.602982
ten,0.18193
tenths,0.724694
test,0.217166
than,0.0150796
that,0
the,0
their,0.00917373
there,0.0117105
they,0.00291619
think,0.0964739
third,0.105761
thirds,0.383006
this,0.00606499
threatened,0.288363
three,0.0228329
threw,0.20989
thrill,0.383006
through,0.04494
throw,0.190098
throws,0.320377
tied,0.217166
time,0.0212608
timed,0.410074
tired,0.24918
to,0
today,0.12431
tomorrow,0.245466
tonight,0.313366
too,0.0733937
took,0.0916114
top,0.118616
toss,0.383006
track,0.277236
training,0.367237
tried,0.14597
trim,0.410074
triple,0.383006
triumph,0.237848
trouble,0.166651
turn,0.116137
twenty,0.198666
two,0.0132108
under,0.0353931
undergo,0.481271
unearned,0.602982
unit,0.383006
up,0.0188263
veteran,0.303641
victory,0.23448
walk,0.17021
wall,0.229628
was,0
we,0.04494
week,0.057474
weekend,0.363398
weeks,0.152596
weight,0.254501
well,0.0529727
went,0.0769543
were,0.00612646
what,0.0312148
when,0.0155525
which,0.00288571
while,0.0524131
whiz,0.602982
who,0
wide,0.141074
wife,0.100401
wild,0.221803
will,0
win,0.240387
wind,0.207672
wing,0.24918
winless,0.732431
winning,0.291441
wintertime,0.724694
wiped,0.338878
wire,0.383006
with,0
within,0.127469
woman,0.159483
won,0.139584
workable,0.602982
worked,0.200787
working,0.152596
workout,0.531786
world,0.0568732
yard,0.274308
yards,0.274308
year,0.026071
yielding,0.383006
young,0.0906437
