A,0.00315706
Abner,0.605317
Academy,0.443801
Aggies,0.738044
Air,0.335601
Al,0.390062
Although,0.262307
American,0.127963
And,0.0686519
Anson,0.7275
Arkansas,0.371414
Army,0.253771
Arshinkoff,0.7275
As,0.0772523
Assistant,0.483135
Austin,0.360952
Baylor,0.748587
Because,0.208477
Bill,0.238769
Bills,0.738044
Billy,0.483135
Bob,0.304817
Both,0.153187
Bowl,0.7275
Broncos,0.7275
Broncs,0.738044
Bud,0.483135
Buffalo,0.541582
Buster,0.61409
But,0.024705
C,0.133939
Carmichael,0.7275
Coach,0.490137
Collins,0.443801
Completing,0.7275
Conference,0.541582
Corps,0.34019
Cotton,0.541582
Cudmore,0.7275
Dallas,0.429561
Darrell,0.7275
Dave,0.443801
Davidson,0.7275
Denver,0.429561
Eldon,0.7275
End,0.321618
Except,0.321618
Exclaimed,0.7275
Falcons,0.7275
Football,0.541582
Footnotes,0.7275
Force,0.335601
Friday,0.174799
Gannon,0.769674
Gene,0.443801
George,0.174799
Grayson,0.7275
Guard,0.483135
Halfback,0.7275
Hank,0.533845
Happy,0.321618
Hargett,0.7275
Haynes,0.7275
He,0.017614
Held,0.443801
High,0.174799
His,0.10079
Houston,0.423595
Huddle,0.7275
I,0.0169696
If,0.0958244
In,0.00586371
Institute,0.443801
Isaacson,0.7275
It,0.0120966
Jack,0.1936
James,0.146535
Jim,0.304817
John,0.0750127
Just,0.190835
Kelsey,0.61409
LSU,0.7275
Last,0.231388
League,0.321618
Leaguers,0.605317
Longhorn,0.738044
Longhorns,0.759131
Louisiana,0.38449
Lubbock,0.605317
M,0.162068
March,0.146535
Maryland,0.483135
Massachusetts,0.304817
McNaughton,0.7275
Meek,0.811848
Mike,0.61409
Monday,0.162463
Moritz,0.832935
Mustang,0.7275
Mustangs,0.7275
Myers,0.738044
National,0.190835
Nelson,0.450232
Nichols,0.7275
Nick,0.533845
Not,0.208477
Oct,0.360952
Oilers,0.7275
Oklahoma,0.450232
Once,0.199435
One,0.0958244
Our,0.190835
Owl,0.533845
Owls,0.7275
Place,0.28948
Practice,0.7275
Priddy,0.7275
Quarterback,0.7275
Rabb,0.738044
Raesz,0.7275
Raiders,0.7275
Ramsey,0.61409
Reynolds,0.541582
Rice,0.790761
Richard,0.182634
Richey,0.7275
Royal,0.423595
SMU,0.541582
SWC,0.7275
Saturday,0.178663
Saxton,0.738044
School,0.208477
Signal,0.533845
So,0.127963
Southwest,0.61409
Spikes,0.7275
Stadium,0.411662
Stafford,0.7275
Stamford,0.738044
State,0.141703
Stram,0.769674
Sunday,0.140124
TCU,0.738044
Tailback,0.7275
Tech,0.456664
Technology,0.483135
Terry,0.443801
Texans,0.649181
Texas,0.307926
That,0.098602
The,0
There,0.0379182
They,0.0379182
This,0.0379182
Thursday,0.238769
Time,0.228083
Trinity,0.533845
Tuesday,0.162421
University,0.199435
Warren,0.321618
Washington,0.159848
We,0.0975886
Wednesday,0.199435
Wingback,0.7275
``,0.0876112
a,0
able,0.119966
about,0.0126077
action,0.142155
aerial,0.533845
after,0.0220358
again,0.1059
against,0.0701132
ahead,0.27537
ailing,0.7275
all,0.00603124
almost,0.112773
along,0.0862939
already,0.13588
always,0.182634
among,0.1059
an,0
and,0
ankle,0.390062
announced,0.122183
another,0.0686519
apparently,0.218007
appearance,0.27537
are,0.00586371
around,0.10079
as,0
ask,0.167297
astray,0.360952
at,0
attack,0.190835
attempts,0.27537
attention,0.238769
averages,0.483135
away,0.10079
back,0.0483831
ball,0.219668
bang,0.417628
barely,0.321618
baseballs,0.7275
be,0
beat,0.160101
because,0.0426817
become,0.116586
been,0.00577994
before,0.0323527
bench,0.279361
best,0.0828994
better,0.10079
big,0.137821
biggest,0.262307
blind,0.250145
book,0.208477
bothered,0.443801
boy,0.142155
boys,0.208477
break,0.174799
brilliant,0.304817
broke,0.172146
brought,0.0958244
bulge,0.533845
but,0.00324015
by,0
called,0.0909948
came,0.0783719
can,0.0254109
carried,0.190835
carriers,0.605317
carries,0.27537
caught,0.174799
caused,0.208477
cent,0.262307
center,0.250145
champions,0.321618
checks,0.483135
claimed,0.34019
clock,0.250145
club,0.199435
coach,0.264647
coaches,0.360952
coaching,0.605317
collectors,0.605317
combined,0.253771
comforting,0.443801
coming,0.13588
completions,0.748587
conference,0.221167
contributed,0.28948
control,0.199435
controlling,0.490137
conversions,0.738044
could,0.0310047
couple,0.182634
crucified,0.443801
currently,0.411662
d,0.146535
damage,0.34512
dangerous,0.218007
day,0.0414794
dead,0.167297
debut,0.533845
declared,0.167297
defending,0.38449
defense,0.34512
defensive,0.463096
definitely,0.533845
delivered,0.228083
dent,0.605317
described,0.28948
developing,0.443801
did,0.0589465
didn,0.221167
directed,0.228083
district,0.250145
do,0.0310047
doesn,0.231388
doing,0.174799
don,0.164742
doubtful,0.28948
down,0.0581278
drill,0.605317
during,0.0852679
each,0.0488251
early,0.0817151
effort,0.160101
efforts,0.208477
end,0.0875445
enough,0.112773
even,0.0696469
every,0.123954
ex,0.304817
exceptionally,0.483135
expected,0.1059
expects,0.321618
explained,0.214519
explosive,0.443801
expressed,0.27537
extra,0.313653
fact,0.155408
far,0.0875445
favored,0.605317
feel,0.129817
feeling,0.162421
feels,0.250145
field,0.152906
film,0.360952
final,0.177332
fine,0.133939
first,0.0184615
five,0.102251
flashy,0.605317
folks,0.360952
foot,0.167297
football,0.406779
for,0
form,0.153187
former,0.111162
found,0.0909948
four,0.0639562
fourth,0.185281
freshman,0.605317
from,0
fullback,0.738044
fullbacking,0.7275
fumble,0.533845
gain,0.238769
gained,0.262307
game,0.251681
games,0.299315
gave,0.140124
general,0.111162
get,0.043884
gets,0.273712
gift,0.250145
giving,0.218007
goal,0.262307
goals,0.483135
goes,0.182634
going,0.0958244
golf,0.443801
gone,0.167297
good,0.0673087
got,0.0750127
gratification,0.411662
greatest,0.199435
guard,0.211498
had,0.0124374
half,0.140124
halfback,0.666726
hampered,0.7275
hand,0.116586
happy,0.146535
hard,0.127963
has,0
have,0.0095028
he,0.00795789
head,0.10079
hearsay,0.7275
heavily,0.250145
helps,0.443801
high,0.0457678
him,0.0395668
himself,0.146535
hip,0.34019
his,0.00332323
hit,0.152906
hold,0.160101
home,0.031454
hopes,0.190835
hour,0.116586
however,0.1059
idle,0.238769
idleness,0.411662
if,0.0395668
important,0.160101
impressive,0.34019
in,0
inch,0.27537
including,0.153187
incomplete,0.443801
ineligible,0.605317
informed,0.228083
injured,0.27537
injuring,0.605317
injury,0.287343
insists,0.411662
intercepted,0.605317
interference,0.360952
interior,0.411662
into,0.0226479
is,0
it,0
its,0.0184615
jarred,0.7275
job,0.218007
jobs,0.304817
joined,0.174799
just,0.0817307
keep,0.153187
kept,0.133939
key,0.182634
kick,0.33094
kicked,0.340262
kicker,0.7275
kicking,0.406779
kickoff,0.738044
kicks,0.605317
kids,0.38449
kind,0.13588
kinda,0.7275
knee,0.233805
knocked,0.253771
know,0.0972132
largely,0.28948
last,0.0261167
late,0.111162
later,0.0958244
lay,0.167297
lead,0.182634
leaders,0.208477
leads,0.304817
league,0.28948
leagues,0.411662
leg,0.31807
let,0.146535
lettered,0.533845
ligament,0.7275
like,0.0573091
line,0.162421
linebackers,0.7275
listed,0.34019
little,0.0817151
liveliness,0.483135
ll,0.186693
long,0.0573091
looking,0.182634
looks,0.190835
loop,0.411662
loose,0.231388
loss,0.202325
lost,0.133939
lot,0.1936
lots,0.38449
luck,0.27537
made,0.0158956
magnificent,0.321618
major,0.199435
matter,0.111162
me,0.112773
meet,0.1059
members,0.1059
men,0.0772523
mending,0.411662
merely,0.174799
minutes,0.150782
miss,0.262307
missed,0.262307
month,0.111162
more,0.00886928
most,0.0344276
moved,0.174799
movies,0.533845
much,0.0706418
mud,0.326279
muscle,0.443801
mutter,0.483135
my,0.0828994
nailed,0.38449
needed,0.127963
net,0.304817
netted,0.605317
never,0.0923135
new,0.0119262
next,0.065439
night,0.0706418
nine,0.153187
no,0.00577994
nose,0.27537
not,0.00294936
nothing,0.153187
now,0.0182015
nursing,0.38449
of,0
off,0.0556663
offense,0.490137
often,0.140124
old,0.0526161
on,0
once,0.140124
one,0
only,0.0223419
opener,0.483135
opening,0.153187
operation,0.190835
or,0.0124374
ordered,0.228083
other,0.00586371
our,0.0806111
out,0
over,0.015466
own,0.0875445
pads,0.533845
pair,0.199435
part,0.0772523
particular,0.218007
pass,0.174571
passes,0.335601
passing,0.193222
per,0.217541
performances,0.360952
period,0.167297
permitted,0.228083
physically,0.443801
pitching,0.34019
place,0.094951
play,0.13812
played,0.182399
players,0.29787
playing,0.199435
playoff,0.738044
plays,0.354981
point,0.127963
points,0.187928
position,0.1936
pound,0.321618
practice,0.228083
practices,0.34019
practicing,0.490137
praised,0.321618
pre,0.28948
present,0.0909948
pressure,0.238769
prevailed,0.34019
principal,0.238769
probably,0.153187
problem,0.1936
productive,0.443801
progress,0.262307
proved,0.228083
pulled,0.27537
punted,0.7275
put,0.0923135
quarterback,0.541582
quarterbacks,0.7275
quick,0.205216
quickly,0.208477
quipping,0.7275
rain,0.250145
ran,0.172146
ranks,0.304817
re,0.116586
ready,0.133939
real,0.133939
really,0.174799
reckonings,0.7275
record,0.177332
reserves,0.483135
response,0.38449
result,0.129817
resulted,0.411662
retiring,0.360952
returned,0.187928
reviewed,0.443801
right,0.0900458
road,0.190835
roster,0.7275
row,0.228083
run,0.0828994
running,0.185281
rushing,0.322488
s,0
said,0.0205417
satisfied,0.238769
saving,0.238769
saw,0.122183
scholastically,0.7275
school,0.10079
scored,0.533845
scoring,0.483135
screen,0.304817
scrimmage,0.7275
scrimmaged,0.7275
season,0.176343
second,0.098602
seem,0.153187
senior,0.321618
session,0.238769
set,0.0645041
several,0.103712
shaken,0.27537
short,0.148659
side,0.146535
since,0.0533786
single,0.140124
slaughter,0.360952
slowed,0.483135
slowly,0.238769
solve,0.411662
some,0.025058
soon,0.140124
sophomore,0.748587
sound,0.182634
special,0.122183
speedy,0.38449
splendid,0.304817
split,0.304817
spotted,0.34019
sprained,0.443801
spree,0.605317
spring,0.167297
squad,0.605317
staff,0.169721
stages,0.483135
stands,0.199435
star,0.238769
start,0.13588
started,0.142155
starts,0.27537
statistical,0.605317
statistics,0.483135
stayed,0.27537
still,0.0772523
stops,0.411662
straight,0.164742
strikes,0.321618
string,0.28948
successful,0.202325
such,0.0414794
suffered,0.228083
suits,0.34019
surpassed,0.443801
sweat,0.38449
swing,0.411662
t,0.054486
tackle,0.483135
tactic,0.605317
taper,0.7275
teach,0.199435
team,0.364841
territory,0.483135
tests,0.533845
than,0.0148215
that,0
the,0
their,0.0093761
them,0.0280477
themselves,0.140124
then,0.0483831
there,0.012267
they,0.00307398
thigh,0.38449
thing,0.123954
think,0.098602
third,0.102251
this,0.00636631
though,0.146535
thought,0.140124
three,0.022954
through,0.0464217
throwing,0.238769
thrusts,0.483135
time,0.0220358
timed,0.411662
times,0.141703
timing,0.549319
to,0
told,0.0772523
too,0.0728996
top,0.121655
tosses,0.483135
total,0.164288
touchdown,0.622863
touchdowns,0.7275
tough,0.38449
training,0.360952
treatment,0.360952
tried,0.146535
tries,0.376645
triumph,0.238769
trouble,0.167297
turn,0.116586
turned,0.157628
two,0.0129485
uncorked,0.533845
undergoing,0.533845
unit,0.390062
unofficial,0.7275
up,0.0187216
upon,0.122183
upset,0.38449
us,0.160101
use,0.0972132
valuable,0.27537
various,0.238769
ve,0.177332
very,0.0972132
veteran,0.304817
victory,0.24461
visit,0.199435
waited,0.218007
was,0
way,0.0573091
we,0.0477293
week,0.0638587
well,0.0526161
went,0.0794915
were,0.00611501
what,0.031454
when,0.0163252
which,0.00294936
while,0.0549038
whip,0.34512
who,0
whole,0.146535
will,0
winning,0.28948
with,0
without,0.0604517
won,0.144186
work,0.0630801
worked,0.202325
working,0.153187
workout,0.533845
would,0.0119262
yard,0.283352
yardage,0.738044
yards,0.343215
year,0.0257638
years,0.0284484
you,0.0888208
your,0.150782
