A,0.00285437
AP,0.422718
Actually,0.409952
Adcock,0.724477
After,0.100371
Al,0.386867
Allison,0.731998
Alusik,0.739518
American,0.130077
Among,0.166602
And,0.0690763
Ann,0.409952
Art,0.249106
Association,0.274226
Athletic,0.724477
Bear,0.359452
Bears,0.570257
Berra,0.60906
Bertoia,0.724477
Bill,0.240245
Billy,0.481127
Bingles,0.724477
Blanchard,0.531627
Bob,0.309853
Bobby,0.441956
Boston,0.297254
Both,0.152551
Braves,0.481127
Brooklyn,0.441956
Bucky,0.724477
Bud,0.481127
But,0.0247544
CBS,0.724477
Camilo,0.724477
Candlestick,0.724477
Cardinals,0.531627
Carey,0.481127
Carl,0.441956
Carreon,0.731998
Champion,0.531627
Charley,0.481127
Chicago,0.303551
Chico,0.724477
Chuck,0.537145
Cincinnati,0.45572
City,0.139542
Cleveland,0.414207
Cliff,0.60906
Club,0.237777
Colavito,0.724477
Cook,0.414207
Cooke,0.615317
Daley,0.724477
Dallas,0.409952
Dan,0.409952
Delahanty,0.724477
Denver,0.418463
Despite,0.382892
Dick,0.338776
Diving,0.602802
Dobbs,0.724477
Don,0.221609
Donnelly,0.724477
Dyer,0.724477
Ebbetts,0.724477
Ed,0.446544
Eddie,0.724477
Edwards,0.724477
Enos,0.602802
Ensign,0.602802
Examiner,0.724477
Field,0.338776
Francisco,0.338776
Frank,0.217101
Gaines,0.731998
Gardner,0.621575
Gehrig,0.602802
Giants,0.394816
Gil,0.724477
Gomez,0.724477
Green,0.240245
Grizzlies,0.724477
Grove,0.441956
Harmon,0.724477
Harris,0.359452
He,0.0153728
Hector,0.531627
Henry,0.20761
Herb,0.724477
Hinton,0.60906
Hodges,0.531627
Houk,0.531627
Howsam,0.731998
Hubbell,0.724477
I,0.0170582
In,0.00587543
Incidentally,0.602802
Indianapolis,0.60906
Indians,0.382892
It,0.0123146
Jack,0.190042
Jackie,0.615317
Jay,0.615317
Jensen,0.747039
Jim,0.309853
Joe,0.288277
Joey,0.602802
John,0.0733503
Johnny,0.359452
Just,0.190042
Kenny,0.602802
Killebrew,0.724477
Klein,0.724477
Landis,0.724477
Lane,0.382892
League,0.320281
Lefty,0.731998
Lemon,0.739518
Lenny,0.724477
Liston,0.76208
Living,0.441956
Lopez,0.724477
Lou,0.531627
Louis,0.261217
Louisville,0.724477
Lowe,0.602802
Lown,0.724477
Mantle,0.491116
Mary,0.20761
May,0.15047
Mays,0.553701
McAuliffe,0.615317
McDaniel,0.602802
Mich,0.602802
Mickey,0.542664
Milwaukee,0.486121
Minneapolis,0.531627
Minnesota,0.481127
Minnie,0.602802
Minoso,0.724477
Momentarily,0.724477
Monday,0.145336
Moore,0.481127
Mrs,0.127431
Muskegon,0.724477
NBC,0.602802
National,0.190042
Nehf,0.724477
Nev,0.724477
New,0.0642361
Nischwitz,0.747039
Oct,0.359452
Of,0.133382
Ogden,0.739518
Ohio,0.288277
Olsen,0.724477
Olympic,0.602802
Once,0.198606
Only,0.190042
Outfielder,0.724477
Pacific,0.382892
Park,0.217101
Paschal,0.731998
Pat,0.531627
Patti,0.724477
Paul,0.249106
Pavletich,0.724477
Pennock,0.724477
Phil,0.481127
Phillies,0.602802
Porter,0.60906
Post,0.382892
Railroad,0.481127
Ralph,0.320281
Randall,0.602802
Ray,0.359452
Red,0.237777
Reds,0.731998
Reno,0.60906
Rip,0.724477
Ritchie,0.615317
Robinson,0.409952
Rocky,0.602802
Ron,0.531627
Rookie,0.531627
Room,0.409952
Roy,0.481127
Rudolph,0.739518
Ruiz,0.724477
San,0.320281
Saturday,0.159436
Seerey,0.724477
Series,0.531627
Shartzer,0.724477
She,0.116102
Sievers,0.724477
Slaughter,0.602802
Smith,0.217101
Sox,0.55922
Spahn,0.621575
Spahnie,0.724477
Sports,0.481127
St,0.140991
Stadium,0.414207
Standard,0.531627
Suddenly,0.359452
Sunday,0.142439
TV,0.481127
Tex,0.446544
The,0
There,0.0377607
They,0.0377607
This,0.0393286
Traveler,0.724477
Tribe,0.724477
Tsitouris,0.724477
Tuesday,0.159436
Turk,0.441956
Tuttle,0.602802
Twins,0.542664
Tyler,0.602802
Union,0.261217
Utah,0.537145
Vernon,0.481127
Waggin,0.724477
Wally,0.724477
Warren,0.320281
Washington,0.152551
Wert,0.615317
White,0.177686
Willie,0.451132
Wish,0.531627
With,0.116102
World,0.227135
Writer,0.724477
Wyman,0.724477
Yankee,0.386867
Yankees,0.390841
Yanks,0.602802
Yes,0.20761
Yogi,0.602802
York,0.166602
You,0.140991
Zoe,0.724477
``,0.0658248
a,0
abide,0.288277
aboard,0.382892
about,0.0120716
accomplished,0.303551
accounted,0.323606
ace,0.531627
achievements,0.531627
across,0.17588
action,0.139542
added,0.106555
advantage,0.198606
after,0.0212482
afternoons,0.409952
against,0.0675702
al,0.602802
all,0.00593518
also,0.0178669
am,0.139542
an,0
and,0
anemic,0.724477
another,0.069786
anti,0.359452
any,0.0381526
anybody,0.288277
anymore,0.531627
anything,0.209765
applaud,0.441956
are,0.00605468
area,0.17006
argument,0.20761
arise,0.303551
arm,0.217101
around,0.100371
arrangement,0.338776
as,0
at,0
attack,0.192014
audience,0.26664
average,0.251692
awaited,0.481127
away,0.102455
back,0.046792
ball,0.208915
balls,0.277073
barrage,0.724477
base,0.193987
baseball,0.469483
baser,0.409952
bases,0.390841
bat,0.342293
bats,0.382892
batted,0.602802
batting,0.486121
be,0
beardown,0.724477
beat,0.159436
because,0.041307
been,0.00575593
before,0.0324784
belonging,0.338776
beyond,0.174073
big,0.136151
blacked,0.602802
blackout,0.724477
blast,0.261217
bleachers,0.602802
bobbles,0.724477
boils,0.481127
books,0.20761
both,0.0417358
bothered,0.441956
bottom,0.249106
boy,0.139542
bunched,0.602802
business,0.0954263
but,0.00306178
by,0
came,0.0785285
campaign,0.338776
can,0.0250061
center,0.254278
champs,0.724477
chances,0.363183
characteristic,0.338776
cherished,0.481127
chopper,0.724477
clicked,0.602802
clock,0.249106
club,0.198606
clubhouse,0.531627
cold,0.198606
come,0.0813756
comes,0.159436
command,0.249106
compartment,0.602802
conclusion,0.274226
conductor,0.409952
continue,0.181876
continued,0.159436
corner,0.231851
countless,0.382892
couple,0.181876
course,0.121675
cracked,0.441956
crosser,0.602802
crowd,0.200668
crushing,0.481127
cut,0.133382
dancer,0.441956
dark,0.227135
day,0.0417358
days,0.0964168
decade,0.441956
decision,0.174073
deep,0.190042
degree,0.217101
depending,0.338776
did,0.0568396
didn,0.217101
dissatisfaction,0.382892
distressing,0.481127
diving,0.481127
do,0.0308758
does,0.10546
doesn,0.227135
don,0.159436
double,0.218386
doubled,0.274226
doubles,0.531627
doubt,0.181876
down,0.0574236
drew,0.198606
drive,0.140991
dropped,0.181876
drove,0.237777
due,0.198606
during,0.0813756
eight,0.118512
elderly,0.338776
eluded,0.441956
embossed,0.724477
end,0.0859353
errors,0.249106
especially,0.166602
et,0.481127
ever,0.0906166
exhibition,0.359452
exotic,0.481127
expanded,0.382892
explosion,0.338776
fact,0.152551
fan,0.359452
fanned,0.481127
fans,0.537145
favor,0.274226
feat,0.531627
feats,0.531627
feels,0.249106
feet,0.139542
fellow,0.159436
fence,0.288277
few,0.0954263
field,0.145926
fifth,0.297254
figure,0.198606
fill,0.20761
finale,0.481127
fine,0.133382
first,0.0197216
fizzled,0.724477
flies,0.249106
flooded,0.602802
fly,0.192014
foot,0.166602
for,0
forever,0.481127
former,0.1107
formula,0.382892
fouled,0.602802
found,0.0906166
four,0.0627002
fourth,0.189428
from,0
front,0.161091
full,0.10546
further,0.133382
game,0.215687
games,0.279919
gave,0.139542
gentlemanly,0.531627
get,0.041307
give,0.10546
given,0.0813756
glove,0.481127
go,0.0683666
going,0.0954263
gone,0.17006
good,0.0662365
got,0.0741039
grade,0.481127
great,0.0906166
grip,0.531627
grounder,0.724477
gruonded,0.724477
guy,0.481127
guys,0.724477
had,0.0126792
hammered,0.486121
happy,0.145926
harm,0.261217
has,0
have,0.00879662
he,0.00617418
head,0.100371
heading,0.409952
hearts,0.237777
helpless,0.261217
here,0.0649029
heroics,0.724477
high,0.0449265
him,0.0393286
his,0.00341734
history,0.161091
hit,0.1535
hitless,0.724477
hits,0.370646
hitter,0.531627
hitting,0.382892
hole,0.217101
home,0.034081
homer,0.506099
how,0.0785285
however,0.10546
humiliating,0.531627
hurting,0.409952
husky,0.531627
in,0
infield,0.747039
injuries,0.382892
injury,0.274226
inning,0.627832
innings,0.60906
into,0.0214665
irritable,0.409952
is,0
issue,0.174073
it,0
its,0.0178669
joined,0.174073
just,0.0777299
keyhole,0.481127
knocked,0.249106
know,0.0974074
lagged,0.602802
last,0.0252579
laurels,0.481127
lead,0.189428
league,0.294262
leaguer,0.602802
leagues,0.409952
learned,0.20761
led,0.116102
left,0.0903956
leftfield,0.724477
lefthander,0.602802
lefthanders,0.724477
level,0.198606
lifetime,0.359452
lights,0.261217
lightweight,0.724477
line,0.162746
liner,0.724477
little,0.0813756
ll,0.166602
long,0.0562556
loosely,0.409952
loser,0.531627
losing,0.249106
loss,0.200668
lot,0.190042
m,0.101413
mad,0.20761
made,0.0153728
magazine,0.441956
major,0.200668
man,0.0529414
management,0.288277
manager,0.251692
many,0.0574236
masses,0.338776
masterpiece,0.531627
matter,0.111849
meaningless,0.441956
men,0.0777299
merely,0.174073
merits,0.303551
midnight,0.249106
might,0.0906166
milestone,0.602802
millions,0.274226
minor,0.306702
minutes,0.147441
miss,0.261217
modest,0.217101
more,0.008887
most,0.0346404
motions,0.382892
mound,0.409952
mounted,0.288277
moved,0.17588
much,0.0683666
my,0.0822203
mystery,0.274226
nation,0.20761
national,0.166602
nationwide,0.602802
network,0.359452
never,0.0915573
new,0.0120716
newsman,0.724477
newsmen,0.481127
night,0.0712054
nine,0.154134
ninth,0.342293
no,0.00587543
not,0.00294326
noted,0.288277
now,0.0178669
o,0.181876
obvious,0.303551
of,0
off,0.055661
official,0.217101
old,0.0523975
on,0
one,0
ones,0.166602
only,0.0232129
open,0.121675
opener,0.481127
opinion,0.174073
or,0.0119501
order,0.116102
organ,0.338776
other,0.00575593
out,0
outclassed,0.724477
outfield,0.731998
over,0.0159857
pack,0.320281
pair,0.198606
parade,0.288277
park,0.338776
pass,0.166602
past,0.0642361
pastime,0.531627
pennant,0.409952
performance,0.217101
period,0.166602
pinpoint,0.724477
pitcher,0.409952
pitchers,0.409952
pitching,0.34581
play,0.124201
played,0.17588
player,0.363183
playing,0.200668
points,0.181876
policy,0.229493
pop,0.359452
popped,0.409952
pops,0.724477
pound,0.320281
powerful,0.237777
previous,0.20761
privileged,0.382892
pro,0.288277
probably,0.154134
providing,0.409952
purposely,0.409952
put,0.0915573
putout,0.724477
quite,0.166602
quoted,0.409952
ran,0.166602
ranked,0.382892
re,0.116102
reached,0.166602
reaches,0.409952
real,0.133382
really,0.174073
record,0.177686
reflexes,0.731998
refocusing,0.724477
relative,0.288277
remarkable,0.274226
remarked,0.323606
remember,0.190042
replacement,0.602802
request,0.190042
retaliating,0.724477
revived,0.338776
right,0.0859353
rightfield,0.739518
rightfully,0.724477
road,0.190042
roller,0.602802
romp,0.724477
rookie,0.531627
rookies,0.602802
routed,0.602802
rule,0.185652
rulers,0.441956
run,0.092357
running,0.181876
runs,0.256864
s,0
sacrifice,0.261217
said,0.0189798
say,0.10546
saying,0.159436
scene,0.217101
score,0.269352
scored,0.531627
scoring,0.481127
season,0.161091
seasons,0.320281
second,0.0993886
see,0.0642361
seems,0.181876
series,0.209765
seventh,0.338776
she,0.1107
showed,0.274226
side,0.145926
sighed,0.261217
single,0.145336
singled,0.491116
situation,0.181876
six,0.112999
sixth,0.330256
slammed,0.441956
slashed,0.531627
slender,0.249106
sluggers,0.602802
slump,0.531627
smash,0.481127
smashed,0.481127
so,0.0377607
solid,0.237777
some,0.0245027
southpaw,0.537145
span,0.441956
spectacular,0.537145
spectators,0.382892
speculating,0.531627
spree,0.602802
stage,0.190042
stand,0.121675
start,0.136151
starting,0.274226
station,0.198606
stayed,0.277073
still,0.0777299
stimulant,0.724477
stole,0.217101
stopped,0.217101
stops,0.409952
straight,0.162746
streak,0.382892
streamliner,0.724477
strong,0.145926
subbing,0.724477
sudden,0.237777
suddenly,0.209765
superior,0.303551
surely,0.261217
surprised,0.249106
t,0.0511459
tagged,0.724477
taken,0.0906166
taking,0.121675
talk,0.154134
talked,0.237777
tallies,0.531627
team,0.34581
televised,0.602802
television,0.414207
terminated,0.531627
th,0.168331
than,0.01476
thanks,0.229493
that,0
the,0
their,0.00906775
then,0.0453929
there,0.011707
they,0.00291363
think,0.0964168
third,0.107665
those,0.0523975
three,0.0216848
through,0.0458593
throw,0.190042
tied,0.219355
time,0.0212482
to,0
told,0.0793271
tongues,0.288277
too,0.0725967
took,0.092498
top,0.119718
trade,0.237777
trailing,0.359452
train,0.277073
trick,0.303551
trip,0.359452
triple,0.382892
tripled,0.602802
triumph,0.237777
trouble,0.166602
turn,0.116102
turned,0.152551
two,0.0130438
tying,0.481127
unanimous,0.441956
unusual,0.274226
up,0.0184233
used,0.1107
ve,0.174073
veteran,0.303551
victories,0.382892
victory,0.231851
video,0.724477
viewers,0.602802
wagging,0.531627
walk,0.166602
walked,0.211921
walking,0.190042
walkout,0.724477
walloped,0.724477
want,0.116102
warmed,0.338776
was,0
waved,0.338776
way,0.0568396
weather,0.217101
weekend,0.359452
well,0.0523975
went,0.0769313
were,0.00593518
what,0.0311964
when,0.0162921
where,0.0449265
whether,0.127431
which,0.002884
while,0.0529414
who,0
wife,0.100371
will,0
windy,0.359452
winning,0.291269
with,0
without,0.0602005
won,0.140991
word,0.147441
working,0.152551
world,0.0574236
would,0.0118285
writer,0.359452
year,0.0255096
years,0.0275321
you,0.0822203
