A,0.00301487
Ainsley,0.72385
All,0.110604
Amateur,0.72385
America,0.216914
American,0.128533
An,0.152419
And,0.0683075
Angeles,0.323052
Arnold,0.444705
Asked,0.413498
Association,0.279208
Astoria,0.602281
At,0.0683075
Athlete,0.72385
Award,0.625225
Babe,0.382561
Barnes,0.382561
Baseball,0.608017
Bay,0.338483
Beach,0.303288
Belt,0.602281
Beman,0.72385
Ben,0.417399
Bernard,0.382561
Bill,0.242096
Blume,0.72385
Bob,0.303288
Boston,0.288027
Branch,0.602281
Braves,0.480711
Brocklin,0.737638
Buck,0.531167
But,0.0244607
C,0.133267
California,0.359141
Canada,0.441574
Casey,0.441574
Catholic,0.382561
Central,0.260991
Chapter,0.531167
Charles,0.216914
Charlie,0.531167
Chisholm,0.602281
Choice,0.441574
Cincinnati,0.441574
Clint,0.531167
Coach,0.480711
Collins,0.441574
Commissioner,0.441574
Committee,0.216914
Continental,0.44578
Cup,0.531167
Deane,0.72385
Democrat,0.480711
Despite,0.382561
Detroit,0.441574
Dey,0.602281
Dilworth,0.72385
Dodgers,0.480711
Dublin,0.441574
Each,0.189877
Eagles,0.458396
Epstein,0.72385
Farley,0.72385
Fla,0.409597
Flushing,0.730744
Football,0.541284
For,0.0905383
Ford,0.359141
Four,0.237571
Frank,0.216914
Frick,0.602281
Friday,0.173922
From,0.159298
Gardner,0.602281
Gauer,0.730744
Georgetown,0.72385
Giants,0.382561
Gimbel,0.602281
Gold,0.409597
Golf,0.536226
Golfers,0.72385
Good,0.237571
Graham,0.608017
Green,0.237571
Guy,0.531167
Hamey,0.72385
He,0.0168539
Hickok,0.72385
High,0.173922
His,0.10124
Hogan,0.608017
Horton,0.72385
Hotel,0.279208
How,0.173922
However,0.166457
I,0.0157303
If,0.0962517
Illustrated,0.531167
In,0.00575095
Indians,0.382561
Institute,0.441574
Island,0.260991
It,0.0121425
J,0.160815
James,0.1458
Jan,0.303288
Jerry,0.441574
Jim,0.309065
Jock,0.72385
Joe,0.29077
John,0.0725339
Journal,0.480711
Jr,0.207431
June,0.288027
Kathy,0.602281
L,0.207431
Later,0.480711
League,0.341338
Leaguers,0.602281
Long,0.231261
Los,0.323052
Manhattan,0.480711
Maris,0.608017
Masters,0.386204
Mayor,0.344931
Mazeroski,0.608017
McAuliffe,0.602281
Meadow,0.531167
Memorial,0.386204
Mercer,0.531167
Metropolitan,0.602281
Milwaukee,0.480711
Minneapolis,0.531167
Minnesota,0.480711
Missouri,0.409597
Mrs,0.127321
N,0.183449
Nae,0.72385
Named,0.72385
National,0.202536
New,0.0672368
Nick,0.531167
Nine,0.531167
No,0.134536
Nor,0.226938
Nori,0.72385
Norm,0.602281
On,0.0820795
Open,0.329147
Other,0.166457
Packers,0.602281
Palm,0.441574
Palmer,0.512758
Park,0.216914
Patricia,0.409597
Payson,0.72385
Pete,0.531167
Philadelphia,0.389848
Pierre,0.531167
Pirates,0.531167
Pittsburgh,0.541284
Plainfield,0.602281
Point,0.359141
Polytechnic,0.72385
Professional,0.730744
Ray,0.359141
Rensselaer,0.72385
Richardson,0.480711
Rickey,0.72385
Rochester,0.72385
Roger,0.409597
Roy,0.480711
Rozelle,0.72385
Ruling,0.72385
Ruth,0.409597
Sam,0.303288
Sands,0.602281
Saturday,0.159298
School,0.207431
Senator,0.409597
Series,0.531167
Shaw,0.494445
Shea,0.785895
Shipman,0.72385
Show,0.359141
Sid,0.72385
Skorich,0.785895
Slocum,0.72385
Smith,0.216914
Snead,0.730744
So,0.128533
Spahn,0.608017
Sports,0.480711
Sportsman,0.602281
States,0.200324
Steelers,0.730744
Stengel,0.485289
Stickler,0.72385
Stuart,0.531167
Sunday,0.139421
Sutherland,0.72385
Symington,0.72385
Ted,0.531167
Tee,0.72385
Texas,0.260991
That,0.0953437
The,0
Their,0.159298
Then,0.139421
Thirteen,0.531167
This,0.037728
To,0.105369
Trophy,0.602281
Troy,0.441574
United,0.191686
University,0.202214
Until,0.320004
Van,0.449985
Vikings,0.737638
Wagner,0.44578
Waldorf,0.602281
Warren,0.320004
Warwick,0.602281
Washington,0.152419
We,0.0905383
Wednesday,0.198435
When,0.0820795
William,0.117106
Williams,0.386204
Willie,0.454191
With,0.117106
World,0.226938
Writers,0.608017
Y,0.320004
Yankee,0.382561
Yankees,0.397135
Year,0.362561
Yet,0.181718
York,0.174384
You,0.140749
``,0.0693139
a,0
abandonment,0.480711
about,0.0116969
acclaimed,0.602281
ace,0.531167
achieved,0.386204
achievement,0.409597
advocate,0.409597
aerials,0.72385
after,0.0218122
again,0.105369
against,0.0641805
agenda,0.602281
aggravates,0.72385
ago,0.0922628
aid,0.181718
all,0.00591526
along,0.0866787
alongside,0.441574
also,0.0183615
amateur,0.441574
amendments,0.72385
among,0.105369
an,0
and,0
announced,0.12157
announcement,0.338483
annual,0.139421
another,0.0696086
any,0.037728
appointment,0.260991
arc,0.531167
are,0.00580572
army,0.273989
as,0
assistant,0.303288
association,0.359141
at,0
athletics,0.72385
attack,0.189877
attended,0.198435
auspiciously,0.602281
award,0.386204
awards,0.613753
background,0.338483
balanced,0.359141
ball,0.211663
banjo,0.602281
banshees,0.72385
barriers,0.480711
baseball,0.454191
basketball,0.441574
be,0
beat,0.159298
became,0.128533
because,0.0412713
become,0.116001
been,0.00591526
before,0.0317305
began,0.106372
believed,0.237571
below,0.198435
benefits,0.441574
best,0.0813052
better,0.100285
between,0.0866787
big,0.134536
bigger,0.288027
blast,0.260991
blazing,0.359141
book,0.207431
boomed,0.602281
born,0.159298
bounds,0.344931
boy,0.140749
boys,0.207431
bring,0.12157
bringing,0.237571
brooding,0.382561
brook,0.320004
bull,0.338483
bunker,0.602281
burrowed,0.72385
but,0.00290622
by,0
came,0.0768647
can,0.0244607
career,0.279208
ceremonies,0.362561
ceremony,0.273989
chairman,0.207431
champion,0.323052
champions,0.320004
championship,0.531167
changes,0.216914
chapter,0.382561
charity,0.303288
choice,0.207431
citation,0.480711
city,0.153871
club,0.207884
clubhouse,0.531167
coach,0.256002
coaches,0.359141
coaching,0.608017
code,0.531167
columnist,0.72385
come,0.0813052
comeback,0.72385
commissioner,0.480711
commit,0.338483
committee,0.237571
common,0.166457
competitors,0.531167
completed,0.226938
concern,0.260991
conference,0.216914
confessed,0.288027
conflict,0.273989
connection,0.303288
considered,0.189877
constitutional,0.338483
continue,0.181718
contract,0.288027
convince,0.320004
copy,0.303288
corporation,0.441574
corrected,0.382561
cost,0.198435
could,0.0308491
count,0.260991
countin,0.72385
countless,0.382561
couple,0.181718
course,0.12157
creature,0.237571
crowd,0.198435
crusher,0.72385
cufflinks,0.72385
dais,0.72385
dance,0.216914
dates,0.382561
decision,0.173922
defensive,0.441574
degree,0.216914
delivering,0.480711
departure,0.382561
depended,0.320004
despair,0.248891
diamond,0.338483
dinner,0.162332
disappointments,0.441574
discussed,0.303288
distance,0.237571
distinction,0.273989
district,0.248891
division,0.251261
do,0.0308491
downstream,0.72385
downtrodden,0.72385
dozen,0.29077
drank,0.320004
drive,0.139421
driving,0.181718
drop,0.181718
dropped,0.183449
duffer,0.72385
duffers,0.730744
during,0.0828538
each,0.0485802
early,0.0813052
earned,0.306177
easily,0.226938
echoes,0.441574
efforts,0.207431
eighth,0.409597
elevated,0.441574
embankment,0.602281
embedded,0.602281
emphasis,0.273989
encourage,0.320004
end,0.0874964
endeared,0.602281
ends,0.237571
engrossed,0.382561
enlisted,0.602281
entered,0.198435
entry,0.382561
error,0.320004
even,0.0683075
ever,0.0914005
every,0.122728
evil,0.260991
excavation,0.602281
executive,0.303288
exhibition,0.359141
existing,0.359141
expand,0.359141
expansion,0.338483
expected,0.109383
face,0.105369
failed,0.181718
fairway,0.608017
fame,0.303288
family,0.133267
fathers,0.303288
favor,0.273989
fell,0.159298
few,0.0953437
fiercest,0.480711
figure,0.202214
final,0.175578
first,0.0180215
floated,0.359141
flowed,0.338483
flubbed,0.72385
followed,0.166457
following,0.181718
follows,0.260991
football,0.397135
for,0
force,0.216914
forced,0.239834
form,0.152419
formally,0.303288
formation,0.441574
former,0.111658
formula,0.382561
forward,0.248891
found,0.0905383
four,0.0607213
fourteen,0.3261
franchise,0.730744
from,0
frustrations,0.602281
game,0.189877
games,0.276598
gave,0.139421
general,0.110604
generally,0.166457
get,0.0416644
go,0.0689581
goal,0.260991
god,0.338483
golden,0.226938
golf,0.454191
golfer,0.730744
golfing,0.72385
got,0.0725339
green,0.189877
grin,0.359141
ground,0.152419
group,0.110604
guarding,0.382561
gully,0.602281
hackers,0.72385
had,0.0128109
hall,0.248891
handed,0.198435
hands,0.152419
handy,0.441574
happened,0.218979
has,0
have,0.00878156
he,0.00679159
head,0.10315
headed,0.193494
heartening,0.72385
held,0.0768647
helm,0.359141
heralded,0.72385
here,0.0641805
hero,0.279208
heyday,0.602281
high,0.0448877
him,0.0398839
his,0.00323216
holder,0.531167
hole,0.223111
home,0.0314367
homer,0.480711
honestly,0.338483
honored,0.362561
hooked,0.531167
hope,0.159298
hot,0.189877
how,0.0775968
however,0.107376
human,0.226938
humor,0.409597
idol,0.359141
illness,0.359141
immediate,0.181718
imminent,0.382561
in,0
included,0.226938
including,0.152419
incompetents,0.72385
increasing,0.320004
inherent,0.480711
injury,0.273989
intensity,0.480711
intention,0.273989
into,0.021612
iron,0.260991
is,0
it,0
items,0.359141
its,0.0178515
jangling,0.480711
job,0.221045
joined,0.173922
just,0.0768647
keep,0.152419
keeps,0.303288
key,0.181718
knew,0.152419
knowledge,0.198435
knows,0.218979
lampoon,0.72385
landed,0.273989
largely,0.288027
last,0.0253837
later,0.0953437
law,0.127321
lawyer,0.263477
leading,0.198435
league,0.301743
lease,0.602281
led,0.116001
left,0.0866787
lengthening,0.531167
lie,0.248891
lies,0.207431
like,0.0578129
line,0.160815
lineman,0.72385
list,0.198435
ll,0.171213
local,0.148577
logical,0.480711
loophole,0.72385
lunch,0.382561
made,0.0147472
majestic,0.441574
major,0.198435
majors,0.480711
make,0.056207
man,0.0543465
manager,0.251261
many,0.056207
margin,0.485289
matches,0.409597
meditating,0.480711
meet,0.105369
meeting,0.105369
meetings,0.320004
members,0.105369
merely,0.173922
meritorious,0.602281
metropolitan,0.531167
minor,0.303288
money,0.122728
monstrous,0.320004
months,0.105369
more,0.00878156
most,0.0349073
motivated,0.72385
move,0.1458
moved,0.173922
moving,0.207431
much,0.0689581
municipal,0.480711
must,0.0820795
narrow,0.216914
national,0.166457
naturally,0.303288
neither,0.152419
nerves,0.338483
never,0.0905383
new,0.0119197
newest,0.382561
news,0.166457
next,0.0641805
nice,0.237571
nicer,0.531167
night,0.0689581
no,0.00575095
nor,0.139421
not,0.0028519
nothing,0.152419
obtain,0.273989
of,0
off,0.0528507
office,0.133267
official,0.221045
officials,0.260991
old,0.0533493
on,0
once,0.140749
one,0
only,0.0210117
open,0.122728
opening,0.152419
operated,0.409597
opposite,0.237571
originally,0.359141
other,0.00580572
out,0
outfielder,0.531167
outstanding,0.441574
over,0.0150281
owned,0.273989
owners,0.276598
pair,0.198435
par,0.536226
paragon,0.72385
parks,0.382561
partner,0.226938
passing,0.183449
past,0.0647918
perfection,0.303288
permission,0.320004
permitted,0.226938
personalities,0.480711
perturbed,0.531167
picked,0.29077
pitching,0.338483
pixies,0.72385
play,0.125043
playable,0.72385
played,0.177235
player,0.369402
players,0.293514
plays,0.338483
plus,0.303288
pointed,0.189877
possible,0.0953437
potato,0.480711
president,0.159298
principal,0.237571
prize,0.260991
pro,0.288027
problem,0.191686
professional,0.309065
project,0.189877
prominent,0.382561
prominently,0.531167
provisional,0.737638
put,0.0905383
quarterback,0.531167
quiet,0.189877
quit,0.303288
rains,0.441574
raise,0.216914
rather,0.116001
re,0.116001
receive,0.195302
received,0.128533
recent,0.159298
reception,0.260991
recognized,0.344931
reconsider,0.531167
record,0.173922
refused,0.260991
rejoining,0.72385
relentlessly,0.72385
relieves,0.72385
remained,0.207431
remains,0.260991
remove,0.273989
require,0.237571
resigned,0.338483
respects,0.338483
responsible,0.382561
retain,0.303288
retired,0.216914
return,0.139421
right,0.0866787
rock,0.303288
room,0.139421
round,0.162332
ruefully,0.531167
ruled,0.239834
rules,0.260742
ruling,0.320004
running,0.183449
s,0
sacrifice,0.260991
sacrilege,0.531167
said,0.0188716
salary,0.338483
saluted,0.359141
save,0.237571
say,0.105369
schedule,0.359141
scored,0.541284
scoring,0.480711
season,0.165366
second,0.0953437
secondary,0.409597
secretary,0.288027
seek,0.160815
selection,0.409597
self,0.189877
sense,0.166457
sent,0.12157
series,0.211382
serious,0.183449
service,0.127321
shaped,0.320004
shooting,0.303288
shot,0.213357
shots,0.409597
show,0.10124
side,0.147188
signed,0.279208
silver,0.248891
similar,0.207431
since,0.0523521
skit,0.72385
slice,0.382561
sliced,0.72385
small,0.116001
soft,0.198435
some,0.0242299
something,0.133267
song,0.248891
sought,0.198435
southpaw,0.531167
speaker,0.303288
special,0.12157
spectator,0.531167
spirit,0.166457
split,0.303288
spongy,0.72385
sponsorship,0.602281
sport,0.260991
sports,0.341707
spot,0.226938
stadium,0.737638
staff,0.168043
stage,0.189877
standpoint,0.480711
stayed,0.273989
strain,0.359141
stream,0.260991
strewn,0.480711
strings,0.288027
stroke,0.218979
strokes,0.382561
strong,0.1458
studded,0.480711
succeeds,0.409597
such,0.0420574
suddenly,0.207431
supply,0.237571
sure,0.173922
switching,0.531167
t,0.0485802
take,0.0641805
team,0.351378
teams,0.449985
tee,0.531167
television,0.409597
than,0.0148876
that,0
the,0
their,0.00869872
them,0.0275083
then,0.0448877
there,0.0123653
thereby,0.359141
therefore,0.189877
they,0.0028519
think,0.0953437
third,0.100285
thirteen,0.320004
thirty,0.248891
this,0.00591526
thoroughly,0.320004
those,0.0523521
thousands,0.237571
three,0.0214119
through,0.0448877
title,0.306177
to,0
today,0.123885
tonight,0.303288
too,0.0732247
took,0.0905383
tournament,0.382561
tournaments,0.602281
toward,0.159298
tried,0.148577
twelfth,0.441574
twelve,0.273989
two,0.0121425
unable,0.303288
under,0.0342548
up,0.0183615
upon,0.12157
valuable,0.273989
very,0.0953437
victimized,0.72385
wailed,0.480711
was,0
way,0.0567423
ways,0.159298
wayward,0.441574
weather,0.216914
weeks,0.155322
went,0.0768647
were,0.00597003
when,0.0147472
where,0.0453152
which,0.00293339
while,0.0528507
whipped,0.382561
who,0
whose,0.117106
wife,0.100285
will,0
winner,0.44578
winning,0.29077
with,0
won,0.142077
worked,0.198435
working,0.152419
works,0.242096
world,0.0567423
would,0.0121425
wound,0.260991
writers,0.386204
wrong,0.189877
wrote,0.207431
yard,0.276598
yarder,0.72385
ye,0.237571
year,0.0253837
years,0.0288182
yen,0.72385
yesterday,0.117106
you,0.0813052
young,0.0905383
zombies,0.72385
