A,0.00286191
After,0.10325
Alvin,0.612243
American,0.127767
And,0.0694374
Angeles,0.321127
Art,0.249764
As,0.0771344
Babe,0.383903
Basketball,0.72639
Bears,0.533031
Bend,0.533031
Benington,0.782992
Bevo,0.735824
Bill,0.25079
Billiken,0.735824
Billikens,0.735824
Birds,0.365082
Blue,0.339671
Bob,0.335973
Bobby,0.443124
Boehmer,0.72639
Boyer,0.735824
Bradley,0.745258
Broadway,0.411034
Broeg,0.72639
Broglio,0.745258
Bucks,0.72639
Bucs,0.735824
Burgess,0.482398
Burnes,0.72639
Busch,0.735824
By,0.159857
C,0.133734
Cardinal,0.604394
Cardinals,0.546876
Cards,0.72639
Case,0.411034
Casey,0.443124
Change,0.482398
Cimoli,0.72639
Cincinnati,0.443124
City,0.13991
Class,0.604394
Clemente,0.72639
Club,0.238405
Coach,0.494927
College,0.265308
Commies,0.72639
Contribution,0.604394
Crystal,0.72639
Cubs,0.72639
Dame,0.360401
Danny,0.533031
Dark,0.448878
Dave,0.454633
Democrat,0.482398
Despite,0.383903
DiMaggio,0.604394
Dick,0.344082
Dispatch,0.72639
Dodger,0.72639
Dodgers,0.488662
Don,0.223329
Donnell,0.72639
Durocher,0.72639
Ernie,0.604394
Field,0.344082
For,0.0920359
Four,0.238405
Friday,0.176799
Friend,0.369762
Gene,0.443124
George,0.174532
Giants,0.39886
Gibson,0.539953
Gino,0.72639
Glen,0.482398
Globe,0.482398
Gordon,0.42171
Groat,0.72639
Grounds,0.533031
Haddix,0.735824
Hal,0.482398
Hambric,0.72639
Happy,0.321127
Harris,0.365082
Hartweger,0.764125
Harvey,0.443124
He,0.0147989
Hemus,0.764125
His,0.100636
Hoak,0.72639
Houk,0.533031
I,0.0161443
If,0.0969208
Ill,0.339671
In,0.00584608
Inheriting,0.72639
Invitation,0.72639
Jackson,0.443124
John,0.0727884
Joplin,0.72639
Jr,0.208159
Kenny,0.604394
Kentucky,0.448878
Kieffer,0.735824
Labor,0.304352
Larry,0.488662
Latinovich,0.72639
Law,0.321127
League,0.325298
Len,0.604394
Leo,0.443124
Ligget,0.72639
Like,0.208159
Lindy,0.72639
Los,0.321127
Louis,0.278914
Luechtefeld,0.72639
Major,0.443124
Man,0.227735
Manager,0.546876
Mankowski,0.745258
Mantle,0.532517
Mauch,0.735824
May,0.159612
Mays,0.567643
Mazeroski,0.604394
McDaniel,0.604394
Mickey,0.539953
Missouri,0.416372
Mizell,0.745258
Mrs,0.127767
Murtaugh,0.745258
Musial,0.745258
National,0.193018
New,0.0652422
Next,0.289038
Nieman,0.745258
No,0.135471
Nordmann,0.754691
Notre,0.604394
Now,0.152954
Ol,0.604394
On,0.0826501
Other,0.167042
Our,0.190544
Outstanding,0.72639
Perhaps,0.227735
Phillies,0.612243
Pirate,0.735824
Pirates,0.574566
Pittsburgh,0.553798
Polo,0.533031
Post,0.383903
Quincy,0.72639
Ralph,0.321127
Redbirds,0.754691
Reid,0.72639
Ritchie,0.604394
Rizzuto,0.72639
Ruth,0.411034
Saturday,0.159857
Scherer,0.735824
Several,0.383903
Shantz,0.72639
Since,0.201717
Six,0.325298
Skinner,0.72639
Smith,0.217675
Smoky,0.72639
Solly,0.735824
Southeast,0.416372
Speakers,0.604394
St,0.148996
Stadium,0.416372
Stan,0.735824
State,0.133734
Stengel,0.494927
Stuart,0.533031
Sunday,0.141728
Taussig,0.604394
Teachers,0.72639
That,0.0956783
The,0
Their,0.159857
Then,0.13991
They,0.0388438
This,0.0378604
Those,0.167042
Thursday,0.238405
Tipoff,0.72639
Tom,0.339671
Tonight,0.533031
Tournament,0.604394
U,0.15494
University,0.204303
Until,0.321127
Vern,0.72639
Vinegar,0.72639
Virdon,0.735824
Washington,0.15494
We,0.0920359
Wednesday,0.201717
White,0.176799
Willie,0.460388
With,0.11792
Within,0.249764
Wrigley,0.72639
Yankees,0.383903
Yes,0.208159
York,0.169211
You,0.13991
``,0.0736856
a,0
ability,0.296545
about,0.0120428
accepted,0.278521
action,0.141728
addition,0.199131
admired,0.289038
advantage,0.199131
after,0.0216331
again,0.105738
against,0.0727701
age,0.146311
ago,0.0920359
agree,0.238405
all,0.00599597
almost,0.110993
along,0.0861622
also,0.0190774
among,0.105738
an,0
and,0
ankles,0.360401
anniversary,0.533031
announced,0.121996
any,0.0378604
anyone,0.238405
anywhere,0.249764
apparent,0.238405
apparently,0.217675
are,0.00599597
as,0
assignment,0.482398
at,0
attempts,0.27495
authority,0.217675
averages,0.482398
award,0.393875
back,0.0456302
ball,0.206889
base,0.193018
baseball,0.460388
bases,0.383903
basketball,0.443124
bat,0.339671
bats,0.383903
batted,0.604394
batting,0.488662
battling,0.533031
be,0
beat,0.161933
beaten,0.27495
beautiful,0.227735
because,0.041954
been,0.00592102
before,0.0325656
beginning,0.182356
behaving,0.443124
below,0.199131
belted,0.604394
bench,0.278521
best,0.0837097
bestowed,0.339671
better,0.100636
between,0.0861622
big,0.133734
bit,0.208159
blasting,0.411034
blond,0.604394
body,0.182356
books,0.208159
boost,0.443124
both,0.041954
bowl,0.383903
boy,0.141728
boys,0.208159
break,0.174532
breaking,0.249764
brought,0.0969208
bubble,0.443124
bull,0.339671
bunter,0.72639
busy,0.238405
but,0.00312208
by,0
came,0.0781362
can,0.024315
captain,0.304352
care,0.174532
careers,0.482398
center,0.253008
ceremonies,0.360401
champions,0.325298
change,0.159857
cited,0.360401
clock,0.253008
club,0.206889
clutch,0.443124
coach,0.256251
collapse,0.482398
commended,0.383903
comparable,0.482398
compiled,0.604394
confidence,0.227735
congratulated,0.383903
considered,0.190544
contented,0.289038
continues,0.482398
conversation,0.238405
correctly,0.411034
could,0.0337717
court,0.13991
courts,0.304352
cows,0.383903
crown,0.227735
current,0.227735
d,0.146311
date,0.193018
day,0.0435676
days,0.0956783
dealt,0.360401
decided,0.141728
defeats,0.482398
defensive,0.443124
definitely,0.539953
deliver,0.321127
desire,0.208159
despite,0.261907
did,0.0586018
different,0.193018
differently,0.339671
dinner,0.159857
disheartening,0.604394
disposition,0.289038
do,0.0317615
doesn,0.227735
doing,0.174532
double,0.208159
doubleheader,0.72639
doubles,0.533031
doubted,0.27495
down,0.0564042
dragging,0.339671
dramatic,0.388889
dropped,0.182356
drove,0.238405
each,0.0500169
eager,0.227735
earlier,0.199131
early,0.0826501
earned,0.304352
editor,0.488662
effort,0.159857
efforts,0.208159
eight,0.116408
em,0.304352
emphasize,0.533031
enabled,0.383903
end,0.0861622
ended,0.199131
ending,0.249764
even,0.0694374
ever,0.0908559
excellent,0.227735
expectations,0.443124
expert,0.321127
extra,0.304352
fall,0.13991
far,0.0872812
faults,0.289038
feet,0.13991
fell,0.159857
field,0.146311
fifteenth,0.604394
fight,0.159857
final,0.174532
finished,0.199131
finishing,0.339671
first,0.0190774
five,0.10325
flu,0.72639
foot,0.167042
for,0
former,0.110993
found,0.0920359
four,0.0627112
frank,0.383903
from,0
full,0.105738
future,0.146311
game,0.212815
games,0.278521
gave,0.13991
get,0.0424919
getting,0.15494
give,0.107112
given,0.0837097
glamorous,0.72639
going,0.0969208
good,0.0660786
got,0.0727884
grass,0.249764
great,0.0920359
green,0.190544
groove,0.604394
group,0.112434
gum,0.533031
had,0.012805
hadn,0.383903
halftime,0.72639
handled,0.383903
happier,0.321127
happy,0.148211
harder,0.304352
hardly,0.152954
has,0
have,0.00963617
hawking,0.72639
he,0.00689537
healed,0.383903
hear,0.159857
heed,0.321127
heights,0.365082
held,0.0771344
help,0.152012
her,0.0956783
here,0.0677515
him,0.0408105
his,0.00341942
history,0.159857
hit,0.153912
hits,0.365082
hitter,0.539953
hitting,0.388889
home,0.0341737
homers,0.539953
homerun,0.72639
honored,0.360401
honors,0.411034
hot,0.190544
how,0.0781362
husband,0.182356
if,0.0378604
imposing,0.411034
in,0
including,0.152954
indicated,0.199131
inherited,0.443124
injuries,0.383903
injury,0.278521
inscription,0.411034
intended,0.289038
into,0.0216331
introduced,0.227735
inviting,0.321127
is,0
isn,0.289038
it,0
jumped,0.261907
junior,0.289038
just,0.0791379
kept,0.133734
kid,0.411034
kids,0.383903
knee,0.220502
knew,0.152954
knock,0.27495
know,0.0956783
lacking,0.411034
last,0.0265254
later,0.0956783
lavish,0.411034
lead,0.184724
leadership,0.360401
league,0.289038
leave,0.199131
led,0.11792
lefthander,0.604394
lengthy,0.72639
lettermen,0.72639
letting,0.27495
like,0.0564042
likely,0.208159
lineup,0.735824
list,0.199131
listed,0.339671
little,0.0826501
ll,0.169211
long,0.0571367
looked,0.227735
loose,0.227735
losing,0.249764
losses,0.383903
lost,0.133734
low,0.161933
made,0.0147989
majors,0.482398
make,0.0564042
man,0.0525358
manager,0.249764
managers,0.488662
mantle,0.383903
many,0.0564042
mark,0.213565
mates,0.411034
matter,0.110993
mature,0.339671
may,0.0525358
me,0.113875
means,0.152954
meant,0.217675
men,0.0831449
merely,0.174532
might,0.0932158
milestone,0.604394
milk,0.27495
minutes,0.146311
misled,0.482398
missed,0.261907
month,0.112434
more,0.00929607
most,0.0370536
moved,0.174532
much,0.0729983
names,0.199131
nationally,0.533031
neck,0.217675
necked,0.604394
needed,0.127767
never,0.0932158
new,0.0117379
news,0.167042
night,0.0721081
nine,0.15494
no,0.00599597
not,0.00297341
now,0.0179141
o,0.182356
oats,0.482398
of,0
off,0.0559472
often,0.141728
old,0.0525358
on,0
once,0.13991
one,0
only,0.0221808
open,0.125165
opened,0.174532
opinion,0.174532
opinions,0.261907
or,0.0117379
other,0.00584608
out,0
outclass,0.72639
outfielder,0.533031
over,0.0157599
overcame,0.482398
overcome,0.261907
owned,0.27495
paid,0.13991
pass,0.167042
peaks,0.482398
pennant,0.416372
people,0.0644057
pepping,0.72639
perfect,0.227735
perfection,0.304352
performance,0.217675
period,0.169211
persuade,0.249764
pitched,0.411034
pitcher,0.411034
pitchers,0.411034
pitching,0.352905
plans,0.174532
play,0.128334
player,0.365082
players,0.304053
playing,0.201717
plunkers,0.72639
pointed,0.190544
pop,0.360401
possessing,0.339671
possessive,0.72639
possibility,0.238405
possible,0.0956783
power,0.133734
practice,0.230692
praise,0.249764
preached,0.360401
precedent,0.360401
presented,0.167042
previous,0.208159
probably,0.156927
problem,0.190544
prod,0.604394
produce,0.238405
professionals,0.72639
proud,0.182356
pun,0.482398
push,0.249764
put,0.0908559
quieted,0.443124
quietly,0.227735
quite,0.167042
race,0.230692
rare,0.227735
rather,0.116408
rbi,0.72639
re,0.120944
reached,0.167042
react,0.604394
ready,0.133734
reasons,0.174532
recalled,0.339671
recession,0.533031
record,0.188132
recovering,0.321127
relations,0.190544
resented,0.482398
reserving,0.482398
respect,0.199131
ride,0.217675
right,0.0861622
rookie,0.533031
round,0.159857
run,0.0837097
runaway,0.443124
runner,0.612243
runs,0.262739
rushed,0.249764
s,0
said,0.0202406
same,0.0920359
saw,0.123581
say,0.105738
schedule,0.360401
scheduled,0.321127
season,0.180617
seasons,0.321127
see,0.0644057
seemed,0.174532
seen,0.193018
sensational,0.482398
series,0.208159
served,0.159857
set,0.0660786
seven,0.13991
seventh,0.339671
several,0.100636
shape,0.208159
shared,0.304352
she,0.110993
shot,0.208159
should,0.0694374
shouldn,0.416372
showed,0.278521
shown,0.199131
sights,0.339671
silver,0.249764
since,0.0525358
sit,0.208159
sitting,0.182356
skills,0.533031
slower,0.411034
slugger,0.612243
slump,0.533031
so,0.0403188
some,0.024315
sore,0.27495
sort,0.208159
sow,0.411034
special,0.121996
speed,0.167042
spelled,0.72639
spirit,0.169211
split,0.304352
sports,0.344082
spread,0.208159
stand,0.121996
start,0.142418
starting,0.278521
starts,0.278521
statistics,0.482398
stay,0.187092
stiff,0.321127
stole,0.217675
stood,0.190544
successfully,0.339671
suffered,0.227735
suffering,0.27495
super,0.533031
supposed,0.249764
switch,0.539953
t,0.0525494
take,0.0644057
talents,0.383903
talk,0.15494
talking,0.217675
target,0.411034
taught,0.217675
team,0.388195
teams,0.443124
televised,0.604394
terror,0.227735
than,0.0157599
thank,0.238405
that,0
the,0
their,0.0091827
them,0.0279633
themselves,0.13991
then,0.0450452
they,0.00327075
thin,0.227735
thing,0.121996
this,0.00637072
those,0.0532181
though,0.148211
thought,0.13991
three,0.0210854
threw,0.208159
thrilling,0.411034
through,0.0450452
tie,0.278521
time,0.0213593
times,0.135471
to,0
today,0.121996
told,0.0771344
tomorrow,0.238405
tonight,0.304352
too,0.0737337
top,0.11792
total,0.152954
tournament,0.383903
town,0.199131
treatment,0.360401
tremendous,0.27495
trio,0.443124
triple,0.388889
trips,0.533031
triumphs,0.411034
trouble,0.167042
true,0.174532
truth,0.182356
tumbled,0.289038
turned,0.152954
twice,0.182356
two,0.0120428
ultimate,0.339671
under,0.034375
unhappiest,0.72639
up,0.0186121
use,0.0956783
usually,0.249764
valuable,0.282092
ve,0.176799
veteran,0.304352
victories,0.388889
victory,0.23365
walloping,0.72639
want,0.116408
wanted,0.148211
was,0
way,0.0564042
ways,0.159857
we,0.0456302
week,0.0578692
weekend,0.360401
well,0.0532181
were,0.00622082
what,0.0325656
when,0.0157599
where,0.0450452
which,0.00286191
while,0.0525358
who,0
why,0.146311
wife,0.100636
will,0
win,0.244597
winning,0.289038
with,0
without,0.0603595
won,0.145362
wonderful,0.238405
words,0.174532
workout,0.533031
world,0.0564042
worry,0.289038
worst,0.217675
would,0.0121952
year,0.0262096
years,0.0279633
yesterday,0.11792
you,0.0815904
