A,0.00304581
Abra,0.726308
Actress,0.726308
Actually,0.410988
Affaire,0.53297
African,0.38386
Aiding,0.726308
Ainsworth,0.726308
Albert,0.304318
Aldo,0.726308
Also,0.265249
Alsop,0.726308
American,0.127753
And,0.0694219
Andrew,0.410988
Angel,0.360361
Annamorena,0.726308
Arab,0.53297
Ariz,0.482343
Armed,0.443073
Armour,0.539833
Arms,0.443073
Art,0.249736
Arts,0.360361
Arvey,0.726308
As,0.0771257
Association,0.274919
B,0.197881
Back,0.360361
Bal,0.726308
Balkan,0.726308
Ball,0.482343
Bar,0.443073
Barnes,0.38386
Barrett,0.726308
Battle,0.482343
Beach,0.308236
Beadles,0.73566
Because,0.208135
Beirut,0.726308
Belafonte,0.726308
Berlin,0.339633
Bernadine,0.726308
Bernie,0.726308
Best,0.38386
Bet,0.726308
Bill,0.241447
Birgit,0.726308
Biz,0.726308
Blue,0.339633
Boothby,0.726308
Boston,0.289005
Box,0.53297
Brain,0.53297
Brandenburg,0.726308
Broadway,0.410988
Bruce,0.604326
Bud,0.482343
Burke,0.494764
Burkes,0.619888
But,0.0243122
Butlers,0.726308
Byron,0.410988
C,0.137163
California,0.360361
Camilla,0.726308
Cancer,0.482343
Carnegie,0.726308
Casey,0.443073
Casino,0.604326
Charles,0.220452
Charley,0.488554
Chicago,0.335664
Chief,0.289005
Children,0.289005
Christmas,0.265249
Clinton,0.604326
Columnist,0.726308
Come,0.208135
Comic,0.726308
Commerce,0.38386
Company,0.339633
Consul,0.604326
Cotillion,0.726308
D,0.163955
Damascus,0.488554
Danny,0.553557
Dave,0.443073
David,0.249736
Day,0.190522
De,0.304318
Debutante,0.604326
Dec,0.421571
December,0.278459
Dick,0.339633
Djakarta,0.726308
Dodgers,0.482343
Dolce,0.604326
Doris,0.73566
Drum,0.482343
Drury,0.539833
E,0.161897
Egypt,0.410988
Emcee,0.726308
Empire,0.360361
England,0.208135
English,0.21765
Europe,0.249736
Everybody,0.339633
Everywhere,0.53297
F,0.182335
Fall,0.339633
Fardulli,0.726308
Fashion,0.410988
First,0.167023
Fla,0.41628
Florence,0.619888
Flower,0.482343
For,0.0908457
Forest,0.426863
Foundation,0.539833
Francis,0.38386
Frank,0.21765
Freddie,0.726308
Frederick,0.443073
Fur,0.726308
G,0.227709
Garson,0.604326
Gary,0.53297
Gate,0.443073
General,0.238378
Genevieve,0.726308
George,0.176759
Geraghty,0.782418
Geraghtys,0.726308
Germania,0.726308
Giacomo,0.726308
Giants,0.38386
Gift,0.604326
Give,0.274919
Golf,0.53297
Gorgeous,0.604326
Gotham,0.604326
Guglielmo,0.726308
H,0.220452
Hall,0.261877
Hamm,0.754363
Hampton,0.53297
Handsome,0.53297
Harry,0.304318
Harvey,0.443073
Harveys,0.726308
Havilland,0.726308
He,0.0153688
Helen,0.448778
Henry,0.208135
Her,0.169173
Herbert,0.53297
Here,0.176759
Hmpf,0.726308
Holabird,0.726308
Hollywood,0.482343
Homer,0.604326
Hong,0.443073
Honolulu,0.73566
Housed,0.726308
However,0.167023
I,0.0149878
If,0.0956674
Illinois,0.339633
Illustrated,0.53297
In,0.00584477
India,0.274919
Indonesia,0.604326
Industry,0.726308
Inn,0.339633
International,0.329359
It,0.0120388
Italian,0.300169
J,0.159839
Jack,0.192975
Jan,0.304318
Jana,0.726308
Jane,0.398687
Japan,0.443073
Jean,0.604326
Joan,0.41628
John,0.0755915
Johnny,0.37428
Jr,0.218854
Jude,0.604326
Jump,0.53297
Kanin,0.726308
Kankakee,0.726308
Kenilworth,0.726308
Khrush,0.726308
King,0.227709
Kirkland,0.726308
Knight,0.53297
Kong,0.443073
Kramer,0.726308
Kremlin,0.443073
Kriss,0.726308
L,0.210815
La,0.292726
Lake,0.36964
Lambert,0.604326
Lane,0.388802
Later,0.482343
Lawn,0.726308
Lee,0.289005
Lenobel,0.726308
Leukemia,0.726308
Living,0.448778
London,0.227709
Loop,0.726308
Lorenz,0.726308
Louis,0.261877
Lovely,0.604326
Lover,0.53297
Lucille,0.604326
Luke,0.604326
Luthuli,0.726308
Lyon,0.539833
Mag,0.726308
Manila,0.726308
Manville,0.604326
Marty,0.726308
Mason,0.443073
Masonic,0.53297
Masque,0.726308
Maureen,0.745012
Maurice,0.443073
May,0.148178
McCormick,0.604326
Me,0.292726
Melcher,0.726308
Memphis,0.482343
Met,0.454483
Metropolitan,0.604326
Mets,0.73566
Milt,0.604326
Miss,0.209363
Missoula,0.726308
Molly,0.745012
Monroe,0.763715
Mont,0.604326
More,0.174512
Morton,0.410988
Mr,0.137622
Mrs,0.162296
Must,0.227709
My,0.152936
N,0.182335
New,0.066886
Nilsson,0.726308
Nixon,0.482343
Nobel,0.604326
Nobody,0.274919
Norman,0.274919
Nov,0.448778
O,0.176759
Oak,0.443073
Odell,0.726308
Office,0.339633
Old,0.204236
Olivia,0.726308
On,0.0815812
Only,0.190522
Opera,0.482343
P,0.190522
Packers,0.604326
Packs,0.726308
Pakistan,0.604326
Paree,0.726308
Parichy,0.745012
Paris,0.292726
Park,0.220452
Passavant,0.726308
People,0.289005
Peter,0.289005
Phoenix,0.482343
Place,0.289005
Playboy,0.604326
Porters,0.726308
Post,0.38386
Prentice,0.604326
Presbyterian,0.482343
Press,0.443073
Pretty,0.304318
Profili,0.726308
Q,0.726308
R,0.199108
Rackmil,0.726308
Racquet,0.726308
Ray,0.365
Republic,0.410988
Research,0.612107
Richard,0.182335
Robertsons,0.726308
Romantic,0.726308
Rome,0.289005
Room,0.41628
Rosemary,0.604326
Rostagno,0.73566
Rostagnos,0.726308
Rush,0.726308
Russell,0.488554
S,0.093185
Sarasota,0.726308
Saturday,0.159839
Sentry,0.726308
Sethness,0.73566
She,0.119393
Show,0.360361
Simon,0.482343
Simonelli,0.726308
Sims,0.612107
Skylark,0.604326
Smith,0.21765
Snapped,0.726308
So,0.127753
Song,0.38386
South,0.182335
Sportsman,0.604326
St,0.145298
Stadium,0.41628
States,0.199108
Stengel,0.482343
Stevens,0.539833
Stevenses,0.726308
Stock,0.604326
Strafaci,0.726308
Stricken,0.726308
Sulcer,0.726308
Sullivan,0.488554
Sunday,0.139895
Sunny,0.726308
Syria,0.53297
T,0.249736
Tarzan,0.754363
Tennis,0.604326
Terry,0.443073
That,0.0968992
The,0
Their,0.161897
Then,0.139895
There,0.0378561
They,0.0388309
This,0.0378561
Thomas,0.268621
Thrush,0.726308
Ticker,0.726308
Tieken,0.726308
Time,0.227709
Tommy,0.604326
Tonight,0.53297
Town,0.488554
Towne,0.726308
Trade,0.410988
Trager,0.726308
Tribune,0.726308
Turandot,0.726308
Twist,0.726308
Typical,0.726308
U,0.152936
United,0.192975
Universal,0.53297
University,0.199108
Veeck,0.726308
Vero,0.73566
Vita,0.604326
W,0.141696
Wacker,0.726308
Wackers,0.726308
Walter,0.393745
Wayne,0.41628
We,0.0920154
Weissmuller,0.726308
Wendell,0.773066
Wendells,0.726308
Westminster,0.443073
Whee,0.726308
William,0.117894
Winchell,0.726308
Winnetka,0.726308
With,0.116395
Y,0.321091
Yankees,0.38386
Yards,0.604326
York,0.171324
You,0.141696
Young,0.274919
``,0.0751171
a,0
able,0.116395
about,0.0120388
above,0.182335
acclaim,0.53297
activities,0.360361
acts,0.289005
addressed,0.274919
adds,0.482343
advisory,0.53297
affair,0.261877
after,0.021626
afternoon,0.167023
again,0.107088
ain,0.482343
all,0.00591907
along,0.0872618
already,0.135441
also,0.0181427
an,0
and,0
another,0.0685394
any,0.0378561
anybody,0.289005
anyone,0.238378
appearances,0.289005
apply,0.261877
appointed,0.208135
are,0.00614196
area,0.167023
argument,0.208135
around,0.101921
arrive,0.278459
artistic,0.38386
as,0
association,0.365
at,0
atmosphere,0.261877
aunts,0.482343
awarded,0.443073
away,0.100625
baby,0.292726
bachelor,0.443073
back,0.0485196
barely,0.321091
baseball,0.443073
baseballight,0.726308
basketball,0.443073
bayonet,0.53297
be,0
beach,0.321091
beat,0.161897
because,0.0419446
been,0.00599337
beer,0.38386
before,0.0309539
beginning,0.182335
benefit,0.241447
best,0.0815812
between,0.0861525
big,0.133719
bit,0.208135
biz,0.604326
board,0.160813
bombs,0.482343
books,0.208135
border,0.360361
boss,0.539833
bows,0.38386
boxes,0.38386
boy,0.139895
bridal,0.482343
bride,0.408572
bridegroom,0.41628
bring,0.121983
bringing,0.238378
broke,0.167023
brother,0.206799
buffet,0.38386
building,0.167023
bulletin,0.604326
bulletins,0.726308
bus,0.482343
bushes,0.321091
business,0.0956674
but,0.00297212
buy,0.199108
by,0
called,0.0908457
calls,0.208135
campaign,0.339633
can,0.0255643
canceled,0.726308
candy,0.482343
career,0.278459
carry,0.159839
center,0.249736
chairman,0.208135
charities,0.410988
cheer,0.304318
children,0.112409
church,0.199108
clashes,0.726308
close,0.152936
closer,0.238378
club,0.21449
clubs,0.388802
cocktail,0.443073
collect,0.304318
college,0.249736
column,0.38386
come,0.0826316
coming,0.135441
concerns,0.360361
confident,0.261877
contaminating,0.726308
continued,0.159839
contribs,0.726308
copy,0.304318
costumes,0.410988
cotillion,0.726308
countries,0.249736
country,0.121983
crabapple,0.726308
crazy,0.339633
crowd,0.199108
cry,0.208135
cultural,0.443073
current,0.227709
d,0.146295
daily,0.190522
dance,0.220452
dancers,0.38386
darlin,0.726308
date,0.190522
daughter,0.169173
day,0.0424778
dazzler,0.726308
deadline,0.53297
death,0.152936
debut,0.539833
debuting,0.73566
decided,0.139895
deposit,0.53297
dept,0.726308
dervishes,0.604326
dies,0.360361
different,0.190522
dinner,0.161897
director,0.233573
do,0.0309539
doings,0.38386
don,0.159839
dough,0.53297
down,0.0563978
dozen,0.289005
drive,0.141696
driving,0.182335
drop,0.182335
during,0.0815812
dynamite,0.482343
dynamo,0.726308
earn,0.321091
ears,0.238378
earth,0.182335
east,0.241447
easy,0.208135
embassies,0.726308
emergency,0.38386
en,0.38386
engagement,0.339633
entertain,0.321091
entertainment,0.261877
especially,0.167023
establish,0.238378
ethics,0.604326
even,0.0694219
evening,0.174512
event,0.192975
ever,0.0908457
ex,0.312154
exciting,0.360361
exclusive,0.410988
exec,0.73566
exhibitors,0.726308
expect,0.249736
explain,0.261877
explains,0.339633
fair,0.192975
fallout,0.604326
families,0.238378
far,0.0861525
farewell,0.289005
father,0.154906
favorite,0.38386
festival,0.38386
fete,0.726308
fiance,0.726308
filled,0.208135
film,0.360361
firm,0.141696
first,0.0183733
fitted,0.261877
flicker,0.443073
fly,0.190522
folk,0.38386
follow,0.139895
for,0
foreign,0.182335
formerly,0.274919
frau,0.726308
free,0.121983
friends,0.161897
frightening,0.604326
from,0
frothier,0.726308
fund,0.278459
funds,0.21765
fur,0.482343
gals,0.726308
garrulous,0.604326
gave,0.141696
generously,0.443073
get,0.0424778
getting,0.152936
girdling,0.53297
girl,0.199108
give,0.10981
glamor,0.73566
glib,0.604326
globe,0.360361
go,0.0685394
going,0.0956674
goodness,0.289005
governor,0.339633
gown,0.289005
graduate,0.410988
grand,0.199108
greater,0.159839
group,0.113838
groups,0.308236
guttural,0.53297
guy,0.482343
hadn,0.38386
hand,0.116395
handle,0.249736
has,0
have,0.00884063
he,0.00621626
headline,0.53297
health,0.208135
heart,0.182335
her,0.110449
here,0.0702026
him,0.0378561
hinted,0.360361
his,0.00341425
holders,0.482343
holiday,0.321091
holidays,0.360361
home,0.0321495
honest,0.227709
honor,0.292726
hospital,0.325225
hotel,0.289005
house,0.112409
how,0.0771257
however,0.105726
hubby,0.73566
humor,0.410988
husband,0.184683
huzzahs,0.726308
idea,0.210815
if,0.0383435
import,0.410988
in,0
including,0.152936
inflamed,0.410988
injection,0.726308
insist,0.360361
insists,0.410988
instance,0.274919
integration,0.53297
interested,0.227709
international,0.308236
into,0.0218974
invitations,0.410988
is,0
it,0
its,0.0179121
joined,0.174512
jotted,0.604326
judge,0.182335
junior,0.292726
keeps,0.304318
kids,0.388802
know,0.0956674
last,0.0252513
later,0.0956674
lessons,0.339633
letters,0.21765
light,0.174512
live,0.163955
lived,0.227709
ll,0.175625
local,0.146295
look,0.146295
loud,0.238378
low,0.159839
m,0.104512
mad,0.208135
mail,0.365
make,0.057124
makes,0.190522
making,0.0861525
man,0.0532062
many,0.057124
march,0.261877
marriage,0.244516
married,0.227709
masterful,0.604326
matches,0.410988
may,0.0525299
me,0.112409
measles,0.482343
medico,0.726308
medics,0.726308
meet,0.108449
megaton,0.726308
member,0.148178
members,0.107088
mentioned,0.227709
met,0.169173
mighty,0.238378
ministers,0.410988
mink,0.604326
misses,0.53297
money,0.123553
months,0.105726
morals,0.482343
more,0.00906539
morning,0.152936
mother,0.176759
motor,0.38386
move,0.146295
movie,0.488554
muttered,0.339633
nations,0.261877
near,0.133719
neighbors,0.38386
nerve,0.410988
never,0.0908457
new,0.0127944
newly,0.238378
news,0.167023
next,0.0660568
niece,0.443073
night,0.0711869
nights,0.238378
no,0.00577047
noon,0.304318
not,0.00286159
now,0.0188346
obstacle,0.360361
obtain,0.274919
occasion,0.227709
of,0
off,0.0538826
ol,0.726308
on,0
one,0
only,0.0218974
opener,0.482343
opening,0.156875
opens,0.339633
or,0.0117366
oriental,0.443073
other,0.00577047
our,0.0791118
out,0
over,0.0149878
own,0.0872618
p,0.244516
pain,0.261877
pair,0.199108
parents,0.249736
party,0.161897
past,0.0643985
peasants,0.410988
people,0.0643985
performance,0.220452
permission,0.321091
phone,0.443073
phones,0.726308
phonies,0.726308
place,0.0908457
planned,0.227709
plant,0.238378
play,0.123553
playing,0.199108
pop,0.360361
popular,0.249736
portable,0.443073
present,0.093185
president,0.163955
pretty,0.199108
prices,0.274919
prize,0.261877
pro,0.289005
probate,0.726308
producer,0.53297
professional,0.304318
promising,0.304318
promotional,0.604326
pronto,0.726308
prove,0.227709
publicity,0.304318
publishing,0.53297
pubs,0.726308
quite,0.169173
raise,0.21765
raising,0.201672
rancho,0.726308
rare,0.230641
rat,0.38386
re,0.117894
real,0.133719
recent,0.159839
recently,0.21765
reception,0.265249
relations,0.190522
representative,0.321091
rest,0.190522
retiring,0.360361
return,0.141696
returning,0.249736
right,0.0861525
ringing,0.360361
roles,0.604326
room,0.139895
route,0.321091
run,0.0815812
s,0
safety,0.21765
sake,0.261877
same,0.0908457
says,0.167023
school,0.101921
scoop,0.53297
screenings,0.726308
season,0.163955
see,0.0643985
sellout,0.726308
senior,0.321091
sense,0.167023
separated,0.304318
setting,0.174512
several,0.100625
severe,0.21765
she,0.112409
shelters,0.726308
should,0.0694219
show,0.103216
showman,0.604326
side,0.148178
sidled,0.726308
signed,0.278459
sing,0.249736
singer,0.410988
singers,0.410988
singing,0.238378
sister,0.208135
slogan,0.604326
small,0.119393
smoothed,0.443073
so,0.0378561
sold,0.227709
solicit,0.482343
solicits,0.726308
some,0.0243122
somebody,0.21765
something,0.133719
son,0.152936
song,0.249736
songs,0.274919
soon,0.139895
sponsor,0.53297
staff,0.169173
stage,0.190522
staging,0.726308
starred,0.604326
start,0.133719
state,0.0908457
stay,0.182335
stayed,0.274919
stein,0.726308
still,0.0781187
stop,0.167023
streets,0.190522
strings,0.289005
struggles,0.38386
student,0.238378
studio,0.53297
studying,0.321091
success,0.249736
such,0.0414114
suggestions,0.339633
summer,0.167023
supper,0.281999
sure,0.174512
surgery,0.604326
swim,0.289005
t,0.0512556
take,0.0652276
takes,0.174512
taking,0.121983
talent,0.325225
talking,0.21765
tat,0.604326
tatty,0.726308
tea,0.312154
telephone,0.339633
telephoned,0.604326
telling,0.238378
tells,0.261877
tennis,0.726308
than,0.0147973
that,0
the,0
theater,0.494764
their,0.00929016
them,0.0276017
theme,0.339633
there,0.0120388
these,0.0643985
they,0.00286159
thing,0.121983
this,0.00614196
those,0.0525299
thousands,0.238378
three,0.0210831
thru,0.612107
ticket,0.410988
time,0.0213545
to,0
toast,0.443073
today,0.125124
tomorrow,0.256793
tonight,0.304318
too,0.0727802
top,0.117894
touch,0.159839
touches,0.304318
tour,0.38386
town,0.206799
trains,0.443073
translates,0.604326
treasurer,0.360361
trees,0.227709
trip,0.37428
try,0.152936
typewriter,0.482343
uncles,0.482343
underprivileged,0.726308
uniform,0.304318
university,0.304318
up,0.0188346
upon,0.121983
use,0.0956674
using,0.199108
via,0.612107
vice,0.21765
visa,0.726308
walk,0.167023
warbling,0.443073
was,0
watch,0.182335
way,0.0563978
we,0.0450401
wear,0.227709
wed,0.482343
wedding,0.319991
week,0.0563978
well,0.0525299
went,0.0771257
were,0.00577047
wheeled,0.443073
when,0.0159404
which,0.00286159
while,0.0525299
whirling,0.410988
whiz,0.604326
who,0
whom,0.167023
wife,0.100625
will,0
wind,0.208135
winter,0.208135
with,0
women,0.152936
won,0.139895
wonderful,0.238378
world,0.0585763
worthiest,0.53297
would,0.0117366
writer,0.360361
year,0.0249383
years,0.0279571
yesterday,0.116395
yet,0.146295
yodel,0.726308
you,0.0826316
young,0.0908457
youngest,0.289005
