A,0.00295445
Academy,0.444063
Africa,0.361165
After,0.10237
Ah,0.218136
Air,0.321808
Aj,0.350654
Alfred,0.418115
All,0.112905
Allen,0.411906
Alpha,0.605675
Alton,0.727931
American,0.128038
Americans,0.326659
And,0.0697281
Andrew,0.411906
Angeles,0.321808
Angelo,0.534161
Ann,0.418115
Ariz,0.48342
Arlington,0.727931
Army,0.25784
Arts,0.361165
At,0.0686925
Aug,0.361165
Austin,0.361165
B,0.190948
Back,0.361165
Baines,0.727931
Baird,0.605675
Baker,0.464146
Baptist,0.444063
Barbara,0.411906
Bassi,0.727931
Bassis,0.727931
Beam,0.727931
Beaumont,0.605675
Beginning,0.534161
Bernet,0.727931
Betsy,0.605675
Bldg,0.727931
Board,0.289651
Bowman,0.738904
Boxwood,0.727931
Bradford,0.534161
Branum,0.727931
Brig,0.727931
Brown,0.321808
Buell,0.727931
Buffalo,0.534161
Burgher,0.727931
But,0.0243665
Butler,0.534161
By,0.162611
C,0.140079
Calif,0.566372
Campbell,0.605675
Carl,0.444063
Carr,0.605675
Carruthers,0.605675
Carter,0.738904
Cater,0.727931
Cecil,0.605675
Cedric,0.727931
Center,0.384717
Central,0.262462
Chapel,0.444063
Charles,0.221425
Chase,0.457452
Christi,0.738904
Christian,0.218136
Church,0.274332
City,0.144434
Clinton,0.614806
Club,0.246114
Cocktail,0.727931
Cocktails,0.605675
College,0.270376
Colorado,0.444063
Conn,0.727931
Conrad,0.605675
Consul,0.605675
Coronado,0.605675
Corpus,0.738904
Country,0.340391
Cris,0.727931
D,0.167441
Dan,0.411906
Davis,0.361165
Dawson,0.605675
De,0.304998
Dean,0.384717
Delta,0.444063
Denton,0.614806
Denver,0.418115
Denverite,0.727931
Dobbins,0.727931
Donald,0.450758
Douglas,0.384717
Dr,0.193826
E,0.165026
Earl,0.411906
Eastern,0.384717
Edward,0.340391
Ellen,0.727931
Elvis,0.727931
Emilio,0.727931
Ervin,0.605675
Esther,0.605675
F,0.182743
Fashion,0.411906
Fellowship,0.534161
Ferris,0.727931
First,0.172443
Fitzhugh,0.727931
Floresville,0.727931
Force,0.321808
Frances,0.605675
Freeman,0.48342
Friday,0.174902
Gamma,0.727931
Garden,0.36661
Gaston,0.727931
Gay,0.542214
Gen,0.361165
Gene,0.444063
Gibson,0.534161
Glass,0.534161
Glenda,0.605675
Glison,0.738904
Gods,0.36661
Grahamstown,0.727931
Grandparents,0.738904
Grounds,0.534161
Guests,0.444063
Guy,0.534161
Hackstaff,0.727931
Hand,0.384717
Hardy,0.48342
Hartford,0.605675
He,0.0148303
Henry,0.2086
Her,0.17749
Hicks,0.727931
Hinsdale,0.727931
Home,0.384717
Honor,0.444063
Hospital,0.304998
Hotel,0.275533
House,0.124098
Houston,0.436744
Howard,0.314193
I,0.0163953
Ill,0.340391
In,0.00587055
Innumerable,0.605675
It,0.0117628
Italian,0.289651
J,0.165026
Jackson,0.444063
James,0.153253
Jerry,0.444063
Joan,0.418115
John,0.0751421
Jr,0.221179
Judith,0.534161
July,0.266419
June,0.302751
Kappa,0.614806
Kay,0.605675
Kelsey,0.633068
Ken,0.605675
Kira,0.727931
Kittredge,0.727931
L,0.211745
La,0.307117
Lamar,0.614806
Larimer,0.727931
Larry,0.48342
Lee,0.289651
Leonard,0.444063
Lewelleyn,0.727931
Liberal,0.605675
Life,0.275533
Los,0.321808
Lovelace,0.727931
Loving,0.727931
Luette,0.727931
Luise,0.727931
M,0.155589
Magarrell,0.727931
Many,0.2086
Manzanola,0.727931
Marcile,0.727931
Marie,0.534161
Marr,0.793773
Marshall,0.534161
Martin,0.289651
Marvin,0.605675
Mary,0.211745
Mason,0.457452
May,0.153253
Maybe,0.411906
Mayfair,0.727931
McDermott,0.727931
McEachern,0.727931
McIntosh,0.727931
McRoberts,0.727931
Mead,0.727931
Melvin,0.534161
Members,0.490708
Mercy,0.384717
Meredith,0.633068
Merrill,0.727931
Methodist,0.48342
Mills,0.457452
Milton,0.411906
Miss,0.229636
Mom,0.727931
Monday,0.142321
Monica,0.727931
Moore,0.490708
Mortar,0.727931
Motel,0.749878
Motorists,0.727931
Mr,0.147341
Mrs,0.22648
Mullenax,0.738904
Munger,0.727931
Music,0.361165
My,0.153278
Myron,0.727931
N,0.185497
National,0.193826
Neumann,0.727931
Neusteter,0.727931
Neusteters,0.727931
New,0.0684343
No,0.136038
Norman,0.275533
North,0.153278
O,0.174902
Officers,0.48342
Okla,0.534161
Omega,0.605675
Opera,0.48342
Orleans,0.396317
Oxnard,0.727931
P,0.190948
Pabor,0.727931
Palace,0.444063
Pampa,0.738904
Parents,0.614806
Park,0.218136
Parker,0.605675
Parmer,0.727931
Pat,0.534161
Pate,0.605675
Paul,0.250293
Perkins,0.605675
Pi,0.727931
Piero,0.727931
Place,0.289651
Plaza,0.727931
Polo,0.534161
Presbyterian,0.48342
R,0.199553
Ray,0.361165
Reeder,0.727931
Rev,0.424325
Rhodes,0.550266
Richard,0.185497
Rickenbaugh,0.738904
Robert,0.238539
Roger,0.411906
Rollie,0.727931
Ross,0.48342
Rotary,0.534161
Row,0.605675
Royal,0.418115
S,0.0937938
SMU,0.534161
Salvation,0.542214
Samuel,0.340391
San,0.321808
Sandra,0.727931
Santa,0.36661
Saturday,0.169856
Scarsdale,0.727931
School,0.2086
Scots,0.727931
Security,0.444063
Semmes,0.727931
Sequoia,0.727931
Shamrock,0.738904
She,0.120173
Sheila,0.727931
Sherman,0.384717
Shirley,0.534161
Shoup,0.605675
Shreveport,0.614806
Sigma,0.727931
Skid,0.727931
Slaughter,0.605675
Smith,0.221425
Social,0.411906
Some,0.122255
South,0.182743
Springs,0.48342
St,0.140207
Stanley,0.605675
State,0.138059
Sudier,0.727931
Sunday,0.144434
TV,0.490708
Tau,0.727931
Tech,0.444063
Technology,0.48342
Teter,0.727931
Tex,0.444063
Texas,0.270376
That,0.0973266
The,0
Theodore,0.444063
Theology,0.727931
There,0.0396566
They,0.0385126
Thomas,0.266419
Those,0.167396
Thursday,0.23891
Tucson,0.738904
Tuesday,0.162611
UCLA,0.727931
Uhles,0.727931
University,0.20557
Usually,0.605675
V,0.250293
Va,0.605675
Vacancy,0.727931
Vernon,0.48342
Vroman,0.727931
W,0.146548
War,0.289651
Warren,0.321808
Washington,0.155589
Wednesday,0.208578
Week,0.411906
Welborn,0.727931
Willett,0.727931
William,0.116655
Winchester,0.727931
Woman,0.361165
Women,0.289651
World,0.228218
Wright,0.605675
Y,0.326659
York,0.169919
``,0.0705181
a,0
abroad,0.228218
accented,0.727931
accidentally,0.361165
accommodated,0.534161
accommodations,0.444063
achieve,0.340391
across,0.177539
added,0.105963
addition,0.199553
adults,0.605675
advertises,0.727931
affair,0.262462
after,0.0224043
ago,0.0910486
ahead,0.275533
air,0.167396
alcoholics,0.738904
all,0.00613211
along,0.0863449
also,0.0184934
always,0.182743
an,0
and,0
announce,0.326659
announced,0.124098
annual,0.140207
another,0.0686925
ants,0.444063
any,0.0379406
apartment,0.262462
appliques,0.727931
approach,0.218136
are,0.00665523
as,0
asset,0.605675
at,0
attendants,0.384717
attended,0.202561
awaiting,0.411906
back,0.0458212
bateau,0.738904
bath,0.361165
be,0
beauty,0.228218
because,0.0415039
become,0.116655
been,0.00578336
before,0.031023
beggar,0.411906
being,0.0604875
best,0.0842287
between,0.0876466
biggest,0.262462
birth,0.266419
birthday,0.321808
black,0.190948
bleak,0.361165
boast,0.36661
boasting,0.384717
books,0.2086
born,0.160196
both,0.0415039
braced,0.444063
break,0.174902
bride,0.419516
bridegroom,0.411906
bridesmaids,0.727931
bridge,0.340391
brink,0.444063
brocade,0.605675
brother,0.199553
bum,0.727931
business,0.0958811
but,0.00291121
by,0
call,0.134018
came,0.077298
can,0.0258358
candy,0.48342
car,0.218136
carpeted,0.605675
carpeting,0.605675
carried,0.193826
caught,0.177539
celebrates,0.605675
cellar,0.490708
center,0.25784
ceremony,0.275533
certainly,0.2086
chairman,0.211745
chairs,0.289651
chapel,0.444063
charge,0.146622
chat,0.411906
cheery,0.384717
children,0.111228
church,0.199553
civilian,0.534161
closed,0.193826
club,0.199553
coast,0.304998
cocktail,0.444063
coffee,0.361165
comfort,0.231658
comic,0.411906
coming,0.134018
committee,0.246114
common,0.167396
compassionate,0.384717
concerts,0.444063
conditioned,0.48342
contact,0.384717
containing,0.23891
continue,0.182743
cookies,0.534161
couple,0.188252
court,0.140207
covers,0.390517
crown,0.228218
cup,0.340391
daily,0.190948
dancing,0.218136
daughter,0.174966
day,0.0421296
days,0.0973266
decent,0.289651
decides,0.534161
decorations,0.534161
designed,0.211745
did,0.0565238
dining,0.289651
dinner,0.165026
director,0.228218
discovered,0.250293
do,0.031023
dog,0.250293
down,0.0573759
drew,0.199553
during,0.0829961
each,0.0495905
early,0.0817634
earth,0.182743
elegant,0.275533
enjoy,0.218136
entertain,0.321808
entertainment,0.262462
entire,0.190948
even,0.0697281
evening,0.177539
event,0.190948
events,0.250293
everything,0.23891
excellent,0.228218
except,0.167396
explained,0.2086
explains,0.340391
facilities,0.390517
family,0.134018
far,0.0863449
farm,0.262462
farms,0.444063
fashion,0.218136
fast,0.153278
father,0.1579
featuring,0.605675
fellow,0.160196
few,0.0958811
figure,0.199553
finished,0.199553
first,0.0182227
flared,0.605675
flung,0.321808
following,0.182743
for,0
former,0.116258
forth,0.199553
found,0.0910486
four,0.0604875
free,0.122255
from,0
furnished,0.340391
furniture,0.254067
gala,0.48342
gardenias,0.727931
gas,0.340391
genial,0.384717
given,0.0842287
go,0.0697281
gold,0.218136
golf,0.444063
good,0.0645423
gown,0.294017
graduate,0.430535
grandma,0.727931
gray,0.384717
great,0.0924212
greatest,0.199553
groomsmen,0.727931
grossing,0.727931
guests,0.235099
gulf,0.411906
haired,0.340391
has,0
have,0.0090115
he,0.00595773
head,0.10237
headdress,0.727931
heart,0.182743
heat,0.250293
heather,0.727931
held,0.0796286
helps,0.444063
her,0.10889
high,0.0451407
highway,0.384717
him,0.0379406
himself,0.146622
his,0.00299769
home,0.0338291
homes,0.250293
honeymoon,0.542214
honor,0.307117
hope,0.160196
hospitable,0.340391
hot,0.190948
houses,0.190948
how,0.0784633
hundred,0.2086
husband,0.185497
immediately,0.182743
in,0
inch,0.275533
include,0.275533
industry,0.250293
influx,0.605675
informally,0.727931
interest,0.140207
is,0
isn,0.289651
it,0
items,0.361165
its,0.0184934
jacket,0.340391
job,0.218136
jobs,0.304998
journey,0.23891
juniors,0.605675
just,0.077298
keepers,0.411906
keeping,0.218136
kids,0.384717
knocked,0.250293
lace,0.36661
land,0.177539
last,0.0243665
late,0.116258
learn,0.182743
leave,0.199553
leaving,0.218136
left,0.0863449
length,0.2086
letters,0.218136
lies,0.2086
like,0.0573759
lines,0.155589
link,0.384717
live,0.165026
local,0.146622
looks,0.190948
lot,0.190948
lovely,0.250293
luncheon,0.331511
luxury,0.411906
m,0.103891
made,0.0150539
magic,0.304998
maid,0.279687
main,0.275533
make,0.0565238
man,0.0550282
manager,0.250293
many,0.058228
marriage,0.246114
married,0.235099
marvel,0.411906
masses,0.340391
mat,0.48342
matter,0.112905
meeting,0.105963
member,0.148832
members,0.105963
men,0.0784633
mid,0.321808
miles,0.2086
millions,0.275533
mingle,0.444063
month,0.111228
months,0.105963
more,0.00874775
most,0.0349672
motel,0.558319
motels,0.760852
mother,0.174902
motor,0.384717
motorists,0.542214
movies,0.534161
music,0.221425
my,0.0817634
myself,0.228218
nation,0.218034
neckline,0.738904
network,0.361165
new,0.0121175
newlyweds,0.727931
next,0.0645423
night,0.0686925
nightly,0.444063
no,0.00587055
not,0.00286798
now,0.0179521
number,0.109157
of,0
off,0.0526472
offered,0.190948
offers,0.361165
office,0.134018
officiated,0.749878
old,0.0534409
on,0
one,0
only,0.0214487
onslaught,0.727931
open,0.124098
opening,0.155589
or,0.0117628
orchestra,0.326659
orchids,0.727931
organdy,0.605675
other,0.00587055
others,0.134018
out,0
outside,0.2086
over,0.0150539
own,0.0876466
p,0.246114
panel,0.345523
paper,0.228218
parole,0.534161
parolees,0.738904
particularly,0.199553
party,0.162611
patio,0.605675
pearl,0.411906
peculiarities,0.534161
pert,0.411906
pick,0.250293
pink,0.298384
place,0.0910486
planning,0.289651
play,0.122255
playing,0.199553
plenty,0.218136
point,0.128038
poised,0.411906
pools,0.430535
popular,0.250293
position,0.190948
post,0.190948
practical,0.340391
precede,0.605675
preceded,0.321808
presented,0.169919
presents,0.321808
president,0.162611
pressed,0.304998
pressing,0.361165
princesse,0.738904
private,0.160196
probably,0.153278
problems,0.250293
procedures,0.444063
program,0.167396
proprietor,0.361165
public,0.10085
publicity,0.304998
purposes,0.23891
qualities,0.340391
readjust,0.727931
ready,0.134018
reared,0.411906
reception,0.266419
relatively,0.411906
relearns,0.727931
remember,0.190948
replace,0.411906
require,0.23891
restaurants,0.605675
return,0.140207
returned,0.182743
risk,0.275533
road,0.190948
roads,0.340391
roadside,0.444063
room,0.140207
rooms,0.262462
rules,0.250293
rush,0.23891
s,0
safari,0.727931
said,0.0182227
satin,0.390517
scene,0.218136
schedules,0.534161
school,0.10085
schools,0.221425
season,0.162611
seat,0.2086
seated,0.242512
security,0.275533
see,0.0655153
sees,0.275533
served,0.160196
service,0.128038
set,0.0645423
setting,0.174902
seven,0.140207
several,0.10085
she,0.116258
show,0.10237
sign,0.202561
signs,0.262462
simple,0.2086
sister,0.2086
six,0.111228
size,0.190948
skirt,0.390517
smile,0.218136
snake,0.48342
social,0.218136
society,0.235099
solved,0.534161
son,0.155589
soon,0.140207
souvenir,0.727931
speakers,0.534161
spending,0.314193
sporting,0.411906
stag,0.534161
staged,0.48342
stands,0.199553
starts,0.275533
stations,0.48342
steaming,0.48342
stephanotis,0.738904
storm,0.266419
student,0.23891
studies,0.384717
such,0.0427553
sugar,0.361165
suitcases,0.727931
suite,0.384717
suites,0.605675
summer,0.174966
summertime,0.727931
surprise,0.199553
sweets,0.48342
swim,0.289651
swimming,0.411906
switching,0.534161
system,0.182743
t,0.048854
tab,0.727931
table,0.199553
take,0.0645423
talks,0.262462
tasks,0.411906
tastes,0.304998
testify,0.48342
than,0.0148303
that,0
the,0
their,0.00927525
there,0.0122948
they,0.00295445
this,0.00595773
three,0.0211301
throw,0.190948
ticket,0.411906
tickets,0.490708
tie,0.275533
tile,0.534161
times,0.134018
to,0
together,0.0910486
tourists,0.605675
towels,0.605675
trip,0.372055
trips,0.534161
turn,0.116655
two,0.0119401
under,0.0344479
up,0.0190346
using,0.199553
vacation,0.48342
vacationing,0.605675
variety,0.228218
vast,0.321808
ve,0.174902
veil,0.326659
vented,0.605675
village,0.289651
w,0.727931
wagons,0.48342
waiting,0.2086
wall,0.231658
wants,0.199553
was,0
watching,0.2086
way,0.0573759
we,0.0465017
weather,0.218136
wedding,0.318791
week,0.0573759
weeks,0.155589
welcome,0.228218
went,0.077298
were,0.00613211
when,0.0148303
where,0.0478627
which,0.00295445
white,0.153278
who,0
will,0
wing,0.250293
with,0
withdrawn,0.361165
without,0.0604875
woman,0.160196
wore,0.242512
work,0.0604875
worked,0.199553
world,0.0573759
written,0.2086
yearly,0.340391
years,0.0276634
your,0.146622
