A,0.0031127
Achaeans,0.737839
Agencies,0.727398
Albert,0.309149
Alfred,0.417513
Allan,0.605232
Also,0.26227
Alvin,0.605232
Among,0.167273
Anderson,0.450108
Ann,0.417513
Anne,0.304774
Another,0.174774
App,0.727398
April,0.234597
Arthur,0.340142
Artist,0.727398
As,0.0772414
Ashman,0.727398
Assisting,0.727398
Auditorium,0.605232
Avery,0.727398
B,0.201763
Baird,0.605232
Barbara,0.411604
Baringer,0.727398
Basin,0.737839
Beach,0.304774
Beat,0.483067
Ben,0.411604
Bermuda,0.605232
Bernhard,0.727398
Berton,0.727398
Besides,0.228051
Bietnar,0.727398
Big,0.483067
Blum,0.737839
Blumberg,0.727398
Blumenthal,0.727398
Book,0.417513
Boyd,0.727398
Bregman,0.727398
Brelin,0.727398
Briar,0.605232
Brigantine,0.727398
Brothers,0.483067
Brown,0.321573
Bundle,0.727398
But,0.0253972
C,0.135842
Carnival,0.74828
Carre,0.727398
Cauffman,0.727398
Chance,0.53377
Chapman,0.483067
Charles,0.221105
Chester,0.443738
Church,0.26227
Clayton,0.450108
Clearwater,0.727398
Clifton,0.483067
Club,0.252443
Clyde,0.727398
Cmdr,0.727398
Coast,0.321573
Cohen,0.605232
Col,0.727398
Coles,0.605232
College,0.266035
Collett,0.727398
Committee,0.221105
Comus,0.737839
Conrad,0.61392
Cotty,0.727398
Coulson,0.727398
Council,0.279284
Country,0.349907
Cushman,0.727398
D,0.162376
Dane,0.53377
David,0.25011
DeForest,0.727398
Debutante,0.605232
Delaware,0.53377
Delray,0.727398
Delta,0.443738
Donald,0.443738
Dr,0.199024
Drexel,0.639982
Dussa,0.727398
Dusseldorf,0.605232
E,0.166972
Each,0.190808
Easter,0.360901
Edward,0.349907
Edwin,0.483067
Eileen,0.727398
Eleanor,0.483067
Emmert,0.737839
Epsilon,0.727398
Ethel,0.53377
Eugene,0.443738
Eustis,0.74828
Evans,0.727398
Evelyn,0.605232
F,0.187851
Fair,0.340142
Fairless,0.727398
February,0.289439
Federation,0.53377
Felske,0.727398
Fenwick,0.727398
Feringa,0.727398
Fernberger,0.727398
Fla,0.411604
Florida,0.417513
For,0.0922879
Francis,0.389954
Frank,0.221105
Frederick,0.450108
G,0.237871
Germany,0.340142
Gimbel,0.605232
Glazer,0.727398
Glennon,0.727398
Godwin,0.605232
Goodman,0.605232
Gordon,0.411604
Grant,0.340142
Greater,0.384436
Greenwich,0.605232
Grinsfelder,0.737839
Guests,0.443738
Gulf,0.443738
H,0.230492
Haaek,0.727398
Harcourt,0.727398
Hardy,0.483067
Harold,0.53377
Harrity,0.727398
Harry,0.313524
Hayward,0.727398
Heinze,0.727398
Helen,0.443738
Helene,0.727398
Henry,0.217424
Her,0.167273
Hill,0.234597
Hills,0.443738
Hoaps,0.727398
Hole,0.53377
Hollander,0.727398
House,0.122166
Hughes,0.443738
I,0.0154576
In,0.00594504
Ingo,0.727398
Irwin,0.727398
It,0.0120916
J,0.164674
Jack,0.190808
Jacques,0.727398
James,0.152823
Janssen,0.737839
Jerome,0.605232
Jewish,0.622607
Joan,0.411604
John,0.0791669
Jordan,0.483067
Jr,0.238368
K,0.304774
Kamens,0.727398
Kapnek,0.727398
Kappa,0.605232
Katherine,0.727398
Kaufnabb,0.727398
Kennedy,0.228051
Kershbaum,0.727398
Kilhour,0.727398
Kimbolton,0.727398
Kloman,0.727398
Korman,0.727398
L,0.214431
Lacy,0.727398
Lady,0.304774
Langsdorf,0.727398
Lanin,0.727398
Leatherman,0.727398
Lehner,0.727398
Leonard,0.450108
Lester,0.605232
Lewis,0.483067
Lichtenstein,0.727398
Lisle,0.727398
Liss,0.727398
Loeb,0.727398
Loen,0.727398
Louchheim,0.727398
Louis,0.26227
Louise,0.483067
Louisiana,0.384436
Ludwick,0.727398
Lynn,0.541432
M,0.155364
Majesties,0.605232
Major,0.443738
Malmud,0.727398
Marc,0.727398
March,0.146514
Marella,0.737839
Margaret,0.443738
Marsicano,0.727398
Mary,0.208447
Mass,0.411604
May,0.146514
McConnell,0.61392
McGehee,0.727398
Md,0.605232
Meet,0.443738
Members,0.483067
Merner,0.727398
Meyer,0.605232
Meyle,0.727398
Milton,0.411604
Miss,0.230892
Misses,0.53377
Mitchell,0.483067
Models,0.727398
Moller,0.727398
Monday,0.142116
Monte,0.483067
Moody,0.605232
Morris,0.443738
Morton,0.411604
Mr,0.175694
Mrs,0.306088
Muncipal,0.727398
N,0.187851
Nairne,0.737839
Natalie,0.727398
National,0.193547
Nell,0.727398
New,0.0672724
Newbold,0.727398
Newburger,0.727398
Newman,0.727398
Newtown,0.727398
Nicholas,0.53377
Night,0.275331
Noted,0.605232
O,0.179792
Orcutt,0.737839
Orleans,0.40099
Oscar,0.53377
Others,0.289439
P,0.193547
Pa,0.483067
Park,0.221105
Patricia,0.411604
Paul,0.25011
Peter,0.293593
Philadelphia,0.384436
Philmont,0.758721
Pierson,0.737839
Proceeds,0.727398
Putt,0.727398
Queen,0.279284
Quell,0.727398
R,0.205132
Ralph,0.321573
Raymond,0.411604
Reily,0.727398
Rex,0.727398
Richard,0.190472
Richmond,0.541432
Robert,0.250965
Robinsonville,0.727398
Rockhall,0.727398
Rose,0.321573
Rosen,0.737839
Rowley,0.727398
S,0.0935939
Sabol,0.727398
Samuel,0.345025
Scenic,0.727398
Schultz,0.737839
Section,0.541432
Shahn,0.727398
She,0.118243
Shoettle,0.737839
Shop,0.639982
Shrove,0.727398
Smythe,0.605232
Socola,0.727398
Some,0.122166
Springs,0.483067
Spurdle,0.74828
Square,0.304774
St,0.144127
State,0.13392
Stella,0.727398
Stone,0.384436
Street,0.266035
Sunday,0.140105
Susan,0.443738
Sweet,0.360901
Taussig,0.605232
Taylor,0.389954
Temple,0.304774
Terry,0.443738
The,0
Their,0.160078
Theodore,0.443738
There,0.0379129
They,0.0379129
Thomas,0.266035
Thrift,0.639982
Trimble,0.605232
Troop,0.61392
Tuesday,0.16927
Tulane,0.727398
Tyson,0.727398
USN,0.727398
Valley,0.605232
Van,0.450108
Vernon,0.483067
Vickery,0.737839
Vienna,0.443738
Vieth,0.74828
Vieux,0.727398
Virginia,0.366081
Volney,0.727398
Voorhees,0.727398
W,0.144127
Walbridge,0.727398
Walker,0.443738
Walkers,0.727398
Wall,0.462846
Walnut,0.605232
Walter,0.384436
Warren,0.321573
Waveland,0.727398
Wayne,0.417513
We,0.0948998
Wednesday,0.207994
Weinberg,0.727398
Wellesley,0.737839
Wheeler,0.53377
When,0.0828764
Wilkinson,0.53377
William,0.123263
Williams,0.384436
Wissahickon,0.727398
Wolcott,0.727398
Women,0.293593
Zeising,0.727398
Zinman,0.727398
``,0.0699869
a,0
ablaze,0.53377
action,0.140105
addition,0.202269
admission,0.384436
admittance,0.483067
after,0.0211147
afternoon,0.167273
agreed,0.190808
aides,0.490001
all,0.00594504
also,0.0181965
among,0.107405
an,0
and,0
announce,0.330804
annual,0.148149
any,0.0379129
are,0.00677458
area,0.167273
arrange,0.360901
arrangements,0.321573
array,0.360901
arrive,0.275331
artist,0.275331
artistic,0.384436
artists,0.389954
as,0
ashes,0.360901
assembly,0.304774
assist,0.289439
assisting,0.360901
at,0
attending,0.26227
attends,0.360901
back,0.0451077
bad,0.190808
ball,0.199407
ballgowns,0.727398
ballroom,0.384436
balls,0.275331
be,0
beads,0.443738
beat,0.160078
been,0.00586208
best,0.0828764
between,0.0862817
big,0.137764
birth,0.26227
black,0.190808
blue,0.199407
bodice,0.727398
boys,0.211439
brac,0.605232
bric,0.605232
bridge,0.340142
bright,0.18523
bring,0.122166
brocade,0.605232
buildings,0.321573
bundle,0.40099
bundles,0.549093
business,0.0985615
by,0
calendar,0.483067
camp,0.360901
camping,0.53377
can,0.0243487
celebrated,0.321573
centers,0.496935
chairman,0.232384
chairmen,0.61392
chapel,0.443738
charge,0.146514
chef,0.53377
chic,0.483067
children,0.111147
chose,0.245589
chosen,0.221105
city,0.157563
clock,0.25011
clothing,0.321573
club,0.199407
co,0.321573
cocktail,0.443738
color,0.340142
colorful,0.727398
combined,0.25011
combo,0.605232
come,0.0817036
commentator,0.605232
committee,0.249016
committees,0.443738
competence,0.53377
condition,0.199407
continued,0.160078
continuing,0.275331
contribution,0.360901
contributions,0.345025
controllers,0.727398
convenience,0.321573
cost,0.199407
country,0.122166
course,0.123919
court,0.140105
crimson,0.321573
d,0.146514
dances,0.321573
dancing,0.224234
date,0.190808
daughter,0.184081
day,0.0414736
days,0.095811
debutante,0.737839
decades,0.605232
decolletage,0.727398
deep,0.190808
deposited,0.411604
dessert,0.443738
different,0.190808
dinner,0.164674
dinners,0.443738
direction,0.199407
director,0.228051
display,0.321573
do,0.0310003
does,0.105885
donations,0.53377
door,0.174774
down,0.0564824
downtown,0.490001
dress,0.231324
during,0.0875675
duties,0.275331
early,0.0840492
edging,0.483067
education,0.167273
effects,0.309149
eggshell,0.727398
embroidered,0.605232
ends,0.238736
engagement,0.345025
entertain,0.33542
entertained,0.376442
entertaining,0.349907
equipment,0.304774
established,0.25011
estate,0.199407
even,0.0686423
evening,0.179792
event,0.199024
exactly,0.190808
excitement,0.384436
exhibit,0.411604
exhibition,0.360901
expect,0.25011
extending,0.360901
facilities,0.384436
fair,0.190808
family,0.135842
fashion,0.221105
father,0.153166
feminine,0.321573
festivities,0.496935
feted,0.53377
few,0.095811
filmy,0.727398
fine,0.135842
flowers,0.238736
follow,0.140105
following,0.18523
food,0.187851
for,0
form,0.153166
former,0.111147
formerly,0.275331
fraternity,0.605232
friends,0.160078
fringed,0.443738
frock,0.411604
from,0
fun,0.289439
fund,0.279284
further,0.13392
gala,0.490001
gayety,0.605232
getting,0.153166
give,0.105885
giving,0.217977
globetrotter,0.727398
gold,0.217977
golden,0.228051
good,0.0672724
gown,0.297748
graduated,0.483067
grand,0.199407
great,0.0909819
green,0.193547
greenish,0.443738
grillwork,0.727398
group,0.111147
guests,0.237871
had,0.0119229
hall,0.25011
handsome,0.275331
has,0
hats,0.304774
have,0.00999608
having,0.167273
he,0.00594504
headed,0.190808
headquarters,0.340142
her,0.104063
his,0.00286588
hold,0.160078
holidays,0.360901
home,0.0332252
honorary,0.53377
honoree,0.727398
honoring,0.483067
hospitality,0.304774
hostess,0.490001
hostesses,0.727398
hosts,0.483067
hotel,0.293593
hours,0.155364
household,0.304774
husbands,0.360901
idea,0.208447
in,0
included,0.228051
includes,0.443738
indicate,0.384436
indicated,0.199407
interest,0.140105
international,0.304774
invitation,0.304774
invitations,0.411604
invites,0.53377
is,0
issued,0.279284
it,0
its,0.0194839
jazz,0.605232
jobs,0.304774
jointly,0.727398
junior,0.289439
just,0.0772414
keeping,0.217977
know,0.0971862
known,0.162376
knows,0.217977
lace,0.366081
ladies,0.26227
large,0.105885
last,0.0246982
later,0.095811
latter,0.217977
law,0.129781
length,0.208447
levels,0.360901
like,0.0572932
lines,0.153166
little,0.0817036
local,0.148617
look,0.146514
lots,0.384436
love,0.217977
luck,0.275331
luncheon,0.33542
m,0.102223
made,0.0156703
maid,0.275331
maids,0.411604
making,0.0862817
marriage,0.238736
maskers,0.727398
masquerade,0.483067
masses,0.340142
may,0.0533638
means,0.153166
member,0.148617
members,0.115004
men,0.0783501
midnight,0.25011
month,0.111147
most,0.0349168
mostly,0.289439
mother,0.177283
mothers,0.340142
much,0.0686423
municipal,0.483067
music,0.217977
national,0.167273
need,0.100776
never,0.0909819
new,0.0117542
next,0.0644951
niece,0.443738
night,0.0696276
no,0.00594504
now,0.0187115
number,0.105885
o,0.182609
of,0
offer,0.167273
old,0.0526087
olive,0.360901
on,0
one,0
only,0.0211147
open,0.122166
operation,0.190808
or,0.0117542
orchestra,0.321573
originated,0.443738
other,0.00602799
our,0.0772414
out,0
over,0.0152449
oysters,0.483067
p,0.238736
paintings,0.443738
panels,0.443738
parade,0.289439
parents,0.25011
part,0.0783501
participating,0.443738
parties,0.228051
party,0.16927
past,0.0663466
pay,0.122166
person,0.167273
phase,0.417513
pink,0.289439
pl,0.605232
planned,0.228051
portrait,0.340142
posters,0.483067
pre,0.289439
present,0.0909819
presented,0.167273
president,0.160078
preview,0.727398
prize,0.26227
program,0.169674
promises,0.275331
prospects,0.360901
proud,0.182609
public,0.100776
publicity,0.309149
queen,0.330804
quietly,0.228051
raiser,0.483067
raisers,0.727398
reception,0.26227
red,0.199407
registered,0.483067
rejoin,0.727398
reproductions,0.605232
reputation,0.304774
responsibility,0.384436
restaurant,0.384436
return,0.140105
returned,0.182609
room,0.140105
roses,0.340142
round,0.160078
rule,0.182609
s,0
sale,0.326188
satin,0.389954
say,0.108925
says,0.172075
scenic,0.727398
schedule,0.360901
school,0.100776
science,0.289439
sculpture,0.605232
second,0.095811
secretarial,0.605232
section,0.304774
selected,0.366081
senior,0.321573
sequins,0.727398
set,0.0654208
several,0.103669
she,0.112742
shelves,0.340142
shop,0.266035
short,0.146514
show,0.102223
shown,0.199407
silk,0.309149
sixth,0.321573
skirt,0.384436
slim,0.360901
slipper,0.605232
slippers,0.605232
so,0.0379129
social,0.217977
some,0.0243487
son,0.16196
specialties,0.605232
spend,0.208447
spending,0.313524
sponsors,0.727398
staffing,0.727398
start,0.13392
stock,0.25011
street,0.228051
student,0.238736
sub,0.443738
suburbs,0.411604
successful,0.199407
such,0.0414736
surprises,0.483067
t,0.0488183
taffeta,0.737839
take,0.0644951
taken,0.0922879
takes,0.174774
tell,0.127945
temperatures,0.727398
that,0
the,0
their,0.00999608
them,0.0296271
then,0.0451077
there,0.0119229
they,0.00294815
things,0.160078
third,0.100776
this,0.00652572
those,0.0533638
threads,0.483067
throughout,0.182609
tiers,0.443738
time,0.0217208
to,0
tomato,0.53377
totals,0.605232
tradition,0.360901
treasurer,0.360901
treated,0.208447
tried,0.148617
trimmed,0.384436
tulle,0.727398
typical,0.384436
under,0.0349168
units,0.360901
university,0.304774
us,0.160078
used,0.112742
various,0.238736
ve,0.179792
vice,0.217977
visit,0.199407
visiting,0.275331
waiting,0.208447
was,0
we,0.0476976
week,0.0572932
weeks,0.157563
welcomed,0.443738
well,0.0526087
were,0.00594504
what,0.0310003
when,0.0150322
where,0.0464026
which,0.00303043
white,0.155364
who,0
whose,0.118243
wide,0.140105
will,0
wins,0.483067
winter,0.208447
with,0
women,0.157563
wore,0.238736
work,0.0604432
working,0.153166
worn,0.293593
worry,0.289439
would,0.0119229
year,0.0260962
years,0.0284367
young,0.0922879
zero,0.727398
