A,0.00316522
Administration,0.33975
Admitting,0.533154
Agriculture,0.533154
Aiken,0.726559
Although,0.261968
Annapolis,0.774569
Anne,0.320516
Apartments,0.726559
Appeals,0.482509
Arundel,0.764967
Attorney,0.383992
Avenue,0.41113
B,0.198144
Baltimore,0.421996
Barber,0.533154
Bay,0.33975
Benjamin,0.482509
Bernard,0.383992
Bertorelli,0.726559
Board,0.296746
Boy,0.33975
C,0.133765
Capt,0.533154
Charles,0.217725
Cherry,0.533154
Chesapeake,0.533154
Circuit,0.482509
Cites,0.726559
City,0.139943
College,0.261968
Commission,0.383992
Commissioners,0.604534
Conceding,0.726559
Construction,0.604534
Convenience,0.736161
Corporation,0.612524
Council,0.275014
Councilman,0.755365
County,0.241612
Court,0.22348
D,0.166233
Darnell,0.726559
David,0.249822
December,0.275014
Delegates,0.736161
Doctors,0.726559
Dodge,0.547246
Dr,0.2057
Dresbach,0.745763
Dresbachs,0.736161
E,0.159894
Each,0.190588
Edgewater,0.726559
Education,0.321202
Eleanor,0.482509
Ellwood,0.726559
Elmer,0.726559
Equipment,0.726559
F,0.182398
Ferdinand,0.726559
Fifth,0.482509
Finan,0.726559
First,0.16708
Five,0.304423
For,0.090877
Franklin,0.370013
Friday,0.174573
From,0.159894
G,0.227788
General,0.241612
Gold,0.41113
Governor,0.329692
Grady,0.533154
Grove,0.443226
Grzesiak,0.726559
H,0.217725
Hagner,0.726559
Harbor,0.604534
He,0.0153892
Heating,0.726559
Her,0.16708
Hill,0.227788
His,0.10332
Hospital,0.316492
House,0.123637
Howard,0.304423
I,0.014998
In,0.00584875
It,0.0118958
J,0.162007
Jail,0.604534
Jan,0.312469
Jenkins,0.774569
John,0.0728053
Johns,0.604534
Jones,0.289105
Joseph,0.275014
Jr,0.21371
Judge,0.217725
Juvenile,0.604534
L,0.21371
Lee,0.289105
Leo,0.443226
Lloyd,0.41113
Louise,0.482509
M,0.155011
Malone,0.726559
Manor,0.604534
Manville,0.604534
Marie,0.533154
Maryland,0.508017
Mayor,0.33975
Michaelson,0.726559
Mount,0.383992
Mr,0.142998
Mrs,0.132864
Negro,0.416563
Negroes,0.533154
Nonresidential,0.736161
Norman,0.275014
North,0.152989
Now,0.152989
O,0.17688
October,0.292926
Ohio,0.289105
Old,0.199177
Others,0.289105
Pantas,0.736161
Park,0.217725
Pennsylvania,0.41113
Piraro,0.726559
Planning,0.604534
Police,0.370013
Pratt,0.488886
Pullen,0.726559
Railroad,0.482509
Raymond,0.41113
Recounting,0.726559
Residential,0.604534
Route,0.604534
S,0.090877
Salary,0.604534
Samuel,0.33975
Sanitary,0.604534
Saturday,0.159894
Schaefer,0.755365
Secretary,0.275014
Senator,0.41113
Sent,0.482509
Severna,0.726559
Shirley,0.533154
Simpkins,0.784171
Simpson,0.41113
Since,0.199177
Sixty,0.533154
Somerset,0.547246
Somerville,0.612524
Soon,0.289105
Southern,0.304423
Spring,0.360485
Square,0.304423
State,0.140837
Station,0.449084
Street,0.275816
Streets,0.482509
Sufficient,0.533154
Sunday,0.139943
Sybert,0.726559
Tawes,0.736161
The,0
There,0.0378691
These,0.152989
Thomas,0.26543
Those,0.16708
Trooper,0.726559
Trouble,0.533154
Tuesday,0.162007
Two,0.127797
Ultimately,0.533154
University,0.201809
Various,0.533154
Verstandig,0.726559
View,0.533154
Vincent,0.443226
W,0.139943
Washington,0.152989
Wednesday,0.199177
Werner,0.628502
West,0.169288
What,0.122025
While,0.127797
Wiley,0.726559
William,0.116435
Williams,0.389067
Work,0.482509
Younger,0.604534
Zoning,0.726559
``,0.0675545
a,0
abandoned,0.321202
about,0.0132923
accommodations,0.443226
accomplish,0.33975
accomplished,0.304423
according,0.135533
account,0.193107
action,0.139943
actually,0.217725
added,0.105763
administrative,0.533154
admitted,0.230798
adopted,0.233808
affect,0.289105
after,0.0233201
again,0.107161
ago,0.092078
air,0.16708
all,0.00592504
almost,0.111018
also,0.0186287
ambulance,0.612524
among,0.107161
amount,0.217725
amounted,0.41113
an,0
and,0
announced,0.123637
another,0.0685631
apartment,0.268892
apartments,0.379541
appeared,0.190588
appointed,0.208207
approval,0.321202
are,0.00661163
area,0.16708
areas,0.289105
argued,0.261968
armed,0.227788
arrival,0.33975
as,0
asked,0.10066
assailant,0.604534
assaulted,0.533154
assistant,0.304423
associate,0.360485
at,0
attack,0.190588
attempted,0.261968
attorney,0.275014
automatic,0.389067
automobile,0.443226
availability,0.726559
awarded,0.443226
away,0.10066
baby,0.289105
back,0.0456511
balconies,0.726559
bandit,0.604534
banned,0.604534
barber,0.482509
bay,0.289105
be,0
beaten,0.275014
beating,0.275014
became,0.127797
because,0.0414257
bedroom,0.33975
been,0.00600133
began,0.105763
behind,0.182398
being,0.0619693
belonging,0.33975
between,0.0861822
blades,0.360485
block,0.312469
board,0.161077
boards,0.383992
bodies,0.261968
body,0.184809
boy,0.143642
boys,0.210959
breakdown,0.5402
brick,0.289105
bring,0.122025
broadcast,0.533154
brother,0.201809
brothers,0.241612
builders,0.383992
building,0.169288
buildings,0.321202
burned,0.304423
burns,0.449084
business,0.0969652
but,0.00286257
by,0
cab,0.416563
call,0.133765
called,0.090877
calls,0.208207
cannot,0.135533
car,0.22348
carried,0.190588
cars,0.249822
cash,0.289105
cent,0.306975
central,0.275014
ceremony,0.275014
chains,0.33975
characteristic,0.33975
chief,0.16708
child,0.182398
children,0.113953
choking,0.383992
choosing,0.41113
circumstances,0.261968
cited,0.360485
cities,0.360485
city,0.152989
class,0.261968
clearance,0.604534
clearing,0.321202
come,0.0816094
comes,0.159894
commented,0.383992
common,0.16708
company,0.122025
compared,0.241612
complained,0.304423
components,0.726559
comprise,0.482509
concentrate,0.41113
condition,0.207074
consists,0.41113
construction,0.320516
consumer,0.482509
contained,0.289105
continued,0.159894
contract,0.289105
contracts,0.488886
convenience,0.321202
conversation,0.23846
corrected,0.383992
corresponding,0.321202
countian,0.726559
county,0.226357
crews,0.533154
critic,0.482509
critical,0.321202
criticized,0.488886
cumulative,0.604534
current,0.227788
cut,0.137301
cuts,0.325447
damaged,0.443226
dead,0.16708
death,0.152989
decline,0.249822
deficiencies,0.41113
degree,0.220603
depending,0.33975
description,0.261968
designed,0.208207
desire,0.208207
detectives,0.443226
detention,0.726559
development,0.217725
did,0.0564173
direct,0.217725
director,0.227788
disagreement,0.41113
discrepancies,0.736161
dispatched,0.482509
district,0.249822
do,0.031783
door,0.174573
dormitories,0.604534
down,0.0579085
drastic,0.533154
driven,0.227788
driver,0.312469
due,0.199177
during,0.0816094
dwellings,0.41113
each,0.048762
earlier,0.201809
early,0.0816094
economic,0.321202
education,0.16708
effect,0.139943
effective,0.261968
elevated,0.443226
emergency,0.383992
employees,0.460799
encouraged,0.304423
encouraging,0.304423
enforced,0.33975
engineering,0.488886
enjoyed,0.249822
entered,0.199177
entrance,0.227788
equipment,0.304423
essential,0.275014
established,0.249822
estimated,0.26543
eventually,0.289105
expense,0.261968
expenses,0.289105
face,0.107161
factor,0.41113
factors,0.41113
fair,0.195625
few,0.0957004
field,0.146345
fifteen,0.304423
fire,0.148279
fired,0.304423
first,0.0186287
flat,0.23846
flight,0.23846
floor,0.183801
followed,0.16708
following,0.184809
food,0.182398
for,0
forced,0.23846
found,0.090877
frame,0.23846
free,0.122025
freedom,0.23846
freezes,0.726559
freight,0.443226
friends,0.159894
from,0
front,0.16412
furlough,0.726559
furloughed,0.726559
future,0.146345
gas,0.33975
generally,0.16708
girl,0.199177
go,0.0685631
goods,0.33975
got,0.0728053
graduated,0.482509
greater,0.159894
gross,0.275014
ground,0.152989
guiding,0.533154
had,0.0125165
halting,0.482509
happened,0.217725
hardware,0.533154
has,0
hate,0.227788
have,0.00942361
he,0.00676421
hearing,0.16708
heavy,0.195625
held,0.0781719
her,0.0969652
here,0.065272
high,0.0450556
him,0.0393706
himself,0.148279
his,0.00324089
home,0.0326015
hospital,0.329692
hotels,0.383992
house,0.113953
houses,0.190588
housing,0.374777
how,0.0781719
however,0.105763
husband,0.182398
if,0.0378691
ill,0.217725
immediately,0.184809
important,0.159894
improvements,0.383992
in,0
income,0.275014
increase,0.174573
increasingly,0.533154
individual,0.193107
inefficient,0.604534
injured,0.275014
instances,0.321202
into,0.0210903
involved,0.182398
is,0
it,0
its,0.0183919
job,0.220603
jobs,0.304423
judgeship,0.726559
jurist,0.604534
just,0.0771523
juvenile,0.41113
keep,0.152989
kept,0.135533
key,0.187219
kitchen,0.275014
laborers,0.482509
lack,0.33975
last,0.0256063
later,0.0969652
law,0.129486
lay,0.173705
layer,0.604534
leader,0.208207
leave,0.199177
let,0.146345
letter,0.227788
level,0.199177
life,0.127797
list,0.199177
listed,0.33975
living,0.208207
ll,0.16708
loading,0.604534
long,0.0571629
longer,0.199177
lying,0.23846
machine,0.389067
machines,0.304423
made,0.0153892
main,0.275014
maintaining,0.443226
man,0.052548
manual,0.604534
manufacturing,0.443226
many,0.0564173
market,0.210959
masonry,0.533154
me,0.111018
mechanically,0.383992
meeting,0.107161
meetings,0.321202
member,0.150213
members,0.107161
memory,0.249822
men,0.0781719
merchandising,0.604534
merchants,0.41113
mile,0.208207
miles,0.208207
minutes,0.150213
misunderstandings,0.604534
money,0.123637
month,0.112486
monthly,0.383992
months,0.107161
more,0.00884665
mortgage,0.533154
most,0.0348374
mother,0.17688
move,0.146345
movement,0.275014
multiple,0.604534
municipal,0.482509
murdered,0.443226
must,0.0826879
name,0.127797
named,0.190588
national,0.16708
natural,0.249822
nearly,0.16708
necessitated,0.533154
neck,0.217725
needed,0.127797
new,0.0118958
next,0.0661234
night,0.0712814
nine,0.152989
no,0.00577246
north,0.23846
not,0.00305173
notes,0.289105
now,0.0179183
number,0.108558
observations,0.41113
occurred,0.275014
of,0
office,0.133765
officers,0.184809
official,0.217725
officials,0.261968
offs,0.628502
old,0.052548
on,0
one,0
operates,0.41113
operation,0.190588
operations,0.34424
or,0.012051
order,0.117974
other,0.00623019
our,0.0771523
out,0
outset,0.533154
outside,0.208207
over,0.014998
overlooked,0.443226
paralyzed,0.604534
parked,0.604534
parking,0.604534
part,0.0771523
partially,0.360485
past,0.0644207
payroll,0.554293
per,0.243978
period,0.16708
permanent,0.33975
personal,0.220603
pistol,0.33975
placing,0.304423
plan,0.150213
play,0.122025
plow,0.533154
plowing,0.533154
plus,0.304423
pointed,0.190588
police,0.307725
poorly,0.41113
possible,0.0957004
post,0.190588
practice,0.230798
predicted,0.383992
presented,0.16708
president,0.16412
prevent,0.190588
previous,0.208207
principally,0.443226
priority,0.482509
problems,0.249822
proceedings,0.383992
product,0.304423
program,0.16708
pronounced,0.275014
proposal,0.23846
proprietor,0.365249
prosperity,0.321202
public,0.10199
put,0.090877
quality,0.275014
question,0.139943
radio,0.443226
railroad,0.416563
reached,0.169288
received,0.127797
recently,0.217725
recommended,0.289105
record,0.174573
recording,0.620513
reduce,0.389067
reduction,0.547246
register,0.482509
regrettable,0.726559
remanding,0.726559
remarks,0.289105
reported,0.195625
required,0.208207
resident,0.443226
residential,0.547246
response,0.383992
rest,0.193107
resumed,0.261968
return,0.139943
rifle,0.533154
right,0.0861822
rising,0.199177
road,0.190588
robbery,0.482509
robbing,0.533154
room,0.139943
route,0.321202
run,0.0816094
s,0
said,0.0236016
salary,0.34873
salting,0.604534
school,0.10199
schools,0.217725
second,0.0957004
section,0.308446
seekers,0.533154
seem,0.152989
sent,0.122025
seriously,0.275014
service,0.127797
session,0.23846
set,0.0644207
seven,0.139943
several,0.10332
severe,0.217725
shape,0.208207
share,0.146345
she,0.111018
shelter,0.289105
shootings,0.726559
shop,0.26543
shopping,0.443226
shot,0.208207
should,0.0739998
showed,0.275014
side,0.146345
signed,0.275014
since,0.0532425
single,0.139943
sister,0.208207
sitting,0.182398
six,0.111018
slowly,0.23846
slump,0.533154
small,0.119513
snow,0.296821
snowfall,0.726559
so,0.0393706
some,0.024642
son,0.161077
soon,0.139943
south,0.278648
span,0.443226
special,0.122025
spirits,0.249822
spokesman,0.365249
spotted,0.33975
stairs,0.275014
starts,0.275014
states,0.261968
station,0.199177
stole,0.217725
stop,0.16708
store,0.325447
storm,0.26543
storms,0.41113
story,0.21371
streets,0.193107
strictly,0.304423
stroke,0.217725
struck,0.174573
structures,0.5402
study,0.199177
succeed,0.304423
suggestion,0.275014
suits,0.33975
summoned,0.308446
superintendent,0.495263
supervisors,0.726559
supplies,0.33975
survive,0.533154
swearing,0.383992
systems,0.383992
take,0.0644207
taken,0.092078
talk,0.152989
taxi,0.533154
tell,0.127797
ten,0.187219
term,0.199177
terrace,0.443226
than,0.0151936
that,0
the,0
their,0.00930822
them,0.0279761
there,0.0118958
therefore,0.193107
these,0.0644207
they,0.00297607
thin,0.227788
things,0.159894
thirteen,0.321202
this,0.00592504
those,0.052548
three,0.0216478
through,0.0462465
throughout,0.182398
thug,0.726559
time,0.0216478
times,0.133765
tires,0.41113
to,0
today,0.12525
told,0.0802112
too,0.0728053
total,0.157033
totaled,0.533154
trained,0.321202
treated,0.208207
triple,0.383992
tripled,0.604534
two,0.0123613
type,0.261968
under,0.0348374
union,0.300567
unions,0.533154
unit,0.389067
units,0.365249
university,0.304423
up,0.0193391
urged,0.217725
use,0.09823
used,0.111018
vacated,0.533154
vary,0.482509
vice,0.220603
victim,0.421996
victims,0.41113
visiting,0.275014
wages,0.33975
walking,0.190588
wanted,0.146345
warm,0.217725
was,0
ways,0.159894
week,0.0571629
were,0.00638277
what,0.0326015
when,0.0151936
which,0.00312739
while,0.0532425
who,0
widely,0.41113
wife,0.10199
will,0
with,0
within,0.127797
work,0.0603735
workers,0.304423
works,0.23846
worse,0.174573
would,0.0118958
write,0.199177
written,0.208207
year,0.024642
years,0.0290709
yesterday,0.121052
you,0.0816094
younger,0.23846
