A,0.0031184
ARF,0.727605
Acres,0.605404
All,0.111178
Ambassador,0.411721
American,0.127981
Americans,0.331079
Among,0.167321
An,0.153209
Anderson,0.463351
Anna,0.541735
Anne,0.304861
Another,0.174824
April,0.231454
Armenian,0.605404
Arms,0.443864
Asian,0.533922
Assistant,0.490275
Associated,0.605404
Association,0.27541
At,0.0686618
Aug,0.361004
August,0.304861
Baker,0.443864
Belvidere,0.738252
Bernardine,0.727605
Berrellez,0.727605
Box,0.533922
Britain,0.331079
Brown,0.321664
Bucharest,0.727605
But,0.0243556
C,0.135918
California,0.361004
Cash,0.614264
Castro,0.456855
Catholic,0.390172
Cemetery,0.727605
Charges,0.605404
Chester,0.443864
Chief,0.289521
Christine,0.7489
Church,0.262345
Circuit,0.483204
Clayton,0.443864
Club,0.238803
Commandeering,0.727605
Communist,0.345218
Communists,0.483204
Cornell,0.727605
Correction,0.605404
Council,0.27541
County,0.238803
Cross,0.345218
Cuban,0.384545
Cubans,0.623123
Darlene,0.727605
David,0.250181
December,0.27541
Del,0.614264
Delhi,0.605404
Dennis,0.727605
Dequindre,0.738252
Detroit,0.456855
East,0.179941
Eastern,0.384545
Eight,0.443864
Eleanor,0.490275
Elementary,0.605404
Elliott,0.605404
Elsie,0.605404
Expresses,0.727605
Federation,0.533922
Fidel,0.533922
Fire,0.321664
Foreign,0.417747
Fourteen,0.533922
Frank,0.218038
Fred,0.443864
Friday,0.177382
Fuhrmann,0.738252
Funds,0.727605
Funeral,0.490275
Furhmann,0.727605
G,0.228115
George,0.177382
Gets,0.727605
Given,0.533922
Grand,0.321664
Havana,0.580803
He,0.0161253
Heavy,0.533922
Heideman,0.727605
Held,0.443864
Help,0.361004
Hengesbach,0.812788
Henry,0.211558
High,0.177382
Holy,0.345218
Home,0.390172
Homeowners,0.727605
Hospital,0.309322
Houghton,0.614264
House,0.1222
Howard,0.304861
However,0.167321
I,0.0156914
In,0.00586537
International,0.321664
Jack,0.193655
John,0.0729101
Johns,0.605404
Judge,0.22442
July,0.262345
June,0.289521
Junior,0.411721
Kegham,0.738252
Kercheval,0.727605
Kimmell,0.759548
Kowalski,0.756017
Lao,0.533922
Laos,0.476342
Laotian,0.605404
Ledge,0.727605
Legion,0.533922
Lewis,0.483204
Line,0.443864
Lives,0.483204
Locked,0.727605
London,0.228115
Lord,0.228115
Lyle,0.727605
M,0.155452
Mall,0.605404
March,0.146556
Mary,0.208507
May,0.146556
McClellan,0.614264
McNair,0.7489
Miami,0.45036
Mich,0.605404
Mile,0.497347
Minister,0.340239
Monday,0.144246
More,0.174824
Mother,0.289521
Mound,0.738252
Mrs,0.150456
Mt,0.605404
Murphy,0.605404
Nam,0.533922
Neighbor,0.605404
New,0.0645134
North,0.155452
Of,0.133958
Office,0.340239
Olive,0.605404
Olivet,0.605404
One,0.0958382
Palace,0.443864
Pall,0.605404
Pankowski,0.738252
Pathet,0.533922
Patricia,0.411721
Patrolman,0.443864
Paul,0.250181
Pinar,0.738252
Plea,0.727605
Pohl,0.80214
Pohly,0.738252
Police,0.361004
Post,0.384545
Press,0.45036
Principal,0.533922
Prosecutor,0.727605
R,0.199464
Ralph,0.326371
Raymont,0.727605
Report,0.483204
Returning,0.483204
Revolutionary,0.605404
Richard,0.185334
Rio,0.541735
Road,0.417747
Robert,0.228115
Roman,0.289521
Russia,0.304861
S,0.0936715
Sarkees,0.738252
Saturday,0.162467
School,0.21766
Scripps,0.727605
Seattle,0.533922
Secretary,0.27541
Serra,0.727605
Services,0.483204
She,0.116603
Siberia,0.533922
Sidney,0.483204
Sisk,0.738252
Smith,0.218038
So,0.127981
Some,0.1222
Sopsaisana,0.727605
Soviet,0.366287
Sports,0.483204
St,0.142195
State,0.133958
States,0.199464
Station,0.45036
Stepson,0.727605
Sterling,0.7489
Still,0.250181
Student,0.443864
Students,0.533922
T,0.250181
Tareytown,0.727605
Teen,0.727605
Thakhek,0.727605
The,0
There,0.0384786
They,0.0379237
Tiao,0.727605
Today,0.443864
Township,0.7489
Traffic,0.533922
Two,0.127981
U,0.157694
Union,0.262345
United,0.193655
Vernor,0.727605
Viceroy,0.727605
Vicky,0.7489
Vientiane,0.727605
Viet,0.533922
Vietnamese,0.727605
Village,0.727605
Vincent,0.443864
W,0.140144
Walker,0.456855
Warren,0.335786
West,0.167321
Westphalia,0.614264
When,0.0817268
While,0.127981
Winthrop,0.605404
Y,0.321664
``,0.0648843
a,0
about,0.0122737
accused,0.27541
across,0.177382
adjoining,0.361004
admitted,0.228115
advisers,0.384545
after,0.0226661
aftermath,0.727605
afternoon,0.172218
against,0.0692339
ago,0.0910078
agree,0.238803
agreed,0.190862
alert,0.443864
all,0.00578077
allow,0.208507
almost,0.112805
already,0.133958
also,0.0189944
am,0.140144
among,0.105915
an,0
and,0
announced,0.129353
announcing,0.340239
another,0.0706714
anywhere,0.250181
apparently,0.218038
appeal,0.27541
appear,0.199464
appeared,0.190862
appointed,0.208507
approaching,0.289521
are,0.00578077
area,0.167321
arms,0.196448
army,0.27541
around,0.100805
arrears,0.605404
arrest,0.321664
arrested,0.293758
arrived,0.238803
arson,0.738252
as,0
ask,0.167321
asked,0.10228
asking,0.242298
assaults,0.483204
assistance,0.266184
association,0.361004
assumed,0.321664
at,0
attacks,0.345218
attended,0.199464
attorney,0.27541
auditorium,0.605404
automobile,0.443864
away,0.100805
back,0.0451205
ballot,0.384545
barn,0.411721
be,0
because,0.0420924
been,0.00688053
before,0.0314629
began,0.105915
begin,0.153209
behalf,0.340239
being,0.06223
belatedly,0.727605
between,0.0875693
bills,0.289521
bludgeon,0.605404
boatload,0.727605
body,0.182661
both,0.0414853
bottled,0.605404
boy,0.142195
broadcast,0.541735
brought,0.0958382
buried,0.238803
burned,0.304861
burns,0.456855
businessman,0.605404
but,0.00290865
by,0
cabinet,0.411721
called,0.0910078
came,0.0795247
camps,0.483204
candle,0.366287
canvass,0.483204
canvassed,0.533922
captured,0.443864
car,0.227611
case,0.100805
cases,0.228115
caskets,0.727605
cease,0.234792
cell,0.384545
central,0.27541
charged,0.228115
charges,0.293758
children,0.124194
chores,0.533922
citation,0.483204
civilian,0.533922
claims,0.304861
classes,0.443864
closed,0.190862
cloud,0.262345
collaborators,0.727605
collected,0.242298
collection,0.27944
combined,0.250181
coming,0.133958
commander,0.384545
commission,0.250181
concentration,0.483204
condemned,0.384545
conference,0.218038
confessed,0.289521
confession,0.309322
confirmation,0.361004
congratulated,0.384545
considering,0.304861
contend,0.304861
continued,0.160124
contributions,0.340239
converted,0.411721
conviction,0.326371
cook,0.304861
costs,0.321664
could,0.0314629
council,0.27541
county,0.218038
court,0.144246
courtroom,0.605404
crime,0.262345
crisis,0.340239
crossing,0.340239
crosswalk,0.727605
current,0.228115
currently,0.411721
dance,0.221229
dances,0.321664
date,0.190862
daughter,0.169769
dawn,0.340239
day,0.0433067
days,0.0972407
dead,0.169769
death,0.155452
decided,0.140144
decision,0.174824
declared,0.167321
decreeing,0.727605
definite,0.384545
definition,0.411721
degree,0.218038
deliberation,0.45036
describing,0.411721
did,0.0573253
died,0.22442
difference,0.218038
disbanded,0.727605
don,0.160124
donated,0.605404
done,0.105915
door,0.177382
doubt,0.185334
down,0.0564985
dragnet,0.727605
drive,0.142195
driver,0.309322
driving,0.188007
during,0.0829228
duties,0.27541
east,0.242298
effort,0.160124
electricity,0.533922
else,0.167321
emerge,0.483204
emotion,0.321664
en,0.384545
entire,0.190862
errors,0.250181
escaped,0.27541
establish,0.238803
even,0.0686618
events,0.250181
ever,0.0910078
evidence,0.196448
ex,0.304861
exaggerated,0.533922
executed,0.443864
executions,0.541735
explosion,0.345218
express,0.289521
faculty,0.384545
failed,0.182661
family,0.14768
farm,0.262345
fellow,0.160124
few,0.0972407
fighting,0.221229
filing,0.443864
find,0.127981
fire,0.157279
fires,0.27541
firing,0.483204
first,0.0184693
five,0.100805
flat,0.245793
fledged,0.727605
fleeing,0.443864
followed,0.169769
fondness,0.411721
for,0
forces,0.262345
foreign,0.182661
foreman,0.605404
found,0.0950033
four,0.0631148
friends,0.164811
from,0
front,0.160124
fueled,0.727605
full,0.105915
fumes,0.483204
fund,0.27944
funeral,0.417747
further,0.133958
gas,0.345218
girls,0.228115
given,0.0817268
going,0.0958382
government,0.155135
grader,0.727605
graduates,0.483204
grandfather,0.411721
grandmother,0.384545
group,0.111178
guard,0.208507
guilty,0.231454
had,0.0127899
hand,0.116603
handed,0.199464
handling,0.411721
happy,0.146556
hard,0.127981
has,0
have,0.00963954
he,0.00662674
heading,0.411721
hear,0.160124
heavily,0.250181
held,0.0806554
help,0.15299
helping,0.250181
her,0.102851
here,0.0645134
high,0.0451205
him,0.0401436
his,0.00341206
hit,0.146556
home,0.0319167
homeowners,0.727605
homes,0.250181
hopes,0.190862
hospital,0.326371
hotel,0.289521
hour,0.116603
hours,0.157694
house,0.111178
household,0.304861
hundreds,0.289521
identified,0.326371
if,0.0379237
ignited,0.605404
immediate,0.182661
in,0
including,0.155452
independent,0.340239
indicated,0.199464
informed,0.228115
inside,0.289521
instead,0.182661
international,0.304861
into,0.0214298
invasion,0.384545
is,0
it,0
its,0.0179441
jail,0.366287
jails,0.533922
join,0.208507
jurors,0.483204
jury,0.322707
killed,0.266184
killing,0.304861
kingdom,0.321664
knew,0.153209
know,0.0958382
lacked,0.483204
land,0.174824
large,0.105915
largely,0.289521
last,0.0254249
later,0.0972407
launched,0.384545
law,0.127981
learned,0.208507
least,0.123989
led,0.116603
left,0.0863063
level,0.199464
license,0.321664
little,0.0817268
live,0.160124
living,0.214609
ll,0.167321
locally,0.533922
located,0.483204
locked,0.304861
long,0.0564985
lost,0.133958
lunch,0.384545
m,0.103755
made,0.0152575
mailed,0.605404
major,0.199464
make,0.0564985
makeshift,0.605404
making,0.0863063
manslaughter,0.614264
many,0.0564985
marine,0.483204
mass,0.27541
massive,0.417747
me,0.111178
meals,0.384545
meanwhile,0.340239
medical,0.304861
meet,0.105915
member,0.146556
men,0.0772634
miles,0.211558
military,0.196448
millions,0.27541
minister,0.384545
minor,0.304861
misfortune,0.321664
missing,0.27541
more,0.00912771
morning,0.153209
motel,0.541735
mother,0.187616
motion,0.250181
motorist,0.614264
moves,0.289521
murder,0.289521
must,0.0817268
my,0.0829228
name,0.127981
narrowly,0.443864
near,0.133958
nearing,0.411721
need,0.100805
neighbor,0.557362
neighbors,0.3958
never,0.0910078
new,0.0119296
newsmen,0.483204
night,0.0706714
no,0.00586537
north,0.238803
northeast,0.727605
not,0.00299255
note,0.199464
now,0.0179441
number,0.109015
nurse,0.304861
o,0.182661
obtained,0.304861
obtaining,0.384545
occurred,0.27541
of,0
off,0.0526236
offensive,0.384545
officer,0.250181
officers,0.182661
old,0.0533937
on,0
one,0
only,0.0214298
operated,0.411721
or,0.0119296
order,0.116603
ordered,0.231454
other,0.00586537
others,0.133958
out,0
over,0.0148237
overnight,0.727605
p,0.242298
packed,0.384545
part,0.0772634
passing,0.182661
past,0.0654575
patrol,0.533922
pedestrian,0.533922
penalty,0.411721
pending,0.533922
people,0.0645134
place,0.0923396
planned,0.228115
plans,0.177382
plea,0.340239
pleased,0.238803
plot,0.289521
police,0.27541
political,0.221229
post,0.190862
power,0.133958
present,0.0910078
president,0.160124
press,0.250181
priests,0.361004
prison,0.238803
prisoners,0.411721
private,0.160124
probation,0.423772
procedure,0.533922
proceeds,0.443864
properly,0.304861
proposed,0.182661
proud,0.182661
provide,0.160124
pseudynom,0.727605
public,0.100805
purchased,0.321664
pursued,0.262345
put,0.0910078
questioned,0.250181
radio,0.45036
raising,0.199464
reach,0.182661
read,0.146556
reasons,0.174824
rebel,0.366287
rebels,0.304861
rebuild,0.727605
receive,0.190862
received,0.127981
recently,0.221229
reckless,0.390172
recognized,0.340239
recommend,0.321664
reconvened,0.727605
regime,0.443864
release,0.321664
released,0.289521
remained,0.211558
removed,0.250181
reported,0.193655
reports,0.228115
request,0.196448
requests,0.384545
rested,0.321664
result,0.127981
retracted,0.483204
returned,0.182661
revealed,0.340239
revolutionary,0.483204
rifles,0.411721
road,0.190862
roofer,0.727605
roundup,0.727605
route,0.321664
royal,0.326371
rural,0.321664
s,0
safely,0.238803
safety,0.221229
said,0.023196
same,0.0923396
scheduled,0.321664
school,0.103755
second,0.0958382
seized,0.27541
seldom,0.262345
send,0.199464
sent,0.1222
sentence,0.262345
sentencing,0.727605
served,0.160124
service,0.127981
services,0.218038
set,0.0654575
settled,0.218038
seven,0.142195
several,0.103755
should,0.0696666
showdown,0.727605
side,0.148701
since,0.0557041
single,0.140144
sister,0.211558
situation,0.182661
six,0.111178
slaying,0.443864
small,0.116603
smuggling,0.605404
some,0.0243556
somebody,0.218038
sources,0.411721
southeast,0.605404
southern,0.411721
southwest,0.727605
special,0.1222
spectators,0.384545
speed,0.167321
spend,0.208507
spent,0.182661
split,0.304861
spoken,0.228115
spontaneous,0.361004
squads,0.605404
staggered,0.321664
start,0.133958
started,0.140144
state,0.0910078
statement,0.199464
stations,0.483204
stay,0.182661
stepson,0.727605
stopped,0.218038
stove,0.533922
student,0.238803
students,0.313784
subdivision,0.738252
suburb,0.443864
such,0.0439138
suddenly,0.208507
suffered,0.228115
supplying,0.443864
support,0.153209
supported,0.27541
sure,0.174824
surpluses,0.727605
surprised,0.250181
surviving,0.483204
suspected,0.361004
suspicion,0.304861
swept,0.262345
sympathy,0.321664
t,0.0495468
taken,0.0910078
teacher,0.340239
tell,0.127981
telling,0.238803
than,0.0152575
thanks,0.231454
that,0
the,0
their,0.00912771
them,0.0284603
themselves,0.140144
then,0.0451205
there,0.0122737
they,0.00290865
thinking,0.208507
third,0.100805
this,0.00594997
threatening,0.262345
three,0.0217388
throughout,0.182661
time,0.0211207
timetable,0.533922
to,0
today,0.136507
together,0.0923396
tomorrow,0.245793
took,0.0936715
toward,0.160124
traffic,0.289521
tragedy,0.443864
trial,0.249287
tribunal,0.605404
tribunals,0.727605
tried,0.148701
troops,0.423772
truce,0.443864
trying,0.190862
twin,0.384545
two,0.0121017
under,0.0349364
until,0.1222
up,0.0184693
upstairs,0.361004
used,0.111178
valid,0.605404
vehicle,0.340239
verdict,0.539774
verify,0.727605
very,0.0958382
vindicated,0.533922
vindication,0.533922
visible,0.321664
wanted,0.148701
was,0
wasn,0.304861
watched,0.218038
way,0.0564985
we,0.0457808
week,0.0564985
weeks,0.153209
weight,0.250181
welfare,0.293758
were,0.00713432
what,0.0314629
when,0.0156914
where,0.0457808
which,0.00320231
while,0.0533937
who,0
whose,0.116603
widowed,0.533922
wife,0.10228
will,0
winter,0.208507
wish,0.182661
with,0
without,0.0613452
woman,0.160124
women,0.157694
word,0.146556
words,0.174824
worked,0.199464
world,0.0573253
worsens,0.727605
would,0.0126178
written,0.208507
year,0.0254249
years,0.027651
yesterday,0.128548
young,0.0910078
youthful,0.289521
