A,0.00298023
AF,0.726823
AFL,0.726823
AM,0.443388
Aaron,0.533348
Abbey,0.482685
Achievement,0.645801
Acting,0.482685
Administrator,0.726823
Advisors,0.726823
Al,0.384132
Alice,0.443388
Also,0.262063
Andrew,0.416862
Angeles,0.321318
Ann,0.416862
Anne,0.304534
April,0.230964
Ariz,0.482685
Asked,0.411279
Association,0.275114
At,0.068588
Attendance,0.604754
Aug,0.360616
Ave,0.411279
Baker,0.443388
Bank,0.384132
Banks,0.604754
Barbara,0.411279
Batchelder,0.726823
Beatrice,0.604754
Beaverton,0.629382
Bend,0.533348
Bess,0.604754
Bill,0.238547
Birdie,0.726823
Blue,0.349101
Blvd,0.533348
Board,0.293136
Bob,0.308667
Bond,0.411279
Borland,0.726823
Brett,0.746556
Breuer,0.726823
Brooklyn,0.443388
Brooks,0.547828
Bros,0.726823
Burnside,0.726823
But,0.0246597
CIO,0.726823
Calif,0.533348
Canada,0.443388
Carlson,0.726823
Carol,0.612963
Cedar,0.604754
Center,0.389346
Charles,0.217804
Charley,0.482685
Chester,0.443388
City,0.141894
Clerks,0.726823
Cleveland,0.411279
Club,0.238547
Co,0.344487
Cohn,0.736689
Columbus,0.389346
Company,0.339873
Congregation,0.533348
Corneilus,0.726823
Corp,0.449406
County,0.245023
Cox,0.443388
Ct,0.726823
Dalles,0.726823
Davis,0.360616
Day,0.198421
Dec,0.411279
Deputy,0.604754
Detective,0.612963
Do,0.217804
Donald,0.443388
Dorenzo,0.726823
Dr,0.190657
Durante,0.726823
E,0.164295
Elaine,0.726823
Elks,0.726823
Employes,0.604754
Ennis,0.726823
Eugene,0.443388
Exhibition,0.604754
F,0.187418
FFA,0.726823
Fair,0.339873
Field,0.362942
Finalists,0.726823
For,0.0933782
Forsyth,0.726823
Francisco,0.344487
Franklin,0.360616
Friday,0.179377
Funeral,0.489237
G,0.22787
GA,0.726823
Gateway,0.726823
Georgia,0.389346
Gevurtz,0.726823
Grace,0.339873
Grand,0.321318
Grant,0.339873
Grocery,0.726823
H,0.232587
Haase,0.726823
Harmony,0.604754
Harvey,0.467463
He,0.0166168
Heights,0.726823
Helen,0.443388
Her,0.167141
High,0.174636
Hillsboro,0.825487
Hillsdale,0.726823
Hinton,0.604754
His,0.100696
Holman,0.726823
Home,0.384132
Hood,0.533348
Horstman,0.726823
Hospital,0.304534
Huntley,0.756422
Hutchins,0.612963
I,0.0150088
In,0.00585295
International,0.321318
Island,0.262063
It,0.0117449
JA,0.726823
Jane,0.384132
Janet,0.726823
Jansen,0.726823
Jaross,0.726823
Jefferson,0.533348
Jim,0.304534
Jimmy,0.411279
Joan,0.411279
Jody,0.726823
John,0.0748091
Joseph,0.278848
Jossy,0.756422
Jr,0.21111
Junior,0.439194
Juras,0.736689
Jury,0.533348
K,0.304534
Kader,0.726823
Kaiser,0.726823
Karen,0.604754
Kathleen,0.726823
Kathy,0.604754
Keizer,0.726823
Kiefferm,0.726823
Kolb,0.726823
Labor,0.304534
Lake,0.360616
Larry,0.482685
Larson,0.629382
Lavaughn,0.726823
Lawrence,0.293136
Lee,0.28921
Leonard,0.443388
Lloyd,0.411279
Local,0.449406
Lodge,0.339873
Logan,0.604754
Lorlyn,0.726823
Los,0.321318
Lucy,0.533348
Lynn,0.533348
Macwhyte,0.726823
Madison,0.612963
Mason,0.443388
McNeil,0.726823
Mill,0.604754
Millie,0.726823
Monday,0.141894
Monte,0.482685
Montgomery,0.604754
Morgan,0.533348
Mr,0.131314
Mrs,0.146933
Multnomah,0.629382
Murray,0.482685
Musician,0.726823
My,0.153045
N,0.184941
NE,0.612963
NLRB,0.726823
National,0.193245
Nevada,0.533348
Nevah,0.726823
Neveh,0.726823
New,0.0661937
Nice,0.621173
No,0.139263
North,0.163433
Northwest,0.540588
Nuttall,0.604754
Nyberg,0.736689
O,0.174636
Ohio,0.293136
On,0.0816391
Order,0.384132
Oregon,0.416862
Other,0.167141
Over,0.275114
Pacific,0.389346
Participants,0.726823
Patterson,0.726823
Peck,0.736689
Phil,0.489237
Phoenix,0.502342
Phyllis,0.726823
Physicians,0.726823
Plains,0.461444
Police,0.360616
Portland,0.641949
Post,0.384132
Pumpkin,0.726823
Ralph,0.321318
Ray,0.360616
Reedville,0.726823
Reifenrath,0.726823
Relations,0.384132
Results,0.726823
Retail,0.726823
Reynolds,0.533348
Richard,0.182464
Ridge,0.533348
Rite,0.604754
River,0.443388
Riverview,0.726823
Robinson,0.411279
Rotary,0.533348
Roy,0.482685
S,0.0921441
SW,0.533348
Salary,0.604754
Salem,0.449406
San,0.32568
Saturday,0.159952
Savings,0.482685
School,0.208283
Schuyler,0.726823
Scolatti,0.726823
Scottish,0.604754
Seattle,0.533348
Secret,0.533348
Service,0.28921
Services,0.482685
Shaw,0.49579
She,0.116478
Shelby,0.726823
Sheldon,0.533348
Sheriff,0.604754
Sherwood,0.726823
Sholom,0.726823
Shopping,0.726823
Shrine,0.726823
Sidney,0.482685
Silvers,0.726823
Smith,0.217804
Smythe,0.612963
Son,0.389346
Spice,0.746556
St,0.141894
State,0.13563
States,0.199249
Stein,0.604754
Stephanie,0.736689
Stephenson,0.604754
Steve,0.604754
Strong,0.443388
Sue,0.604754
Survivors,0.612963
Susan,0.443388
Swine,0.604754
Taylor,0.389346
Tearle,0.726823
Temple,0.304534
That,0.0957352
The,0
These,0.153045
Thursday,0.245023
Tigard,0.736689
Tim,0.604754
Tom,0.349101
Tony,0.533348
Traxel,0.726823
Tualatin,0.726823
Tuesday,0.159952
U,0.153045
Union,0.262063
United,0.190657
University,0.199249
Verboort,0.726823
Voiture,0.726823
W,0.139994
Wacklin,0.726823
Walters,0.726823
Ward,0.604754
Wash,0.411279
Washington,0.153045
Webster,0.604754
Wegener,0.726823
White,0.174636
Wick,0.726823
Willamette,0.540588
William,0.124384
Wilson,0.411279
Woodyard,0.726823
Y,0.321318
Year,0.360616
York,0.171679
Young,0.275114
Youngsters,0.726823
Zebek,0.726823
Zurcher,0.736689
``,0.0694138
a,0
about,0.0119043
accomplished,0.304534
according,0.133814
accused,0.275114
activities,0.360616
actually,0.217804
adapting,0.726823
added,0.105801
administrative,0.533348
administrator,0.443388
adult,0.482685
advisors,0.604754
after,0.021098
against,0.0653189
agencies,0.449406
agency,0.415419
agent,0.304534
ahead,0.275114
all,0.00600973
allotment,0.736689
allowing,0.321318
also,0.0186548
alternative,0.384132
among,0.107238
an,0
and,0
annual,0.139994
answerable,0.482685
appointed,0.208283
approved,0.262063
are,0.00608811
area,0.167141
arguments,0.339873
arrest,0.321318
arrested,0.293136
as,0
assault,0.321318
assistance,0.262063
at,0
attending,0.262063
attract,0.321318
auto,0.482685
avenue,0.384132
award,0.389346
awards,0.604754
ballroom,0.384132
band,0.253305
bank,0.208283
barbecue,0.604754
bargaining,0.384132
basis,0.249913
baton,0.533348
be,0
became,0.127844
because,0.0420033
been,0.00608811
before,0.0313963
began,0.105801
being,0.0612153
better,0.100696
between,0.0862136
bicycle,0.726823
big,0.133814
bird,0.278848
blue,0.201954
blues,0.540588
bond,0.304534
booked,0.604754
born,0.162123
both,0.0420033
bound,0.182464
branch,0.238547
broke,0.167141
brothers,0.238547
budget,0.384132
budgeted,0.726823
business,0.100934
businesses,0.604754
businessman,0.604754
but,0.00286361
by,0
called,0.0909101
came,0.0782281
can,0.0246597
car,0.217804
category,0.612963
cemetery,0.604754
cent,0.262063
center,0.249913
chairman,0.21111
challenged,0.443388
champion,0.343127
championship,0.547828
championships,0.726823
changes,0.217804
charged,0.22787
charges,0.28921
charter,0.443388
class,0.26562
clear,0.153045
close,0.153045
clown,0.604754
collaborated,0.726823
collapsed,0.533348
collective,0.482685
collision,0.411279
commander,0.384132
comments,0.482685
commission,0.263483
commissioners,0.746556
communications,0.384132
companies,0.269178
company,0.12704
competition,0.455425
completed,0.230964
concerts,0.443388
condition,0.199249
conducted,0.249913
conference,0.220761
considerable,0.321318
consultant,0.489237
contest,0.349101
continued,0.168637
contract,0.297062
contributed,0.28921
controversy,0.443388
conversion,0.533348
converting,0.533348
convicted,0.411279
cooked,0.443388
cooperation,0.443388
correct,0.321318
could,0.0309758
counseled,0.736689
county,0.223718
create,0.262063
credit,0.238547
crippling,0.726823
criticized,0.482685
culminates,0.726823
culmination,0.604754
dance,0.217804
dancers,0.384132
data,0.547828
daughter,0.167141
day,0.0420033
decertify,0.726823
defend,0.262063
delegation,0.533348
demonstration,0.482685
department,0.275114
dependent,0.411279
depends,0.262063
deserves,0.304534
designed,0.208283
detectives,0.449406
died,0.220761
dinner,0.162123
directing,0.384132
directly,0.275114
director,0.230964
distributed,0.411279
district,0.249913
dividend,0.604754
do,0.0309758
does,0.105801
dollar,0.416862
done,0.105801
down,0.0572039
dozen,0.28921
drawn,0.238547
driving,0.182464
during,0.0838555
each,0.0487797
early,0.0816391
east,0.238547
economics,0.482685
eggs,0.360616
eight,0.116478
election,0.22787
electronic,0.604754
eligible,0.384132
emergency,0.389346
emphasized,0.482685
employ,0.308667
end,0.0862136
enter,0.208283
entertainers,0.604754
entertainment,0.26562
entrant,0.726823
equipment,0.304534
evening,0.174636
executive,0.308667
exhibited,0.360616
experience,0.238547
face,0.105801
failed,0.182464
fair,0.190657
fairgoers,0.726823
fall,0.139994
familiarity,0.482685
family,0.133814
far,0.0862136
favor,0.275114
federal,0.275114
feel,0.127844
feeling,0.159952
fell,0.159952
female,0.304534
field,0.150373
filbert,0.726823
fine,0.133814
firm,0.139994
firms,0.365511
first,0.0184114
fiscal,0.533348
five,0.10343
fleeing,0.443388
flower,0.238547
flowers,0.238547
for,0
form,0.153045
former,0.111059
four,0.0603955
from,0
fulfill,0.411279
full,0.105801
functions,0.604754
funds,0.217804
g,0.482685
gave,0.141894
general,0.111059
getaway,0.726823
girl,0.199249
give,0.105801
given,0.0816391
going,0.0957352
government,0.148386
grand,0.204659
grandchildren,0.540588
groups,0.304534
guidance,0.360616
guided,0.32568
had,0.0131798
handicapped,0.726823
handle,0.249913
handles,0.384132
has,0
hats,0.304534
have,0.00885301
having,0.167141
he,0.00648005
headquarters,0.339873
held,0.0771804
helping,0.249913
her,0.0957352
here,0.0661937
high,0.0475194
him,0.0389114
his,0.00309685
history,0.159952
hog,0.482685
holdup,0.736689
home,0.0309758
honor,0.28921
honors,0.422445
horsemanship,0.726823
hour,0.116478
hours,0.153045
however,0.105801
husband,0.184941
if,0.0389114
image,0.249913
improved,0.321318
in,0
included,0.22787
indicated,0.199249
indictment,0.533348
indictments,0.604754
individual,0.190657
industry,0.249913
insisted,0.275114
instead,0.182464
interment,0.726823
investigation,0.275114
investment,0.411279
irrespective,0.533348
is,0
it,0
its,0.0188981
joined,0.174636
judged,0.360616
judging,0.321318
junior,0.293136
just,0.0792758
key,0.182464
knowledge,0.199249
last,0.0259808
later,0.0970348
latter,0.217804
leader,0.208283
leave,0.199249
leaving,0.217804
legal,0.304534
legislative,0.389346
less,0.159952
like,0.0564378
literally,0.384132
lived,0.22787
local,0.150373
lodge,0.339873
logging,0.726823
long,0.0564378
loss,0.199249
lot,0.190657
m,0.104797
machine,0.389346
made,0.0150088
magnetic,0.489237
maintenance,0.339873
male,0.28921
man,0.0525671
manager,0.249913
many,0.0572039
market,0.208283
matter,0.111059
maximum,0.339873
may,0.0525671
mean,0.167141
meeting,0.105801
member,0.148386
members,0.107238
men,0.0782281
modest,0.220761
moment,0.190657
money,0.122069
month,0.120104
months,0.105801
more,0.00873444
most,0.0343955
move,0.150373
much,0.068588
music,0.217804
must,0.0816391
name,0.127844
national,0.171679
necessary,0.184941
need,0.102063
new,0.0117449
newly,0.238547
next,0.0644441
night,0.068588
no,0.00577456
not,0.00298023
now,0.0181681
objective,0.482685
obstacles,0.482685
of,0
off,0.0525671
office,0.133814
officers,0.182464
oks,0.726823
old,0.0532807
omitted,0.443388
on,0
one,0
only,0.0219572
open,0.123726
operation,0.190657
operations,0.339873
or,0.0120638
organization,0.249913
other,0.00600973
out,0
over,0.0148077
own,0.0862136
owned,0.275114
p,0.248261
pact,0.726823
paid,0.139994
pair,0.199249
papers,0.304534
park,0.339873
parking,0.604754
past,0.0653189
pay,0.122069
people,0.0653189
per,0.208283
period,0.167141
personally,0.339873
persons,0.146398
piece,0.199249
place,0.0921441
plan,0.146398
planned,0.22787
planning,0.28921
pocket,0.275114
pointed,0.190657
policy,0.22787
position,0.193245
possible,0.0957352
potentially,0.604754
poultry,0.449406
practical,0.339873
present,0.0909101
president,0.162123
previously,0.28921
prison,0.238547
probably,0.153045
processes,0.482685
processing,0.502342
produce,0.238547
producer,0.533348
product,0.304534
products,0.360616
profession,0.275114
profit,0.249913
program,0.178485
programs,0.384132
provided,0.230964
public,0.10343
publicity,0.304534
quartet,0.533348
questioned,0.249913
quoted,0.411279
rabbit,0.443388
ranking,0.726823
rate,0.190657
rates,0.384132
rather,0.116478
real,0.13563
receive,0.193245
received,0.129579
recent,0.159952
records,0.28921
regional,0.604754
regrets,0.443388
release,0.321318
renew,0.411279
reported,0.193245
reporting,0.533348
representative,0.321318
request,0.190657
requests,0.384132
resent,0.384132
responsibility,0.384132
rest,0.190657
restaurant,0.384132
retired,0.217804
returned,0.184941
ribbon,0.365511
ribbons,0.308667
robber,0.411279
robberies,0.604754
robbery,0.49579
row,0.22787
run,0.0816391
s,0
said,0.0206013
salary,0.344487
sales,0.304534
saying,0.159952
scale,0.321318
schedule,0.360616
school,0.106164
second,0.0970348
selection,0.411279
sell,0.21111
senior,0.32568
sentenced,0.443388
series,0.21111
serious,0.182464
seriously,0.275114
served,0.159952
service,0.131314
session,0.238547
set,0.0644441
she,0.111059
sheep,0.28921
short,0.148386
shortage,0.540588
show,0.104797
showman,0.604754
showmanship,0.736689
shows,0.304534
sister,0.208283
sisters,0.304534
size,0.190657
skies,0.339873
slackening,0.726823
small,0.116478
so,0.0378829
some,0.0243294
son,0.1572
speaking,0.190657
special,0.123726
spent,0.182464
spices,0.533348
sponsorship,0.604754
spring,0.167141
staff,0.171679
stand,0.122069
state,0.0946123
stock,0.249913
stockholders,0.726823
stop,0.167141
store,0.321318
studio,0.533348
such,0.0414408
summer,0.171679
swept,0.262063
swine,0.533348
system,0.182464
taken,0.0921441
talent,0.321318
tape,0.547828
task,0.262063
taxes,0.321318
teenagers,0.604754
termed,0.411279
terms,0.230964
th,0.16941
than,0.0148077
that,0
the,0
theatrical,0.604754
their,0.00897157
them,0.0276213
they,0.00290249
think,0.0957352
third,0.100696
this,0.00624489
those,0.0525671
though,0.146398
three,0.0213844
through,0.0456839
throughout,0.182464
time,0.0213844
to,0
told,0.0782281
took,0.0921441
top,0.118059
train,0.275114
truth,0.182464
twirler,0.726823
two,0.0119043
under,0.0348624
union,0.28921
unique,0.443388
until,0.122069
unusually,0.384132
up,0.0184114
used,0.111059
usual,0.238547
vacation,0.482685
variety,0.22787
very,0.0957352
vice,0.217804
victim,0.411279
victims,0.411279
visiting,0.275114
vote,0.217804
voted,0.349101
voters,0.384132
was,0
we,0.045072
weaknesses,0.533348
week,0.0587362
weeks,0.155122
welfare,0.304914
went,0.0782281
were,0.00608811
what,0.0309758
wheels,0.339873
which,0.00305798
white,0.153045
who,0
whole,0.146398
widow,0.308667
wife,0.100696
will,0
winning,0.297062
with,0
within,0.127844
won,0.145695
work,0.0603955
worked,0.199249
working,0.155122
would,0.0120638
year,0.0266413
years,0.0283712
yet,0.148386
you,0.0849637
young,0.0909101
youngsters,0.482685
