A,0.00300633
AP,0.410043
About,0.177803
Ala,0.491437
All,0.110725
Allan,0.602936
Alva,0.724638
American,0.12881
Anniston,0.73232
Antonio,0.481234
Any,0.274287
Appeals,0.481234
Arts,0.359532
At,0.0683819
Atlantic,0.320353
Attorney,0.382977
Atty,0.602936
Atwells,0.724638
August,0.303618
Aurora,0.481234
Ave,0.418736
Avenue,0.431777
B,0.190084
Before,0.181916
Bernard,0.382977
Beverly,0.531745
Biltmore,0.602936
Birmingham,0.442055
Board,0.297511
Boston,0.288341
Both,0.152585
Brook,0.602936
Brooklyn,0.442055
Brown,0.323749
Bulletin,0.73232
Carroll,0.531745
Cavaliere,0.724638
Centredale,0.724638
Cherry,0.537382
Chester,0.442055
Christmas,0.264045
Circle,0.602936
City,0.139573
Clarence,0.531745
Claus,0.602936
Club,0.23783
Co,0.342444
Cochran,0.724638
Committee,0.21715
Court,0.221753
Cranston,0.770728
DeSoto,0.724638
Dec,0.41439
December,0.274287
Democratic,0.323749
DiSimone,0.724638
District,0.320353
Dr,0.200159
Drawers,0.724638
Drive,0.442055
E,0.159471
Eddy,0.73232
Education,0.323749
Eight,0.442055
Electric,0.481234
Elm,0.724638
Employes,0.602936
English,0.21715
F,0.185773
FBI,0.531745
Fatima,0.724638
Fletcher,0.724638
Francis,0.382977
Fred,0.442055
Freedom,0.537382
French,0.207657
Fruit,0.602936
Fund,0.481234
G,0.227185
Garden,0.363343
Gen,0.359532
German,0.303618
Giorgio,0.740002
Governor,0.320353
Graduate,0.724638
Greenock,0.724638
Greenville,0.609328
Grenier,0.73232
Greyhound,0.724638
Grooms,0.724638
H,0.219452
Hall,0.264045
Hartford,0.602936
Hartselle,0.724638
He,0.0155457
Hester,0.740002
Hill,0.232002
Hills,0.446741
Hobart,0.724638
Hodosh,0.724638
Hose,0.602936
Hospital,0.319711
Hotel,0.274287
I,0.0147632
In,0.00581824
Inc,0.446741
Incinerator,0.724638
Interstate,0.602936
Island,0.269584
Italian,0.288341
Italy,0.338852
J,0.164543
James,0.145958
Jan,0.303618
Jane,0.382977
John,0.0726129
Johnston,0.615719
Joseph,0.274287
Journal,0.486336
Judge,0.219452
KKK,0.724638
Klan,0.73232
Klux,0.73232
Kochanek,0.724638
Kochaneks,0.724638
Kretchmer,0.73232
Ku,0.73232
Labor,0.303618
Lady,0.303618
Larson,0.602936
Lawrence,0.288341
Lester,0.602936
Lewis,0.481234
Local,0.442055
Long,0.227185
Louis,0.261275
Lovett,0.724638
M,0.152585
Macon,0.531745
Maple,0.602936
Martin,0.288341
Maurice,0.442055
McN,0.724638
Merit,0.724638
Mfg,0.724638
Michael,0.382977
Milton,0.410043
Monday,0.139573
Morris,0.442055
Mr,0.147727
Mrs,0.127459
N,0.181916
NYU,0.740002
Narragansett,0.481234
Neither,0.261275
New,0.0649315
Newport,0.73232
Newsom,0.724638
No,0.133412
Nolan,0.724638
North,0.160672
Notte,0.602936
Nugent,0.602936
Nunes,0.724638
Oliver,0.442055
On,0.0813937
One,0.0984829
Order,0.382977
Our,0.190084
P,0.190084
Pa,0.481234
Park,0.21715
Parker,0.622111
Parrillo,0.740002
Patrolman,0.442055
Pawtucket,0.724638
Perkins,0.602936
Persian,0.382977
Persons,0.531745
Pezza,0.740002
Pratt,0.481234
Prentice,0.602936
Princeton,0.724638
Prior,0.602936
Providence,0.479544
Public,0.359532
Relations,0.382977
Republic,0.410043
Rhode,0.418736
Rider,0.724638
Riders,0.724638
River,0.442055
Road,0.41439
Robert,0.227185
Roger,0.41439
Rosella,0.724638
Rotelli,0.724638
Route,0.602936
S,0.0925584
Santa,0.367155
Saul,0.442055
School,0.209858
Sciences,0.602936
Scores,0.602936
Scotland,0.320353
Sept,0.382977
September,0.323749
Service,0.288341
Sheraton,0.481234
Simmonsville,0.724638
Smith,0.21715
Smithfield,0.602936
Sorrentino,0.740002
St,0.139573
Steel,0.481234
Stephen,0.359532
Stevens,0.531745
Stone,0.391097
Street,0.269584
Streets,0.481234
Sullivan,0.481234
Sunday,0.139573
Superior,0.442055
Supreme,0.382977
Supt,0.602936
Sydney,0.481234
Taylor,0.382977
The,0
Then,0.139573
These,0.152585
They,0.0381694
Thieves,0.531745
Thomas,0.261275
Thornton,0.531745
Tougas,0.724638
Trichieri,0.724638
Trustees,0.602936
Two,0.12881
U,0.154202
UPI,0.481234
Uncas,0.724638
United,0.190084
University,0.202862
V,0.249161
Vermeersch,0.724638
Vernava,0.740002
Vincent,0.442055
W,0.139573
Walsh,0.724638
Warwick,0.609328
Weaver,0.537382
Williams,0.382977
Woonasquatucket,0.724638
Workers,0.602936
York,0.168405
``,0.0602139
a,0
abandoned,0.320353
about,0.0125785
accident,0.269584
according,0.133412
accosted,0.382977
acid,0.602936
acknowledged,0.338852
acquittal,0.481234
acted,0.261275
added,0.105483
adjustments,0.531745
administrator,0.442055
admitted,0.227185
adopted,0.227185
advised,0.288341
afloat,0.481234
after,0.0217035
against,0.0662937
agent,0.303618
ago,0.0915976
agree,0.23783
agreement,0.274287
aid,0.185773
along,0.0859544
also,0.0180604
alterations,0.481234
alternate,0.531745
ambulance,0.602936
amount,0.21715
an,0
and,0
anniversary,0.531745
announced,0.121702
anonymous,0.442055
anyone,0.23783
appeal,0.274287
appeals,0.423083
appear,0.198651
appeared,0.194114
appointment,0.264045
are,0.00581824
area,0.170172
arrest,0.320353
arrested,0.288341
arrived,0.23783
as,0
ashore,0.410043
aside,0.207657
asked,0.102522
assessment,0.724638
assessments,0.724638
assessors,0.724638
assist,0.288341
associated,0.442055
at,0
attack,0.190084
audio,0.609328
authorities,0.342444
award,0.387037
awarded,0.442055
away,0.101458
back,0.0454129
balance,0.277195
band,0.249161
bargaining,0.382977
based,0.303618
be,0
because,0.0413162
bedrooms,0.531745
beds,0.251803
been,0.00642854
before,0.0321922
bestowal,0.602936
bill,0.198651
black,0.190084
board,0.16229
both,0.0413162
bought,0.21715
brick,0.288341
brief,0.303618
broke,0.166639
brushed,0.410043
building,0.166639
bumper,0.602936
burned,0.303618
burning,0.274287
bus,0.491437
business,0.0954475
but,0.00285501
by,0
cabinets,0.531745
calls,0.207657
candidate,0.359532
capacity,0.320353
car,0.233263
carries,0.274287
carrying,0.251803
cars,0.249161
case,0.103586
caused,0.207657
celebrating,0.724638
ceremony,0.274287
chairman,0.209858
charge,0.1506
charged,0.227185
charges,0.291397
charities,0.410043
check,0.23783
chest,0.338852
children,0.111899
city,0.152585
clear,0.152585
clerk,0.303618
coat,0.261275
coins,0.486336
collection,0.277195
collections,0.382977
collided,0.602936
comment,0.382977
commissioner,0.481234
committee,0.240351
companion,0.274287
company,0.121702
compared,0.23783
complained,0.303618
complaint,0.320353
condemned,0.382977
condition,0.200756
conditions,0.291397
connection,0.303618
connections,0.442055
conspiracy,0.338852
construction,0.306837
consul,0.724638
contractor,0.531745
contributed,0.288341
contributions,0.338852
contributors,0.724638
convenient,0.320353
conviction,0.320353
coordinator,0.543019
could,0.0308827
court,0.141053
credited,0.481234
crew,0.363343
currently,0.410043
cuts,0.320353
damaged,0.442055
damages,0.481234
day,0.0413162
days,0.0974711
dean,0.602936
declared,0.166639
decoration,0.531745
deed,0.274287
defendants,0.481234
denting,0.724638
designated,0.481234
destroyer,0.442055
diamond,0.338852
dimes,0.531745
dinner,0.159471
directed,0.227185
discharged,0.359532
division,0.251803
dollars,0.338852
door,0.174111
drifting,0.382977
driven,0.232002
driving,0.183844
dropped,0.181916
due,0.198651
dumping,0.602936
during,0.0822565
earlier,0.198651
earrings,0.609328
education,0.170172
efforts,0.209858
eight,0.11859
either,0.159471
elected,0.274287
election,0.227185
employes,0.410043
endorsed,0.609328
entered,0.198651
erred,0.442055
escort,0.531745
estate,0.198651
estimated,0.261275
evening,0.174111
ever,0.0906368
excused,0.359532
expert,0.323749
expressing,0.288341
faculty,0.382977
failed,0.181916
failure,0.303618
false,0.227185
families,0.23783
family,0.133412
far,0.0859544
farmer,0.320353
favorite,0.382977
federal,0.277195
feet,0.139573
fell,0.159471
fender,0.724638
fifth,0.288341
fight,0.159471
filed,0.387037
find,0.127459
finding,0.21715
fine,0.133412
fired,0.303618
firm,0.144012
first,0.0186287
five,0.101458
floor,0.174111
flowing,0.338852
for,0
foreign,0.181916
formal,0.303618
found,0.0915976
founder,0.442055
four,0.0614905
fractured,0.724638
freed,0.359532
from,0
fund,0.28301
furs,0.531745
garbage,0.602936
gave,0.139573
general,0.111899
generous,0.277195
gifts,0.288341
girl,0.200756
given,0.0822565
giving,0.21715
go,0.0683819
goal,0.261275
gold,0.21715
golden,0.227185
good,0.0642504
got,0.0726129
grant,0.198651
greatly,0.261275
ground,0.152585
group,0.110725
growing,0.198651
gun,0.320353
had,0.0131992
half,0.139573
hall,0.249161
hand,0.116128
has,0
have,0.00898512
he,0.00618442
head,0.101458
heard,0.1506
hearing,0.166639
heavy,0.190084
heel,0.359532
helping,0.249161
here,0.0642504
him,0.0389702
hired,0.410043
his,0.0029458
history,0.159471
hitting,0.382977
home,0.0315375
homes,0.249161
honor,0.288341
honored,0.359532
hospital,0.333936
hour,0.116128
house,0.114246
houses,0.190084
housing,0.359532
hunting,0.306837
identified,0.320353
if,0.0377691
immediate,0.181916
impact,0.481234
impossible,0.227185
imprisonment,0.442055
improperly,0.531745
improved,0.320353
in,0
incident,0.410043
incidents,0.481234
incinerator,0.724638
included,0.227185
indicated,0.198651
industrial,0.442055
information,0.249161
injuries,0.382977
injury,0.274287
interest,0.141053
interfering,0.382977
interstate,0.602936
into,0.0210346
intruders,0.602936
investigated,0.481234
involving,0.410043
is,0
it,0
its,0.0182498
jacket,0.338852
jewelry,0.724638
jewels,0.338852
jobs,0.303618
join,0.207657
joined,0.175957
judge,0.183844
juror,0.622111
jurors,0.481234
jury,0.335804
lamb,0.338852
land,0.174111
large,0.105483
last,0.0260562
later,0.0954475
left,0.0877768
lenient,0.602936
liberty,0.288341
lieutenants,0.442055
life,0.12881
limited,0.23783
line,0.161162
looking,0.181916
m,0.104651
made,0.0153892
maintenance,0.338852
major,0.198651
majority,0.382977
making,0.0859544
man,0.0529647
manager,0.249161
manufacturing,0.442055
marked,0.23783
marks,0.320353
masked,0.446741
maximum,0.338852
may,0.0529647
member,0.147506
members,0.109956
membership,0.481234
men,0.0802112
mercy,0.23783
mink,0.602936
minutes,0.145958
mistrial,0.602936
mob,0.382977
money,0.121702
month,0.110725
months,0.105483
most,0.0342921
motel,0.531745
named,0.190084
native,0.249161
near,0.133412
nearby,0.481234
needy,0.442055
new,0.0119579
newly,0.23783
next,0.0642504
nickels,0.724638
night,0.0712814
not,0.0029458
occurred,0.277195
of,0
off,0.0529647
office,0.133412
officials,0.261275
old,0.0529647
on,0
one,0
onto,0.724638
opened,0.174111
opening,0.152585
option,0.531745
other,0.00575721
others,0.133412
out,0
outside,0.209858
over,0.0150762
owned,0.274287
owners,0.277195
p,0.242872
pains,0.288341
panel,0.35322
part,0.0769484
particularly,0.198651
parties,0.227185
patrol,0.531745
paying,0.23783
payment,0.288341
pearl,0.410043
penalty,0.410043
pennies,0.531745
perjury,0.609328
persons,0.147506
petition,0.359532
physician,0.338852
pick,0.249161
picket,0.602936
picketed,0.724638
placed,0.200756
plant,0.23783
plants,0.227185
pole,0.346036
police,0.28301
post,0.192099
power,0.13624
presented,0.168405
president,0.162852
previously,0.288341
probably,0.152585
properties,0.531745
property,0.21426
provide,0.161162
publishing,0.531745
purchased,0.320353
purposes,0.23783
quarterly,0.724638
quarters,0.261275
questioned,0.249161
quota,0.724638
raft,0.602936
ransacked,0.609328
raw,0.303618
rd,0.531745
reach,0.183844
reached,0.166639
real,0.133412
rear,0.306837
receiving,0.288341
recommended,0.288341
regular,0.249161
remembered,0.249161
rendered,0.359532
rental,0.724638
replaced,0.410043
reported,0.192099
reports,0.227185
representative,0.320353
represented,0.320353
representing,0.288341
rescued,0.410043
residents,0.537382
resigned,0.338852
response,0.382977
responsible,0.382977
result,0.127459
returned,0.181916
review,0.338852
reviewed,0.442055
ribs,0.442055
rings,0.323749
room,0.139573
rubbish,0.382977
ruled,0.23783
ruling,0.323749
s,0
said,0.020902
satisfactory,0.338852
saving,0.23783
saying,0.159471
school,0.103586
seated,0.240351
second,0.0954475
section,0.303618
selection,0.410043
send,0.198651
set,0.0656126
setting,0.174111
seven,0.139573
severe,0.21715
sewage,0.73232
sewer,0.537382
sewing,0.481234
ship,0.249161
shortly,0.251803
shotgun,0.724638
shoulder,0.227185
since,0.0524091
sinking,0.382977
site,0.410043
sites,0.442055
slightly,0.288341
spoken,0.227185
spokesman,0.359532
square,0.249161
staff,0.166639
started,0.139573
state,0.0973625
statewide,0.602936
stole,0.21715
stoppage,0.481234
stopping,0.288341
story,0.207657
strike,0.181916
striking,0.261275
struck,0.177803
succeeds,0.410043
suffered,0.229594
suitable,0.359532
superintendent,0.481234
take,0.0649315
taken,0.0915976
tampering,0.724638
tax,0.212059
taxpayers,0.41439
tearing,0.359532
telephone,0.338852
tell,0.127459
that,0
the,0
theft,0.442055
their,0.00926206
them,0.0275383
then,0.0449365
they,0.00297607
thieves,0.382977
third,0.100394
this,0.0059403
those,0.0524091
three,0.0212576
through,0.0454129
tide,0.320353
time,0.0217035
to,0
together,0.0906368
told,0.0802112
took,0.0906368
total,0.152585
town,0.204968
traffic,0.288341
train,0.274287
transportation,0.410043
trawler,0.724638
treated,0.207657
trial,0.247915
tried,0.145958
trucks,0.442055
turn,0.116128
two,0.0125785
unable,0.303618
under,0.0342921
uninjured,0.609328
university,0.306837
until,0.121702
up,0.0178709
upheld,0.382977
upon,0.121702
use,0.0954475
used,0.110725
usual,0.23783
utility,0.363343
valuation,0.609328
valued,0.330541
vehicle,0.338852
verdict,0.491437
vice,0.21715
visit,0.198651
visiting,0.274287
visual,0.486336
vote,0.21715
wages,0.338852
wallet,0.602936
was,0
watch,0.183844
waters,0.249161
way,0.0562682
weeks,0.154202
went,0.0769484
were,0.00618442
when,0.0158587
where,0.0449365
which,0.00312739
while,0.0524091
white,0.154202
who,0
will,0
with,0
without,0.0621288
witness,0.249161
work,0.0608522
workers,0.306837
working,0.152585
worth,0.142532
would,0.0118337
wrongdoing,0.724638
year,0.0257991
years,0.0278302
yesterday,0.125976
youngest,0.291397
youngsters,0.481234
youth,0.181916
