A,0.00297341
About,0.174532
Accardo,0.72639
Albert,0.304352
Alex,0.735824
All,0.112434
Allegretti,0.72639
Allen,0.411034
Allied,0.620092
Allies,0.533031
American,0.129427
Among,0.169211
Anderlini,0.72639
Angelo,0.539953
Another,0.174532
Antone,0.72639
April,0.227735
Arata,0.72639
Arger,0.745258
Armond,0.72639
Asilomar,0.72639
At,0.0685472
Attilio,0.72639
Audubon,0.745258
Av,0.635791
B,0.190544
Beach,0.304352
Before,0.182356
Ben,0.411034
Beronio,0.72639
Best,0.383903
Bianco,0.72639
Blaber,0.72639
Blue,0.344082
Bonn,0.604394
Buchheister,0.773559
But,0.0246307
Caesar,0.339671
Calude,0.72639
Campagnoli,0.72639
Carl,0.448878
Casassa,0.72639
Celebration,0.72639
Cervetto,0.72639
Charge,0.411034
Chicago,0.308305
Coast,0.321127
College,0.261907
Columbus,0.383903
Committee,0.217675
Connection,0.72639
Conservation,0.604394
Convention,0.604394
Curtis,0.604394
Da,0.604394
Day,0.190544
De,0.304352
Dearborn,0.72639
Di,0.604394
DiVarco,0.72639
Disarmament,0.72639
Division,0.604394
Dominic,0.604394
Dr,0.195493
Duhagon,0.72639
East,0.174532
Easter,0.360401
Ed,0.443124
Elected,0.72639
Elios,0.72639
Europe,0.249764
F,0.182356
Federal,0.312257
Fiedler,0.811293
Figone,0.735824
First,0.167042
Fonta,0.72639
Forest,0.411034
Francisco,0.344082
Frank,0.220502
Fred,0.443124
Frederic,0.72639
Friday,0.174532
Friends,0.365082
George,0.174532
German,0.31621
Germany,0.344082
Glimco,0.764125
Government,0.304352
Governments,0.604394
Grace,0.339671
Greece,0.411034
Greek,0.339671
Greenwood,0.604394
Gregorio,0.754691
Gus,0.604394
Hall,0.261907
He,0.0149911
Heinkel,0.735824
His,0.100636
Hitler,0.72639
House,0.121996
Huff,0.820727
I,0.0153755
In,0.00584608
Island,0.265308
It,0.0121952
J,0.166085
Jerome,0.604394
Jimmy,0.411034
Joe,0.289038
Joey,0.604394
John,0.0765697
Joseph,0.282092
Jr,0.208159
Judge,0.217675
Kedzie,0.72639
Kentfield,0.72639
Lake,0.365082
Later,0.482398
Lawrence,0.292792
Leading,0.604394
League,0.325298
Leavitt,0.782992
Lee,0.300299
Leo,0.448878
Lien,0.72639
Life,0.27495
Liquor,0.604394
Livermore,0.72639
Loan,0.604394
Lockheed,0.735824
Louis,0.261907
Louisiana,0.383903
M,0.152954
Madison,0.604394
Maintenance,0.745258
Mana,0.72639
March,0.148211
Marin,0.620092
Martini,0.72639
Massimo,0.72639
McCormick,0.620092
Members,0.482398
Missiles,0.72639
Molinari,0.72639
Moments,0.604394
Monday,0.141728
Monk,0.72639
Moscone,0.72639
Mrs,0.127767
National,0.200442
Nations,0.339671
Navy,0.388889
Nazi,0.72639
New,0.0644057
Norman,0.27495
Now,0.15494
Oct,0.360401
October,0.289038
Ohio,0.289038
Olney,0.72639
On,0.0815904
Other,0.169211
P,0.195493
Perasso,0.72639
Pesce,0.735824
Petrini,0.72639
Pierce,0.533031
Pilots,0.604394
Place,0.296545
Point,0.360401
Polaris,0.604394
Quaker,0.482398
R,0.199131
Ralph,0.321127
Ratto,0.72639
Reed,0.72639
Reichenberg,0.735824
Reilly,0.72639
Reyes,0.72639
Rogers,0.604394
Russia,0.304352
S,0.0932158
San,0.325298
Sanctuary,0.604394
Sanitation,0.72639
Saturday,0.161933
Savings,0.482398
Scampini,0.72639
Schweitzer,0.735824
Senese,0.72639
Sept,0.383903
September,0.321127
Service,0.296545
Seventeen,0.72639
She,0.116408
Sherman,0.383903
Shore,0.533031
Slim,0.72639
Society,0.348494
Space,0.482398
Square,0.304352
Squeezed,0.72639
St,0.141728
Stein,0.722133
Stephen,0.360401
Sue,0.604394
Sunnyvale,0.745258
Supply,0.604394
The,0
There,0.0388438
They,0.0378604
This,0.0378604
To,0.105738
Tony,0.533031
Tuesday,0.159857
U,0.152954
UPI,0.482398
Under,0.249764
Union,0.265308
Using,0.604394
V,0.259495
Vast,0.604394
W,0.143545
War,0.289038
West,0.17138
When,0.0815904
Wild,0.482398
Wilderness,0.72639
Willy,0.72639
Wilmette,0.604394
World,0.227735
Wyoming,0.604394
``,0.078389
a,0
able,0.116408
abolish,0.443124
about,0.0121952
according,0.138945
account,0.190544
acquaintance,0.339671
acre,0.339671
across,0.174532
act,0.159857
added,0.105738
addition,0.199131
adequately,0.482398
adjust,0.533031
admitted,0.227735
aerial,0.539953
aeronautical,0.72639
affairs,0.241501
after,0.0216331
against,0.0644057
aged,0.339671
ago,0.0908559
agreement,0.282092
ailerons,0.72639
air,0.167042
airfield,0.72639
airstrip,0.72639
alive,0.238405
all,0.00584608
also,0.0179141
altho,0.604394
altitude,0.533031
amount,0.223329
amounts,0.482398
an,0
and,0
animals,0.339671
announced,0.123581
annual,0.13991
another,0.0685472
answer,0.167042
ant,0.482398
apparently,0.217675
appearances,0.289038
approximately,0.482398
are,0.00599597
area,0.167042
armed,0.227735
arrested,0.289038
arrive,0.27495
as,0
association,0.383804
at,0
attached,0.321127
attack,0.190544
attempted,0.261907
attempting,0.360401
attorney,0.285662
attorneys,0.482398
automatic,0.388889
aware,0.289038
away,0.100636
back,0.0450452
banked,0.604394
be,0
beautifully,0.443124
became,0.129427
because,0.0414161
been,0.00607092
before,0.0325656
begins,0.238405
believe,0.174532
below,0.201717
beneath,0.249764
big,0.133734
bill,0.199131
bills,0.289038
birds,0.300299
black,0.190544
blueberries,0.604394
board,0.158913
bolted,0.383903
bomb,0.42171
bomber,0.754691
bombs,0.482398
borer,0.72639
bottling,0.604394
bounced,0.482398
break,0.174532
breed,0.289038
buddies,0.72639
buddy,0.735824
bureau,0.482398
businesses,0.604394
busy,0.238405
but,0.00286191
by,0
called,0.0932158
cane,0.321127
cannot,0.133734
card,0.360401
cash,0.289038
cashed,0.72639
caused,0.208159
cent,0.261907
chairman,0.208159
challenging,0.604394
charging,0.443124
check,0.238405
checks,0.488662
chief,0.167042
chiefs,0.604394
children,0.112434
client,0.533031
climbed,0.339671
closely,0.27495
closer,0.241501
co,0.321127
cockpit,0.604394
collected,0.238405
commented,0.383903
committee,0.238405
company,0.133087
complacency,0.482398
complaint,0.321127
complete,0.174532
conducted,0.249764
connect,0.360401
conservation,0.72639
constantly,0.261907
consultant,0.494927
control,0.201717
controlled,0.383903
controls,0.533031
convention,0.533031
corps,0.339671
could,0.0309574
county,0.217675
cousin,0.339671
crack,0.321127
crashed,0.482398
creation,0.249764
credit,0.238405
crime,0.261907
crop,0.339671
crops,0.411034
cubic,0.488662
cut,0.133734
damage,0.339671
danger,0.201717
date,0.190544
deed,0.27495
defend,0.261907
delegates,0.539953
demonstrate,0.482398
deodorant,0.735824
depended,0.321127
desperate,0.249764
destroy,0.220502
detonation,0.539953
developed,0.249764
development,0.217675
did,0.0564042
director,0.230692
directors,0.411034
disclosed,0.292792
discovered,0.249764
discredited,0.604394
dive,0.482398
do,0.0313594
dominated,0.533031
done,0.105738
down,0.0571367
dread,0.249764
drew,0.199131
drivers,0.482398
dust,0.27495
each,0.0500169
earth,0.182356
edging,0.482398
efficient,0.482398
effort,0.159857
elected,0.27495
embezzlement,0.604394
embezzling,0.72639
employed,0.289038
encouraged,0.304352
end,0.0861622
endangering,0.604394
ending,0.249764
endorsed,0.604394
enemies,0.289038
engine,0.383903
engineer,0.482398
entered,0.199131
equipped,0.411034
errors,0.249764
especially,0.167042
estimated,0.272111
even,0.0694374
event,0.190544
exactly,0.190544
executive,0.304352
expenses,0.289038
experiments,0.533031
explosive,0.443124
factories,0.443124
failed,0.184724
faint,0.227735
fallout,0.604394
family,0.133734
famous,0.208159
far,0.0861622
farmers,0.482398
fast,0.152954
federal,0.282092
fee,0.321127
feel,0.127767
fees,0.488662
feet,0.141728
fell,0.159857
few,0.0956783
filed,0.383903
filled,0.208159
fire,0.146311
firm,0.147179
firms,0.360401
first,0.0181468
five,0.101943
flew,0.227735
flight,0.247693
flights,0.443124
flow,0.238405
fly,0.190544
for,0
forgetting,0.321127
formed,0.261907
formerly,0.27495
four,0.0611434
from,0
fuel,0.443124
fuselage,0.72639
gained,0.261907
gambling,0.443124
gang,0.448878
gangland,0.72639
gangsters,0.72639
get,0.0430297
ghastly,0.411034
gliders,0.72639
go,0.0685472
government,0.146311
grand,0.199131
grapes,0.383903
greater,0.159857
grisly,0.533031
guardians,0.411034
guidance,0.360401
h,0.488662
had,0.0126526
halt,0.360401
halted,0.411034
handed,0.199131
handing,0.533031
hands,0.152954
has,0
have,0.00906934
he,0.00697032
headquarters,0.339671
health,0.213565
held,0.0771344
here,0.0652422
him,0.0393354
his,0.00315925
historic,0.383903
home,0.0313594
hoodlum,0.72639
hoodlums,0.604394
hotel,0.292792
hundred,0.208159
hurtling,0.604394
identified,0.321127
imply,0.443124
in,0
including,0.15494
income,0.27495
increase,0.174532
incredible,0.339671
individual,0.190544
insects,0.482398
installed,0.482398
interest,0.13991
international,0.304352
interview,0.304352
into,0.0224546
invasion,0.383903
investigation,0.27495
inviolate,0.72639
involved,0.182356
is,0
issued,0.27495
it,0
its,0.0181468
janitor,0.72639
janitors,0.764125
jet,0.494927
jolt,0.604394
jury,0.31621
keep,0.152954
key,0.182356
knew,0.152954
labor,0.31621
land,0.179065
landed,0.27495
landing,0.344082
last,0.0246307
later,0.0969208
lawyers,0.383903
leader,0.208159
left,0.0861622
letter,0.227735
level,0.201717
liens,0.72639
like,0.0564042
liquor,0.369762
lists,0.383903
little,0.0815904
live,0.159857
lives,0.187092
living,0.208159
loaded,0.321127
loan,0.365082
loans,0.454633
local,0.146311
loss,0.199131
lucrative,0.72639
m,0.10325
machines,0.304352
made,0.0153755
make,0.0571367
makeshift,0.604394
making,0.0861622
man,0.0539004
managed,0.321127
maneuver,0.72639
manned,0.604394
march,0.261907
may,0.0525358
mechanic,0.533031
mechanism,0.533031
medical,0.304352
meet,0.105738
meeting,0.105738
meter,0.72639
micro,0.72639
microcurie,0.72639
middle,0.227735
might,0.0908559
minutes,0.148211
missile,0.507457
missiles,0.620092
missionary,0.533031
mistakes,0.383903
mob,0.383903
modern,0.208159
modified,0.533031
money,0.126749
month,0.110993
mortgage,0.533031
mortgages,0.604394
most,0.034375
my,0.0826501
myself,0.227735
named,0.190544
narrow,0.217675
national,0.167042
natural,0.253008
near,0.133734
need,0.100636
needed,0.127767
never,0.0920359
new,0.0117379
newer,0.482398
news,0.167042
next,0.0644057
no,0.00584608
normally,0.443124
not,0.00289908
nuclear,0.501192
number,0.105738
obligated,0.533031
occasionally,0.304352
occur,0.360401
of,0
off,0.0539004
offense,0.482398
office,0.133734
officers,0.182356
offices,0.289038
officially,0.482398
officials,0.265308
oil,0.289038
old,0.0532181
on,0
one,0
onetime,0.72639
only,0.0216331
operator,0.612243
or,0.0120428
ordinary,0.227735
ordination,0.604394
organization,0.249764
organized,0.360401
other,0.00599597
otherwise,0.230692
out,0
over,0.0151833
p,0.244597
paid,0.141728
parks,0.383903
part,0.0771344
partner,0.227735
pay,0.125165
payment,0.289038
payments,0.488662
payroll,0.546876
peace,0.190544
peck,0.72639
people,0.0652422
per,0.210862
persecution,0.482398
persons,0.146311
pesticides,0.72639
pier,0.443124
pilot,0.411034
pilots,0.494927
plague,0.27495
plane,0.383903
plant,0.238405
plants,0.227735
play,0.121996
played,0.174532
pledged,0.533031
point,0.127767
police,0.27495
pollution,0.539953
possibility,0.238405
possible,0.0969208
power,0.133734
practice,0.227735
prepared,0.182356
presentation,0.383903
preservation,0.604394
president,0.168161
pride,0.227735
private,0.159857
probably,0.152954
probing,0.72639
produce,0.238405
programs,0.388889
project,0.195493
promised,0.238405
property,0.210862
prosecutors,0.735824
pulse,0.344082
put,0.0908559
questioned,0.249764
questions,0.208159
quiet,0.195493
quoted,0.411034
racketeer,0.72639
radiation,0.735824
radioactive,0.72639
rally,0.443124
ranks,0.304352
ratification,0.604394
ratified,0.482398
reaches,0.411034
reading,0.230692
ready,0.133734
reason,0.152954
recalled,0.339671
received,0.127767
recorded,0.360401
release,0.321127
released,0.289038
remained,0.208159
repaid,0.411034
report,0.159857
reportedly,0.482398
reporters,0.533031
represented,0.321127
residential,0.533031
restrictions,0.482398
result,0.127767
rid,0.227735
roaring,0.339671
rocket,0.466143
rodents,0.72639
role,0.411034
rolled,0.304352
room,0.141728
run,0.0826501
runway,0.604394
s,0
said,0.0218692
salary,0.339671
salesman,0.482398
sanctuary,0.482398
sat,0.227735
satisfaction,0.261907
saying,0.159857
scientific,0.360401
scientist,0.416372
scrutiny,0.443124
sea,0.249764
seashore,0.533031
secret,0.182356
secretary,0.289038
serene,0.482398
serious,0.184724
service,0.127767
several,0.101943
shipping,0.443124
ships,0.339671
shortage,0.533031
should,0.0685472
signaled,0.72639
since,0.0532181
six,0.110993
skid,0.72639
skimmed,0.72639
sky,0.261907
slow,0.208159
slugger,0.604394
so,0.0393354
soaring,0.443124
sought,0.199131
south,0.27495
spare,0.27495
special,0.121996
speck,0.482398
speed,0.169211
spent,0.182356
spoken,0.227735
spokesman,0.365082
spraying,0.754691
started,0.13991
state,0.0908559
statement,0.199131
station,0.199131
stave,0.604394
steer,0.482398
steering,0.383903
stevedore,0.604394
streaked,0.533031
streamer,0.72639
striking,0.261907
strip,0.308305
stronger,0.208159
stupidity,0.383903
suburban,0.482398
success,0.249764
successful,0.199131
such,0.0414161
sugar,0.360401
suicide,0.411034
super,0.539953
supervise,0.72639
supplies,0.339671
supply,0.238405
support,0.152954
suppressed,0.360401
surfaces,0.533031
surprise,0.199131
syndicate,0.72639
system,0.182356
tail,0.27495
target,0.416372
tax,0.208159
taxi,0.533031
teamster,0.72639
teamsters,0.533031
technical,0.360401
technicians,0.482398
telling,0.238405
test,0.223329
testified,0.383903
than,0.0147989
that,0
the,0
their,0.00940944
them,0.0279633
themselves,0.141728
then,0.0468002
theologian,0.72639
there,0.0118904
therefore,0.193018
these,0.0644057
this,0.00599597
threatening,0.261907
three,0.0216331
through,0.0450452
tidelands,0.72639
time,0.0213593
to,0
today,0.125165
told,0.0801397
tomorrow,0.238405
took,0.0943958
total,0.152954
totaling,0.604394
touchdown,0.612243
tracing,0.604394
tract,0.443124
training,0.365082
treasurer,0.360401
try,0.152954
two,0.0118904
under,0.0348215
underbelly,0.72639
underwater,0.604394
undetermined,0.604394
union,0.307807
unions,0.539953
unknown,0.27495
until,0.123581
up,0.0181468
upon,0.121996
urging,0.339671
using,0.199131
valve,0.72639
vice,0.217675
victims,0.411034
violations,0.604394
volunteers,0.383903
waited,0.217675
war,0.213565
warehouseman,0.72639
warhead,0.72639
warrant,0.388889
was,0
watched,0.217675
water,0.176799
waterline,0.72639
way,0.0571367
we,0.0450452
weapons,0.333639
weather,0.217675
week,0.0571367
went,0.0771344
were,0.00629577
wetlands,0.72639
where,0.0462152
which,0.00315925
while,0.0525358
who,0
whose,0.116408
wide,0.13991
wife,0.100636
wildlife,0.604394
will,0
wings,0.261907
wisdom,0.238405
with,0
witness,0.249764
witnesses,0.357316
work,0.0611434
workers,0.308305
workmen,0.339671
world,0.0564042
would,0.0118904
wrecked,0.411034
wrote,0.210862
year,0.0249465
years,0.0283218
yesterday,0.122456
