A,0.00290394
About,0.17468
Adams,0.604907
Adamson,0.727007
Administration,0.344659
After,0.100722
Ala,0.489482
All,0.111087
America,0.21786
And,0.0695539
Ann,0.417071
April,0.227928
Arnold,0.411384
Arrington,0.727007
As,0.0772
Association,0.278988
Austin,0.360707
Bailey,0.604907
Bankers,0.482807
Belt,0.604907
Bert,0.604907
Bill,0.241906
Birmingham,0.4435
Both,0.153084
Bryan,0.604907
Buick,0.727007
Burke,0.482807
Business,0.384229
But,0.0256814
Cable,0.727007
Carl,0.4435
Carolyn,0.727007
Caron,0.727007
Carrel,0.727007
Carruthers,0.604907
Carty,0.727007
Cen,0.737058
Charles,0.21786
Chip,0.604907
Chrysler,0.727007
Cleaner,0.727007
Cliff,0.604907
Club,0.238607
Cluck,0.604907
Co,0.382259
Columbus,0.384229
Continental,0.4435
Corp,0.4435
Cotton,0.55561
County,0.248504
Crozier,0.727007
Dallas,0.547879
David,0.256888
Davis,0.360707
Dean,0.384229
Deloris,0.727007
Delta,0.4435
Distributive,0.727007
E,0.164416
Earl,0.411384
Eaton,0.737058
Edna,0.727007
Education,0.3214
Eppler,0.727007
Etter,0.737058
Executives,0.727007
Factories,0.604907
Factory,0.727007
Fair,0.33996
February,0.289283
Federal,0.304611
Fil,0.727007
First,0.167183
Flanagan,0.727007
Foods,0.797363
For,0.0909331
Freeman,0.482807
French,0.208335
Frito,0.737058
G,0.231079
Ga,0.604907
Gary,0.533484
Gerald,0.61327
Gin,0.646721
Ginner,0.727007
Ginning,0.727007
Gordin,0.747109
Guerin,0.737058
H,0.220871
Hammond,0.727007
Hardwicke,0.737058
Hayes,0.604907
He,0.0148115
Headquarters,0.604907
Hillcrest,0.727007
Hinckley,0.727007
Hotel,0.275184
Housing,0.604907
Houston,0.411384
However,0.167183
I,0.0148115
In,0.00585588
Inc,0.449631
Indeed,0.208335
Investors,0.533484
Isodine,0.727007
It,0.0120727
James,0.146436
Janice,0.727007
January,0.289283
Jefferson,0.533484
John,0.0728503
Johnny,0.360707
June,0.289283
Kaminsky,0.727007
Kennedy,0.227928
Kestner,0.727007
Lawrence,0.289283
Lay,0.384229
Letters,0.411384
Lint,0.727007
Lloyd,0.411384
Lubbock,0.604907
Lummus,0.727007
March,0.158582
Mary,0.208335
McLauchlin,0.727007
Mercury,0.727007
Mike,0.604907
Milton,0.411384
Mississippi,0.360707
Mitchell,0.489482
Moore,0.482807
More,0.17951
Mortgage,0.727007
Morton,0.468257
Moss,0.533484
Murray,0.489482
N,0.182511
Nancy,0.482807
Neal,0.727007
New,0.0662428
North,0.1552
Now,0.1552
Oak,0.4435
On,0.0827887
Only,0.190705
Owens,0.727007
Page,0.533484
Paschall,0.727007
Patricia,0.411384
Paulah,0.727007
Pharmical,0.727007
Potter,0.727007
Prattville,0.727007
Presently,0.33996
Principal,0.533484
Probably,0.4435
R,0.1993
Raymond,0.411384
Registrations,0.727007
Robert,0.227928
Ronald,0.604907
Ronnie,0.747109
Room,0.411384
Rylie,0.727007
S,0.0947045
Sales,0.727007
Sam,0.304611
Samuels,0.727007
Satterfield,0.727007
Seagoville,0.727007
Second,0.33996
Service,0.289283
Sharon,0.604907
Shay,0.727007
Sheraton,0.482807
Sherman,0.389541
So,0.127876
Some,0.1221
South,0.182511
Southeastern,0.727007
Stacy,0.727007
Stallard,0.727007
State,0.133848
Stephenson,0.604907
Stone,0.384229
Sunset,0.4435
Supply,0.61327
Swiss,0.482807
Switzerland,0.533484
System,0.533484
T,0.256888
Tech,0.4435
Tennial,0.737058
Terral,0.727007
Texas,0.276625
The,0
There,0.0378925
They,0.0405118
This,0.0384164
Thomas,0.262129
Thompson,0.411384
Those,0.167183
Thursday,0.238607
Tommie,0.727007
Totaling,0.727007
Trigg,0.727007
Tuesday,0.159993
Turner,0.533484
U,0.157316
Unit,0.727007
W,0.145837
We,0.0909331
Weaver,0.533484
Wednesday,0.1993
Whitney,0.727007
William,0.118118
Wilson,0.411384
With,0.116507
Wolverton,0.727007
Woodrow,0.727007
York,0.169495
``,0.0645866
a,0
abilities,0.411384
able,0.116507
about,0.0123975
above,0.182511
acceptance,0.289283
acre,0.33996
acting,0.275184
address,0.238607
administration,0.3214
afternoon,0.167183
again,0.105828
age,0.146436
ago,0.0909331
agreement,0.275184
all,0.00641485
allotted,0.533484
allotting,0.727007
almost,0.112623
along,0.0862354
also,0.0189208
an,0
and,0
annual,0.140029
another,0.0686054
answer,0.167183
anticipated,0.3214
anyone,0.238607
anything,0.208335
anywhere,0.253432
are,0.00641485
area,0.169495
areas,0.289283
argument,0.208335
around,0.100722
as,0
assumption,0.482807
at,0
auto,0.482807
avid,0.727007
back,0.0457067
bank,0.211216
bankers,0.417071
banquet,0.360707
based,0.304611
bases,0.384229
basis,0.249976
be,0
bearings,0.482807
because,0.0420244
been,0.00609544
before,0.0309837
began,0.11607
behind,0.182511
being,0.0604108
believes,0.262129
belt,0.360707
belting,0.727007
bid,0.211216
big,0.133848
boil,0.384229
boiling,0.3214
boost,0.4435
both,0.0414513
building,0.167183
burr,0.604907
business,0.0957595
but,0.00290394
buy,0.202055
buyers,0.533484
by,0
cable,0.482807
came,0.0793345
can,0.0250085
car,0.220871
careers,0.482807
cars,0.260344
case,0.100722
cases,0.227928
caught,0.17468
cent,0.287497
center,0.249976
central,0.275184
characterized,0.604907
chip,0.43982
circulating,0.482807
circumstances,0.265753
claim,0.278988
classroom,0.727007
cleaner,0.533484
cleaners,0.61327
cleaning,0.548234
closely,0.278988
club,0.1993
coast,0.308822
coincidence,0.533484
combination,0.394853
combined,0.249976
coming,0.135698
community,0.275184
compacts,0.604907
companies,0.269377
company,0.127164
compared,0.238607
comparison,0.304611
competitive,0.533484
complete,0.181925
complex,0.411384
confident,0.262129
confirmation,0.360707
considered,0.190705
contain,0.304611
continue,0.182511
convenience,0.3214
core,0.384229
corn,0.3214
costs,0.3214
cotton,0.405588
could,0.0309837
counted,0.384229
counter,0.360707
countries,0.249976
country,0.1221
county,0.21786
cracked,0.4435
customers,0.428445
daily,0.190705
date,0.190705
days,0.0970834
deal,0.231079
dealers,0.4435
decline,0.249976
deep,0.190705
delivered,0.227928
demand,0.220871
depending,0.33996
depression,0.384229
designed,0.208335
did,0.0564521
distribute,0.482807
distribution,0.422758
district,0.249976
dividend,0.604907
do,0.031412
doldrums,0.727007
dollars,0.344659
domestic,0.365694
done,0.105828
doors,0.227928
driers,0.747109
driving,0.182511
drying,0.737058
during,0.0839176
dynamic,0.540859
each,0.0487921
earlier,0.1993
early,0.0816598
earnings,0.496157
easy,0.208335
echelon,0.727007
economy,0.384229
educational,0.4435
effect,0.140029
effective,0.262129
employees,0.4435
employes,0.417071
employment,0.275184
employs,0.548234
encouraging,0.304611
ended,0.1993
enough,0.111087
equal,0.249976
equipment,0.350934
estate,0.1993
estimated,0.262129
etc,0.411384
even,0.0695539
every,0.1221
everyone,0.384229
except,0.167183
executives,0.727007
exhibit,0.411384
exhibition,0.365694
expanded,0.384229
expected,0.105828
expense,0.262129
explaining,0.4435
export,0.737058
extraction,0.727007
extractors,0.727007
face,0.105828
facilities,0.389541
fact,0.153084
factory,0.449631
fancy,0.262129
fast,0.153084
feel,0.127876
few,0.0984073
fields,0.262129
find,0.127876
fire,0.146436
firm,0.149709
firms,0.390628
first,0.0196644
fittest,0.482807
flavor,0.4435
follows,0.262129
foods,0.604907
for,0
foreign,0.185034
found,0.0921903
fringe,0.4435
from,0
full,0.105828
gain,0.238607
gains,0.33996
general,0.111087
get,0.0425974
gin,0.55623
ginning,0.75716
gins,0.482807
go,0.0686054
going,0.0957595
good,0.0644605
got,0.0738574
grab,0.533484
grounds,0.275184
group,0.111087
growing,0.202055
grown,0.249976
growth,0.282792
had,0.0127224
handles,0.384229
happened,0.21786
hardly,0.153084
hardware,0.533484
harvesting,0.482807
has,0
have,0.00958214
having,0.167183
he,0.00585588
headed,0.190705
headquartered,0.727007
headquarters,0.33996
heaters,0.727007
held,0.0772
here,0.0689162
high,0.0450835
higher,0.169495
his,0.00286434
history,0.162204
hit,0.146436
home,0.0309837
honored,0.365694
hot,0.198615
hottest,0.604907
housing,0.365694
how,0.0772
if,0.0378925
in,0
includes,0.4435
including,0.153084
increase,0.177095
industry,0.2638
inquiries,0.33996
instruction,0.384229
into,0.0211034
investment,0.43982
investors,0.533484
is,0
issue,0.186755
it,0
its,0.0189208
job,0.21786
jobs,0.304611
joint,0.289283
jumped,0.262129
juniors,0.604907
just,0.0772
kinds,0.3214
knew,0.153084
known,0.162204
laboratory,0.604907
large,0.107291
largely,0.289283
larger,0.21786
last,0.0256814
late,0.111087
lately,0.275184
lay,0.167183
learned,0.208335
led,0.116507
let,0.146436
level,0.1993
like,0.0572326
line,0.164416
list,0.1993
little,0.0816598
local,0.146436
located,0.496157
long,0.0572326
looking,0.182511
lower,0.21786
lucky,0.304611
m,0.100722
machinery,0.377559
made,0.0150163
maintain,0.33996
make,0.058013
maker,0.308822
makers,0.482807
makes,0.203888
making,0.0874276
management,0.289283
manager,0.249976
managing,0.384229
manufacturer,0.4435
manufacturing,0.455763
many,0.0603543
mark,0.208335
market,0.231377
marketing,0.604907
may,0.0525805
meaning,0.21786
measure,0.208335
mechanical,0.4435
meeting,0.105828
members,0.105828
men,0.0793345
merger,0.604907
mergers,0.604907
mill,0.417071
million,0.182511
millions,0.275184
mind,0.182511
models,0.61327
modern,0.211216
moment,0.190705
month,0.111087
months,0.108754
more,0.00921979
morning,0.153084
moved,0.17468
must,0.0816598
nation,0.214096
national,0.171806
need,0.100722
neighborhood,0.533484
new,0.0122351
newest,0.384229
newspapers,0.33996
next,0.0644605
no,0.00593573
north,0.238607
not,0.00302274
number,0.105828
o,0.182511
occupied,0.3214
of,0
off,0.0525805
offer,0.167183
offering,0.275184
office,0.135698
offices,0.289283
oil,0.293283
on,0
one,0
ones,0.167183
only,0.0219786
operation,0.193342
operations,0.363459
optimism,0.533484
optimistic,0.533484
or,0.0119103
originated,0.4435
other,0.00577603
others,0.133848
out,0
outstanding,0.4435
over,0.0160401
overhead,0.360707
owners,0.275184
p,0.238607
part,0.0782672
participating,0.4435
particularly,0.1993
partner,0.227928
parts,0.1993
past,0.0644605
people,0.0653516
per,0.222737
percentage,0.533484
pickup,0.604907
piping,0.4435
plant,0.241906
pleased,0.238607
plus,0.304611
population,0.289283
possible,0.0957595
potato,0.509506
pound,0.3214
practical,0.33996
present,0.0909331
president,0.159993
previous,0.208335
price,0.339173
priced,0.548234
prices,0.275184
problem,0.190705
processing,0.489482
product,0.304611
production,0.3214
program,0.169495
project,0.190705
prominent,0.384229
prompt,0.360707
proposals,0.293283
proved,0.227928
provide,0.162204
proximity,0.482807
public,0.104899
publicly,0.360707
purchased,0.3214
put,0.0909331
qualify,0.533484
quarter,0.243684
quoted,0.417071
rather,0.118118
ratios,0.727007
reaching,0.262129
realizing,0.4435
reams,0.727007
reasons,0.17468
recent,0.159993
recently,0.21786
recession,0.533484
recovering,0.3214
regularly,0.384229
remain,0.21786
renewal,0.411384
reports,0.227928
reserved,0.304611
resistant,0.727007
result,0.13318
retirement,0.384229
right,0.0862354
roughly,0.3214
run,0.0827887
s,0
safe,0.21786
said,0.0181772
sale,0.3214
sales,0.3383
salesmanship,0.727007
saws,0.489482
schedules,0.533484
schools,0.21786
season,0.159993
second,0.0957595
seed,0.360707
seeking,0.249976
segment,0.604907
sell,0.214096
selling,0.344659
sells,0.489482
seniors,0.604907
separators,0.727007
service,0.127876
several,0.100722
share,0.154533
shares,0.504813
showed,0.275184
signs,0.262129
since,0.0540343
site,0.411384
sizable,0.604907
slight,0.253432
smaller,0.289283
so,0.0378925
sold,0.237381
some,0.0243356
somehow,0.275184
soon,0.140029
standard,0.308822
stands,0.1993
started,0.145837
stated,0.33996
states,0.265753
stock,0.30527
stocks,0.301281
strong,0.146436
students,0.308822
subscribe,0.4435
successful,0.1993
such,0.0420244
suddenly,0.208335
supplement,0.533484
supplies,0.354059
survival,0.533484
sweeping,0.3214
system,0.185034
taken,0.0909331
taking,0.1221
tax,0.208335
th,0.167183
than,0.0164496
that,0
the,0
their,0.00921979
them,0.0276283
themselves,0.141965
there,0.0119103
these,0.0653516
they,0.00318113
thing,0.1221
things,0.159993
third,0.102114
this,0.00625515
those,0.0554881
thought,0.140029
three,0.0213951
time,0.0213951
times,0.133848
to,0
today,0.123788
tons,0.604907
top,0.118118
total,0.159433
trade,0.238607
trading,0.389541
translated,0.4435
tremendous,0.275184
trend,0.482807
turn,0.116507
turns,0.265753
two,0.0117479
under,0.0344042
underwriter,0.604907
underwriters,0.604907
underwriting,0.727007
unit,0.384229
until,0.123788
up,0.0194166
ups,0.533484
upward,0.384229
urban,0.482807
used,0.111087
valued,0.325843
ve,0.177095
very,0.0957595
vice,0.21786
wanted,0.146436
wanting,0.289283
was,0
week,0.058013
weeks,0.153084
weighs,0.482807
well,0.0525805
were,0.00617529
what,0.031412
which,0.00298314
who,0
why,0.146436
wide,0.141965
will,0
winds,0.3214
with,0
work,0.0604108
world,0.0572326
worth,0.140029
would,0.0119103
year,0.0283729
years,0.0283922
yield,0.308822
youngsters,0.482807
