A,0.00290109
AP,0.427626
Aj,0.344321
Alfred,0.416661
All,0.111032
Although,0.261999
Alto,0.726645
Ambassador,0.411179
America,0.217751
American,0.131221
Analysts,0.726645
And,0.0685712
Anderson,0.443279
Another,0.174593
Answer,0.33979
Any,0.275047
Army,0.249852
As,0.0781903
Assn,0.736334
Associated,0.604606
At,0.0685712
B,0.198235
Bad,0.360528
Baltimore,0.422143
Bank,0.394279
Bankers,0.482567
Barbara,0.411179
Bell,0.443279
Berlin,0.33979
Beryl,0.726645
Beverly,0.533218
Board,0.289139
Bradford,0.533218
But,0.0243235
C,0.137349
California,0.365335
Camera,0.726645
Castro,0.443279
Center,0.394279
Central,0.272479
Chairman,0.33979
Chemical,0.726645
Chesapeake,0.540327
Chicago,0.304459
City,0.13996
Clay,0.411179
Co,0.353382
Coast,0.32124
Commerce,0.384038
Commission,0.384038
Consumer,0.604606
Corp,0.443279
Creations,0.604606
Cuban,0.384038
Danger,0.604606
Dillon,0.612668
Diversified,0.746022
Douglas,0.384038
Dow,0.736334
Doyle,0.726645
Draper,0.746022
Due,0.533218
E,0.159913
Election,0.482567
Electronics,0.726645
Exchange,0.540327
Expect,0.533218
Fairchild,0.726645
Feb,0.32124
Federal,0.308519
First,0.1671
Foil,0.604606
Fund,0.50187
Fundamental,0.726645
G,0.227815
Gains,0.726645
Gaither,0.726645
Gen,0.360528
German,0.304459
Germany,0.33979
Growth,0.736334
Gulf,0.449189
H,0.217751
Harris,0.360528
Hayes,0.612668
He,0.0159885
Hills,0.443279
Housing,0.612668
Howard,0.308519
Howell,0.726645
However,0.1671
I,0.0159885
ICC,0.726645
In,0.00585013
Increase,0.533218
Interstate,0.604606
Investment,0.736334
Investors,0.533218
It,0.0118986
Its,0.32124
J,0.162045
Japan,0.443279
Japanese,0.443279
Jersey,0.411179
John,0.072814
Jones,0.292995
Jr,0.208232
June,0.29685
Kawecki,0.726645
Kennedy,0.227815
L,0.208232
Leaders,0.726645
Look,0.217751
March,0.148314
Marketing,0.726645
Maybe,0.411179
Monday,0.145558
Moscow,0.411179
N,0.18242
National,0.193152
New,0.0695826
Nothing,0.199201
O,0.183905
Oct,0.360528
Of,0.133781
Ohio,0.30456
Oil,0.495435
On,0.0816191
Other,0.1671
P,0.19061
Pacific,0.384038
Palo,0.726645
Perlman,0.746022
Peter,0.289139
Peterson,0.62879
Phelan,0.726645
President,0.19061
Press,0.443279
Question,0.411179
Railroad,0.495435
Railroads,0.604606
Rather,0.32124
Read,0.33979
Republic,0.411179
Reserve,0.736334
Round,0.289139
Russia,0.304459
S,0.0920997
Sacrifices,0.726645
Santa,0.360528
Savings,0.482567
Secretary,0.278714
Simpson,0.411179
Some,0.122039
Something,0.238489
Sprinkel,0.746022
Starts,0.726645
Stock,0.636852
Streeters,0.726645
Taylor,0.394279
Teleprompter,0.726645
Television,0.726645
That,0.096988
The,0
Thesis,0.726645
They,0.0378737
This,0.0383786
Thomas,0.261999
Trading,0.726645
Treasury,0.489001
Trust,0.411179
Tuesday,0.17697
Tuohy,0.726645
U,0.155048
UPI,0.489001
Under,0.253183
Union,0.268985
Volume,0.489001
W,0.13996
Wall,0.443279
Walter,0.384038
Washington,0.159128
We,0.0920997
West,0.1671
While,0.127812
Why,0.174593
William,0.116449
With,0.116449
Write,0.482567
York,0.17824
``,0.0813127
a,0
able,0.116449
abortive,0.533218
about,0.0125248
abrupt,0.384038
accompanied,0.289139
according,0.133781
account,0.19061
accounts,0.32124
acting,0.275047
action,0.13996
active,0.275047
activity,0.304459
address,0.238489
administration,0.32124
advance,0.253183
advanced,0.253183
advantage,0.201857
adverse,0.443279
advertising,0.360528
afternoon,0.1671
aggressively,0.533218
ago,0.0908878
aid,0.18242
all,0.0059271
also,0.0186372
alter,0.289139
am,0.141826
among,0.105775
amount,0.217751
an,0
and,0
announced,0.122039
annual,0.13996
answer,0.1671
any,0.0393886
appear,0.199201
appropriations,0.726645
are,0.00608105
around,0.102014
as,0
asked,0.100672
at,0
attempts,0.275047
attending,0.261999
attorneys,0.482567
automatic,0.384038
autumn,0.289139
average,0.259846
averages,0.482567
away,0.100672
back,0.0456618
badly,0.304459
bank,0.222114
bankers,0.411179
bankruptcy,0.612668
based,0.304459
basically,0.533218
battle,0.238489
be,0
became,0.127812
because,0.0414307
become,0.116449
been,0.00600408
before,0.0313812
began,0.105775
beginning,0.18242
being,0.0603807
believe,0.176921
believes,0.261999
believing,0.304459
belong,0.261999
best,0.0816191
better,0.100672
between,0.0873417
billion,0.46101
bills,0.292995
blackmail,0.604606
bluntly,0.482567
borrowing,0.411179
both,0.0419831
bought,0.217751
brain,0.289139
brilliant,0.304459
bring,0.122039
budget,0.389158
builders,0.414761
building,0.1671
business,0.0957118
businessmen,0.604606
but,0.00309195
buy,0.201857
buying,0.411179
by,0
called,0.0908878
camera,0.62879
can,0.0252964
cannot,0.135565
capital,0.278714
carry,0.159913
case,0.102014
cash,0.289139
cautioned,0.612668
certainly,0.208232
change,0.159913
chief,0.1671
cited,0.365335
closing,0.304459
column,0.384038
combined,0.249852
come,0.0816191
coming,0.135565
common,0.171556
communism,0.726645
comparatively,0.360528
competition,0.449189
complaining,0.443279
complex,0.411179
condition,0.201857
conditions,0.289139
conferees,0.726645
conference,0.226461
consisted,0.384038
consolidation,0.604606
consumer,0.482567
continuation,0.533218
contributions,0.33979
control,0.201857
converted,0.411179
convertible,0.554546
corrected,0.384038
correctly,0.411179
cost,0.199201
costs,0.325523
could,0.0317941
country,0.122039
created,0.238489
creative,0.482567
cross,0.238489
current,0.230852
custodian,0.726645
cyclical,0.726645
danger,0.199201
dangers,0.360528
dares,0.33979
data,0.533218
day,0.0425355
days,0.0957118
deal,0.227815
debentures,0.775088
decisions,0.360528
declared,0.1671
declaring,0.32124
declined,0.292995
defense,0.33979
depression,0.389158
despite,0.261999
development,0.217751
dipped,0.411179
direct,0.217751
disclosed,0.289139
discrepancy,0.604606
dividends,0.612668
do,0.0317941
does,0.105775
don,0.159913
down,0.0579286
drastic,0.533218
drive,0.13996
due,0.204513
dull,0.217751
durable,0.384038
during,0.0816191
dwindled,0.604606
each,0.0487678
early,0.0816191
economic,0.334089
economist,0.612668
economy,0.40964
effect,0.143692
effective,0.261999
effectively,0.533218
electronic,0.612668
employment,0.275047
enjoyed,0.249852
envisioned,0.726645
equalizers,0.726645
erasing,0.726645
errors,0.256514
even,0.0694855
evidence,0.19061
examination,0.32124
examiner,0.726645
example,0.193152
excessive,0.360528
exchange,0.289139
executive,0.304459
expansion,0.348851
expected,0.108596
expenditures,0.726645
experience,0.238489
face,0.107186
faced,0.249852
facing,0.33979
fail,0.261999
fairly,0.292995
far,0.0861925
farm,0.261999
favor,0.275047
fear,0.193152
fellow,0.159913
felt,0.153007
financial,0.374949
finds,0.304459
firm,0.13996
firms,0.360528
flash,0.278714
for,0
forces,0.261999
forecasts,0.604606
foreign,0.18242
foreseeable,0.726645
former,0.111032
found,0.0908878
four,0.0603807
from,0
full,0.105775
fund,0.278714
funds,0.220654
future,0.150266
gain,0.241668
gained,0.261999
gather,0.304459
gauntlet,0.726645
general,0.111032
generally,0.1671
geometrically,0.726645
get,0.0430879
getting,0.155048
give,0.105775
given,0.0816191
go,0.0685712
goal,0.261999
gone,0.1671
good,0.0652874
goods,0.33979
got,0.072814
government,0.148314
great,0.0945233
greater,0.159913
greatest,0.199201
group,0.112512
growth,0.286048
had,0.011742
half,0.13996
hand,0.116449
handle,0.249852
handles,0.384038
has,0
have,0.00884873
he,0.006235
head,0.100672
headed,0.19061
hearing,0.171556
held,0.0771615
hemisphere,0.449189
here,0.0661464
heritage,0.533218
high,0.045061
highs,0.726645
his,0.00293926
historic,0.384038
holdings,0.726645
home,0.0309682
hoped,0.217751
housing,0.360528
how,0.080248
ideas,0.275047
if,0.0388836
immediate,0.18242
improvement,0.344321
improving,0.32124
in,0
inadequate,0.443279
inappropriate,0.533218
increase,0.176921
indicated,0.199201
industrial,0.449189
industrialist,0.726645
industry,0.266508
inflation,0.726645
inherent,0.482567
inquiries,0.33979
installed,0.482567
intentions,0.292995
interest,0.143692
international,0.308519
interview,0.304459
into,0.0219366
introduced,0.227815
investors,0.533218
invited,0.261999
irate,0.604606
is,0
issues,0.416661
it,0
its,0.0183983
jam,0.533218
judgment,0.304459
jump,0.304459
justify,0.33979
key,0.18242
kind,0.135565
know,0.0957118
labor,0.304459
largest,0.220654
last,0.0243235
late,0.112512
later,0.0957118
leaders,0.208232
learned,0.208232
least,0.122039
less,0.159913
lesson,0.304459
letters,0.220654
level,0.201857
levels,0.360528
liable,0.360528
lift,0.308519
like,0.056424
likely,0.208232
limited,0.241668
line,0.159913
list,0.199201
log,0.411179
longer,0.199201
look,0.148314
looked,0.227815
losses,0.384038
lost,0.133781
lower,0.220654
lows,0.726645
made,0.0150015
magnetic,0.482567
make,0.0571763
making,0.0861925
management,0.289139
manufacturer,0.443279
market,0.213785
marketed,0.726645
marketing,0.612668
may,0.0525543
meet,0.105775
membership,0.482567
mentioned,0.227815
merge,0.612668
merger,0.612668
million,0.199446
mistake,0.261999
mistakes,0.384038
moderate,0.275047
momentum,0.604606
monetary,0.726645
money,0.122039
month,0.111032
months,0.105775
more,0.00919802
most,0.0343871
move,0.148314
movement,0.275047
movements,0.360528
much,0.0685712
must,0.0848839
mutual,0.304459
my,0.0816191
narrowed,0.482567
national,0.1671
nationally,0.533218
nations,0.261999
nearing,0.411179
need,0.100672
needed,0.132925
needs,0.199201
neo,0.726645
never,0.0908878
new,0.012838
news,0.169328
next,0.0644283
nine,0.153007
no,0.0059271
non,0.304459
nor,0.13996
not,0.00309195
noted,0.289139
nothing,0.153007
now,0.0179204
number,0.107186
obviously,0.360528
odds,0.384038
of,0
offered,0.19061
offering,0.282381
often,0.13996
old,0.0525543
on,0
one,0
only,0.0216553
opened,0.174593
or,0.0120552
orders,0.249852
original,0.227815
other,0.00585013
our,0.0812768
out,0
outlook,0.411179
outright,0.443279
over,0.0150015
own,0.0873417
pace,0.217751
paid,0.13996
pan,0.344321
paper,0.227815
past,0.0644283
pattern,0.261999
paving,0.604606
peak,0.384038
people,0.0644283
percent,0.620729
period,0.1671
permit,0.253183
pessimism,0.604606
phases,0.604606
pivotal,0.726645
place,0.0908878
plan,0.146363
planning,0.289139
plus,0.304459
policies,0.443279
policy,0.227815
poll,0.411179
polled,0.604606
poor,0.174593
possibly,0.238489
posted,0.33979
precarious,0.726645
predicted,0.389158
premium,0.482567
present,0.0920997
presently,0.238489
president,0.172706
presumably,0.482567
previous,0.208232
prices,0.275047
probability,0.33979
processing,0.482567
product,0.312578
production,0.325523
products,0.360528
programmed,0.726645
promises,0.275047
proposed,0.18242
prospects,0.365335
public,0.100672
pushed,0.261999
qualify,0.533218
queries,0.604606
questionable,0.482567
railroad,0.416661
railroads,0.533218
raise,0.217751
rate,0.19061
rates,0.389158
rather,0.116449
re,0.119555
reach,0.18242
reaching,0.261999
ready,0.133781
reason,0.161168
reasons,0.174593
rebuffed,0.604606
recent,0.159913
recovery,0.38937
reforms,0.533218
refuted,0.612668
renewal,0.411179
renting,0.533218
reply,0.217751
reported,0.19061
represented,0.325523
request,0.19061
requests,0.384038
required,0.208232
research,0.33979
resistance,0.33979
respects,0.33979
restless,0.261999
result,0.127812
resulted,0.411179
resulting,0.443279
retire,0.360528
retrenching,0.604606
rid,0.227815
rise,0.176921
rising,0.199201
rose,0.199201
routine,0.384038
s,0
sacrifice,0.261999
said,0.0212655
sales,0.312578
same,0.0908878
sank,0.304459
satisfactorily,0.533218
saturation,0.726645
saw,0.122039
says,0.1671
second,0.0957118
securities,0.533218
security,0.275047
see,0.0644283
seems,0.18242
selects,0.533218
selling,0.33979
session,0.238489
severe,0.217751
share,0.146363
shareholder,0.726645
shareholders,0.736334
shares,0.484652
shelter,0.289139
short,0.150266
should,0.0713141
show,0.100672
sidelines,0.726645
similar,0.211008
since,0.0539557
situation,0.187284
situations,0.384038
slow,0.208232
snapback,0.726645
so,0.0383786
solid,0.238489
some,0.0249721
somewhat,0.227815
sooner,0.249852
speaker,0.304459
squared,0.411179
staged,0.482567
stagnationist,0.726645
standing,0.208232
start,0.133781
starts,0.275047
statement,0.199201
steady,0.249852
steel,0.304459
still,0.0771615
stimulation,0.726645
stockholder,0.726645
story,0.208232
strength,0.1671
strike,0.18242
strongly,0.275047
subordinated,0.604606
substantial,0.374949
successful,0.199201
successfully,0.33979
such,0.0414307
suggest,0.32124
summoned,0.304459
support,0.155048
surrender,0.33979
switch,0.533218
system,0.187284
t,0.0507185
taken,0.0908878
taking,0.122039
tape,0.533218
taxes,0.32124
technical,0.365335
technology,0.612668
tell,0.127812
temporary,0.304459
tend,0.289139
term,0.204513
testified,0.384038
than,0.0155937
that,0
the,0
their,0.00908159
themselves,0.13996
then,0.045061
there,0.0120552
thereafter,0.533218
these,0.0661464
thesis,0.604606
they,0.00297743
things,0.164177
third,0.100672
thirds,0.384038
this,0.00661988
thought,0.13996
threat,0.292995
threaten,0.304459
three,0.0210928
through,0.045061
throughout,0.18242
throw,0.19061
tighten,0.604606
time,0.0213741
to,0
today,0.122039
told,0.0781903
totaled,0.533218
touch,0.159913
tractor,0.533218
traded,0.482567
trading,0.384038
traditional,0.384038
tremendous,0.275047
tribute,0.289139
trying,0.19061
two,0.0122117
ultimate,0.33979
unable,0.304459
uncertain,0.304459
unconventional,0.604606
under,0.0343871
undertake,0.33979
underwriters,0.604606
unless,0.199201
unlikely,0.384038
unsatisfactory,0.604606
up,0.0179204
upon,0.122039
upturn,0.482567
urged,0.220654
us,0.162045
used,0.111032
usually,0.249852
venture,0.275047
very,0.0957118
view,0.1671
viewed,0.289139
viewing,0.384038
visited,0.261999
volume,0.278714
voting,0.443279
war,0.208232
warned,0.384038
was,0
wasn,0.304459
way,0.0586809
we,0.0510691
weaken,0.443279
week,0.056424
weekly,0.443279
weeks,0.153007
well,0.053255
were,0.00608105
what,0.0309682
when,0.0148041
which,0.00305377
who,0
whopping,0.726645
why,0.146363
will,0
wisdom,0.238489
with,0
within,0.129517
witness,0.249852
won,0.13996
words,0.174593
work,0.0611858
world,0.0571763
worse,0.174593
worst,0.217751
worth,0.13996
would,0.0125248
wrong,0.19061
wrote,0.208232
year,0.0252964
years,0.0279827
yield,0.304459
you,0.0816191
yourself,0.275047
