A,0.00303485
Adjusted,0.725845
Administration,0.339416
Agriculture,0.53263
Although,0.26171
Among,0.166916
Appeals,0.482035
April,0.241496
August,0.330191
Before,0.182219
Bob,0.304124
Case,0.410725
Central,0.26171
Charitable,0.725845
Circuit,0.482035
City,0.139805
Co,0.343572
Colorado,0.442791
Commerce,0.388312
Congress,0.304124
Consumer,0.60394
Corps,0.339416
Court,0.238818
D,0.159737
Day,0.1904
Dealers,0.725845
Denver,0.415755
Department,0.311571
Easter,0.36454
Ehlers,0.725845
Elburn,0.725845
Except,0.320886
Farm,0.442791
Farmers,0.74362
Federal,0.315295
Ferguson,0.725845
Fields,0.482035
For,0.0918994
Ford,0.36013
Government,0.322743
Gus,0.60394
Harvester,0.734732
High,0.176537
Hill,0.227564
Hiring,0.725845
Houtz,0.734732
I,0.01515
Ill,0.339416
In,0.00590802
International,0.324815
Iowa,0.53263
It,0.0120163
J,0.159737
Jack,0.1904
January,0.288821
John,0.0727338
July,0.268119
Keeler,0.734732
Kennedy,0.23035
Labor,0.304124
Last,0.227564
Louisiana,0.388312
Ltd,0.725845
March,0.149782
Mark,0.304124
Martin,0.292357
Massey,0.725845
Merritt,0.725845
More,0.174401
Motor,0.60394
Mr,0.130798
My,0.152839
Nearly,0.410725
Net,0.482035
Ninth,0.60394
North,0.152839
Not,0.208002
One,0.0956064
Page,0.53263
Paradoxically,0.60394
Peace,0.304124
Possible,0.725845
President,0.192732
Price,0.442791
R,0.201418
Requests,0.60394
Revenue,0.49384
S,0.093011
Security,0.442791
September,0.324815
Service,0.306504
Seven,0.304124
She,0.116321
Sioux,0.60394
Social,0.410725
Staiger,0.725845
State,0.133634
Such,0.182219
Supreme,0.383615
Tax,0.49384
The,0
This,0.0378319
Though,0.1904
Toronto,0.725845
Total,0.60394
Tractor,0.725845
Two,0.127671
U,0.152839
V,0.249576
Voters,0.725845
Washington,0.15471
We,0.0918994
With,0.11917
``,0.066961
a,0
aboard,0.383615
about,0.01216
above,0.195606
absorbed,0.36013
account,0.192732
acre,0.339416
acreage,0.734732
addition,0.198981
additional,0.217511
adjourning,0.725845
adjusted,0.60394
adjustment,0.725845
adopted,0.227564
advertising,0.36013
affects,0.482035
afford,0.26171
after,0.0213276
agency,0.383615
ago,0.0918994
aided,0.482035
aiding,0.53263
all,0.00590802
allowance,0.304124
allowances,0.415755
allowed,0.217511
allows,0.725845
almost,0.110909
alone,0.152839
also,0.0181198
amount,0.220174
an,0
and,0
announced,0.121905
another,0.0684957
any,0.0392217
appliances,0.734732
applied,0.264915
apply,0.264915
approval,0.320886
are,0.00661415
area,0.16896
areas,0.288821
aren,0.36013
around,0.100561
arrangement,0.339416
as,0
aside,0.208002
assets,0.725845
assured,0.288821
at,0
attachment,0.383615
authorized,0.487938
average,0.255688
averaging,0.734732
back,0.0455625
bars,0.339416
battered,0.53263
be,0
because,0.041385
before,0.0313129
behind,0.18445
being,0.0610527
believe,0.174401
below,0.201418
benefit,0.24406
benefits,0.442791
beyond,0.174401
bill,0.198981
billion,0.49701
boats,0.442791
bordering,0.383615
both,0.041385
brick,0.288821
briefs,0.725845
business,0.0979477
but,0.00289478
buy,0.201418
buying,0.420784
by,0
cadet,0.725845
called,0.0907877
calls,0.208002
can,0.0245942
cannot,0.133634
case,0.101792
cases,0.23035
cash,0.288821
certain,0.146201
chair,0.274744
challenges,0.60394
chart,0.442791
checked,0.383615
chemicals,0.725845
chiefly,0.288821
claim,0.274744
claimed,0.339416
claims,0.304124
clay,0.347728
client,0.53263
climbed,0.339416
climbing,0.304124
closer,0.238226
collected,0.238226
collects,0.482035
come,0.0815291
coming,0.133634
commenting,0.60394
community,0.274744
companies,0.268119
company,0.138325
comparable,0.482035
compared,0.238226
competitor,0.60394
computed,0.53263
connection,0.304124
conscious,0.288821
consecutive,0.388312
consumer,0.482035
containing,0.238226
contention,0.482035
contested,0.53263
contribution,0.36013
contributions,0.339416
controls,0.53263
corn,0.328744
corporate,0.53263
corporation,0.453634
corporations,0.60394
cost,0.198981
could,0.0316917
counties,0.339416
country,0.121905
course,0.121905
court,0.141517
coverage,0.725845
creating,0.36013
crop,0.343572
crops,0.410725
cut,0.133634
cutback,0.725845
daily,0.1904
date,0.192732
dates,0.383615
dealer,0.453634
dealers,0.480744
decision,0.178672
declare,0.320886
decline,0.249576
deducted,0.725845
deductibility,0.725845
deductible,0.53263
deduction,0.487938
deductions,0.734732
delivery,0.410725
demand,0.220174
demanding,0.383615
denied,0.249576
dense,0.383615
deny,0.217511
depletion,0.74362
designed,0.208002
did,0.0563618
disallowed,0.60394
discriminatory,0.725845
disposed,0.320886
distributions,0.725845
divulging,0.60394
does,0.105659
doing,0.174401
donor,0.725845
double,0.208002
down,0.0577421
dropped,0.182219
drought,0.482035
due,0.198981
during,0.0815291
each,0.048714
eager,0.227564
earlier,0.218473
early,0.0815291
earnings,0.482035
economic,0.320886
economists,0.725845
edged,0.383615
efficiently,0.725845
efforts,0.208002
eight,0.116321
employed,0.288821
employes,0.410725
enactment,0.482035
ended,0.198981
entirety,0.725845
entities,0.53263
entitled,0.383615
equal,0.249576
equipment,0.337639
especially,0.166916
establishing,0.410725
estimate,0.324815
estimated,0.26171
event,0.1904
exactly,0.1904
example,0.192732
exception,0.304124
exceptions,0.482035
excess,0.320886
excessive,0.36013
excise,0.60394
exempt,0.487938
expected,0.106953
expense,0.26171
expenses,0.288821
experiencing,0.60394
experts,0.482035
explain,0.26171
extends,0.53263
extra,0.304124
factors,0.410725
farm,0.312984
farmer,0.320886
farmers,0.511548
farms,0.442791
feed,0.274744
felt,0.152839
fertilizer,0.725845
few,0.0956064
figure,0.198981
figuring,0.725845
filing,0.442791
final,0.176537
finding,0.217511
finished,0.203854
firm,0.139805
for,0
forced,0.238226
forecast,0.53263
form,0.152839
four,0.0617912
fourth,0.182219
free,0.121905
freedom,0.238226
frequent,0.320886
from,0
full,0.105659
furnish,0.339416
gain,0.241143
gains,0.351884
gasoline,0.725845
generally,0.16896
get,0.0423985
getting,0.152839
given,0.0815291
good,0.0651454
grain,0.383615
gross,0.278108
ground,0.152839
group,0.110909
had,0.0118727
haggling,0.60394
hand,0.116321
handle,0.249576
hands,0.152839
harvesting,0.482035
has,0
have,0.0090431
he,0.00611986
held,0.0780203
help,0.146201
her,0.100289
high,0.0455625
higher,0.177135
highest,0.1904
him,0.0378319
his,0.00299983
hitch,0.53263
home,0.0309341
household,0.304124
however,0.106953
husband,0.182219
identity,0.53263
immediate,0.18445
immediately,0.182219
impact,0.482035
implements,0.453634
imposition,0.60394
improvement,0.339416
in,0
incentive,0.482035
inclined,0.274744
income,0.315114
increases,0.482035
incurred,0.482035
index,0.53263
indicated,0.198981
individual,0.1904
industries,0.725845
industry,0.252632
instance,0.274744
into,0.0215856
inventories,0.725845
invoices,0.725845
invoking,0.53263
involved,0.182219
is,0
issue,0.174401
it,0
its,0.0196542
itself,0.182219
job,0.217511
judgment,0.304124
just,0.0770765
keep,0.15471
kerosene,0.725845
kickbacks,0.725845
kicked,0.320886
lag,0.53263
lagged,0.60394
large,0.105659
last,0.0260817
late,0.110909
latter,0.217511
law,0.137051
legislation,0.324815
less,0.159737
level,0.198981
levels,0.36013
like,0.0563618
limited,0.238226
line,0.159737
lines,0.152839
liquidation,0.725845
liquidations,0.725845
live,0.159737
loans,0.442791
low,0.159737
lower,0.220174
lowest,0.274744
machine,0.383615
machinery,0.364352
machines,0.307848
made,0.0149689
major,0.198981
make,0.0563618
making,0.088206
manager,0.252632
manufacturers,0.459056
many,0.057052
market,0.208002
marketings,0.725845
material,0.288821
materials,0.343572
may,0.0550676
measure,0.215643
mid,0.328744
might,0.0907877
million,0.18445
mined,0.725845
mineral,0.448213
mining,0.482035
model,0.288821
money,0.121905
month,0.116341
months,0.106953
morality,0.36013
more,0.00936353
morning,0.152839
most,0.0347698
motion,0.249576
moving,0.208002
much,0.0684957
must,0.0825275
my,0.0815291
nation,0.208002
nearly,0.16896
need,0.100561
new,0.0125908
next,0.0643573
no,0.0058374
non,0.304124
not,0.00310488
notable,0.53263
note,0.198981
occupation,0.307848
of,0
officially,0.482035
officials,0.26171
oil,0.288821
old,0.0531392
older,0.249576
on,0
one,0
only,0.0210696
opposes,0.60394
or,0.0118727
order,0.116321
orders,0.249576
organization,0.249576
other,0.00619047
our,0.0780203
out,0
output,0.734732
over,0.0149689
owed,0.415755
own,0.0871517
owned,0.274744
owner,0.288821
pad,0.60394
parent,0.36013
part,0.0770765
particulars,0.320886
pass,0.166916
passed,0.18445
pay,0.12489
payment,0.292357
payments,0.499743
pension,0.545674
pensions,0.60394
people,0.0643573
per,0.208002
percentage,0.539152
percentages,0.725845
period,0.166916
permitted,0.227564
picker,0.725845
pickers,0.61873
pickup,0.611335
pipe,0.320886
pitfall,0.725845
plan,0.149782
planted,0.304124
point,0.127671
points,0.182219
portable,0.442791
possible,0.0956064
possibly,0.238226
pre,0.288821
precedent,0.36013
president,0.163649
price,0.324815
prices,0.281472
prior,0.442791
privileges,0.442791
probably,0.152839
producers,0.725845
production,0.320886
products,0.386589
profit,0.249576
profits,0.36013
program,0.171004
property,0.208002
prospects,0.36895
provide,0.159737
provided,0.227564
provides,0.36013
province,0.320886
provision,0.36013
public,0.100561
purchase,0.288821
purpose,0.174401
pushed,0.26171
pushing,0.339416
questioned,0.249576
railing,0.482035
range,0.264915
ranging,0.320886
rate,0.1904
rather,0.116321
raw,0.311571
re,0.116321
reach,0.182219
reached,0.166916
reaching,0.26171
reaction,0.383615
realized,0.383615
realty,0.60394
receipts,0.725845
received,0.137051
recent,0.159737
recipient,0.53263
record,0.178672
recovery,0.36013
reduced,0.252632
regarded,0.278108
rejected,0.26171
relations,0.1904
relatively,0.410725
relief,0.252632
removed,0.249576
report,0.163649
reported,0.192732
reports,0.227564
result,0.127671
resulted,0.415755
retail,0.74362
retain,0.304124
retirement,0.388312
return,0.141517
returns,0.383615
revenue,0.448213
revenuers,0.725845
review,0.339416
rise,0.176537
rising,0.201418
rose,0.201418
rule,0.18445
ruled,0.24406
ruling,0.328744
running,0.182219
rural,0.328744
s,0
said,0.0189966
sale,0.328744
sales,0.389775
say,0.106953
says,0.177135
score,0.26171
scrutiny,0.442791
seared,0.60394
seasonal,0.725845
seasonally,0.725845
sections,0.725845
see,0.0643573
sells,0.482035
separate,0.249576
serving,0.320886
set,0.0651454
seven,0.139805
sewer,0.53263
sharp,0.227564
shipments,0.60394
shipping,0.442791
shortages,0.725845
should,0.0684957
show,0.101792
showing,0.292357
shown,0.198981
significance,0.36013
signing,0.53263
similar,0.210549
since,0.0563532
sizable,0.60394
slash,0.53263
slightly,0.295894
so,0.0387584
softened,0.339416
sold,0.241496
some,0.0251892
sort,0.208002
special,0.12489
specified,0.53263
spend,0.208002
spending,0.304124
spouse,0.53263
spread,0.208002
start,0.133634
starting,0.274744
state,0.0952344
statement,0.198981
states,0.264915
status,0.339416
steep,0.249576
stemmed,0.725845
step,0.1904
stepped,0.288821
still,0.0780203
stocks,0.292357
stores,0.36013
stressed,0.487938
subject,0.208002
subsidiary,0.725845
subsidies,0.725845
substantiation,0.725845
such,0.0439188
supplies,0.339416
support,0.152839
supports,0.482035
supreme,0.339416
surge,0.442791
suspects,0.442791
t,0.048714
takes,0.174401
tax,0.258942
taxable,0.734732
taxed,0.487938
taxes,0.320886
taxpayer,0.611335
taxpayers,0.410725
tells,0.26171
tendency,0.339416
termination,0.482035
testified,0.383615
than,0.0167796
that,0
the,0
their,0.00925672
them,0.0279219
then,0.0450113
there,0.0117291
these,0.0651454
they,0.00299983
third,0.100561
this,0.0063317
those,0.0544248
though,0.146201
three,0.0215856
through,0.0450113
tickets,0.482035
tile,0.53263
tilts,0.725845
to,0
together,0.0907877
total,0.152839
tractors,0.74362
traded,0.482035
trailed,0.410725
transaction,0.53263
trucks,0.442791
turn,0.117745
two,0.0124472
type,0.26171
under,0.0372934
units,0.36013
up,0.0189966
upheld,0.383615
upshots,0.725845
upswing,0.725845
uptrend,0.725845
upturn,0.482035
use,0.0956064
using,0.198981
value,0.215643
ve,0.174401
vessel,0.339416
vice,0.222838
view,0.166916
viewed,0.288821
volume,0.274744
volunteers,0.383615
wanting,0.288821
warn,0.339416
was,0
we,0.0461137
weather,0.217511
week,0.0563618
weeks,0.152839
well,0.0531392
were,0.00611986
what,0.0313129
when,0.01515
where,0.0450113
which,0.00292979
who,0
wholly,0.26171
widespread,0.482035
wife,0.103024
will,0
win,0.238226
winter,0.208002
with,0
within,0.127671
without,0.0610527
worth,0.139805
would,0.0120163
yardstick,0.725845
year,0.0314369
years,0.0279219
yields,0.442791
