A,0.00295715
Abell,0.728159
Academy,0.451036
Add,0.384838
Afro,0.728159
After,0.100881
Air,0.321909
Aj,0.340498
Alexander,0.412035
America,0.221562
Among,0.167448
An,0.153326
And,0.0708284
Anderson,0.451036
Angeles,0.321909
Anywhere,0.605866
April,0.228289
Are,0.208665
Arrow,0.605866
Arts,0.361279
As,0.0773223
Associations,0.728159
Atlee,0.728159
Auntie,0.605866
Austin,0.361279
Award,0.615187
B,0.193946
Back,0.361279
Bake,0.615187
Balenciaga,0.728159
Ballroom,0.728159
Bel,0.605866
Beneficiary,0.728159
Birmingham,0.444203
Black,0.340498
Both,0.153326
Boys,0.483572
Brassbound,0.728159
Broadway,0.412035
Byer,0.728159
C,0.13406
Cabot,0.728159
Cadillac,0.728159
California,0.361279
Called,0.605866
Camille,0.534329
Campobello,0.728159
Cancer,0.483572
Captain,0.340498
Ceil,0.728159
Center,0.4026
Cerebral,0.728159
Chapman,0.483572
Chicken,0.739362
Children,0.289742
Chips,0.728159
Chisholm,0.615187
Christian,0.218205
Chromspun,0.728159
Clement,0.605866
Clubs,0.605866
Colorful,0.728159
Committee,0.218205
Company,0.340498
Composite,0.750564
Contemporary,0.728159
Conversion,0.605866
Corporation,0.605866
County,0.238985
Coward,0.483572
Crippled,0.728159
Cuban,0.384838
Curie,0.728159
D,0.160246
Dallas,0.456408
Daniel,0.483572
Danish,0.483572
Darrow,0.728159
Days,0.418374
Decorating,0.728159
Design,0.605866
Dignity,0.605866
Dining,0.534329
Dior,0.728159
Dip,0.728159
Down,0.27562
Drexel,0.624508
E,0.162711
Eastman,0.728159
Eleanor,0.483572
End,0.321909
England,0.208665
Europe,0.250372
European,0.361279
Everywhere,0.534329
Exposition,0.605866
F,0.185612
Fanning,0.534329
Ferdinando,0.605866
Fine,0.384838
Fogelson,0.728159
Forsythe,0.728159
Four,0.238985
France,0.266584
Friday,0.174957
G,0.231801
Galveston,0.605866
Gander,0.728159
Garson,0.671113
George,0.174957
Gerald,0.605866
Ginghams,0.728159
Go,0.228289
Golden,0.412035
Goodbye,0.728159
Gov,0.384838
Grand,0.321909
Greer,0.772969
Grenoble,0.728159
Guests,0.444203
H,0.221562
Hall,0.262545
Harris,0.361279
Harry,0.309787
Harvest,0.605866
Hat,0.605866
He,0.0152914
Helen,0.444203
Henry,0.208665
Her,0.175177
Here,0.174957
Heritage,0.750564
Hockaday,0.728159
Hollywood,0.483572
Honors,0.483572
Hotel,0.27562
I,0.0157479
In,0.00587418
Inn,0.340498
Invitations,0.728159
Ireland,0.321909
Irene,0.728159
Irish,0.321909
Isles,0.444203
It,0.0121285
Jack,0.191008
Jamaica,0.483572
James,0.146668
Joe,0.289742
Jones,0.289742
Just,0.191008
Kerrville,0.728159
King,0.228289
Kiowa,0.728159
Las,0.728159
Last,0.228289
Laughlin,0.605866
Lawrence,0.289742
Leave,0.321909
Lodge,0.340498
London,0.235314
Los,0.321909
Louis,0.262545
Macassar,0.728159
Madame,0.491012
Mame,0.728159
Marcus,0.505891
Mayer,0.605866
McElvaney,0.728159
McElyee,0.728159
McKee,0.739362
Mellow,0.728159
Members,0.483572
Messrs,0.534329
Mexico,0.372395
Mineral,0.728159
Miniver,0.728159
Miss,0.208829
Mmes,0.624508
Morocco,0.534329
Mostly,0.728159
Mr,0.130049
Mrs,0.13399
Museum,0.384838
Music,0.361279
Neiman,0.624508
New,0.0665491
Noel,0.728159
Norell,0.739362
Norman,0.27562
Occasionally,0.605866
October,0.289742
Of,0.13406
Old,0.202687
Once,0.199616
Orchestra,0.534329
Oriental,0.542549
Orkney,0.728159
Oscar,0.534329
Other,0.167448
P,0.191008
Palsy,0.728159
Paris,0.289742
Pecos,0.728159
Perennian,0.739362
Phil,0.483572
Philippine,0.605866
Place,0.289742
Pontiac,0.728159
Prejudice,0.728159
Pretty,0.305093
Price,0.444203
Pride,0.483572
R,0.199616
Ramsey,0.661792
Random,0.728159
Reared,0.605866
Repertory,0.728159
Roger,0.412035
Rolnick,0.739362
Roosevelt,0.534329
Roquemore,0.739362
Rose,0.321909
Rounded,0.605866
Roy,0.483572
SMU,0.55899
Saga,0.728159
Saledo,0.750564
Salt,0.444203
Sam,0.305093
Sanger,0.728159
Sarmi,0.728159
Scandinavian,0.534329
Schmalzried,0.728159
School,0.208665
Scotch,0.361279
Scotchgard,0.728159
See,0.228289
Serve,0.605866
Serving,0.605866
She,0.131054
Sheraton,0.483572
Shreveport,0.605866
Smith,0.218205
So,0.130049
Society,0.340498
Somewhere,0.534329
Southwestern,0.605866
Sprinkle,0.534329
St,0.140251
Stagecoach,0.739362
Stanley,0.605866
Stay,0.340498
Stetsons,0.728159
Student,0.444203
Studio,0.728159
Sunrise,0.483572
Sydney,0.483572
Symphony,0.483572
Tech,0.444203
Tell,0.228289
Texas,0.266584
That,0.0959112
The,0
Theater,0.491012
Their,0.160246
There,0.0379526
Therefore,0.262545
These,0.153326
They,0.0379526
This,0.0379526
Thompson,0.412035
Though,0.191008
Tibetan,0.728159
Titche,0.728159
To,0.107627
Trail,0.615187
Treatment,0.728159
Truman,0.483572
Tuberculosis,0.728159
Tuesday,0.160246
Tussard,0.728159
Two,0.128079
Unfortunately,0.483572
University,0.202687
Use,0.534329
Vagabonds,0.728159
Vegas,0.605866
Vivier,0.728159
W,0.142409
Walnut,0.605866
Washington,0.153326
Waxworks,0.728159
Wednesday,0.199616
Wells,0.483572
West,0.167448
What,0.126056
While,0.128079
Women,0.289742
Wragge,0.728159
``,0.0828473
a,0
about,0.0119475
acacia,0.624508
accessories,0.605866
acres,0.412035
acting,0.27562
active,0.27562
activities,0.361279
actress,0.534329
actually,0.218205
adept,0.728159
adjoining,0.361279
advertising,0.361279
after,0.0211368
again,0.105996
aiding,0.534329
air,0.167448
all,0.00614119
alone,0.153326
along,0.0877008
also,0.018234
an,0
and,0
annual,0.140251
any,0.0397042
apartment,0.262545
appeared,0.191008
appreciate,0.340498
approach,0.224919
apt,0.305093
archaeology,0.728159
arched,0.451036
arches,0.361279
are,0.00712022
area,0.167448
aren,0.361279
around,0.100881
art,0.1828
as,0
aspects,0.384838
assembled,0.305093
assignment,0.483572
at,0
athlete,0.444203
athletes,0.534329
attire,0.483572
attractive,0.361279
avant,0.728159
avoids,0.534329
award,0.390759
away,0.100881
back,0.0472389
baked,0.340498
baking,0.491012
ballroom,0.384838
banquet,0.361279
bans,0.728159
base,0.191008
basic,0.340498
be,0
beautiful,0.231801
became,0.128079
because,0.0427944
bed,0.193946
bedroom,0.345737
been,0.00587418
before,0.0310328
began,0.105996
being,0.0605065
best,0.0817891
black,0.191008
bluebonnets,0.728159
blues,0.534329
board,0.158044
bodied,0.534329
bookcases,0.728159
born,0.160246
both,0.0421557
bought,0.218205
boxy,0.728159
breast,0.298657
breasts,0.418374
brick,0.289742
bright,0.1828
bring,0.124175
broccoli,0.605866
bronzy,0.728159
brown,0.266584
buffet,0.384838
burden,0.321909
burl,0.739362
buses,0.728159
bushes,0.321909
but,0.00308956
butter,0.326862
buys,0.483572
by,0
cafeteria,0.728159
cafeterias,0.728159
calico,0.534329
call,0.13406
called,0.0910772
came,0.0785118
can,0.0247491
cane,0.326862
canned,0.605866
canted,0.605866
carefully,0.250372
carpet,0.340498
cars,0.250372
casuals,0.728159
cauliflower,0.728159
ceramic,0.739362
chairman,0.208665
chairmen,0.615187
chairs,0.289742
characters,0.340498
charge,0.146668
charm,0.321909
charming,0.305093
chartered,0.483572
chef,0.534329
chemise,0.728159
chest,0.340498
chestnut,0.444203
chests,0.483572
chic,0.483572
chicken,0.424713
chose,0.242662
chow,0.728159
claim,0.27562
class,0.262545
classic,0.412035
classical,0.412035
climaxed,0.728159
closely,0.27562
clothes,0.254224
club,0.208829
coach,0.250372
coaches,0.361279
cocktail,0.451036
coeds,0.728159
collection,0.296821
collections,0.384838
college,0.250372
colonel,0.444203
colony,0.444203
color,0.340498
colored,0.534329
combination,0.384838
combines,0.728159
come,0.0817891
comfort,0.231801
coming,0.13406
commuting,0.728159
complete,0.174957
comprised,0.412035
condiments,0.728159
conditioned,0.483572
contemporary,0.505891
contract,0.289742
cook,0.305093
copper,0.361279
corner,0.228289
correlated,0.728159
costumes,0.412035
could,0.0310328
countless,0.384838
country,0.124175
couples,0.384838
cover,0.27562
crafted,0.728159
craven,0.534329
cream,0.384838
created,0.238985
creations,0.444203
creator,0.542549
custom,0.321909
dancing,0.221562
day,0.041517
decorate,0.605866
decorating,0.728159
decorations,0.534329
decorative,0.444203
deep,0.191008
definite,0.384838
demand,0.218205
descent,0.384838
deserts,0.321909
design,0.307572
designed,0.208665
designer,0.55899
designers,0.728159
designs,0.319175
didn,0.218205
different,0.191008
dignitaries,0.728159
dignity,0.27562
dining,0.289742
directed,0.228289
director,0.228289
directors,0.412035
dishes,0.361279
do,0.0310328
does,0.109257
doesn,0.228289
door,0.174957
doors,0.228289
drama,0.384838
drawing,0.228289
dress,0.235314
dressers,0.615187
duress,0.728159
during,0.0817891
dutifully,0.728159
each,0.0518767
earned,0.305093
easy,0.208665
ebony,0.550769
effect,0.140251
effort,0.160246
elegant,0.27562
elements,0.361279
emphasize,0.534329
end,0.086372
enough,0.112975
entertainment,0.262545
entire,0.191008
entitled,0.384838
ever,0.0910772
every,0.122293
exactly,0.191008
expert,0.321909
extended,0.250372
eye,0.174957
eyes,0.174957
fabrics,0.761766
facets,0.605866
fall,0.140251
family,0.13406
famous,0.208665
fashion,0.228276
fashions,0.412035
fat,0.218205
father,0.153326
favorite,0.4026
feed,0.27562
feeling,0.160246
femininity,0.605866
festivities,0.483572
filed,0.384838
fine,0.13406
finish,0.238985
finished,0.199616
firm,0.140251
first,0.018234
fishing,0.361279
fit,0.199616
flash,0.27562
flavor,0.444203
flavored,0.728159
floors,0.444203
flour,0.412035
flourishes,0.534329
following,0.1828
food,0.191237
football,0.384838
for,0
forms,0.27562
four,0.0605065
fresh,0.208665
from,0
fronted,0.605866
fun,0.294199
functional,0.728159
furniture,0.258076
garde,0.728159
gave,0.142409
get,0.041517
getting,0.155685
girl,0.199616
girls,0.231801
give,0.105996
given,0.0817891
gleam,0.412035
glowing,0.305093
go,0.0739998
goal,0.262545
gold,0.218205
golden,0.231801
good,0.0645626
graduated,0.483572
grapes,0.384838
gravy,0.534329
great,0.0910772
green,0.191008
greens,0.534329
groceries,0.728159
group,0.112975
guest,0.289742
guests,0.228289
had,0.0119475
haired,0.340498
half,0.142409
ham,0.451036
hamburger,0.728159
hand,0.120282
handsome,0.27986
hard,0.128079
has,0
hats,0.305093
have,0.0100967
he,0.0064082
headboard,0.728159
heavier,0.384838
heels,0.289742
her,0.113618
hides,0.340498
high,0.0472389
highly,0.218205
him,0.0385364
his,0.00304542
home,0.0310328
honorary,0.534329
honored,0.361279
honors,0.412035
hotdogs,0.728159
hour,0.118487
however,0.105996
husband,0.1828
identical,0.444203
impact,0.483572
important,0.160246
in,0
inch,0.27986
include,0.27562
including,0.155685
indicate,0.384838
indication,0.412035
individual,0.191008
industry,0.250372
inlaid,0.444203
insets,0.728159
interesting,0.250372
into,0.0211368
introduced,0.228289
is,0
it,0
its,0.0179577
jersey,0.728159
juice,0.534329
jumpy,0.728159
keep,0.153326
kept,0.13406
keynote,0.615187
know,0.0959112
label,0.444203
ladder,0.340498
ladies,0.262545
large,0.105996
largely,0.289742
lasting,0.321909
least,0.122293
leg,0.305093
legged,0.384838
life,0.128079
lightly,0.305093
like,0.0574114
likes,0.27986
line,0.165177
little,0.0843057
livability,0.728159
live,0.160246
lively,0.262545
ll,0.167448
long,0.0582813
longer,0.199616
look,0.15795
loop,0.412035
loves,0.262545
loving,0.262545
lowered,0.384838
luncheons,0.728159
lustrous,0.444203
magenta,0.728159
maintain,0.340498
male,0.289742
manner,0.199616
manufacturer,0.444203
manufacturers,0.444203
many,0.0591511
marble,0.340498
market,0.208665
mastodons,0.605866
matching,0.418374
mature,0.340498
maturity,0.534329
maybe,0.444203
mayonnaise,0.605866
me,0.112975
meals,0.390759
meat,0.305093
melted,0.321909
member,0.146668
members,0.105996
men,0.0797014
might,0.0910772
mirror,0.412035
moans,0.534329
mobile,0.605866
modern,0.211876
moment,0.191008
monks,0.444203
monotony,0.534329
month,0.111263
mood,0.250372
more,0.00888512
most,0.0344587
mother,0.177649
motion,0.250372
motto,0.412035
moved,0.174957
much,0.0687141
mushrooms,0.728159
must,0.0817891
my,0.0830474
near,0.13406
neither,0.153326
new,0.0117665
night,0.0697712
nominated,0.605866
noon,0.305093
nor,0.140251
nostalgic,0.728159
not,0.00295715
notice,0.242662
now,0.0179577
of,0
off,0.053474
offering,0.27562
offers,0.361279
ogled,0.728159
oilman,0.728159
on,0
one,0
onion,0.605866
only,0.021462
opera,0.384838
operates,0.412035
or,0.0126716
orange,0.361279
orchestra,0.321909
ordinary,0.228289
organdy,0.605866
other,0.00587418
others,0.13406
ounce,0.534329
out,0
outdoors,0.728159
over,0.014835
packed,0.384838
painter,0.384838
pan,0.340498
panel,0.340498
paneled,0.739362
panels,0.464704
parties,0.228289
past,0.0645626
patio,0.605866
patrons,0.534329
pattern,0.262545
pecan,0.605866
pedestal,0.483572
pepper,0.483572
performances,0.361279
perhaps,0.160246
permanence,0.728159
personification,0.728159
pester,0.483572
physical,0.412035
picture,0.208665
pictures,0.27562
piece,0.202687
pieces,0.218205
pile,0.340498
pink,0.289742
pinks,0.534329
pizza,0.728159
places,0.208665
planes,0.534329
planning,0.289742
plaques,0.728159
plates,0.384838
play,0.122293
plus,0.305093
pool,0.289742
popular,0.250372
portrayal,0.739362
poster,0.728159
postgraduate,0.728159
posts,0.340498
potatoes,0.412035
predominating,0.605866
prefers,0.444203
presented,0.170024
president,0.165177
pretty,0.205758
princess,0.483572
private,0.162711
proceeds,0.444203
produce,0.238985
profession,0.27562
professional,0.305093
provides,0.361279
public,0.100881
publicity,0.305093
quality,0.27562
railway,0.412035
ranch,0.605866
rancher,0.728159
rate,0.191008
reach,0.1828
realistic,0.483572
rear,0.305093
recalled,0.340498
receive,0.193946
recessed,0.605866
recipient,0.534329
reds,0.728159
reflecting,0.412035
reiterate,0.728159
remember,0.191008
reminisces,0.728159
research,0.340498
reserved,0.305093
resist,0.27562
returned,0.1828
revolutionized,0.728159
rights,0.305093
road,0.191008
robes,0.384838
role,0.412035
roles,0.605866
roll,0.305093
rooms,0.262545
rooted,0.321909
rose,0.199616
ruggedly,0.728159
s,0
saffron,0.534329
saute,0.728159
says,0.175177
scholarships,0.534329
scrapbook,0.728159
screen,0.305093
screened,0.444203
sculptured,0.615187
season,0.160246
seasoned,0.444203
secretary,0.289742
see,0.0645626
seedless,0.728159
selects,0.534329
serve,0.228289
serves,0.361279
services,0.218205
serving,0.321909
set,0.0645626
seventh,0.340498
several,0.100881
shades,0.340498
shake,0.208665
she,0.12838
shiny,0.412035
shoe,0.412035
shoes,0.321909
shoji,0.728159
shooting,0.305093
showings,0.728159
shown,0.202687
side,0.148924
signing,0.534329
silhouette,0.534329
silhouettes,0.728159
silk,0.305093
silver,0.250372
simple,0.208665
simplicity,0.294199
simply,0.228289
skeet,0.728159
slice,0.384838
slim,0.361279
slow,0.208665
slowly,0.242662
small,0.116692
snack,0.728159
snacks,0.605866
so,0.0379526
soft,0.199616
softening,0.444203
soil,0.340498
some,0.0247491
soon,0.140251
sophisticated,0.624508
speech,0.1828
spice,0.483572
spider,0.534329
spotted,0.340498
spring,0.167448
sprinkle,0.534329
squared,0.412035
stage,0.196885
stagecoach,0.728159
stand,0.122293
standard,0.309787
star,0.238985
starring,0.728159
state,0.0910772
states,0.262545
steak,0.534329
still,0.0785118
stoked,0.728159
stomachs,0.605866
straight,0.160246
struggling,0.305093
studied,0.262545
styling,0.728159
substance,0.340498
suburban,0.483572
suits,0.340498
sunbonnet,0.728159
supporters,0.483572
supposed,0.250372
t,0.0511249
table,0.208829
tables,0.309787
take,0.0645626
tall,0.242662
taste,0.191008
tasteful,0.605866
teach,0.199616
teacher,0.340498
television,0.418374
texture,0.444203
th,0.167448
than,0.0150632
that,0
the,0
their,0.00955823
them,0.0280978
theme,0.340498
then,0.0451549
there,0.0121285
these,0.0645626
they,0.00308956
thin,0.228289
this,0.00605219
those,0.0526638
three,0.021462
through,0.0458496
tiled,0.483572
tiles,0.412035
time,0.0221123
timeless,0.728159
titian,0.728159
to,0
toast,0.444203
today,0.126056
toes,0.384838
together,0.0924784
tomorrow,0.238985
tones,0.309787
too,0.0740882
took,0.0910772
top,0.118487
tops,0.289742
traditional,0.384838
training,0.361279
travel,0.305093
treasurer,0.361279
tribe,0.412035
trip,0.361279
triumphs,0.412035
trodden,0.412035
trout,0.534329
truly,0.228289
trustees,0.444203
tucked,0.483572
two,0.0123096
type,0.262545
types,0.361279
typical,0.384838
under,0.0349889
units,0.361279
unlike,0.289742
until,0.122293
up,0.0185103
used,0.114686
utter,0.289742
variation,0.534329
varieties,0.412035
variety,0.228289
vests,0.728159
vicinity,0.444203
vitality,0.412035
vivid,0.384838
wait,0.191008
walls,0.262545
walnut,0.483572
want,0.116692
wants,0.199616
wardrobe,0.418374
warm,0.218205
warmed,0.340498
warmth,0.298657
was,0
way,0.0565415
wear,0.228289
wearing,0.321909
week,0.0565415
weekend,0.366837
well,0.0526638
western,0.361279
when,0.0155197
where,0.0451549
which,0.00295715
white,0.158044
who,0
whose,0.116692
wife,0.100881
will,0
windows,0.27562
winner,0.444203
with,0
without,0.0614373
woman,0.162711
women,0.165121
won,0.140251
wood,0.228289
woods,0.27562
wool,0.361279
work,0.0614373
world,0.0565415
wormy,0.728159
woven,0.412035
wrangler,0.728159
wrinkle,0.534329
wrinkles,0.444203
year,0.0247491
yearbook,0.728159
yellow,0.262545
you,0.085564
young,0.0938795
