A,0.00312266
Aderholds,0.725359
Advance,0.603535
Alden,0.73376
Alfred,0.41045
Alice,0.44762
Allen,0.41045
Also,0.261535
Althaus,0.725359
Although,0.261535
America,0.219883
Among,0.166804
And,0.0700355
Angeles,0.331814
Another,0.174284
Anthony,0.725359
Arden,0.73376
Armisteads,0.725359
Astoria,0.603535
Austin,0.359889
B,0.192477
Bake,0.610526
Beach,0.30392
Becket,0.603535
Beesemyers,0.725359
Berteros,0.725359
Beverly,0.556935
Blue,0.343117
Blvd,0.538439
Board,0.288627
Bolker,0.73376
Book,0.415205
Bricker,0.725359
Browning,0.725359
Brownings,0.725359
Budapest,0.73376
Building,0.383358
But,0.0248429
C,0.133544
California,0.368226
Carbones,0.725359
Carla,0.725359
Center,0.383358
Century,0.603535
Chandler,0.742162
Changes,0.532274
Chantilly,0.725359
Chapelles,0.725359
Chapman,0.487292
Chase,0.442494
Chases,0.73376
City,0.139712
Clara,0.603535
Club,0.240824
Coast,0.324385
Cocktails,0.603535
Colonial,0.73376
Committee,0.217365
Connecticut,0.442494
Cooper,0.532274
Coopers,0.725359
Cott,0.725359
Country,0.343117
Cox,0.442494
Craig,0.725359
Crispin,0.725359
Curry,0.725359
Currys,0.725359
Cynthia,0.725359
D,0.15963
Dan,0.41045
David,0.252298
De,0.30392
Did,0.217365
Displayed,0.603535
Dr,0.199089
Drs,0.725359
Duque,0.725359
East,0.174284
Edwin,0.481712
Egerton,0.725359
Eighteenth,0.603535
Elizabeth,0.442494
Ellsworth,0.725359
Eng,0.725359
Esnards,0.725359
Even,0.182097
Examiners,0.725359
Fall,0.339188
Florida,0.41045
Flower,0.481712
Flowers,0.359889
Foliage,0.725359
For,0.0907269
Frank,0.217365
Franklin,0.359889
Friday,0.174284
Fritz,0.725359
Fund,0.481712
Geddes,0.725359
Gen,0.359889
Generally,0.725359
George,0.174284
Getting,0.481712
Ghormley,0.725359
Giving,0.442494
Gloriana,0.742162
Grant,0.339188
Gregg,0.725359
Guests,0.442494
H,0.219883
Harry,0.30392
Hartley,0.603535
Haskins,0.725359
Hawaiian,0.603535
Hazard,0.603535
He,0.0147779
Henri,0.725359
Her,0.166804
Here,0.174284
Hills,0.452745
Hilton,0.73376
Hord,0.725359
Hotel,0.27774
Housewives,0.725359
Howard,0.30392
However,0.166804
Hungarian,0.538439
Huntington,0.725359
Huntingtons,0.725359
I,0.0175167
If,0.096649
Illinois,0.343117
Ilona,0.725359
In,0.00582968
It,0.011857
J,0.15963
James,0.147796
Jane,0.387798
Joanne,0.725359
John,0.0743689
Joseph,0.27774
Jr,0.217494
Judge,0.217365
Judy,0.725359
Julian,0.481712
Knox,0.532274
Kreisler,0.725359
L,0.215086
La,0.288627
Lafe,0.725359
Laguna,0.725359
Last,0.227411
Lawrence,0.288627
Leland,0.725359
Leroy,0.725359
Listed,0.725359
Lockies,0.73376
Longinotti,0.725359
Los,0.331814
Louis,0.261535
Ludlow,0.725359
Ludwig,0.603535
MacGregors,0.725359
Make,0.288627
Mary,0.207863
McAlester,0.725359
McAlister,0.725359
McFarland,0.725359
Measure,0.532274
Medical,0.725359
Meredith,0.603535
Messrs,0.532274
Mexico,0.359889
Midwest,0.725359
Minneapolis,0.532274
Mmes,0.610526
Mo,0.481712
Monday,0.139712
Moody,0.603535
More,0.176303
Most,0.198848
Mother,0.288627
Moulton,0.725359
Moultons,0.725359
Mr,0.136453
Mrs,0.14532
Music,0.359889
My,0.154506
New,0.0650592
Newcomers,0.603535
Niven,0.725359
No,0.133544
Nobody,0.27456
Norman,0.27456
North,0.152736
Now,0.154506
Off,0.41045
Olerichs,0.725359
Oliver,0.44762
One,0.0955423
Others,0.295314
Oxford,0.41045
Panama,0.532274
Pasadena,0.742162
Pauleys,0.725359
Pen,0.603535
Perry,0.442494
Pfau,0.725359
Pillsbury,0.725359
Published,0.725359
Publisher,0.725359
Pulling,0.603535
R,0.198848
Ransom,0.725359
Raoul,0.725359
Ray,0.359889
Rd,0.532274
Reese,0.742162
Register,0.610526
Richard,0.184206
Richardson,0.487292
Robbins,0.603535
Robert,0.232679
Ruth,0.41045
S,0.0928287
Samuel,0.343117
Saturday,0.15963
Schmidl,0.725359
Scotland,0.320671
Seattle,0.532274
Second,0.339188
Seeberg,0.725359
She,0.121629
Smith,0.219883
So,0.127586
Social,0.41045
Society,0.339188
Solid,0.481712
Sometimes,0.295314
South,0.182097
Southern,0.310961
Stars,0.415205
State,0.133544
Stephen,0.359889
Stetson,0.725359
Swim,0.492872
Switzerland,0.532274
T,0.249409
The,0
There,0.0386824
They,0.0386824
This,0.0382445
Thomas,0.261535
Thompson,0.41045
Those,0.166804
To,0.105588
Today,0.442494
Todd,0.603535
Truman,0.481712
Tudor,0.725359
Tuesday,0.15963
U,0.152736
University,0.198848
Using,0.603535
Valerie,0.725359
Van,0.442494
Vienna,0.442494
W,0.139712
Waldorf,0.603535
Wangemans,0.725359
Watson,0.603535
Wellsville,0.725359
Welton,0.725359
Werner,0.603535
West,0.166804
What,0.121823
When,0.0824183
Why,0.174284
Willard,0.603535
William,0.118936
Wilshire,0.73376
Windsor,0.481712
Worrell,0.725359
York,0.168736
``,0.0672553
a,0
about,0.011857
above,0.182097
accent,0.320671
accord,0.320671
according,0.133544
across,0.174284
action,0.139712
added,0.105588
address,0.240824
addresses,0.452745
adequate,0.383358
affiliations,0.603535
ago,0.0907269
all,0.00589643
allowing,0.320671
already,0.133544
also,0.0180959
am,0.142948
an,0
and,0
animated,0.359889
annual,0.14133
annually,0.442494
antiques,0.532274
any,0.0391203
anymore,0.532274
appealing,0.442494
appreciated,0.481712
architect,0.442494
architecture,0.359889
are,0.00689771
aren,0.359889
arms,0.190273
arrange,0.359889
arrive,0.27456
art,0.184206
arts,0.320671
as,0
asked,0.100493
at,0
attack,0.190273
autumn,0.288627
awarded,0.442494
away,0.103986
background,0.339188
bake,0.41045
baked,0.339188
baking,0.481712
ballroom,0.383358
barely,0.324385
base,0.190273
bases,0.383358
be,0
beautiful,0.227411
because,0.0413573
bedroom,0.339188
been,0.00576293
before,0.0312715
being,0.0602738
big,0.138185
birthday,0.320671
block,0.30392
bodies,0.261535
book,0.212678
both,0.0413573
boxes,0.383358
boys,0.207863
bread,0.261535
buffet,0.383358
building,0.168736
bus,0.492872
business,0.0955423
but,0.00299025
by,0
cabinetmakers,0.725359
came,0.077917
can,0.0248429
capable,0.30392
car,0.247578
caramel,0.725359
career,0.27774
celebrated,0.320671
center,0.252298
certain,0.147796
chairman,0.207863
change,0.15963
changed,0.198848
changing,0.261535
charm,0.320671
charming,0.30392
chartered,0.481712
child,0.186315
children,0.113403
chocolate,0.481712
circus,0.532274
city,0.152736
class,0.261535
club,0.198848
coconut,0.725359
coffee,0.359889
color,0.339188
compact,0.339188
completely,0.238066
complex,0.415205
compromise,0.383358
concert,0.339188
consultant,0.481712
contest,0.339188
continents,0.481712
continued,0.15963
cookie,0.73376
cookies,0.532274
could,0.0323457
country,0.123234
couple,0.182097
course,0.121823
crackpots,0.725359
craftsmen,0.603535
create,0.264564
critical,0.320671
cultural,0.442494
d,0.146103
daily,0.192477
dates,0.383358
daughter,0.174533
day,0.0418363
days,0.096649
decorate,0.603535
decorative,0.442494
decorator,0.725359
decorators,0.603535
delight,0.217365
denote,0.41045
designer,0.532274
designs,0.310961
desired,0.30392
determine,0.288627
develop,0.532274
development,0.217365
did,0.0563241
didn,0.219883
difficulties,0.30392
dinner,0.15963
directly,0.27456
disharmony,0.725359
dismal,0.320671
do,0.0309134
does,0.105588
doesn,0.230045
doing,0.174284
don,0.161479
down,0.0582813
dreamed,0.324385
drive,0.14133
driven,0.243216
driving,0.182097
dropped,0.182097
drum,0.442494
during,0.0824183
earth,0.182097
easy,0.207863
edge,0.217365
edition,0.442494
education,0.168736
either,0.15963
end,0.0870364
engineer,0.481712
enough,0.110835
entails,0.725359
entered,0.201151
era,0.481712
even,0.0692427
evening,0.174284
event,0.190273
ever,0.0907269
everybody,0.249409
except,0.166804
exchanged,0.41045
execute,0.41045
exhibited,0.359889
expected,0.105588
explained,0.207863
eyes,0.174284
faces,0.182097
fall,0.139712
far,0.0860398
father,0.152736
feature,0.339188
feel,0.129064
feeling,0.15963
feels,0.249409
feet,0.14133
filling,0.27774
finalist,0.725359
finals,0.73376
finding,0.217365
fine,0.135091
finger,0.249409
first,0.0178887
five,0.101657
fixture,0.603535
fled,0.238066
flexible,0.481712
flight,0.238066
floor,0.174284
flowers,0.238066
foliage,0.442494
fool,0.27456
foot,0.168736
for,0
formal,0.30744
former,0.110835
formerly,0.28728
four,0.0602738
from,0
front,0.161479
frosting,0.725359
fun,0.288627
funds,0.217365
furniture,0.249409
gay,0.238066
general,0.110835
generation,0.359889
get,0.0413573
getting,0.154506
girl,0.203454
girls,0.227411
give,0.105588
glaze,0.603535
glow,0.261535
go,0.0708284
got,0.0752108
grammar,0.532274
grand,0.198848
group,0.110835
grow,0.190273
guests,0.230045
had,0.0128074
half,0.139712
hand,0.11759
hang,0.261535
happen,0.227411
hard,0.129064
hardly,0.152736
hardship,0.383358
has,0
have,0.00952458
he,0.00602994
head,0.100493
heads,0.217365
heart,0.182097
heavy,0.190273
height,0.261535
her,0.102182
herself,0.27456
high,0.0455022
higher,0.166804
hill,0.222401
him,0.0378066
his,0.00292405
home,0.0316295
homemakers,0.725359
honor,0.291971
hour,0.116243
house,0.110835
housewife,0.603535
however,0.106811
hundreds,0.288627
husband,0.182097
idea,0.207863
idle,0.238066
if,0.0378066
illustrated,0.532274
impeccable,0.725359
in,0
inches,0.364058
industry,0.249409
innate,0.532274
instance,0.27456
into,0.0212994
inverted,0.532274
investment,0.41045
involved,0.182097
is,0
isn,0.298657
it,0
judges,0.320671
junior,0.288627
knocks,0.481712
known,0.15963
knows,0.217365
lacked,0.481712
ladies,0.261535
lamp,0.331814
lamps,0.30392
largely,0.288627
last,0.0248429
late,0.110835
least,0.121823
left,0.0860398
legs,0.252298
letting,0.27456
life,0.127586
light,0.178322
like,0.0576289
liked,0.261535
linen,0.359889
listed,0.343117
listings,0.725359
literally,0.383358
little,0.083362
live,0.161479
lives,0.184206
logic,0.532274
logistical,0.725359
long,0.0576289
loss,0.201151
lot,0.190273
love,0.217365
luncheon,0.320671
lurked,0.532274
machinist,0.532274
made,0.0147779
making,0.0860398
man,0.0524612
manager,0.249409
manipulate,0.725359
many,0.0569765
marriage,0.240824
marriages,0.372395
matched,0.359889
maximum,0.339188
me,0.110835
mention,0.227411
merry,0.261535
metal,0.359889
might,0.0907269
mile,0.207863
miles,0.212678
modern,0.207863
more,0.00891877
morning,0.152736
most,0.0343262
mother,0.176303
moved,0.174284
much,0.0684498
my,0.0871369
myself,0.227411
named,0.190273
names,0.198848
naturally,0.30392
needles,0.442494
neutral,0.481712
never,0.0907269
new,0.0124001
newly,0.238066
news,0.166804
no,0.00576293
nondescript,0.603535
not,0.00285784
note,0.201151
noted,0.291971
notices,0.725359
now,0.0187175
number,0.105588
numbers,0.27456
ocean,0.359889
of,0
off,0.0524612
offs,0.603535
old,0.0524612
on,0
one,0
only,0.0217871
opened,0.174284
or,0.0124001
order,0.116243
originating,0.603535
other,0.00589643
our,0.077917
out,0
over,0.0147779
owners,0.27456
paint,0.339188
parlor,0.481712
particularly,0.198848
parts,0.198848
party,0.163328
passengers,0.442494
passes,0.320671
past,0.0658042
pedestal,0.487292
people,0.0650592
performing,0.339188
persons,0.146103
photographing,0.725359
picked,0.288627
pieces,0.219883
pilgrimage,0.481712
place,0.0907269
plane,0.387798
playtime,0.603535
plenty,0.217365
points,0.182097
position,0.190273
postman,0.41045
practical,0.339188
practice,0.227411
practiced,0.603535
practicing,0.481712
predicted,0.383358
prefer,0.261535
presentation,0.383358
press,0.249409
prize,0.264564
problem,0.196885
promising,0.30392
publicity,0.30392
puppet,0.758966
puppets,0.758966
put,0.0928287
raincoats,0.725359
rainy,0.481712
raise,0.217365
rather,0.11759
realistic,0.481712
realize,0.359889
reasons,0.174284
recipe,0.603535
reference,0.339188
relegated,0.725359
remains,0.261535
reminiscent,0.532274
renderings,0.725359
renewed,0.288627
reproductions,0.603535
reservations,0.603535
residence,0.359889
residences,0.725359
residing,0.359889
respect,0.198848
resting,0.339188
returned,0.182097
rich,0.182097
ride,0.222401
rides,0.387798
ring,0.227411
room,0.139712
round,0.15963
s,0
said,0.0178887
satisfactory,0.339188
say,0.105588
says,0.166804
scalloped,0.532274
scheduled,0.320671
school,0.109806
seats,0.249409
second,0.0955423
secretary,0.288627
section,0.30392
see,0.0643142
seem,0.152736
seems,0.182097
sense,0.166804
served,0.161479
set,0.0643142
shade,0.227411
shades,0.339188
shape,0.207863
share,0.146103
she,0.119822
shop,0.261535
show,0.100493
showing,0.288627
shrewd,0.383358
similar,0.207863
size,0.190273
slides,0.532274
snow,0.27456
so,0.0386824
social,0.219883
socket,0.41045
solution,0.41045
some,0.0245617
son,0.156275
spend,0.207863
spirit,0.166804
spring,0.166804
squeezed,0.41045
stage,0.190273
stand,0.121823
started,0.139712
status,0.343117
steep,0.249409
still,0.0770249
straight,0.15963
streetcar,0.73376
strings,0.295314
student,0.238066
studies,0.383358
subtitled,0.725359
such,0.0413573
sudden,0.238066
sufficiently,0.288627
suggested,0.261535
supper,0.27456
support,0.152736
supposedly,0.725359
sure,0.174284
suspend,0.442494
t,0.0548841
take,0.068784
taking,0.121823
talk,0.152736
tapestries,0.532274
tapestry,0.603535
teaching,0.27456
telephone,0.339188
th,0.168736
than,0.0154626
that,0
the,0
their,0.00912071
them,0.0291621
then,0.0455022
there,0.0122643
these,0.0643142
they,0.00322197
thing,0.121823
think,0.0955423
third,0.102822
this,0.00589643
those,0.0530689
though,0.146103
three,0.0215433
threshold,0.339188
through,0.0455022
throughout,0.182097
tied,0.217365
time,0.0215433
tiny,0.339188
to,0
today,0.121823
told,0.0770249
tongues,0.288627
too,0.072685
took,0.0907269
top,0.11759
touch,0.15963
toward,0.15963
traditional,0.383358
transportation,0.41045
trend,0.481712
tricked,0.532274
tried,0.147796
true,0.174284
tube,0.481712
two,0.0124001
tying,0.481712
under,0.0343262
understand,0.207863
uniform,0.30392
university,0.30392
until,0.121823
up,0.0199607
updated,0.725359
uprisings,0.725359
us,0.15963
use,0.0955423
used,0.110835
using,0.198848
usually,0.252298
utilitarian,0.532274
vanilla,0.725359
ve,0.174284
violin,0.610526
volume,0.27456
walk,0.172601
walked,0.210271
walks,0.30392
was,0
watched,0.217365
way,0.0569765
ways,0.15963
we,0.0455022
wed,0.481712
week,0.0563241
went,0.077917
were,0.00609669
weren,0.41045
when,0.0158049
where,0.0455022
which,0.00292405
while,0.0536765
whims,0.481712
who,0
whole,0.147796
why,0.146103
wife,0.106314
will,0
wire,0.383358
wired,0.532274
wisdom,0.238066
with,0
within,0.127586
without,0.0602738
woman,0.15963
won,0.139712
work,0.0623682
would,0.0119928
wound,0.261535
wrong,0.190273
yarn,0.41045
year,0.0248429
yeast,0.532274
yellow,0.261535
you,0.0843057
young,0.0917778
your,0.146103
