A,0.00304972
Abolition,0.726474
Achievement,0.604463
Air,0.321164
Airline,0.726474
Al,0.399037
Ala,0.482453
Also,0.261937
Altar,0.726474
American,0.129456
And,0.0694532
Andy,0.604463
Anti,0.726474
Anyone,0.533092
Aquinas,0.726474
Art,0.249793
Arts,0.360443
At,0.0694532
Atlantic,0.321164
Auditorium,0.612382
Avon,0.726474
Bahia,0.726474
Bali,0.726474
Ballet,0.62822
Bandish,0.726474
Bandstand,0.726474
Barnes,0.383947
Bartha,0.726474
Bea,0.726474
Beach,0.304387
Bible,0.365165
Biblically,0.726474
Bill,0.241556
Billy,0.482453
Bimini,0.726474
Blanton,0.726474
Blvd,0.533092
Bob,0.304387
Bolet,0.726474
Bonanza,0.726474
Braun,0.726474
Building,0.383947
Burgess,0.482453
But,0.0243177
Cabana,0.726474
Cafe,0.604463
Campus,0.604463
Carlo,0.533092
Carroll,0.533092
Central,0.261937
Changes,0.533092
Charles,0.2177
Chef,0.726474
Christ,0.369887
Christian,0.240515
Christianity,0.482453
Church,0.282526
Ciciulla,0.726474
City,0.139927
Clock,0.604463
Club,0.247803
Coconut,0.726474
Colorado,0.443174
Communism,0.644057
Communisn,0.726474
Communist,0.353061
Coral,0.745508
County,0.238432
Crusade,0.62822
Cumbancheros,0.726474
D,0.16197
Da,0.604463
Dade,0.735991
Dancers,0.604463
Dave,0.44898
Day,0.190565
DeCicco,0.726474
Dedication,0.726474
Densmore,0.726474
Dick,0.33971
Don,0.220552
Drinkhouse,0.726474
Du,0.726474
Episcopal,0.726474
Ernie,0.612382
Escape,0.488773
Espagnol,0.726474
Evelyn,0.604463
Even,0.182377
Every,0.238432
Family,0.472203
Fazio,0.726474
Feb,0.325371
Fike,0.735991
Fine,0.383947
Fireside,0.726474
First,0.171438
Flip,0.604463
Force,0.321164
Fort,0.547059
Foundation,0.533092
Four,0.238432
Francesca,0.726474
Frank,0.2177
Franklin,0.360443
Freida,0.726474
French,0.208183
Gables,0.735991
Galt,0.726474
Gene,0.443174
George,0.181412
Gill,0.726474
Glenda,0.604463
Gould,0.726474
Governor,0.321164
Greater,0.383947
Gretchen,0.726474
Grossman,0.726474
Grove,0.443174
Hal,0.482453
Hank,0.533092
Hare,0.482453
He,0.0151884
Heilman,0.735991
Henderson,0.735991
Her,0.167061
Herbert,0.533092
Here,0.174552
High,0.176839
Hollywood,0.488773
Hotel,0.285789
House,0.123609
Hovarter,0.726474
Hubie,0.726474
I,0.0149945
If,0.0956892
In,0.00577179
Inc,0.443174
Inn,0.33971
Is,0.2177
It,0.0118931
Jack,0.193062
Jacksonville,0.726474
Jan,0.304387
Jean,0.604463
Jim,0.31635
Jimmy,0.411082
John,0.0747041
Johnny,0.365165
Johnson,0.411082
Jolly,0.604463
Jon,0.726474
Jorge,0.726474
Joseph,0.274982
Judson,0.726474
Julian,0.482453
July,0.261937
Junior,0.411082
Karen,0.604463
Kay,0.612382
Kelly,0.726474
Kemm,0.726474
Kern,0.774059
Kings,0.374609
Kissak,0.726474
LaSalle,0.726474
Lake,0.360443
Latin,0.274982
Latter,0.604463
Lauderdale,0.755025
Le,0.604463
Lee,0.289071
Leighton,0.726474
Library,0.620301
Lois,0.533092
Lorain,0.726474
Louise,0.482453
Lounge,0.735991
Lutheran,0.726474
Lynn,0.533092
MacWhorter,0.726474
Mackey,0.726474
Maestro,0.726474
Map,0.726474
March,0.146328
Marriage,0.416467
Marskmen,0.726474
Martin,0.289071
May,0.146328
Memorial,0.388977
Men,0.261937
Methodist,0.482453
Mexican,0.604463
Miami,0.460592
Michaels,0.726474
Mile,0.482453
Milenoff,0.726474
Miss,0.199154
Moffett,0.726474
Monday,0.14176
Monte,0.482453
More,0.174552
Morgart,0.726474
Morley,0.604463
Mouse,0.443174
Mr,0.129456
Mrs,0.132804
Murphy,0.620301
National,0.195558
Navy,0.383947
Nazarene,0.533092
Neil,0.604463
Net,0.482453
New,0.0661008
Newcomers,0.604463
Newfoundland,0.540076
O,0.176839
Ocean,0.33971
Oceania,0.726474
Oct,0.393496
October,0.289071
Of,0.13375
Ohio,0.289071
Operation,0.726474
Orlando,0.726474
Orleans,0.383947
Other,0.167061
Pal,0.726474
Pamela,0.726474
Papa,0.482453
Patricia,0.411082
Performers,0.726474
Perry,0.443174
Phillips,0.726474
Place,0.289071
Placentia,0.726474
Plant,0.604463
Playboy,0.604463
Plus,0.735991
Pompano,0.726474
Premier,0.443174
Presbyterian,0.501414
Prince,0.274982
Pualani,0.726474
Public,0.360443
R,0.199154
Rae,0.726474
Ralph,0.321164
Ranch,0.726474
Randy,0.726474
Reno,0.604463
Response,0.726474
Restaurant,0.745508
Rev,0.421852
Rickshaw,0.726474
Rimini,0.726474
Riviera,0.726474
Robbins,0.604463
Roger,0.411082
Ron,0.533092
Rum,0.604463
Rusty,0.726474
SW,0.533092
Saturday,0.159875
Schenk,0.735991
School,0.21091
Searles,0.726474
Service,0.289071
Shari,0.726474
Show,0.360443
Sir,0.238432
Skip,0.726474
Slack,0.533092
Smallwood,0.726474
Smith,0.2177
So,0.127782
Society,0.33971
Southeast,0.411082
Spot,0.604463
St,0.143593
Steak,0.735991
Stephen,0.360443
Stevens,0.533092
Stranahan,0.726474
Student,0.443174
Subsequent,0.726474
Successful,0.604463
Summerdale,0.604463
Sunday,0.161924
Sunman,0.726474
Sunrise,0.482453
Sunshine,0.533092
Tac,0.726474
Tahoe,0.604463
Tallahassee,0.726474
Ted,0.540076
Ter,0.726474
Terry,0.443174
Tex,0.443174
Texas,0.261937
The,0
Theatre,0.540076
There,0.0378647
They,0.0378647
This,0.0388568
Thomas,0.261937
Thursday,0.241556
Tic,0.604463
To,0.107136
Toe,0.604463
Tom,0.34416
Toppers,0.726474
Trade,0.416467
Trap,0.604463
Treadwell,0.726474
Trinity,0.533092
Tuesday,0.16197
Tune,0.604463
Two,0.13113
University,0.201763
Until,0.321164
Vargas,0.726474
Vegas,0.604463
Vivacious,0.726474
War,0.289071
Warren,0.325371
We,0.0908664
Wednesday,0.201763
Week,0.427238
Wes,0.726474
Western,0.274982
Whelan,0.726474
When,0.0826688
Which,0.227761
Wilson,0.411082
Winds,0.416467
Workshop,0.726474
Worth,0.533092
Ximenez,0.726474
Yokel,0.726474
Youth,0.394007
``,0.0746013
a,0
ability,0.289071
able,0.116422
about,0.0128158
above,0.182377
accompanying,0.411082
according,0.13375
accordion,0.726474
achieve,0.33971
acquaint,0.533092
act,0.166158
activities,0.360443
added,0.10575
adult,0.482453
advisers,0.383947
advisors,0.604463
after,0.0213641
afternoon,0.167061
again,0.10575
against,0.065257
agent,0.304387
ago,0.0932472
all,0.00607424
also,0.0183856
although,0.199154
am,0.139927
among,0.10575
an,0
and,0
annual,0.139927
another,0.0694532
antidote,0.533092
any,0.0378647
anyone,0.238432
anything,0.21091
appearances,0.289071
appraisal,0.726474
approach,0.2177
are,0.00599863
area,0.175815
around,0.101967
arts,0.321164
as,0
asked,0.100648
assemblies,0.488773
assistant,0.304387
at,0
attend,0.190565
attended,0.199154
attending,0.265368
attraction,0.360443
audience,0.261937
auditorium,0.612382
augment,0.411082
author,0.321164
babies,0.443174
back,0.0450504
ballets,0.735991
ballot,0.383947
band,0.249793
bass,0.604463
batch,0.604463
battle,0.238432
be,0
beat,0.159875
became,0.129456
becomes,0.261937
bedtime,0.604463
beef,0.411082
been,0.00607424
beer,0.383947
before,0.0309609
began,0.10575
begin,0.152971
begins,0.238432
best,0.0815998
big,0.13375
biggest,0.261937
biz,0.604463
blues,0.533092
board,0.156979
bonanza,0.726474
boogie,0.726474
booked,0.604463
born,0.159875
bossman,0.726474
both,0.0414209
bouncy,0.726474
brainwashing,0.726474
brings,0.289071
brunches,0.726474
buffets,0.604463
building,0.167061
business,0.0981964
but,0.00312471
by,0
call,0.13375
called,0.0908664
calypso,0.726474
can,0.025592
capers,0.726474
careful,0.261937
ceremonies,0.365165
chalk,0.443174
chandeliers,0.604463
changed,0.199154
charge,0.146328
chicken,0.411082
chief,0.167061
children,0.113914
chops,0.604463
chum,0.726474
church,0.206981
churches,0.329579
city,0.152971
class,0.265368
classed,0.482453
club,0.199154
college,0.249793
combo,0.604463
comedy,0.488773
community,0.274982
company,0.12201
conducted,0.249793
constructive,0.533092
continue,0.182377
convinced,0.304387
cooperation,0.443174
cornering,0.726474
could,0.0309609
couples,0.383947
course,0.12201
covers,0.383947
crazy,0.33971
crystal,0.360443
currently,0.411082
customers,0.411082
daily,0.193062
dancers,0.383947
dancing,0.2177
date,0.193062
daughters,0.278584
day,0.0419635
days,0.0956892
debuts,0.726474
decided,0.139927
decor,0.726474
dedication,0.411082
developed,0.249793
dining,0.289071
dinner,0.164064
director,0.230745
discuss,0.411082
discussion,0.321164
dish,0.383947
displaying,0.482453
distinctly,0.33971
distinguished,0.321164
division,0.249793
do,0.0321777
domain,0.443174
doorstep,0.482453
down,0.0564107
draft,0.533092
drums,0.421852
during,0.0837378
eager,0.227761
education,0.167061
effective,0.261937
eight,0.116422
elsewhere,0.274982
encourage,0.321164
encouraging,0.304387
end,0.087301
engagement,0.33971
enthralled,0.604463
establish,0.238432
estate,0.201763
ever,0.0908664
ex,0.304387
example,0.190565
except,0.167061
exotic,0.482453
expected,0.10575
explains,0.33971
extended,0.249793
faces,0.182377
faith,0.241556
families,0.241556
family,0.142511
fare,0.261937
fast,0.152971
father,0.152971
favorite,0.383947
features,0.325371
fee,0.321164
feels,0.253065
felt,0.154975
festival,0.383947
few,0.0956892
fighting,0.2177
figured,0.411082
film,0.360443
fine,0.13375
firms,0.360443
first,0.0186203
five,0.103285
fixed,0.261937
flanked,0.533092
flies,0.249793
follow,0.139927
food,0.182377
for,0
formally,0.304387
format,0.726474
foundation,0.321164
four,0.0611573
frantic,0.360443
free,0.12201
frequently,0.261937
from,0
frustrated,0.443174
fundamentals,0.604463
get,0.0414209
gift,0.249793
girls,0.227761
good,0.0669447
got,0.0727968
government,0.146328
grace,0.238432
group,0.111005
growing,0.199154
guidance,0.360443
guide,0.274982
guitar,0.533092
had,0.0117393
half,0.14176
harder,0.304387
has,0
hasn,0.383947
have,0.00953083
he,0.00645231
headmaster,0.726474
headquarters,0.33971
hear,0.16197
heard,0.146328
held,0.0821963
her,0.0969428
here,0.0669447
high,0.0474111
himself,0.146328
hip,0.33971
his,0.00319971
history,0.159875
hit,0.146328
home,0.0317721
honored,0.360443
honoring,0.482453
honors,0.411082
hour,0.117947
how,0.0811857
ideological,0.604463
if,0.0383608
imagination,0.321164
in,0
include,0.274982
including,0.154975
individual,0.195558
influence,0.274982
installed,0.488773
instrumentals,0.726474
instruments,0.383947
integrated,0.604463
interested,0.233728
interim,0.482453
into,0.0213641
invitation,0.304387
is,0
island,0.360443
it,0
its,0.0181509
jazz,0.604463
job,0.2177
junior,0.289071
keyboarding,0.726474
kids,0.383947
kitchen,0.274982
last,0.0246363
late,0.111005
lead,0.182377
leader,0.208183
leaders,0.208183
learn,0.182377
learning,0.227761
lecture,0.383947
lecturer,0.533092
let,0.148245
librarian,0.540076
library,0.31635
life,0.129456
like,0.0571497
little,0.0826688
local,0.146328
long,0.0571497
lot,0.190565
luncheon,0.321164
m,0.11647
major,0.199154
makes,0.193062
man,0.0525419
manager,0.253065
many,0.0564107
market,0.208183
marking,0.388977
may,0.0546068
meaning,0.2177
meeting,0.10575
member,0.146328
members,0.10575
miffed,0.726474
month,0.11246
months,0.107136
more,0.00884461
movie,0.482453
moving,0.208183
named,0.190565
need,0.100648
never,0.0908664
nevertheless,0.304387
new,0.0125082
next,0.0661008
nightclubs,0.726474
no,0.00577179
noise,0.208183
non,0.304387
nonsense,0.289071
not,0.00286224
now,0.0179162
numbers,0.274982
of,0
off,0.0525419
officer,0.249793
officers,0.182377
old,0.0525419
on,0
one,0
only,0.0216404
open,0.125207
opens,0.33971
operates,0.411082
operation,0.190565
orchestra,0.321164
ordained,0.443174
other,0.00577179
our,0.0801751
out,0
outfit,0.533092
outstanding,0.443174
over,0.0148006
own,0.0861721
owners,0.274982
ownership,0.533092
p,0.263421
part,0.0801751
participate,0.604463
particular,0.2177
particularly,0.199154
people,0.0644131
peppery,0.604463
personality,0.411082
personnel,0.411082
philosophy,0.296645
pianist,0.745508
piano,0.416467
picked,0.292858
picnic,0.533092
places,0.208183
planned,0.227761
planning,0.289071
played,0.174552
plays,0.33971
plotting,0.443174
policies,0.443174
popular,0.249793
posed,0.604463
position,0.190565
pray,0.249793
prayer,0.321164
prayers,0.304387
preach,0.411082
preaching,0.360443
preclude,0.604463
present,0.0908664
president,0.159875
prime,0.360443
pro,0.289071
probation,0.411082
problems,0.249793
productions,0.726474
profit,0.249793
program,0.180192
programs,0.388977
project,0.190565
props,0.533092
prove,0.227761
proved,0.227761
province,0.321164
public,0.100648
pulling,0.278584
pure,0.227761
pursuing,0.33971
quartet,0.533092
quite,0.167061
ran,0.167061
ranging,0.321164
rapport,0.604463
rated,0.443174
read,0.146328
reading,0.227761
real,0.137254
redhead,0.726474
refer,0.411082
registration,0.604463
relationships,0.604463
religious,0.261937
remain,0.2177
reminiscence,0.533092
remodeling,0.726474
reopening,0.726474
repartee,0.604463
reported,0.190565
reservations,0.612382
resignation,0.360443
restaurant,0.388977
result,0.127782
retains,0.482453
return,0.143593
reunion,0.726474
review,0.33971
rhythm,0.533092
ringsiders,0.726474
room,0.139927
routine,0.383947
run,0.0815998
s,0
said,0.0181509
salesman,0.482453
same,0.0944375
sampled,0.726474
sat,0.227761
say,0.10575
says,0.167061
school,0.105922
schoolers,0.726474
schools,0.2177
schoolteacher,0.726474
season,0.159875
second,0.09945
seen,0.190565
senior,0.321164
series,0.213637
seriously,0.274982
serve,0.227761
service,0.134478
services,0.2177
session,0.241556
sessions,0.411082
set,0.0686323
sexton,0.533092
shop,0.265368
show,0.103285
shown,0.199154
shrimp,0.604463
sidemen,0.726474
simply,0.227761
since,0.0525419
singing,0.238432
situation,0.182377
six,0.111005
sixth,0.321164
skips,0.726474
skits,0.726474
slapstick,0.726474
slender,0.249793
smoother,0.482453
so,0.0378647
solid,0.241556
some,0.025592
something,0.13375
son,0.152971
sons,0.261937
soon,0.139927
special,0.126806
specialize,0.726474
specializing,0.726474
sponsored,0.416467
spotlights,0.726474
spring,0.167061
springing,0.33971
staff,0.169249
stage,0.190565
staged,0.482453
stand,0.12201
start,0.13375
steaks,0.533092
stick,0.289071
stock,0.249793
stop,0.167061
stories,0.33971
stressed,0.482453
strive,0.365165
strong,0.146328
strongest,0.249793
struck,0.174552
students,0.304387
stuffed,0.443174
substantially,0.533092
such,0.0414209
summer,0.167061
supper,0.274982
surprise,0.199154
symphony,0.482453
t,0.049395
table,0.199154
take,0.0661008
taken,0.0908664
talent,0.321164
talks,0.261937
tambourine,0.604463
teach,0.199154
teenagers,0.612382
terrace,0.443174
th,0.167061
than,0.0149945
that,0
the,0
their,0.00918772
them,0.0279697
then,0.0450504
there,0.0123544
they,0.00289973
this,0.00614985
those,0.0532302
threat,0.289071
three,0.0210879
throughout,0.182377
time,0.0219166
times,0.13375
to,0
together,0.0908664
too,0.0737505
top,0.116422
touch,0.159875
town,0.201763
trade,0.241556
trio,0.454786
trumpet,0.321164
try,0.156979
tuba,0.726474
twice,0.184766
two,0.0118931
under,0.0348294
undergone,0.604463
understandable,0.604463
undertake,0.33971
until,0.12201
up,0.0190897
uphold,0.533092
ve,0.174552
versatile,0.726474
vice,0.2177
vocals,0.726474
vows,0.388977
wanted,0.146328
warm,0.2177
was,0
wash,0.249793
way,0.0571497
we,0.0456405
week,0.0586277
well,0.0532302
were,0.00592301
what,0.0309609
when,0.0148006
where,0.0456405
which,0.00308722
while,0.0525419
who,0
wide,0.139927
wife,0.103285
will,0
with,0
without,0.0603664
woman,0.159875
wonderful,0.238432
workshop,0.388977
workshops,0.533092
world,0.0571497
worship,0.274982
worth,0.139927
year,0.0246363
years,0.0279697
you,0.0837378
young,0.0944375
your,0.148245
youth,0.182377
