A,0.0028942
Abel,0.532577
About,0.174384
Action,0.481987
Adventures,0.481987
After,0.101772
Ah,0.217489
All,0.112245
Alla,0.725772
America,0.217489
American,0.13231
Among,0.166899
And,0.0701525
Anita,0.725772
Anniversary,0.725772
Any,0.274716
Apparently,0.532577
As,0.0770687
Asked,0.410684
Association,0.274716
Atlantic,0.320854
Aurora,0.481987
Austin,0.360094
Ballet,0.603879
Barker,0.532577
Bay,0.339382
Beach,0.304093
Beauty,0.360094
Bernard,0.383576
Bishop,0.410684
Bluebird,0.725772
Bordeau,0.725772
British,0.292299
But,0.0248844
C,0.13362
Cadillacs,0.725772
California,0.360094
Cantonese,0.725772
Capello,0.725772
Casals,0.725772
Cecilia,0.603879
Chamber,0.448124
Channel,0.493695
Check,0.603879
Chestnut,0.603879
Chiuchow,0.725772
Christmas,0.261684
Chronicle,0.734587
Clay,0.410684
Collins,0.442746
Cologne,0.603879
Concert,0.603879
Crunch,0.725772
David,0.249551
De,0.307786
December,0.274716
Dolce,0.625883
Dollar,0.725772
Dr,0.190381
Dubovskoi,0.725772
Dukes,0.532577
During,0.339382
Earl,0.410684
East,0.176502
Edward,0.339382
Ekberg,0.725772
English,0.217489
Enrique,0.725772
Europe,0.249551
Evegeni,0.725772
Fairy,0.532577
Famed,0.725772
Federal,0.304093
Fellini,0.734587
Festival,0.603879
Fighters,0.603879
Fire,0.320854
Fleisher,0.725772
Flowers,0.360094
For,0.0907786
France,0.261684
Franciscans,0.725772
Francisco,0.368236
Friday,0.176502
From,0.159721
Gala,0.725772
Gas,0.603879
Gate,0.442746
Get,0.249551
Golden,0.415672
Goldwater,0.725772
Governor,0.320854
Grand,0.320854
Gray,0.383576
Guest,0.532577
Guy,0.532577
Hall,0.261684
Harriet,0.532577
He,0.0149659
Herridge,0.725772
High,0.174384
Hit,0.725772
Hong,0.442746
House,0.123373
Howard,0.304093
I,0.0181986
If,0.0955968
Imperial,0.481987
In,0.00597632
Inna,0.725772
Irina,0.725772
Isaac,0.481987
It,0.0125826
Joan,0.410684
Johnny,0.360094
Jorda,0.743402
Junior,0.410684
KQED,0.725772
Kennedy,0.227541
Kirov,0.752217
Knickerbocker,0.725772
Kolpakova,0.725772
Kong,0.442746
Konstantin,0.725772
La,0.295807
Leningrad,0.725772
Leon,0.532577
Lex,0.725772
Lilac,0.603879
Line,0.442746
Loan,0.603879
Local,0.442746
Luis,0.603879
Lumia,0.725772
Mail,0.611214
Mandarin,0.603879
Marin,0.603879
Menuhin,0.725772
Mercer,0.532577
Miller,0.481987
Mills,0.442746
Miss,0.203794
Monthly,0.603879
Most,0.198961
Munoz,0.725772
Murray,0.481987
Museum,0.383576
Music,0.364468
Musica,0.725772
My,0.152823
NBC,0.603879
Nijinsky,0.725772
North,0.152823
November,0.295807
OK,0.725772
Of,0.13362
Oh,0.227541
Omsk,0.725772
Opera,0.481987
Orchestra,0.545514
Orchestre,0.725772
Ozzie,0.725772
Pablo,0.725772
Paine,0.603879
Palermo,0.725772
Park,0.217489
Participating,0.725772
Person,0.611214
Petipa,0.725772
Philharmonique,0.725772
Pinsk,0.725772
Players,0.532577
Precise,0.725772
President,0.190381
Princess,0.603879
Producer,0.725772
Puerto,0.603879
Put,0.274716
Radio,0.725772
Requests,0.603879
Ricci,0.725772
Rico,0.603879
Robert,0.230304
Romans,0.360094
Rome,0.299315
Room,0.410684
Roosevelt,0.532577
Ruggiero,0.725772
Russia,0.307786
Russian,0.368842
Ruth,0.410684
San,0.35203
Santa,0.360094
Savings,0.481987
Science,0.442746
Second,0.339382
Semenov,0.725772
Senator,0.410684
Shatilov,0.725772
She,0.116309
Sherman,0.383576
Siciliana,0.725772
Simon,0.481987
Sinfonica,0.725772
Sizova,0.725772
Sleeping,0.442746
Slenczynka,0.725772
So,0.127659
Society,0.339382
Soloviev,0.725772
Southern,0.304093
Soviet,0.364468
Spanish,0.339382
Stalingr,0.725772
Stephen,0.360094
Stern,0.603879
Stonestown,0.725772
Street,0.264862
Strip,0.725772
Summer,0.532577
Sunset,0.442746
Sustaining,0.725772
Symphony,0.481987
TV,0.493695
That,0.0955968
The,0
Theater,0.481987
There,0.0382876
These,0.152823
They,0.038747
This,0.0392065
Threshold,0.725772
Tires,0.725772
To,0.105648
Tonight,0.532577
Toys,0.734587
Tschaikowsky,0.725772
USSR,0.725772
Very,0.238202
View,0.532577
Virsaladze,0.725772
Vita,0.625883
Vladilen,0.725772
Way,0.481987
We,0.0907786
Wednesday,0.198961
Week,0.410684
Weeks,0.725772
Western,0.274716
What,0.124853
When,0.0835012
Where,0.207981
White,0.174384
With,0.119135
Yehudi,0.725772
You,0.139791
Yuri,0.725772
Zubkovskaya,0.725772
``,0.0786203
a,0
about,0.0118704
abroad,0.227541
absent,0.238202
accepted,0.274716
according,0.13362
account,0.190381
achieve,0.339382
acrobatic,0.725772
actors,0.481987
added,0.105648
address,0.241095
addressed,0.274716
aft,0.532577
age,0.146187
ages,0.304093
alive,0.238202
all,0.00639653
alone,0.152823
along,0.0871345
also,0.0181163
always,0.182201
am,0.139791
an,0
ancient,0.238202
and,0
anniversary,0.532577
announced,0.124853
announcing,0.339382
annual,0.141489
another,0.0684888
any,0.0392065
anytime,0.725772
anywhere,0.249551
are,0.00646656
around,0.100551
artists,0.388235
as,0
asked,0.100551
aspect,0.320854
assemblage,0.603879
assignments,0.603879
at,0
attend,0.192694
audience,0.261684
auspices,0.532577
austere,0.339382
average,0.249551
aya,0.725772
back,0.0455535
ballet,0.647887
band,0.249551
basically,0.532577
be,0
beautiful,0.227541
beauty,0.230304
because,0.0418834
become,0.116309
been,0.00611639
before,0.0313067
began,0.106931
begun,0.190381
being,0.0603081
believe,0.176502
best,0.081521
better,0.101772
between,0.0892257
big,0.135243
billed,0.532577
bills,0.288792
black,0.190381
blood,0.207981
boasted,0.360094
body,0.182201
bomb,0.430637
boobify,0.725772
bored,0.481987
born,0.159721
both,0.0413808
bought,0.217489
box,0.274716
branches,0.249551
briskly,0.481987
brutality,0.532577
busied,0.481987
but,0.00303312
by,0
call,0.13362
calm,0.288792
can,0.0254745
cannot,0.13362
cap,0.320854
capitalist,0.725772
caps,0.410684
captivating,0.603879
car,0.230697
careers,0.481987
carried,0.190381
carries,0.274716
cars,0.255613
cast,0.264862
caught,0.174384
cellist,0.725772
center,0.252582
centers,0.481987
change,0.159721
changed,0.198961
character,0.274716
charmed,0.320854
chic,0.481987
child,0.182201
children,0.110898
choreography,0.725772
chosen,0.217489
chrome,0.725772
classical,0.410684
clean,0.274716
clobbers,0.725772
coat,0.261684
collected,0.241095
collection,0.278053
collective,0.481987
color,0.339382
coming,0.13362
companies,0.261684
company,0.123373
completely,0.238202
completes,0.481987
concerned,0.217489
concert,0.351748
concertmaster,0.725772
concerts,0.453501
conducted,0.252582
conducting,0.442746
conductor,0.415672
conductors,0.603879
containing,0.238202
contests,0.603879
controversial,0.442746
convention,0.532577
convey,0.304093
core,0.383576
corps,0.339382
costumes,0.42066
couldn,0.304093
country,0.121892
couple,0.182201
courtly,0.532577
creature,0.238202
credits,0.481987
crop,0.339382
crowd,0.198961
crowning,0.481987
cultural,0.442746
dancer,0.442746
dancing,0.217489
danseur,0.725772
darling,0.360094
daughters,0.274716
de,0.261684
debonair,0.603879
decadence,0.603879
delightful,0.320854
demonstrate,0.481987
description,0.261684
designed,0.207981
detract,0.532577
did,0.0563562
die,0.238202
director,0.227541
discarded,0.481987
discover,0.304093
discussed,0.304093
discussion,0.320854
distinction,0.274716
distribution,0.415672
do,0.0313067
doesn,0.227541
doing,0.174384
done,0.106931
doorman,0.725772
doormen,0.603879
double,0.207981
dreams,0.288792
drive,0.139791
driven,0.227541
drove,0.238202
drunk,0.274716
dud,0.725772
dull,0.217489
during,0.081521
duty,0.207981
each,0.0487091
earlier,0.198961
editing,0.532577
editor,0.481987
emphasis,0.274716
enchantment,0.481987
end,0.0860889
engagements,0.383576
enough,0.110898
enriching,0.725772
entertaining,0.339382
entertainment,0.261684
enthralling,0.725772
erroneously,0.725772
especially,0.166899
eva,0.725772
even,0.0684888
ever,0.0940863
every,0.123373
excellent,0.233068
exception,0.304093
exceptionally,0.481987
exclusively,0.532577
expensive,0.383576
exploring,0.481987
eye,0.174384
eyes,0.174384
face,0.106931
fair,0.190381
fairies,0.532577
fall,0.141489
family,0.135243
far,0.0881801
favorite,0.383576
feathers,0.339382
features,0.320854
feel,0.13076
fell,0.159721
feminine,0.320854
fence,0.288792
filial,0.481987
film,0.364468
films,0.603879
find,0.127659
fine,0.135243
finest,0.324751
finned,0.725772
fins,0.442746
firehouses,0.725772
firemen,0.539045
first,0.0178989
five,0.101772
fixing,0.383576
fluid,0.442746
for,0
fore,0.410684
foreign,0.191052
four,0.0617731
frankness,0.383576
friendliness,0.383576
friends,0.159721
frigid,0.481987
from,0
fulfill,0.410684
gallons,0.532577
gas,0.35587
get,0.042386
getting,0.152823
girls,0.227541
given,0.081521
gloomily,0.410684
glories,0.360094
good,0.0643509
great,0.0929837
greatest,0.198961
group,0.110898
guest,0.292299
guests,0.227541
gulped,0.603879
ha,0.307786
had,0.0130099
hands,0.15468
happy,0.146187
harmless,0.288792
harmonies,0.532577
has,0
have,0.0096752
he,0.00576621
headlights,0.725772
heartbreaking,0.725772
her,0.101402
hero,0.274716
himself,0.146187
his,0.0028942
hit,0.146187
home,0.0316824
hour,0.117722
how,0.0770687
however,0.105648
humans,0.603879
humor,0.410684
idea,0.207981
if,0.0382876
imagine,0.249551
immorality,0.539045
impoverished,0.532577
in,0
include,0.274716
including,0.152823
incomparable,0.442746
incomparably,0.725772
indicates,0.532577
infantile,0.603879
instrument,0.288792
interesting,0.249551
into,0.0210675
invitation,0.304093
is,0
isn,0.288792
issued,0.274716
it,0
its,0.019638
job,0.217489
just,0.0770687
kind,0.135243
knees,0.249551
lady,0.278053
laid,0.198961
language,0.288792
languages,0.360094
large,0.105648
last,0.0245893
least,0.121892
leather,0.320854
led,0.116309
lend,0.320854
letter,0.227541
life,0.127659
lighter,0.304093
lightness,0.383576
like,0.0570406
listing,0.603879
literature,0.360094
little,0.0835012
live,0.159721
lives,0.182201
living,0.207981
ll,0.166899
locally,0.532577
long,0.0570406
looked,0.227541
looking,0.182201
looks,0.190381
loving,0.261684
m,0.100551
made,0.0149659
magnificent,0.320854
mailed,0.603879
make,0.0563562
male,0.288792
mall,0.603879
man,0.0544037
manner,0.198961
many,0.0570406
master,0.217489
matter,0.110898
may,0.0544037
me,0.114939
meaningless,0.442746
member,0.146187
members,0.109498
men,0.0770687
merely,0.174384
merit,0.304093
mileage,0.725772
mine,0.198961
moderates,0.603879
month,0.110898
monument,0.410684
moral,0.278053
more,0.00914554
most,0.0355972
mouth,0.198961
movies,0.539045
much,0.0693207
musical,0.339382
must,0.0844914
muted,0.725772
my,0.0825111
name,0.127659
naughtier,0.725772
naughty,0.442746
neatly,0.442746
needy,0.448124
new,0.0120128
next,0.0643509
night,0.0709844
no,0.00590628
noble,0.274716
none,0.166899
not,0.00303312
now,0.0178989
nozzle,0.603879
numerous,0.320854
nymphomaniacs,0.725772
oases,0.725772
obtain,0.274716
obvious,0.304093
obviously,0.360094
of,0
off,0.0531286
office,0.13362
oil,0.288792
old,0.0531286
on,0
one,0
only,0.0213234
oops,0.725772
open,0.124853
opened,0.174384
or,0.0118704
orchestra,0.328648
orders,0.255613
other,0.00597632
ought,0.227541
our,0.0770687
out,0
outstanding,0.442746
ova,0.725772
p,0.238202
pain,0.261684
pall,0.481987
parent,0.360094
part,0.0770687
parties,0.230304
partner,0.227541
party,0.159721
pastel,0.725772
peasant,0.410684
peculiar,0.274716
people,0.0659141
performance,0.220131
performances,0.360094
performers,0.442746
perhaps,0.159721
persistent,0.603879
personality,0.410684
pianists,0.725772
picture,0.207981
piety,0.442746
pillow,0.360094
placed,0.198961
plagiarisms,0.725772
plans,0.176502
players,0.288792
playing,0.198961
pleasure,0.207981
plenty,0.217489
plot,0.288792
poetic,0.442746
poets,0.360094
polished,0.383576
politely,0.320854
political,0.217489
politics,0.360094
prepared,0.182201
present,0.0907786
presentation,0.388235
pressure,0.238202
pretty,0.198961
private,0.159721
problems,0.249551
production,0.324751
program,0.168926
programs,0.383576
put,0.0907786
qualities,0.339382
quiet,0.190381
racy,0.725772
reactionary,0.603879
ready,0.13362
really,0.176502
reasons,0.174384
received,0.127659
recently,0.217489
refinement,0.410684
regime,0.442746
rehearsal,0.725772
religious,0.261684
remarkable,0.274716
renowned,0.481987
repaired,0.415672
represents,0.481987
resist,0.274716
respect,0.198961
restrictions,0.481987
return,0.139791
returning,0.249551
rich,0.184414
right,0.0871345
role,0.410684
room,0.139791
round,0.159721
s,0
sadism,0.725772
said,0.0183337
sale,0.320854
same,0.0907786
saw,0.121892
say,0.105648
scene,0.217489
scenery,0.383576
scheduled,0.320854
scientific,0.360094
score,0.261684
seaside,0.442746
season,0.1733
seasons,0.320854
see,0.0659141
seems,0.186626
seen,0.195006
self,0.190381
sell,0.207981
senseless,0.383576
series,0.218086
sex,0.324751
shapeless,0.410684
she,0.110898
shocker,0.603879
should,0.0693207
shown,0.198961
shows,0.304093
side,0.146187
sighed,0.261684
sign,0.198961
silent,0.227541
silly,0.288792
simply,0.227541
single,0.143187
sins,0.360094
sir,0.249551
six,0.110898
skidded,0.603879
skip,0.481987
slip,0.304093
small,0.119135
smallest,0.249551
so,0.0382876
society,0.227541
soloists,0.725772
solos,0.725772
some,0.0245893
somebody,0.217489
spacious,0.320854
sparkle,0.481987
special,0.123373
spell,0.320854
spirit,0.168926
sponsoring,0.725772
staff,0.166899
stage,0.190381
start,0.135243
started,0.139791
station,0.206211
status,0.339382
straight,0.159721
street,0.230304
strip,0.304093
stuck,0.261684
stuff,0.274716
stultifying,0.603879
style,0.274716
suavity,0.532577
subjects,0.288792
success,0.249551
summed,0.532577
sumptuous,0.539045
surprise,0.198961
swinging,0.360094
symphony,0.481987
t,0.0498924
table,0.198961
tail,0.274716
taken,0.0907786
takes,0.174384
tank,0.725772
task,0.261684
taste,0.190381
tease,0.481987
television,0.435625
ten,0.184414
th,0.170954
that,0
the,0
their,0.0090396
them,0.0279163
themselves,0.141489
there,0.0117279
they,0.00313732
thing,0.121892
things,0.159721
think,0.097919
this,0.00639653
thought,0.139791
three,0.0215792
throws,0.320854
tickets,0.487841
time,0.0215792
tip,0.360094
tipped,0.383576
titled,0.603879
to,0
today,0.121892
together,0.0918811
tomorrow,0.238202
took,0.0918811
totally,0.364468
touch,0.159721
tour,0.383576
toward,0.159721
towering,0.383576
toy,0.383576
toys,0.458879
tradition,0.360094
traditional,0.392894
traveling,0.603879
true,0.174384
tuck,0.603879
turn,0.116309
two,0.0118704
under,0.0343458
undistinguished,0.532577
unfamiliar,0.532577
unhappily,0.532577
unity,0.339382
unknowns,0.725772
unlike,0.288792
unlinked,0.725772
up,0.0183337
us,0.159721
use,0.0955968
utterly,0.339382
ve,0.174384
venerable,0.442746
ventilates,0.725772
very,0.0967579
viewers,0.603879
villa,0.383576
violin,0.603879
violinists,0.725772
virile,0.603879
virtue,0.304093
visit,0.198961
voluntary,0.304093
vulgar,0.304093
wardrobe,0.410684
warehouse,0.481987
was,0
watchers,0.603879
water,0.176502
way,0.0563562
we,0.0455535
wear,0.230304
weather,0.217489
week,0.0584096
went,0.0780048
were,0.00590628
what,0.0313067
wheeled,0.442746
when,0.0151455
where,0.0455535
whereby,0.383576
which,0.00306785
while,0.0531286
who,0
wild,0.217489
will,0
wind,0.207981
windshield,0.734587
winners,0.603879
wiping,0.410684
with,0
without,0.0617731
witnessing,0.383576
wonderfully,0.442746
word,0.146187
words,0.174384
work,0.0603081
world,0.0563562
would,0.0120128
writers,0.388235
writing,0.249551
wrote,0.207981
yards,0.274716
year,0.0251795
years,0.0275813
yesterday,0.116309
yesteryear,0.725772
yet,0.146187
you,0.0874618
your,0.146187
