A,0.00292444
AID,0.748587
About,0.173786
Accepted,0.601808
Advisory,0.53075
After,0.100206
Alba,0.723283
Albert,0.30305
Alexandria,0.607072
Allen,0.409276
Along,0.441228
American,0.130559
Americana,0.723283
Americans,0.319753
Among,0.166327
Ancient,0.53075
And,0.0682539
Andover,0.723283
Angelico,0.723283
Anticipated,0.723283
Arts,0.358859
As,0.078148
At,0.0688509
Authenticated,0.723283
Baldrige,0.742261
Bales,0.723283
Band,0.53075
Banner,0.601808
Barnes,0.385604
Because,0.207268
Black,0.341176
Blacks,0.723283
Boston,0.290319
Boucher,0.723283
Bouton,0.607072
Brevard,0.748587
But,0.0244227
C,0.135492
Capitol,0.409276
Carolina,0.480334
Cathedral,0.441228
Center,0.382261
Century,0.607072
Chamber,0.441228
Chief,0.292836
Christian,0.216743
Colorado,0.441228
Committee,0.216743
Concerts,0.723283
Conductor,0.723283
Confederacy,0.723283
Corps,0.338218
Council,0.273774
Courbet,0.723283
Decorators,0.723283
Denver,0.409276
Director,0.53075
Displaying,0.723283
District,0.32255
Drive,0.441228
Duncan,0.617599
E,0.159173
Each,0.189728
England,0.207268
Everybody,0.338218
Executive,0.540035
Family,0.456664
Fine,0.382261
First,0.169236
For,0.0904672
Forever,0.601808
Fra,0.601808
Francis,0.382261
Frank,0.216743
French,0.207268
Fund,0.480334
Gallery,0.643917
George,0.173786
Givers,0.601808
Gogh,0.723283
Hail,0.484535
Hall,0.263067
Handicapped,0.723283
He,0.0155089
Health,0.382261
Henry,0.210894
Holbrook,0.723283
House,0.135286
Hurt,0.480334
Hyannis,0.601808
I,0.0156378
In,0.00574644
Institute,0.441228
It,0.0118922
J,0.160565
Jacqueline,0.735935
James,0.145685
Jersey,0.409276
John,0.0743788
Joseph,0.273774
Jurisdiction,0.723283
Jussel,0.723283
Kennedy,0.242627
Lady,0.308351
League,0.319753
Lehman,0.723283
Lenygon,0.729609
Letitia,0.729609
Lodge,0.338218
Madonna,0.723283
Manhattan,0.480334
Mansion,0.484535
Many,0.207268
Margaret,0.441228
Marine,0.480334
Mary,0.212707
Masonic,0.53075
Masons,0.729609
Mass,0.412856
McCluskey,0.723283
McIntyre,0.723283
Melvin,0.53075
Miss,0.201747
Monet,0.723283
More,0.173786
Mount,0.385604
Mr,0.127221
Mrs,0.131672
Music,0.358859
N,0.183164
Nation,0.441228
National,0.193047
New,0.065252
North,0.152299
Northern,0.441228
One,0.0952689
Orchestra,0.535392
Order,0.382261
P,0.189728
Patricia,0.412856
People,0.290319
Perhaps,0.22676
Pfohl,0.735935
Philadelphia,0.382261
Phyfe,0.742261
Pike,0.735935
Port,0.409276
President,0.204663
Presidents,0.601808
Rainier,0.723283
Raphael,0.53075
Regional,0.723283
Rembrandt,0.601808
Renaissance,0.480334
Representatives,0.601808
Rheims,0.723283
Richard,0.181576
Rite,0.617599
Roman,0.287801
Rutherford,0.723283
S,0.0904672
Salem,0.445087
Samuel,0.338218
School,0.209081
Scottish,0.617599
Secretary,0.273774
Service,0.29787
Sharpe,0.601808
She,0.118952
Skyline,0.723283
Social,0.409276
Sousa,0.723283
South,0.181576
Southern,0.30305
Spangled,0.601808
St,0.139312
Star,0.441228
Stars,0.409276
States,0.201747
Stephen,0.358859
Stripes,0.601808
Symphony,0.488736
Temple,0.305701
That,0.0952689
The,0
There,0.0376984
They,0.0396767
This,0.0380281
To,0.107128
Tranquility,0.723283
Transylvania,0.729609
U,0.152299
UGF,0.723283
United,0.194707
Van,0.441228
Vermont,0.480334
Vernon,0.480334
Virginia,0.358859
Walker,0.441228
Washington,0.154964
Wheeler,0.53075
White,0.188985
Wilson,0.412856
Without,0.216743
York,0.166327
Young,0.276168
``,0.0711403
a,0
about,0.0118922
abroad,0.22676
accused,0.273774
acquired,0.409276
acquisition,0.480334
across,0.175306
added,0.105286
affair,0.260786
after,0.0215461
agencies,0.441228
agency,0.382261
ages,0.30305
ago,0.0912585
agreed,0.189728
aid,0.181576
aide,0.601808
all,0.0057967
along,0.086544
also,0.0178375
although,0.198279
an,0
and,0
announced,0.121474
another,0.0682539
antagonisms,0.723283
antiquarians,0.723283
antiques,0.53075
any,0.0376984
appointed,0.207268
appreciation,0.441228
approached,0.273774
architect,0.441228
are,0.00609826
area,0.169236
armchairs,0.723283
around,0.101082
arrived,0.237385
art,0.184752
artists,0.382261
as,0
asked,0.100206
asset,0.601808
associate,0.358859
associates,0.358859
at,0
attended,0.198279
attends,0.358859
attention,0.239461
attributed,0.409276
audience,0.265348
austere,0.338218
author,0.319753
aware,0.287801
away,0.100206
background,0.338218
band,0.248695
bandstand,0.612336
be,0
because,0.0412389
bed,0.189728
been,0.00584696
before,0.0316338
begin,0.152299
beginning,0.181576
being,0.0632553
benches,0.382261
best,0.0812414
better,0.100206
between,0.0857936
biennial,0.723283
blind,0.248695
blonde,0.53075
blue,0.200013
born,0.159173
both,0.0415996
break,0.173786
breaking,0.248695
building,0.166327
buildings,0.319753
bustling,0.441228
but,0.00287459
by,0
came,0.0768044
camp,0.361998
cannot,0.133162
cardiac,0.723283
care,0.173786
case,0.100206
ceilinged,0.723283
ceremony,0.273774
chairman,0.207268
chairs,0.290319
chamber,0.287801
charge,0.145685
chatting,0.53075
cheery,0.382261
children,0.113418
clad,0.30305
clear,0.152299
clearly,0.198279
closed,0.189728
college,0.248695
collonaded,0.723283
colors,0.601808
come,0.0812414
comes,0.159173
commented,0.382261
committee,0.239461
community,0.273774
competed,0.723283
complained,0.30305
complete,0.173786
completed,0.22676
concert,0.353009
concerts,0.441228
conductor,0.416435
confronting,0.441228
connection,0.30305
consider,0.216743
consisting,0.382261
consult,0.30305
contacted,0.601808
contemporary,0.480334
cookies,0.53075
copied,0.382261
correspondence,0.382261
could,0.0316338
couldn,0.305701
counseling,0.535392
count,0.260786
country,0.123599
craftsman,0.601808
create,0.260786
credit,0.237385
crippled,0.480334
crypt,0.723283
cultural,0.441228
curator,0.723283
daughters,0.273774
day,0.0412389
decided,0.14053
decorators,0.601808
definite,0.382261
delegates,0.53075
delighted,0.260786
demanded,0.273774
demolished,0.601808
descendants,0.601808
designing,0.53075
designs,0.30305
desk,0.338218
devoted,0.290319
didn,0.218639
difference,0.216743
difficulties,0.30305
director,0.22676
discouraged,0.385604
discussed,0.30305
discussing,0.480334
disgusted,0.441228
display,0.319753
divorce,0.441228
do,0.0310946
does,0.105286
done,0.108049
doors,0.228744
downstairs,0.409276
dozens,0.53075
dull,0.216743
duplicated,0.723283
during,0.0812414
each,0.0493912
early,0.081952
education,0.166327
effort,0.159173
eight,0.11591
ended,0.198279
enjoy,0.216743
enjoyed,0.248695
enough,0.110518
entrance,0.22676
erected,0.358859
estate,0.198279
eulogized,0.723283
evening,0.173786
evenings,0.338218
expected,0.106207
explained,0.209081
expressed,0.273774
extraordinary,0.305701
faces,0.181576
facing,0.338218
failed,0.181576
fall,0.14053
families,0.239461
family,0.14248
famous,0.207268
fan,0.358859
feature,0.338218
feet,0.139312
few,0.0952689
field,0.14696
financial,0.358859
fireplace,0.441228
firm,0.14053
first,0.0183055
fitted,0.260786
five,0.100206
floor,0.173786
flow,0.237385
followed,0.167782
following,0.181576
for,0
formally,0.30305
forming,0.319753
found,0.0912585
fountain,0.409276
four,0.0601013
frame,0.237385
frequently,0.260786
friend,0.198279
from,0
frustrations,0.601808
full,0.105286
furnishings,0.723283
furniture,0.253046
gallery,0.338218
gathered,0.290319
gay,0.237385
get,0.0412389
gift,0.248695
given,0.0826625
gives,0.248695
going,0.0961022
got,0.072477
grateful,0.319753
great,0.0912585
greatest,0.198279
greet,0.409276
greeted,0.319753
group,0.114384
groups,0.30305
guards,0.441228
guest,0.287801
guests,0.230727
had,0.0126077
hands,0.153631
happy,0.148234
has,0
have,0.00899598
haze,0.441228
he,0.00614852
head,0.100206
headed,0.191388
hear,0.160565
heard,0.14696
heavy,0.189728
heirs,0.441228
help,0.14696
helped,0.260786
her,0.0994352
here,0.0658129
high,0.0448525
him,0.0383578
his,0.00317368
historian,0.480334
home,0.0316338
homes,0.248695
horizon,0.358859
house,0.111484
housing,0.358859
however,0.105286
huge,0.248695
hundreds,0.287801
husband,0.181576
ignoring,0.53075
important,0.159173
imposing,0.409276
impressed,0.358859
impressionist,0.723283
in,0
include,0.276168
intention,0.273774
interest,0.139312
interested,0.228744
interviews,0.535392
invitation,0.30305
invited,0.260786
is,0
it,0
its,0.0179935
job,0.216743
journalist,0.53075
judge,0.183164
jurist,0.601808
just,0.0768044
know,0.0952689
knowledge,0.198279
lack,0.338218
last,0.0244227
late,0.111484
later,0.0952689
lawn,0.409276
lawyer,0.263067
laying,0.260786
leader,0.209081
leaders,0.207268
learn,0.181576
led,0.11591
left,0.0872944
leisurely,0.480334
lemonade,0.53075
liaison,0.723283
library,0.311002
life,0.128334
lifetime,0.358859
listened,0.287801
listening,0.248695
little,0.0812414
lobby,0.53075
located,0.480334
long,0.0561629
look,0.145685
loving,0.260786
m,0.104588
made,0.0148645
major,0.198279
mantel,0.53075
mantlepiece,0.601808
many,0.0566541
march,0.260786
marked,0.237385
marriage,0.239461
master,0.218639
match,0.319753
matched,0.358859
materialize,0.723283
mature,0.338218
me,0.110518
measured,0.338218
members,0.108049
men,0.0768044
millions,0.273774
mind,0.183164
miniature,0.480334
minute,0.207268
minutes,0.14696
miserable,0.273774
monotonous,0.441228
more,0.00876792
most,0.0351261
mounting,0.441228
much,0.0694479
museum,0.445087
music,0.230013
musician,0.358859
musicians,0.540035
my,0.0812414
name,0.127221
national,0.166327
near,0.133162
nearest,0.260786
nearly,0.166327
neither,0.152299
new,0.0117899
no,0.00574644
not,0.00292444
noticed,0.273774
now,0.0181495
nuns,0.601808
nw,0.723283
of,0
offer,0.166327
office,0.134327
often,0.139312
on,0
one,0
only,0.0209952
open,0.123599
opening,0.153631
or,0.0117899
orchestra,0.319753
ordinary,0.228744
other,0.0057967
out,0
outlook,0.409276
outsiders,0.601808
over,0.0147356
overcome,0.260786
p,0.243614
painted,0.260786
painting,0.30305
paintings,0.445087
paneling,0.723283
park,0.338218
particularly,0.198279
past,0.0641302
patterned,0.601808
paused,0.30305
pay,0.121474
paying,0.237385
people,0.0646911
perched,0.480334
perfect,0.22676
piece,0.198279
pieces,0.218639
pilgrimage,0.480334
placed,0.200013
plan,0.145685
plans,0.173786
play,0.123599
played,0.176826
plus,0.30305
poet,0.358859
point,0.127221
pointed,0.189728
portrait,0.338218
possibility,0.239461
possible,0.0952689
poured,0.287801
praised,0.319753
preceeded,0.723283
preferred,0.319753
present,0.0904672
presented,0.166327
presidential,0.480334
pretty,0.198279
pride,0.22676
probably,0.152299
problems,0.250871
produced,0.248695
project,0.191388
prominent,0.382261
promotion,0.32255
quick,0.198279
quietly,0.22676
rangers,0.601808
rapt,0.441228
rare,0.22676
rarity,0.53075
reached,0.166327
really,0.175306
received,0.127221
receiving,0.287801
recently,0.216743
reception,0.260786
record,0.173786
red,0.198279
redecoration,0.729609
refurbishing,0.723283
register,0.480334
remaining,0.287801
remarked,0.32255
remarks,0.287801
remote,0.382261
representative,0.319753
representatives,0.441228
representing,0.290319
resulted,0.409276
return,0.139312
ribbon,0.358859
rise,0.173786
room,0.14053
rotunda,0.723283
rough,0.260786
row,0.22676
rundown,0.601808
s,0
sad,0.237385
said,0.0186175
same,0.0904672
satisfaction,0.260786
say,0.105286
school,0.100206
schools,0.218639
sculptures,0.441228
seated,0.237385
second,0.0952689
secretary,0.287801
section,0.30305
secure,0.287801
see,0.0641302
seeking,0.248695
seem,0.153631
seemingly,0.358859
self,0.189728
sent,0.121474
separately,0.480334
series,0.210894
serious,0.181576
serve,0.22676
served,0.159173
serves,0.358859
service,0.127221
session,0.243614
set,0.0658129
shake,0.207268
shaking,0.260786
sharing,0.319753
she,0.112451
should,0.0682539
sidechairs,0.723283
simultaneous,0.480334
since,0.0523111
single,0.139312
six,0.112451
skies,0.338218
slender,0.248695
small,0.11591
snubbed,0.723283
so,0.0380281
social,0.216743
sofas,0.607072
soldier,0.273774
solving,0.601808
some,0.0244227
sometimes,0.207268
somewhat,0.22676
sons,0.260786
source,0.273774
speak,0.198279
special,0.121474
spend,0.209081
sphynxes,0.723283
sponsored,0.409276
spring,0.166327
staff,0.172146
standing,0.207268
stay,0.181576
strengthening,0.441228
stretching,0.30305
struck,0.173786
student,0.239461
students,0.311002
studying,0.319753
style,0.273774
suite,0.382261
summer,0.167782
sun,0.216743
support,0.152299
sure,0.173786
surprise,0.198279
swept,0.260786
t,0.0498158
tag,0.480334
tanned,0.480334
tea,0.30305
teachers,0.361998
teenage,0.723283
tent,0.361998
texture,0.441228
th,0.169236
than,0.0151223
that,0
the,0
their,0.0093761
them,0.0289292
then,0.0448525
there,0.0116877
therefore,0.189728
they,0.00299921
thing,0.121474
think,0.0961022
this,0.006048
those,0.0523111
thought,0.139312
three,0.0209952
threshold,0.338218
through,0.0448525
time,0.0213625
times,0.133162
tired,0.248695
to,0
today,0.125724
together,0.0920498
told,0.0774762
tomb,0.480334
too,0.073111
took,0.0912585
tour,0.385604
tours,0.723283
toward,0.159173
town,0.198279
traffic,0.287801
trends,0.601808
tribute,0.290319
trip,0.358859
turn,0.11591
turned,0.154964
two,0.0117899
uncommon,0.338218
under,0.034228
understand,0.207268
undertaken,0.409276
uniformed,0.601808
unveiled,0.480334
up,0.0186175
vacationing,0.601808
value,0.207268
variety,0.22676
various,0.237385
ve,0.175306
very,0.0952689
view,0.166327
visitors,0.361998
vital,0.319753
wanted,0.145685
warmed,0.338218
was,0
watch,0.181576
watching,0.207268
way,0.0561629
we,0.0456371
weeks,0.152299
welcome,0.228744
welcoming,0.441228
wellknown,0.723283
went,0.078148
were,0.00594748
what,0.0308249
wheel,0.338218
when,0.0148645
where,0.0456371
whether,0.127221
which,0.00289951
white,0.153631
who,0
whole,0.145685
whose,0.117938
wide,0.14053
wife,0.101082
will,0
with,0
without,0.0601013
woman,0.159173
women,0.152299
wonderful,0.237385
woodcarver,0.723283
wore,0.237385
work,0.0637809
working,0.152299
workshop,0.382261
world,0.0561629
would,0.0117899
wreath,0.341176
year,0.0242109
years,0.028208
yesterday,0.123007
you,0.081952
young,0.0952148
youth,0.181576
youthful,0.287801
