Above,0.359208
Administration,0.338547
After,0.100303
Allied,0.61409
Allies,0.536424
Ambassador,0.413651
America,0.21906
Apart,0.441657
Apparently,0.531266
As,0.0776255
Asia,0.341833
At,0.0689836
Attitude,0.723986
Berlin,0.34512
Beyond,0.338547
Big,0.485469
Bonn,0.602393
Both,0.152447
But,0.0251756
Camp,0.608242
Chairman,0.338547
China,0.359208
Churchill,0.531266
Commission,0.382632
Communist,0.348407
Communists,0.480801
Control,0.602393
Cuba,0.421606
David,0.251354
Deadlock,0.723986
Despite,0.382632
Developments,0.731015
Disapproval,0.723986
E,0.159328
East,0.18071
Eisenhower,0.409674
Embassy,0.723986
Feb,0.320064
February,0.288081
Finally,0.359208
Firm,0.531266
For,0.0905552
Four,0.239923
Friday,0.175643
Geneva,0.45452
Government,0.303345
He,0.0153227
House,0.125134
I,0.0147499
Ideally,0.602393
If,0.0953615
In,0.0059754
Initially,0.723986
International,0.320064
Iran,0.723986
It,0.0119262
January,0.288081
June,0.288081
Kennedy,0.249018
Khrushchev,0.535991
Laos,0.471672
Last,0.226981
Latin,0.27404
Llewellyn,0.602393
London,0.226981
March,0.145827
May,0.148659
Middle,0.386347
Moreover,0.390062
Moscow,0.44547
Mr,0.148363
N,0.181752
Nikita,0.602393
Novosibirsk,0.723986
On,0.0813204
One,0.0953615
Other,0.166489
Paris,0.290878
Pre,0.602393
Premier,0.493112
President,0.226789
Road,0.409674
Russia,0.303345
Russians,0.608242
S,0.103743
Secretariat,0.602393
Shortly,0.480801
Siberia,0.531266
Sir,0.237616
South,0.181752
Southeast,0.413651
Soviet,0.401058
States,0.198472
That,0.0962874
The,0
There,0.0388341
This,0.037735
Thompson,0.413651
Thus,0.239923
U,0.176129
Union,0.26104
United,0.189913
Vienna,0.467384
Vietnam,0.723986
Washington,0.159848
West,0.174571
Western,0.27404
White,0.179021
Winston,0.602393
``,0.0654164
a,0
ability,0.288081
about,0.0130621
accept,0.209484
accord,0.320064
advanced,0.248937
advantage,0.198472
adversaries,0.602393
adversary,0.480801
advisability,0.731015
advisers,0.382632
affect,0.288081
afford,0.26104
after,0.0212197
against,0.0648158
aggressive,0.602393
ago,0.0905552
agreement,0.2767
agreements,0.536424
aims,0.441657
alarmingly,0.723986
all,0.00586371
allies,0.417628
allowed,0.216954
almost,0.110625
also,0.0183749
amount,0.216954
an,0
and,0
announced,0.121593
announcement,0.34512
announcements,0.608242
another,0.0696469
answer,0.166489
any,0.0384678
anyway,0.480801
appear,0.198472
appeared,0.1936
apply,0.26104
approach,0.216954
approval,0.323172
are,0.00580787
area,0.166489
areas,0.290878
argued,0.26104
argument,0.20747
arise,0.303345
arose,0.248937
aroused,0.409674
arrangements,0.320064
as,0
at,0
attitude,0.341833
awakening,0.441657
away,0.100303
back,0.0453319
bad,0.189913
badly,0.303345
balance,0.2767
ban,0.441657
bargaining,0.382632
based,0.303345
basic,0.341833
battle,0.237616
be,0
because,0.0416798
become,0.11715
been,0.00591956
before,0.0317536
begin,0.152447
belief,0.293675
believe,0.175643
believed,0.237616
believes,0.26104
belongs,0.303345
belt,0.359208
between,0.0883783
birthday,0.320064
bitter,0.229185
blow,0.20747
blundered,0.480801
bodies,0.26104
both,0.0416798
breakdown,0.531266
briefly,0.303345
bring,0.121593
broad,0.239923
brought,0.0953615
building,0.166489
but,0.00288013
buy,0.198472
by,0
call,0.133292
came,0.0776255
can,0.0244697
capacity,0.320064
capital,0.27404
carry,0.159328
catastrophe,0.441657
caused,0.209484
caution,0.288081
certain,0.145827
chance,0.166489
change,0.159328
chief,0.166489
chiefly,0.288081
clear,0.152447
clearly,0.198472
climate,0.2767
cocky,0.723986
cold,0.202325
come,0.0821099
commitments,0.608242
common,0.166489
compel,0.480801
completed,0.226981
complex,0.409674
concerned,0.21906
concessions,0.602393
conclusion,0.27404
concrete,0.480801
conference,0.21906
confident,0.26104
confirm,0.303345
conflict,0.27404
confrontation,0.731015
confronted,0.382632
connection,0.303345
consent,0.237616
consultation,0.288081
consulted,0.288081
contact,0.382632
continued,0.159328
control,0.198472
convenient,0.320064
conversations,0.382632
convinced,0.31218
core,0.382632
could,0.031454
councils,0.531266
countries,0.253771
created,0.237616
crucial,0.485469
current,0.226981
dampened,0.723986
danger,0.200398
dangerously,0.531266
dated,0.531266
deadlock,0.485469
dealt,0.359208
debates,0.480801
decided,0.139447
decisive,0.338547
define,0.441657
deliberations,0.723986
delicate,0.248937
delivered,0.226981
demand,0.21906
demonstrated,0.531266
denunciation,0.723986
desirable,0.362696
despite,0.26104
deteriorating,0.723986
deterioration,0.723986
determination,0.323172
determined,0.303345
did,0.0573091
diplomacy,0.445945
diplomatic,0.441657
directorate,0.723986
disabuse,0.723986
disagreement,0.409674
disapproval,0.602393
disarmament,0.531266
discussion,0.320064
discussions,0.480801
disunity,0.723986
do,0.0308549
doorstep,0.485469
down,0.0562175
dragged,0.382632
drama,0.382632
dress,0.226981
early,0.0828994
ease,0.248937
economic,0.320064
effort,0.163968
efforts,0.20747
either,0.159328
elements,0.359208
emphasized,0.480801
encounter,0.290878
encounters,0.602393
end,0.0867108
enter,0.20747
episode,0.531266
episodes,0.723986
equally,0.237616
equation,0.602393
erroneous,0.531266
especially,0.166489
even,0.0723001
events,0.248937
eventual,0.536424
eventually,0.288081
evidence,0.189913
example,0.189913
exchange,0.293675
exchanges,0.731015
executive,0.303345
expectation,0.338547
experience,0.237616
exploit,0.409674
extending,0.359208
fact,0.155408
factor,0.409674
factors,0.409674
far,0.085877
fatal,0.359208
favor,0.2767
favorable,0.485469
feeling,0.159328
feelings,0.303345
felt,0.153927
final,0.175643
find,0.127345
firm,0.139447
first,0.0182015
flexible,0.480801
for,0
forces,0.26104
foreign,0.183517
formal,0.30629
formulating,0.602393
forth,0.198472
forthcoming,0.602393
frank,0.386347
fresh,0.20747
from,0
fruitful,0.409674
full,0.105388
further,0.133292
future,0.145827
general,0.110625
genuine,0.320064
give,0.107435
global,0.602393
going,0.0962874
got,0.0725475
government,0.145827
grave,0.251354
greater,0.159328
greatly,0.26104
ground,0.152447
grounds,0.27404
had,0.0124941
hand,0.116023
hard,0.127345
hardly,0.152447
has,0
hat,0.26104
have,0.00920716
he,0.00658969
heads,0.21906
heavily,0.248937
heightened,0.409674
held,0.0768791
high,0.0448961
him,0.0384678
himself,0.147243
his,0.00324015
hold,0.159328
holds,0.226981
hope,0.160874
hoped,0.216954
hopeful,0.338547
hopes,0.189913
however,0.106411
ideological,0.602393
if,0.0384678
illusion,0.382632
illusory,0.723986
implement,0.480801
impossible,0.226981
impotency,0.723986
impression,0.248937
improving,0.320064
impunity,0.531266
in,0
inaugural,0.602393
inauguration,0.723986
incident,0.409674
inclination,0.303345
including,0.152447
increased,0.21906
indicated,0.198472
inevitable,0.320064
inflexible,0.531266
informal,0.61409
informed,0.226981
inherited,0.441657
initial,0.536424
initiative,0.602393
inner,0.341833
inquiries,0.338547
inroads,0.480801
insistence,0.608242
instincts,0.531266
intense,0.441657
intentions,0.288081
interest,0.139447
international,0.32396
interpret,0.359208
intervention,0.480801
intimated,0.602393
into,0.0212197
introduced,0.226981
involve,0.338547
is,0
issue,0.173954
issued,0.27404
issues,0.413651
it,0
its,0.0183749
judge,0.181752
kitchen,0.27404
knew,0.153927
known,0.159328
largely,0.288081
last,0.0254109
late,0.110625
later,0.0962874
leader,0.223584
leaders,0.20747
least,0.121593
led,0.116023
less,0.159328
lest,0.248937
letter,0.229185
levels,0.359208
light,0.173954
little,0.0813204
long,0.0562175
lower,0.216954
lull,0.441657
m,0.100303
machinery,0.338547
made,0.0150363
magic,0.303345
mainly,0.359208
major,0.202325
make,0.0578549
making,0.085877
man,0.0523619
many,0.0562175
masked,0.441657
may,0.0533786
mean,0.166489
measure,0.20747
meet,0.105388
meeting,0.134038
meets,0.382632
men,0.0776255
met,0.166489
midst,0.26104
might,0.0940719
military,0.1936
miscalculation,0.723986
misunderstanding,0.531266
months,0.105388
mood,0.248937
more,0.00870034
moves,0.290878
nations,0.263574
nature,0.173954
near,0.133292
necessary,0.181752
negotiate,0.531266
negotiating,0.723986
negotiation,0.441657
negotiations,0.508808
neither,0.152447
neutral,0.490137
neutralized,0.602393
new,0.012267
news,0.166489
next,0.0641925
no,0.00614293
nomination,0.480801
nor,0.139447
not,0.00315706
notions,0.320064
now,0.0178548
nuclear,0.494805
objective,0.480801
occasion,0.226981
of,0
often,0.139447
old,0.0528703
on,0
one,0
ones,0.166489
only,0.0210156
onus,0.723986
opinion,0.173954
opportunity,0.231388
or,0.012267
organs,0.409674
other,0.00603124
out,0
outlook,0.409674
over,0.0150363
overreach,0.723986
own,0.0875445
pains,0.288081
panic,0.382632
part,0.0768791
particularly,0.198472
past,0.0641925
pause,0.237616
peace,0.189913
penetration,0.409674
perhaps,0.160874
period,0.166489
permitted,0.226981
personal,0.221167
picture,0.20747
plain,0.21906
planned,0.226981
plans,0.173954
play,0.121593
policies,0.441657
policy,0.229185
political,0.216954
poor,0.173954
position,0.1936
possibility,0.239923
possible,0.0953615
power,0.134586
preceded,0.320064
precisely,0.303345
pressure,0.239923
pressures,0.723986
prevent,0.189913
principal,0.237616
principle,0.303345
pro,0.288081
probably,0.152447
probe,0.723986
problem,0.195444
problems,0.248937
produced,0.253771
progress,0.263574
propaganda,0.731015
proposes,0.480801
prospects,0.359208
prove,0.226981
provided,0.226981
purpose,0.173954
put,0.0905552
question,0.142155
questions,0.20747
quick,0.198472
raised,0.209484
range,0.26104
rather,0.116023
reaching,0.263574
reaction,0.382632
reactions,0.723986
real,0.134586
realities,0.441657
reason,0.156888
reconsider,0.531266
reflected,0.303345
relations,0.189913
relationships,0.602393
reluctantly,0.441657
rely,0.441657
replied,0.237616
reported,0.189913
resist,0.27404
response,0.382632
result,0.128581
resumed,0.26104
resumption,0.531266
review,0.338547
rule,0.181752
running,0.181752
s,0
said,0.0178548
salutary,0.602393
same,0.0914343
satisfy,0.288081
saw,0.121593
schedules,0.531266
scope,0.409674
seasoned,0.441657
secretly,0.382632
sense,0.166489
series,0.20747
served,0.159328
session,0.24223
set,0.065439
settlement,0.382632
sharp,0.226981
shift,0.359208
shifting,0.382632
should,0.0683203
shrewd,0.386347
sided,0.441657
significance,0.359208
simultaneous,0.485469
since,0.0523619
single,0.139447
size,0.189913
smiles,0.27404
so,0.037735
sooner,0.248937
sparing,0.531266
spirit,0.172954
split,0.303345
spotlight,0.602393
spread,0.209484
stakes,0.480801
stalemate,0.723986
statement,0.198472
still,0.0768791
strengthen,0.382632
strengthened,0.441657
stressed,0.480801
strong,0.147243
stronger,0.20747
struggle,0.288081
such,0.0416798
suggested,0.263574
summit,0.471672
summitry,0.723986
take,0.0648158
talk,0.152447
talked,0.237616
talks,0.26104
task,0.26104
tended,0.480801
tension,0.480801
tensions,0.723986
terms,0.226981
test,0.221167
testing,0.723986
tests,0.541582
than,0.0150363
that,0
the,0
them,0.0275134
there,0.012267
these,0.0648158
they,0.00285244
third,0.100303
this,0.00575202
those,0.0533786
three,0.0212197
through,0.0448961
throughout,0.181752
thus,0.189913
time,0.0226479
timely,0.409674
times,0.133292
timing,0.536424
to,0
together,0.0905552
told,0.0768791
too,0.0732518
took,0.0905552
tough,0.382632
toughness,0.608242
toward,0.160874
traditional,0.382632
tripartite,0.723986
troubled,0.303345
try,0.153927
turned,0.152447
turning,0.237616
two,0.0119262
unchecked,0.602393
under,0.0342612
understand,0.20747
undue,0.441657
unnecessary,0.320064
up,0.0180282
urgency,0.409674
urgent,0.288081
value,0.209484
veteran,0.303345
veto,0.731015
view,0.168105
views,0.290878
vigorous,0.382632
vital,0.323172
want,0.11715
wanted,0.147243
war,0.211498
warn,0.338547
warnings,0.441657
was,0
way,0.0567633
we,0.0448961
weakened,0.382632
weakness,0.248937
weapons,0.323172
week,0.0578549
well,0.0528703
went,0.0768791
were,0.00619878
what,0.0308549
when,0.0150363
whether,0.127345
which,0.00293552
while,0.0523619
who,0
wide,0.139447
will,0
willingness,0.413651
with,0
word,0.145827
words,0.175643
worked,0.198472
world,0.0573091
worse,0.173954
would,0.0127213
wrecked,0.409674
year,0.0251756
