A,0.00288049
Adequate,0.724032
All,0.110632
American,0.142287
And,0.0683246
Apart,0.441685
Association,0.276736
At,0.0683246
Broadly,0.724032
But,0.0249465
By,0.159338
Catholic,0.453704
Catholics,0.480831
Chapter,0.536492
Church,0.261057
Civil,0.480831
Commenting,0.724032
Community,0.602432
Competent,0.724032
Dame,0.369762
Diocesan,0.724032
European,0.359231
Even,0.181764
Expressions,0.724032
For,0.0905609
Had,0.226995
I,0.0147509
In,0.00608966
It,0.0121571
Just,0.189925
Mollusks,0.724032
Much,0.288099
Notre,0.620092
Official,0.724032
Outside,0.441685
President,0.189925
Professors,0.731107
Religious,0.480831
Service,0.288099
The,0
There,0.0395813
They,0.0377374
This,0.0388438
Those,0.166499
Though,0.189925
To,0.106425
Today,0.441685
University,0.200424
Viewing,0.724032
When,0.0813255
Word,0.4097
Yet,0.185316
``,0.0736856
a,0
about,0.0116998
above,0.181764
academic,0.64364
acclimatized,0.724032
accomplished,0.303364
accomplishment,0.4097
achievement,0.425714
achieves,0.724032
acted,0.261057
actual,0.320085
actually,0.221208
adaptation,0.602432
adequate,0.390135
adequately,0.480831
administers,0.724032
administrative,0.5313
advance,0.248953
advisers,0.382657
advisory,0.5313
all,0.0058086
allocation,0.724032
almost,0.110632
already,0.1333
also,0.0183794
an,0
and,0
anomalies,0.724032
another,0.0683246
any,0.0388438
anything,0.207483
apparent,0.237631
appeals,0.413703
appreciate,0.341877
aptly,0.602432
are,0.00682042
areas,0.288099
arithmetical,0.724032
arrangements,0.320085
artificial,0.288099
as,0
aspect,0.323212
at,0
atmosphere,0.261057
attainment,0.724032
attending,0.261057
authorities,0.345185
authority,0.219088
automatically,0.441685
awareness,0.602432
baneful,0.724032
basic,0.338568
basis,0.251386
be,0
becomes,0.263608
been,0.00620209
being,0.0607514
best,0.0813255
better,0.10129
between,0.087561
beyond,0.173966
biologist,0.724032
biology,0.5313
bishops,0.441685
block,0.303364
blunts,0.602432
boards,0.382657
both,0.0412816
boycott,0.724032
brand,0.382657
breed,0.288099
brethren,0.4097
broad,0.237631
brought,0.0953676
business,0.0972315
busy,0.237631
but,0.00313137
by,0
caliber,0.731107
called,0.0914459
campus,0.724032
can,0.0244728
cancel,0.602432
capabilities,0.602432
case,0.10325
cause,0.216968
cease,0.226995
centuries,0.4097
certain,0.147261
certainly,0.207483
chance,0.166499
character,0.274057
citizenship,0.724032
class,0.261057
clear,0.152457
clearly,0.200424
clerical,0.382657
closely,0.279414
closer,0.237631
clustered,0.480831
co,0.320085
collections,0.382657
college,0.26355
colleges,0.425714
collegiate,0.724032
come,0.0821203
commented,0.382657
committees,0.441685
communication,0.345185
communities,0.48553
community,0.295482
compensation,0.614206
complete,0.173966
comradeship,0.608319
concerned,0.216968
conclusions,0.602432
conditions,0.290915
conducted,0.248953
conferences,0.4097
confirming,0.4097
considerably,0.274057
considered,0.191781
contributed,0.288099
contribution,0.359231
control,0.200424
corps,0.345185
could,0.0314599
country,0.1216
course,0.1216
coveted,0.602432
create,0.261057
creation,0.248953
creative,0.48553
curious,0.248953
cutting,0.288099
de,0.266159
debates,0.480831
decades,0.602432
decision,0.175666
decisions,0.362741
declines,0.441685
dedicated,0.4097
deeper,0.251386
defense,0.338568
definitive,0.724032
degree,0.216968
delegate,0.602432
demand,0.221208
democracy,0.441685
democratic,0.441685
depreciation,0.602432
derive,0.4097
description,0.261057
deserves,0.303364
destroying,0.441685
detachment,0.480831
development,0.216968
devotion,0.4097
dichotomy,0.724032
different,0.189925
difficult,0.239953
difficulty,0.274057
dimension,0.5313
diocesan,0.745258
direct,0.216968
discrepancy,0.602432
dissatisfaction,0.382657
distinguished,0.320085
do,0.0308569
does,0.109515
done,0.105395
doubt,0.181764
down,0.0562211
dramatic,0.382657
drawing,0.226995
drawn,0.237631
duplication,0.731107
e,0.323212
earlier,0.200424
early,0.0813255
earning,0.441685
earth,0.181764
eating,0.248953
edge,0.216968
education,0.176261
educational,0.446001
effect,0.140819
elementary,0.441685
elsewhere,0.276736
emerges,0.724032
employee,0.731107
employees,0.450317
encouragement,0.320085
enough,0.111713
enrollments,0.724032
enterprise,0.369762
enthusiasm,0.303364
envision,0.724032
ersatz,0.724032
esprit,0.738182
establishing,0.4097
establishment,0.306329
even,0.06966
ever,0.0905609
evolutionary,0.441685
exaggerate,0.48553
exaggerated,0.5313
example,0.191781
excellence,0.309293
except,0.166499
existence,0.279414
existing,0.359231
expects,0.320085
explains,0.338568
explanation,0.276736
extending,0.359231
extremely,0.320085
faced,0.248953
fact,0.159906
faculty,0.423789
failure,0.303364
faked,0.602432
familiar,0.248953
family,0.138511
fashion,0.216968
fatal,0.359231
feel,0.127353
feeling,0.159338
few,0.0962995
field,0.145836
finishing,0.338568
firm,0.139456
first,0.0183794
flattering,0.338568
for,0
form,0.152457
formally,0.303364
found,0.0905609
founded,0.338568
framed,0.441685
friends,0.159338
from,0
funds,0.219088
future,0.148687
g,0.480831
gaining,0.338568
gamble,0.614206
general,0.110632
generally,0.166499
generosity,0.4097
generously,0.441685
give,0.105395
given,0.0813255
goaded,0.602432
goals,0.480831
goes,0.181764
good,0.0660786
government,0.145836
grade,0.480831
grips,0.5313
group,0.116038
guarantee,0.5313
happens,0.274057
happy,0.145836
hardly,0.153947
hardship,0.382657
has,0
have,0.00963617
he,0.00597724
here,0.064824
high,0.0453377
higher,0.177888
highest,0.191781
him,0.0381062
hiring,0.602432
his,0.002992
history,0.159338
how,0.0776353
however,0.109515
i,0.359231
idealism,0.724032
identification,0.745258
identified,0.320085
if,0.0377374
illusion,0.382657
illustrate,0.441685
imagine,0.248953
immigrant,0.5313
implement,0.480831
import,0.4097
imposed,0.338568
impressive,0.338568
in,0
inapt,0.724032
indeed,0.207483
indispensable,0.338568
individual,0.193637
informal,0.602432
inhomogeneous,0.724032
initiative,0.602432
institution,0.458949
institutions,0.504325
intangible,0.602432
intangibles,0.724032
intentions,0.288099
interested,0.226995
interesting,0.248953
interests,0.338568
into,0.0212224
intra,0.724032
invests,0.602432
involved,0.181764
is,0
isolated,0.441685
issue,0.173966
it,0
its,0.0182049
itself,0.18354
junior,0.288099
just,0.076884
key,0.181764
kind,0.135905
knit,0.359231
larger,0.219088
lay,0.168126
layman,0.724032
leading,0.198484
learning,0.229213
level,0.198484
levels,0.359231
life,0.127353
likely,0.207483
limited,0.237631
line,0.159338
lines,0.152457
loath,0.441685
low,0.159338
luncheon,0.323212
made,0.0151833
maintenance,0.338568
major,0.204303
make,0.0562211
making,0.087561
man,0.0533887
market,0.207483
marvel,0.413703
matter,0.112794
mature,0.338568
may,0.0549238
me,0.110632
means,0.153947
mechanism,0.5313
mechanisms,0.731107
meetings,0.320085
member,0.145836
members,0.112604
membership,0.480831
mentioned,0.226995
merely,0.180765
met,0.166499
might,0.0905609
miles,0.207483
minorities,0.724032
miracle,0.320085
mission,0.382657
more,0.00946612
mortal,0.338568
most,0.0345982
much,0.0683246
mural,0.602432
must,0.0813255
my,0.0813255
natural,0.248953
nature,0.173966
necessary,0.185316
need,0.10325
needed,0.127353
needs,0.202363
negative,0.382657
net,0.303364
never,0.0914459
nevertheless,0.303364
new,0.0118141
no,0.00614587
not,0.00341013
noted,0.288099
nothing,0.152457
nourished,0.5313
now,0.0180304
number,0.106425
obvious,0.306329
of,0
official,0.219088
oft,0.359231
often,0.139456
on,0
one,0
only,0.0212224
operates,0.4097
operation,0.189925
opinion,0.173966
opposed,0.248953
or,0.0126145
order,0.117164
ordinary,0.226995
organization,0.253818
organs,0.4097
orientation,0.731107
other,0.00586481
otherwise,0.229213
our,0.0791379
ourselves,0.226995
out,0
outlook,0.4097
outside,0.20951
outsider,0.5313
outsiders,0.602432
over,0.014895
owe,0.323212
own,0.087561
ownership,0.5313
owns,0.458949
paid,0.143545
paradox,0.4097
parish,0.4097
parochial,0.546876
part,0.0776353
participation,0.759408
particular,0.216968
particularly,0.204303
partners,0.320085
past,0.064824
pastors,0.5313
pattern,0.261057
peculiar,0.274057
personnel,0.413703
phrase,0.359231
picture,0.20951
pictured,0.480831
piety,0.441685
pitifully,0.5313
place,0.0914459
point,0.131086
policy,0.229213
position,0.189925
positions,0.382657
possibility,0.239953
possible,0.0972315
potential,0.536492
power,0.1333
practices,0.338568
pre,0.290915
pressing,0.359231
principles,0.320085
private,0.162452
problem,0.201061
processes,0.480831
produces,0.441685
product,0.303364
profession,0.274057
professional,0.309293
project,0.189925
promotion,0.320085
prone,0.386396
protective,0.602432
public,0.10031
purpose,0.173966
pursuit,0.303364
qualifications,0.536492
qualified,0.338568
question,0.140819
questions,0.207483
quickly,0.207483
rank,0.237631
rapidly,0.226995
rather,0.118298
read,0.145836
real,0.135905
realize,0.359231
realized,0.382657
really,0.173966
reason,0.153947
reasons,0.173966
recent,0.159338
recruiting,0.724032
reduced,0.248953
refer,0.4097
reference,0.338568
regarded,0.276736
relatively,0.413703
religious,0.276363
repeated,0.248953
report,0.164009
represent,0.320085
resembled,0.4097
resembles,0.480831
reserved,0.303364
reservoir,0.5313
resolution,0.261057
resourcefulness,0.724032
responded,0.4097
responsibility,0.393875
result,0.127353
retrospect,0.5313
riot,0.480831
run,0.0813255
s,0
sacrifice,0.263608
sacrifices,0.441685
salaries,0.724032
salary,0.338568
same,0.0914459
satisfactory,0.338568
satisfying,0.446001
scene,0.216968
scheme,0.303364
scholar,0.338568
school,0.10325
schools,0.219088
scrutiny,0.441685
second,0.0962995
secular,0.602432
security,0.276736
see,0.0654513
seem,0.156927
seems,0.181764
seldom,0.263608
select,0.4097
sense,0.176261
sensitive,0.338568
served,0.160895
services,0.216968
set,0.0641966
shell,0.341877
should,0.0703276
show,0.10031
significance,0.359231
significant,0.320085
similar,0.207483
simple,0.20951
simply,0.229213
situation,0.181764
size,0.189925
small,0.116031
so,0.0388438
some,0.0247097
something,0.1333
sounding,0.320085
sparks,0.480831
speaking,0.189925
special,0.1216
specialized,0.5313
speculating,0.5313
spell,0.320085
spirit,0.17138
spreads,0.441685
springs,0.338568
staffed,0.724032
stage,0.193637
starting,0.274057
state,0.0905609
statement,0.198484
stems,0.382657
stereotype,0.602432
stimulus,0.5313
strain,0.359231
strength,0.166499
strike,0.181764
structured,0.602432
student,0.237631
students,0.306329
subsidized,0.724032
substitute,0.359231
such,0.0432987
suggestions,0.338568
sum,0.320085
supernatural,0.4097
support,0.155437
suspects,0.441685
symbol,0.382657
system,0.185316
table,0.200424
taken,0.0905609
taking,0.1216
teacher,0.345185
teachers,0.362741
teaching,0.282092
technique,0.724032
tell,0.127353
temper,0.237631
temperament,0.5313
tended,0.480831
tension,0.480831
tenure,0.745258
term,0.198484
terms,0.226995
test,0.216968
than,0.0154716
that,0
the,0
their,0.00921105
them,0.0275152
there,0.0127288
therefore,0.189925
they,0.00288049
thing,0.1216
think,0.0953676
this,0.00653936
those,0.0544121
though,0.145836
three,0.0212224
through,0.0448989
tightly,0.4097
titles,0.4097
to,0
today,0.122789
tone,0.303364
too,0.0739701
top,0.116031
total,0.158416
totals,0.602432
training,0.359231
truth,0.18354
turn,0.117164
two,0.0118141
underestimate,0.724032
understand,0.207483
understandable,0.602432
unified,0.602432
uniquely,0.724032
universities,0.48553
university,0.330044
unlike,0.288099
up,0.017856
upon,0.1216
use,0.0953676
useful,0.320085
value,0.207483
varying,0.382657
versed,0.602432
very,0.0981634
vital,0.320085
want,0.116031
warning,0.216968
was,0
wasteful,0.536492
way,0.0562211
we,0.0453377
weakness,0.248953
well,0.0533887
were,0.00575239
what,0.0308569
where,0.0448989
which,0.00329863
while,0.0533887
who,0
whole,0.145836
whose,0.116031
why,0.145836
will,0
with,0
within,0.127353
without,0.0607514
women,0.152457
wonder,0.207483
work,0.0607514
world,0.0562211
worse,0.173966
would,0.0119285
wrong,0.189925
years,0.0277841
zeal,0.338568
