A,0.00290273
Accounting,0.602034
Act,0.502422
Adam,0.319873
Aeronautics,0.723554
Aircraft,0.723554
America,0.216825
American,0.127269
Anatole,0.602034
And,0.0682796
Arkansas,0.358994
Armed,0.441394
Arnold,0.40943
As,0.0768333
Association,0.273877
At,0.0682796
Aug,0.358994
Before,0.181644
Board,0.287909
Boston,0.287909
Business,0.382404
But,0.02422
Capitalism,0.723554
Civil,0.480514
Clayton,0.445418
Coal,0.602034
Committee,0.216825
Company,0.344515
Compare,0.53095
Congress,0.303164
Congressman,0.484896
Connecticut,0.441394
Coronado,0.602034
Court,0.216825
Daily,0.602034
Danbury,0.723554
David,0.248789
Defense,0.441394
Department,0.303164
Don,0.216825
Eighteenth,0.602034
Electric,0.489277
Engaging,0.53095
England,0.207346
English,0.216825
Fisher,0.53095
Folklore,0.723554
France,0.260884
Frank,0.216825
Friday,0.173851
General,0.241805
Government,0.303164
Griffin,0.602034
Hartley,0.602034
Hatters,0.723554
He,0.0147412
His,0.100244
Hoffa,0.723554
However,0.166389
Human,0.382404
Hypocrisy,0.602034
If,0.0970428
In,0.00611553
Indeed,0.207346
Industrial,0.723554
International,0.319873
It,0.0119053
John,0.0725043
Justice,0.358994
Kowalski,0.602034
L,0.207346
LaGuardia,0.723554
Labor,0.305928
Landrum,0.723554
Let,0.207346
Loewe,0.723554
Machinists,0.723554
Martin,0.29316
McClellan,0.623993
Mine,0.287909
Monday,0.139364
Mr,0.127269
National,0.1898
Nations,0.338345
Naturally,0.53095
Nebraska,0.53095
Neither,0.260884
New,0.0641543
Norris,0.723554
Of,0.133212
Once,0.198353
Or,0.226846
P,0.193261
Paradoxically,0.602034
Parliament,0.382404
People,0.287909
Pp,0.723554
Quite,0.273877
Recovery,0.723554
Rep,0.535791
Report,0.480514
Sam,0.303164
Saturday,0.159233
Savage,0.480514
Section,0.53095
Sen,0.382404
Senator,0.42063
Sept,0.382404
Services,0.480514
Sherman,0.385891
Should,0.273877
Smith,0.216825
States,0.198353
Sunday,0.139364
Supreme,0.382404
Taft,0.723554
The,0
There,0.0377126
This,0.0377126
Those,0.166389
Thurman,0.723554
Thursday,0.237474
Tuesday,0.159233
Uncle,0.53095
Under,0.248789
United,0.193261
Wagner,0.441394
We,0.0905012
Wealth,0.480514
Wednesday,0.198353
Week,0.40943
Westinghouse,0.602034
What,0.12152
Why,0.173851
Without,0.216825
Workers,0.602034
York,0.166389
``,0.0639615
a,0
abolish,0.441394
about,0.0116921
abuses,0.607524
acceptance,0.290535
according,0.133212
accuse,0.338345
act,0.165041
action,0.139364
activities,0.358994
activity,0.303164
acts,0.290535
addition,0.200162
advanced,0.248789
advertising,0.358994
advocating,0.723554
affair,0.260884
after,0.0211946
again,0.105326
against,0.0694192
agricultural,0.53095
aimed,0.385891
air,0.166389
airlines,0.723554
all,0.00595827
allegedly,0.730152
alleging,0.602034
allocate,0.723554
allocated,0.602034
allowing,0.319873
almost,0.110559
along,0.0858258
ambition,0.338345
amend,0.480514
an,0
and,0
answer,0.167907
antagonism,0.723554
anti,0.437558
any,0.0408075
application,0.338345
applied,0.260884
are,0.00611553
argue,0.385891
argument,0.207346
article,0.358994
artificial,0.287909
as,0
asked,0.100244
assuring,0.40943
at,0
atmosphere,0.260884
attacked,0.338345
attempt,0.216825
attempted,0.260884
attempting,0.358994
attending,0.260884
attention,0.237474
attract,0.319873
attributable,0.723554
authorize,0.602034
average,0.248789
back,0.0448693
bags,0.358994
bargaining,0.406813
based,0.303164
basic,0.338345
be,0
beating,0.273877
became,0.127269
because,0.0412544
become,0.117011
becomes,0.263263
been,0.00580101
begging,0.338345
behalf,0.338345
being,0.0612203
bill,0.200162
billed,0.53095
boys,0.207346
branches,0.248789
brand,0.382404
bridges,0.441394
broke,0.166389
brought,0.0961738
built,0.198353
business,0.0987809
but,0.0030067
by,0
can,0.0248826
cannot,0.134427
carpenters,0.441394
case,0.101158
century,0.308693
charges,0.287909
circumstances,0.260884
citizens,0.319873
classes,0.441394
clearly,0.198353
collective,0.511185
combinations,0.480514
combining,0.484896
commerce,0.489277
committee,0.237474
commodities,0.602034
commodity,0.613014
common,0.166389
company,0.124844
compete,0.484896
competing,0.53095
competition,0.445418
competitive,0.53095
competitors,0.53095
complete,0.175436
completely,0.237474
complex,0.40943
concert,0.34143
conditions,0.287909
conduct,0.287909
conferences,0.40943
confidence,0.226846
consent,0.237474
considered,0.19153
conspiracies,0.723554
conspiracy,0.350686
conspirators,0.441394
constituted,0.53095
consumer,0.480514
consumers,0.723554
contendere,0.723554
continue,0.181644
contract,0.287909
contractor,0.53095
control,0.207397
convert,0.338345
convicted,0.413163
conviction,0.319873
corn,0.319873
corporate,0.53095
corporation,0.441394
corresponding,0.319873
corruption,0.358994
costly,0.338345
costs,0.319873
could,0.0311177
court,0.139364
courts,0.305928
create,0.260884
creating,0.358994
criminal,0.358994
culpas,0.723554
customs,0.480514
day,0.0412544
decided,0.139364
declared,0.167907
decree,0.382404
deemed,0.358994
defective,0.40943
defends,0.602034
delayed,0.338345
demand,0.218802
denounced,0.480514
deny,0.218802
designed,0.207346
devised,0.480514
dictatorship,0.602034
did,0.0566963
direct,0.216825
disclosed,0.287909
disclosures,0.53095
displayed,0.319873
disputes,0.338345
disrepute,0.723554
does,0.105326
dogs,0.273877
don,0.159233
done,0.105326
drive,0.139364
drums,0.40943
e,0.319873
each,0.0485603
early,0.0812719
earning,0.441394
economics,0.480514
effect,0.139364
effective,0.268021
eighteenth,0.480514
electrical,0.498041
eliminate,0.441394
elsewhere,0.273877
emasculated,0.723554
empires,0.480514
employees,0.445418
employer,0.53095
employers,0.493659
employment,0.273877
enacting,0.723554
encouragement,0.319873
ending,0.248789
endorse,0.53095
enforcers,0.723554
engage,0.34143
engaged,0.237474
engaging,0.441394
enterprise,0.362268
enterprises,0.53095
equality,0.319873
equally,0.237474
equation,0.602034
equipment,0.303164
equivalent,0.441394
escape,0.237474
evaluating,0.723554
even,0.0689022
event,0.1898
ever,0.0905012
every,0.122628
everybody,0.248789
evoked,0.602034
exactly,0.19153
example,0.1898
excess,0.319873
exchange,0.287909
exemption,0.53095
exercise,0.303164
exist,0.358994
expenses,0.29316
explained,0.207346
expressing,0.287909
extend,0.338345
extended,0.248789
extending,0.362268
extra,0.303164
faced,0.248789
fact,0.152357
factors,0.40943
facts,0.358994
fallacious,0.480514
fallen,0.237474
famous,0.207346
fantastic,0.441394
far,0.0858258
favor,0.273877
features,0.319873
federal,0.276374
fellows,0.287909
felt,0.152357
few,0.0953047
fictitious,0.53095
field,0.147069
fight,0.159233
financial,0.358994
fine,0.133212
first,0.0178442
fixing,0.382404
flex,0.602034
flood,0.40943
flow,0.237474
follow,0.139364
followed,0.166389
foolish,0.226846
footing,0.480514
for,0
forbid,0.287909
forced,0.23964
formation,0.441394
four,0.0601238
fraud,0.40943
freedom,0.237474
freight,0.445418
frequently,0.260884
from,0
function,0.53095
fundamental,0.382404
g,0.480514
game,0.1898
generally,0.166389
generated,0.441394
get,0.0412544
giant,0.358994
giants,0.365541
gigantic,0.382404
goes,0.181644
good,0.0641543
goods,0.347601
govern,0.40943
government,0.147069
granted,0.276374
great,0.0913265
greatest,0.200162
guise,0.480514
had,0.0120119
handed,0.198353
hardly,0.152357
has,0
have,0.00885373
he,0.00574859
heard,0.14574
hearings,0.480514
heavy,0.193261
held,0.0768333
high,0.0448693
hiring,0.602034
his,0.00287673
homes,0.248789
hour,0.115954
hours,0.152357
house,0.110559
how,0.0768333
human,0.226846
hypocrisies,0.53095
ideas,0.273877
ideology,0.723554
if,0.0387442
illegal,0.480514
immunization,0.723554
impersonal,0.602034
implicit,0.445418
imply,0.441394
impolitic,0.602034
imposes,0.723554
improper,0.480514
in,0
included,0.226846
incurred,0.480514
indictment,0.53095
indignation,0.319873
indirect,0.441394
individual,0.1898
individuals,0.382404
industrial,0.441394
industry,0.253326
ineptness,0.723554
inform,0.319873
injunctions,0.53095
intended,0.287909
interest,0.139364
interfered,0.53095
interference,0.362268
international,0.303164
interpretation,0.53095
interrupt,0.319873
interstate,0.602034
into,0.0215777
invoked,0.480514
irrational,0.319873
irrationality,0.723554
is,0
issuance,0.602034
it,0
its,0.0183323
jail,0.358994
judge,0.181644
judgment,0.303164
jurisdictional,0.723554
justified,0.319873
keep,0.152357
kind,0.133212
know,0.0953047
known,0.159233
labor,0.339101
laborers,0.480514
later,0.0953047
latter,0.218802
law,0.134232
laws,0.289623
led,0.115954
legal,0.303164
legislation,0.325707
license,0.319873
like,0.056184
lines,0.152357
local,0.14574
logical,0.480514
long,0.056184
look,0.14574
lost,0.133212
low,0.159233
lower,0.216825
made,0.0148756
majestic,0.441394
make,0.056184
makes,0.1898
management,0.295785
managements,0.602034
manner,0.198353
manufacture,0.602034
manufactured,0.602034
manufacturer,0.445418
manufacturers,0.457493
many,0.0577209
marginal,0.730152
market,0.211127
matter,0.110559
may,0.0523307
mea,0.723554
means,0.152357
measures,0.319873
mechanic,0.53095
mechanics,0.480514
mechanism,0.53095
mercy,0.237474
merely,0.173851
mergers,0.602034
met,0.166389
method,0.287909
might,0.0905012
million,0.181644
missile,0.489277
moment,0.1898
monopolies,0.73675
monopolistic,0.730152
monopoly,0.763141
moral,0.273877
more,0.00885373
most,0.0348653
movement,0.276374
multi,0.53095
muscles,0.480514
must,0.0857184
national,0.166389
necessary,0.1833
necessity,0.303164
need,0.100244
needed,0.127269
neither,0.153746
never,0.0905012
new,0.0120119
nineteenth,0.445418
no,0.00590585
nolo,0.723554
nominal,0.480514
nor,0.141906
not,0.0030327
notion,0.273877
now,0.0178442
number,0.106286
obtained,0.303164
obvious,0.303164
obviously,0.358994
occasional,0.338345
of,0
off,0.0528079
officious,0.382404
on,0
one,0
only,0.0215777
open,0.12152
operate,0.358994
operating,0.441394
operators,0.602034
opinion,0.173851
oppose,0.260884
opposed,0.248789
or,0.0119053
orders,0.248789
ordinary,0.226846
organization,0.248789
organizations,0.480514
organized,0.358994
organizers,0.602034
other,0.00601069
our,0.0775339
out,0
outlawed,0.602034
over,0.0148756
overhead,0.358994
overtime,0.723554
paid,0.140635
palmed,0.602034
paradox,0.40943
pardoned,0.358994
passage,0.226846
past,0.0641543
pay,0.122628
pays,0.32279
penalties,0.607524
perform,0.273877
performed,0.319873
perhaps,0.159233
persuade,0.248789
pieces,0.216825
pious,0.382404
place,0.0921517
placing,0.303164
plagued,0.441394
plain,0.216825
plants,0.226846
play,0.12152
plea,0.338345
policy,0.228914
poor,0.173851
position,0.1898
possibility,0.237474
power,0.133212
practices,0.338345
preoccupied,0.480514
preserve,0.287909
presumably,0.480514
pretends,0.53095
prevent,0.19153
price,0.334457
prices,0.283866
pricing,0.607524
principle,0.305928
privileged,0.382404
problem,0.193261
procedures,0.441394
product,0.305928
production,0.319873
profession,0.273877
program,0.166389
promise,0.216825
proposing,0.441394
prosecution,0.484896
prosecutions,0.723554
protect,0.358994
protection,0.305928
protective,0.602034
provide,0.159233
provoked,0.319873
public,0.102072
publicity,0.303164
purchase,0.287909
purpose,0.175436
question,0.139364
quite,0.166389
railroads,0.53095
raise,0.218802
rates,0.385891
rather,0.115954
rational,0.32279
rationale,0.730152
reacting,0.723554
really,0.173851
reasoning,0.338345
recent,0.159233
recently,0.216825
recognized,0.338345
reduce,0.385891
reform,0.338345
regulated,0.441394
regulation,0.53095
relations,0.19153
relatively,0.413163
remained,0.207346
remains,0.260884
removal,0.382404
reports,0.226846
representing,0.287909
respect,0.198353
restraint,0.287909
restricted,0.480514
restriction,0.602034
result,0.127269
results,0.358994
rich,0.181644
rig,0.602034
right,0.0858258
risk,0.273877
rock,0.303164
ruled,0.237474
s,0
said,0.0178442
same,0.0929769
scapegoats,0.723554
scheme,0.303164
secret,0.181644
seek,0.159233
self,0.1898
sentences,0.338345
seriously,0.273877
set,0.0653243
setting,0.173851
shared,0.303164
ship,0.248789
shocked,0.358994
short,0.14574
should,0.0682796
show,0.100244
shown,0.198353
sign,0.198353
since,0.0523307
sister,0.207346
sites,0.441394
size,0.1898
sleeping,0.287909
small,0.118069
so,0.0387442
social,0.216825
society,0.226846
some,0.0248826
squabbles,0.723554
squarely,0.602034
statement,0.198353
stating,0.480514
status,0.338345
steamship,0.602034
stems,0.382404
stoppages,0.723554
streets,0.1898
strike,0.189926
striking,0.260884
struck,0.177021
structure,0.385891
structured,0.602034
subject,0.207346
subsidy,0.723554
substitute,0.358994
successful,0.200162
successfully,0.338345
such,0.0427591
sued,0.53095
suit,0.228914
sums,0.40943
supply,0.237474
survivors,0.53095
suspend,0.441394
system,0.1833
t,0.0490031
take,0.0647393
taxpayer,0.607524
ten,0.181644
tend,0.287909
than,0.0148756
that,0
the,0
their,0.00917088
them,0.0282493
then,0.0460968
theory,0.362268
there,0.0117987
thereafter,0.53095
these,0.0653243
they,0.00308469
things,0.159233
this,0.00601069
throw,0.1898
thus,0.1898
time,0.0211946
to,0
together,0.0905012
tool,0.441394
tortured,0.480514
trade,0.24397
training,0.358994
transportation,0.42063
travel,0.303164
treat,0.248789
trivial,0.319873
trust,0.280782
trying,0.1898
type,0.260884
unconsciously,0.382404
uncontrolled,0.723554
undefined,0.53095
under,0.0367386
undertaken,0.40943
undertakes,0.53095
unfair,0.40943
union,0.306287
unions,0.574523
unprecedented,0.441394
unresponsive,0.723554
unsupported,0.53095
untrammeled,0.723554
unusual,0.273877
upon,0.122628
us,0.159233
use,0.0953047
usefulness,0.480514
value,0.209237
varied,0.338345
variety,0.226846
vary,0.480514
vehicle,0.338345
very,0.0961738
violation,0.480514
vs,0.480514
wages,0.356856
wall,0.226846
want,0.115954
wants,0.198353
was,0
way,0.0577209
we,0.0452785
week,0.056184
well,0.0523307
were,0.00606311
what,0.0308365
wheat,0.358994
when,0.0148756
where,0.0448693
whether,0.127269
which,0.00311068
while,0.0523307
who,0
whole,0.14574
whose,0.115954
wide,0.140635
will,0
winner,0.441394
wish,0.1833
with,0
without,0.0601238
words,0.175436
work,0.0612203
workers,0.308693
world,0.056184
worth,0.139364
would,0.0124384
writing,0.248789
wrote,0.209237
yet,0.14574
