A,0.00291363
Adam,0.320281
Administration,0.342293
After,0.100371
Afterward,0.481127
Air,0.320281
Aj,0.338776
Albert,0.303551
America,0.217101
And,0.0683666
Anderson,0.446544
Appropriations,0.724477
Arkansas,0.359452
Armed,0.446544
Army,0.249106
As,0.0777299
Asia,0.338776
Asian,0.531627
At,0.0690763
Battle,0.481127
Beach,0.303551
Bennington,0.724477
British,0.291269
But,0.0252579
Calmer,0.724477
Cannon,0.537145
Capitol,0.414207
Carl,0.441956
Castro,0.441956
Caucusing,0.724477
Chairman,0.338776
China,0.363183
Chinese,0.409952
Christian,0.217101
Clarence,0.531627
Clayton,0.441956
Clint,0.537145
Coast,0.320281
College,0.261217
Colmer,0.784641
Committee,0.239638
Committees,0.731998
Communism,0.60906
Communist,0.35636
Communists,0.481127
Congo,0.451132
Congress,0.322457
Congresses,0.724477
Congressman,0.481127
Considering,0.481127
Cuba,0.414207
Cuban,0.382892
Cutting,0.602802
Day,0.192014
Deadly,0.724477
Dealer,0.724477
Dean,0.382892
Defense,0.441956
Democratic,0.34023
Democrats,0.506099
Department,0.303551
Dick,0.338776
Dictator,0.724477
Dixiecrats,0.724477
Dulles,0.724477
Dwight,0.481127
Eisenhower,0.418463
Election,0.481127
Electoral,0.724477
Equal,0.531627
F,0.181876
Fair,0.338776
Fidel,0.531627
For,0.0906166
Force,0.323606
Foreign,0.409952
Foster,0.724477
French,0.214076
Geneva,0.446544
Georgia,0.386867
Gore,0.739518
Group,0.602802
Gulf,0.441956
Harry,0.303551
Havana,0.531627
He,0.0153728
Here,0.174073
Herter,0.739518
Hill,0.227135
His,0.100371
Hong,0.441956
Hopefully,0.724477
Hours,0.531627
House,0.130517
How,0.174073
Howard,0.303551
Hubert,0.724477
Humphrey,0.739518
If,0.0964168
Ike,0.602802
Ilyushin,0.724477
In,0.00605468
Inauguration,0.537145
Indian,0.441956
Indians,0.382892
Indo,0.724477
It,0.011707
Jan,0.303551
John,0.0741039
Johnson,0.409952
Judge,0.223862
Kennedy,0.245997
Khrushchev,0.441956
Kong,0.441956
Laos,0.478659
Laotian,0.60906
Latin,0.274226
Leverett,0.724477
Lexington,0.724477
Marine,0.481127
Massachusetts,0.303551
Mexico,0.359452
Meyers,0.724477
Mills,0.441956
Minnesota,0.481127
Mississippi,0.363183
Mississippians,0.724477
Missouri,0.409952
Mister,0.724477
Nam,0.548183
Nations,0.338776
Navy,0.382892
Negro,0.409952
Negroes,0.531627
New,0.0649029
News,0.602802
Nixon,0.506099
North,0.154134
Okinawa,0.724477
On,0.0813756
One,0.0974074
Pacific,0.382892
Palm,0.441956
Pentagon,0.531627
Political,0.724477
Powell,0.537145
Premier,0.441956
President,0.203851
Privately,0.731998
Question,0.409952
Rayburn,0.564738
Relations,0.382892
Reprisals,0.724477
Republican,0.349327
Republicans,0.409952
Richard,0.183764
Room,0.409952
Rule,0.363183
Rules,0.634089
Rusk,0.602802
Russell,0.481127
Russian,0.370646
S,0.0962606
Said,0.320281
Saltonstall,0.724477
Sam,0.313004
Sea,0.320281
Secretary,0.282766
Senate,0.336905
Senator,0.414207
Senators,0.491116
Services,0.481127
Since,0.198606
Sitting,0.602802
Smith,0.232877
South,0.183764
Southeast,0.414207
Southern,0.303551
Southerner,0.531627
Southerners,0.602802
Soviet,0.363183
Speaker,0.537145
State,0.136151
States,0.198606
Study,0.481127
Task,0.724477
Tennessee,0.481127
That,0.0964168
The,0
There,0.0393286
They,0.0377607
This,0.0381526
Threat,0.724477
Through,0.274226
Truman,0.481127
U,0.162052
Unconscionable,0.724477
United,0.192014
Vice,0.359452
Viet,0.548183
Vinson,0.724477
Virginia,0.359452
War,0.288277
We,0.0906166
West,0.168331
Western,0.277073
What,0.121675
When,0.0813756
While,0.127431
White,0.174073
Wilbur,0.724477
William,0.116102
With,0.116102
Year,0.359452
``,0.0714491
a,0
about,0.0119501
abroad,0.227135
acceptable,0.359452
accompanied,0.288277
acknowledgment,0.481127
act,0.159436
action,0.139542
actions,0.217101
actually,0.217101
add,0.288277
additional,0.217101
admitted,0.229493
adopt,0.320281
advisers,0.382892
affairs,0.237777
after,0.0221214
again,0.107649
against,0.0662365
agents,0.382892
agreed,0.192014
agreeing,0.382892
agreement,0.274226
aircraft,0.724477
all,0.00605468
allies,0.409952
allow,0.20761
ally,0.441956
alone,0.152551
along,0.0859353
also,0.0178669
although,0.200668
always,0.181876
amendment,0.359452
an,0
ancient,0.237777
and,0
announced,0.121675
announcement,0.338776
another,0.0683666
ante,0.531627
anti,0.366915
any,0.0389366
anything,0.20761
appeasement,0.724477
applying,0.382892
are,0.00593518
arenas,0.602802
arms,0.190042
around,0.101413
aroused,0.409952
artillery,0.414207
as,0
asked,0.100371
assignment,0.481127
assignments,0.602802
associate,0.359452
at,0
attempted,0.261217
avoid,0.249106
barrel,0.386867
barriers,0.481127
base,0.192014
battalions,0.602802
battle,0.250118
battleground,0.724477
be,0
became,0.128754
becoming,0.288277
been,0.00581568
before,0.0311964
began,0.106555
beginning,0.181876
benefit,0.237777
best,0.0813756
better,0.100371
between,0.0868274
beyond,0.174073
big,0.137536
bills,0.288277
binding,0.441956
bipartisan,0.724477
bloc,0.531627
blocked,0.409952
blood,0.20761
blunt,0.320281
bottleneck,0.724477
braced,0.441956
breaching,0.602802
break,0.177686
breakoff,0.724477
bring,0.121675
broke,0.166602
brought,0.0954263
but,0.00297289
by,0
calamity,0.441956
calling,0.237777
campaigned,0.724477
can,0.0242509
candidate,0.359452
carriers,0.602802
carry,0.159436
caucus,0.731998
caucuses,0.724477
cautious,0.338776
certain,0.145926
chairman,0.209765
chairmanships,0.724477
chance,0.166602
change,0.159436
chaos,0.441956
chaotic,0.531627
choke,0.441956
choppy,0.724477
chore,0.724477
citizens,0.320281
civil,0.261217
clear,0.152551
climate,0.274226
cloakrooms,0.724477
closed,0.192014
cloture,0.724477
cold,0.20273
commitment,0.602802
committee,0.242714
compromise,0.386867
conferences,0.409952
conflict,0.274226
confront,0.441956
confronted,0.382892
congressional,0.537145
conservative,0.460308
conservatives,0.602802
considered,0.190042
constituents,0.602802
constitutional,0.338776
consulate,0.724477
contrast,0.338776
control,0.198606
controlled,0.382892
convening,0.602802
cool,0.249106
coolheaded,0.724477
costlier,0.724477
could,0.0321579
count,0.261217
counting,0.409952
course,0.122938
courtly,0.531627
coyly,0.724477
cry,0.209765
current,0.227135
cut,0.136151
dangerous,0.217101
day,0.041307
deadlock,0.491116
debate,0.34581
decided,0.143888
decision,0.174073
decisions,0.359452
declaration,0.363183
declined,0.288277
defeated,0.342293
delayed,0.338776
delaying,0.724477
deliberately,0.359452
delivered,0.227135
demand,0.219355
demands,0.288277
depended,0.320281
designate,0.602802
destroyers,0.531627
did,0.0580075
diehard,0.724477
diplomatic,0.446544
discussions,0.481127
district,0.249106
do,0.0311964
doesn,0.227135
done,0.10546
door,0.17588
dour,0.724477
down,0.0562556
drastic,0.537145
drawn,0.237777
dreadful,0.237777
drive,0.139542
drops,0.303551
each,0.0496317
economic,0.320281
effective,0.261217
efforts,0.20761
elect,0.370646
election,0.231851
electors,0.60906
eleven,0.320281
embarrassing,0.531627
embassy,0.537145
emergency,0.382892
employees,0.441956
encouraging,0.306702
end,0.0859353
endure,0.261217
enjoyed,0.249106
equally,0.237777
erupted,0.602802
escaped,0.274226
especially,0.166602
establishment,0.303551
exaggeration,0.441956
excluding,0.602802
experts,0.481127
exposed,0.288277
extension,0.481127
face,0.10546
faced,0.251692
far,0.0859353
favorable,0.486121
federal,0.277073
fellow,0.159436
fifths,0.731998
fight,0.162746
fighting,0.217101
filibuster,0.731998
filibusters,0.724477
final,0.174073
finish,0.237777
first,0.0178669
flatly,0.602802
floor,0.17588
flow,0.237777
for,0
force,0.217101
forces,0.263929
foreign,0.183764
forgive,0.288277
forma,0.724477
fought,0.263929
four,0.0602005
free,0.122938
from,0
front,0.159436
fronts,0.542664
fulfilled,0.382892
full,0.10546
future,0.145926
gait,0.409952
gangling,0.724477
gates,0.249106
gave,0.139542
generally,0.168331
get,0.0417358
give,0.10546
given,0.0813756
go,0.0683666
godliness,0.602802
got,0.0741039
government,0.147441
grace,0.237777
gradually,0.261217
group,0.1107
guerrilla,0.602802
guide,0.274226
had,0.0128007
hands,0.152551
happens,0.274226
hard,0.127431
has,0
have,0.00879662
he,0.00665218
hear,0.159436
heat,0.249106
held,0.0769313
hemisphere,0.441956
here,0.0642361
highest,0.190042
him,0.0385446
his,0.00329882
holds,0.227135
holiday,0.320281
hopes,0.192014
hours,0.152551
huddle,0.531627
huddling,0.724477
immediately,0.181876
important,0.159436
in,0
including,0.152551
increase,0.174073
inferior,0.338776
initially,0.724477
instead,0.181876
internationalist,0.724477
into,0.0212482
intrigue,0.531627
invaded,0.441956
invasion,0.382892
is,0
island,0.359452
issue,0.174073
it,0
its,0.0186088
join,0.20761
joined,0.174073
joint,0.288277
judge,0.181876
keep,0.152551
kept,0.133382
laid,0.198606
last,0.0255096
late,0.1107
launched,0.382892
lead,0.181876
leader,0.20761
leadership,0.359452
leading,0.200668
leaked,0.531627
leaving,0.217101
legislation,0.326931
legislative,0.386867
liberal,0.33358
liberals,0.754559
lieutenants,0.441956
like,0.0562556
limit,0.363183
little,0.0822203
loaded,0.320281
looks,0.190042
loomed,0.602802
lose,0.227135
losing,0.249106
loss,0.198606
lost,0.133382
lukewarm,0.602802
m,0.100371
mad,0.20761
made,0.0152196
majority,0.390841
make,0.0562556
man,0.055661
marines,0.602802
masquerades,0.602802
maverick,0.724477
meeting,0.106555
member,0.147441
members,0.106555
men,0.0769313
menaced,0.531627
mere,0.274226
methods,0.288277
might,0.0906166
military,0.193987
mind,0.181876
moderate,0.274226
modification,0.602802
moral,0.274226
more,0.008887
morning,0.152551
mountainous,0.481127
mourn,0.441956
move,0.145926
much,0.0690763
name,0.127431
namely,0.481127
nation,0.20761
nearly,0.166602
necessary,0.181876
necessity,0.303551
needed,0.128754
neighboring,0.481127
neutralist,0.602802
never,0.0906166
new,0.0124362
news,0.168331
newsmen,0.481127
next,0.0649029
no,0.00575593
none,0.166602
normal,0.409952
northern,0.359452
noses,0.441956
not,0.00303215
notorious,0.531627
now,0.0180524
number,0.10546
numbered,0.481127
object,0.274226
objected,0.359452
of,0
off,0.0551171
offensives,0.724477
offer,0.166602
offered,0.192014
office,0.133382
official,0.217101
officiate,0.602802
often,0.140991
old,0.0523975
ominous,0.441956
on,0
once,0.140991
one,0
only,0.0210299
open,0.121675
operations,0.338776
opinion,0.17588
opportunity,0.229493
or,0.0118285
organized,0.359452
other,0.00605468
our,0.0769313
oust,0.537145
ouster,0.724477
out,0
over,0.0150664
own,0.0877194
pack,0.320281
painful,0.288277
parade,0.288277
parading,0.531627
party,0.161091
passage,0.227135
past,0.0642361
patronage,0.481127
peace,0.190042
perennial,0.531627
permit,0.249106
persons,0.145926
phalanx,0.531627
phone,0.441956
pick,0.249106
piece,0.198606
place,0.0906166
plain,0.217101
plus,0.306702
point,0.127431
policy,0.227135
politely,0.320281
political,0.217101
pork,0.486121
position,0.190042
possibility,0.237777
possible,0.0954263
power,0.137536
powerful,0.237777
precautionary,0.602802
precedent,0.359452
predictably,0.724477
prepared,0.183764
present,0.0915573
presented,0.166602
presidency,0.602802
presidential,0.481127
presiding,0.481127
pressure,0.237777
pretext,0.481127
prevent,0.190042
previous,0.20761
private,0.159436
pro,0.294262
probably,0.152551
prodigal,0.602802
produce,0.237777
program,0.168331
project,0.190042
projects,0.382892
pronounced,0.274226
prospect,0.303551
proud,0.181876
public,0.101413
purged,0.481127
purple,0.303551
question,0.139542
quietly,0.227135
raged,0.481127
ranging,0.320281
rather,0.116102
reached,0.166602
reacted,0.602802
reaction,0.382892
read,0.145926
readiness,0.359452
ready,0.133382
rebellion,0.359452
rebels,0.303551
recent,0.159436
reduce,0.382892
regard,0.217101
rejected,0.261217
relations,0.190042
remove,0.274226
reply,0.217101
report,0.159436
reprisal,0.724477
required,0.209765
rescue,0.320281
resolution,0.263929
respect,0.198606
restrict,0.724477
result,0.127431
resulted,0.409952
retired,0.217101
review,0.338776
ribbons,0.303551
right,0.0859353
rights,0.303551
rounded,0.441956
rules,0.251692
rushed,0.249106
s,0
said,0.0193507
same,0.0915573
saving,0.237777
saw,0.121675
says,0.166602
see,0.0655697
seem,0.152551
seemed,0.177686
segregationist,0.724477
seize,0.288277
self,0.190042
senate,0.441956
senior,0.320281
seniority,0.602802
sent,0.121675
serious,0.181876
session,0.242714
sessions,0.409952
setting,0.174073
settled,0.217101
settlement,0.382892
several,0.100371
sharply,0.274226
short,0.145926
should,0.0690763
shouted,0.274226
signal,0.338776
significant,0.320281
since,0.0523975
situation,0.185652
situations,0.382892
slim,0.359452
sluice,0.531627
smelling,0.359452
solid,0.237777
some,0.0242509
something,0.134767
sons,0.261217
soon,0.139542
sort,0.20761
sorts,0.261217
sought,0.198606
southward,0.382892
space,0.237777
specimen,0.409952
specter,0.724477
speech,0.183764
sponsored,0.409952
staff,0.166602
staffs,0.531627
state,0.0915573
steamed,0.602802
stirred,0.274226
stop,0.166602
streets,0.190042
strip,0.303551
such,0.041307
suddenly,0.20761
sufficient,0.26664
sufficiently,0.288277
summed,0.531627
summoned,0.303551
support,0.155718
supported,0.274226
supporters,0.481127
suspicious,0.320281
swarm,0.409952
swung,0.338776
t,0.0486223
tactic,0.602802
taking,0.121675
tally,0.481127
tanks,0.731998
temporarily,0.409952
tendency,0.338776
tense,0.724477
term,0.198606
terribly,0.338776
th,0.168331
than,0.0150664
that,0
the,0
their,0.00906775
then,0.0463256
thereby,0.359452
thereupon,0.531627
they,0.00306178
thing,0.121675
thirds,0.382892
this,0.00587543
those,0.0523975
threat,0.288277
threatened,0.288277
three,0.0227763
through,0.0453929
throughout,0.181876
thus,0.190042
tight,0.359452
time,0.0214665
to,0
together,0.0906166
too,0.0725967
top,0.118512
total,0.152551
totaled,0.531627
touch,0.159436
traditionally,0.724477
transports,0.481127
treated,0.20761
treatment,0.359452
troops,0.409952
troopships,0.724477
truncated,0.724477
turmoil,0.602802
turned,0.152551
twice,0.181876
two,0.0121931
under,0.0342845
underlying,0.481127
undermining,0.724477
understatement,0.724477
unheard,0.441956
units,0.359452
unless,0.198606
unscathed,0.602802
unspoken,0.531627
until,0.121675
unworkable,0.724477
up,0.0189798
upped,0.724477
used,0.111849
using,0.198606
vantage,0.481127
version,0.531627
very,0.0974074
victory,0.227135
view,0.168331
virtually,0.724477
vote,0.221609
votes,0.418463
voting,0.441956
want,0.116102
wants,0.198606
war,0.224851
was,0
we,0.0449265
week,0.0597595
welcome,0.227135
welfare,0.288277
well,0.0523975
went,0.0769313
were,0.00629368
what,0.0311964
when,0.01476
whether,0.127431
which,0.00294326
whiplash,0.724477
whites,0.481127
who,0
whole,0.145926
whom,0.166602
whose,0.116102
why,0.145926
wide,0.139542
will,0
winning,0.291269
wish,0.181876
with,0
within,0.127431
word,0.145926
words,0.174073
work,0.0614504
world,0.0568396
would,0.0121931
year,0.0242509
years,0.0281037
younger,0.237777
