A,0.00285244
African,0.382632
After,0.101277
Afterwards,0.480801
And,0.0689836
Angeles,0.320064
Anyone,0.531266
Arnold,0.413651
As,0.0806111
At,0.0689836
Augusta,0.637484
Baltimorean,0.723986
Bill,0.239923
Bob,0.30629
British,0.288081
But,0.0254109
Byron,0.413651
Chairman,0.338547
Champion,0.531266
Charlie,0.541582
Clifford,0.531266
Club,0.237616
Coe,0.752102
Collins,0.441657
Course,0.531266
End,0.320064
Even,0.181752
Friday,0.175643
From,0.159328
Gary,0.536424
Golf,0.531266
Half,0.303345
Having,0.320064
He,0.0156092
His,0.101277
Hogan,0.602393
Hyndman,0.723986
I,0.0148931
In,0.00580787
Instant,0.602393
It,0.0119262
Jack,0.189913
January,0.288081
Jones,0.288081
Just,0.189913
Kel,0.723986
Ken,0.602393
Long,0.226981
Los,0.320064
Masters,0.404922
Miami,0.441657
Monday,0.139447
More,0.173954
Nagle,0.723986
National,0.191757
Nelson,0.445945
Nicklaus,0.723986
Now,0.152447
Oklahoma,0.441657
On,0.0860575
Open,0.320064
Palmer,0.658183
Pensacola,0.738044
Player,0.634844
Roberts,0.602393
Rosburg,0.745073
Saturday,0.162421
South,0.181752
Starting,0.536424
Sunday,0.142155
TV,0.480801
The,0
Thereafter,0.602393
They,0.037735
This,0.037735
Thursday,0.244536
Tournament,0.602393
Unlike,0.602393
Until,0.320064
Venturi,0.723986
When,0.0844784
Without,0.216954
``,0.0613278
a,0
able,0.116023
about,0.0120398
accurate,0.531266
acquire,0.409674
across,0.173954
added,0.106411
admitted,0.226981
after,0.0214237
afternoon,0.171338
aggressiveness,0.723986
ago,0.0905552
agonizing,0.602393
ahead,0.279361
all,0.0059754
almost,0.112773
along,0.0867108
already,0.134586
although,0.202325
amateur,0.450232
amazement,0.26104
an,0
and,0
announced,0.121593
another,0.0683203
answered,0.237616
any,0.037735
apartment,0.26104
appeared,0.189913
approach,0.21906
approached,0.27404
around,0.101277
as,0
aspects,0.382632
at,0
attack,0.191757
attacked,0.338547
awed,0.441657
axiomatic,0.723986
back,0.0470755
bad,0.189913
ball,0.206179
barely,0.320064
be,0
become,0.116023
been,0.0059754
began,0.109481
behind,0.185281
being,0.0601597
beside,0.248937
best,0.0813204
better,0.102251
between,0.0875445
biggest,0.26104
birdie,0.745073
birdied,0.745073
birdies,0.731015
bit,0.20747
bite,0.320064
bogey,0.745073
bogeyed,0.738044
bogeys,0.723986
boldly,0.320064
boldness,0.485469
bordering,0.382632
both,0.041279
bounced,0.480801
bound,0.181752
broken,0.226981
brought,0.0953615
bunker,0.608242
bunkered,0.723986
but,0.00296321
by,0
came,0.0783719
can,0.0249403
carried,0.189913
case,0.100303
challenge,0.303345
champion,0.320064
champions,0.323172
championship,0.531266
chance,0.166489
chapter,0.382632
cheer,0.303345
chipped,0.531266
choice,0.20747
chose,0.237616
clear,0.152447
clearly,0.198472
climate,0.27404
closed,0.189913
closest,0.480801
cloudless,0.602393
club,0.198472
clubhouse,0.536424
collect,0.303345
come,0.0813204
comfortable,0.248937
company,0.121593
completed,0.226981
composure,0.320064
confirm,0.303345
consecutive,0.382632
consequences,0.359208
conspicuously,0.531266
contemptuous,0.320064
contender,0.723986
contest,0.338547
could,0.0311545
course,0.129856
crowd,0.198472
d,0.145827
date,0.189913
day,0.0448859
days,0.0953615
deeply,0.288081
defending,0.382632
degrees,0.303345
deliberate,0.409674
depression,0.382632
destined,0.409674
developed,0.251354
did,0.0589465
different,0.189913
difficult,0.237616
direction,0.198472
disappointing,0.531266
disbelief,0.480801
dismal,0.320064
do,0.031454
dogleg,0.723986
dollars,0.338547
dominate,0.723986
double,0.20747
doubted,0.27404
down,0.0562175
downhill,0.723986
dramatic,0.382632
draw,0.20747
drive,0.139447
drizzly,0.602393
drop,0.181752
duel,0.386347
duels,0.480801
early,0.0821099
earnest,0.248937
edge,0.216954
eight,0.11715
else,0.166489
ended,0.200398
enormous,0.338547
enough,0.110625
erratic,0.531266
essentially,0.409674
even,0.0703102
evening,0.173954
eventual,0.531266
ever,0.0923135
every,0.121593
everybody,0.248937
exactly,0.189913
excellent,0.226981
except,0.166489
exceptionally,0.480801
exciting,0.359208
explosive,0.441657
fact,0.152447
fairway,0.61409
fairways,0.731015
far,0.085877
fast,0.152447
feel,0.127345
feet,0.139447
fell,0.159328
fellow,0.159328
felt,0.152447
few,0.0990649
field,0.145827
fifth,0.288081
final,0.18071
finally,0.2767
financial,0.359208
finish,0.237616
finished,0.204252
firmly,0.237616
first,0.019935
five,0.102251
flag,0.338547
fly,0.189913
focus,0.531266
follow,0.139447
foot,0.166489
footer,0.723986
footnotes,0.723986
for,0
forget,0.20747
four,0.0648323
fourth,0.183517
from,0
front,0.159328
full,0.105388
further,0.133292
gallery,0.354981
gambling,0.441657
game,0.1936
gaping,0.382632
geriatric,0.723986
gesture,0.320064
get,0.041279
gifted,0.480801
giving,0.216954
go,0.0683203
golf,0.480248
golfers,0.738044
good,0.0660622
got,0.0732518
graciously,0.480801
gradually,0.26104
gray,0.382632
green,0.200976
greens,0.531266
grimace,0.441657
had,0.0143115
half,0.142155
happened,0.216954
harrowing,0.602393
has,0
hasty,0.303345
have,0.00895375
having,0.168105
he,0.00703645
him,0.0395668
his,0.00348939
hit,0.154322
hitting,0.386347
hole,0.240124
holed,0.723986
holes,0.332494
hoping,0.320064
horde,0.602393
hour,0.118276
how,0.0768791
hundred,0.20747
if,0.0381014
immediately,0.183517
in,0
increased,0.216954
instantly,0.248937
intact,0.531266
intervening,0.441657
into,0.0216277
involved,0.181752
iron,0.263574
is,0
it,0
its,0.0180282
jitters,0.723986
journey,0.237616
just,0.0776255
knew,0.155408
landscape,0.359208
lap,0.303345
large,0.105388
largest,0.216954
last,0.0261167
late,0.111699
later,0.0972132
latter,0.216954
lead,0.185281
leader,0.20747
leading,0.202325
lean,0.320064
least,0.121593
leathery,0.723986
left,0.0867108
let,0.145827
licked,0.409674
like,0.0562175
lining,0.531266
lodged,0.409674
long,0.0567633
lost,0.134586
lot,0.189913
lovely,0.248937
luck,0.2767
made,0.0147499
mano,0.731015
many,0.0578549
mar,0.480801
match,0.320064
meanwhile,0.338547
measuring,0.359208
men,0.0768791
merely,0.173954
meteorological,0.723986
midway,0.602393
minutes,0.147243
misfortune,0.320064
mishap,0.441657
missed,0.26104
missing,0.27404
moist,0.409674
moments,0.320064
month,0.110625
more,0.00886928
most,0.0349265
much,0.0689836
nd,0.541582
nearby,0.480801
nearly,0.166489
neither,0.153927
nerves,0.338547
never,0.0905552
next,0.0648158
nine,0.155408
ninth,0.338547
no,0.00575202
nobody,0.26104
nor,0.139447
northwest,0.602393
not,0.0029909
noticed,0.27404
now,0.0180282
nowhere,0.320064
numerous,0.320064
obliterated,0.480801
obvious,0.303345
of,0
off,0.0543954
official,0.216954
often,0.139447
old,0.0523619
on,0
one,0
only,0.0218318
or,0.0121534
other,0.00575202
out,0
outplayed,0.723986
over,0.0153227
overcome,0.26104
overpowered,0.382632
overshot,0.602393
overtake,0.409674
paired,0.723986
par,0.577687
parklike,0.723986
pars,0.61409
partner,0.226981
past,0.0641925
paycheck,0.602393
people,0.0641925
period,0.166489
personal,0.216954
pieces,0.216954
pine,0.303345
place,0.0914343
played,0.179021
playing,0.208106
plot,0.288081
point,0.128581
poor,0.173954
prestige,0.602393
previous,0.20747
pro,0.288081
proceeded,0.2767
promises,0.27404
proper,0.20747
pros,0.723986
proved,0.229185
proximity,0.480801
pulling,0.27404
punching,0.602393
put,0.0905552
putt,0.759131
putted,0.723986
putter,0.723986
putting,0.248937
quickly,0.20747
quite,0.166489
rainstorm,0.723986
rapidly,0.226981
re,0.116023
reached,0.168105
read,0.145827
real,0.133292
record,0.173954
recover,0.320064
refused,0.26104
remarkable,0.27404
remembered,0.248937
reply,0.216954
rest,0.195444
resumed,0.26104
rivalries,0.602393
rivalry,0.723986
roar,0.290878
roll,0.303345
rolling,0.303345
round,0.176343
rounds,0.417628
s,0
safely,0.237616
said,0.0180282
same,0.0905552
sand,0.338547
sank,0.30629
saw,0.121593
scene,0.216954
score,0.263574
scoreboard,0.602393
scoreboards,0.723986
scorecard,0.723986
scrambled,0.382632
second,0.0990649
see,0.0641925
seem,0.152447
seemed,0.173954
sent,0.121593
separated,0.303345
separating,0.382632
settling,0.338547
seven,0.142155
several,0.100303
shaken,0.27404
shaky,0.480801
share,0.145827
shared,0.303345
short,0.147243
shot,0.215527
shots,0.417628
show,0.100303
sight,0.20747
signed,0.27404
similar,0.20747
simply,0.229185
single,0.139447
sink,0.288081
sitting,0.181752
six,0.110625
skiddy,0.723986
slice,0.382632
slight,0.248937
slope,0.303345
small,0.116023
so,0.0395668
soft,0.198472
solved,0.531266
somewhat,0.226981
somewhere,0.26104
southeast,0.602393
spectacular,0.531266
spectators,0.386347
spent,0.181752
splendid,0.303345
spontaneously,0.480801
sport,0.26104
sports,0.338547
spotted,0.338547
stared,0.320064
started,0.143509
stature,0.338547
staunchest,0.723986
stayed,0.27404
stepped,0.288081
stick,0.288081
still,0.0783719
stopped,0.216954
straight,0.162421
strayed,0.409674
streak,0.386347
stream,0.26104
strike,0.181752
stroke,0.21906
strokes,0.404922
strong,0.145827
strongest,0.248937
struck,0.173954
subsequent,0.441657
such,0.041279
suit,0.226981
superior,0.303345
supersensitive,0.723986
switched,0.723986
tall,0.237616
tears,0.248937
tee,0.541582
teeth,0.248937
television,0.409674
test,0.216954
th,0.200433
than,0.0150363
thanks,0.226981
that,0
the,0
their,0.00878481
then,0.0462037
there,0.0119262
these,0.065439
they,0.00293552
think,0.0953615
thinking,0.209484
third,0.101277
this,0.00619878
three,0.0222398
threesome,0.723986
thrilling,0.409674
through,0.0457678
thunderous,0.480801
tidal,0.723986
tie,0.2767
time,0.0216277
title,0.303345
to,0
together,0.0905552
told,0.0768791
too,0.0732518
topnotch,0.723986
total,0.155408
tour,0.390062
tournament,0.419781
tournaments,0.608242
toward,0.162421
tower,0.303345
towering,0.382632
trailed,0.409674
treacheries,0.602393
treated,0.20747
trees,0.226981
tremendous,0.27404
trim,0.409674
triumph,0.237616
trophy,0.480801
troubles,0.237616
trying,0.189913
turned,0.152447
two,0.0119262
twosome,0.723986
ugly,0.288081
under,0.0355918
undisputed,0.602393
unmistakably,0.602393
unquestionably,0.441657
until,0.121593
up,0.0183749
used,0.110625
usually,0.248937
vehemence,0.441657
very,0.0953615
victory,0.229185
violence,0.248937
violent,0.248937
visibly,0.409674
vocalization,0.723986
wait,0.189913
waited,0.216954
walked,0.20747
was,0
washed,0.323172
watch,0.181752
watching,0.20747
wave,0.338547
way,0.0567633
wedge,0.382632
week,0.0567633
weekend,0.359208
well,0.053887
went,0.0768791
were,0.00603124
what,0.031454
when,0.0153227
which,0.00290782
whichever,0.409674
while,0.0523619
who,0
whose,0.11715
wife,0.100303
will,0
wind,0.20747
winner,0.441657
winnings,0.608242
winter,0.209484
with,0
without,0.0613278
won,0.144863
wonder,0.20747
wood,0.231388
woods,0.279361
worry,0.288081
would,0.0118126
yard,0.27404
yards,0.2767
year,0.0242345
years,0.0277806
you,0.0844784
young,0.0905552
