A,0.00329553
Ace,0.730234
Actor,0.607592
Adlai,0.545594
After,0.101169
Alabama,0.48495
Albert,0.305963
Alfred,0.413209
All,0.11158
Also,0.263293
Ambassador,0.413209
Armory,0.730234
Arnold,0.413209
Art,0.251085
As,0.0789524
At,0.0714157
Atlanta,0.545594
Aug,0.362308
Australia,0.445468
B,0.195034
Barnes,0.385934
Barr,0.607592
Basel,0.730234
Beadle,0.756788
Beyeler,0.743511
Bootle,0.756788
Braques,0.730234
Break,0.445468
Britain,0.322826
Bundy,0.730234
But,0.0266657
C,0.134442
Cacophonist,0.730234
Caltech,0.743511
Carolina,0.48495
Caroline,0.535851
Catch,0.535851
Cezannes,0.730234
Chairman,0.341468
Chancellor,0.618639
Chaplin,0.743511
Charlayne,0.770065
Charlie,0.545594
Chicago,0.33934
Cinemactor,0.730234
College,0.263293
Comedian,0.730234
Conant,0.730234
Congress,0.305963
Convair,0.730234
Corps,0.347677
Couturier,0.730234
Cover,0.48495
Crooner,0.730234
David,0.260216
Dean,0.385934
Decathlon,0.730234
Democrat,0.493767
Democratic,0.322826
Detroit,0.445468
District,0.322826
Don,0.218826
Dr,0.191552
Dreamboat,0.730234
Driver,0.730234
Dusseldorf,0.618639
E,0.160703
Elder,0.535851
Ella,0.730234
England,0.20926
English,0.218826
Ernst,0.730234
Europe,0.251085
Eve,0.445468
Even,0.183321
F,0.183321
Fabian,0.770065
Federal,0.305963
Fitzgerald,0.730234
For,0.0913367
Ford,0.362308
Forte,0.730234
Francis,0.385934
Frank,0.218826
Frankie,0.783342
G,0.233102
Games,0.535851
General,0.239666
Geneticist,0.743511
George,0.175456
Georgia,0.428036
German,0.305963
Giacometti,0.730234
Glen,0.48495
Grand,0.322826
Greene,0.607592
Guard,0.48495
Hamilton,0.545594
Harvard,0.535851
Has,0.305963
He,0.0170412
High,0.181836
Hollywood,0.502584
Holmes,0.836449
Hunter,0.493767
Hutchins,0.629686
I,0.0192051
Idealist,0.730234
Illustrated,0.535851
In,0.00580166
Inaugural,0.730234
Inauguration,0.535851
Indiana,0.48495
Into,0.276405
Island,0.263293
It,0.0122291
Izvestia,0.730234
Jack,0.191552
James,0.14976
Jan,0.305963
John,0.0731736
Johnson,0.413209
Journal,0.48495
Judge,0.226784
July,0.263293
K,0.305963
Kennedy,0.233102
Khrushchev,0.445468
Kimpton,0.770065
Klees,0.743511
Lacking,0.730234
Last,0.249752
Lawford,0.730234
Lawrence,0.290567
Leatherneck,0.730234
Legers,0.730234
Like,0.20926
Little,0.22894
Lloyd,0.413209
Loper,0.756788
M,0.153763
Man,0.22894
March,0.14976
Marine,0.48495
Masters,0.385934
Matisses,0.730234
Maurine,0.730234
May,0.147085
Maynard,0.730234
McGeorge,0.730234
Meanwhile,0.322826
Memorial,0.385934
Midway,0.730234
Mississippi,0.362308
Modern,0.607592
Morehouse,0.730234
Moss,0.545594
Museum,0.385934
My,0.153763
N,0.183321
National,0.191552
Negro,0.435748
Neuberger,0.730234
New,0.0659237
Nikita,0.618639
Nixon,0.48495
No,0.134442
Nobel,0.607592
North,0.153763
November,0.290567
Oil,0.48495
Old,0.200184
Olympic,0.607592
On,0.0820221
One,0.0961845
Open,0.322826
Oregon,0.413209
Out,0.322826
Palmer,0.48495
Paul,0.251085
Pentagon,0.535851
Peter,0.29585
Philadelphia,0.406985
Picasso,0.730234
Pittsburgh,0.584565
President,0.191552
Prix,0.730234
Prize,0.730234
R,0.200184
Rafer,0.730234
Red,0.239666
Rhine,0.607592
Rhode,0.413209
Richard,0.186654
Robert,0.22894
Russia,0.305963
S,0.09964
Said,0.322826
School,0.213065
Senate,0.340435
Shoup,0.629686
Sinatra,0.730234
Some,0.122642
Soon,0.290567
South,0.189987
Soviet,0.362308
Speaking,0.413209
Sports,0.48495
Standard,0.535851
State,0.136886
Statesman,0.730234
Stevenson,0.545594
Stirling,0.730234
Stone,0.385934
Street,0.263293
Students,0.535851
Such,0.183321
Sullivan,0.48495
Surprised,0.535851
Swiss,0.48495
Sydney,0.48495
The,0
Their,0.163624
Then,0.140651
Theodore,0.445468
There,0.0380607
They,0.0387527
Thompson,0.458286
Throw,0.48495
Time,0.241427
To,0.106298
Tooling,0.730234
Trophy,0.607592
Trustee,0.730234
Turner,0.535851
Two,0.130779
U,0.170537
University,0.211104
Valedictorian,0.730234
Wall,0.445468
War,0.290567
Washington,0.153763
Wayne,0.420722
Wells,0.48495
Westphalia,0.607592
When,0.0820221
William,0.117024
World,0.22894
Year,0.362308
Zealand,0.535851
``,0.0860537
a,0
ability,0.290567
able,0.12128
about,0.0122291
academic,0.629686
accumulation,0.607592
act,0.160703
acting,0.276405
actually,0.218826
added,0.106298
administrator,0.445468
admission,0.385934
admit,0.290567
admitted,0.233102
affect,0.290567
after,0.023124
again,0.112096
against,0.0647465
age,0.147085
ago,0.0929973
alive,0.239666
all,0.0062236
already,0.134442
also,0.0183363
although,0.200184
amateur,0.453568
an,0
and,0
announced,0.124872
annual,0.140651
any,0.0387527
anything,0.213065
appeal,0.276405
applicant,0.607592
apply,0.263293
appreciate,0.341468
ardor,0.607592
are,0.00590715
argued,0.263293
armory,0.730234
around,0.101169
arranged,0.322826
arrested,0.290567
arrival,0.341468
art,0.189987
artist,0.276405
as,0
asked,0.101169
asking,0.239666
at,0
athlete,0.445468
august,0.535851
automatically,0.445468
avidly,0.730234
away,0.101169
balding,0.730234
bare,0.251085
bargain,0.341468
barge,0.535851
basis,0.255651
bay,0.290567
be,0
beatnik,0.730234
beauty,0.22894
because,0.0423923
been,0.00664554
before,0.0311212
begun,0.191552
believe,0.175456
bellboys,0.730234
belonged,0.290567
best,0.0835135
big,0.136886
biggest,0.26808
biology,0.535851
black,0.191552
block,0.305963
bobby,0.730234
body,0.183321
boom,0.607592
boss,0.535851
both,0.0416352
bought,0.218826
boxes,0.385934
boy,0.140651
briefly,0.305963
bright,0.183321
brother,0.200184
brotherly,0.445468
built,0.200184
burglarproof,0.730234
buss,0.730234
but,0.00334784
buying,0.413209
by,0
cab,0.413209
called,0.0929973
capital,0.276405
captivated,0.607592
careful,0.263293
cars,0.251085
case,0.101169
catapulted,0.730234
cats,0.413209
caused,0.20926
cell,0.385934
cerebrated,0.730234
chemistry,0.413209
chic,0.48495
chosen,0.218826
city,0.156559
claimed,0.341468
class,0.26808
classmates,0.730234
classrooms,0.730234
cliffhanging,0.730234
clock,0.251085
close,0.159354
closed,0.191552
clothing,0.322826
collecting,0.341468
collection,0.286456
collections,0.385934
color,0.353885
coming,0.134442
commandant,0.730234
committees,0.445468
confided,0.48495
confident,0.263293
connotes,0.730234
consulted,0.290567
continent,0.385934
controlling,0.48495
conversation,0.239666
could,0.0333845
courses,0.341468
court,0.143208
cover,0.28143
crack,0.322826
credits,0.48495
crimination,0.730234
crossed,0.290567
crowns,0.445468
current,0.233102
cuts,0.322826
daily,0.191552
dealer,0.445468
dealers,0.445468
dean,0.607592
death,0.153763
debate,0.341468
decision,0.178646
delay,0.218826
delight,0.218826
delighted,0.263293
delivered,0.22894
deplored,0.48495
desegregated,0.730234
designate,0.607592
designed,0.20926
designer,0.535851
despite,0.263293
developed,0.255651
didn,0.218826
discovering,0.362308
discriminate,0.730234
display,0.322826
division,0.251085
do,0.0311212
does,0.106298
dog,0.251085
don,0.160703
doormen,0.607592
doubled,0.276405
doubt,0.183321
doubtless,0.322826
down,0.0567026
drivers,0.48495
driving,0.183321
dug,0.413209
durable,0.385934
during,0.0820221
dust,0.276405
dying,0.263293
dynamic,0.535851
each,0.0490086
eccentricity,0.607592
education,0.167925
elect,0.362308
elected,0.276405
endowment,0.607592
enigma,0.535851
enjoy,0.218826
enrollment,0.730234
ensconced,0.607592
ensembles,0.730234
enter,0.20926
entered,0.200184
entering,0.276405
enterprisingly,0.730234
entertainment,0.263293
enthusiastic,0.385934
entourage,0.730234
entry,0.385934
era,0.48495
eulogizers,0.730234
evasive,0.730234
even,0.0689099
ever,0.0963187
every,0.122642
everything,0.239666
evidence,0.191552
excite,0.385934
executive,0.305963
exhaust,0.535851
exile,0.413209
experienced,0.276405
experiment,0.362308
experimental,0.48495
eye,0.175456
fabled,0.535851
face,0.106298
fact,0.156559
faculty,0.385934
fairly,0.290567
fall,0.143208
famous,0.213065
fat,0.218826
feel,0.128444
fell,0.160703
felt,0.153763
few,0.0996821
filled,0.20926
fine,0.134442
finest,0.322826
first,0.0183363
for,0
form,0.153763
fortune,0.290567
found,0.094658
frankness,0.385934
friends,0.160703
from,0
frustrating,0.730234
fund,0.276405
funds,0.218826
future,0.147085
gala,0.48495
gallery,0.341468
gathered,0.290567
gaudy,0.607592
gave,0.145765
geeing,0.730234
general,0.11158
generous,0.276405
genes,0.730234
get,0.0423923
gets,0.263293
getting,0.153763
girl,0.200184
give,0.10823
glanced,0.322826
glimpsed,0.730234
glutted,0.535851
gold,0.218826
golf,0.445468
good,0.0659237
got,0.0771648
grads,0.743511
graduate,0.420722
graduated,0.48495
grandiose,0.730234
great,0.0913367
greeting,0.347677
gripped,0.48495
grips,0.535851
gumption,0.730234
had,0.0150182
haggling,0.607592
halfback,0.607592
hands,0.153763
happily,0.305963
happy,0.147085
hardly,0.153763
has,0
have,0.00941364
having,0.170979
hawing,0.730234
he,0.00917717
head,0.101169
headlines,0.535851
heady,0.607592
hearty,0.305963
held,0.0789524
help,0.147085
her,0.0979333
heredity,0.607592
him,0.0408287
himself,0.157783
hinted,0.362308
his,0.00428942
hit,0.147085
hitched,0.730234
home,0.0322529
hopes,0.195034
hotels,0.385934
hour,0.117024
hours,0.153763
house,0.113609
housed,0.535851
how,0.0775425
humor,0.413209
hung,0.239666
hunt,0.341468
husband,0.183321
ideas,0.276405
idol,0.362308
if,0.0387527
immediately,0.183321
impression,0.251085
impressions,0.385934
in,0
included,0.22894
including,0.153763
insisted,0.276405
interest,0.140651
interview,0.311526
interviewed,0.618639
into,0.0219678
investigators,0.607592
is,0
it,0
its,0.0186638
jetliners,0.730234
journalism,0.535851
just,0.0789524
kept,0.136886
kind,0.136886
kindergarten,0.730234
know,0.0979333
known,0.160703
lad,0.385934
ladies,0.263293
laid,0.200184
last,0.0266657
lasted,0.341468
late,0.11158
lavishly,0.730234
law,0.130779
lawyers,0.385934
lazy,0.362308
leaked,0.535851
least,0.122642
led,0.117024
left,0.0866181
legend,0.385934
letters,0.218826
license,0.322826
lied,0.535851
lifetime,0.362308
lifted,0.251085
light,0.175456
like,0.0567026
liked,0.263293
lines,0.153763
lively,0.263293
long,0.0577336
looks,0.191552
lure,0.445468
m,0.106687
mad,0.20926
made,0.0151477
makes,0.191552
making,0.0897679
mammoth,0.607592
man,0.0528138
many,0.0567026
marveled,0.730234
masterpiece,0.535851
mathematics,0.445468
matters,0.218826
may,0.0528138
medal,0.535851
medicine,0.305963
members,0.106298
mention,0.22894
mentioned,0.22894
met,0.167925
might,0.0929973
mighty,0.239666
million,0.183321
mission,0.385934
model,0.290567
modern,0.20926
moldboard,0.730234
money,0.124872
months,0.106298
more,0.00909453
most,0.0364418
movie,0.48495
much,0.0701628
museum,0.453568
my,0.0820221
name,0.133114
named,0.191552
names,0.200184
nature,0.175456
nearly,0.167925
necessary,0.183321
needed,0.130779
needs,0.200184
neither,0.153763
never,0.0963187
new,0.0126582
news,0.167925
next,0.0659237
nine,0.156559
no,0.00590715
noncommissioned,0.730234
nor,0.140651
not,0.0031386
now,0.0180089
number,0.106298
o,0.183321
observers,0.445468
of,0
off,0.0528138
offered,0.195034
officer,0.255651
officers,0.183321
officials,0.263293
old,0.0556945
oldest,0.362308
on,0
once,0.145765
one,0
only,0.021197
opening,0.153763
or,0.0126582
order,0.117024
ordered,0.237265
other,0.00590715
our,0.0775425
out,0
outside,0.20926
outstanding,0.445468
over,0.0154182
own,0.0929176
paid,0.140651
paintings,0.453568
pal,0.730234
parlor,0.48495
paths,0.322826
pause,0.239666
people,0.0671009
peppery,0.607592
phone,0.445468
physiology,0.607592
pictures,0.28143
plaintiffs,0.607592
plans,0.178646
plants,0.22894
pleased,0.239666
pleasure,0.20926
plow,0.545594
pondered,0.413209
possible,0.0961845
pressure,0.239666
pretexts,0.607592
priced,0.535851
prices,0.276405
pride,0.22894
principal,0.244024
private,0.160703
prizes,0.48495
pro,0.290567
prone,0.385934
prostitution,0.607592
public,0.103008
pushing,0.341468
put,0.0929973
qualified,0.347677
questioned,0.251085
quick,0.200184
race,0.237265
racing,0.453568
raised,0.20926
raising,0.200184
rallies,0.607592
rare,0.22894
rather,0.117024
re,0.117024
read,0.147085
reads,0.445468
real,0.136886
really,0.175456
reason,0.156559
reception,0.263293
record,0.178646
records,0.29585
recruit,0.48495
regularly,0.385934
reign,0.362308
rein,0.607592
rejected,0.26808
rejection,0.445468
remain,0.218826
report,0.160703
reputation,0.305963
research,0.341468
researchers,0.730234
resignation,0.362308
respective,0.413209
retired,0.218826
revenge,0.341468
rich,0.183321
rid,0.22894
right,0.0866181
ringside,0.730234
ritual,0.48495
roommate,0.730234
ruddy,0.362308
run,0.0820221
s,0
sagging,0.535851
said,0.0193186
sale,0.322826
saying,0.160703
scarcely,0.276405
scholar,0.353885
scholars,0.48495
school,0.106687
scientist,0.413209
sculptures,0.453568
seat,0.20926
seats,0.251085
see,0.0647465
seeing,0.22894
seemed,0.175456
segregation,0.607592
self,0.195034
sell,0.20926
selling,0.341468
senior,0.322826
sense,0.167925
series,0.20926
serve,0.22894
several,0.101169
shared,0.305963
show,0.101169
shown,0.200184
simple,0.20926
since,0.053774
single,0.145765
sixth,0.322826
skins,0.413209
slob,0.730234
sly,0.305963
smell,0.251085
smothered,0.48495
snubbing,0.730234
so,0.0394447
society,0.22894
socks,0.48495
some,0.0262213
someone,0.385934
something,0.134442
somewhat,0.233102
sox,0.730234
special,0.122642
speculated,0.607592
speech,0.183321
speeding,0.48495
spend,0.20926
spills,0.730234
splendid,0.305963
spooned,0.730234
sportsman,0.445468
spot,0.22894
spots,0.322826
staff,0.167925
stage,0.191552
staged,0.493767
star,0.239666
start,0.134442
state,0.094658
statesmen,0.607592
steel,0.305963
stewards,0.535851
still,0.0817721
stirling,0.730234
stitch,0.48495
strong,0.147085
stuck,0.263293
student,0.248381
students,0.305963
studied,0.263293
subjects,0.290567
submitted,0.341468
successors,0.730234
suggestions,0.341468
summer,0.170979
surely,0.263293
suspended,0.362308
sweater,0.730234
swum,0.535851
t,0.0498997
takes,0.175456
taking,0.122642
talent,0.328696
talents,0.385934
talk,0.153763
tapped,0.445468
taste,0.191552
teachers,0.362308
teahouse,0.730234
team,0.341468
tentatively,0.730234
testimony,0.290567
than,0.0148772
that,0
the,0
their,0.00925408
them,0.0307783
then,0.0477535
there,0.0118
these,0.0659237
they,0.00292936
think,0.0979333
third,0.101169
this,0.00611811
those,0.053774
though,0.147085
thousand,0.20926
three,0.021197
threw,0.20926
through,0.0469302
tidying,0.730234
tilling,0.730234
time,0.0215824
to,0
together,0.0929973
toneless,0.730234
took,0.0963187
top,0.123408
total,0.153763
tough,0.385934
town,0.203824
trading,0.385934
transatlantic,0.730234
treasures,0.413209
tremendous,0.276405
tried,0.147085
trusted,0.263293
try,0.153763
turned,0.153763
tutors,0.607592
two,0.0122291
typhoon,0.607592
undergraduate,0.629686
unexpected,0.305963
uniform,0.305963
university,0.328214
until,0.124872
up,0.0193186
upon,0.122642
urgent,0.290567
useless,0.290567
vaguely,0.413209
variety,0.22894
villa,0.385934
vines,0.413209
virtues,0.290567
visit,0.200184
visited,0.26808
voluntarily,0.362308
vowed,0.341468
waiting,0.20926
walked,0.20926
walls,0.263293
want,0.117024
wardrobe,0.413209
warless,0.730234
was,0
way,0.0567026
ways,0.160703
wealth,0.276405
wear,0.22894
weeds,0.362308
week,0.0628884
well,0.053774
went,0.0860017
were,0.0062236
what,0.031687
when,0.0154182
where,0.0469302
which,0.00292936
while,0.0528138
white,0.159354
who,0
whom,0.167925
whose,0.119152
wildly,0.322826
will,0
win,0.244024
window,0.263293
winged,0.48495
with,0
without,0.0606789
won,0.140651
word,0.14976
working,0.153763
world,0.0577336
worth,0.140651
would,0.0122291
year,0.0271102
years,0.0302737
yellow,0.263293
yet,0.147085
you,0.0850048
your,0.14976
