A,0.00287705
Adam,0.319891
Africa,0.365602
African,0.385934
Albert,0.303181
Although,0.260899
Anaconda,0.723595
And,0.0682834
As,0.0768376
At,0.0682834
Balkanization,0.723595
Balkanize,0.723595
Balkanizing,0.723595
Before,0.181654
Belgian,0.770065
Belgians,0.849726
Britain,0.322826
British,0.287926
Brussels,0.607592
But,0.0257769
By,0.159242
Central,0.260899
Christianity,0.480541
Communist,0.338364
Company,0.338364
Confusion,0.480541
Congo,0.550761
Congolese,0.78998
Control,0.602068
Copper,0.723595
Council,0.276405
During,0.341468
Eastern,0.382426
Eire,0.723595
Equator,0.602068
Europe,0.248803
Feb,0.319891
February,0.290567
First,0.166399
Force,0.322826
France,0.263293
French,0.207358
From,0.159242
General,0.239666
Generale,0.723595
Ghana,0.602068
Government,0.308744
Great,0.251085
Guinea,0.480541
Gunther,0.723595
Had,0.226858
Hammarskjold,0.723595
He,0.014742
House,0.121527
However,0.167925
If,0.0953101
In,0.0058544
Indeed,0.207358
India,0.273892
Inside,0.409453
Insurance,0.602068
It,0.0120146
Its,0.319891
John,0.0725083
Joseph,0.278918
July,0.265686
Kalonji,0.723595
Kasai,0.730234
Kasavubu,0.750149
Katanga,0.750149
King,0.226858
Kivu,0.723595
Leopold,0.730234
Leopoldville,0.723595
Life,0.273892
Lumumba,0.78998
Mali,0.723595
Meanwhile,0.319891
Mobutu,0.730234
Mohammedanism,0.723595
Moise,0.736872
Morgan,0.53098
Morocco,0.53098
Mutual,0.602068
N,0.199986
Nations,0.344572
New,0.0647465
Not,0.207358
October,0.290567
On,0.0827678
One,0.0953101
Ordinarily,0.602068
Parliament,0.382426
Pas,0.723595
Patrice,0.743511
Pennsylvania,0.409453
Presently,0.338364
President,0.18981
Publique,0.730234
Railroad,0.480541
Russia,0.311526
Russians,0.602068
S,0.0913367
Second,0.338364
Secretary,0.276405
Security,0.445468
Societe,0.723595
Some,0.121527
South,0.181654
States,0.198365
Sweden,0.723595
Terror,0.480541
The,0
There,0.0380607
They,0.0387527
Third,0.441418
This,0.0377147
Thus,0.237487
To,0.105331
Tshombe,0.750149
Tunisia,0.602068
Twenty,0.338364
U,0.170537
Ultimately,0.53098
United,0.195034
Vague,0.53098
Well,0.207358
Western,0.276405
When,0.0812765
Why,0.173861
Would,0.207358
Yet,0.181654
York,0.167925
``,0.0672984
a,0
able,0.117024
about,0.0116928
abstaining,0.723595
accept,0.207358
according,0.13322
act,0.159242
action,0.140651
actions,0.216837
acts,0.287926
actual,0.319891
adequate,0.382426
administered,0.445468
administration,0.325761
administrator,0.441418
advisers,0.382426
affairs,0.239666
after,0.0213897
again,0.105331
agricultural,0.53098
all,0.00617086
almost,0.110565
along,0.0858307
also,0.0181726
although,0.198365
among,0.106298
an,0
ancestor,0.441418
and,0
animism,0.723595
announced,0.122642
another,0.0682834
any,0.0390987
appealed,0.365602
appealing,0.441418
approached,0.273892
approaching,0.287926
appropriate,0.382426
approximately,0.480541
area,0.166399
armed,0.226858
army,0.283943
arose,0.248803
around,0.100249
as,0
assistance,0.263293
assume,0.303181
at,0
authority,0.216837
authorized,0.480541
average,0.248803
away,0.100249
be,0
became,0.128444
been,0.00611811
began,0.105331
behind,0.181654
being,0.0601272
believe,0.173861
beneficiaries,0.723595
best,0.0812765
better,0.100249
bicameral,0.723595
blame,0.248803
blamed,0.382426
blood,0.207358
born,0.159242
both,0.0412567
boundaries,0.53098
bring,0.121527
brought,0.0961845
brutality,0.53098
but,0.0028509
by,0
called,0.092167
calm,0.287926
can,0.0242214
cannibalistic,0.723595
care,0.173861
carpenters,0.441418
cars,0.248803
cartels,0.723595
case,0.101169
cash,0.287926
cause,0.216837
caused,0.207358
central,0.276405
certainly,0.207358
chaos,0.441418
charter,0.441418
chatte,0.602068
chief,0.166399
chien,0.723595
child,0.181654
children,0.112594
civil,0.263293
civilians,0.723595
clamoring,0.723595
climate,0.273892
clothing,0.319891
clusters,0.382426
cobalt,0.723595
college,0.248803
colonialism,0.723595
colonies,0.602068
colony,0.453568
colossus,0.602068
come,0.0812765
commenced,0.441418
commencing,0.723595
commodities,0.602068
companies,0.260899
compassion,0.338364
complicated,0.409453
concluded,0.248803
conscience,0.303181
consequently,0.382426
considerably,0.273892
constant,0.260899
constantly,0.260899
contain,0.303181
contained,0.287926
continent,0.382426
contributed,0.287926
control,0.198365
convenience,0.319891
conviction,0.319891
copper,0.359014
cotton,0.359014
could,0.0308383
council,0.273892
country,0.125987
covered,0.260899
creation,0.248803
crowds,0.359014
culture,0.441418
date,0.18981
day,0.0416352
de,0.260899
dealing,0.409453
death,0.152365
decided,0.140651
definition,0.409453
delivering,0.480541
departed,0.359014
describes,0.53098
determined,0.303181
detested,0.48495
development,0.216837
dialects,0.602068
did,0.0567026
difficult,0.237487
directive,0.723595
discouraged,0.382426
disparities,0.723595
dispatched,0.48495
dispatching,0.602068
divided,0.263293
do,0.0314041
dole,0.602068
done,0.105331
doubtless,0.319891
drawn,0.237487
drew,0.198365
drop,0.181654
due,0.198365
each,0.0498997
earlier,0.198365
eat,0.226858
economic,0.319891
economics,0.480541
education,0.169452
effort,0.159242
efforts,0.211162
eight,0.115961
either,0.159242
eject,0.723595
elected,0.273892
elephants,0.441418
elite,0.723595
emphasis,0.273892
employers,0.480541
employes,0.413209
end,0.0866181
engulfed,0.53098
enough,0.110565
entire,0.18981
envisaged,0.723595
equatorial,0.602068
equipment,0.303181
erratic,0.53098
erupted,0.602068
established,0.248803
ethnic,0.730234
even,0.0695363
every,0.121527
evidence,0.18981
exactly,0.18981
exasperated,0.480541
executed,0.441418
exploit,0.409453
exploited,0.723595
explorers,0.602068
factor,0.409453
failed,0.181654
family,0.13322
far,0.0874055
father,0.153763
favored,0.613115
fearing,0.303181
federalism,0.723595
federalize,0.723595
felt,0.153763
few,0.0953101
fewer,0.338364
fight,0.159242
fighting,0.216837
filled,0.207358
final,0.173861
find,0.127276
finger,0.248803
fired,0.305963
first,0.0181726
five,0.100249
flickered,0.723595
flung,0.319891
food,0.183321
for,0
force,0.218826
forces,0.263293
foreign,0.181654
form,0.153763
four,0.0606789
fourth,0.181654
fragmentation,0.723595
frequently,0.260899
frictions,0.723595
from,0
fully,0.216837
furnish,0.338364
further,0.13322
future,0.145748
gale,0.480541
geography,0.480541
get,0.0412567
go,0.0682834
good,0.0641579
got,0.0725083
goutte,0.723595
government,0.157783
grab,0.53098
grabbing,0.723595
grade,0.480541
graduate,0.409453
graduates,0.480541
grant,0.198365
granted,0.273892
great,0.0905063
greatly,0.260899
grew,0.216837
groupings,0.535851
grow,0.18981
guiltless,0.53098
gunmen,0.723595
had,0.0128728
handled,0.382426
hands,0.153763
hard,0.127276
has,0
have,0.00909453
having,0.167925
he,0.00595989
head,0.100249
headquarters,0.338364
heavy,0.18981
held,0.0768376
help,0.148423
higher,0.166399
him,0.0380607
his,0.00300783
historian,0.480541
historical,0.53098
history,0.162163
hold,0.159242
holds,0.226858
honor,0.287926
hope,0.159242
hoped,0.216837
hospitals,0.441418
hours,0.153763
housing,0.359014
huge,0.248803
hungry,0.287926
hurry,0.273892
if,0.0390987
imagines,0.441418
immediately,0.183321
in,0
include,0.273892
including,0.153763
indefinite,0.53098
independence,0.391951
independent,0.338364
individuals,0.382426
infant,0.359014
initiating,0.723595
innumerable,0.359014
instead,0.181654
instituted,0.602068
intellectual,0.319891
interested,0.226858
interfere,0.409453
internal,0.382426
intervals,0.319891
intervene,0.480541
intervention,0.480541
into,0.0223532
investigation,0.273892
is,0
it,0
its,0.0186638
itself,0.183321
judgment,0.303181
kidnaped,0.723595
kind,0.13322
la,0.409453
lacked,0.480541
land,0.173861
large,0.10823
last,0.0242214
late,0.11158
later,0.0953101
le,0.382426
leaders,0.207358
least,0.123757
left,0.0858307
legislature,0.53098
less,0.159242
let,0.145748
limited,0.237487
little,0.0835135
local,0.145748
loose,0.226858
looting,0.723595
lull,0.441418
lumped,0.723595
made,0.014742
major,0.198365
make,0.0561871
man,0.053774
managing,0.382426
manganese,0.723595
manifestly,0.480541
manner,0.198365
many,0.0572181
mass,0.273892
matter,0.110565
matters,0.216837
may,0.0542542
meaning,0.216837
meant,0.218826
measures,0.319891
mechanics,0.480541
meddle,0.441418
medical,0.303181
meet,0.105331
members,0.105331
mentioned,0.226858
mercenaries,0.602068
mess,0.409453
might,0.0954883
miles,0.207358
military,0.195034
million,0.183321
mineral,0.445468
mission,0.382426
moderates,0.602068
modest,0.216837
month,0.113609
months,0.105331
more,0.00893498
most,0.0342428
motivations,0.723595
much,0.0695363
murder,0.287926
mutiny,0.441418
name,0.127276
nation,0.20926
national,0.167925
nationalism,0.602068
nations,0.263293
native,0.248803
nature,0.173861
near,0.13322
nearly,0.166399
necessary,0.184987
needed,0.127276
neither,0.152365
never,0.0905063
new,0.0116928
no,0.00590715
nonwhite,0.723595
nor,0.139372
not,0.00311245
notably,0.723595
nothing,0.152365
now,0.0180089
number,0.105331
numbers,0.273892
obliged,0.303181
obstructed,0.53098
obstructionist,0.723595
occasion,0.226858
occurrence,0.382426
of,0
officered,0.602068
officers,0.181654
officially,0.480541
often,0.140651
oil,0.287926
old,0.0523337
on,0
one,0
ones,0.166399
only,0.021197
openly,0.359014
opinion,0.173861
opportunity,0.22894
or,0.0130873
order,0.117024
ordered,0.226858
other,0.00590715
oust,0.53098
out,0
over,0.0148772
oversimplification,0.723595
own,0.0858307
paganism,0.723595
palm,0.359014
paratroops,0.723595
part,0.0775425
parties,0.22894
partner,0.226858
pass,0.166399
passed,0.183321
paternalism,0.730234
patients,0.53098
pedagogue,0.723595
people,0.0653351
perhaps,0.159242
period,0.166399
permits,0.441418
philosopher,0.382426
placed,0.198365
played,0.173861
point,0.127276
points,0.181654
political,0.226784
population,0.287926
position,0.18981
positions,0.382426
power,0.13322
practice,0.226858
preferable,0.53098
premier,0.730234
prepare,0.287926
prepared,0.181654
president,0.160703
prevent,0.191552
primarily,0.480541
primary,0.338364
principal,0.237487
principle,0.303181
private,0.159242
privilege,0.338364
problem,0.18981
problems,0.248803
producing,0.303181
products,0.359014
program,0.167925
promptly,0.382426
property,0.207358
protection,0.303181
provide,0.159242
provided,0.226858
province,0.328696
provinces,0.489359
provincial,0.602068
public,0.100249
put,0.0913367
puzzle,0.359014
quarreling,0.723595
questioned,0.248803
quickly,0.20926
ranges,0.441418
raping,0.723595
rather,0.115961
ration,0.730234
reached,0.166399
ready,0.13322
reasonable,0.287926
received,0.129611
reconvention,0.723595
record,0.173861
redoubled,0.480541
regard,0.216837
rejected,0.260899
religions,0.441418
reluctant,0.382426
remained,0.207358
reorganization,0.602068
required,0.207358
resident,0.441418
residing,0.359014
resolution,0.26808
resort,0.382426
respectable,0.303181
return,0.139372
rich,0.183321
rioting,0.53098
royal,0.319891
run,0.0812765
ruthless,0.480541
s,0
said,0.0178452
sang,0.273892
savage,0.359014
say,0.105331
scene,0.216837
schools,0.220816
science,0.287926
secede,0.723595
seceded,0.730234
secessionist,0.723595
secondary,0.409453
security,0.276405
seemed,0.175456
send,0.198365
sending,0.237487
sent,0.121527
separate,0.248803
settled,0.216837
seven,0.139372
shifting,0.382426
should,0.0682834
shouted,0.273892
significant,0.319891
since,0.0528138
six,0.110565
small,0.117024
smoldered,0.723595
so,0.0377147
social,0.216837
society,0.226858
soldiers,0.338364
some,0.0246658
something,0.13322
sometime,0.338364
speaking,0.18981
specific,0.445468
splitting,0.53098
sports,0.338364
square,0.248803
staff,0.167925
states,0.263293
steamily,0.723595
steps,0.173861
still,0.0775425
stirred,0.273892
stock,0.248803
stole,0.216837
street,0.226858
strength,0.166399
strong,0.145748
structure,0.382426
style,0.273892
succeeding,0.382426
such,0.0420138
suffrage,0.53098
sweeping,0.319891
system,0.183321
tackle,0.480541
take,0.0641579
taking,0.121527
tasks,0.409453
teach,0.198365
teaching,0.273892
technical,0.362308
technicians,0.480541
temperate,0.359014
terms,0.226858
than,0.0151477
that,0
the,0
their,0.00965297
them,0.0290123
then,0.0452835
there,0.0128728
these,0.0647465
they,0.00308629
this,0.0058544
those,0.0532939
though,0.145748
thousands,0.237487
threatening,0.260899
three,0.021197
through,0.0448718
throughout,0.181654
time,0.0215824
tin,0.359014
tired,0.248803
to,0
together,0.0913367
too,0.0725083
took,0.094658
top,0.115961
touched,0.260899
tougher,0.441418
trained,0.322826
trampled,0.359014
treated,0.207358
tribes,0.420722
tribesmen,0.723595
troops,0.428235
troubles,0.239666
truly,0.226858
two,0.0116928
under,0.0348711
une,0.723595
unfortunately,0.409453
unified,0.602068
uniformed,0.602068
unify,0.723595
unity,0.338364
universal,0.303181
university,0.305963
unmatched,0.602068
unprepared,0.441418
unrest,0.480541
unsure,0.723595
until,0.124872
up,0.0183363
uranium,0.723595
urged,0.218826
urging,0.338364
us,0.159242
use,0.0953101
various,0.237487
variously,0.53098
very,0.0953101
violence,0.248803
volunteers,0.382426
vote,0.216837
voted,0.338364
wait,0.18981
walking,0.18981
wanted,0.148423
war,0.211162
wars,0.385934
was,0
wash,0.248803
wealth,0.273892
weeks,0.152365
well,0.0532939
were,0.00701473
what,0.0314041
when,0.014742
where,0.0448718
whether,0.127276
which,0.00321707
while,0.0523337
white,0.152365
whites,0.480541
who,0
widespread,0.480541
wild,0.216837
wilderness,0.409453
wildly,0.319891
will,0
wished,0.287926
wishers,0.53098
with,0
withdraw,0.359014
withdrawal,0.53098
withdrawing,0.409453
within,0.127276
without,0.0601272
wording,0.53098
workable,0.602068
world,0.0561871
worship,0.273892
would,0.0121218
write,0.198365
zinc,0.53098
