A,0.00285262
Actually,0.4097
Adlai,0.5313
Administration,0.338568
Africa,0.359231
Air,0.32634
Airlines,0.738182
Airport,0.614206
Aj,0.338568
All,0.110632
Alliance,0.602432
Ambassador,0.4097
Ambulances,0.724032
American,0.131086
Americans,0.320085
And,0.0683246
Angeles,0.320085
Antonio,0.48553
Arequipa,0.724032
Ariz,0.48553
Army,0.248953
As,0.0776353
At,0.0703276
Attorney,0.382657
Aug,0.359231
Augustine,0.724032
B,0.189925
Back,0.359231
Bahi,0.724032
Bearden,0.745258
Beardens,0.752333
Berlin,0.341877
Berry,0.48553
Besset,0.724032
Bizerte,0.738182
Boeing,0.731107
Border,0.614206
Bourguiba,0.724032
Building,0.382657
But,0.0249465
Byron,0.4097
Calif,0.536492
Cape,0.359231
Capitol,0.413703
Capt,0.5313
Captain,0.338568
Carnegey,0.731107
Casey,0.446001
Castro,0.446001
Chen,0.738182
Cheng,0.724032
Chiang,0.724032
China,0.362741
Chinese,0.4097
Cleveland,0.413703
Coast,0.320085
Cod,0.5313
Cody,0.724032
Command,0.4097
Congress,0.303364
Congressional,0.5313
Continental,0.450317
Coolidge,0.731107
Council,0.274057
Crime,0.480831
Crosby,0.745258
Cuba,0.42171
Cuban,0.386396
Cubans,0.602432
D,0.159338
Debate,0.602432
Defense,0.441685
Desert,0.724032
Dillon,0.602432
Douglas,0.386396
Dubois,0.724032
Eastern,0.382657
Economic,0.5313
El,0.509023
Electra,0.724032
Everybody,0.338568
F,0.181764
FBI,0.541684
Fidel,0.5313
Fla,0.4097
Flight,0.724032
Florida,0.4097
Food,0.5313
Force,0.323212
Ford,0.359231
France,0.261057
Francis,0.382657
Franklin,0.359231
Fred,0.446001
French,0.20951
Frog,0.5313
From,0.160895
General,0.237631
Gilman,0.738182
Government,0.303364
Guatemala,0.724032
Habib,0.724032
Havana,0.541684
He,0.0147509
High,0.173966
Hill,0.226995
His,0.10031
House,0.125165
Houston,0.413703
I,0.0154716
Idaho,0.608319
Ideally,0.602432
Immigration,0.724032
In,0.00592102
Individual,0.602432
Inter,0.724032
International,0.32634
Island,0.261057
Ivory,0.724032
Jack,0.189925
Jerry,0.441685
John,0.0732611
Kai,0.724032
Kennedy,0.251395
Khrushchev,0.441685
Ladgham,0.731107
Latin,0.274057
Leon,0.5313
Leonard,0.441685
Lois,0.5313
Los,0.320085
Main,0.480831
Maine,0.5313
Mary,0.207483
Maryland,0.480831
McCauley,0.731107
McCloy,0.724032
Mediterranean,0.4097
Mercer,0.5313
Michigan,0.4097
Minister,0.338568
Mongolia,0.608319
Moscow,0.4097
Most,0.200424
Mountains,0.480831
Mr,0.133575
Mullen,0.731107
Mulligatawny,0.724032
N,0.181764
Nationalist,0.602432
Nations,0.338568
Nepal,0.724032
Newsweek,0.724032
No,0.1333
Norman,0.274057
Officer,0.602432
On,0.0821203
Other,0.166499
Outer,0.731107
Over,0.274057
Palm,0.441685
Paris,0.290915
Paso,0.637753
Patrol,0.608319
Patrolman,0.441685
Peking,0.724032
Pentagon,0.5313
Peruvian,0.602432
Pfc,0.724032
Phoenix,0.490229
President,0.225188
Progress,0.602432
Red,0.237631
Rickards,0.745258
Robert,0.231432
S,0.0967557
Sacramento,0.602432
Salvador,0.731107
San,0.323212
Second,0.338568
Secretary,0.274057
Sen,0.382657
Senate,0.348235
Service,0.288099
Several,0.382657
Simmons,0.738182
Six,0.320085
So,0.127353
Social,0.4097
St,0.139456
Stalling,0.724032
Stevenson,0.541684
Still,0.248953
Strategic,0.724032
Take,0.216968
Taking,0.441685
Tell,0.226995
Tension,0.724032
Texas,0.261057
That,0.0953676
The,0
They,0.0381062
Thirty,0.441685
Though,0.189925
Through,0.274057
To,0.108485
Toni,0.602432
Treasury,0.480831
Truman,0.480831
Tunis,0.724032
Tunisia,0.602432
Tunisian,0.738182
U,0.164376
United,0.189925
Uruguay,0.724032
Vice,0.359231
Wash,0.4097
Washington,0.153947
We,0.0905609
West,0.166499
What,0.1216
When,0.0813255
While,0.127353
White,0.175666
With,0.116031
``,0.0683944
a,0
aboard,0.382657
about,0.0121571
abstention,0.724032
accept,0.207483
accident,0.261057
accompanied,0.288099
across,0.173966
action,0.139456
activities,0.359231
adamant,0.4097
additional,0.216968
admission,0.390135
advertising,0.359231
adviser,0.386396
affairs,0.237631
after,0.0212224
again,0.105395
against,0.0641966
age,0.145836
agent,0.303364
ago,0.0905609
agree,0.237631
aid,0.18354
aides,0.480831
air,0.168126
airplane,0.731107
aisle,0.5313
all,0.00620209
allowed,0.216968
along,0.087561
alongside,0.441685
also,0.0182049
always,0.181764
an,0
and,0
ante,0.5313
any,0.0388438
anyone,0.237631
apparently,0.219088
appropriation,0.602432
are,0.00603345
areas,0.288099
armed,0.231432
army,0.274057
around,0.10031
as,0
aside,0.207483
asked,0.10129
assured,0.288099
at,0
attempt,0.216968
attend,0.189925
attention,0.237631
automatic,0.382657
away,0.10227
awoke,0.338568
back,0.0453377
baggage,0.413703
bail,0.602432
base,0.189925
be,0
bean,0.602432
because,0.0416851
been,0.00575239
before,0.0314599
began,0.106425
begun,0.189925
being,0.0607514
bent,0.226995
between,0.0858825
big,0.1333
bill,0.202363
billion,0.450317
blazing,0.362741
board,0.152457
bombers,0.724032
born,0.159338
both,0.0416851
boxer,0.724032
boy,0.142182
brother,0.198484
budget,0.386396
built,0.198484
business,0.0962995
but,0.00288049
by,0
call,0.1333
came,0.076884
can,0.024236
carry,0.159338
cars,0.251386
caught,0.173966
ceased,0.303364
century,0.303364
chance,0.166499
charges,0.288099
check,0.237631
chiefly,0.288099
chose,0.237631
citizenry,0.602432
clear,0.152457
cleared,0.274057
clearly,0.198484
close,0.152457
coach,0.248953
cockpit,0.608319
college,0.248953
come,0.0813255
comes,0.159338
company,0.1216
compartment,0.602432
compromise,0.382657
concerned,0.216968
conferences,0.4097
conferred,0.5313
confident,0.261057
confusion,0.237631
conspired,0.382657
consumed,0.382657
continue,0.181764
controversial,0.441685
conversation,0.237631
conversations,0.382657
convict,0.480831
convinced,0.303364
could,0.0311584
course,0.1216
crabs,0.480831
crew,0.369762
crucial,0.480831
cuisine,0.724032
d,0.145836
daily,0.189925
dapper,0.5313
daring,0.288099
day,0.0416851
deadlock,0.480831
dealing,0.4097
decided,0.139456
declared,0.166499
defense,0.341877
delay,0.216968
deputies,0.480831
detailed,0.359231
did,0.0567705
didn,0.219088
diminutive,0.724032
diplomacy,0.441685
disarmament,0.5313
discuss,0.413703
discussed,0.303364
disputes,0.338568
distracted,0.382657
door,0.175666
down,0.0567705
drab,0.441685
driven,0.226995
dropped,0.181764
each,0.0485924
early,0.0813255
eased,0.5313
eat,0.226995
effect,0.140819
elder,0.276736
else,0.166499
embargo,0.602432
emissaries,0.724032
emissary,0.602432
engines,0.4097
enlivened,0.480831
enough,0.111713
entered,0.198484
enthusiasm,0.303364
equally,0.237631
even,0.0683246
ever,0.0914459
every,0.1216
ex,0.303364
expected,0.106425
expedient,0.359231
extra,0.303364
eye,0.175666
face,0.105395
far,0.0858825
farm,0.261057
farmer,0.320085
fast,0.152457
father,0.152457
fellow,0.159338
few,0.0953676
figured,0.4097
file,0.320085
finance,0.5313
fired,0.303364
firmly,0.237631
first,0.0180304
five,0.10031
flattened,0.5313
flew,0.226995
flies,0.248953
flight,0.239953
floor,0.173966
followers,0.382657
food,0.181764
for,0
forces,0.263608
foreign,0.187092
former,0.111713
forth,0.198484
found,0.0905609
four,0.063691
from,0
front,0.162452
fuel,0.441685
fuels,0.724032
fully,0.216968
funds,0.216968
gave,0.139456
get,0.0412816
glanced,0.320085
go,0.06966
going,0.0953676
good,0.0641966
got,0.0732611
government,0.145836
gradually,0.261057
grapefruit,0.724032
great,0.0905609
ground,0.155437
group,0.110632
grumble,0.602432
guns,0.413703
had,0.0134148
halt,0.359231
hand,0.119432
happened,0.219088
hard,0.127353
hardly,0.152457
has,0
haute,0.724032
have,0.00878592
he,0.00637072
head,0.10129
health,0.207483
heat,0.248953
held,0.0776353
here,0.0641966
high,0.0457764
hijacked,0.731107
hijackers,0.724032
him,0.0392125
himself,0.145836
hip,0.338568
hired,0.4097
his,0.003215
history,0.159338
hog,0.480831
hold,0.160895
home,0.0311584
hoped,0.219088
hostages,0.614206
hotel,0.288099
hours,0.155437
however,0.106425
human,0.226995
identified,0.320085
if,0.0377374
imbroglio,0.724032
important,0.160895
impression,0.248953
improve,0.320085
in,0
inboard,0.602432
included,0.229213
including,0.152457
increased,0.219088
indicated,0.198484
informed,0.226995
insistence,0.602432
instead,0.181764
insure,0.5313
intact,0.5313
intended,0.288099
intention,0.274057
international,0.303364
into,0.0212224
introduced,0.226995
invited,0.261057
invoking,0.5313
involved,0.181764
irreconcilable,0.480831
is,0
issue,0.177366
it,0
its,0.0183794
jet,0.490229
jobs,0.303364
jumped,0.261057
junior,0.288099
just,0.0783866
kept,0.1333
key,0.18354
kid,0.4097
kidnapping,0.602432
killed,0.261057
kind,0.1333
know,0.0953676
la,0.4097
labeled,0.724032
labor,0.303364
land,0.173966
landing,0.338568
large,0.105395
larger,0.216968
largest,0.216968
last,0.025657
late,0.110632
later,0.0962995
learned,0.207483
left,0.0858825
legislation,0.320085
legislative,0.382657
legs,0.248953
letting,0.274057
like,0.0595174
lines,0.153947
list,0.198484
listen,0.237631
listening,0.248953
live,0.159338
loaded,0.320085
long,0.0573198
longer,0.198484
look,0.145836
lowliest,0.602432
luggage,0.4097
m,0.106191
made,0.014895
maitre,0.724032
man,0.056459
marched,0.338568
mean,0.166499
meeting,0.105395
members,0.106425
men,0.0783866
menu,0.724032
merits,0.303364
message,0.279414
mid,0.320085
might,0.0905609
military,0.189925
million,0.181764
minutes,0.151537
mission,0.382657
money,0.1216
more,0.00929607
morning,0.152457
most,0.0345982
motor,0.382657
mouth,0.198484
move,0.145836
moved,0.173966
much,0.0683246
muscle,0.441685
mutterers,0.724032
my,0.0821203
nap,0.480831
nation,0.207483
nations,0.261057
native,0.248953
never,0.0905609
new,0.0120428
night,0.0689923
no,0.0058086
nodded,0.303364
not,0.00293624
nothing,0.152457
now,0.017856
nut,0.441685
occasionally,0.303364
of,0
off,0.0554355
officer,0.248953
officers,0.18354
official,0.216968
old,0.0549238
on,0
one,0
only,0.0214277
opened,0.173966
opposed,0.251386
opposition,0.303364
or,0.0119285
order,0.116031
orders,0.248953
ordinarily,0.441685
originally,0.359231
other,0.00620209
others,0.1333
out,0
over,0.0151833
own,0.0858825
oysters,0.480831
p,0.239953
paid,0.139456
pair,0.198484
pass,0.168126
passed,0.18354
passenger,0.480831
passengers,0.446001
peacetime,0.724032
peddle,0.724032
per,0.207483
perhaps,0.159338
personal,0.219088
persons,0.145836
persuade,0.248953
phone,0.441685
picks,0.441685
pilot,0.417707
pirates,0.413703
pistol,0.338568
place,0.0905609
plain,0.216968
plane,0.431268
playing,0.198484
plot,0.288099
pocket,0.274057
police,0.276736
policemen,0.338568
policy,0.226995
politicians,0.4097
poor,0.173966
positions,0.382657
potatoes,0.4097
practicing,0.480831
preached,0.359231
precedence,0.480831
prepared,0.181764
presidency,0.602432
president,0.159338
primarily,0.480831
priority,0.480831
problems,0.256251
promise,0.216968
propeller,0.602432
proposals,0.288099
proposed,0.181764
provide,0.159338
province,0.320085
prudently,0.441685
pry,0.441685
purpose,0.173966
pursued,0.261057
put,0.0923309
question,0.140819
quo,0.602432
raced,0.441685
radioed,0.731107
raised,0.207483
ramp,0.608319
range,0.266159
reach,0.181764
rear,0.303364
reason,0.153947
rebels,0.303364
received,0.127353
recently,0.216968
recruiter,0.724032
recruits,0.602432
refuel,0.724032
relative,0.288099
reliance,0.441685
report,0.160895
reportedly,0.480831
requested,0.413703
restaurant,0.382657
result,0.127353
returned,0.181764
rifles,0.4097
right,0.0867217
role,0.4097
rolled,0.303364
routine,0.382657
runway,0.602432
s,0
said,0.0189029
saving,0.237631
saw,0.123977
schedule,0.359231
school,0.10031
search,0.226995
see,0.064824
seek,0.159338
seeking,0.248953
senators,0.48553
sending,0.237631
sent,0.123977
served,0.159338
services,0.216968
shadows,0.303364
shall,0.198484
shek,0.724032
shell,0.338568
sheriff,0.441685
short,0.145836
show,0.10031
sick,0.261057
side,0.145836
sign,0.198484
signed,0.274057
silenced,0.382657
since,0.052877
sitting,0.181764
six,0.110632
skyjacked,0.724032
skyjackers,0.724032
slowed,0.480831
slug,0.724032
slugs,0.602432
smaller,0.288099
smelts,0.724032
soft,0.198484
some,0.024236
son,0.152457
soup,0.5313
speed,0.166499
spent,0.181764
started,0.139456
state,0.0905609
status,0.338568
steal,0.320085
stew,0.5313
stewardess,0.731107
stewardesses,0.724032
still,0.0776353
stolen,0.261057
stomach,0.323212
stopovers,0.724032
story,0.207483
straight,0.159338
strain,0.359231
strength,0.166499
stroke,0.216968
submachine,0.724032
subsequently,0.602432
suggestion,0.274057
sun,0.216968
support,0.152457
surged,0.5313
surrounded,0.288099
swap,0.5313
swung,0.338568
t,0.0490672
tacked,0.724032
take,0.064824
taken,0.0905609
talk,0.153947
talked,0.237631
talking,0.223329
talks,0.261057
taxiing,0.724032
teen,0.602432
telephone,0.338568
tell,0.127353
temporary,0.303364
ten,0.181764
than,0.0150392
that,0
the,0
their,0.00878592
there,0.0118141
they,0.00313137
think,0.0953676
this,0.00575239
thorny,0.602432
those,0.0523653
thought,0.142182
three,0.0212224
through,0.0448989
throughout,0.181764
thus,0.189925
time,0.0212224
timetable,0.5313
tires,0.413703
to,0
told,0.0776353
too,0.0725521
took,0.0932158
total,0.152457
touch,0.159338
touched,0.261057
toward,0.162452
tower,0.306329
trade,0.237631
transporting,0.602432
tri,0.602432
tried,0.145836
trio,0.441685
trucks,0.441685
trusted,0.261057
turn,0.116031
twenty,0.202363
two,0.0118141
ultimatum,0.602432
unaccustomed,0.480831
unanimity,0.724032
unarmed,0.536492
under,0.0342634
unexpected,0.303364
unhappily,0.5313
uniform,0.303364
until,0.122789
up,0.0190774
urgent,0.288099
us,0.159338
ventured,0.320085
veteran,0.306329
voice,0.207483
volunteer,0.602432
volunteers,0.382657
vote,0.219088
voted,0.338568
voter,0.5313
voters,0.382657
walking,0.189925
wanted,0.148687
was,0
way,0.0562211
we,0.0448989
week,0.0606162
weekend,0.362741
weeks,0.152457
welcoming,0.441685
welfare,0.288099
were,0.00597724
what,0.0311584
when,0.0151833
which,0.002992
while,0.0533887
who,0
whole,0.145836
wife,0.10031
will,0
willing,0.198484
wing,0.248953
wiped,0.338568
with,0
withdrawing,0.4097
woo,0.724032
wore,0.239953
works,0.237631
world,0.0562211
would,0.0123858
year,0.0249465
years,0.0277841
young,0.0905609
your,0.145836
youth,0.181764
