A,0.00294354
About,0.17468
Administration,0.344659
Already,0.4435
American,0.13318
Among,0.167183
An,0.153084
And,0.0695539
Another,0.17468
As,0.0782672
Asia,0.33996
At,0.0686054
Blyth,0.727007
Boston,0.289283
Britain,0.325843
British,0.321278
But,0.0243356
Chicago,0.304611
Chief,0.289283
City,0.141965
Commerce,0.384229
Communist,0.33996
Company,0.344659
Costs,0.727007
December,0.275184
Easier,0.604907
Europe,0.253432
Feb,0.3214
February,0.30928
Fiat,0.75716
Follow,0.3214
For,0.0934474
Foreign,0.411384
Further,0.482807
Get,0.249976
Government,0.317244
Gradual,0.727007
Higher,0.540859
Highway,0.533484
Hodges,0.57036
Holders,0.727007
Hong,0.455763
However,0.167183
I,0.0148115
Idea,0.604907
If,0.0970834
Illinois,0.344659
Import,0.727007
Important,0.727007
In,0.00609544
India,0.275184
Indians,0.384229
Indication,0.727007
Investors,0.540859
It,0.0123975
Italy,0.33996
January,0.289283
Japan,0.4435
Japanese,0.4435
July,0.262129
Kans,0.727007
Kansas,0.428445
Kennedy,0.249986
Kong,0.455763
Lancashire,0.604907
Long,0.227928
Look,0.21786
Luther,0.604907
Many,0.219856
March,0.152509
Marshall,0.533484
Massachusetts,0.304611
May,0.146436
Meanwhile,0.3214
Mo,0.482807
Nearly,0.411384
Net,0.482807
None,0.275184
Note,0.533484
Ohio,0.289283
Olivetti,0.75716
On,0.0827887
One,0.0957595
Operating,0.604907
Other,0.167183
Our,0.190705
Pact,0.727007
Pakistan,0.604907
Pakistanis,0.727007
Petersburg,0.533484
Plan,0.727007
Point,0.360707
Poor,0.304611
Portuguese,0.533484
President,0.193342
Productivity,0.727007
Progress,0.604907
Rather,0.3214
Result,0.727007
Richmond,0.533484
S,0.112305
Said,0.3214
Secretary,0.282792
Skyway,0.727007
Slow,0.604907
Some,0.1221
Spanish,0.33996
Special,0.604907
Standard,0.533484
State,0.137549
Steel,0.482807
Success,0.604907
Swelling,0.604907
Tax,0.482807
Texas,0.262129
That,0.101055
The,0
Then,0.140029
There,0.0378925
These,0.153084
They,0.0378925
Things,0.304611
This,0.0378925
Three,0.227928
Toll,0.727007
Traffic,0.55561
Treasury,0.482807
Turin,0.61327
Turnpike,0.777261
Two,0.127876
U,0.189062
Underwood,0.747109
Va,0.604907
Virginia,0.370681
Wales,0.489482
Washington,0.1552
Welsh,0.548234
West,0.167183
What,0.1221
While,0.127876
Wichita,0.727007
Within,0.249976
Yet,0.182511
You,0.140029
``,0.071268
a,0
able,0.116507
about,0.0117479
access,0.449631
accompanied,0.289283
according,0.133848
achieved,0.384229
added,0.105828
advertising,0.360707
after,0.0213951
against,0.0644605
agreement,0.275184
agreements,0.533484
aims,0.4435
alike,0.262129
all,0.00609544
allowed,0.21786
already,0.133848
also,0.0181772
among,0.105828
an,0
and,0
annual,0.143901
another,0.0686054
appears,0.289283
are,0.0076925
aren,0.360707
arms,0.190705
around,0.100722
arrangements,0.3214
as,0
aspects,0.384229
assembly,0.304611
at,0
attactive,0.727007
attracting,0.604907
auto,0.482807
available,0.360707
average,0.249976
balance,0.278988
bankers,0.411384
based,0.304611
be,0
because,0.0414513
become,0.116507
been,0.006335
being,0.0604108
below,0.1993
better,0.102114
beyond,0.17468
bid,0.208335
big,0.135698
biggest,0.262129
bilateral,0.727007
bill,0.1993
bit,0.208335
bitter,0.227928
bonds,0.40138
boost,0.4435
both,0.0414513
bought,0.21786
break,0.17468
bright,0.182511
bring,0.123788
brought,0.0957595
bucked,0.727007
build,0.275184
business,0.0970834
businessmen,0.604907
but,0.00286434
buyers,0.533484
by,0
bypass,0.604907
cabled,0.604907
calculating,0.533484
calendar,0.482807
called,0.0909331
can,0.0256814
capital,0.275184
capture,0.4435
cars,0.249976
case,0.100722
cases,0.227928
cause,0.21786
cent,0.30924
certain,0.150485
chafing,0.533484
change,0.159993
chart,0.4435
cheap,0.293283
cheaper,0.604907
clearly,0.1993
close,0.1552
clue,0.411384
coal,0.485319
combination,0.384229
come,0.0816598
comfortable,0.249976
coming,0.133848
companies,0.265753
company,0.1221
compared,0.238607
compete,0.482807
competing,0.533484
competition,0.4435
competitive,0.540859
competitively,0.727007
conference,0.226895
connections,0.449631
conscious,0.297282
continuing,0.275184
control,0.202055
controlled,0.384229
corporation,0.4435
costly,0.33996
costs,0.343617
countries,0.281079
couple,0.182511
cover,0.282792
curbing,0.737058
cut,0.135698
day,0.0414513
days,0.0957595
decide,0.275184
declines,0.4435
deep,0.190705
default,0.533484
defaulted,0.727007
deficiency,0.4435
delivered,0.231079
depend,0.289283
depreciation,0.604907
design,0.289283
despite,0.269377
developed,0.249976
developing,0.4435
difficulty,0.275184
dimes,0.533484
disappointment,0.360707
do,0.0309837
doesn,0.231079
done,0.105828
doubled,0.275184
down,0.0572326
downtown,0.482807
dumping,0.61327
during,0.0816598
early,0.0827887
earn,0.3214
earned,0.313033
earning,0.4435
earnings,0.509506
earns,0.604907
easily,0.227928
effect,0.140029
effectively,0.533484
eight,0.116507
element,0.384229
enables,0.604907
encouragement,0.3214
ended,0.204811
ending,0.256888
engineers,0.540859
enough,0.11723
entire,0.190705
equipment,0.304611
equivalent,0.4435
especially,0.169495
estimates,0.533484
even,0.0686054
evidence,0.190705
example,0.195978
exceptions,0.482807
exempt,0.489482
expanding,0.482807
expansion,0.33996
expected,0.105828
exploring,0.482807
exported,0.533484
exporting,0.737058
exports,0.777261
extended,0.249976
extensions,0.727007
face,0.107291
faced,0.249976
fact,0.153084
factories,0.4435
failed,0.182511
favor,0.275184
feasible,0.604907
feet,0.140029
find,0.129644
finding,0.220871
firm,0.140029
firms,0.360707
first,0.0184251
follows,0.262129
for,0
forcing,0.360707
foreign,0.192604
fraction,0.604907
free,0.123788
freight,0.4435
frequently,0.262129
friction,0.533484
from,0
full,0.108754
fund,0.275184
further,0.133848
gains,0.344659
gates,0.249976
get,0.0437435
gets,0.262129
go,0.0686054
goals,0.482807
going,0.0957595
good,0.0644605
governments,0.384229
great,0.0909331
group,0.111087
grow,0.190705
growing,0.1993
had,0.0122351
half,0.140029
handling,0.411384
handwriting,0.411384
happening,0.344659
happy,0.146436
hard,0.127876
has,0
have,0.0104276
having,0.167183
held,0.0772
help,0.14846
helping,0.253432
high,0.0469533
highest,0.190705
highly,0.21786
highway,0.394853
highways,0.4435
hit,0.14846
holders,0.482807
hope,0.162204
how,0.0772
however,0.108754
ideas,0.275184
illustration,0.533484
import,0.417071
important,0.159993
importing,0.604907
imports,0.548234
impressed,0.360707
improvement,0.354059
improvements,0.394853
improving,0.3214
in,0
income,0.286597
increase,0.17468
increased,0.21786
increases,0.489482
industrialized,0.727007
industry,0.2638
inflow,0.727007
infrequent,0.727007
initial,0.533484
interest,0.16326
interests,0.33996
international,0.317244
into,0.0222704
investment,0.411384
investments,0.604907
investor,0.727007
investors,0.562985
involved,0.182511
is,0
it,0
its,0.0189208
labor,0.304611
lags,0.604907
large,0.105828
larger,0.21786
late,0.114158
later,0.0957595
layout,0.727007
learn,0.185034
led,0.116507
length,0.208335
less,0.159993
let,0.14846
limiting,0.737058
line,0.159993
lines,0.157316
load,0.289283
local,0.146436
long,0.0572326
look,0.150485
looking,0.182511
looks,0.190705
loudly,0.3214
low,0.164416
machinery,0.344659
machines,0.304611
made,0.0148115
make,0.0564521
maker,0.308822
man,0.0525805
managements,0.604907
many,0.0603543
margins,0.604907
market,0.216976
markets,0.482807
married,0.227928
may,0.0540343
means,0.153084
measure,0.208335
mechanization,0.727007
member,0.146436
methods,0.289283
mile,0.208335
miners,0.621633
mines,0.496157
modern,0.214096
modernization,0.737058
money,0.1221
month,0.112623
monthly,0.384229
months,0.118996
more,0.00994449
most,0.0344042
motorists,0.533484
mouths,0.275184
moves,0.289283
much,0.0705023
narrow,0.21786
national,0.167183
nationalized,0.727007
near,0.133848
nearby,0.482807
nearing,0.411384
nearly,0.167183
need,0.100722
needed,0.127876
net,0.313033
new,0.0130472
no,0.00577603
not,0.00298314
note,0.1993
nothing,0.153084
noting,0.482807
now,0.0179293
ocean,0.360707
of,0
off,0.0525805
offer,0.167183
offered,0.190705
offers,0.360707
official,0.21786
officials,0.262129
often,0.140029
on,0
once,0.140029
one,0
opened,0.17468
opening,0.153084
operating,0.449631
operation,0.193342
opportunities,0.384229
or,0.0130472
order,0.116507
ordinary,0.227928
other,0.00601559
others,0.133848
otherwise,0.227928
our,0.0772
out,0
outlook,0.411384
outnumber,0.604907
outright,0.4435
over,0.0154258
page,0.304611
paid,0.141965
pattern,0.262129
pay,0.123788
payments,0.496157
payoff,0.727007
peak,0.384229
per,0.245778
period,0.174117
picture,0.208335
places,0.208335
plan,0.146436
planned,0.227928
planners,0.727007
plans,0.17468
plant,0.241906
plants,0.227928
plus,0.304611
point,0.131412
possible,0.0957595
pour,0.289283
practices,0.33996
preceding,0.417071
predicted,0.384229
price,0.330287
prices,0.286597
producer,0.533484
producing,0.308822
production,0.3214
products,0.380654
proposals,0.289283
proposed,0.182511
prospect,0.313033
protest,0.304611
prove,0.227928
purpose,0.17468
push,0.249976
put,0.0909331
quarters,0.262129
quotas,0.747109
rail,0.4435
ranked,0.384229
rate,0.193342
rates,0.394853
reasons,0.17468
recent,0.162204
recently,0.21786
recession,0.533484
records,0.289283
reducing,0.604907
regarded,0.275184
remainder,0.275184
report,0.162204
reports,0.227928
requirements,0.489482
research,0.33996
reserve,0.289283
reserves,0.482807
restrictions,0.482807
result,0.136715
return,0.141965
returns,0.384229
revenues,0.536205
rise,0.17468
risen,0.289283
rises,0.33996
rising,0.1993
risk,0.275184
road,0.227616
roads,0.363459
rose,0.1993
rosy,0.384229
ruled,0.238607
s,0
sales,0.304611
same,0.0959617
say,0.105828
saying,0.159993
seams,0.61327
securities,0.533484
see,0.0662428
seem,0.153084
seems,0.182511
sell,0.208335
selling,0.33996
serious,0.182511
several,0.102114
severe,0.220871
share,0.146436
sharply,0.275184
ship,0.249976
shipments,0.604907
shortly,0.249976
show,0.100722
shows,0.308822
shrink,0.384229
shrinkage,0.727007
significant,0.3214
similar,0.211216
since,0.0540343
situation,0.182511
six,0.111087
skilled,0.604907
slashed,0.533484
slipped,0.304611
slumped,0.727007
so,0.0378925
some,0.024672
special,0.1221
specific,0.4435
speculations,0.360707
speculative,0.482807
stabilization,0.727007
staff,0.169495
start,0.133848
steady,0.249976
steel,0.304611
steelmaker,0.727007
steelmakers,0.727007
step,0.190705
still,0.0793345
stocks,0.289283
streams,0.33996
strike,0.182511
strikes,0.3214
study,0.1993
studying,0.3214
success,0.249976
successes,0.604907
such,0.0414513
suggestion,0.275184
supplied,0.3214
support,0.153084
survey,0.384229
t,0.0508157
take,0.0653516
takings,0.727007
talks,0.262129
tax,0.214096
taxed,0.496157
temporary,0.304611
tending,0.384229
term,0.202055
terms,0.227928
textile,0.867719
textiles,0.767211
than,0.0160401
that,0
the,0
their,0.00958214
then,0.0450835
there,0.0119103
these,0.073372
they,0.00306234
think,0.0957595
thinking,0.208335
thinks,0.262129
third,0.100722
this,0.00617529
those,0.0533074
though,0.146436
threaten,0.304611
three,0.0213951
through,0.0457067
time,0.0216869
to,0
toll,0.621988
tolls,0.61327
ton,0.604907
too,0.0738574
took,0.0909331
top,0.116507
tough,0.384229
toured,0.727007
toward,0.162204
trade,0.238607
traffic,0.30928
transferring,0.604907
trend,0.496157
trouble,0.167183
troubles,0.241906
true,0.17468
try,0.153084
trying,0.190705
turn,0.118118
turnpike,0.509506
turnpikes,0.817465
twice,0.182511
twisting,0.384229
two,0.0119103
types,0.360707
typewriter,0.482807
typewriters,0.727007
typical,0.384229
under,0.0358311
unmarried,0.411384
unprofitable,0.482807
unrestrictedly,0.727007
until,0.1221
unusually,0.384229
unveiled,0.482807
up,0.0201602
upward,0.389541
use,0.0957595
veiled,0.411384
very,0.0984073
vigor,0.482807
voluntarily,0.360707
wage,0.509506
wages,0.344659
wall,0.227928
want,0.116507
wants,0.202055
was,0
watched,0.21786
water,0.17468
way,0.0572326
ways,0.159993
we,0.0457067
week,0.0564521
well,0.0525805
were,0.00641485
what,0.0322687
when,0.015221
where,0.04633
whether,0.127876
which,0.00294354
while,0.0525805
who,0
whose,0.116507
wide,0.140029
widespread,0.482807
will,0
winter,0.211216
with,0
without,0.0604108
worker,0.411384
workers,0.308822
world,0.0572326
worth,0.140029
would,0.0119103
year,0.024672
years,0.0287742
yield,0.313033
you,0.0816598
