A,0.00298023
Albany,0.489237
All,0.111059
Although,0.262063
America,0.220761
Americans,0.321318
An,0.153045
And,0.0695191
April,0.22787
At,0.0695191
Balloon,0.726823
Basic,0.726823
Because,0.208283
Behind,0.384132
Books,0.482685
Both,0.153045
City,0.139994
Communist,0.339873
Confronted,0.604754
County,0.241785
Each,0.193245
East,0.174636
Education,0.32568
Emperor,0.360616
Every,0.238547
For,0.0909101
Freeport,0.726823
Further,0.482685
Headquarters,0.621173
Hempstead,0.736689
Hewlett,0.726823
I,0.0152098
In,0.0061665
Island,0.262063
It,0.0119043
Levittown,0.726823
Librarians,0.726823
Library,0.629382
Local,0.443388
Long,0.22787
Meadow,0.533348
Most,0.199249
Nanook,0.726823
Nassau,0.786021
National,0.190657
New,0.0696929
Nightingale,0.533348
North,0.153045
Of,0.133814
Office,0.339873
On,0.0816391
Only,0.190657
Public,0.365511
Red,0.238547
S,0.0909101
Sample,0.726823
Schools,0.482685
So,0.127844
Some,0.122069
State,0.139263
Story,0.384132
Substance,0.726823
Sum,0.726823
System,0.533348
The,0
There,0.0383972
This,0.0394257
Times,0.411279
To,0.107238
Today,0.443388
U,0.153045
Under,0.249913
We,0.0921441
Week,0.411279
Western,0.275114
What,0.123726
Within,0.249913
Woodmere,0.726823
Workshops,0.726823
York,0.180754
``,0.0644947
a,0
ability,0.28921
able,0.116478
about,0.0119043
absorbed,0.360616
access,0.443388
according,0.133814
across,0.174636
act,0.162123
activities,0.370406
addition,0.199249
additional,0.220761
adequate,0.384132
adult,0.489237
adults,0.612963
advanced,0.249913
advances,0.443388
advantages,0.321318
afford,0.262063
afraid,0.217804
age,0.148386
agencies,0.443388
agers,0.726823
all,0.00608811
already,0.133814
also,0.0186548
although,0.199249
among,0.105801
amounts,0.482685
ample,0.339873
an,0
and,0
annual,0.141894
annually,0.443388
any,0.0394257
apologetically,0.482685
apparent,0.238547
applied,0.262063
approximately,0.482685
are,0.00757748
area,0.180754
around,0.102063
art,0.184941
as,0
aspect,0.321318
aspects,0.384132
at,0
audio,0.604754
autonomy,0.726823
available,0.380197
backbone,0.482685
bags,0.360616
basic,0.339873
basis,0.253305
be,0
bear,0.22787
because,0.0420033
become,0.121221
been,0.00585295
before,0.0309758
began,0.105801
begin,0.153045
begun,0.190657
belong,0.262063
better,0.100696
between,0.0862136
beyond,0.177007
billing,0.726823
biography,0.604754
board,0.155122
boards,0.384132
book,0.233729
bookkeeping,0.726823
booklists,0.726823
books,0.222419
borne,0.275114
borrowed,0.304534
borrower,0.482685
both,0.0414408
bought,0.217804
bound,0.182464
boundaries,0.533348
bounty,0.482685
breed,0.28921
bring,0.123726
broaden,0.726823
brochures,0.726823
budget,0.389346
budgets,0.736689
build,0.275114
building,0.16941
built,0.199249
bulk,0.365511
business,0.0957352
busy,0.238547
but,0.00309685
buy,0.201954
buys,0.482685
by,0
can,0.0256505
cannot,0.13563
canvas,0.443388
capacity,0.32568
capita,0.726823
carried,0.190657
catalogue,0.540588
cent,0.272735
center,0.253305
centered,0.533348
centers,0.482685
central,0.297521
cents,0.547828
century,0.304534
certain,0.146398
charge,0.146398
cherish,0.360616
child,0.182464
children,0.120104
chosen,0.217804
citizen,0.411279
citizenry,0.604754
city,0.153045
classics,0.533348
clear,0.153045
clerical,0.384132
clientele,0.726823
co,0.343127
collection,0.304991
college,0.249913
colleges,0.411279
combine,0.443388
comes,0.159952
communities,0.482685
community,0.286318
comprehensive,0.533348
concerned,0.217804
condition,0.199249
conducted,0.249913
conducts,0.726823
conferences,0.411279
connected,0.321318
consequently,0.384132
consider,0.217804
constant,0.262063
consultant,0.49579
continue,0.182464
continuing,0.275114
contrasts,0.604754
cooperating,0.604754
cooperation,0.443388
cooperative,0.612963
coordinator,0.533348
cope,0.411279
copies,0.482685
correct,0.321318
cost,0.199249
could,0.0313963
counties,0.339873
country,0.123726
county,0.229631
course,0.122069
created,0.238547
creation,0.249913
credited,0.482685
critical,0.321318
cross,0.238547
cultural,0.449406
currently,0.411279
cut,0.133814
daily,0.190657
dangers,0.360616
day,0.0425659
days,0.0957352
dedication,0.411279
demand,0.217804
demands,0.28921
demonstrated,0.533348
density,0.489237
depend,0.28921
depends,0.262063
designated,0.482685
designed,0.208283
desire,0.208283
destroy,0.217804
detail,0.339873
developed,0.249913
development,0.217804
develops,0.726823
differently,0.339873
difficulty,0.275114
direction,0.199249
director,0.22787
discounts,0.726823
discriminating,0.533348
display,0.321318
displays,0.489237
distant,0.238547
diversified,0.604754
divided,0.262063
do,0.0330783
documentary,0.726823
dollars,0.344487
don,0.162123
doubled,0.275114
each,0.0514284
earlier,0.199249
early,0.0816391
economy,0.384132
educated,0.365511
education,0.171679
effective,0.262063
efficiency,0.482685
either,0.159952
elementary,0.443388
else,0.167141
enables,0.604754
endure,0.262063
enough,0.111059
enthusiastic,0.384132
entire,0.193245
especially,0.167141
establish,0.238547
established,0.249913
evaluate,0.726823
even,0.068588
ever,0.0921441
every,0.123726
everyday,0.604754
example,0.193245
exceed,0.339873
exhibit,0.411279
existence,0.275114
existing,0.360616
expand,0.365511
expansion,0.339873
experienced,0.275114
experimental,0.482685
extra,0.304534
extreme,0.321318
face,0.105801
facilities,0.384132
failing,0.339873
falls,0.304534
far,0.0862136
feel,0.127844
fiction,0.612963
fifty,0.304534
figure,0.199249
file,0.321318
film,0.370406
films,0.612963
financed,0.604754
financial,0.365511
find,0.127844
fit,0.199249
five,0.102063
follow,0.139994
for,0
foreign,0.182464
foresee,0.443388
formed,0.262063
found,0.0909101
founding,0.604754
free,0.122069
frequent,0.321318
from,0
fuller,0.360616
fully,0.217804
fundamental,0.384132
funds,0.220761
further,0.133814
general,0.111059
geographically,0.726823
get,0.0414408
gets,0.262063
given,0.0838555
goal,0.26562
goes,0.182464
governed,0.360616
governments,0.394561
grant,0.201954
grants,0.411279
grassroots,0.726823
great,0.0921441
grist,0.726823
groups,0.312801
grow,0.190657
growing,0.199249
grows,0.28921
growth,0.275114
guidance,0.360616
happen,0.22787
has,0
have,0.00944584
headquarters,0.38601
hear,0.159952
heavily,0.249913
help,0.148386
helping,0.249913
high,0.0456839
his,0.00286361
history,0.159952
hope,0.159952
hopelessly,0.482685
hours,0.153045
houses,0.190657
how,0.0782281
however,0.107238
human,0.22787
if,0.0399399
important,0.162123
in,0
inadequacy,0.726823
inadequate,0.449406
incentive,0.482685
includes,0.443388
inclusive,0.482685
increasingly,0.533348
incredibly,0.482685
independence,0.360616
indicated,0.199249
individual,0.198421
informed,0.230964
institutions,0.482685
intensity,0.482685
interest,0.139994
interlibrary,0.736689
is,0
it,0
its,0.0215746
itself,0.184941
join,0.208283
joining,0.339873
juvenile,0.411279
kind,0.133814
know,0.0957352
knowledge,0.210068
knows,0.217804
language,0.28921
languages,0.360616
large,0.108674
larger,0.217804
largest,0.217804
last,0.0243294
law,0.129579
least,0.122069
legislative,0.384132
legislature,0.533348
lending,0.443388
librarian,0.555068
librarians,0.756422
libraries,0.620283
library,0.39548
life,0.129579
lifetime,0.360616
like,0.0564378
likely,0.208283
limitations,0.533348
limited,0.238547
lists,0.394561
literature,0.360616
lives,0.182464
loan,0.360616
loans,0.443388
local,0.156335
long,0.0564378
lovers,0.384132
m,0.10343
made,0.0150088
mail,0.360616
main,0.275114
maintain,0.339873
maintains,0.540588
major,0.201954
making,0.0862136
maligned,0.726823
man,0.0525671
many,0.0564378
marked,0.238547
matching,0.411279
material,0.28921
materials,0.339873
maximum,0.344487
may,0.056135
means,0.153045
meet,0.105801
member,0.156335
members,0.11011
membership,0.489237
men,0.0771804
methods,0.28921
metropolitan,0.533348
microfilm,0.726823
might,0.0921441
million,0.182464
mind,0.182464
model,0.28921
money,0.123726
monthly,0.384132
more,0.00920871
most,0.0353293
movement,0.278848
much,0.0695191
multiplying,0.533348
music,0.217804
must,0.0849637
nation,0.208283
nature,0.174636
nearly,0.16941
need,0.102063
needed,0.129579
needs,0.201954
never,0.0909101
new,0.0120638
newcomers,0.726823
newly,0.238547
newsletter,0.604754
no,0.00577456
nonfiction,0.736689
not,0.00329121
now,0.0179248
nucleus,0.604754
number,0.107238
objective,0.482685
obtain,0.275114
obvious,0.304534
of,0
offers,0.365511
older,0.249913
on,0
one,0
ones,0.167141
only,0.0213844
op,0.604754
operate,0.360616
operation,0.190657
operative,0.629382
ops,0.726823
or,0.0130204
organization,0.249913
organizations,0.489237
organized,0.365511
other,0.00608811
others,0.133814
our,0.0866097
ourselves,0.22787
out,0
over,0.0148077
overcome,0.262063
own,0.0873839
owned,0.275114
part,0.0771804
particular,0.217804
parts,0.199249
passed,0.182464
passes,0.321318
patient,0.22787
patrons,0.540588
people,0.0644441
per,0.216765
percentage,0.533348
periodicals,0.726823
permit,0.249913
person,0.167141
persons,0.146398
philosophy,0.28921
pitifully,0.533348
place,0.0909101
plan,0.15236
planned,0.22787
plight,0.411279
pool,0.28921
populated,0.726823
population,0.297062
posters,0.482685
pre,0.28921
prepares,0.604754
present,0.0921441
presently,0.238547
preserved,0.360616
pressure,0.238547
primary,0.339873
probably,0.153045
problem,0.193245
process,0.308667
program,0.171679
programs,0.389346
progress,0.262063
promote,0.360616
promotional,0.604754
proportionately,0.604754
provide,0.164295
provides,0.360616
province,0.321318
psychology,0.604754
public,0.104797
publishes,0.726823
pupils,0.482685
purchasing,0.443388
pure,0.22787
quality,0.275114
quarter,0.22787
radical,0.604754
range,0.262063
rapidly,0.22787
reach,0.182464
read,0.15236
readers,0.411279
reading,0.234057
reason,0.153045
reasons,0.174636
recent,0.162123
recognizes,0.726823
recommended,0.28921
reference,0.362942
regional,0.604754
relations,0.190657
religion,0.339873
remainder,0.275114
render,0.304534
rentals,0.726823
reply,0.217804
reports,0.22787
repository,0.726823
representing,0.28921
requests,0.384132
require,0.238547
required,0.208283
requires,0.384132
resist,0.275114
resource,0.533348
resources,0.433611
responsibilities,0.482685
responsibility,0.384132
restraint,0.28921
result,0.127844
results,0.360616
review,0.339873
richer,0.339873
richest,0.411279
right,0.0862136
s,0
salary,0.339873
satisfy,0.28921
saved,0.249913
saves,0.443388
savings,0.482685
saw,0.122069
say,0.107238
school,0.100696
schools,0.223718
science,0.300988
scientific,0.360616
section,0.304534
see,0.0644441
seeks,0.443388
seems,0.182464
selection,0.416862
separately,0.482685
serve,0.230964
served,0.159952
serves,0.365511
service,0.143463
services,0.226674
serving,0.321318
set,0.0653189
settled,0.217804
severe,0.217804
share,0.148386
short,0.146398
show,0.100696
since,0.0532807
situation,0.182464
size,0.190657
slave,0.321318
small,0.11964
smaller,0.28921
smallest,0.249913
so,0.0383972
social,0.217804
society,0.234057
some,0.0246597
sometimes,0.208283
sorry,0.230964
source,0.275114
sparsely,0.726823
specialization,0.726823
specialized,0.533348
spends,0.443388
spiritual,0.384132
sponsor,0.533348
staffs,0.540588
standards,0.443388
startlingly,0.482685
state,0.0983145
step,0.190657
still,0.0771804
stocked,0.726823
strength,0.16941
strengthen,0.384132
subject,0.21111
substantial,0.360616
suburb,0.443388
such,0.0420033
suitable,0.360616
supplement,0.533348
supply,0.238547
support,0.1572
surrounded,0.28921
surveyed,0.533348
survival,0.533348
system,0.239433
systems,0.410204
t,0.050104
task,0.262063
taste,0.190657
tax,0.208283
teaching,0.275114
technology,0.604754
teen,0.604754
teletype,0.726823
territory,0.482685
than,0.0152098
that,0
the,0
their,0.00897157
them,0.0283712
theme,0.339873
themselves,0.139994
then,0.045072
there,0.0119043
these,0.0679433
they,0.00298023
thirty,0.249913
this,0.00632328
those,0.0539943
threaten,0.304534
threatening,0.262063
thriving,0.533348
through,0.0481312
titles,0.416862
to,0
today,0.12704
together,0.0909101
too,0.0748091
took,0.0909101
tools,0.360616
total,0.153045
translate,0.411279
truck,0.533348
trustees,0.449406
turn,0.116478
twenty,0.199249
two,0.0117449
types,0.360616
under,0.0343955
understanding,0.275114
understands,0.443388
universal,0.304534
universities,0.482685
unless,0.199249
up,0.0186548
upon,0.123726
upper,0.304534
use,0.099634
used,0.111059
variations,0.384132
variety,0.22787
view,0.167141
vigorously,0.443388
virtue,0.304534
visits,0.384132
visual,0.482685
vitally,0.726823
volumes,0.455425
wants,0.199249
wary,0.384132
was,0
ways,0.159952
we,0.0499667
weakness,0.249913
well,0.056135
what,0.0334987
when,0.0150088
where,0.0456839
whereby,0.384132
which,0.00305798
while,0.0525671
who,0
wholly,0.262063
whose,0.118059
wide,0.139994
wider,0.344487
will,0
wing,0.249913
wisdom,0.238547
with,0
without,0.0620351
women,0.153045
word,0.148386
work,0.0603955
works,0.241785
workshop,0.384132
workshops,0.533348
world,0.05797
worse,0.174636
would,0.0117449
wouldn,0.321318
written,0.21111
year,0.02499
years,0.0276213
young,0.0909101
your,0.146398
youth,0.182464
