A,0.00287191
ALICE,0.718365
ALL,0.439087
AND,0.356769
ARE,0.439946
AT,0.37929
Ada,0.717661
Adventures,0.477536
Advice,0.717661
After,0.0999149
Ah,0.215903
Ahem,0.717661
Alas,0.271646
Alice,0.607075
All,0.110089
Allow,0.526625
Always,0.35607
Ambition,0.37929
An,0.151709
And,0.0721098
Ann,0.40729
Antipathies,0.717661
Anything,0.37929
Are,0.206263
Arithmetic,0.597131
As,0.0774041
At,0.0682551
Atheling,0.717661
Australia,0.437798
BE,0.4766
BEE,0.717661
BEFORE,0.4766
BEG,0.717661
BEST,0.597717
BOOTS,0.717661
BUSY,0.717661
Back,0.35607
Be,0.247004
Beau,0.719774
Beautiful,0.478471
Because,0.205657
Before,0.180164
Begin,0.4766
Behead,0.717661
Besides,0.224998
Between,0.285564
Bill,0.239007
Birds,0.35607
Boots,0.717661
Brandy,0.717661
Bring,0.35607
But,0.0248714
By,0.158401
C,0.132127
CAN,0.478004
CHAPTER,0.410478
CHORUS,0.597717
COULD,0.528175
COURT,0.717661
CURTSEYING,0.717661
Call,0.286405
Can,0.196931
Canary,0.526625
Canterbury,0.4766
Carroll,0.526625
Cat,0.488293
Catch,0.526625
Caterpillar,0.735972
Caucus,0.71907
Certainly,0.285564
Change,0.4766
Cheshire,0.479407
Chorus,0.597131
Christmas,0.258759
Classics,0.717661
Coils,0.717661
Collar,0.717661
Come,0.209694
Coming,0.4766
Conqueror,0.527142
Consider,0.301285
Crab,0.477068
Croquet,0.717661
Curiouser,0.717661
D,0.158091
DOES,0.526625
DON,0.4766
DOTH,0.717661
DRINK,0.718365
Dear,0.335589
Derision,0.717661
Did,0.215481
Digging,0.597717
Dinah,0.604749
Dinn,0.717661
Distraction,0.717661
Do,0.217591
Dodo,0.604163
Does,0.271912
Don,0.216747
Dormouse,0.745128
Down,0.272179
Drawling,0.71907
Drink,0.4766
Drive,0.437798
Duchess,0.746536
Duck,0.527659
EAT,0.717661
ESQ,0.717661
EVEN,0.4766
EVER,0.717661
EVERYBODY,0.717661
Each,0.188254
Eaglet,0.71907
Edgar,0.597131
Edwin,0.477068
Either,0.317268
Elsie,0.597131
England,0.205657
English,0.216114
Even,0.180164
Everybody,0.335918
Everything,0.335918
Evidence,0.717661
Exactly,0.380034
Explain,0.527142
FATHER,0.527142
FENDER,0.717661
FIT,0.597717
FOOT,0.717661
FROM,0.526625
FUL,0.717661
Fainting,0.717661
Father,0.259013
Fetch,0.37929
Fifteenth,0.717661
First,0.166006
Fish,0.477068
Five,0.302465
Footman,0.724704
For,0.0908212
Forty,0.437798
Found,0.527142
Fourteenth,0.597131
France,0.258759
French,0.206263
Frog,0.526625
From,0.157936
Fury,0.477068
GAVE,0.718365
Game,0.717661
Geography,0.597131
Get,0.247004
Give,0.272179
Go,0.22544
Good,0.23554
Grammar,0.526625
Grief,0.597131
Ground,0.597131
Gryphon,0.755692
HAD,0.597131
HATED,0.717661
HAVE,0.528175
HE,0.478004
HEARTHRUG,0.717661
HEARTS,0.717661
HER,0.527142
HERE,0.526625
HIGH,0.597131
HIM,0.477536
HIS,0.406095
HOW,0.526625
Hadn,0.597131
Half,0.300695
Hand,0.37929
Hardly,0.526625
Hare,0.490632
Has,0.300695
Hatter,0.755692
Have,0.272179
He,0.0148937
Heads,0.597131
Hearts,0.529209
Her,0.165358
Herald,0.597131
Here,0.174127
Him,0.300695
His,0.099427
Hjckrrh,0.717661
Hm,0.717661
Hold,0.30158
Hole,0.526625
How,0.176834
However,0.166978
Hush,0.35642
I,0.0223979
IF,0.527142
II,0.285564
III,0.317268
IN,0.37929
INSIDE,0.717661
IS,0.381895
IT,0.40729
ITS,0.597131
IV,0.300695
IX,0.37929
Idiot,0.717661
If,0.0959199
Imagine,0.526625
Improve,0.597131
In,0.00575773
Indeed,0.205657
Involved,0.717661
Is,0.215481
It,0.0123138
Jack,0.188254
Just,0.189362
KING,0.4766
KNOW,0.597131
Keep,0.30099
King,0.238246
Kings,0.35607
Knave,0.723295
LEAVE,0.597131
LESS,0.597131
LITTLE,0.406493
LL,0.597131
LOVE,0.597131
Lacie,0.717661
Last,0.224998
Lastly,0.717661
Latin,0.271646
Latitude,0.718365
Laughing,0.4766
Leave,0.317268
Let,0.207675
Lewis,0.4766
Like,0.205657
Little,0.224998
Lizard,0.600061
Lobster,0.720478
London,0.224998
Long,0.224998
Longitude,0.718365
Look,0.215059
Lory,0.721887
Luckily,0.526625
M,0.151709
MARMALADE,0.717661
ME,0.408486
MILE,0.717661
MINE,0.597717
MORE,0.597717
MUST,0.527659
MYSELF,0.597131
Ma,0.438228
Mabel,0.598889
Mad,0.4766
Magpie,0.597131
Majesty,0.410478
March,0.149234
Mary,0.206263
May,0.144695
Maybe,0.406095
Mercia,0.718365
Mind,0.379662
Mine,0.285564
Miss,0.197124
Mock,0.756396
Morcar,0.718365
Mouse,0.450258
Multiplication,0.717661
My,0.151412
Mystery,0.477068
NEAR,0.717661
NEVER,0.597717
NO,0.437798
NOT,0.440376
Nay,0.246762
Nearly,0.406095
Never,0.259521
New,0.0636317
Next,0.285845
Nile,0.4766
No,0.134591
Nobody,0.272179
Nonsense,0.437798
Nor,0.224998
Normans,0.597131
Northumbria,0.718365
Not,0.207272
Nothing,0.197317
Now,0.152747
Number,0.526625
O,0.172773
OF,0.272179
OLD,0.477068
ONE,0.439087
ORANGE,0.717661
OURS,0.717661
OUT,0.526625
OUTSIDE,0.717661
Of,0.133424
Off,0.41008
Oh,0.232505
On,0.0808473
Once,0.197124
One,0.0949923
Only,0.188623
Or,0.224998
Ou,0.717661
Our,0.188254
Owl,0.527659
PERSONS,0.717661
PLEASE,0.717661
PLENTY,0.597131
POCKET,0.717661
PRECIOUS,0.717661
PROVES,0.717661
Panther,0.71907
Paris,0.285845
Party,0.37929
Pat,0.527659
Pennyworth,0.718365
Pepper,0.718365
Perhaps,0.22544
Pig,0.597717
Pigeon,0.531793
Pinch,0.597131
Please,0.357468
Pool,0.526625
Poor,0.30099
Pray,0.286125
Presently,0.335918
Prizes,0.718365
Puss,0.717661
QUEEN,0.597131
QUITE,0.718365
Quadrille,0.719774
Queen,0.291106
Queens,0.597131
Quick,0.406095
RABBIT,0.597131
RED,0.4766
RETURNED,0.717661
RIGHT,0.526625
Rabbit,0.549364
Race,0.437798
Read,0.335589
Really,0.406493
Reeling,0.717661
Repeat,0.597131
Right,0.317268
Rome,0.285845
Rule,0.35607
Run,0.35607
S,0.0902045
SAID,0.597717
SHE,0.478471
SHOES,0.717661
SIT,0.597131
SLUGGARD,0.717661
SOME,0.526625
SOMEBODY,0.597131
SOMETHING,0.526625
SOMEWHERE,0.597131
SOUP,0.717661
SWIM,0.717661
Said,0.318202
Same,0.4766
Seals,0.717661
Seaography,0.717661
See,0.224998
Sends,0.717661
Sentence,0.597131
Serpent,0.477536
Seven,0.301875
Sh,0.526625
Shakespeare,0.335589
Shall,0.225219
Shan,0.597131
Shark,0.526625
She,0.119298
Shy,0.717661
Silence,0.380034
Sing,0.35607
Sir,0.23554
Sit,0.300695
Sixteenth,0.717661
So,0.129453
Soles,0.717661
Some,0.120649
Somebody,0.437798
Soo,0.721887
Soon,0.285564
Sounds,0.526625
Soup,0.604163
Speak,0.35642
Stand,0.300695
Stigand,0.717661
Still,0.246762
Stole,0.597131
Stolen,0.597131
Stop,0.300695
Story,0.37929
Stretching,0.717661
Stuff,0.597131
Stupid,0.717661
Such,0.180164
Suddenly,0.35607
Suppose,0.317579
Suppress,0.717661
Sure,0.357118
Swim,0.4766
T,0.247004
THAN,0.717661
THAT,0.442954
THE,0.260283
THEIR,0.4766
THEN,0.526625
THERE,0.406095
THESE,0.526625
THEY,0.477068
THINK,0.598303
THIS,0.40729
THROUGH,0.717661
TIS,0.717661
TO,0.356769
TOOK,0.717661
TRUE,0.4766
TWO,0.379662
Table,0.4766
Take,0.215692
Tale,0.4766
Talking,0.4766
Tarts,0.717661
Tea,0.597131
Tears,0.437798
Tell,0.225881
Ten,0.285564
Thank,0.286125
That,0.0969404
The,0
Their,0.157936
Then,0.140942
There,0.03858
Therefore,0.258759
These,0.151264
They,0.0381395
Thinking,0.597131
This,0.0379927
Those,0.165034
Though,0.188254
Tillie,0.717661
Time,0.22544
Tis,0.317579
To,0.104468
Too,0.317268
Tortoise,0.598303
Treacle,0.718365
Trims,0.717661
Turn,0.356769
Turtle,0.631118
Tut,0.4766
Twenty,0.335589
Twinkle,0.71907
Two,0.126851
UNimportant,0.718365
Ugh,0.718365
Uglification,0.718365
Up,0.30099
V,0.246762
VE,0.717661
VERY,0.532827
VI,0.335589
VII,0.37929
VIII,0.37929
VOICE,0.526625
Very,0.236464
Visit,0.597131
W,0.138229
WAISTCOAT,0.717661
WAS,0.40729
WASHING,0.717661
WATCH,0.526625
WE,0.526625
WHAT,0.439946
WHATEVER,0.717661
WILL,0.527659
WILLIAM,0.527142
WITH,0.4766
WOULD,0.528692
Waiting,0.437798
Wake,0.527142
Was,0.23554
We,0.0905569
Well,0.210097
What,0.12538
When,0.0813219
Where,0.206464
Which,0.226544
While,0.126728
White,0.175988
Who,0.218013
Whoever,0.37929
Why,0.176834
Will,0.226102
William,0.115574
With,0.115348
Wonderland,0.598303
Would,0.20707
Wouldn,0.597131
Wow,0.718365
Write,0.4766
Writhing,0.717661
X,0.35607
XI,0.37929
XII,0.37929
YET,0.597131
YOU,0.443813
YOUR,0.479407
YOURS,0.597131
Yes,0.207877
Yet,0.180518
You,0.145012
Your,0.225219
Zealand,0.526625
[Alice,0.717661
[later,0.718365
],0.22544
_I_,0.477068
a,0
abide,0.285564
able,0.11501
about,0.0126553
above,0.180518
absence,0.246762
absurd,0.335918
acceptance,0.285564
accident,0.259013
accidentally,0.35607
account,0.188254
accounting,0.526625
accounts,0.317268
accusation,0.437798
accustomed,0.35607
ache,0.4766
across,0.173112
act,0.157936
actually,0.215059
added,0.106723
adding,0.335589
addressed,0.271912
addressing,0.335589
adjourn,0.597131
adoption,0.37929
advance,0.247247
advantage,0.197124
adventures,0.40729
advice,0.23554
advisable,0.477068
advise,0.300695
affair,0.258759
affectionately,0.35607
afford,0.258759
afore,0.4766
afraid,0.21738
after,0.021568
afterwards,0.259013
again,0.112874
against,0.0641313
age,0.144979
ago,0.0898522
agony,0.285564
agree,0.235771
air,0.167302
airs,0.35607
alarm,0.30099
alarmed,0.317268
alas,0.301285
alive,0.236002
all,0.00666419
allow,0.205859
almost,0.110197
alone,0.151561
along,0.0855445
aloud,0.272712
already,0.132257
also,0.0177162
altered,0.285564
alternately,0.526625
altogether,0.247731
always,0.182109
am,0.140264
among,0.105595
an,0
ancient,0.23554
and,0
anger,0.235771
angrily,0.358866
angry,0.206464
animal,0.317579
animals,0.336577
annoy,0.437798
annoyed,0.437798
another,0.0691191
answer,0.16633
answered,0.236233
answers,0.300695
anxious,0.286125
anxiously,0.384129
any,0.0388003
anything,0.20929
anywhere,0.246762
appealed,0.35607
appear,0.196931
appearance,0.271646
appeared,0.189547
appearing,0.285564
applause,0.35607
apple,0.285564
apples,0.335918
arch,0.335589
archbishop,0.597717
arches,0.357118
are,0.00594238
argue,0.37929
argued,0.258759
argument,0.206263
arguments,0.335589
arm,0.218013
arms,0.189177
around,0.0996222
arranged,0.317268
arrived,0.23554
arrow,0.300695
arrum,0.717661
as,0
ashamed,0.285845
ask,0.166654
askance,0.526625
asked,0.100988
asking,0.236464
asleep,0.273512
assembled,0.30099
at,0
ate,0.300695
atom,0.438228
attempt,0.215059
attempted,0.258759
attempts,0.271646
attended,0.196738
attending,0.259267
attends,0.35607
audibly,0.4766
authority,0.21527
avoid,0.246762
away,0.101769
awfully,0.4766
axes,0.526625
axis,0.526625
baby,0.289208
back,0.0461198
backs,0.335589
bad,0.188438
bag,0.335589
baked,0.335589
balanced,0.35607
balls,0.271646
bank,0.206061
banks,0.335589
banquet,0.35607
bark,0.30099
barking,0.526625
barley,0.437798
barrowful,0.718365
bat,0.336248
bathing,0.335589
bats,0.380406
bawled,0.597131
be,0
beak,0.437798
bear,0.225219
beast,0.285564
beasts,0.30099
beat,0.158401
beating,0.271912
beauti,0.717661
beautiful,0.226544
beautifully,0.438228
beautify,0.526625
became,0.126356
because,0.0414404
become,0.115461
becoming,0.285564
bed,0.188254
beds,0.247004
been,0.0059088
before,0.0316359
beg,0.260283
began,0.110311
begged,0.335589
begin,0.152747
beginning,0.182463
begins,0.236233
begun,0.189362
beheaded,0.527659
beheading,0.597131
behind,0.182286
being,0.0606875
believe,0.173789
believed,0.23554
bells,0.335589
belong,0.258759
belongs,0.30099
beloved,0.317268
below,0.197124
belt,0.35607
bend,0.30099
bent,0.224998
besides,0.247247
best,0.0813219
better,0.100695
between,0.0854609
bill,0.196738
bird,0.271912
birds,0.287806
birthday,0.317268
bit,0.208684
bite,0.317579
bitter,0.224998
blacking,0.717661
blades,0.35607
blame,0.246762
blasts,0.406493
bleeds,0.526625
blew,0.285845
blow,0.205859
blown,0.285564
blows,0.317268
body,0.180341
boldly,0.317268
bone,0.300695
bones,0.258759
book,0.207675
books,0.205859
boon,0.526625
boots,0.35642
bore,0.23554
both,0.0414404
bother,0.526625
bottle,0.38264
bottom,0.247489
bough,0.406095
bound,0.180164
bowed,0.272446
bowing,0.335589
box,0.274045
boxed,0.717661
boy,0.1385
brain,0.285564
branch,0.23554
branches,0.247004
brass,0.335589
brave,0.35607
bread,0.260283
break,0.172604
breath,0.215692
breathe,0.317891
breeze,0.335589
bright,0.181402
brightened,0.335918
bring,0.120649
bringing,0.236002
bristling,0.526625
broke,0.165196
broken,0.226102
brother,0.196738
brought,0.094714
brown,0.259013
brush,0.300695
brushing,0.526625
burn,0.30099
burning,0.271646
burnt,0.300695
burst,0.23554
bursting,0.300695
busily,0.478004
business,0.095085
busy,0.23554
but,0.00319379
butter,0.319759
buttercup,0.717661
buttered,0.526625
butterfly,0.406095
buttons,0.335589
by,0
bye,0.335918
cackled,0.717661
cake,0.356769
cakes,0.438658
call,0.132646
called,0.0909973
calling,0.23554
calmly,0.317268
came,0.0791241
camomile,0.717661
can,0.0253429
candle,0.356769
cannot,0.132127
canvas,0.437798
capering,0.526625
capital,0.272446
cardboard,0.597131
cards,0.356769
care,0.172942
carefully,0.247247
cares,0.30099
carried,0.188808
carrier,0.597131
carry,0.157936
carrying,0.247004
cart,0.317268
cartwheels,0.717661
case,0.0998173
cat,0.359564
catch,0.236002
catching,0.285845
caterpillar,0.526625
cats,0.410877
cattle,0.335589
caught,0.172773
cauldron,0.718365
cause,0.215481
caused,0.205859
cautiously,0.317891
ceiling,0.300695
centre,0.317268
certain,0.144837
certainly,0.208079
chain,0.285564
chains,0.335589
chair,0.271646
chance,0.16552
chanced,0.37929
change,0.159796
changed,0.198089
changes,0.21527
changing,0.259013
character,0.271646
charges,0.285564
chatte,0.597131
cheap,0.285564
cheated,0.406095
checked,0.380034
cheeks,0.300695
cheered,0.477536
cheerfully,0.300695
cherry,0.4766
chief,0.165034
child,0.181932
childhood,0.335589
children,0.110627
chimney,0.30217
chimneys,0.37929
chin,0.381523
choice,0.205859
choke,0.437798
choked,0.356769
choking,0.37929
choosing,0.406095
chop,0.4766
chorus,0.317891
chose,0.235771
chrysalis,0.597131
chuckled,0.4766
circle,0.258759
circumstances,0.258759
civil,0.259267
clamour,0.37929
clapping,0.4766
clasped,0.406095
claws,0.406493
clean,0.271646
clear,0.151264
cleared,0.271646
clearer,0.285564
clearly,0.196738
clever,0.317579
climb,0.300695
clinging,0.335589
clock,0.247731
close,0.152895
closed,0.188438
closely,0.271646
closer,0.23554
clubs,0.37929
coast,0.300695
coaxing,0.597717
cold,0.196738
collected,0.235771
come,0.0825085
comes,0.158091
comfits,0.597717
comfort,0.224998
comfortable,0.246762
comfortably,0.300695
coming,0.133035
common,0.165034
commotion,0.437798
company,0.12053
complained,0.300695
complaining,0.437798
completely,0.23554
concert,0.335918
concluded,0.247004
conclusion,0.271912
condemn,0.406095
conduct,0.285564
confused,0.286405
confusing,0.527659
confusion,0.236464
conger,0.717661
conquest,0.37929
consented,0.35607
consider,0.215059
considered,0.188623
considering,0.301285
constant,0.259013
consultation,0.285564
contempt,0.300695
contemptuous,0.317268
contemptuously,0.35642
content,0.285564
continued,0.159176
contradicted,0.35607
conversation,0.23762
conversations,0.37929
cook,0.304236
cool,0.247004
corner,0.22566
corners,0.317268
cost,0.196738
could,0.0327464
couldn,0.303055
counting,0.406095
country,0.12053
couple,0.180164
couples,0.37929
courage,0.259267
course,0.123487
court,0.1404
courtiers,0.527142
coward,0.406095
crab,0.437798
crash,0.317891
crashed,0.4766
crawled,0.406095
crawling,0.35607
crazy,0.335589
creature,0.236233
creatures,0.261045
creep,0.35607
crept,0.317268
cried,0.229193
cries,0.258759
crimson,0.317579
crocodile,0.4766
croquet,0.722591
croqueted,0.717661
croqueting,0.717661
cross,0.236002
crossed,0.286125
crossly,0.597131
crouched,0.526625
crowd,0.197317
crowded,0.336906
crown,0.22544
crumbs,0.439087
crust,0.4766
cry,0.206061
crying,0.30099
cucumber,0.527142
cunning,0.317268
cup,0.335918
cupboards,0.527142
cur,0.717661
curiosity,0.286685
curious,0.251121
curiouser,0.717661
curled,0.35642
curls,0.35607
curly,0.4766
currants,0.406095
curtain,0.317268
curtsey,0.597131
curving,0.4766
cushion,0.527142
custard,0.526625
custody,0.527142
cut,0.132646
cutting,0.285564
d,0.148241
dainties,0.4766
daisies,0.437798
daisy,0.597131
dance,0.217591
dancing,0.21527
dare,0.215903
daresay,0.597131
dark,0.22544
darkness,0.300695
dates,0.37929
daughter,0.165034
day,0.0420428
days,0.0948067
dead,0.16552
deal,0.227427
dear,0.253301
dears,0.438658
death,0.151116
decided,0.1385
decidedly,0.380406
declare,0.317579
declared,0.165034
deep,0.189362
deepest,0.285564
deeply,0.286405
delay,0.215059
delight,0.215481
delighted,0.259013
delightful,0.317579
denial,0.37929
denied,0.247004
denies,0.437798
deny,0.21527
denying,0.335589
depends,0.258759
deserved,0.35607
desk,0.335589
desks,0.597131
despair,0.246762
desperate,0.246762
desperately,0.335589
diamonds,0.437798
did,0.0589529
didn,0.217802
die,0.23554
died,0.215059
different,0.189732
difficult,0.235771
difficulties,0.300695
difficulty,0.272446
dig,0.35607
digging,0.438228
diligently,0.437798
dinn,0.717661
dinner,0.158091
dipped,0.406493
directed,0.225219
direction,0.19751
directions,0.301285
directly,0.271912
disagree,0.4766
disappeared,0.317579
disappointment,0.35607
disgust,0.37929
dish,0.380406
dishes,0.35642
dismay,0.335589
disobey,0.4766
dispute,0.30099
distance,0.237158
distant,0.235771
dive,0.4766
do,0.0325964
dodged,0.526625
does,0.10498
doesn,0.22831
dog,0.247247
dogs,0.272179
doing,0.173112
don,0.165685
done,0.105903
door,0.177342
doors,0.225219
doorway,0.437798
doth,0.35642
double,0.205657
doubled,0.271646
doubling,0.4766
doubt,0.180695
doubtful,0.285845
doubtfully,0.406493
down,0.0610857
downward,0.37929
downwards,0.437798
doze,0.597131
dozing,0.717661
draggled,0.597131
draw,0.206868
drawing,0.224998
dreadful,0.235771
dreadfully,0.381151
dream,0.248215
dreamed,0.317268
dreaming,0.335589
dreamy,0.437798
dressed,0.317268
drew,0.19751
dried,0.317268
driest,0.717661
drink,0.259521
drinking,0.285564
dripping,0.37929
drive,0.138229
drop,0.180164
dropped,0.180872
dropping,0.285564
drowned,0.285564
drunk,0.271912
dry,0.260537
duck,0.4766
dull,0.215481
dunce,0.597131
e,0.318825
each,0.0484484
eager,0.22544
eagerly,0.260537
ear,0.260029
earls,0.718365
earnestly,0.285845
ears,0.236464
earth,0.180695
easily,0.22544
easy,0.205859
eat,0.228531
eaten,0.271646
eating,0.246762
eats,0.35607
edge,0.215481
editions,0.527142
educations,0.597131
eel,0.438228
eels,0.526625
effect,0.1385
egg,0.335589
eggs,0.357468
eh,0.526625
either,0.159176
elbow,0.336248
elbows,0.437798
elegant,0.271646
eleventh,0.4766
else,0.166816
em,0.301285
emphasis,0.271646
empty,0.285564
encourage,0.317268
encouraged,0.300695
encouraging,0.30099
end,0.0864634
ending,0.247004
energetic,0.406095
engaged,0.23554
engine,0.37929
engraved,0.4766
enjoy,0.215059
enormous,0.335589
enough,0.111488
entangled,0.35642
entirely,0.271912
entrance,0.224998
escape,0.236233
est,0.526625
even,0.0687868
evening,0.173112
ever,0.0914378
every,0.121831
everybody,0.247731
everything,0.238082
evidence,0.189177
evidently,0.317268
exact,0.258759
exactly,0.188993
examine,0.271912
examining,0.35607
excellent,0.225219
except,0.16552
exclaimed,0.286966
exclamation,0.335589
execute,0.406095
executed,0.439946
executes,0.717661
execution,0.336248
executioner,0.478939
executions,0.527142
existence,0.271646
expected,0.104468
expecting,0.406892
experiment,0.35642
explain,0.260537
explained,0.205657
explanation,0.271912
explanations,0.406095
expressing,0.285564
expression,0.300695
extra,0.300695
extraordinary,0.30099
extras,0.597131
extremely,0.317579
eye,0.17345
eyed,0.271646
eyelids,0.37929
eyes,0.177173
face,0.105903
faces,0.180872
fact,0.152154
fading,0.406095
failure,0.300695
faint,0.224998
faintly,0.35607
fair,0.188254
fairly,0.285564
fairy,0.37929
fall,0.139043
fallen,0.236233
falling,0.247004
familiarly,0.526625
family,0.132127
fan,0.359215
fancied,0.285845
fancy,0.260283
fancying,0.437798
fanned,0.4766
fanning,0.526625
far,0.0861293
farm,0.258759
farmer,0.317268
farther,0.258759
fashion,0.21527
fast,0.151561
faster,0.286125
fat,0.215059
father,0.151264
favoured,0.4766
favourite,0.317268
fear,0.188808
feared,0.271646
feather,0.335589
feathers,0.335589
feeble,0.285845
feebly,0.37929
feel,0.127099
feeling,0.158866
feelings,0.30099
feet,0.140671
fell,0.158711
fellow,0.158401
fellows,0.285564
felt,0.154378
ferrets,0.718365
fetch,0.260029
few,0.0952706
fidgeted,0.717661
field,0.144553
fifteen,0.300695
fifth,0.285564
fig,0.406095
fight,0.158091
fighting,0.215059
figure,0.197124
figures,0.300695
filled,0.206061
fills,0.4766
find,0.12871
finding,0.215481
finds,0.300695
fine,0.132257
finger,0.247731
finish,0.236464
finished,0.198862
finishing,0.335589
fire,0.144979
fireplace,0.437798
first,0.0184457
fish,0.272979
fishes,0.406095
fit,0.196738
fits,0.300695
fitted,0.258759
five,0.099427
fix,0.258759
fixed,0.258759
flame,0.271646
flamingo,0.720478
flamingoes,0.718365
flapper,0.717661
flappers,0.717661
flashed,0.406095
flat,0.235771
flavour,0.526625
flew,0.224998
flinging,0.406095
flock,0.335589
floor,0.172773
flower,0.235771
flowers,0.235771
flown,0.406095
flung,0.317268
flurry,0.526625
flustered,0.717661
fluttered,0.37929
fly,0.188623
flying,0.23554
folded,0.336248
folding,0.35607
follow,0.138365
followed,0.166168
follows,0.259267
fond,0.259521
foolish,0.224998
foot,0.16633
footman,0.438658
footmen,0.4766
footsteps,0.35642
for,0
forehead,0.317579
forepaws,0.597131
forget,0.205859
forgetting,0.317891
forgot,0.21527
forgotten,0.247973
fork,0.35607
form,0.151116
fortunately,0.35607
forwards,0.406095
found,0.0923187
fountains,0.406493
four,0.0600438
fourth,0.180164
frame,0.23554
frames,0.437798
free,0.120767
friend,0.197124
friends,0.158091
fright,0.285845
frighten,0.35607
frightened,0.302465
frog,0.718365
from,0
front,0.158091
frontispiece,0.526625
frowning,0.40729
frying,0.597131
full,0.10498
fumbled,0.526625
fun,0.286125
funny,0.406892
fur,0.477536
furious,0.317268
furiously,0.35607
furrow,0.437798
furrows,0.597131
further,0.132386
fury,0.285564
gained,0.258759
gallons,0.526625
game,0.190286
games,0.271646
garden,0.250395
gardeners,0.479874
gather,0.300695
gave,0.139857
gay,0.23554
gazing,0.317268
general,0.109874
generally,0.166006
gently,0.215481
get,0.0426451
getting,0.15423
giddy,0.406493
girl,0.197317
girls,0.22544
give,0.105288
given,0.0806099
giving,0.21527
glad,0.217169
glanced,0.317268
glaring,0.406095
glass,0.274045
globe,0.35607
gloomily,0.406095
gloves,0.338882
go,0.0707806
goes,0.181225
going,0.0969404
golden,0.226323
goldfish,0.597717
gone,0.166978
good,0.0651929
goose,0.438228
got,0.0750189
graceful,0.317268
grand,0.197124
grant,0.196738
grass,0.247489
grave,0.247247
gravely,0.336248
gravy,0.526625
grazed,0.4766
great,0.0931115
green,0.188808
grew,0.215059
grey,0.271646
grin,0.357817
grinned,0.527659
grinning,0.437798
grins,0.597131
ground,0.152005
grow,0.190471
growing,0.198668
growl,0.477536
growled,0.37929
growling,0.526625
growls,0.597131
grown,0.248215
grumbled,0.526625
grunt,0.526625
grunted,0.478004
guard,0.205657
guess,0.272179
guessed,0.301285
guests,0.22544
guilt,0.258759
guinea,0.478939
had,0.0135998
hadn,0.381523
hair,0.236927
half,0.141078
hall,0.2487
hand,0.117154
handed,0.197124
hands,0.152747
handsome,0.271646
handwriting,0.406095
hanging,0.259267
happen,0.226544
happened,0.216325
happening,0.335589
happens,0.272712
happy,0.144553
hard,0.127099
hardly,0.152599
harm,0.258759
has,0
hasn,0.379662
haste,0.271646
hastily,0.289768
hat,0.258759
hatching,0.597131
hate,0.225219
hatter,0.526625
hatters,0.597131
have,0.00923371
haven,0.358516
having,0.166492
he,0.00626132
head,0.104208
heads,0.216747
heap,0.285564
hear,0.159951
heard,0.148667
hearing,0.16552
heart,0.180341
hearth,0.406095
hearts,0.23554
heavy,0.188438
hedge,0.30099
hedgehog,0.600647
hedgehogs,0.71907
hedges,0.35607
heels,0.285564
height,0.259775
held,0.0764318
help,0.145688
helped,0.258759
helpless,0.258759
her,0.116978
here,0.0660047
hers,0.318202
herself,0.293506
hid,0.23554
hide,0.23554
high,0.0451153
highest,0.188254
him,0.0388003
himself,0.145262
hint,0.335918
hippopotamus,0.717661
his,0.00308557
hiss,0.406095
histories,0.4766
history,0.158866
hit,0.144695
hoarse,0.301285
hoarsely,0.4766
hold,0.158711
holding,0.286125
hole,0.215692
holiday,0.317268
hollow,0.23554
home,0.0307054
honest,0.224998
honour,0.259521
hookah,0.720478
hope,0.158246
hoped,0.215059
hopeful,0.335589
hopeless,0.317268
hoping,0.317891
horse,0.23554
hot,0.189362
hour,0.115122
hours,0.151561
house,0.111488
housemaid,0.526625
houses,0.188254
how,0.0791241
however,0.105083
howled,0.37929
howling,0.438658
humble,0.23554
humbly,0.35642
hundred,0.205657
hung,0.23554
hungry,0.286125
hunting,0.301285
hurried,0.274312
hurriedly,0.406493
hurry,0.274312
hurrying,0.317268
hurt,0.247247
hush,0.35607
idea,0.208483
idiotic,0.437798
if,0.0402319
ignorant,0.258759
ill,0.21527
imagine,0.246762
imitated,0.37929
immediate,0.180164
immediately,0.180518
immense,0.35607
impatient,0.300695
impatiently,0.357468
impertinent,0.37929
important,0.158866
impossible,0.22544
in,0
incessantly,0.437798
inches,0.357817
inclined,0.271646
indeed,0.208483
indignant,0.317268
indignantly,0.380406
injure,0.437798
ink,0.406095
inkstand,0.597131
inquired,0.317268
inquisitively,0.597131
inside,0.285564
insolence,0.335589
instance,0.272179
instantly,0.247731
instead,0.180518
insult,0.37929
interest,0.138229
interesting,0.247731
interrupt,0.317268
interrupted,0.319759
interrupting,0.379662
into,0.0221813
introduce,0.335918
introduced,0.224998
invent,0.300695
invented,0.35607
invitation,0.30099
invited,0.259013
inwards,0.37929
irons,0.526625
irritated,0.37929
is,0
isn,0.287246
it,0
its,0.0186541
itself,0.182463
jar,0.379662
jaw,0.37929
jaws,0.317579
jelly,0.437798
jogged,0.597131
join,0.207272
joined,0.172773
journey,0.23554
joys,0.37929
judge,0.180695
judging,0.317268
jug,0.4766
jumped,0.260029
jumping,0.336577
juror,0.597131
jurors,0.478004
jury,0.306892
jurymen,0.719774
just,0.0794981
justice,0.246762
keep,0.152302
keeping,0.21527
kept,0.133683
kettle,0.437798
key,0.181579
kick,0.317891
kid,0.407689
kill,0.23554
killing,0.300695
kills,0.4766
kind,0.132905
kindly,0.271912
king,0.271646
kiss,0.35607
kissed,0.35607
kitchen,0.272446
knee,0.215903
kneel,0.406095
knelt,0.406095
knew,0.153044
knife,0.259267
knock,0.271646
knocked,0.246762
knocking,0.317891
knot,0.35642
know,0.102506
knowing,0.235771
knowledge,0.197124
known,0.157936
knows,0.21527
knuckles,0.526625
label,0.438228
labelled,0.526625
lad,0.37929
ladder,0.335589
lady,0.272179
laid,0.196931
lamps,0.300695
land,0.172435
languid,0.406095
lap,0.30099
large,0.107748
larger,0.216325
largest,0.215059
lark,0.526625
last,0.0247536
lasted,0.335918
late,0.110197
lately,0.271646
later,0.0945284
laugh,0.215059
laughed,0.271912
laughing,0.258759
laughter,0.285564
law,0.126356
lay,0.16552
lazily,0.526625
lazy,0.35607
leaders,0.205657
leading,0.196738
leaning,0.30099
leant,0.4766
leap,0.37929
learn,0.181225
learned,0.205657
learning,0.225219
learnt,0.317579
least,0.121477
leave,0.197896
leaves,0.247973
leaving,0.215059
led,0.115348
ledge,0.4766
left,0.0862128
lefthand,0.718365
legged,0.379662
legs,0.247247
length,0.205657
less,0.158246
lessen,0.437798
lesson,0.301285
lessons,0.338553
lest,0.246762
let,0.145972
letter,0.22544
letters,0.215059
licking,0.717661
lie,0.247004
life,0.127595
lifted,0.246762
like,0.0602654
liked,0.260029
likely,0.206464
likes,0.271646
limbs,0.285564
line,0.158091
lines,0.151116
linked,0.4766
lips,0.258759
list,0.197124
listen,0.236927
listened,0.285564
listeners,0.4766
listening,0.247247
lit,0.35607
little,0.0904192
live,0.159021
lived,0.22544
livery,0.477536
lives,0.180695
living,0.205859
ll,0.173942
lobster,0.527142
lobsters,0.600647
lock,0.285564
locked,0.300695
locks,0.379662
lodging,0.37929
lonely,0.285845
long,0.057367
longed,0.317579
longer,0.197124
look,0.148383
looked,0.234713
looking,0.185645
loose,0.224998
lose,0.224998
losing,0.246762
lost,0.132386
loud,0.236696
louder,0.285564
loudly,0.317891
love,0.21527
loveliest,0.437798
lovely,0.247004
loving,0.258759
low,0.160106
lower,0.215059
lowing,0.526625
luckily,0.406095
lullaby,0.526625
lying,0.237158
m,0.104989
ma,0.35607
machines,0.300695
mad,0.208281
made,0.0150372
magic,0.300695
make,0.0571482
makes,0.190101
making,0.0857116
mallets,0.597131
man,0.0521082
manage,0.302465
managed,0.318202
managing,0.37929
manner,0.196931
manners,0.285564
many,0.0563279
maps,0.4766
marched,0.335589
mark,0.206061
marked,0.236696
master,0.215692
matter,0.11052
matters,0.21527
may,0.0524138
maybe,0.437798
mayn,0.526625
me,0.116116
meal,0.335589
mean,0.166492
meaning,0.216536
means,0.151709
meant,0.215903
meanwhile,0.335589
measure,0.205657
meat,0.300695
meekly,0.597717
meet,0.10457
meeting,0.104468
melancholy,0.30217
memorandum,0.526625
memory,0.246762
men,0.0762075
mentioned,0.22544
merely,0.172604
merrily,0.35607
messages,0.406493
met,0.165358
mice,0.528175
middle,0.226323
might,0.0921425
mile,0.205657
miles,0.206061
milk,0.271912
mind,0.181579
minded,0.285564
minding,0.406095
mine,0.197896
mineral,0.437798
minute,0.209694
minutes,0.145972
mischief,0.35607
miserable,0.271912
miss,0.258759
missed,0.259013
mistake,0.259267
mixed,0.30099
moderate,0.271646
modern,0.205657
moment,0.193796
month,0.109766
moon,0.317268
moral,0.273512
morals,0.4766
more,0.00901366
morning,0.151709
morsel,0.437798
most,0.0341952
mostly,0.285845
mournful,0.406095
mournfully,0.437798
mouse,0.411275
mouth,0.198475
mouths,0.272446
move,0.144837
moved,0.173112
moving,0.206061
much,0.0710465
muchness,0.71907
muddle,0.526625
murder,0.285564
murdering,0.437798
muscular,0.437798
mushroom,0.601233
music,0.215481
must,0.0837742
mustard,0.438658
muttered,0.335918
muttering,0.380034
my,0.0848817
myself,0.226102
name,0.127347
names,0.196931
narrow,0.21527
nasty,0.406095
natural,0.247489
natured,0.300695
naturedly,0.526625
near,0.133813
nearer,0.259775
nearly,0.166492
neat,0.317268
neatly,0.438228
neck,0.216325
needn,0.527659
needs,0.196738
neighbour,0.37929
neighbouring,0.37929
neither,0.151264
nervous,0.357468
nest,0.35607
never,0.0933758
nevertheless,0.300695
new,0.011631
newspapers,0.335589
next,0.0653178
nibbled,0.527142
nibbling,0.598303
nice,0.236696
nicely,0.406493
night,0.0679893
nine,0.151709
no,0.00608226
nobody,0.259775
nodded,0.300695
noise,0.206061
noises,0.335589
none,0.16552
nonsense,0.286966
nor,0.138365
nose,0.273512
not,0.00318269
note,0.196931
nothing,0.155416
notice,0.236464
noticed,0.273512
noticing,0.37929
notion,0.272179
now,0.0185152
nowhere,0.317579
number,0.104775
nurse,0.301285
nursing,0.380034
o,0.180518
obliged,0.301285
oblong,0.4766
obstacle,0.35607
occasional,0.335589
occasionally,0.300695
occurred,0.271912
odd,0.271646
of,0
off,0.0550116
offend,0.300695
offended,0.32007
offer,0.165196
officer,0.246762
officers,0.180695
often,0.138772
oh,0.248942
ointment,0.526625
old,0.0527195
older,0.247004
oldest,0.35607
on,0
once,0.142299
one,0
ones,0.165034
oneself,0.406095
onions,0.4766
only,0.0217724
oop,0.721887
ootiful,0.719774
open,0.12124
opened,0.173958
opening,0.151412
opinion,0.172435
opportunity,0.226544
opposite,0.23554
or,0.0124504
order,0.115235
ordered,0.22566
ordering,0.438228
ornamented,0.406493
other,0.00591999
others,0.132905
otherwise,0.22566
ought,0.227868
our,0.0766562
ourselves,0.224998
out,0
outside,0.206061
over,0.0151807
overcome,0.258759
overhead,0.35607
own,0.0858786
oyster,0.526625
pace,0.215059
pack,0.318513
paint,0.335589
painting,0.30099
pair,0.19751
pairs,0.4766
pale,0.22566
pan,0.335589
panted,0.4766
panting,0.379662
paper,0.22566
parchment,0.477068
pardon,0.226102
pardoned,0.35607
part,0.0762823
particular,0.215692
partner,0.224998
partners,0.317268
parts,0.196738
party,0.159176
pass,0.165034
passage,0.22566
passed,0.180872
passing,0.180164
passion,0.247247
passionate,0.37929
past,0.0637566
patience,0.215059
patiently,0.285845
patriotic,0.597131
patted,0.4766
pattering,0.527659
pattern,0.258759
pause,0.235771
paused,0.300695
paw,0.406892
paws,0.478004
pebbles,0.477068
peeped,0.380034
peeping,0.437798
peering,0.35607
pegs,0.597131
pence,0.526625
pencil,0.30099
pencils,0.597131
people,0.0643811
pepper,0.478939
perfectly,0.259521
perhaps,0.159951
permitted,0.224998
persisted,0.379662
person,0.16552
personal,0.21527
pet,0.406095
picked,0.286125
picking,0.35642
picture,0.205657
pictured,0.4766
pictures,0.272446
pie,0.438658
piece,0.197703
pieces,0.215481
pig,0.409283
pigeon,0.437798
pigs,0.721182
pinch,0.37929
pinched,0.527142
pine,0.300695
pink,0.285564
piteous,0.406095
pitied,0.35607
pity,0.259267
place,0.0903807
placed,0.196738
places,0.205859
plainly,0.285564
plan,0.144979
planning,0.285564
plate,0.286125
plates,0.379662
play,0.121358
played,0.172435
players,0.286405
playing,0.196931
pleaded,0.406892
pleasant,0.224998
pleasanter,0.4766
please,0.208079
pleased,0.236927
pleases,0.37929
pleasing,0.271646
pleasure,0.205859
plenty,0.215059
pocket,0.272979
pointed,0.188254
pointing,0.272446
poison,0.317891
poker,0.597131
poky,0.597131
politely,0.318825
pool,0.288087
poor,0.176496
pop,0.35607
pope,0.717661
porpoise,0.528175
position,0.188438
positively,0.317268
possible,0.0945284
possibly,0.236002
pot,0.317268
pounds,0.317268
pour,0.285564
poured,0.285564
powdered,0.526625
practice,0.224998
present,0.0899403
presented,0.165034
presents,0.317579
pressed,0.301285
pressing,0.35607
pretend,0.285564
pretending,0.37929
pretexts,0.597131
prettier,0.526625
pretty,0.196738
prevent,0.188254
printed,0.300695
prison,0.23554
prisoner,0.335918
prize,0.258759
prizes,0.477536
proceed,0.271912
procession,0.336906
processions,0.4766
produced,0.246762
producing,0.300695
promise,0.215059
promised,0.23554
promising,0.300695
pronounced,0.271646
proper,0.206061
proposal,0.23554
prosecute,0.597131
protection,0.300695
proud,0.180341
prove,0.224998
proved,0.225219
proves,0.37929
provoking,0.37929
puffed,0.4766
pulled,0.271646
pulling,0.271646
pun,0.4766
punching,0.597131
punished,0.406095
puppy,0.479407
purple,0.300695
purpose,0.172435
purring,0.718365
push,0.246762
put,0.0924068
putting,0.247247
puzzle,0.35607
puzzled,0.303055
puzzling,0.357118
quarrel,0.258759
quarrelled,0.35607
quarrelling,0.379662
queer,0.339212
queerest,0.597131
question,0.1404
questions,0.206263
quick,0.196738
quicker,0.317268
quickly,0.205859
quiet,0.188438
quietly,0.225881
quite,0.173456
quiver,0.4766
rabbit,0.439517
rabbits,0.526625
race,0.225881
railway,0.406493
raised,0.205859
raising,0.196738
ran,0.167463
rapidly,0.225219
rapped,0.437798
rat,0.37929
rate,0.189732
rather,0.117718
rats,0.4766
rattle,0.437798
rattling,0.35642
raven,0.437798
ravens,0.526625
raving,0.406493
raw,0.300695
re,0.119186
reach,0.180695
reaching,0.258759
read,0.14583
readily,0.335589
reading,0.22544
ready,0.133035
real,0.132386
reality,0.317268
really,0.174127
rearing,0.597131
reason,0.152302
reasonable,0.285564
reasons,0.172435
received,0.126232
recognised,0.4766
recovered,0.30099
red,0.196931
reduced,0.246762
reeds,0.437798
refreshments,0.526625
refused,0.258759
regular,0.247004
relief,0.247004
relieved,0.317268
remain,0.215059
remained,0.206061
remaining,0.285564
remark,0.32007
remarkable,0.271912
remarked,0.32007
remarking,0.598303
remarks,0.286125
remedies,0.597131
remember,0.190655
remembered,0.247731
remembering,0.35607
reminding,0.437798
removed,0.247004
repeat,0.30217
repeated,0.248942
repeating,0.317891
replied,0.242012
reply,0.215903
resource,0.526625
respect,0.196738
respectable,0.300695
respectful,0.37929
rest,0.189916
resting,0.335918
result,0.126232
retire,0.35607
returned,0.180164
returning,0.246762
rich,0.180164
riddle,0.335589
riddles,0.477068
ridge,0.37929
ridges,0.437798
ridiculous,0.317268
right,0.0875494
righthand,0.717661
rightly,0.317268
ring,0.225219
ringlets,0.597717
riper,0.597131
rippling,0.597131
rise,0.172435
rises,0.335589
rising,0.196738
roared,0.300695
roast,0.437798
rock,0.300695
rocket,0.437798
roof,0.260029
room,0.139857
roots,0.30099
rope,0.37929
rose,0.197317
roses,0.336248
rosetree,0.717661
roughly,0.317268
round,0.164135
row,0.225219
royal,0.317579
rubbed,0.35607
rubbing,0.379662
rude,0.259013
rudeness,0.406095
rule,0.180695
rules,0.247247
rumbling,0.437798
run,0.0807682
running,0.181402
rush,0.235771
rushed,0.246762
rustled,0.597131
rustling,0.406095
s,0
sad,0.236002
sadly,0.301875
safe,0.21527
sage,0.437798
said,0.0256016
salmon,0.437798
salt,0.271912
same,0.0917021
sand,0.335589
sands,0.35607
sang,0.271912
sat,0.228531
saucepan,0.717661
saucepans,0.717661
saucer,0.717661
savage,0.357118
save,0.23554
saves,0.437798
saw,0.122068
say,0.109594
saying,0.160106
says,0.16552
scale,0.317268
scaly,0.526625
school,0.0999149
schoolroom,0.526625
scolded,0.406095
scrambling,0.437798
scratching,0.35607
scream,0.35642
screamed,0.318202
screaming,0.35607
scroll,0.438228
sea,0.24991
search,0.224998
seaside,0.437798
seated,0.23554
second,0.0948067
secondly,0.438228
secret,0.180164
see,0.0676907
seeing,0.224998
seem,0.152154
seemed,0.176834
seems,0.180872
seen,0.19084
seldom,0.258759
sell,0.205859
send,0.196738
sending,0.235771
sensation,0.335918
sense,0.165358
sent,0.120649
sentence,0.259775
sentenced,0.437798
series,0.205657
seriously,0.271646
serpent,0.381151
serpents,0.438658
set,0.0644435
setting,0.172435
settle,0.258759
settled,0.215481
settling,0.335589
seven,0.138229
several,0.0997198
severely,0.478004
severity,0.406095
sh,0.717661
shade,0.224998
shake,0.205657
shaking,0.259267
shall,0.200985
shan,0.407689
shape,0.205657
shaped,0.317891
share,0.144553
shared,0.300695
sharing,0.317268
sharks,0.4766
sharp,0.226102
sharply,0.272446
she,0.164327
shedding,0.437798
sheep,0.285564
shelves,0.335918
shepherd,0.335589
shifting,0.37929
shilling,0.406095
shillings,0.4766
shingle,0.526625
shining,0.285564
shiny,0.406095
shiver,0.526625
shock,0.271646
shoes,0.318825
shook,0.260791
shore,0.286405
short,0.144979
shorter,0.35642
should,0.0694514
shoulder,0.22566
shoulders,0.247489
shouldn,0.407689
shouted,0.273779
shouting,0.30099
show,0.0996222
shower,0.317579
showing,0.285845
shriek,0.357468
shrieked,0.437798
shrieks,0.4766
shrill,0.301875
shrimp,0.597131
shrink,0.37929
shrinking,0.478004
shut,0.225881
shutting,0.477068
shyly,0.717661
side,0.146823
sides,0.236233
sigh,0.236233
sighed,0.259775
sighing,0.336248
sight,0.207473
sign,0.196738
signed,0.271912
signifies,0.526625
signify,0.37929
silence,0.249184
silent,0.226323
simple,0.206464
simpleton,0.4766
simply,0.22544
since,0.0520573
sing,0.247731
singers,0.406493
singing,0.235771
sink,0.285564
sir,0.247973
sister,0.207272
sisters,0.30099
sit,0.206666
sits,0.258759
sitting,0.181756
six,0.109766
sixpence,0.437798
size,0.190471
sizes,0.597131
skimming,0.597131
skirt,0.37929
skurried,0.717661
sky,0.259775
slate,0.40729
slates,0.722591
sleep,0.236696
sleepy,0.336906
slightest,0.406095
slipped,0.301285
slippery,0.35607
slowly,0.237158
small,0.116025
smaller,0.286125
smallest,0.247004
smile,0.21527
smiled,0.259013
smiling,0.225219
smoke,0.317268
smoking,0.35642
snail,0.406892
snappishly,0.717661
snatch,0.406493
sneeze,0.597717
sneezed,0.526625
sneezes,0.718365
sneezing,0.478939
snorting,0.4766
snout,0.4766
so,0.0419205
sob,0.4766
sobbed,0.437798
sobbing,0.438658
sobs,0.439087
soft,0.196738
softly,0.285564
soldier,0.271646
soldiers,0.338553
solemn,0.272179
solemnly,0.318202
solid,0.23554
some,0.0251308
somebody,0.215903
somehow,0.271646
someone,0.37929
somersault,0.597717
something,0.134202
sometimes,0.206464
somewhere,0.259013
son,0.151116
song,0.248215
soon,0.141349
sooner,0.247004
soothing,0.335589
sorrow,0.225219
sorrowful,0.35642
sorrows,0.35607
sorry,0.224998
sort,0.209492
sorts,0.259267
sound,0.180695
sounded,0.225881
sounds,0.247247
soup,0.528175
sour,0.37929
spades,0.4766
speak,0.199055
speaker,0.300695
speaking,0.188993
spectacles,0.356769
speech,0.180518
speed,0.165034
spell,0.317268
spirited,0.335589
spite,0.258759
splash,0.37929
splashed,0.37929
splashing,0.527142
splendidly,0.4766
spoke,0.208886
spoken,0.224998
spoon,0.477068
spot,0.224998
sprawling,0.437798
spread,0.206061
spreading,0.300695
squeaked,0.717661
squeaking,0.597717
squeeze,0.4766
squeezed,0.406095
stairs,0.272179
stalk,0.37929
stamping,0.438228
stand,0.121003
standing,0.205657
star,0.23554
staring,0.380034
started,0.138365
startled,0.259013
state,0.0897641
station,0.196738
stay,0.180872
stays,0.335589
steady,0.246762
steam,0.35607
sternly,0.37929
stick,0.286405
sticks,0.335589
stiff,0.317268
still,0.0770301
stingy,0.526625
stirring,0.30099
stockings,0.35607
stole,0.215059
stood,0.189362
stool,0.406095
stoop,0.35642
stop,0.165682
stopped,0.215481
stopping,0.285564
story,0.206868
straight,0.158091
straightened,0.4766
straightening,0.717661
strange,0.215903
strength,0.165034
stretched,0.30099
stretching,0.300695
strings,0.285564
struck,0.172604
stuff,0.272179
stupid,0.301875
stupidest,0.597131
stupidly,0.437798
subdued,0.317268
subject,0.206666
subjects,0.285564
submitted,0.335589
succeeded,0.259267
such,0.0424845
sudden,0.236464
suddenly,0.207877
suet,0.597131
sugar,0.35642
suit,0.22544
sulkily,0.527142
sulky,0.477536
summer,0.165196
sun,0.21527
supple,0.4766
suppose,0.261553
suppressed,0.357118
sure,0.17565
surprise,0.19751
surprised,0.248215
swallow,0.300695
swallowed,0.300695
swallowing,0.526625
swam,0.380779
sweet,0.215059
swim,0.286125
swimming,0.406493
t,0.0583271
table,0.199827
tail,0.273779
tails,0.406892
take,0.0646933
taken,0.0900283
takes,0.172604
taking,0.121003
tale,0.259267
tales,0.35607
talk,0.153044
talking,0.218224
taller,0.317579
tart,0.597131
tarts,0.478939
taste,0.188438
tasted,0.301285
tastes,0.300695
taught,0.215692
tea,0.305711
teaching,0.271646
teacup,0.71907
teacups,0.718365
teapot,0.717661
tears,0.248942
teases,0.717661
teeth,0.246762
telescope,0.438658
telescopes,0.717661
tell,0.129453
telling,0.235771
tells,0.259013
temper,0.236464
tempered,0.317579
ten,0.180872
terms,0.224998
terribly,0.335589
terrier,0.526625
terror,0.224998
than,0.0149367
thank,0.23554
thanked,0.37929
that,0
thatched,0.4766
the,0
their,0.00903905
theirs,0.285564
them,0.0296016
themselves,0.1385
then,0.0476047
there,0.0123252
these,0.0642562
they,0.00318269
thick,0.246762
thimble,0.528175
thin,0.224998
thing,0.126208
things,0.162585
think,0.099074
thinking,0.207473
thirteen,0.317268
this,0.00632846
thistle,0.477068
thoroughly,0.317579
those,0.052312
though,0.14583
thought,0.148132
thoughtfully,0.357118
thoughts,0.235771
thousand,0.205859
three,0.021384
threw,0.205859
throat,0.235771
throne,0.335589
through,0.0450279
throw,0.188623
throwing,0.235771
thrown,0.271646
thump,0.406493
thunder,0.317268
thunderstorm,0.717661
tide,0.317268
tidy,0.406095
tie,0.271646
tied,0.215059
tight,0.35607
till,0.21928
time,0.0222018
times,0.132775
timid,0.336248
timidly,0.441235
tinkling,0.4766
tiny,0.336577
tipped,0.37929
tiptoe,0.527142
tired,0.248215
tis,0.335918
tittered,0.717661
to,0
toast,0.437798
today,0.12053
toes,0.380034
toffee,0.717661
together,0.0904688
told,0.0765814
tomorrow,0.23554
tone,0.312203
tones,0.30099
tongue,0.215692
too,0.0736075
took,0.0917021
top,0.1158
tops,0.285564
toss,0.37929
tossing,0.406892
touch,0.157936
tougher,0.437798
towards,0.224998
toys,0.437798
trampled,0.35607
traps,0.437798
tray,0.4766
treacle,0.599475
treading,0.438228
treat,0.246762
treated,0.205657
tree,0.248457
trees,0.226323
tremble,0.335589
trembled,0.285845
trembling,0.260029
tremulous,0.437798
trial,0.23762
trials,0.406095
trickling,0.597131
tricks,0.335589
tried,0.147106
triumphantly,0.35642
trot,0.437798
trotting,0.597717
trouble,0.165844
true,0.172773
trumpet,0.317891
trusts,0.597131
truth,0.180164
truthful,0.597131
try,0.152747
trying,0.190655
tucked,0.477536
tulip,0.526625
tumbled,0.285564
tumbling,0.35642
tunnel,0.4766
tureen,0.717661
turkey,0.526625
turn,0.1158
turned,0.15334
turning,0.238082
turns,0.259267
turtles,0.527142
tut,0.597131
twelfth,0.437798
twelve,0.272446
twentieth,0.35607
twenty,0.196931
twice,0.180872
twinkle,0.439517
twinkled,0.597131
twinkling,0.318202
twist,0.379662
two,0.0119497
uglify,0.717661
uglifying,0.717661
ugly,0.285845
unable,0.300695
uncivil,0.437798
uncomfortable,0.336577
uncomfortably,0.717661
uncommon,0.335589
uncommonly,0.437798
uncorked,0.526625
under,0.0344619
underneath,0.300695
understand,0.206666
understood,0.246762
undertone,0.527142
undo,0.437798
undoing,0.597131
uneasily,0.527142
uneasy,0.35607
unfolded,0.438228
unfortunate,0.317891
unhappy,0.271912
unimportant,0.477536
unjust,0.317268
unless,0.196931
unlocking,0.717661
unpleasant,0.317579
unrolled,0.477068
until,0.121003
untwist,0.717661
unusually,0.37929
unwillingly,0.526625
up,0.0193836
upon,0.123487
upright,0.258759
upset,0.380034
upsetting,0.597131
upstairs,0.35607
us,0.159951
use,0.0961055
used,0.11095
useful,0.317579
using,0.196931
usual,0.236464
usually,0.247004
usurpation,0.526625
vague,0.35607
vanished,0.30158
vanishing,0.4766
variations,0.37929
various,0.23554
ve,0.179542
vegetable,0.4766
velvet,0.37929
venture,0.272179
ventured,0.318202
verdict,0.478004
verse,0.357118
verses,0.336577
very,0.106124
vinegar,0.437798
violence,0.246762
violent,0.247004
violently,0.336577
voice,0.214941
voices,0.247247
vote,0.215059
vulgar,0.300695
wag,0.37929
wags,0.597131
waist,0.406095
waistcoat,0.37929
wait,0.188254
waited,0.217169
waiting,0.20707
walk,0.165682
walked,0.207473
walking,0.188993
walrus,0.526625
wander,0.335589
wandered,0.335918
wandering,0.285845
want,0.115912
wanted,0.144979
wants,0.196931
warning,0.215059
was,0
wash,0.247004
washing,0.30099
wasn,0.303646
waste,0.23554
wasting,0.379662
watch,0.181225
watched,0.21527
watching,0.206061
water,0.173112
waters,0.246762
waving,0.380779
way,0.0587342
ways,0.157936
we,0.0454647
weak,0.259013
wearily,0.437798
week,0.0558357
weeks,0.151116
welcome,0.224998
well,0.053891
went,0.08234
wept,0.285564
were,0.00617179
weren,0.406095
wet,0.259013
what,0.0333467
whatever,0.259013
when,0.0155968
whenever,0.300695
where,0.0448969
whereupon,0.4766
wherever,0.259013
whether,0.127471
which,0.00293851
while,0.0528723
whiles,0.4766
whiskers,0.438658
whisper,0.259267
whispered,0.286685
whispers,0.335589
whistle,0.335589
whistling,0.35607
white,0.152154
whiting,0.722591
who,0
whole,0.146255
whom,0.165034
whose,0.115122
why,0.146255
wide,0.138365
wider,0.335589
wife,0.099427
wig,0.406493
wild,0.21527
wildly,0.317579
will,0
win,0.23554
wind,0.205859
window,0.260537
wine,0.247004
wings,0.258759
wink,0.335918
winter,0.205657
wise,0.21527
wish,0.183701
with,0
within,0.126356
without,0.0610972
witness,0.248942
wits,0.37929
woke,0.437798
woman,0.158091
won,0.14162
wonder,0.209088
wondered,0.285564
wonderful,0.235771
wondering,0.260283
wood,0.226544
wooden,0.35607
word,0.14583
words,0.175819
wore,0.23554
work,0.0600438
works,0.23554
world,0.0560545
worm,0.37929
worried,0.437798
worry,0.285564
worse,0.172773
worth,0.138636
would,0.0123821
wouldn,0.320693
wow,0.719774
wrapping,0.437798
wretched,0.247004
wriggling,0.526625
write,0.19751
writing,0.247973
written,0.206666
wrong,0.188993
wrote,0.206061
yard,0.271646
yards,0.271646
yawned,0.406493
yawning,0.406493
ye,0.23554
year,0.0240463
years,0.0272731
yelled,0.37929
yelp,0.717661
yer,0.598889
yes,0.271646
yesterday,0.115235
yet,0.14739
you,0.107823
young,0.0901164
your,0.15193
yours,0.225219
yourself,0.274045
youth,0.181048
zigzag,0.717661
