A,0.003041
Accents,0.598236
According,0.357738
Accounted,0.71899
Accursed,0.5276
Acheron,0.5276
Acquaint,0.598236
Act,0.480183
Acting,0.477483
Actions,0.71899
Acts,0.5276
Actus,0.533567
Addage,0.71899
Adde,0.71899
Adders,0.71899
Adieu,0.407997
Aduise,0.71899
Affaire,0.5276
Affaires,0.71899
Affection,0.5276
After,0.0998928
Against,0.32145
Age,0.438609
Agent,0.71899
Agents,0.71899
Ague,0.598236
Alack,0.598236
Alarme,0.598236
Alarum,0.484233
Alarums,0.603311
Alas,0.272918
Aleppo,0.598236
All,0.120734
Allegeance,0.598236
Almost,0.302955
Alreadie,0.71899
Already,0.438609
Am,0.247219
Ambition,0.382141
Amen,0.533567
An,0.151823
And,0.10027
Ang,0.725089
Angell,0.529092
Angels,0.439849
Angus,0.729154
Anon,0.5276
Another,0.172754
Answer,0.337161
Anthonies,0.71899
Antidote,0.71899
Antique,0.598236
Appar,0.725089
Apparation,0.721023
Apparition,0.5276
Appetite,0.477483
Approach,0.5276
Approch,0.71899
Arabia,0.5276
Are,0.211281
Arme,0.532075
Armed,0.438609
Armes,0.5276
Armor,0.721023
Armour,0.5276
Army,0.247219
Aroynt,0.71899
Art,0.252112
Artificiall,0.71899
As,0.0834725
Assassination,0.71899
Assisted,0.71899
At,0.0689999
Attend,0.480183
Attendants,0.533567
Auant,0.71899
Auarice,0.721023
Auaricious,0.71899
Audit,0.598236
Augures,0.71899
Authoriz,0.71899
Away,0.317855
Ayre,0.541026
Babe,0.382141
Babes,0.601619
Baboones,0.71899
Baby,0.599928
Backe,0.598236
Balles,0.71899
Balme,0.71899
Ban,0.608385
Bane,0.598236
Banke,0.598236
Banners,0.721023
Banq,0.765748
Banquet,0.599928
Banquets,0.71899
Banquo,0.796242
Banquoh,0.71899
Barke,0.5276
Barlet,0.71899
Bat,0.599928
Bath,0.438609
Battaile,0.598236
Battell,0.598236
Battlements,0.529092
Be,0.255607
Beards,0.598236
Beare,0.529092
Beast,0.477483
Beauteous,0.71899
Bed,0.529092
Bee,0.598236
Beetle,0.598236
Before,0.181008
Began,0.477483
Behold,0.407997
Being,0.272149
Beldams,0.71899
Bell,0.44729
Bellona,0.598236
Belzebub,0.71899
Benediction,0.598236
Besides,0.226052
Best,0.379992
Bestride,0.71899
Better,0.318754
Beware,0.407997
Bill,0.235976
Bird,0.358747
Birds,0.358747
Birnan,0.71899
Birnane,0.721023
Birth,0.381066
Birthdome,0.71899
Blacke,0.598236
Blade,0.71899
Blanket,0.598236
Blaspheming,0.71899
Bleed,0.71899
Blesse,0.71899
Blessing,0.529092
Blessings,0.598236
Blinde,0.71899
Blood,0.364799
Bloody,0.480183
Blowes,0.71899
Bond,0.407997
Bonelesse,0.71899
Bones,0.5276
Bonfire,0.71899
Booke,0.598236
Bosome,0.599928
Bosomes,0.71899
Botches,0.598236
Both,0.15268
Bough,0.71899
Boughes,0.71899
Boundlesse,0.71899
Bounty,0.71899
Boy,0.338112
Boyle,0.71899
Braggart,0.71899
Braine,0.603311
Braines,0.599928
Brandish,0.71899
Breach,0.598236
Brest,0.598236
Brests,0.71899
Bridegroome,0.71899
Bring,0.360764
Broke,0.5276
Broyle,0.71899
Buffets,0.71899
Building,0.379992
Businesse,0.538043
But,0.0280822
Butcher,0.598236
Buttrice,0.71899
By,0.163597
Byrnam,0.71899
Byrnan,0.721023
Byrnane,0.725089
Caesar,0.33621
Caldron,0.721023
Call,0.286093
Came,0.33621
Can,0.199331
Cancell,0.71899
Candle,0.71899
Candles,0.5276
Cannons,0.598236
Cannot,0.381066
Cap,0.480183
Capitall,0.598236
Caps,0.598236
Captaine,0.598236
Captaines,0.598236
Captiuitie,0.598236
Card,0.71899
Care,0.598236
Carried,0.71899
Cases,0.598236
Castle,0.481533
Castles,0.723056
Cat,0.478833
Catalogue,0.598236
Cath,0.723056
Cathnes,0.721023
Cauldron,0.727121
Caution,0.71899
Cawdor,0.759649
Cawdron,0.71899
Censures,0.71899
Centinell,0.71899
Ceremony,0.5276
Cesterne,0.71899
Challice,0.598236
Chamber,0.44357
Chamberlaines,0.71899
Chambers,0.71899
Chance,0.530584
Charme,0.605002
Charmes,0.721023
Charnell,0.71899
Chawdron,0.71899
Cheekes,0.71899
Cheere,0.71899
Cherubin,0.71899
Chestnuts,0.71899
Chickens,0.71899
Chiefe,0.71899
Childe,0.481533
Childhood,0.71899
Children,0.291756
Childrens,0.71899
Chimneys,0.71899
Chops,0.71899
Choughes,0.71899
Christendome,0.71899
Chuck,0.5276
Churches,0.598236
Clamor,0.71899
Cleane,0.598236
Cleanse,0.5276
Clock,0.599928
Closset,0.5276
Clowd,0.598236
Cloyster,0.71899
Cock,0.477483
Coigne,0.71899
Colmekill,0.71899
Colmes,0.71899
Colours,0.606694
Combustion,0.71899
Come,0.218854
Comes,0.439849
Command,0.406847
Commencing,0.598236
Commends,0.598236
Commission,0.379992
Companions,0.477483
Company,0.33621
Compell,0.71899
Concord,0.598236
Conduct,0.71899
Confess,0.438609
Conflict,0.598236
Confound,0.438609
Confounds,0.71899
Confronted,0.598236
Confusion,0.478833
Consequence,0.71899
Consequences,0.71899
Consider,0.301251
Conspirers,0.71899
Constancie,0.598236
Contending,0.598236
Conuert,0.598236
Conuey,0.71899
Coole,0.71899
Cooz,0.71899
Coppie,0.71899
Corne,0.71899
Corner,0.71899
Cosin,0.599928
Cosine,0.71899
Cosins,0.71899
Could,0.247219
Councell,0.598236
Counsailers,0.71899
Countrey,0.5276
Countreyes,0.71899
Countries,0.530584
Country,0.340013
Countryman,0.71899
Courage,0.478833
Course,0.5276
Court,0.217285
Cousin,0.439849
Cousins,0.71899
Cow,0.598236
Coward,0.478833
Cozen,0.71899
Cozens,0.71899
Cracks,0.71899
Cradle,0.598236
Craues,0.71899
Crauing,0.71899
Creation,0.438609
Creepes,0.71899
Crests,0.598236
Crickets,0.71899
Crime,0.477483
Crow,0.5276
Crown,0.357738
Crowne,0.533567
Crowned,0.598236
Crueltie,0.71899
Cruelty,0.477483
Cry,0.439849
Cumberland,0.478833
Curbing,0.71899
Cure,0.721023
Curres,0.71899
Curriors,0.71899
Curse,0.438609
Curses,0.598236
Curtain,0.71899
Custome,0.599928
Cut,0.357738
Cyme,0.71899
Dagger,0.601619
Daggers,0.536551
Dame,0.356729
Dames,0.71899
Damme,0.71899
Damned,0.598236
Dance,0.5276
Darknesse,0.721023
Daughters,0.5276
Day,0.191802
Dayes,0.723056
Deadmans,0.71899
Deale,0.71899
Deare,0.598236
Death,0.345717
Deaths,0.71899
Deceitfull,0.71899
Deed,0.71899
Deere,0.5276
Demand,0.598236
Demy,0.71899
Deny,0.71899
Desart,0.598236
Descend,0.477483
Descends,0.599928
Desire,0.478833
Destinie,0.71899
Destroying,0.71899
Deuill,0.725089
Deuils,0.71899
Deuotion,0.71899
Diamond,0.598236
Did,0.218503
Didst,0.477483
Dignities,0.5276
Direction,0.71899
Directly,0.406847
Direnesse,0.71899
Disasters,0.71899
Discomfort,0.598236
Disdayning,0.71899
Disease,0.721023
Disguising,0.71899
Dishes,0.71899
Dishonors,0.71899
Dismay,0.71899
Dispaire,0.71899
Dispute,0.71899
Distinguishes,0.71899
Ditch,0.71899
Diuell,0.529092
Diuellish,0.71899
Diuine,0.71899
Do,0.22094
Doct,0.757616
Doctor,0.342865
Doe,0.532075
Dogge,0.5276
Dogges,0.5276
Dogs,0.71899
Dollars,0.71899
Dolour,0.71899
Don,0.215457
Donal,0.721023
Donalbaine,0.731187
Donalbane,0.721023
Doome,0.71899
Doomes,0.71899
Doore,0.599928
Doores,0.71899
Double,0.530584
Doubtfull,0.71899
Down,0.272149
Downey,0.71899
Drab,0.598236
Dragon,0.477483
Dreames,0.599928
Drinke,0.603311
Drum,0.481533
Drumme,0.603311
Dudgeon,0.71899
Due,0.5276
Duff,0.71899
Duncan,0.61346
Duncane,0.723056
Duncans,0.723056
Dunsinane,0.73322
Dunsmane,0.71899
Duties,0.721023
Dy,0.71899
Dying,0.477483
Each,0.190202
Eagles,0.438609
Eare,0.598236
Earles,0.71899
Earth,0.38429
East,0.172754
Eccho,0.71899
Ecclipse,0.71899
Edward,0.33621
Egge,0.71899
Elues,0.71899
Eminence,0.71899
Enemie,0.532075
England,0.210116
English,0.218503
Enough,0.438609
Enter,0.464872
Entrailes,0.598236
Envernes,0.71899
Epicures,0.71899
Equiuocation,0.71899
Equiuocator,0.723056
Ere,0.407997
Ermites,0.71899
Erre,0.71899
Estate,0.598236
Esteeme,0.721023
Euen,0.532075
Euents,0.71899
Euery,0.599928
Euill,0.71899
Euils,0.71899
Except,0.317855
Excite,0.71899
Exeunt,0.516635
Exit,0.453491
Expire,0.71899
Eye,0.388587
Eyes,0.481533
FINIS,0.477483
Face,0.410298
Faces,0.480183
Fact,0.598236
Faculties,0.598236
Faile,0.71899
Faire,0.598236
Fairies,0.71899
Faith,0.411448
False,0.529092
Famine,0.599928
Fancies,0.721023
Far,0.317855
Fare,0.439849
Farewell,0.356729
Farmer,0.477483
Farrow,0.71899
Farwell,0.5276
Fatall,0.71899
Fate,0.411448
Father,0.270233
Fathers,0.478833
Faulcon,0.71899
Feare,0.538043
Feares,0.723056
Feast,0.533567
Feasts,0.71899
Feat,0.71899
Fee,0.598236
Feed,0.478833
Fell,0.529092
Fellow,0.438609
Fellowes,0.598236
Fenny,0.71899
Feuer,0.71899
Feuorous,0.71899
Fie,0.598236
Field,0.33621
Fiend,0.601619
Fiends,0.5276
Fife,0.603311
Fiffe,0.71899
Fight,0.439849
Fighting,0.598236
File,0.71899
Fillet,0.71899
Filthy,0.71899
Finding,0.438609
Finger,0.5276
Fire,0.319653
First,0.16534
Fit,0.529092
Flame,0.598236
Fleance,0.725089
Fleans,0.735253
Fled,0.477483
Flourish,0.533567
Flower,0.477483
Flowers,0.356729
Flye,0.599928
Flyes,0.71899
Foe,0.477483
Foes,0.599928
Foggy,0.71899
Foole,0.530584
Fooles,0.598236
Fools,0.477483
For,0.0973044
Force,0.317855
Forke,0.71899
Forrest,0.529092
Fortifies,0.71899
Fortitude,0.71899
Fortune,0.411448
Foule,0.71899
Foundations,0.71899
Fountaine,0.598236
Foysons,0.71899
Frailties,0.71899
Free,0.33621
French,0.206038
Friend,0.357738
Friends,0.36379
Frogge,0.71899
From,0.162255
Front,0.723056
Fume,0.71899
Function,0.598236
Fury,0.477483
Fye,0.598236
Gainst,0.599928
Gall,0.529092
Gallowgrosses,0.71899
Garments,0.71899
Gashes,0.71899
Gate,0.441089
Geese,0.71899
Genius,0.477483
Gent,0.615151
Gentle,0.477483
Gentleman,0.441089
Gentlemen,0.339062
Gentlewoman,0.598236
Gentry,0.71899
Germaine,0.598236
Get,0.249316
Ghost,0.480183
Ghosts,0.477483
Giants,0.379992
Gibbet,0.71899
Gin,0.598236
Girle,0.5276
Giue,0.545502
Giuen,0.598236
Glamis,0.603311
Glamys,0.725089
Go,0.226052
Goate,0.71899
God,0.2337
Gods,0.358747
Goe,0.605002
Goes,0.599928
Gold,0.406847
Golden,0.409147
Golgotha,0.5276
Gone,0.379992
Good,0.241314
Goose,0.529092
Gorgon,0.598236
Gospell,0.71899
Gouts,0.71899
Gown,0.71899
Gowne,0.599928
Grace,0.341914
Graces,0.532075
Gracious,0.407997
Graine,0.71899
Grandam,0.71899
Grapples,0.71899
Graspe,0.71899
Graue,0.601619
Graues,0.599928
Gray,0.379992
Great,0.250714
Greater,0.379992
Greatnesse,0.601619
Greaze,0.71899
Greene,0.598236
Grewell,0.71899
Greyhounds,0.71899
Griefes,0.598236
Gripe,0.71899
Groomes,0.723056
Groue,0.71899
Guardian,0.71899
Guest,0.529092
Guests,0.438609
Guilt,0.71899
Gulfe,0.598236
Gummes,0.71899
Ha,0.301251
Had,0.227964
Hagges,0.71899
Hags,0.71899
Haile,0.532075
Hall,0.259238
Hand,0.388587
Handle,0.71899
Hands,0.480183
Hang,0.442329
Hanging,0.71899
Hangmans,0.71899
Harbingers,0.71899
Hare,0.477483
Harnesse,0.71899
Harpier,0.71899
Hart,0.439849
Haruest,0.71899
Hath,0.455971
Haue,0.533567
Hay,0.598236
Hayle,0.723056
He,0.0160978
Head,0.320552
Health,0.381066
Heap,0.5276
Heare,0.530584
Heark,0.71899
Hearke,0.533567
Heart,0.411448
Hearts,0.529092
Heath,0.599928
Heauen,0.54401
Heauens,0.532075
Hec,0.721023
Hecat,0.723056
Heccats,0.721023
Hedge,0.71899
Hee,0.530584
Heere,0.539534
Heire,0.71899
Hell,0.365807
Helpe,0.5276
Hemlocke,0.71899
Hence,0.337161
Henceforth,0.477483
Her,0.166275
Herbenger,0.71899
Here,0.175196
Herein,0.5276
High,0.172754
Highnesse,0.611768
Hill,0.226052
Himselfe,0.5276
Hircan,0.71899
His,0.104118
Hoast,0.71899
Hoboyes,0.601619
Hold,0.302103
Holy,0.33621
Homage,0.71899
Honor,0.44977
Honors,0.481533
Honour,0.356729
Hopes,0.598236
Horrible,0.477483
Horse,0.481533
Horses,0.482883
Hose,0.598236
Host,0.723056
Hostesse,0.727121
Houer,0.71899
Hounds,0.598236
Houre,0.71899
Houres,0.598236
House,0.122461
How,0.182523
Howlets,0.71899
Humh,0.71899
Hunter,0.477483
Hurley,0.71899
Husband,0.605002
Husbandry,0.598236
Hye,0.598236
I,0.0283989
Ideot,0.71899
Iealousies,0.71899
Iew,0.71899
Iewell,0.71899
Iewels,0.71899
If,0.101933
Il,0.598236
Ile,0.578321
Image,0.478833
Images,0.598236
Imaginings,0.71899
Impediments,0.71899
Imperiall,0.599928
Impostors,0.71899
In,0.00614842
Inchanting,0.71899
Industrious,0.71899
Infected,0.598236
Infirme,0.71899
Ingratitude,0.598236
Ingredience,0.721023
Inhabitants,0.71899
Inne,0.71899
Instructions,0.71899
Instrument,0.5276
Instruments,0.601619
Intelligence,0.598236
Interdiction,0.71899
Interim,0.598236
Into,0.273688
Inuenter,0.71899
Iouiall,0.71899
Iourney,0.71899
Ioyes,0.71899
Ireland,0.318754
Is,0.22825
Isles,0.438609
Issue,0.601619
It,0.0123411
Iudgement,0.5276
Iudicious,0.598236
Iugling,0.71899
Iustice,0.530584
Iutty,0.71899
Kalender,0.71899
Keepe,0.598236
Keepes,0.598236
Kernes,0.723056
Key,0.721023
Killing,0.71899
Kinde,0.598236
King,0.259832
Kingdome,0.5276
Kingdomes,0.721023
Kings,0.366816
Kinsman,0.721023
Kinsmen,0.721023
Kite,0.71899
Knell,0.721023
Knife,0.598236
Knock,0.620226
Knocke,0.603311
Knocking,0.71899
Know,0.337161
Kytes,0.71899
La,0.302272
Labor,0.301251
Labors,0.71899
Lad,0.601619
Lady,0.341286
Lambe,0.599928
Lampe,0.71899
Land,0.358747
Lands,0.5276
Lappe,0.71899
Largesse,0.71899
Laugh,0.598236
Lay,0.381066
Layes,0.598236
Lead,0.477483
Leade,0.598236
Leafe,0.599928
Lease,0.71899
Least,0.477483
Leaue,0.5276
Lecherie,0.721023
Led,0.406847
Lees,0.71899
Legges,0.71899
Legions,0.598236
Len,0.605002
Lenox,0.77388
Lent,0.598236
Lesser,0.71899
Let,0.219437
Letter,0.477483
Letters,0.406847
Letting,0.71899
Leuie,0.71899
Liars,0.71899
Lid,0.71899
Liege,0.601619
Life,0.282152
Lifes,0.71899
Light,0.341914
Lightning,0.478833
Like,0.209533
Lilly,0.598236
Lime,0.71899
Line,0.441089
Linnen,0.71899
Lips,0.598236
Listen,0.356729
Listning,0.71899
Liue,0.598236
Liuer,0.598236
Liues,0.599928
Lizards,0.71899
Lo,0.406847
Lockes,0.71899
Looke,0.538043
Lookes,0.5276
Loone,0.71899
Lord,0.248997
Lords,0.414899
Loue,0.541026
Loues,0.598236
Lowlinesse,0.71899
Loyall,0.721023
Lust,0.439849
Luxurious,0.598236
Lyar,0.71899
Lyars,0.71899
Lye,0.530584
Lymbeck,0.71899
Lyon,0.529092
Lyst,0.71899
M,0.151395
MACBETH,0.71899
Mac,0.541026
Macb,0.995472
Macbeth,0.840967
Macbeths,0.725089
Macd,0.834868
Macdonwald,0.71899
Macduff,0.735253
Macduffe,0.75355
Macduffes,0.71899
Madam,0.406847
Madame,0.478833
Maggot,0.71899
Magicke,0.598236
Maides,0.71899
Maiestie,0.599928
Maiesty,0.601619
Make,0.289329
Makes,0.438609
Making,0.379992
Mal,0.638833
Malc,0.747451
Malcolm,0.599928
Malcolme,0.743385
Malcolmes,0.71899
Malcome,0.71899
Males,0.598236
Malicious,0.71899
Malkin,0.71899
Mallice,0.723056
Man,0.226052
Manhood,0.599928
Mankinde,0.71899
Mansion,0.477483
Mansonry,0.71899
Marble,0.598236
March,0.144821
Marching,0.5276
Mark,0.301251
Marke,0.5276
Market,0.5276
Marry,0.5276
Masking,0.71899
Master,0.30551
Masterdome,0.71899
Masters,0.379992
Matrons,0.5276
Maw,0.71899
Mawes,0.71899
May,0.146459
Me,0.286902
Meale,0.71899
Meane,0.5276
Measure,0.5276
Med,0.721023
Meet,0.438609
Meete,0.71899
Meeting,0.71899
Melted,0.71899
Memorie,0.598236
Memory,0.477483
Men,0.259971
Ment,0.727121
Menteth,0.721023
Mercifull,0.721023
Mercy,0.379992
Mes,0.532075
Mess,0.599928
Message,0.599928
Messenger,0.484233
Metaphysicall,0.71899
Mettle,0.5276
Might,0.358747
Mile,0.477483
Milke,0.601619
Minde,0.605002
Mindes,0.721023
Mine,0.286093
Minion,0.71899
Minions,0.71899
Minister,0.33621
Ministers,0.478833
Mischance,0.71899
Mischiefe,0.71899
Missiues,0.71899
Mistresse,0.71899
Mistris,0.598236
Moderne,0.71899
Monkie,0.71899
Monsters,0.71899
Monuments,0.71899
Moone,0.529092
Moones,0.598236
More,0.175196
Morne,0.598236
Morning,0.356729
Morrow,0.598236
Mortalitie,0.71899
Mortals,0.598236
Most,0.197659
Mother,0.289329
Mothers,0.5276
Motion,0.5276
Motiues,0.598236
Moues,0.71899
Mouth,0.5276
Mowsing,0.71899
Mummey,0.71899
Mungrels,0.71899
Mur,0.608385
Murderer,0.598236
Murderers,0.5276
Murth,0.735253
Murther,0.606694
Murtherer,0.599928
Murtherers,0.725089
Murthers,0.599928
Musicke,0.530584
Must,0.226689
My,0.165094
Name,0.442329
Napkins,0.598236
Natio[n],0.71899
Nature,0.315732
Natures,0.535059
Naue,0.598236
Naught,0.5276
Nauigation,0.71899
Nay,0.247918
Neere,0.71899
Neither,0.259238
Neptunes,0.598236
Nerues,0.71899
Nest,0.598236
Net,0.477483
Neuer,0.5276
Neutrall,0.71899
New,0.0642903
Newes,0.599928
Newt,0.71899
Night,0.291387
Nightly,0.598236
Nights,0.486933
Nipple,0.71899
No,0.139109
Noble,0.545502
Noblenesse,0.71899
Nobles,0.71899
Nobly,0.598236
Non,0.598236
Noone,0.598236
Nor,0.227327
Northumberland,0.598236
Norway,0.407997
Norwayes,0.71899
Norweyan,0.723056
Nose,0.439849
Not,0.211281
Nothing,0.198774
Notion,0.71899
Nought,0.5276
Now,0.157388
O,0.180569
OF,0.272149
Obedience,0.480183
Obliuious,0.71899
Ocean,0.33621
Of,0.140232
Office,0.338112
Officers,0.477483
Offices,0.478833
Offrings,0.71899
Oftner,0.71899
Oh,0.227327
Old,0.200446
Omnes,0.5276
On,0.0814442
One,0.095239
Onely,0.605002
Open,0.317855
Opinions,0.598236
Or,0.232425
Oracles,0.71899
Ornament,0.71899
Orphans,0.71899
Others,0.286093
Our,0.198734
Out,0.319653
Owle,0.603311
Owne,0.71899
Padock,0.71899
Painted,0.598236
Pale,0.406847
Pallace,0.723056
Pallaces,0.71899
Pardon,0.33621
Parricide,0.71899
Particular,0.71899
Partner,0.723056
Passion,0.438609
Past,0.5276
Patch,0.71899
Patience,0.5276
Patient,0.529092
Peace,0.302103
Peale,0.598236
Pearle,0.598236
Peeres,0.71899
Pent,0.598236
Perchance,0.598236
Performe,0.71899
Perseuerance,0.71899
Pertaines,0.71899
Physicke,0.599928
Physicks,0.71899
Physitian,0.71899
Pictures,0.477483
Pigge,0.71899
Pillowes,0.71899
Pilots,0.598236
Pious,0.598236
Pitfall,0.71899
Pitty,0.598236
Player,0.477483
Pleas,0.477483
Pleasure,0.598236
Plentie,0.71899
Plucke,0.598236
Point,0.357738
Poore,0.530584
Port,0.409147
Porter,0.605002
Ports,0.598236
Possets,0.71899
Posterity,0.598236
Posters,0.71899
Poure,0.71899
Power,0.407997
Powers,0.406847
Powre,0.71899
Powres,0.5276
Poyson,0.71899
Pray,0.286902
Prayers,0.530584
Prayses,0.71899
Predecessors,0.71899
Preparation,0.598236
Prepares,0.71899
Present,0.529092
Prey,0.598236
Prima,0.533567
Primrose,0.598236
Primus,0.5276
Prince,0.272918
Prisoner,0.477483
Proceeding,0.598236
Producing,0.71899
Professe,0.71899
Professions,0.71899
Profit,0.71899
Prologues,0.71899
Promis,0.598236
Pronounce,0.71899
Prophecying,0.71899
Prophesie,0.5276
Prophet,0.477483
Prophetique,0.71899
Protest,0.71899
Prowesse,0.71899
Prythee,0.529092
Pull,0.438609
Purgatiue,0.71899
Purueyor,0.71899
Put,0.273688
Pyes,0.71899
Pyramids,0.71899
Quarrell,0.598236
Quarrels,0.71899
Quarry,0.721023
Quarta,0.725089
Quarters,0.71899
Quartus,0.5276
Queene,0.601619
Question,0.406847
Quinta,0.723056
Quintus,0.598236
Rabbles,0.71899
Race,0.438609
Raine,0.598236
Rancours,0.71899
Rankes,0.598236
Rat,0.5276
Rather,0.317855
Rauen,0.598236
Rayne,0.71899
Raze,0.71899
Reason,0.480183
Reasons,0.5276
Rebell,0.599928
Rebellious,0.477483
Rebells,0.71899
Rebels,0.71899
Receit,0.71899
Receiue,0.71899
Recompence,0.71899
Recorded,0.598236
Red,0.235976
Reigne,0.71899
Relation,0.71899
Relations,0.379992
Remaines,0.71899
Remembrancer,0.71899
Remorse,0.598236
Remoue,0.71899
Renowne,0.71899
Repentance,0.598236
Reports,0.5276
Resolution,0.5276
Rest,0.438609
Retreat,0.5276
Returning,0.477483
Retyre,0.71899
Reuenge,0.5276
Reuenges,0.71899
Reuolt,0.721023
Reuolts,0.71899
Rhinoceros,0.71899
Ribbes,0.71899
Riddles,0.71899
Ride,0.477483
Ring,0.442329
Ro,0.598236
Robe,0.5276
Robes,0.721023
Rocke,0.598236
Roman,0.286093
Ronyon,0.71899
Rookes,0.71899
Rookie,0.5276
Root,0.529092
Roote,0.721023
Ross,0.478833
Rosse,0.816572
Round,0.286902
Royall,0.539534
Royaltie,0.71899
Royalty,0.71899
Rubarb,0.71899
Rubie,0.71899
Rubs,0.71899
Rugs,0.71899
Ruines,0.598236
Rule,0.356729
Rumor,0.598236
Rumour,0.598236
Run,0.356729
Russian,0.356729
Sacred,0.5276
Safeties,0.71899
Saint,0.317855
Sainted,0.71899
Sauagely,0.71899
Saw,0.406847
Sawce,0.598236
Sawcy,0.598236
Say,0.289329
Saylors,0.598236
Scaena,0.725089
Scale,0.599928
Scales,0.5276
Scarsely,0.71899
Scena,0.633758
Scepter,0.598236
Scepters,0.71899
Sceptred,0.71899
Schoole,0.5276
Schreemes,0.71899
Scoena,0.5276
Scone,0.723056
Scorpions,0.71899
Scotland,0.327742
Scruples,0.71899
Sea,0.319653
Seale,0.5276
Seare,0.71899
Seas,0.379992
Season,0.477483
Seat,0.5276
Secrets,0.598236
Secunda,0.605002
Secundus,0.477483
Security,0.438609
See,0.227327
Seedes,0.721023
Seeke,0.5276
Seemes,0.598236
Seize,0.71899
Selfe,0.5276
Sences,0.71899
Send,0.356729
Senit,0.71899
Senses,0.598236
Sent,0.477483
Septima,0.721023
Ser,0.530584
Serieant,0.71899
Serpent,0.478833
Seruant,0.541026
Seruants,0.603311
Seruice,0.598236
Seu,0.71899
Sewer,0.71899
Sexta,0.723056
Sey,0.751517
Seyt,0.71899
Seyton,0.729154
Seyw,0.71899
Seyward,0.737286
Seywards,0.721023
Shadow,0.477483
Shaft,0.71899
Shake,0.407997
Shakes,0.5276
Shakespeare,0.33621
Shall,0.237524
She,0.115874
Shee,0.71899
Shew,0.484233
Shield,0.71899
Shift,0.71899
Ship,0.477483
Shipwracking,0.71899
Should,0.272149
Showghes,0.71899
Siedge,0.71899
Signifying,0.71899
Siluer,0.5276
Since,0.197659
Sinells,0.71899
Sinfull,0.71899
Sing,0.356729
Sir,0.251989
Sirra,0.598236
Sirrha,0.71899
Sister,0.478833
Sisters,0.44605
Sit,0.301251
Sits,0.438609
Skarfe,0.71899
Skie,0.598236
Skreenes,0.71899
Slaue,0.601619
Slaues,0.5276
Sleep,0.379992
Sleepe,0.536551
Sleeue,0.598236
Slippes,0.71899
Sliuer,0.71899
Smells,0.598236
Snake,0.599928
Snares,0.71899
Snores,0.71899
Snow,0.438609
So,0.135405
Society,0.33621
Sodaine,0.71899
Sold,0.598236
Soldier,0.5276
Soldiers,0.44357
Soldiours,0.598236
Some,0.121778
Something,0.235976
Son,0.395034
Song,0.381066
Sonne,0.538043
Sonnes,0.605002
Soris,0.71899
Sorrow,0.480183
Soueraigne,0.598236
Soueraignty,0.599928
Souldier,0.603311
Souldiers,0.529092
Souldiership,0.71899
Soule,0.478833
Soules,0.530584
Soundly,0.71899
Source,0.71899
South,0.180498
Sowes,0.71899
Space,0.477483
Spaniels,0.71899
Sparrowes,0.71899
Speake,0.532075
Speakers,0.598236
Speeches,0.529092
Spels,0.71899
Spightfull,0.71899
Spirit,0.357738
Spirits,0.44357
Sprights,0.721023
Spring,0.357738
Spurre,0.599928
Spy,0.71899
Stablenesse,0.71899
Stabs,0.71899
Staffe,0.71899
Stage,0.480183
Stand,0.302955
Stands,0.480183
Starres,0.529092
Start,0.5276
State,0.133495
Statute,0.71899
Staues,0.71899
Stay,0.33621
Steele,0.478833
Steep,0.598236
Stept,0.71899
Still,0.247918
Sting,0.598236
Stones,0.598236
Stop,0.301251
Store,0.71899
Stormes,0.71899
Story,0.379992
Strange,0.382141
Strangers,0.438609
Striding,0.71899
Strike,0.438609
Strong,0.438609
Subiect,0.71899
Successe,0.598236
Such,0.182029
Sucke,0.71899
Summer,0.529092
Summers,0.598236
Summons,0.598236
Sun,0.356729
Sunne,0.530584
Supper,0.409147
Surgeons,0.598236
Surgery,0.71899
Suspition,0.71899
Swearers,0.721023
Sweet,0.357738
Sweltred,0.71899
Sweno,0.71899
Swimmers,0.71899
Swine,0.598236
Swinish,0.71899
Sword,0.41835
Swords,0.478833
Syllable,0.721023
Syue,0.71899
Syw,0.71899
T,0.247219
THE,0.259238
TRAGEDIE,0.598236
Table,0.480183
Tables,0.5276
Take,0.216066
Takes,0.5276
Tale,0.478833
Taper,0.598236
Tarquins,0.71899
Tartars,0.71899
Taylor,0.381066
Teares,0.5276
Tell,0.226689
Temp,0.71899
Tempest,0.477483
Temple,0.302103
Ten,0.286093
Tertia,0.605002
Tertius,0.5276
Th,0.44481
Thane,0.767781
Thanes,0.729154
Thankes,0.603311
That,0.115858
The,0
Theame,0.598236
Theefe,0.71899
Theft,0.598236
Their,0.160018
Then,0.148666
Thence,0.5276
There,0.0395938
Therefore,0.259971
Therein,0.477483
These,0.151823
They,0.0386402
Thine,0.406847
Things,0.303807
Thinke,0.5276
This,0.0400177
Thither,0.5276
Those,0.167677
Thou,0.341223
Though,0.193935
Thought,0.438609
Thoughts,0.441089
Thould,0.71899
Threatens,0.598236
Threescore,0.598236
Thrice,0.480183
Thriftlesse,0.71899
Throat,0.5276
Throbs,0.71899
Throne,0.603311
Throw,0.477483
Thumbe,0.71899
Thumbes,0.71899
Thunder,0.44853
Thunders,0.598236
Thus,0.237978
Thy,0.279074
Tiger,0.478833
Tigers,0.71899
Till,0.294182
Time,0.227327
Tis,0.330438
Title,0.727121
Titles,0.71899
To,0.125968
Toad,0.598236
Toe,0.599928
Told,0.598236
Tongue,0.484233
Too,0.318754
Tooke,0.598236
Tooth,0.721023
Torch,0.530584
Torches,0.478833
Toth,0.71899
Towards,0.356729
Toyes,0.71899
Trade,0.407997
Trafficke,0.71899
Tragedie,0.5276
Traitor,0.603311
Traitors,0.441089
Traueller,0.598236
Traytor,0.71899
Treachery,0.71899
Treason,0.441089
Treasonous,0.71899
Treasons,0.721023
Treatise,0.71899
Trecherie,0.71899
Tree,0.382141
Trees,0.599928
Trifle,0.71899
Trifles,0.71899
Troopes,0.598236
True,0.337161
Trumpet,0.529092
Trumpets,0.598236
Trust,0.406847
Truth,0.318754
Truths,0.721023
Tuesday,0.158228
Turke,0.598236
Turn,0.356729
Turne,0.71899
Twas,0.356729
Twelue,0.71899
Twere,0.5276
Twixt,0.598236
Two,0.126823
Tydings,0.71899
Tyranny,0.529092
Tyrant,0.539534
Tyrants,0.535059
Tyrrany,0.71899
Valour,0.480183
Valours,0.71899
Vantage,0.71899
Vault,0.71899
Vaulting,0.71899
Venom,0.529092
Venture,0.5276
Verity,0.71899
Vertues,0.598236
Very,0.235976
Vessell,0.598236
Vessels,0.71899
Vice,0.356729
Victorie,0.598236
Villaine,0.532075
Villanies,0.71899
Vision,0.406847
Vizards,0.71899
Vlcerous,0.598236
Vnder,0.529092
Vnfixe,0.71899
Vnkle,0.599928
Vnknowne,0.71899
Vnlesse,0.5276
Vnmannerly,0.71899
Vnreall,0.71899
Vnsafe,0.71899
Vnspeake,0.71899
Vntimely,0.71899
Vnto,0.529092
Volume,0.477483
Voluptuousnesse,0.71899
Vpon,0.542518
Vprore,0.71899
Vrine,0.71899
Vsing,0.71899
Vsurpers,0.71899
Vulture,0.71899
Wake,0.5276
Walke,0.598236
Wanton,0.598236
Warder,0.598236
Warders,0.71899
Warre,0.530584
Was,0.24465
Wash,0.406847
Wassell,0.71899
Watch,0.407997
Watchers,0.71899
Water,0.482883
Waues,0.71899
Wayting,0.71899
We,0.0962873
Weale,0.721023
Weapons,0.5276
Wearie,0.71899
Wee,0.482883
Weeds,0.598236
Weepe,0.71899
Welcome,0.438609
Well,0.211281
Were,0.30551
West,0.16534
Westerne,0.71899
Weyard,0.71899
What,0.145678
Whay,0.71899
When,0.0855545
Whence,0.439849
Where,0.218854
Wherefore,0.381066
Wherein,0.406847
Whereto,0.438609
Wherewith,0.5276
Whether,0.249316
Whetstone,0.71899
Which,0.247722
While,0.126823
Whiles,0.530584
Whispers,0.598236
Whither,0.438609
Who,0.231296
Whole,0.598236
Whom,0.303807
Whore,0.598236
Whose,0.308066
Why,0.183989
Widdowes,0.71899
Wife,0.475814
Will,0.231151
William,0.115222
Winde,0.601619
Windes,0.71899
Wine,0.441089
Wing,0.599928
Winne,0.71899
Winters,0.598236
Wip,0.71899
Wisdome,0.71899
Wise,0.33621
Wisedom,0.598236
Wisedome,0.530584
Witch,0.598236
Witchcraft,0.71899
Witches,0.73322
With,0.121087
Within,0.250015
Without,0.216675
Witnesse,0.598236
Wiues,0.598236
Woe,0.438609
Wolfe,0.599928
Wolues,0.71899
Woman,0.358747
Womans,0.599928
Women,0.287711
Wonders,0.5276
Wood,0.385364
Wooll,0.71899
Words,0.379992
Worke,0.529092
World,0.226689
Worlds,0.598236
Wormes,0.598236
Worthie,0.71899
Worthy,0.529092
Would,0.211864
Wound,0.5276
Wounds,0.71899
Wrackt,0.71899
Wren,0.5276
Y,0.320552
Yes,0.20662
Yet,0.18356
Yew,0.71899
Yong,0.5276
You,0.146708
Your,0.234975
Yours,0.356729
[The,0.301251
],0.225414
a,0
abhorred,0.379992
abide,0.286902
abiure,0.71899
aboue,0.530584
abound,0.477483
about,0.0120125
abroad,0.226052
absence,0.247918
absent,0.235976
absolute,0.273688
abuse,0.357738
accesse,0.598236
accompany,0.379992
accompt,0.71899
account,0.188602
accurs,0.71899
accursed,0.406847
accust,0.71899
accustom,0.5276
act,0.158228
acted,0.259238
action,0.138485
actuall,0.71899
adde,0.598236
added,0.104661
addition,0.197659
addrest,0.598236
adhere,0.5276
admir,0.71899
aduance,0.71899
aduantage,0.598236
aduice,0.599928
aduise,0.598236
afeard,0.71899
affear,0.601619
affliction,0.379992
affraid,0.601619
afraid,0.216066
after,0.0210476
afternoone,0.598236
afterwards,0.259238
againe,0.504485
against,0.0651916
age,0.144821
agitation,0.33621
aid,0.180498
alas,0.302103
alike,0.259238
aliue,0.601619
all,0.00677834
almost,0.111104
alone,0.15268
alowd,0.71899
already,0.132746
also,0.0177316
alter,0.286093
altogether,0.247219
alwayes,0.5276
am,0.149449
amaz,0.529092
amazedly,0.71899
amazement,0.259238
amend,0.477483
amends,0.379992
amisse,0.5276
among,0.104661
an,0
and,0
anger,0.236643
angerly,0.71899
angry,0.206038
annoyance,0.5276
anon,0.412598
another,0.0686162
anoynted,0.71899
answer,0.166275
anticipat,0.71899
any,0.0382164
apace,0.438609
apart,0.247219
appall,0.598236
appalls,0.71899
appeare,0.5276
appeares,0.598236
appease,0.477483
applaud,0.441089
apply,0.259238
appoint,0.379992
approach,0.216675
approaches,0.438609
approches,0.71899
approue,0.598236
arbitrate,0.71899
are,0.00671373
argument,0.206038
aright,0.406847
arm,0.216066
armes,0.477483
arriu,0.598236
art,0.185602
as,0
aside,0.206038
ask,0.165807
aske,0.5276
asleepe,0.529092
assaileable,0.71899
assault,0.317855
assay,0.477483
assistance,0.259238
assurance,0.356729
at,0
attempt,0.216066
attend,0.189136
attendants,0.379992
attyre,0.598236
aught,0.438609
augment,0.406847
augure,0.71899
auoid,0.598236
auouch,0.598236
auouches,0.71899
auoyded,0.598236
awak,0.721023
awake,0.248617
away,0.102146
ayd,0.71899
ayde,0.598236
aye,0.406847
ayme,0.5276
ayre,0.533567
back,0.0445862
backe,0.532075
backs,0.33621
backward,0.33621
bad,0.190735
badg,0.71899
baited,0.5276
bake,0.406847
bals,0.71899
banish,0.379992
bare,0.247918
barren,0.301251
basis,0.247219
bathe,0.406847
batter,0.477483
be,0
bear,0.225414
beard,0.337161
beare,0.541026
beares,0.529092
beate,0.721023
beaten,0.272149
became,0.126823
become,0.1162
becoming,0.286093
bed,0.193402
beds,0.247219
bee,0.357738
been,0.00574463
beene,0.542518
beest,0.5276
befor,0.71899
before,0.0322015
began,0.104957
begge,0.529092
begger,0.71899
begin,0.151823
beguile,0.438609
begun,0.189136
behinde,0.5276
behold,0.259971
being,0.061096
beleefe,0.599928
beleeu,0.71899
beleeue,0.530584
belt,0.356729
bend,0.301251
bene,0.605002
beneath,0.247219
benefit,0.235976
bent,0.225414
benyson,0.71899
beside,0.247918
besides,0.247219
best,0.0821293
bestow,0.301251
bestowes,0.71899
betimes,0.357738
betray,0.318754
better,0.101019
betweene,0.529092
beyond,0.173242
bid,0.209533
bidding,0.379992
bides,0.71899
bids,0.379992
bin,0.480183
binde,0.71899
black,0.190202
blacke,0.530584
blade,0.317855
bladed,0.598236
blame,0.247918
blames,0.71899
blanch,0.598236
blaspheme,0.598236
blast,0.259238
blasted,0.317855
bleed,0.358747
bleeding,0.357738
bleeds,0.5276
blesse,0.599928
blessed,0.272149
blessing,0.301251
blisters,0.598236
blood,0.214194
bloodie,0.5276
bloodier,0.71899
bloody,0.327742
blow,0.207786
blown,0.286093
blowne,0.598236
blunt,0.317855
boadments,0.71899
boasting,0.379992
body,0.181519
bold,0.275227
bolter,0.71899
bones,0.259971
boot,0.379992
bore,0.235976
borne,0.282922
borrowed,0.301251
borrower,0.477483
bosome,0.529092
bosomes,0.598236
both,0.042501
bottome,0.71899
boue,0.71899
bought,0.216066
bound,0.181519
bounteous,0.438609
bow,0.235976
boyle,0.721023
brag,0.598236
braine,0.598236
brandisht,0.71899
braue,0.529092
brauely,0.598236
breach,0.379992
breake,0.530584
breath,0.219112
breech,0.71899
breed,0.28852
breefe,0.598236
brest,0.598236
brew,0.5276
briefely,0.71899
bright,0.181008
brightest,0.356729
brinded,0.598236
bring,0.121778
brings,0.286093
broad,0.23731
broke,0.166275
broth,0.438609
brother,0.197102
brought,0.0949712
brow,0.272918
browes,0.5276
brows,0.356729
bruited,0.598236
bubble,0.442329
bubbles,0.438609
buckle,0.406847
built,0.197102
buriall,0.598236
buried,0.235976
burley,0.71899
burne,0.532075
burnt,0.301251
bury,0.406847
businesse,0.5276
but,0.00330532
buy,0.197102
by,0
byth,0.71899
c,0.407997
cabin,0.438609
call,0.137986
calling,0.235976
calls,0.20662
cam,0.71899
came,0.0769962
can,0.0254282
cannot,0.138735
canst,0.357738
care,0.174219
carelesse,0.71899
carowsing,0.71899
carry,0.158675
caru,0.71899
casing,0.71899
cast,0.260704
catch,0.23731
cause,0.217894
causes,0.286902
caution,0.286093
cease,0.225414
celebrates,0.598236
certaine,0.533567
chafes,0.598236
challenge,0.301251
chamber,0.286093
champion,0.317855
chanc,0.598236
chance,0.165807
charg,0.723056
charge,0.14564
charmed,0.318754
chastise,0.598236
cheapely,0.71899
check,0.235976
cheefest,0.598236
cheekes,0.71899
cheere,0.530584
chid,0.71899
chiefe,0.71899
choake,0.71899
choppie,0.71899
cine,0.71899
cines,0.71899
clamor,0.598236
clamorous,0.33621
clatter,0.477483
clayme,0.71899
cleane,0.71899
cleare,0.599928
clearenesse,0.71899
cleares,0.71899
cleaue,0.599928
cleere,0.721023
climbe,0.71899
cling,0.407997
clipt,0.598236
clogges,0.71899
clos,0.598236
close,0.152252
cloud,0.259238
clowdy,0.71899
clutch,0.438609
cold,0.199889
colour,0.259238
com,0.477483
combin,0.598236
come,0.0876096
comes,0.162702
comfort,0.227964
comforted,0.33621
command,0.250015
commanded,0.286093
commands,0.356729
commend,0.407997
commendations,0.71899
comming,0.536551
committed,0.33621
common,0.165807
companie,0.71899
compar,0.71899
comparisons,0.477483
compast,0.71899
composd,0.71899
compose,0.406847
composition,0.33621
compt,0.71899
compunctious,0.71899
conceiue,0.598236
concerne,0.71899
conclude,0.301251
concluded,0.247219
conclusion,0.272149
condemne,0.71899
conference,0.215457
confess,0.286093
confessing,0.406847
confident,0.259238
confin,0.598236
confinelesse,0.71899
confirm,0.302103
confirme,0.71899
confound,0.356729
confus,0.71899
coniure,0.598236
consent,0.235976
consequence,0.272149
consider,0.215457
consort,0.477483
constrained,0.406847
construction,0.301251
contend,0.302955
content,0.286902
contented,0.286093
continent,0.379992
continually,0.317855
continue,0.181008
continued,0.158228
contradict,0.356729
contriuer,0.71899
conuince,0.71899
conuinces,0.71899
cool,0.247219
coole,0.598236
corporall,0.529092
coueted,0.71899
could,0.031855
counsail,0.71899
countenance,0.259238
counterfeit,0.477483
courage,0.259238
course,0.120753
courst,0.71899
cracke,0.598236
craue,0.71899
craz,0.71899
cream,0.379992
create,0.259238
credulous,0.379992
crew,0.356729
crib,0.598236
cries,0.259971
croakes,0.71899
crost,0.598236
crown,0.225414
crownes,0.71899
cruell,0.532075
cry,0.211864
cryes,0.721023
crying,0.301251
cure,0.301251
cures,0.5276
curse,0.301251
cursed,0.337161
cut,0.132746
d,0.236135
daintie,0.71899
damn,0.409147
damnation,0.5276
damne,0.598236
damned,0.337161
danger,0.197659
dangerous,0.215457
dare,0.222767
darefull,0.71899
dares,0.338112
darke,0.533567
dasht,0.71899
dauntlesse,0.71899
day,0.0422692
dayes,0.533567
de,0.261437
dead,0.171417
deadly,0.317855
deafe,0.598236
deaftly,0.71899
deare,0.598236
dearest,0.320552
death,0.15482
debt,0.317855
deceiue,0.71899
decision,0.172754
dedicate,0.5276
deed,0.281383
deedes,0.71899
deeds,0.357738
deepe,0.535059
deepely,0.598236
deeper,0.247219
deepest,0.286093
deere,0.529092
deerest,0.598236
defect,0.406847
defence,0.302103
degrees,0.301251
deigne,0.71899
delicate,0.247219
delight,0.216066
delights,0.317855
delinquents,0.598236
deliuer,0.529092
deliuers,0.71899
demerits,0.5276
denies,0.438609
deny,0.216066
depart,0.317855
descended,0.317855
desert,0.286093
deseru,0.599928
deseruers,0.71899
deserues,0.721023
designe,0.598236
desir,0.598236
desire,0.208368
desires,0.286093
desolate,0.317855
destroy,0.216066
destruction,0.318754
detraction,0.71899
deuoure,0.71899
dew,0.317855
did,0.0613546
didst,0.381066
die,0.235976
digestion,0.438609
digg,0.71899
dignity,0.272149
diminitiue,0.71899
dire,0.477483
direction,0.197102
direfull,0.71899
direst,0.5276
dis,0.530584
disbursed,0.71899
discerne,0.71899
discharge,0.379992
discomfort,0.5276
discouery,0.598236
diseas,0.5276
disease,0.356729
disgrace,0.337161
disloyall,0.71899
dismall,0.601619
dismisse,0.598236
disorder,0.317855
dispaire,0.71899
dispatch,0.409147
dispise,0.71899
displac,0.71899
disposition,0.286093
distance,0.236643
distemper,0.438609
distill,0.598236
distracted,0.379992
distresses,0.406847
ditch,0.438609
diuell,0.599928
diuers,0.598236
diuision,0.598236
do,0.034974
doe,0.576829
does,0.106733
doffe,0.71899
doing,0.173242
domestique,0.71899
don,0.159123
done,0.114723
doo,0.478833
doore,0.5276
dost,0.337161
doth,0.361773
double,0.210116
doubly,0.438609
doubt,0.182029
doubtfull,0.5276
doubts,0.259971
downe,0.548485
downfall,0.598236
draw,0.207203
drawne,0.599928
dread,0.247219
dreadfull,0.529092
dreamt,0.379992
drenched,0.477483
dresse,0.71899
drest,0.598236
dreyne,0.71899
drie,0.598236
drinke,0.532075
droope,0.71899
drop,0.181519
drops,0.301251
drowne,0.599928
drowse,0.598236
drowsie,0.71899
drugg,0.5276
drugge,0.71899
drunk,0.272149
drunke,0.598236
dst,0.5276
due,0.198217
dues,0.477483
dull,0.215457
dunnest,0.71899
durst,0.438609
dusty,0.438609
duties,0.273688
dwarfish,0.5276
dwell,0.272149
dwindle,0.5276
dy,0.605002
dye,0.481533
dyed,0.356729
dyre,0.71899
each,0.0493455
ear,0.259238
eare,0.532075
eares,0.529092
earnest,0.247918
earth,0.181519
earthly,0.33621
easie,0.601619
easier,0.247219
eate,0.532075
eaten,0.272918
edge,0.216066
effect,0.138485
effects,0.301251
eight,0.115222
eighth,0.406847
either,0.158228
eldest,0.317855
else,0.170015
em,0.304659
embrace,0.33621
empty,0.286093
emptying,0.438609
encounter,0.286093
end,0.0860078
ends,0.236643
endure,0.259238
enfold,0.71899
enkindle,0.71899
enough,0.111726
enow,0.599928
enrage,0.5276
enrages,0.71899
enter,0.206038
enterprize,0.598236
entrance,0.226052
entreat,0.379992
entry,0.379992
equiuocate,0.71899
equiuocates,0.71899
ere,0.32864
especially,0.16534
establish,0.235976
estate,0.197102
esteem,0.301251
eternall,0.529092
eterne,0.598236
euen,0.538043
euent,0.71899
euer,0.546993
euerlasting,0.598236
euery,0.546993
euils,0.598236
exasperate,0.5276
execution,0.338112
exil,0.71899
expectation,0.337161
expedition,0.379992
expence,0.598236
exploits,0.477483
exposure,0.5276
extasie,0.599928
extend,0.33621
eye,0.173731
eyes,0.175685
eyld,0.71899
eyther,0.71899
fac,0.530584
face,0.106437
faces,0.181008
faile,0.529092
faine,0.5276
faint,0.225414
faire,0.482883
fairer,0.379992
fairest,0.406847
faith,0.235976
faithfull,0.5276
fall,0.140443
falles,0.598236
falne,0.598236
false,0.229239
familiar,0.247219
fanne,0.71899
fantasticall,0.721023
farewell,0.286093
farre,0.533567
farther,0.259238
farwell,0.71899
fast,0.152252
fatall,0.601619
fate,0.286093
fauor,0.71899
fauors,0.71899
fauour,0.5276
fayl,0.598236
fayle,0.71899
fear,0.188602
feare,0.566387
fearefull,0.598236
feares,0.533567
fed,0.286902
feede,0.5276
feele,0.532075
feeling,0.158228
feet,0.138877
fell,0.160465
fellow,0.158228
fellowes,0.71899
felt,0.151395
few,0.0947035
fie,0.5276
field,0.144821
fight,0.161807
fighting,0.215457
fil,0.71899
file,0.318754
fill,0.208368
filling,0.272149
filthie,0.721023
finde,0.542518
findes,0.529092
finger,0.247219
fire,0.14523
fires,0.272149
firme,0.530584
first,0.018233
firstlings,0.529092
fit,0.197659
fitfull,0.71899
fitnesse,0.71899
fits,0.301251
fix,0.259238
flattering,0.33621
flawes,0.71899
fled,0.239312
flesh,0.272149
flight,0.237978
flighty,0.598236
floate,0.71899
flong,0.71899
flower,0.235976
flowne,0.71899
flowt,0.71899
fly,0.189136
flye,0.538043
flying,0.235976
fogge,0.71899
fold,0.317855
folde,0.71899
followes,0.5276
folly,0.286902
fooles,0.5276
foolish,0.225414
foorth,0.599928
foot,0.166275
for,0
forbid,0.286902
forc,0.5276
forge,0.438609
forget,0.206038
forgiue,0.721023
forgot,0.215457
forgotten,0.247918
forme,0.5276
former,0.111104
forraine,0.71899
forsworne,0.71899
forth,0.199889
fortune,0.286902
fought,0.259971
foule,0.532075
found,0.0904388
founded,0.33621
fourth,0.180498
fowly,0.71899
frame,0.235976
franchis,0.71899
frankly,0.406847
fraught,0.5276
free,0.121778
freely,0.317855
fresh,0.206038
frets,0.599928
friend,0.198217
friends,0.158675
frieze,0.5276
fright,0.286093
from,0
fruitlesse,0.71899
fry,0.5276
full,0.10762
fulnesse,0.71899
furbusht,0.71899
furie,0.71899
furious,0.317855
further,0.135366
fury,0.286093
future,0.144821
gaines,0.71899
gainst,0.529092
gallopping,0.71899
gap,0.33621
gash,0.478833
gashes,0.599928
gate,0.259238
gaue,0.529092
gayne,0.721023
gaze,0.272149
generall,0.532075
gentle,0.238645
gently,0.215457
get,0.0414578
gift,0.247219
ginne,0.71899
gins,0.477483
giue,0.542518
giuen,0.536551
giues,0.532075
giuing,0.598236
gladly,0.356729
glare,0.33621
glasse,0.599928
glimmers,0.71899
glory,0.286093
glosse,0.71899
go,0.0693836
goary,0.71899
goe,0.541026
goes,0.182539
going,0.0949712
golden,0.225414
gon,0.598236
gone,0.168145
good,0.0707794
goodly,0.406847
goodnesse,0.721023
goodnight,0.601619
gore,0.406847
gos,0.71899
got,0.0724543
gouern,0.598236
gouerne,0.5276
grac,0.71899
grace,0.23731
gracious,0.32145
grafted,0.71899
grant,0.197102
graue,0.599928
graunt,0.598236
great,0.096033
greater,0.158675
greatest,0.197659
greefe,0.5276
greene,0.598236
greet,0.407997
greetes,0.71899
greeting,0.33621
greeue,0.529092
griefe,0.532075
grim,0.406847
groanes,0.71899
ground,0.151823
grow,0.189136
growes,0.530584
growing,0.197102
growne,0.5276
guesse,0.598236
guest,0.286093
guide,0.272149
guift,0.71899
guild,0.71899
guilt,0.259238
guise,0.477483
ha,0.31488
hackt,0.71899
had,0.0125382
hadst,0.478833
hah,0.71899
hail,0.33621
haile,0.61346
haire,0.529092
haires,0.598236
halfe,0.530584
hand,0.119458
handed,0.197102
hands,0.15482
hang,0.263636
hangs,0.356729
happily,0.301251
happinesse,0.598236
happy,0.14564
happyer,0.71899
hard,0.127181
hardie,0.71899
hardly,0.151395
harme,0.605002
harmes,0.721023
harp,0.317855
harrold,0.71899
hart,0.439849
harts,0.598236
has,0
hast,0.342865
haste,0.272149
hat,0.259238
hatch,0.356729
hate,0.226052
hatefull,0.598236
hath,0.370433
haue,0.700649
hauing,0.532075
haunt,0.357738
haunting,0.477483
hawkt,0.71899
hayl,0.71899
he,0.00692371
head,0.100738
heads,0.216066
healing,0.406847
health,0.207203
hear,0.158228
heard,0.147687
heare,0.548485
hearers,0.477483
hearing,0.165807
hearke,0.598236
heart,0.186622
hearted,0.317855
heartens,0.71899
hearts,0.235976
hearty,0.301251
heat,0.247918
heauen,0.601619
heauenly,0.598236
heauie,0.532075
heauiest,0.71899
heauily,0.71899
hee,0.489634
heeles,0.529092
heere,0.551469
heereafter,0.5276
held,0.0763486
hell,0.317855
helpe,0.605002
hence,0.252811
her,0.105147
here,0.0662731
hereafter,0.338112
hew,0.438609
hid,0.236643
hidden,0.272149
hide,0.237978
hideous,0.317855
high,0.0449645
highly,0.216066
him,0.0469051
himselfe,0.536551
his,0.00385799
hisse,0.598236
hit,0.14523
hither,0.275227
hoa,0.601619
hoarse,0.301251
hold,0.161807
holds,0.225414
hole,0.215457
holily,0.599928
holp,0.71899
holy,0.318754
home,0.0309885
homely,0.379992
homeward,0.406847
honest,0.227964
honor,0.286902
hoodwinke,0.71899
hope,0.161807
hopes,0.189136
horrible,0.286902
horrid,0.302955
horror,0.275227
horrors,0.356729
hors,0.71899
hoter,0.71899
hound,0.71899
houre,0.539534
houres,0.5276
house,0.110483
houses,0.188602
how,0.0789391
howl,0.33621
howle,0.721023
humane,0.381066
humble,0.235976
humbly,0.356729
hums,0.721023
hunger,0.356729
hurt,0.247219
hurts,0.438609
hush,0.356729
hyr,0.71899
i,0.370851
if,0.03917
ignorant,0.259971
ill,0.217285
illnesse,0.71899
illusion,0.379992
impeides,0.71899
imperfect,0.379992
implor,0.71899
impresse,0.599928
in,0
incarnardine,0.71899
incens,0.598236
inclinde,0.71899
indeed,0.208368
indeede,0.5276
indissoluble,0.5276
indure,0.598236
infected,0.438609
infirmity,0.477483
inform,0.317855
informes,0.71899
inhabit,0.406847
initiate,0.598236
innocent,0.250015
insane,0.379992
instant,0.247918
integrity,0.356729
intemperance,0.598236
intent,0.317855
interest,0.138485
intermission,0.379992
interpret,0.356729
interprete,0.71899
into,0.0213427
intombe,0.71899
intrenchant,0.71899
inuention,0.71899
inuest,0.71899
inuested,0.71899
inuisible,0.71899
inuite,0.721023
inuites,0.598236
iocund,0.71899
ioy,0.529092
ioyfull,0.721023
ioyne,0.598236
ioynt,0.598236
ioyntly,0.598236
is,0
issue,0.173731
it,0
iudgement,0.5276
iumpe,0.598236
iust,0.530584
keene,0.599928
keepe,0.542518
keeper,0.33621
keepes,0.530584
kil,0.5276
kill,0.239979
kind,0.132746
kinde,0.529092
kindly,0.272149
kindnesse,0.598236
kisse,0.599928
knees,0.247219
knell,0.598236
knife,0.259238
knit,0.356729
knits,0.598236
kniues,0.71899
knock,0.272918
knockes,0.598236
knocking,0.323248
knoll,0.5276
knots,0.406847
know,0.103272
knowes,0.536551
knowings,0.71899
knowledge,0.198217
known,0.158675
knowne,0.538043
l,0.389662
labour,0.303807
lac,0.71899
lacke,0.530584
laide,0.598236
lamentings,0.71899
lapt,0.71899
large,0.104957
last,0.0246116
latch,0.438609
late,0.111415
lated,0.71899
later,0.0947035
laudable,0.598236
laue,0.71899
laugh,0.216675
lauish,0.71899
lay,0.166742
laying,0.259238
ld,0.71899
le,0.383215
leape,0.598236
leapes,0.71899
learn,0.180498
learne,0.598236
least,0.121436
leaue,0.545502
leaues,0.599928
leauing,0.71899
leauy,0.71899
led,0.115222
left,0.0864901
legge,0.71899
length,0.206038
lesse,0.539534
lesser,0.301251
let,0.151782
leysure,0.530584
lies,0.20662
life,0.128254
light,0.173242
lighted,0.259971
like,0.0613546
limitted,0.71899
lips,0.259971
little,0.0819009
liu,0.532075
liue,0.541026
liuer,0.71899
liues,0.539534
liuing,0.5276
loades,0.71899
lockes,0.598236
lodg,0.599928
loe,0.598236
long,0.0563031
longer,0.197659
look,0.14564
looke,0.549977
lookes,0.5276
loose,0.226689
loosest,0.71899
lose,0.225414
lost,0.134243
lou,0.5276
loue,0.539534
loued,0.5276
loues,0.530584
low,0.158228
lowd,0.598236
loyaltie,0.71899
lt,0.5276
ly,0.5276
lye,0.44481
lyes,0.535059
lyest,0.598236
lyne,0.71899
mad,0.207203
made,0.0151452
madnesse,0.598236
maine,0.478833
make,0.0610389
makes,0.190735
making,0.0855255
malady,0.438609
maleuolence,0.71899
man,0.0565586
manly,0.337161
manner,0.197102
mans,0.532075
many,0.0570924
march,0.259238
marching,0.357738
mark,0.20662
marke,0.529092
marre,0.71899
marres,0.71899
marrowlesse,0.71899
marry,0.301251
marshall,0.598236
maruell,0.598236
master,0.215457
mated,0.598236
materiall,0.71899
matter,0.109862
matters,0.215457
may,0.0562645
me,0.144032
meane,0.530584
meanes,0.533567
meant,0.215457
measur,0.598236
measure,0.206038
measurelesse,0.71899
meate,0.599928
mee,0.529092
meeke,0.598236
meere,0.530584
meet,0.106141
meeting,0.105549
memorize,0.71899
men,0.0793708
mend,0.33621
mens,0.529092
mercie,0.71899
mercilesse,0.71899
met,0.166275
metled,0.598236
mew,0.71899
mid,0.317855
midnight,0.247219
might,0.0909474
mile,0.206038
milkes,0.71899
minde,0.532075
mindes,0.5276
minds,0.259238
mine,0.210477
mingle,0.439849
minister,0.379992
minute,0.20662
minutely,0.477483
mirth,0.286902
miserable,0.272149
misse,0.723056
missing,0.272149
mistrust,0.438609
mock,0.302955
modest,0.215457
moe,0.598236
moment,0.189669
momentary,0.317855
monstrous,0.317855
more,0.00971525
morning,0.151395
morrow,0.279074
mortall,0.535059
mortified,0.406847
most,0.0359489
moue,0.532075
moues,0.598236
mouing,0.598236
mould,0.406847
mouncht,0.723056
mouthes,0.598236
much,0.0701509
multiplying,0.5276
multitudinous,0.5276
murky,0.477483
murth,0.71899
murther,0.538043
murtherous,0.71899
murthers,0.71899
muse,0.477483
must,0.0880663
my,0.11935
myraculous,0.598236
naked,0.272918
nam,0.721023
name,0.130042
naturall,0.599928
nature,0.173242
ne,0.407997
nearest,0.259238
neckes,0.71899
need,0.100456
needed,0.126466
needes,0.599928
needs,0.197102
neer,0.598236
neere,0.533567
neerely,0.71899
neerer,0.5276
neerest,0.71899
neu,0.71899
neuer,0.54401
new,0.0118811
newer,0.477483
newes,0.529092
newest,0.382141
newly,0.235976
next,0.0637495
neyther,0.529092
nice,0.235976
nie,0.71899
niggard,0.598236
night,0.0691917
nights,0.235976
nimbly,0.5276
nine,0.15268
no,0.00647146
nod,0.356729
noise,0.20662
none,0.17095
nor,0.145925
not,0.00406624
note,0.198774
nothing,0.156104
nought,0.406847
nourisher,0.598236
now,0.0195867
noyse,0.530584
numbers,0.272918
o,0.190705
obscure,0.317855
obseru,0.5276
obserue,0.5276
occasion,0.225414
oddes,0.598236
of,0
off,0.0531768
offend,0.301251
offended,0.317855
offer,0.165807
often,0.13966
oftentimes,0.5276
oh,0.248617
old,0.0522946
olde,0.598236
olden,0.598236
older,0.247219
omnes,0.5276
on,0
once,0.142401
one,0
onely,0.536551
ones,0.166275
ope,0.438609
open,0.121436
oppos,0.71899
oppose,0.259238
oppressed,0.379992
or,0.0124068
order,0.115548
ore,0.441089
other,0.00593845
others,0.132746
ouer,0.533567
ouercome,0.598236
ouertake,0.71899
ouerthrowne,0.5276
our,0.098368
ours,0.247918
out,0
outward,0.301251
outwardly,0.379992
ow,0.599928
owe,0.320552
owne,0.549977
pace,0.216066
paid,0.138877
paine,0.5276
paines,0.603311
painted,0.259238
painting,0.302103
pale,0.227327
pall,0.477483
palpable,0.356729
palter,0.598236
paper,0.225414
paralell,0.71899
pardon,0.225414
pareill,0.71899
parley,0.406847
part,0.0772121
parted,0.272149
particulars,0.317855
passage,0.226052
passion,0.247219
past,0.0637495
patience,0.216066
pawser,0.71899
pay,0.121778
payes,0.71899
payment,0.286093
peace,0.192868
peake,0.598236
peece,0.5276
peepe,0.5276
peerelesse,0.71899
pendant,0.438609
people,0.0642903
perceiue,0.5276
perchance,0.5276
perfect,0.227964
perform,0.272149
performance,0.215457
performances,0.356729
performe,0.601619
perfumes,0.477483
perillous,0.5276
pernicious,0.406847
pernitious,0.71899
person,0.166275
personall,0.5276
perswades,0.71899
perturbation,0.438609
pester,0.477483
petty,0.33621
piece,0.197102
pieces,0.215457
pillowes,0.71899
pine,0.302103
pious,0.379992
pit,0.317855
pittied,0.598236
pittifull,0.529092
pitty,0.5276
plac,0.529092
place,0.0924731
places,0.206038
plague,0.272149
plant,0.236643
planted,0.301251
play,0.121778
playd,0.598236
pleade,0.71899
pleasant,0.225414
please,0.208951
pleasure,0.207786
pleasures,0.272149
pledge,0.356729
plenteous,0.477483
plenty,0.215457
plight,0.406847
pluck,0.33621
pluckes,0.598236
pluckt,0.5276
point,0.127181
points,0.180498
pole,0.33621
poore,0.545502
poorely,0.71899
portable,0.438609
possesse,0.71899
post,0.189136
pot,0.317855
potent,0.379992
poure,0.598236
power,0.133869
powr,0.71899
powre,0.727121
powrefull,0.71899
poyson,0.598236
poysond,0.71899
practise,0.356729
prate,0.5276
pratler,0.71899
pray,0.254209
prayses,0.71899
precious,0.259971
prediction,0.477483
predominance,0.598236
predominant,0.598236
prepar,0.5276
preparation,0.317855
presence,0.236643
present,0.0912017
presently,0.235976
preserue,0.71899
pretence,0.356729
pretend,0.286093
pretty,0.198217
pricke,0.529092
pricking,0.477483
pride,0.225414
pristine,0.71899
probation,0.406847
proceed,0.272149
procreant,0.598236
professes,0.598236
profound,0.286093
promis,0.480183
promise,0.216066
pronounc,0.598236
pronounce,0.358747
proofe,0.5276
proper,0.206038
proportion,0.301251
prospect,0.301251
prosperous,0.286902
protest,0.301251
prou,0.5276
proud,0.180498
proue,0.598236
prouide,0.599928
prouided,0.71899
prouoke,0.598236
prouoker,0.71899
prouokes,0.721023
prythee,0.529092
pull,0.259971
pure,0.225414
purg,0.598236
purge,0.478833
purpose,0.174708
purposes,0.235976
push,0.247918
put,0.0929816
puts,0.272149
quarter,0.225414
quell,0.5276
quench,0.477483
question,0.139268
quickely,0.71899
quickly,0.207203
quiet,0.188602
quit,0.301251
quite,0.16534
quoth,0.71899
r,0.5276
rage,0.259238
raise,0.215457
ran,0.16534
rance,0.71899
ranke,0.5276
rapt,0.439849
rarer,0.598236
rate,0.188602
rather,0.117177
ratifie,0.71899
rauel,0.71899
rauen,0.71899
rauin,0.71899
rauishing,0.71899
rawnesse,0.71899
re,0.117503
read,0.144821
reade,0.529092
reades,0.598236
readinesse,0.598236
ready,0.13312
reason,0.151823
rebellious,0.438609
rebuk,0.71899
receiu,0.529092
receiue,0.532075
receyu,0.71899
receyue,0.71899
recklesse,0.598236
reckon,0.301251
recommends,0.477483
reconcil,0.71899
reconcile,0.438609
recoyle,0.721023
red,0.197102
redoubled,0.477483
redresse,0.598236
reeking,0.598236
referr,0.71899
reflection,0.272149
refraine,0.598236
regard,0.216066
registred,0.71899
reigne,0.71899
reignes,0.598236
reioycing,0.71899
relate,0.357738
rellish,0.598236
remaine,0.5276
remaines,0.5276
remedie,0.598236
remember,0.190202
remembrance,0.319653
remoue,0.599928
rendred,0.598236
rent,0.301251
repeat,0.301251
repent,0.317855
repetition,0.379992
report,0.161807
reported,0.188602
repose,0.337161
request,0.188602
require,0.236643
requited,0.5276
resembled,0.406847
reseru,0.71899
resolu,0.598236
resolue,0.598236
resolute,0.356729
resounds,0.477483
respect,0.197102
rest,0.192335
restlesse,0.71899
restraine,0.71899
return,0.138485
returne,0.482883
returnes,0.598236
reuenge,0.5276
rich,0.180498
rid,0.225414
ride,0.216066
rides,0.379992
right,0.0857667
rightly,0.317855
ring,0.225414
rings,0.319653
ripe,0.301251
ript,0.5276
rise,0.175196
rises,0.33621
roof,0.259238
roote,0.71899
rooted,0.317855
rore,0.71899
rost,0.71899
rough,0.259238
roughest,0.598236
round,0.15957
rous,0.5276
rowse,0.71899
rowze,0.71899
rt,0.71899
rubbes,0.71899
rue,0.5276
rugged,0.357738
rumpe,0.71899
run,0.0807592
rung,0.477483
runnes,0.5276
runs,0.247219
rush,0.235976
ry,0.71899
s,0
sacrilegious,0.598236
sad,0.235976
safe,0.217894
safely,0.235976
safer,0.478833
safest,0.5276
safetie,0.71899
sagge,0.71899
said,0.0179321
saide,0.5276
sake,0.259238
salt,0.272149
salutation,0.406847
saluted,0.356729
same,0.0904388
sanctity,0.477483
satisfie,0.598236
satisfied,0.235976
sauage,0.598236
saue,0.5276
saw,0.121778
sawce,0.71899
sawcy,0.598236
say,0.115019
saying,0.158228
sayle,0.71899
scand,0.71899
scap,0.598236
scape,0.5276
scarcely,0.272149
scarse,0.598236
schoole,0.71899
schreame,0.71899
scorch,0.477483
score,0.259238
scorne,0.725089
scowre,0.71899
screw,0.477483
scruples,0.379992
seare,0.71899
season,0.158228
seat,0.206038
seated,0.235976
seauenth,0.71899
second,0.0955068
secret,0.181519
see,0.0684361
seeke,0.529092
seeking,0.247219
seeling,0.71899
seem,0.152252
seeme,0.536551
seemes,0.532075
seemeth,0.598236
seeming,0.272149
seene,0.535059
seest,0.406847
seize,0.286093
self,0.188602
selfe,0.576829
sell,0.206038
selues,0.533567
sence,0.598236
sences,0.721023
send,0.199331
sense,0.16534
sensible,0.286093
sent,0.121436
seperated,0.71899
serious,0.180498
seru,0.5276
seruant,0.71899
serue,0.529092
seruice,0.530584
set,0.0650113
sets,0.301251
setting,0.173242
settled,0.215457
seuen,0.5276
seuerall,0.529092
shade,0.225414
shadow,0.259971
shadowes,0.5276
shagge,0.71899
shake,0.208368
shaking,0.259238
shall,0.223296
shalt,0.340964
shame,0.227327
shape,0.206038
shard,0.71899
share,0.144821
shares,0.438609
sharke,0.71899
sharpe,0.598236
she,0.1139
sheath,0.356729
shed,0.301251
shee,0.601619
shew,0.391811
shewes,0.5276
shift,0.356729
shine,0.287711
shooke,0.5276
short,0.144821
shot,0.206038
should,0.0755226
show,0.0998928
shriek,0.356729
shrieke,0.598236
shrieks,0.477483
shut,0.226689
sick,0.259238
sicke,0.5276
sicken,0.529092
sickly,0.302955
sides,0.237978
sigh,0.235976
sighes,0.598236
sight,0.211281
sightlesse,0.721023
sights,0.338112
signe,0.598236
signes,0.71899
silenc,0.71899
silent,0.225414
since,0.0524417
sing,0.247219
single,0.139268
sinkes,0.721023
sinne,0.599928
sir,0.249316
sit,0.208951
sits,0.259238
skinne,0.71899
skinnie,0.71899
skipping,0.5276
skirre,0.71899
slab,0.598236
slaine,0.533567
slaughter,0.357738
slaughterous,0.71899
sleeke,0.71899
sleep,0.236643
sleepe,0.497734
sleepers,0.438609
sleepes,0.598236
sleepie,0.721023
sleeping,0.286902
slept,0.286902
slights,0.5276
slipt,0.598236
slope,0.301251
slow,0.20662
slumbry,0.71899
smack,0.5276
smacking,0.598236
smeare,0.71899
smell,0.247219
smile,0.216066
smiles,0.272918
smiling,0.225414
smoak,0.71899
smoake,0.598236
smother,0.477483
smyling,0.71899
so,0.0447859
societie,0.71899
sold,0.225414
sole,0.356729
solely,0.406847
solemne,0.598236
solicites,0.71899
solliciting,0.71899
some,0.0248838
something,0.13312
sometime,0.338112
son,0.151395
soone,0.530584
sooner,0.247918
sooth,0.439849
sore,0.272918
sorely,0.477483
sorowes,0.71899
sorrow,0.227964
sorry,0.226052
sorryest,0.71899
sorts,0.259238
soueraigne,0.71899
sought,0.197102
souldiers,0.71899
soule,0.529092
soules,0.5276
sound,0.182539
sounded,0.225414
sowre,0.598236
spacious,0.317855
speak,0.198774
speake,0.563403
speaker,0.301251
speakes,0.5276
speaking,0.188602
speaks,0.286093
speciall,0.598236
speculation,0.406847
speculatiue,0.71899
speech,0.182029
speeches,0.406847
speed,0.16534
spend,0.207786
spent,0.181008
spight,0.599928
spirit,0.16534
spoke,0.207786
spoken,0.226689
spot,0.226052
spoyles,0.71899
sprights,0.71899
spungie,0.71899
spurne,0.598236
spurres,0.598236
st,0.303699
stake,0.286093
stalls,0.5276
stampe,0.71899
stanchlesse,0.71899
stand,0.123143
stands,0.197659
star,0.235976
start,0.13312
starting,0.272149
starts,0.272149
state,0.0904388
station,0.197659
stay,0.182539
stayes,0.5276
steales,0.71899
stealing,0.301251
stealthy,0.598236
steed,0.356729
step,0.188602
steps,0.172754
stern,0.301251
sticke,0.598236
stickes,0.598236
sticking,0.357738
still,0.0798026
stirre,0.529092
stirring,0.302103
stole,0.215457
stolne,0.598236
stone,0.247219
stones,0.272149
stood,0.190202
stoole,0.71899
stooles,0.71899
stop,0.16534
stopt,0.407997
story,0.206038
stout,0.272149
straight,0.158675
strange,0.222767
strangely,0.337161
strangers,0.317855
strangled,0.5276
strangles,0.71899
streakes,0.71899
streames,0.71899
strength,0.166275
stretch,0.259238
strike,0.182029
stroake,0.71899
stroakes,0.599928
strong,0.146049
strongly,0.272918
strooke,0.5276
struck,0.172754
struts,0.71899
stuck,0.259238
studied,0.259238
stuffe,0.529092
stufft,0.71899
subborned,0.71899
subiect,0.5276
substances,0.477483
subtle,0.406847
succeede,0.71899
succeeding,0.381066
successe,0.601619
such,0.0431965
suffer,0.287711
suffering,0.272149
suggestion,0.272149
summons,0.318754
sundry,0.480183
supernaturall,0.71899
supply,0.235976
supplyes,0.71899
supt,0.721023
surcease,0.71899
sure,0.174219
surfeted,0.71899
surmise,0.406847
surpriz,0.71899
surprize,0.598236
surueying,0.71899
sutes,0.71899
swallow,0.301251
swarme,0.71899
sway,0.381066
swear,0.317855
sweare,0.5276
sweares,0.71899
sweat,0.379992
sweaten,0.71899
sweepe,0.598236
sweet,0.216066
sweeten,0.598236
sweeter,0.356729
sweetly,0.301251
swelling,0.33621
swells,0.5276
swift,0.249316
swiftest,0.477483
swolne,0.71899
swoope,0.71899
sword,0.318754
sworne,0.598236
t,0.0545302
taint,0.477483
taints,0.5276
take,0.0664533
takes,0.174219
taking,0.121436
talk,0.151395
talke,0.5276
tarrying,0.5276
taste,0.188602
taught,0.215457
tayle,0.71899
teach,0.197659
teare,0.529092
teares,0.5276
tearmes,0.5276
tedious,0.379992
teemes,0.71899
teeth,0.247219
tell,0.128611
tels,0.598236
temp,0.598236
temper,0.235976
ten,0.182029
tend,0.286093
tender,0.272918
tending,0.379992
terrible,0.26217
th,0.188715
than,0.0146482
thanke,0.532075
thankes,0.598236
thanks,0.227327
that,0
the,0
the[m],0.721023
thee,0.352359
their,0.0100084
theirs,0.286902
them,0.0309547
themselues,0.535059
then,0.0489986
thence,0.32145
there,0.0126367
thereby,0.356729
therefore,0.188602
thereto,0.598236
therewithall,0.71899
these,0.0673546
they,0.0032893
thick,0.248617
thicke,0.529092
thickens,0.598236
thine,0.343815
thing,0.123143
things,0.166281
think,0.0947035
thinke,0.54401
thinkes,0.5276
third,0.0996111
thirst,0.379992
thirty,0.247219
this,0.00697216
thither,0.303807
thoght,0.71899
those,0.0545001
thou,0.319858
though,0.146868
thought,0.143575
thoughts,0.239979
thousand,0.207786
thousands,0.235976
thralles,0.71899
threat,0.286093
three,0.0215788
thrice,0.337161
throat,0.236643
throats,0.379992
through,0.0452166
throw,0.191269
thrusts,0.477483
thus,0.192868
thy,0.322495
tidings,0.33621
tied,0.215457
till,0.220331
time,0.0232901
timely,0.407997
times,0.133495
tis,0.356174
to,0
together,0.0909474
toile,0.71899
told,0.0763486
tongu,0.71899
tongue,0.216675
tongues,0.286902
too,0.0779546
tooke,0.529092
top,0.115874
topple,0.598236
torture,0.356729
tost,0.477483
toth,0.725089
touch,0.15957
toward,0.160018
towards,0.226689
towring,0.71899
toyle,0.599928
trace,0.272149
traines,0.71899
trammell,0.71899
transport,0.598236
transported,0.379992
transpose,0.5276
trauailing,0.71899
treacherous,0.406847
treade,0.71899
treasure,0.356729
trebble,0.598236
tremble,0.33621
trembling,0.259238
trenched,0.598236
trifled,0.5276
trouble,0.168145
troubled,0.302103
troubles,0.236643
true,0.175196
truest,0.438609
truly,0.226052
trust,0.23731
trusted,0.259971
truth,0.18305
try,0.151395
tugg,0.71899
tumble,0.406847
tune,0.286093
turne,0.529092
turnes,0.5276
turning,0.235976
twaine,0.598236
twenty,0.198217
twer,0.598236
twere,0.599928
twice,0.180498
two,0.0118811
twould,0.5276
tye,0.71899
valiant,0.442329
valour,0.379992
valued,0.317855
vanish,0.320552
vanquish,0.5276
vantage,0.478833
vap,0.71899
verities,0.71899
vertue,0.5276
vertuous,0.598236
very,0.0971134
vices,0.477483
viewing,0.379992
vile,0.317855
violent,0.249316
visited,0.259238
visitings,0.598236
vnaccompanied,0.71899
vnattended,0.71899
vnbattered,0.71899
vnbecomming,0.71899
vnbend,0.71899
vndaunted,0.71899
vndeeded,0.71899
vnder,0.536551
vnderstand,0.598236
vnderstood,0.598236
vndivulg,0.71899
vndon,0.71899
vndone,0.599928
vnfelt,0.71899
vnfixe,0.71899
vnfold,0.5276
vnfortunate,0.71899
vnguarded,0.71899
vnity,0.71899
vniuersall,0.71899
vniust,0.71899
vnkindnesse,0.598236
vnknowne,0.5276
vnlineall,0.71899
vnlocke,0.71899
vnmake,0.71899
vnmann,0.71899
vnnaturall,0.601619
vnprepar,0.71899
vnprouokes,0.71899
vnruffe,0.71899
vnruly,0.71899
vnsanctified,0.598236
vnseam,0.71899
vnsex,0.71899
vnshrinking,0.71899
vnsure,0.71899
vntill,0.598236
vntimely,0.598236
vntitled,0.71899
vnto,0.5276
vntye,0.71899
vnusuall,0.71899
vnwelcom,0.71899
vnwip,0.71899
voice,0.206038
vouch,0.477483
voyce,0.5276
voyces,0.598236
vp,0.564895
vpbraid,0.71899
vplifted,0.71899
vpon,0.60219
vppon,0.598236
vpward,0.598236
vs,0.553088
vse,0.535059
vsually,0.71899
vtterance,0.5276
vulnerable,0.71899
wade,0.477483
waile,0.598236
wait,0.189136
waite,0.71899
wake,0.302103
wakes,0.438609
walk,0.165807
walke,0.530584
walking,0.189136
walkt,0.598236
walls,0.259238
want,0.115222
wants,0.197659
warlike,0.441089
warrant,0.379992
warranted,0.5276
warre,0.5276
was,0
wash,0.247918
washing,0.301251
wastfull,0.71899
watch,0.181008
watchfull,0.598236
watching,0.206038
way,0.0583553
wayes,0.530584
wayle,0.71899
wayward,0.438609
we,0.0516461
weake,0.529092
wealth,0.272149
wear,0.226052
weare,0.530584
weares,0.598236
wearie,0.598236
weary,0.235976
wee,0.416049
weepe,0.5276
weepes,0.598236
weigh,0.337161
weighes,0.71899
weightie,0.71899
wel,0.529092
welcome,0.231151
well,0.0552353
went,0.0769962
wer,0.598236
were,0.00622918
weyard,0.721023
weyward,0.723056
what,0.0343675
when,0.0153523
whence,0.320552
where,0.0464773
whereby,0.379992
wherefore,0.406847
whereon,0.438609
which,0.00317717
while,0.0525887
whiles,0.477483
whilest,0.598236
whin,0.598236
whisp,0.71899
white,0.151395
whither,0.317855
who,0
whole,0.14564
wholsome,0.5276
whom,0.168145
whose,0.116526
why,0.147687
wicked,0.272918
wife,0.100174
wil,0.598236
wilde,0.601619
will,0
willing,0.197102
wilt,0.337161
win,0.235976
winde,0.5276
wing,0.247219
winke,0.71899
winne,0.529092
wise,0.215457
wisedome,0.530584
wisely,0.33621
wish,0.181519
wishest,0.71899
wit,0.259971
with,0
withall,0.535059
wither,0.407997
within,0.130399
without,0.0614338
witnesse,0.5276
witnest,0.71899
woe,0.301251
wofull,0.598236
woman,0.160912
womanly,0.5276
womans,0.598236
womb,0.438609
women,0.151823
wonder,0.20662
wonne,0.721023
wood,0.227964
wooingly,0.71899
word,0.146868
words,0.176662
worke,0.529092
world,0.0561452
worme,0.598236
wormes,0.598236
worne,0.598236
worse,0.174219
worst,0.217894
worth,0.13966
worthy,0.256306
worthyest,0.71899
would,0.0129652
wound,0.259238
wounds,0.357738
wracke,0.599928
wrapt,0.379992
wrath,0.33621
wrathfull,0.71899
wrencht,0.71899
wretched,0.247918
writ,0.438609
write,0.197102
writes,0.406847
written,0.206038
wrongly,0.5276
wrongs,0.438609
wrought,0.320552
y,0.478833
yawning,0.406847
ye,0.23731
yeeld,0.532075
yell,0.406847
yellow,0.259238
yesterday,0.115222
yesterdayes,0.71899
yesty,0.598236
yet,0.164885
ynch,0.71899
yoake,0.598236
yong,0.530584
you,0.122547
youl,0.71899
young,0.0906931
your,0.189454
yours,0.226052
youth,0.180498
youths,0.406847
