A,0.00304019
Abler,0.718982
Aboue,0.718982
About,0.173725
Abuse,0.718982
Accents,0.59823
According,0.35773
Accoutred,0.718982
Acte,0.59823
Action,0.477478
Actors,0.59823
Actus,0.533539
Adder,0.59823
Addition,0.59823
Aeneas,0.527594
Affabilitie,0.718982
Affayres,0.718982
Affections,0.718982
After,0.09961
Against,0.317852
Age,0.442311
Ages,0.381058
Ague,0.59823
Alarum,0.485548
Alarums,0.6016
Alas,0.275979
Alasse,0.718982
Alchymie,0.718982
All,0.115431
Alliance,0.59823
Am,0.250002
Ambition,0.383199
Ambitions,0.721007
Ambitious,0.608341
Among,0.165338
An,0.152247
Ancestor,0.718982
Ancestors,0.723033
Anchyses,0.718982
And,0.109321
Angel,0.356726
Angell,0.527594
Anger,0.477478
Another,0.172752
Answer,0.337154
Answering,0.527594
Ant,0.814171
Antonies,0.718982
Antonio,0.482858
Antony,0.722931
Any,0.272146
Apes,0.718982
Apparition,0.527594
Apparrell,0.718982
Appetite,0.477478
Apron,0.718982
Apt,0.718982
Arbors,0.718982
Are,0.213
Arm,0.379988
Arme,0.529081
Armes,0.529081
Armies,0.59823
Army,0.251395
Art,0.251395
Artemidorus,0.721007
Artimedorus,0.718982
Arts,0.356726
As,0.0832298
Asse,0.599915
Assemble,0.527594
Assembly,0.527594
At,0.0680392
Ate,0.718982
Attempts,0.718982
Attendants,0.527594
Audience,0.599915
Augurers,0.721007
Aule,0.718982
Awake,0.478823
Away,0.320538
Aye,0.379988
Ayre,0.530567
Backe,0.59823
Banquetting,0.718982
Bargaine,0.718982
Barke,0.527594
Barren,0.718982
Barres,0.718982
Base,0.527594
Basis,0.718982
Bastard,0.59823
Bastardie,0.718982
Batchellor,0.721007
Batchellour,0.718982
Battaile,0.603285
Battailes,0.718982
Battell,0.6016
Battlements,0.527594
Be,0.256966
Beads,0.718982
Beare,0.530567
Beares,0.59823
Beast,0.477478
Beasts,0.529081
Beauty,0.356726
Because,0.206616
Bed,0.530567
Bees,0.59823
Before,0.181004
Began,0.477478
Begge,0.718982
Beggers,0.59823
Begin,0.478823
Behauiours,0.718982
Being,0.273679
Beleeue,0.599915
Belike,0.527594
Benches,0.718982
Bending,0.527594
Benefit,0.59823
Bequeathing,0.59823
Besides,0.226682
Better,0.318747
Betweene,0.59823
Betwixt,0.59823
Beware,0.407988
Bid,0.482858
Billes,0.718982
Billow,0.718982
Bird,0.356726
Birds,0.356726
Birth,0.379988
Blockes,0.718982
Blood,0.360745
Bloods,0.718982
Body,0.529081
Bold,0.527594
Boldly,0.718982
Bond,0.41028
Bondage,0.721007
Bondman,0.721007
Bondmen,0.721007
Bones,0.527594
Bookes,0.59823
Bosome,0.59823
Both,0.152247
Boy,0.347571
Br,0.718982
Brands,0.721007
Brasse,0.718982
Braue,0.721007
Breake,0.59823
Breast,0.59823
Breefely,0.718982
Brest,0.599915
Bribes,0.721007
Bring,0.35773
Brother,0.346624
Brothers,0.477478
Brow,0.599915
Browes,0.718982
Bru,1.02683
Brut,0.791893
Brute,0.59823
Brutus,0.867855
Buriall,0.599915
Businesse,0.527594
But,0.0289482
Butchers,0.599915
By,0.165803
C,0.132743
CaeSAR,0.718982
Caes,0.795943
Caesar,0.514254
Caesars,0.660581
Cai,0.727083
Caius,0.743286
Cal,0.59823
Calender,0.718982
Call,0.287702
Calp,0.727083
Calphurnia,0.73721
Cals,0.59823
Came,0.336207
Campe,0.718982
Can,0.19821
Cannot,0.379988
Canopy,0.59823
Canst,0.477478
Capitoll,0.751387
Captiue,0.718982
Captiues,0.718982
Captiuitie,0.59823
Car,0.718982
Cares,0.718982
Carkasse,0.718982
Carpenter,0.527594
Carrion,0.59823
Carrions,0.718982
Cas,0.759488
Cask,0.793918
Caska,0.783792
Cass,0.73721
Cassi,0.933664
Cassius,0.889107
Cato,0.543942
Cauerne,0.718982
Cause,0.477478
Cautelous,0.718982
Censure,0.718982
Ceremonies,0.603285
Ceremony,0.529081
Chaire,0.718982
Channell,0.718982
Charge,0.406842
Charges,0.59823
Chariot,0.599915
Charractery,0.718982
Chasticement,0.721007
Chayre,0.718982
Check,0.59823
Cheeke,0.59823
Childe,0.477478
Children,0.287702
Chimney,0.59823
Choice,0.438604
Choller,0.59823
Chollericke,0.718982
Cic,0.725058
Cicero,0.739235
Cimber,0.718982
Cin,0.731134
Cinna,0.769615
Citizen,0.718982
Citizens,0.527594
Ciuill,0.721007
Clamors,0.718982
Clau,0.721007
Claudio,0.606656
Cleane,0.59823
Climber,0.718982
Clit,0.729108
Clitus,0.727083
Cloakes,0.718982
Clocke,0.725058
Closet,0.718982
Closset,0.527594
Clouds,0.442311
Clowds,0.59823
Cly,0.721007
Clymate,0.718982
Co[m]monwealth,0.718982
Coarse,0.59823
Cob,0.725058
Cobble,0.718982
Cobl,0.721007
Cobler,0.721007
Coffers,0.718982
Coffin,0.477478
Cogitations,0.718982
Cognisance,0.718982
Coine,0.718982
Colossus,0.59823
Come,0.219384
Comes,0.43984
Comets,0.718982
Commanders,0.599915
Comment,0.59823
Comming,0.718982
Commoners,0.721007
Commons,0.478823
Companies,0.527594
Companion,0.527594
Complexion,0.59823
Concaue,0.718982
Conceptions,0.718982
Condition,0.718982
Conditions,0.721007
Conference,0.530567
Confines,0.59823
Coniure,0.59823
Conquerors,0.59823
Conquest,0.723033
Conquests,0.718982
Conscience,0.477478
Conspiracie,0.723033
Conspirator,0.721007
Conspirators,0.725058
Constancie,0.6016
Contaminate,0.718982
Contribution,0.59823
Contriuer,0.718982
Controuersie,0.59823
Coronets,0.718982
Corpes,0.721007
Couetous,0.718982
Councell,0.59823
Counsels,0.718982
Countenance,0.599915
Counters,0.718982
Countrey,0.529081
Countries,0.529081
Country,0.340942
Countrymen,0.733159
Courage,0.477478
Course,0.527594
Coward,0.481513
Cowardice,0.718982
Cowardly,0.718982
Cowards,0.6016
Creature,0.529081
Creatures,0.529081
Crests,0.59823
Crimson,0.718982
Crowes,0.718982
Crown,0.35773
Crowne,0.542456
Cry,0.441075
Crying,0.438604
Cup,0.527594
Curre,0.721007
Curse,0.438604
Cushions,0.718982
Cuts,0.718982
Cymber,0.735184
Cyn,0.718982
Cynicke,0.718982
Cynna,0.725058
Dagger,0.60497
Daggers,0.527594
Danger,0.59823
Dangers,0.718982
Dar,0.527594
Dard,0.723033
Dardanius,0.723033
Darts,0.477478
Dash,0.477478
Daughter,0.379988
Day,0.189131
Deare,0.59823
Death,0.338101
Dec,0.407988
Deci,0.729108
Decius,0.751387
Decree,0.718982
Deede,0.718982
Deeds,0.59823
Deere,0.527594
Deerer,0.718982
Defiance,0.718982
Delay,0.59823
Depart,0.527594
Descend,0.477478
Desiring,0.527594
Dew,0.59823
Dewes,0.718982
Did,0.224558
Dies,0.59823
Dignities,0.527594
Dine,0.718982
Dinner,0.438604
Directly,0.406842
Dish,0.59823
Dishonor,0.718982
Disrobe,0.718982
Diuell,0.529081
Do,0.222131
Doe,0.530567
Doers,0.718982
Dogge,0.527594
Dogges,0.527594
Doing,0.59823
Domesticke,0.718982
Doomesday,0.59823
Doore,0.59823
Dost,0.43984
Doth,0.477478
Doublet,0.718982
Drachmaes,0.721007
Draw,0.477478
Dreame,0.6016
Dreamer,0.718982
Dreames,0.599915
Drinkes,0.718982
Drum,0.478823
Dungeon,0.718982
Durst,0.718982
Dwell,0.477478
Dyes,0.599915
Eagles,0.438604
Eare,0.59823
Eares,0.59823
Early,0.356726
Earth,0.383199
East,0.173239
Either,0.318747
Elbowes,0.718982
Elder,0.527594
Elders,0.718982
Element,0.59823
Elements,0.527594
Elephants,0.59823
Else,0.527594
Emulation,0.718982
Endure,0.718982
Enemie,0.527594
Enemies,0.60497
Enemy,0.537998
Enfranchisement,0.718982
Enioy,0.718982
Ensigne,0.721007
Enter,0.446352
Enterprize,0.6016
Entrailes,0.59823
Enuious,0.718982
Enuy,0.59823
Epicurus,0.718982
Ere,0.406842
Erebus,0.59823
Errands,0.718982
Error,0.721007
Et,0.527594
Euen,0.54097
Euening,0.718982
Euer,0.718982
Euery,0.59823
Except,0.317852
Exeunt,0.505723
Exit,0.452195
Exorcist,0.718982
Expedition,0.59823
Eye,0.379988
Eyes,0.477478
Eyther,0.718982
FINIS,0.477478
Face,0.407988
Faces,0.477478
Faction,0.59823
Faculties,0.59823
Faith,0.407988
Falles,0.718982
Falling,0.599915
Fantasie,0.599915
Fantasies,0.718982
Fare,0.442311
Farewell,0.35974
Farre,0.718982
Farwell,0.527594
Fashion,0.406842
Fast,0.438604
Fates,0.530567
Father,0.259236
Fathers,0.478823
Fault,0.718982
Fauors,0.718982
Feare,0.527594
Fearing,0.59823
Feast,0.527594
Feathers,0.59823
Feauer,0.718982
Fellow,0.448488
Ferret,0.718982
Fetch,0.379988
Field,0.340942
Fierce,0.527594
Figures,0.718982
Fill,0.438604
Fire,0.317852
Firebrands,0.718982
Fires,0.59823
Firmament,0.59823
First,0.165338
Fit,0.527594
Fla,0.411426
Flames,0.527594
Flatterer,0.718982
Flatterers,0.727083
Flauio,0.718982
Flauius,0.727083
Fled,0.477478
Flesh,0.59823
Flint,0.721007
Flood,0.532053
Flourish,0.530567
Flowers,0.356726
Fly,0.443546
Flye,0.599915
Foe,0.477478
Foes,0.59823
Follow,0.317852
Foole,0.527594
Foolerie,0.721007
Fooles,0.6016
For,0.104369
Forget,0.477478
Forgets,0.59823
Formes,0.59823
Formost,0.718982
Forrest,0.527594
Fortunate,0.527594
Fortune,0.41028
Fortunes,0.59823
Fountaine,0.59823
Fray,0.718982
Free,0.338101
Freedome,0.723033
Fret,0.59823
Friend,0.372803
Friends,0.378832
Friendship,0.718982
From,0.159118
Fulfill,0.718982
Funerall,0.606656
Funerals,0.718982
Fury,0.477478
Games,0.527594
Gamesom,0.718982
Garland,0.477478
Gate,0.43984
Gates,0.59823
Gaue,0.718982
Generall,0.599915
Generals,0.725058
Genius,0.477478
Gentle,0.477478
Gentlemen,0.338101
Get,0.248609
Ghost,0.484203
Ghosts,0.478823
Girle,0.527594
Giue,0.545429
Giues,0.59823
Giuing,0.59823
Glasse,0.718982
Glasses,0.718982
Glories,0.599915
Glory,0.477478
Go,0.231762
God,0.226682
Gods,0.380842
Gold,0.412572
Good,0.249932
Gorging,0.718982
Gowne,0.603285
Grant,0.336207
Graues,0.6016
Grauity,0.718982
Gray,0.379988
Great,0.247217
Greatnesse,0.59823
Greefes,0.59823
Greeke,0.721007
Griefe,0.59823
Griefes,0.59823
Guide,0.527594
Gustie,0.718982
Ha,0.304643
Hackt,0.718982
Had,0.227317
Haile,0.529081
Hand,0.382129
Hands,0.477478
Harke,0.718982
Harlot,0.59823
Hart,0.441075
Hated,0.59823
Hath,0.444782
Hats,0.718982
Haue,0.555832
He,0.0165873
Head,0.317852
Heard,0.477478
Heare,0.532053
Hearke,0.532053
Hearse,0.718982
Heart,0.411426
Hearts,0.529081
Heauen,0.533539
Heauens,0.533539
Hee,0.529081
Heere,0.552859
Heires,0.718982
Held,0.438604
Hell,0.35773
Helpe,0.529081
Hence,0.338101
Heraulds,0.718982
Here,0.172752
Hibla,0.718982
Hide,0.527594
Hie,0.718982
Hill,0.226047
Hilles,0.718982
Hilts,0.721007
Him,0.301248
Himselfe,0.527594
Hindes,0.718982
His,0.101294
History,0.438604
Ho,0.379988
Hold,0.302945
Holes,0.718982
Holiday,0.59823
Holyday,0.721007
Honest,0.477478
Honesty,0.530567
Honor,0.450959
Honorable,0.721007
Honors,0.480168
Honour,0.356726
Honourable,0.542456
Honourably,0.718982
Honours,0.718982
Hony,0.718982
Hoping,0.527594
Horse,0.478823
Horsemen,0.718982
Horses,0.477478
Horsses,0.718982
Hounds,0.599915
House,0.121432
How,0.182485
Howting,0.718982
Humor,0.718982
Humour,0.721007
Hunters,0.59823
Husbanded,0.718982
Husbands,0.477478
Hye,0.59823
I,0.0365168
IVLIVS,0.718982
Iades,0.718982
Ides,0.729108
If,0.109108
Iigging,0.718982
Ile,0.545429
Ill,0.336207
Images,0.6016
Imitations,0.718982
Immediately,0.336207
Immortall,0.718982
Impatient,0.527594
In,0.00603408
Incenses,0.718982
Indeed,0.207196
Infants,0.599915
Ingratitude,0.599915
Instrument,0.533539
Instruments,0.599915
Insurrection,0.718982
Interim,0.59823
Into,0.275212
Ioy,0.59823
Ioyn,0.718982
Iron,0.477478
Is,0.228807
It,0.0126328
Italy,0.337154
Iudge,0.6016
Iudgement,0.527594
Iulius,0.603285
Iustice,0.529081
Julius,0.59823
Kerchiefe,0.718982
Kill,0.527594
Kinde,0.59823
King,0.227317
Kingdome,0.527594
Kingly,0.59823
Kites,0.59823
Kneele,0.718982
Knew,0.59823
Knocke,0.599915
Know,0.339048
Labio,0.718982
Ladder,0.721007
Lady,0.302945
Lambe,0.59823
Land,0.356726
Laughter,0.6016
Layest,0.718982
Leade,0.59823
Leaden,0.718982
Leafe,0.59823
Leagues,0.718982
Leape,0.718982
Least,0.477478
Leather,0.599915
Leaue,0.527594
Legacie,0.718982
Legacies,0.718982
Legions,0.603285
Lena,0.599915
Lend,0.59823
Lep,0.723033
Lepidus,0.733159
Lest,0.477478
Let,0.222286
Lethee,0.718982
Letter,0.478823
Letters,0.413718
Liberties,0.59823
Liberty,0.480168
Life,0.272913
Ligarius,0.735184
Lightens,0.718982
Lightning,0.480168
Like,0.208938
Limbe,0.718982
Limbes,0.721007
Lines,0.59823
Linkes,0.718982
Lionnesse,0.718982
Lippes,0.718982
Listen,0.356726
Liue,0.599915
Liuing,0.718982
Load,0.718982
Loe,0.599915
Loines,0.59823
Looke,0.537998
Lookes,0.529081
Lord,0.252716
Lordship,0.59823
Lottery,0.718982
Loue,0.537998
Louer,0.599915
Louers,0.721007
Louing,0.718982
Low,0.442311
Lowd,0.718982
Lowlynesse,0.718982
Luc,0.773665
Lucil,0.729108
Lucillius,0.745311
Lucius,0.640359
Lupercall,0.721007
Lustre,0.718982
Lye,0.529081
Lyon,0.530567
Lyons,0.599915
Mace,0.718982
Madam,0.411426
Made,0.527594
Madman,0.59823
Madmen,0.59823
Maiesticke,0.718982
Maisters,0.718982
Make,0.287702
Makes,0.438604
Man,0.225412
Manet,0.603285
Mantle,0.478823
March,0.149306
Marcus,0.482858
Mark,0.31228
Marke,0.546915
Market,0.533539
Marriage,0.406842
Marry,0.527594
Mart,0.59823
Masker,0.718982
Master,0.309734
Masters,0.383199
May,0.145635
Me,0.28609
Meales,0.718982
Meane,0.527594
Measure,0.527594
Mechanicall,0.718982
Meerely,0.718982
Meet,0.438604
Melancholies,0.718982
Memory,0.477478
Men,0.263617
Mend,0.59823
Mender,0.718982
Mes,0.527594
Mess,0.599915
Messa,0.755437
Messala,0.767589
Messenger,0.477478
Messengers,0.59823
Met,0.43984
Metel,0.723033
Metellus,0.743286
Mettle,0.532053
Mid,0.527594
Might,0.356726
Mighty,0.478823
Millions,0.527594
Mine,0.286896
Mirrors,0.718982
Mirth,0.599915
Mischeefe,0.59823
Mischeefes,0.718982
Miseries,0.718982
Mistrust,0.599915
Modestie,0.59823
Monarkes,0.718982
Moone,0.527594
More,0.173239
Moreouer,0.59823
Morning,0.35773
Most,0.201542
Mother,0.287702
Mothers,0.530567
Motion,0.529081
Motiues,0.59823
Mount,0.379988
Mountaine,0.59823
Much,0.28609
Multitude,0.59823
Mur,0.60497
Murd,0.718982
Murderers,0.529081
Murellus,0.721007
Murrellus,0.718982
Musicke,0.532053
Musing,0.59823
Must,0.228587
Mutiny,0.725058
My,0.159923
Name,0.43984
Napkins,0.59823
Naturall,0.59823
Nature,0.302945
Natures,0.527594
Nay,0.250698
Ne,0.718982
Neats,0.718982
Necessary,0.718982
Necessitie,0.718982
Neighbors,0.718982
Neruij,0.718982
Neuer,0.533539
Next,0.28609
Night,0.285945
No,0.141319
Noble,0.584069
Nobler,0.59823
Noblest,0.603285
Nobly,0.59823
None,0.272913
Noone,0.59823
Nor,0.231127
North,0.151394
Northerne,0.718982
Not,0.210098
Note,0.527594
Nothing,0.19821
Now,0.161202
Numbers,0.438604
O,0.205843
OF,0.272146
Oakes,0.718982
Oath,0.6016
Oathes,0.59823
Obiects,0.599915
Obseruer,0.718982
Occupation,0.718982
Ocean,0.336207
Oct,0.356726
Octa,0.753412
Octauio,0.721007
Octauius,0.763539
Of,0.138336
Offall,0.59823
Offence,0.599915
Offering,0.59823
Office,0.336207
Officers,0.477478
Offices,0.477478
Old,0.19821
Older,0.718982
Olympus,0.529081
Omitted,0.718982
On,0.0814408
One,0.0949692
Onely,0.599915
Opens,0.718982
Opinion,0.599915
Or,0.229222
Oration,0.718982
Orator,0.718982
Orchard,0.527594
Orchards,0.718982
Order,0.379988
Ordinance,0.599915
Ouer,0.599915
Our,0.195507
Out,0.317852
Outlarie,0.718982
Palme,0.6016
Paper,0.721007
Papers,0.718982
Parchment,0.59823
Pardon,0.339048
Parthia,0.718982
Particle,0.718982
Passe,0.718982
Passion,0.438604
Patient,0.527594
Peace,0.310583
Peazants,0.718982
Pella,0.718982
People,0.287702
Peoples,0.718982
Performance,0.718982
Perils,0.718982
Petition,0.718982
Petitions,0.59823
Phantasma,0.718982
Philippi,0.615081
Philosophy,0.529081
Physicall,0.718982
Pin,0.721007
Pind,0.723033
Pindarus,0.74126
Pit,0.527594
Players,0.527594
Playes,0.718982
Ple,0.733159
Plebeians,0.725058
Plucke,0.6016
Plucking,0.59823
Pluto,0.718982
Poet,0.537998
Point,0.35773
Pompey,0.603285
Pompeyes,0.729108
Poore,0.530567
Popil,0.721007
Popillius,0.723033
Por,0.749361
Porch,0.721007
Portia,0.743286
Post,0.379988
Power,0.406842
Powers,0.409134
Powres,0.527594
Praetors,0.718982
Pray,0.28609
Prayers,0.527594
Predictions,0.718982
Prepare,0.441075
Pretors,0.718982
Pricke,0.718982
Priests,0.478823
Prima,0.527594
Primus,0.527594
Princes,0.43984
Prisoner,0.478823
Prodigies,0.599915
Produce,0.477478
Profession,0.59823
Prophesie,0.527594
Proscription,0.718982
Protester,0.718982
Prouender,0.718982
Prythee,0.527594
Pub,0.721007
Publius,0.615081
Pulpit,0.60497
Pulpits,0.718982
Purgers,0.718982
Put,0.272146
Quarrell,0.59823
Quartus,0.527594
Question,0.406842
Quintus,0.59823
Quite,0.273679
Rage,0.529081
Ranke,0.718982
Rankes,0.59823
Ransomes,0.718982
Rascall,0.59823
Rauens,0.718982
Rawe,0.718982
Rayes,0.718982
Read,0.338101
Reason,0.478823
Reasons,0.536511
Rebell,0.59823
Recounts,0.718982
Reflection,0.59823
Regions,0.59823
Reliques,0.718982
Remember,0.337154
Remorse,0.59823
Render,0.59823
Repaire,0.718982
Reply,0.59823
Resolution,0.527594
Respect,0.527594
Rest,0.438604
Retreat,0.527594
Reueller,0.718982
Reuels,0.59823
Reuenge,0.530567
Reuiuing,0.718982
Rhewmy,0.718982
Richer,0.59823
Ride,0.478823
Right,0.317852
Ring,0.43984
Rites,0.599915
Robbers,0.59823
Robe,0.527594
Rocke,0.59823
Rogues,0.718982
Roman,0.296567
Romane,0.723033
Romans,0.373808
Rome,0.315908
Roome,0.723033
Round,0.28609
Rout,0.718982
Royall,0.529081
Rubbish,0.59823
Ruby,0.527594
Rudenesse,0.718982
Ruines,0.59823
Rule,0.356726
Rumor,0.59823
Run,0.358735
Runne,0.718982
Rushing,0.718982
Sacred,0.527594
Sacrifice,0.527594
Sacrificers,0.718982
Safe,0.438604
Sardians,0.718982
Sardis,0.6016
Saue,0.59823
Sawce,0.59823
Sawcy,0.59823
Say,0.288508
Scarffes,0.718982
Scedule,0.718982
Scene,0.477478
School,0.206036
Schoole,0.529081
Scoena,0.527594
Sea,0.318747
Seale,0.529081
Searching,0.59823
Season,0.477478
Seate,0.718982
Secrets,0.599915
Secundus,0.477478
Security,0.438604
See,0.227317
Seeing,0.407988
Seek,0.438604
Seeke,0.527594
Seldome,0.718982
Selfe,0.527594
Selues,0.718982
Senate,0.323224
Senators,0.485548
Send,0.35773
Sennet,0.718982
Sennit,0.718982
Senses,0.59823
Sentence,0.59823
Ser,0.542456
Serpents,0.718982
Seruant,0.535025
Seruants,0.59823
Set,0.36175
Sex,0.59823
Shake,0.406842
Shakes,0.527594
Shakespeare,0.336207
Shaking,0.59823
Shall,0.236206
Shallowes,0.718982
Sham,0.718982
She,0.115546
Sheath,0.718982
Sheepe,0.59823
Shew,0.477478
Shop,0.59823
Shores,0.6016
Should,0.274446
Shout,0.529081
Showt,0.718982
Showting,0.718982
Showts,0.718982
Shrunke,0.718982
Sign,0.718982
Signall,0.718982
Signifies,0.718982
Silence,0.379988
Siluer,0.527594
Since,0.1971
Sinewes,0.718982
Sinke,0.718982
Sir,0.246609
Sirra,0.6016
Sirs,0.477478
Sisters,0.438604
Sit,0.301248
Skie,0.59823
Skies,0.59823
Slaues,0.529081
Sleeke,0.718982
Sleepe,0.527594
Sleeue,0.59823
Slumber,0.718982
Smiles,0.527594
So,0.136795
Soft,0.438604
Sold,0.603285
Soldiers,0.43984
Some,0.122113
Song,0.379988
Sonne,0.535025
Sooth,0.739235
Soothsayer,0.723033
Souldier,0.60497
Souldiers,0.529081
Soule,0.478823
Soules,0.530567
Sound,0.406842
South,0.180496
Spaine,0.718982
Spaniell,0.718982
Sparke,0.718982
Speak,0.35773
Speake,0.537998
Spectacle,0.718982
Speech,0.478823
Speeches,0.527594
Spirit,0.367779
Spirits,0.444782
Spleene,0.718982
Split,0.527594
Spoiles,0.718982
Spoyle,0.718982
Spurre,0.599915
Squadrons,0.59823
Stage,0.477478
Staines,0.718982
Stand,0.31228
Stands,0.477478
Starre,0.59823
Starres,0.529081
State,0.133489
Statillius,0.718982
Statue,0.727083
Stay,0.338101
Steele,0.478823
Sting,0.59823
Stirre,0.721007
Stole,0.59823
Stones,0.59823
Stonie,0.718982
Stoop,0.59823
Stoope,0.718982
Storme,0.718982
Story,0.379988
Stra,0.725058
Straine,0.718982
Strato,0.735184
Strawes,0.59823
Streets,0.477478
Strike,0.438604
Strooke,0.718982
Study,0.477478
Submitting,0.527594
Suburbs,0.718982
Successe,0.59823
Such,0.183547
Summers,0.59823
Sunne,0.530567
Superstitious,0.718982
Supper,0.406842
Sure,0.356726
Surgeon,0.59823
Sutor,0.718982
Sutors,0.721007
Sway,0.59823
Sweare,0.59823
Sword,0.420595
Swords,0.481513
THE,0.259236
TRAGEDIE,0.59823
Take,0.216062
Talke,0.718982
Taper,0.6016
Tapers,0.718982
Tapor,0.718982
Tarquin,0.59823
Teare,0.723033
Teares,0.527594
Teeth,0.527594
Tell,0.227952
Tempest,0.477478
Tempests,0.718982
Tempt,0.59823
Tending,0.527594
Tent,0.733159
Tents,0.721007
Tenure,0.718982
Terror,0.477478
Tertius,0.527594
Testament,0.478823
Testie,0.718982
Th,0.441075
Tharsus,0.718982
That,0.118178
The,0
Theater,0.477478
Theatre,0.527594
Their,0.159564
Then,0.149016
There,0.0394799
Therefore,0.262887
Therein,0.480168
These,0.153953
Thewes,0.718982
They,0.0395855
Thigh,0.718982
Thing,0.527594
Things,0.301248
Think,0.317852
Thinke,0.530567
This,0.0400077
Thorough,0.718982
Thorow,0.718982
Those,0.166735
Thou,0.330387
Though,0.189663
Thoughts,0.438604
Three,0.225412
Thrice,0.477478
Throat,0.527594
Through,0.272146
Thunder,0.444782
Thunders,0.59823
Thus,0.237303
Thy,0.279045
Tide,0.721007
Till,0.287702
Time,0.225412
Times,0.406842
Tinctures,0.718982
Tis,0.326806
Tit,0.533539
Titin,0.727083
Titinius,0.763539
To,0.126771
Tongue,0.482858
Tooke,0.59823
Torch,0.527594
Torches,0.477478
Torrent,0.59823
Tower,0.406842
Towres,0.718982
Toyles,0.718982
Trade,0.412572
Tradesmans,0.718982
Tragedie,0.527594
Traine,0.723033
Traitor,0.59823
Traitors,0.448488
Transformed,0.59823
Treason,0.438604
Treasure,0.59823
Treb,0.725058
Trebonius,0.739235
Trees,0.59823
Triall,0.718982
Tributaries,0.718982
Triumph,0.603285
Triumphes,0.718982
Troopes,0.599915
Trophees,0.718982
Troy,0.438604
Truely,0.59823
Truly,0.480168
Tu,0.718982
Tune,0.59823
Tut,0.477478
Twas,0.356726
Twere,0.527594
Two,0.126821
Tyber,0.727083
Tyrannie,0.718982
Tyranny,0.529081
Tyrant,0.529081
Tyrants,0.529081
Valiant,0.530567
Valour,0.477478
Var,0.725058
Varrus,0.723033
Venom,0.527594
Ventures,0.718982
Verses,0.718982
Vertue,0.603285
Vessell,0.59823
Vesture,0.718982
Vexed,0.527594
Victorie,0.59823
Villager,0.718982
Villaine,0.527594
Villaines,0.6016
Villains,0.718982
Visage,0.59823
Vnder,0.530567
Vndeseruers,0.718982
Vnicornes,0.718982
Vniuersall,0.718982
Vnlesse,0.527594
Vnshak,0.718982
Vnto,0.533539
Vol,0.718982
Volum,0.721007
Volumnius,0.733159
Vouchsafe,0.59823
Vow,0.527594
Voyce,0.59823
Vp,0.59823
Vpon,0.543942
Vrge,0.718982
Vs,0.718982
Vtterance,0.718982
Vulgar,0.59823
Walke,0.59823
Walkes,0.599915
Walles,0.718982
Walls,0.718982
Warre,0.530567
Warres,0.718982
Warriours,0.59823
Was,0.237303
Waspish,0.718982
Watch,0.406842
Waxe,0.718982
We,0.0929692
Weapons,0.527594
Wee,0.488238
Weeping,0.59823
Weigh,0.527594
Weighing,0.718982
Welcome,0.441075
Well,0.208357
Wenches,0.718982
Were,0.301248
What,0.144222
Wheeles,0.718982
When,0.087128
Where,0.216482
Wherefore,0.381058
Wherein,0.407988
Whereto,0.438604
Whether,0.249306
Which,0.240016
Whil,0.599915
While,0.126464
Whiles,0.527594
Whilst,0.438604
Who,0.2282
Whose,0.302945
Why,0.189784
Wife,0.442311
Wil,0.718982
Will,0.246366
Willes,0.59823
William,0.115221
Wilt,0.478823
Window,0.599915
Windowes,0.723033
Winds,0.406842
Wine,0.441075
Winters,0.59823
Wise,0.338101
Wisedom,0.59823
Wisedome,0.527594
Wit,0.59823
With,0.121063
Withall,0.718982
Within,0.248609
Without,0.215455
Witnesse,0.59823
Wiues,0.59823
Woe,0.438604
Wolfe,0.59823
Woman,0.35974
Womanish,0.718982
Women,0.28609
Wonders,0.527594
Wood,0.379988
Words,0.379988
Worke,0.527594
Workman,0.718982
World,0.233667
Worships,0.718982
Worthinesse,0.718982
Would,0.207777
Wound,0.527594
Wrath,0.406842
Wrathfully,0.718982
Write,0.477478
Writings,0.718982
Y,0.317852
Ye,0.356726
Yea,0.382129
Yeeld,0.718982
Yes,0.208357
Yet,0.187614
Yond,0.718982
Yong,0.527594
You,0.157208
Your,0.232397
Yours,0.35773
[The,0.301248
],0.225412
a,0
abide,0.286896
aboue,0.529081
about,0.0121091
abridg,0.718982
abroad,0.226047
absence,0.247217
absent,0.235973
abuse,0.356726
accidentall,0.59823
according,0.13237
acquainted,0.301248
acrosse,0.718982
acte,0.59823
acted,0.259236
acting,0.272146
action,0.138484
adde,0.59823
added,0.104955
addrest,0.59823
aduantage,0.6016
afear,0.718982
affayres,0.721007
affection,0.301248
affraid,0.59823
affrighted,0.477478
after,0.0213995
afterwards,0.259236
againe,0.500343
against,0.0648263
age,0.144819
agen,0.721007
agree,0.235973
alas,0.302097
aliue,0.60497
all,0.00714436
allow,0.206036
almost,0.110789
alone,0.153526
along,0.0869651
alreadie,0.718982
already,0.133116
also,0.0177314
alwayes,0.527594
am,0.158378
amaz,0.527594
amaze,0.438604
ambitious,0.336207
amisse,0.530567
among,0.10466
an,0
and,0
angry,0.208357
annoy,0.438604
annoying,0.59823
another,0.0686126
answer,0.169995
answere,0.59823
answered,0.237303
any,0.0401133
apace,0.438604
apparant,0.718982
appear,0.197655
appeare,0.536511
appearing,0.28609
appeas,0.718982
appertaine,0.718982
applauses,0.718982
apply,0.259236
appoint,0.379988
apprehensiue,0.718982
apt,0.302097
are,0.0072409
arguing,0.336207
arises,0.356726
arm,0.215455
armes,0.478823
arming,0.527594
arose,0.247217
arriu,0.59823
arriue,0.718982
art,0.18914
as,0
ascend,0.406842
ascended,0.317852
ashamed,0.28609
aside,0.206616
ask,0.165338
aske,0.529081
asleepe,0.529081
assur,0.59823
assure,0.259966
astonish,0.406842
aswell,0.718982
at,0
attaine,0.721007
attaines,0.718982
attempt,0.215455
attyre,0.59823
aueng,0.718982
augmented,0.438604
auoyd,0.59823
auoyded,0.59823
awake,0.251395
away,0.103258
awe,0.287702
ayme,0.529081
ayre,0.529081
back,0.0445858
backe,0.542456
bad,0.194444
baite,0.718982
bang,0.406842
banish,0.381058
banished,0.336207
bankes,0.721007
bar,0.28609
barren,0.301248
base,0.190725
basest,0.477478
bath,0.356726
bathe,0.407988
battailes,0.718982
bay,0.286896
bayed,0.718982
be,0
beards,0.379988
beare,0.555832
beares,0.54097
beast,0.28609
beat,0.158226
beaten,0.272146
because,0.0409937
become,0.11587
becomes,0.259236
bed,0.190194
bee,0.35974
beene,0.536511
beest,0.527594
befall,0.379988
before,0.0314185
befriend,0.477478
begg,0.718982
begge,0.530567
begin,0.15182
beginning,0.180496
begins,0.236638
begun,0.1886
behinde,0.527594
behold,0.261426
beholding,0.43984
being,0.0607537
beleeue,0.532053
belou,0.59823
beloued,0.718982
below,0.1971
bend,0.302945
benefit,0.235973
bent,0.226047
beseech,0.441075
beside,0.247913
besides,0.247217
besmeare,0.718982
best,0.0832607
bestow,0.302097
bestride,0.718982
bethinke,0.718982
betimes,0.35773
betray,0.317852
better,0.102977
betweene,0.527594
beware,0.407988
beyond,0.172752
bid,0.21242
bidding,0.379988
bids,0.381058
bigge,0.718982
billes,0.718982
bin,0.480168
blacke,0.527594
blame,0.250002
blaze,0.317852
bleed,0.35773
bleede,0.59823
bleeding,0.35773
blest,0.477478
blew,0.28609
blood,0.216482
bloodie,0.527594
bloods,0.59823
bloody,0.325015
blow,0.206036
blowes,0.599915
blunt,0.318747
body,0.18558
bold,0.272913
boldest,0.438604
bolts,0.477478
bondman,0.59823
bonds,0.317852
bones,0.259966
booke,0.599915
bootlesse,0.718982
borne,0.274446
bosome,0.529081
bosomes,0.59823
both,0.0415711
bouge,0.718982
bound,0.181004
bow,0.236638
bowels,0.379988
bowl,0.379988
bowle,0.718982
boy,0.138484
braines,0.59823
brau,0.718982
braue,0.530567
brauely,0.59823
brauery,0.59823
break,0.173239
breake,0.532053
breath,0.215455
breathed,0.336207
breathlesse,0.718982
breed,0.286896
breefely,0.723033
bright,0.180496
brim,0.356726
bring,0.123473
brings,0.287702
brook,0.317852
brought,0.0957695
brow,0.272146
browes,0.527594
brutish,0.477478
buffet,0.379988
buried,0.237303
burne,0.533539
burnes,0.59823
burneth,0.59823
burst,0.235973
bury,0.407988
busie,0.59823
businesse,0.530567
bussling,0.718982
but,0.00336735
buy,0.1971
buzzing,0.438604
by,0
byrth,0.718982
c,0.407988
calculate,0.336207
call,0.134608
calles,0.599915
came,0.0774231
can,0.0250839
cancell,0.718982
cannot,0.134235
canst,0.356726
cappes,0.718982
care,0.173239
carelesly,0.718982
carries,0.272146
carue,0.718982
case,0.09961
cast,0.259966
catching,0.28609
cause,0.223344
causes,0.28609
certaine,0.535025
chace,0.59823
chafing,0.527594
chanc,0.603285
chance,0.165804
change,0.161346
charge,0.145227
charme,0.718982
cheere,0.527594
chew,0.527594
chidden,0.718982
chide,0.527594
chides,0.718982
choak,0.718982
choaked,0.718982
choose,0.247913
chopt,0.718982
chose,0.235973
clap,0.406842
clapp,0.59823
climb,0.301248
cloake,0.718982
clocke,0.721007
close,0.152247
cold,0.199876
colour,0.259966
com,0.478823
combin,0.59823
come,0.0919052
comes,0.163575
comfort,0.226047
commend,0.409134
commended,0.379988
comming,0.529081
commit,0.336207
common,0.169064
compact,0.336207
company,0.120752
compare,0.301248
compasse,0.718982
compell,0.599915
con,0.477478
conceit,0.379988
conceited,0.379988
conceyu,0.718982
concluded,0.247217
condemn,0.407988
condition,0.197655
confesse,0.599915
confidence,0.225412
confounded,0.336207
conioyntly,0.718982
coniur,0.718982
consent,0.237303
consequence,0.272146
consider,0.216668
consorted,0.477478
constant,0.261426
constantly,0.259236
construe,0.723033
consum,0.718982
contagion,0.527594
content,0.287702
contented,0.286896
contriue,0.59823
cooling,0.477478
corporall,0.527594
corruption,0.356726
costly,0.336207
couchings,0.718982
couer,0.718982
couert,0.718982
could,0.032109
councell,0.718982
counsell,0.59823
count,0.259236
course,0.122113
courtesie,0.59823
courtesies,0.438604
craues,0.718982
credit,0.236638
crept,0.317852
cride,0.718982
cried,0.225412
crooked,0.336207
crosse,0.6016
crost,0.599915
crouch,0.477478
crowd,0.1971
crown,0.226047
cruell,0.530567
cry,0.210098
cryed,0.599915
cryedst,0.59823
cull,0.718982
cumber,0.718982
current,0.225412
curse,0.301248
cursed,0.336207
curtesie,0.718982
curtsies,0.59823
custome,0.59823
cut,0.134235
cuts,0.317852
d,0.232119
daggers,0.477478
dam,0.527594
damned,0.336207
dang,0.718982
danger,0.197655
dangerous,0.219703
dangers,0.35773
danke,0.718982
dare,0.217275
darke,0.527594
darknesse,0.718982
day,0.0459592
dayes,0.535025
de,0.260696
dead,0.171858
deafe,0.59823
deale,0.59823
death,0.162055
deaths,0.381058
debt,0.317852
decay,0.379988
deceitfull,0.718982
deceiu,0.599915
deckt,0.59823
decline,0.247217
decree,0.379988
deed,0.275212
deede,0.599915
deeds,0.358735
deepe,0.527594
deere,0.536511
deerely,0.59823
deerer,0.718982
defeat,0.379988
defence,0.301248
defend,0.259966
degrees,0.301248
deliuer,0.529081
demand,0.216062
demeanor,0.527594
deny,0.217275
depart,0.319643
depend,0.28609
deriu,0.718982
descend,0.336207
describ,0.718982
deseru,0.599915
desir,0.59823
desire,0.207196
desires,0.28609
destruction,0.318747
determine,0.28609
determined,0.301248
deuise,0.718982
did,0.0660511
die,0.236638
difference,0.215455
digest,0.527594
dimme,0.718982
dint,0.438604
dip,0.477478
directly,0.277512
dis,0.527594
discard,0.59823
disclos,0.59823
disclose,0.438604
discomfort,0.527594
disconsolate,0.527594
discouer,0.721007
discouered,0.718982
discourse,0.356726
disgest,0.718982
dishonourable,0.59823
dismember,0.59823
dismisse,0.59823
disperse,0.438604
displeas,0.718982
dispos,0.599915
disposed,0.317852
disposing,0.438604
disprooue,0.718982
distract,0.527594
disturbed,0.379988
diuers,0.59823
diuided,0.718982
diuision,0.59823
do,0.0400499
doe,0.542456
does,0.105544
doest,0.530567
done,0.111146
doo,0.477478
doore,0.527594
doores,0.599915
dost,0.337154
doth,0.384862
doubt,0.182021
doubted,0.272146
doubtfull,0.527594
downe,0.56029
downward,0.379988
draw,0.206036
drawes,0.599915
drawing,0.225412
drawne,0.59823
dreadfull,0.532053
dreame,0.59823
dreampt,0.718982
dreamt,0.379988
drinke,0.529081
driue,0.599915
driuen,0.59823
driues,0.59823
drizel,0.718982
drop,0.181513
droppes,0.721007
dropping,0.28609
drops,0.301248
dropt,0.379988
drowsily,0.59823
dull,0.215455
dum,0.718982
dumbe,0.59823
durst,0.444782
dust,0.272146
duty,0.206616
dwell,0.273679
dwelling,0.301248
dy,0.6016
dye,0.494963
dyed,0.356726
dyest,0.721007
dying,0.260696
each,0.0483894
eagerly,0.259236
eare,0.530567
earely,0.718982
eares,0.530567
early,0.0807583
earnes,0.718982
earnest,0.247217
ears,0.235973
earth,0.180496
ease,0.247913
easily,0.225412
eate,0.527594
eating,0.247217
effect,0.138874
egge,0.718982
eight,0.115546
elder,0.272146
else,0.170461
em,0.305491
embrace,0.336207
empty,0.28609
enclosed,0.379988
encounter,0.28609
encourag,0.718982
encreaseth,0.718982
end,0.0867249
ended,0.197655
endure,0.261426
enemies,0.28609
enemy,0.235973
enforc,0.718982
enforced,0.336207
engagements,0.379988
engendred,0.718982
enlarge,0.379988
enough,0.112336
enter,0.206036
enterprize,0.603285
enterred,0.718982
entertaine,0.718982
entire,0.1886
entreat,0.379988
entreated,0.379988
enuious,0.59823
enuy,0.718982
ere,0.321433
errand,0.317852
eruptions,0.59823
establish,0.235973
eternall,0.527594
euen,0.536511
euer,0.549887
euerie,0.59823
euerlasting,0.59823
euery,0.566235
euill,0.599915
euills,0.718982
euils,0.599915
exalted,0.35773
excepted,0.438604
execution,0.336207
exhalations,0.59823
exigent,0.718982
expect,0.247217
expectation,0.336207
exploit,0.407988
expounded,0.527594
extenuated,0.718982
extremities,0.59823
eye,0.174699
eyes,0.178592
face,0.107608
faces,0.180496
factious,0.59823
faile,0.527594
faine,0.527594
faint,0.225412
faire,0.478823
faithfull,0.527594
fall,0.142385
false,0.226047
falser,0.59823
fam,0.718982
familiar,0.247913
far,0.0852835
fare,0.259236
farewell,0.29012
farre,0.535025
farther,0.259236
farthest,0.356726
fashion,0.218489
fast,0.152247
fasten,0.379988
fat,0.215455
fatall,0.59823
fatter,0.527594
fault,0.260696
faults,0.288508
fauour,0.529081
fawn,0.59823
fawne,0.721007
fawning,0.59823
fear,0.189131
feare,0.567721
fearefull,0.603285
fearefulnesse,0.718982
feares,0.527594
fearing,0.302097
fears,0.272146
feast,0.301248
fed,0.28609
feeble,0.288508
feede,0.527594
feeding,0.379988
feeds,0.406842
feele,0.527594
feete,0.59823
fell,0.163129
fellow,0.159564
fetch,0.262157
fields,0.259236
fierce,0.301248
fierie,0.59823
fiery,0.318747
fifteene,0.718982
fight,0.160009
fill,0.206036
finde,0.551373
findes,0.527594
fine,0.13237
fingers,0.287702
fir,0.356726
fire,0.151754
firme,0.527594
first,0.0182309
fit,0.199321
fiue,0.59823
fixt,0.59823
flame,0.272146
flash,0.272146
flattered,0.356726
flattery,0.379988
flearing,0.718982
fled,0.236638
float,0.438604
flourish,0.356726
flye,0.539484
foam,0.336207
foame,0.718982
fold,0.317852
follow,0.143165
followed,0.165338
followes,0.527594
fond,0.259236
fooles,0.527594
foolish,0.225412
foorth,0.603285
foot,0.165804
foote,0.6016
for,0
forc,0.527594
force,0.215455
forgaue,0.718982
forget,0.206616
forgetfull,0.721007
forgot,0.215455
formall,0.59823
forme,0.530567
formed,0.259236
former,0.109861
forth,0.207094
fortunate,0.438604
foule,0.527594
found,0.0911959
foure,0.59823
free,0.121773
freedome,0.718982
fresh,0.206616
fret,0.438604
friend,0.199321
friendly,0.248609
friends,0.158672
fright,0.28609
frighted,0.438604
from,0
full,0.107313
fuller,0.356726
furnish,0.336207
further,0.134235
gallant,0.381058
gastly,0.718982
gaue,0.532053
gaze,0.272146
generall,0.537998
gentle,0.241291
gentlenesse,0.718982
gentler,0.527594
gently,0.215455
get,0.041802
giue,0.558804
giuen,0.532053
giues,0.532053
glad,0.217275
glanced,0.317852
glaz,0.718982
gliding,0.438604
glories,0.356726
glory,0.28609
glow,0.259236
go,0.0733906
goe,0.532053
goes,0.182021
going,0.0960363
gone,0.16953
good,0.0723684
gouern,0.599915
gouerne,0.527594
gowne,0.59823
grace,0.237968
gracious,0.317852
grant,0.1971
grasped,0.379988
graunt,0.6016
graze,0.406842
great,0.096009
greater,0.159118
greefe,0.530567
greefes,0.6016
greeting,0.336207
greets,0.718982
greeu,0.718982
greeue,0.527594
greeuous,0.718982
greeuously,0.718982
grey,0.272146
griefe,0.527594
groane,0.718982
groaning,0.35773
grone,0.599915
ground,0.152673
grow,0.189131
growes,0.527594
growing,0.197655
growne,0.532053
grudge,0.438604
grug,0.718982
guard,0.206036
guesse,0.59823
guiltinesse,0.718982
guilty,0.225412
ha,0.302945
hacke,0.718982
had,0.0123382
haile,0.59823
haire,0.529081
haires,0.59823
halfe,0.532053
hand,0.123335
hands,0.156938
handy,0.438604
hang,0.259236
hangs,0.356726
happy,0.145635
hard,0.128958
harke,0.718982
harme,0.6016
hart,0.441075
has,0
hast,0.348519
haste,0.273679
hastie,0.59823
hatch,0.356726
hate,0.225412
hatefull,0.59823
hates,0.406842
hath,0.362724
haue,0.716339
hauing,0.529081
hauocke,0.59823
hazard,0.356726
hazards,0.438604
he,0.0077719
head,0.100452
headed,0.1886
heads,0.217275
health,0.207777
healthfull,0.59823
heap,0.28609
heape,0.718982
heard,0.147675
heare,0.576638
heares,0.59823
hearing,0.165338
hearke,0.599915
heart,0.18914
hearts,0.241956
heauie,0.527594
heauy,0.6016
hedge,0.301248
hee,0.501688
heed,0.317852
heede,0.718982
heeles,0.529081
heere,0.587042
heereafter,0.529081
height,0.259236
held,0.0767779
hence,0.252788
henceforth,0.356726
her,0.0973701
here,0.0642876
hew,0.438604
heyres,0.718982
hidden,0.272146
hide,0.238632
hideous,0.317852
hides,0.336207
hie,0.527594
high,0.0453393
higher,0.165804
hill,0.215455
him,0.0547863
himselfe,0.545429
hinder,0.406842
his,0.00402167
hisse,0.59823
hither,0.275979
ho,0.388551
hoe,0.486893
hold,0.162238
holds,0.226682
hole,0.215455
hollow,0.235973
holy,0.318747
home,0.0315911
honest,0.227317
honors,0.406842
honour,0.262157
honourable,0.302945
hony,0.718982
hope,0.159118
hopes,0.1886
horrid,0.301248
horse,0.235973
hot,0.189663
houre,0.536511
houres,0.527594
house,0.113265
houses,0.189131
how,0.0791436
howre,0.718982
howted,0.718982
huge,0.248609
hugge,0.718982
humble,0.236638
humor,0.409134
humour,0.318747
humours,0.438604
hundred,0.207196
hung,0.236638
hungry,0.28609
hurle,0.718982
hurtled,0.59823
i,0.35773
idle,0.237303
iealous,0.721007
if,0.0404299
ill,0.218489
illuminate,0.527594
immediate,0.180496
immediately,0.180496
imminent,0.379988
immortall,0.599915
impart,0.379988
impatience,0.302097
impatiently,0.356726
impossible,0.226047
improue,0.718982
in,0
incertaine,0.718982
inclos,0.718982
incompast,0.718982
incorporate,0.478823
indeed,0.208938
indeede,0.529081
indifferent,0.301248
indifferently,0.438604
indirection,0.59823
indure,0.599915
infirmitie,0.718982
infirmities,0.527594
inflame,0.438604
inforced,0.59823
infranchisement,0.718982
infus,0.718982
ingag,0.59823
ingrafted,0.718982
inkindled,0.718982
inroll,0.718982
insisted,0.272146
instances,0.317852
instantly,0.247217
instigations,0.718982
insupportable,0.438604
insuppressiue,0.718982
intend,0.317852
intended,0.286896
intermit,0.59823
interpose,0.477478
interpreted,0.527594
into,0.0213407
intrailes,0.718982
intreat,0.43984
inuenomed,0.718982
ioy,0.529081
ioyn,0.718982
ioynes,0.718982
is,0
issue,0.173239
it,0
itching,0.599915
iudgement,0.527594
iust,0.529081
keepe,0.54097
keepes,0.527594
kil,0.527594
kill,0.240626
killing,0.301248
kinde,0.530567
kindle,0.477478
kindnesse,0.59823
kisse,0.6016
kissing,0.438604
knaue,0.603285
knee,0.216062
kneele,0.721007
knees,0.247913
knew,0.15182
knock,0.272146
knockes,0.599915
knocks,0.477478
knot,0.356726
knottie,0.718982
know,0.112042
knowes,0.530567
knowne,0.532053
l,0.397114
labour,0.301248
labouring,0.379988
lacke,0.527594
lacks,0.477478
lamented,0.406842
laments,0.718982
lane,0.336207
large,0.10466
last,0.0245415
late,0.110479
latest,0.28609
laugh,0.216062
laught,0.718982
lawfull,0.718982
lay,0.166735
leade,0.606656
leaden,0.406842
leades,0.718982
leads,0.302097
leane,0.599915
leape,0.59823
learn,0.180496
learne,0.59823
least,0.121773
leaue,0.552859
led,0.11587
left,0.0864846
legges,0.718982
lend,0.317852
lesse,0.535025
let,0.161545
leuying,0.718982
leysure,0.527594
liable,0.356726
liberty,0.28609
liefe,0.718982
lies,0.207777
life,0.129671
lift,0.301248
light,0.174699
lighted,0.259236
lights,0.259236
like,0.0608614
likes,0.272146
limbes,0.59823
limitation,0.527594
lippes,0.59823
lips,0.259236
list,0.1971
listen,0.235973
litter,0.406842
little,0.0816683
liu,0.529081
liue,0.549887
liued,0.59823
liues,0.529081
liuing,0.530567
loads,0.406842
loath,0.438604
locke,0.59823
lodge,0.336207
lofty,0.379988
long,0.0566153
look,0.146451
looke,0.554346
lookes,0.532053
looking,0.180496
loose,0.226682
loosing,0.477478
lose,0.225412
losse,0.59823
losses,0.379988
lost,0.132743
lou,0.535025
loue,0.564749
loued,0.529081
loues,0.537998
louest,0.718982
lowe,0.721007
lowest,0.272146
lowly,0.379988
lusty,0.43984
ly,0.527594
lyable,0.718982
lye,0.446017
lyes,0.529081
lying,0.235973
mad,0.206616
made,0.0152669
maine,0.477478
mak,0.718982
make,0.0592888
makes,0.189131
making,0.0852835
malice,0.379988
man,0.0603493
manner,0.19821
mans,0.530567
many,0.0580306
marching,0.35773
marke,0.535025
marr,0.718982
marrie,0.59823
married,0.226047
marry,0.301248
maske,0.718982
matter,0.112646
matters,0.216668
may,0.0569803
mayest,0.477478
me,0.167421
mean,0.165804
meane,0.54097
meanes,0.539484
meate,0.59823
meddle,0.438604
meditates,0.718982
meditating,0.477478
mee,0.532053
meeke,0.59823
meere,0.527594
meet,0.106429
meete,0.613396
melteth,0.59823
melting,0.477478
men,0.0894667
menace,0.477478
mend,0.336207
mens,0.529081
mention,0.225412
merrily,0.356726
merry,0.259966
met,0.165338
mettle,0.59823
might,0.0927159
mightie,0.721007
mightier,0.438604
mighty,0.241956
minde,0.537998
minded,0.28609
mindes,0.532053
mine,0.207649
mischiefe,0.718982
mischieuous,0.718982
misconstrued,0.527594
misgiuing,0.718982
mistook,0.477478
mixt,0.527594
mo,0.718982
mock,0.301248
mocke,0.59823
modestly,0.477478
moe,0.59823
moneths,0.59823
money,0.120752
monstrous,0.320538
mood,0.247217
moou,0.718982
mooue,0.721007
more,0.00939471
moreouer,0.718982
morning,0.15182
morrow,0.282878
mortall,0.527594
mortified,0.406842
most,0.0357496
motion,0.247217
mou,0.731134
moue,0.529081
moued,0.59823
mourn,0.438604
mourne,0.718982
mourning,0.337154
mouth,0.19821
mouthes,0.59823
mouths,0.272146
much,0.0730084
muffling,0.59823
murther,0.527594
must,0.0873555
mutiny,0.438604
my,0.123299
naked,0.272146
name,0.131096
names,0.197655
narrow,0.216062
natiue,0.59823
nature,0.173239
naughty,0.438604
ne,0.407988
necessary,0.180496
necessities,0.527594
necke,0.59823
need,0.0998906
neede,0.6016
needs,0.1971
neere,0.535025
neerer,0.527594
neglect,0.317852
neigh,0.59823
neither,0.151394
neuer,0.543942
new,0.0117818
newes,0.532053
next,0.0637489
neyther,0.529081
nice,0.235973
niggard,0.59823
night,0.0720528
nights,0.236638
nimblenesse,0.718982
ninth,0.336207
no,0.00679036
nod,0.35773
noise,0.206036
none,0.167667
nor,0.143555
not,0.00481164
note,0.199321
noted,0.28609
nothing,0.153953
notice,0.235973
notwithstanding,0.477478
now,0.0196294
noyse,0.530567
number,0.105544
o,0.181004
oath,0.259236
obey,0.317852
obscurely,0.477478
obseru,0.527594
obserue,0.529081
of,0
off,0.0546366
offence,0.302097
offences,0.438604
offended,0.321433
offer,0.167667
offered,0.189131
oft,0.358735
often,0.138874
oh,0.247217
old,0.0525859
omnes,0.527594
on,0
once,0.143555
one,0
onely,0.536511
ope,0.43984
open,0.121092
opening,0.151394
opens,0.336207
opinion,0.173725
opinions,0.259236
or,0.0127964
order,0.115546
ordered,0.225412
ordinary,0.226682
ore,0.443546
other,0.00590536
otherwise,0.225412
ouer,0.536511
ouercame,0.721007
ouerthrow,0.718982
ouerthrowne,0.527594
ought,0.227317
our,0.0931227
ours,0.247913
out,0
outward,0.301248
owe,0.317852
owne,0.542456
paid,0.138484
paines,0.59823
painted,0.259236
pale,0.226047
palter,0.59823
pardon,0.228587
parley,0.406842
part,0.0793586
partake,0.438604
parting,0.302097
partly,0.286896
parts,0.19821
party,0.158226
passe,0.60497
passion,0.247217
passions,0.336207
past,0.0639284
path,0.235973
patience,0.218489
patient,0.226682
pause,0.235973
pawse,0.59823
pay,0.121092
peace,0.190725
pearch,0.718982
peece,0.529081
peeces,0.721007
peepe,0.527594
peeuish,0.59823
people,0.0648263
perceiu,0.718982
perceiue,0.533539
perform,0.272146
perhaps,0.158672
perillous,0.527594
perils,0.438604
permission,0.319643
person,0.165338
personall,0.529081
perswasion,0.718982
petty,0.336207
piece,0.1971
piercing,0.336207
pipes,0.356726
pitch,0.247217
pitteous,0.59823
pittifull,0.527594
pitty,0.533539
place,0.0942358
places,0.206036
plague,0.272146
plaine,0.599915
planted,0.301248
playes,0.59823
pleas,0.527594
please,0.210098
pleasing,0.272146
pleasure,0.207777
pleasures,0.272913
pledge,0.356726
pluck,0.336207
plucke,0.718982
pluckt,0.530567
plunged,0.336207
pocket,0.272146
point,0.127533
points,0.180496
poor,0.173239
poore,0.533539
portentous,0.527594
portents,0.527594
possible,0.0947024
posture,0.356726
power,0.133862
practice,0.226047
praise,0.247217
praising,0.406842
pray,0.250698
praying,0.406842
pre,0.286896
preferre,0.721007
prepar,0.527594
prepare,0.286896
presage,0.718982
presence,0.235973
present,0.0906893
presented,0.165338
presently,0.237968
presents,0.317852
presse,0.60497
presume,0.301248
prethee,0.718982
preuaile,0.718982
preuayl,0.718982
preuent,0.603285
preuention,0.721007
prey,0.317852
prick,0.438604
pricke,0.527594
prickt,0.721007
priuate,0.6016
prize,0.259236
proceede,0.718982
proceeded,0.272913
proceeding,0.356726
proclaime,0.599915
prodigious,0.406842
professe,0.718982
progresse,0.718982
promis,0.477478
promise,0.216668
proofe,0.530567
proper,0.207196
property,0.206036
propos,0.718982
proscription,0.721007
proscriptions,0.718982
prostrate,0.438604
protest,0.301248
prou,0.527594
proud,0.180496
proues,0.718982
prouidence,0.59823
prythee,0.529081
publike,0.6016
puisant,0.718982
pul,0.718982
pulling,0.272146
purchase,0.28609
pure,0.225412
purpled,0.718982
purpos,0.527594
purpose,0.174212
purposes,0.236638
push,0.247913
put,0.0934758
puts,0.272146
putting,0.247217
qualitie,0.721007
quality,0.272913
quarter,0.225412
quartered,0.59823
question,0.138874
quick,0.1971
quicke,0.59823
quite,0.165338
rabblement,0.718982
rage,0.259236
ragge,0.718982
raise,0.216062
ran,0.166269
range,0.259236
ranging,0.317852
ranke,0.527594
rash,0.381058
rated,0.438604
rather,0.117493
raw,0.301248
re,0.11652
read,0.146451
reade,0.535025
reades,0.599915
readie,0.59823
reading,0.225412
ready,0.133116
reares,0.718982
reason,0.1531
reasons,0.172752
receiu,0.527594
receiue,0.530567
receiued,0.718982
receiuest,0.718982
receyuing,0.718982
recouer,0.59823
recount,0.438604
recreate,0.59823
red,0.198766
redder,0.438604
redresse,0.606656
reeke,0.718982
reflection,0.272146
refresht,0.718982
refus,0.723033
refuse,0.28609
regard,0.216668
regarded,0.272146
reioyce,0.723033
remain,0.215455
remaine,0.527594
remaines,0.527594
reme[m]ber,0.718982
remember,0.190725
render,0.302097
rendred,0.599915
rent,0.301248
repayre,0.718982
repeale,0.718982
repealing,0.718982
replication,0.59823
report,0.158226
repose,0.336207
repute,0.477478
reputed,0.527594
request,0.1886
resolu,0.60497
resort,0.379988
respect,0.199876
rest,0.19285
resting,0.336207
rests,0.356726
retentiue,0.718982
returne,0.477478
returning,0.247217
reueng,0.599915
reuenge,0.527594
reuerence,0.721007
rich,0.181004
richest,0.406842
rid,0.226047
ride,0.216668
right,0.0862444
rightly,0.317852
rime,0.718982
ripe,0.301248
rise,0.173725
riu,0.721007
roar,0.28609
roares,0.59823
roate,0.718982
rob,0.406842
roome,0.599915
rose,0.1971
round,0.159118
rous,0.530567
ruddy,0.356726
rude,0.259236
ruffle,0.59823
rul,0.529081
rule,0.180496
run,0.0825782
runne,0.723033
runnes,0.527594
rushing,0.301248
s,0
sad,0.237968
safe,0.216668
safely,0.235973
safety,0.215455
said,0.0180311
saide,0.529081
sake,0.261426
salutation,0.406842
same,0.0914492
sar,0.721007
sate,0.59823
satisfaction,0.259236
satisfie,0.59823
satisfied,0.239297
sauage,0.59823
saue,0.529081
sauing,0.718982
saw,0.122793
sawcie,0.718982
sawcy,0.59823
sawe,0.718982
say,0.114094
sayd,0.718982
sayer,0.718982
sayes,0.611711
saying,0.158226
sayings,0.477478
sayst,0.59823
scandall,0.59823
scap,0.59823
scolding,0.406842
scope,0.406842
scorn,0.336207
scorning,0.477478
scratch,0.379988
seal,0.317852
search,0.225412
seat,0.206036
second,0.095236
secret,0.181004
secrets,0.272146
seduc,0.718982
see,0.0694952
seeke,0.536511
seem,0.15182
seeme,0.533539
seemes,0.527594
seen,0.1886
seene,0.537998
sees,0.272913
seest,0.406842
selfe,0.584069
sell,0.206616
selues,0.54097
semblance,0.527594
send,0.201542
sensible,0.28609
senslesse,0.718982
sent,0.120752
seru,0.529081
serue,0.527594
serues,0.599915
seruice,0.527594
seruile,0.718982
set,0.0650059
setting,0.172752
seuen,0.529081
seuenty,0.721007
seuerall,0.533539
seuerally,0.718982
shadow,0.259236
shadowes,0.527594
shake,0.208938
shall,0.255952
shalt,0.339048
sham,0.527594
shame,0.226682
shape,0.206036
shapes,0.317852
share,0.144819
she,0.111098
shed,0.302097
shell,0.336207
shew,0.393903
shewes,0.529081
shine,0.28609
shold,0.59823
shooes,0.599915
shooke,0.527594
shot,0.206036
should,0.0749196
shoulder,0.225412
shout,0.287702
shouted,0.272146
shouting,0.301248
showted,0.718982
showts,0.718982
shreeking,0.718982
shrew,0.718982
shrewdly,0.527594
shrieke,0.59823
shriller,0.718982
sicke,0.542456
sickely,0.718982
sicken,0.527594
sickly,0.301248
sicknesse,0.60497
side,0.146451
sides,0.235973
sighing,0.336207
sight,0.207777
sighted,0.379988
sights,0.337154
signe,0.603285
signified,0.379988
silence,0.247913
silent,0.225412
simple,0.206036
since,0.0525859
single,0.138484
sinke,0.721007
sir,0.250698
sirra,0.718982
sirrah,0.59823
sirs,0.530567
sit,0.207196
sits,0.259236
sixe,0.59823
slaine,0.529081
sland,0.718982
slaue,0.59823
slaughter,0.356726
slay,0.381058
slaying,0.438604
sleep,0.237303
sleepe,0.486893
sleepy,0.336207
slept,0.286896
slew,0.43984
slewe,0.718982
slight,0.247913
slighted,0.438604
slip,0.301248
slippery,0.356726
slumber,0.336207
smallest,0.247217
smatch,0.718982
smell,0.247217
smil,0.718982
smile,0.217882
smiles,0.273679
smiling,0.226047
smoake,0.59823
so,0.0488748
soare,0.718982
sober,0.317852
sodaine,0.6016
sodainly,0.718982
soft,0.1971
softly,0.286896
some,0.0264398
something,0.132743
sometime,0.337154
sometimes,0.206036
sonne,0.59823
soone,0.530567
sorrow,0.226047
sorry,0.226047
sort,0.207196
sought,0.1971
soule,0.527594
soules,0.529081
sound,0.181513
sounded,0.225412
soundlesse,0.718982
soundly,0.59823
sounds,0.247217
sowre,0.59823
soyle,0.59823
space,0.235973
spake,0.406842
spare,0.272146
sparkes,0.721007
speak,0.198766
speake,0.566235
speakes,0.533539
speaking,0.189131
spectacle,0.438604
speech,0.181513
speechlesse,0.59823
speed,0.165804
speede,0.721007
spirit,0.166735
spirited,0.336207
spirits,0.247217
spoke,0.208357
sport,0.259236
sports,0.336207
spot,0.226047
spouting,0.527594
spouts,0.477478
spoyle,0.718982
spurne,0.599915
spurre,0.718982
spurres,0.599915
squeale,0.718982
st,0.301277
stab,0.481513
stabb,0.721007
staine,0.718982
stake,0.28609
stal,0.718982
stale,0.438604
stampt,0.718982
stand,0.127555
standing,0.206036
stands,0.1971
star,0.235973
stare,0.319643
stares,0.477478
start,0.132743
state,0.0901826
stay,0.187614
stayes,0.527594
steale,0.599915
steeds,0.477478
steele,0.59823
stemming,0.527594
sterner,0.718982
sterrile,0.718982
still,0.0784984
sting,0.356726
stinglesse,0.718982
stinking,0.527594
stirr,0.527594
stirre,0.535025
stolne,0.59823
stomacke,0.59823
stomackes,0.718982
stone,0.247217
stones,0.272913
stood,0.189663
stoope,0.718982
stop,0.165338
store,0.318747
straight,0.159564
straine,0.718982
straite,0.718982
strange,0.219703
streame,0.599915
street,0.226047
streete,0.718982
streetes,0.723033
streets,0.191788
strength,0.165804
strengthen,0.379988
stretch,0.259236
stretcht,0.599915
strew,0.527594
stricken,0.379988
strife,0.407988
strike,0.181513
strikes,0.317852
strings,0.28609
striue,0.718982
stroken,0.718982
strokes,0.381058
strong,0.148491
stronger,0.206036
strooke,0.527594
strucke,0.721007
strucken,0.527594
stubborne,0.59823
stuffe,0.527594
subiect,0.527594
subtle,0.406842
successe,0.599915
such,0.0443425
sucke,0.721007
sufferance,0.599915
suffered,0.225412
suffering,0.272146
suffers,0.438604
sufficeth,0.599915
suite,0.384269
summes,0.718982
suppe,0.718982
supporting,0.527594
sure,0.176645
surest,0.527594
surly,0.477478
sutor,0.718982
swallow,0.301248
sway,0.382129
sweare,0.529081
sweatie,0.718982
sweet,0.216668
sweetly,0.301248
swell,0.319643
swet,0.721007
swim,0.28609
swimme,0.718982
swoonded,0.718982
swore,0.407988
swound,0.718982
t,0.0493409
tag,0.477478
take,0.0673404
taken,0.0906893
taking,0.120752
tale,0.259236
talk,0.151394
talke,0.536511
tane,0.606656
tardie,0.59823
tarry,0.527594
tarrying,0.527594
taste,0.189663
taught,0.215455
teach,0.1971
tear,0.272146
teare,0.527594
teares,0.530567
tearmes,0.527594
teeth,0.247913
teethes,0.718982
tell,0.137864
temper,0.237968
tempt,0.338101
tempted,0.356726
tending,0.379988
terrible,0.259966
terror,0.225412
th,0.166269
thank,0.235973
thanke,0.529081
that,0
thaw,0.527594
the,0
thee,0.347072
their,0.0100032
them,0.0318643
themselues,0.535025
then,0.0543821
there,0.0126982
therefore,0.191788
these,0.0693157
they,0.00317584
thicke,0.529081
thine,0.339048
thing,0.126535
things,0.164912
think,0.0947024
thinke,0.554346
thinkes,0.532053
thinking,0.207196
third,0.0998906
thirsty,0.438604
thirtie,0.59823
this,0.00796499
thither,0.301248
those,0.0525859
thou,0.34804
though,0.145635
thought,0.140824
thoughts,0.237303
thousand,0.206036
threat,0.28609
threaten,0.301248
threatning,0.718982
threats,0.406842
three,0.0212231
threw,0.206036
thrice,0.339995
thriue,0.721007
throng,0.407988
through,0.0450881
throw,0.189131
throwes,0.718982
throwing,0.235973
thrusting,0.407988
thus,0.194975
thy,0.322355
till,0.226379
time,0.0222226
times,0.133862
tis,0.346624
to,0
together,0.0911959
tokens,0.477478
told,0.0767779
tongue,0.217275
too,0.0779315
tooke,0.532053
tops,0.28609
touch,0.159118
touched,0.259236
touches,0.302097
touching,0.317852
toucht,0.718982
toward,0.159118
towards,0.226047
train,0.272146
trash,0.530567
tremble,0.337154
trembled,0.28609
trickes,0.59823
tride,0.59823
tried,0.144819
trod,0.406842
trouble,0.166269
troubled,0.301248
true,0.181025
truely,0.718982
truly,0.226682
trust,0.235973
truth,0.181513
try,0.15182
turn,0.11587
turne,0.537998
turnes,0.530567
turning,0.235973
twas,0.43984
tweene,0.599915
twentie,0.718982
twenty,0.1971
twixt,0.527594
two,0.0118473
tydings,0.723033
tyed,0.718982
tyred,0.718982
valiant,0.441075
valour,0.379988
value,0.206036
vanish,0.317852
vanished,0.301248
vanishest,0.718982
vanquish,0.527594
vaunting,0.527594
verses,0.336207
vertue,0.529081
very,0.0976369
vexeth,0.718982
veyl,0.718982
view,0.165338
vildely,0.718982
vile,0.32412
vision,0.272146
visit,0.19821
vnaccustom,0.718982
vnassayleable,0.718982
vnborne,0.718982
vnbraced,0.721007
vnder,0.536511
vnderlings,0.718982
vnderneath,0.721007
vnderstood,0.59823
vndone,0.59823
vnfirme,0.718982
vnfold,0.529081
vngentle,0.718982
vngently,0.718982
vnkindely,0.718982
vnkindest,0.718982
vnkindnesse,0.59823
vnknowne,0.529081
vnluckily,0.718982
vnmeritable,0.718982
vnnumbred,0.718982
vnpurged,0.718982
vnscorch,0.718982
vntill,0.59823
vnto,0.539484
vntouch,0.718982
vntrod,0.718982
vntyr,0.718982
voluntary,0.301248
vouchsafe,0.379988
vowes,0.59823
voyage,0.379988
voyce,0.533539
voyces,0.59823
voyd,0.718982
vp,0.57218
vpmost,0.718982
vpon,0.579611
vppe,0.718982
vpper,0.718982
vpward,0.599915
vrg,0.721007
vrge,0.721007
vs,0.559523
vse,0.54097
vseth,0.718982
vtmost,0.718982
vtter,0.59823
vtterance,0.527594
vttered,0.59823
vttermost,0.721007
wafter,0.718982
wait,0.1886
waited,0.215455
wake,0.301248
walk,0.166269
walke,0.535025
walkes,0.59823
walking,0.189131
wander,0.336207
want,0.115221
warie,0.718982
warne,0.718982
warning,0.215455
warnings,0.438604
warre,0.527594
was,0
wash,0.247217
wast,0.406842
waste,0.235973
wasted,0.28609
watch,0.181004
watchfull,0.59823
water,0.172752
waues,0.59823
wauing,0.59823
way,0.0578734
wayes,0.527594
we,0.0547589
weake,0.535025
weakenesse,0.718982
weare,0.532053
wearie,0.59823
weary,0.236638
wee,0.413718
weepe,0.535025
weeping,0.356726
wel,0.529081
welcome,0.227952
well,0.0581521
went,0.0774231
wept,0.28609
wer,0.59823
were,0.00624327
what,0.0356479
whatsoeuer,0.59823
whelped,0.59823
when,0.0161747
where,0.0462185
wherefore,0.409134
wherein,0.382129
whereof,0.406842
whereto,0.477478
wherfore,0.718982
whet,0.527594
whether,0.126464
which,0.00300827
whil,0.599915
while,0.0531719
whilest,0.59823
whilst,0.438604
whisper,0.259966
whit,0.438604
whizzing,0.527594
who,0
whole,0.145227
wholsome,0.527594
whom,0.165338
whose,0.115546
why,0.147267
wide,0.138484
wife,0.100171
wildenesse,0.599915
will,0
willing,0.197655
wilt,0.339048
winde,0.532053
wine,0.247913
wing,0.247913
winne,0.527594
wise,0.215455
wisedome,0.527594
wisely,0.339048
wish,0.183547
wisht,0.718982
with,0
withal,0.477478
withall,0.530567
within,0.129671
without,0.0602488
witnesse,0.527594
woe,0.301248
wofull,0.59823
woman,0.158226
womans,0.59823
women,0.15182
womens,0.59823
wonder,0.206616
wonderfull,0.59823
wont,0.379988
word,0.15257
words,0.177618
worke,0.539484
world,0.0563007
worldly,0.336207
worse,0.174212
worst,0.216062
worth,0.140044
worthier,0.527594
worthinesse,0.718982
worthles,0.718982
worthy,0.252788
would,0.0128946
wound,0.259236
wounded,0.272146
wounds,0.360745
wrangle,0.718982
wreath,0.336207
wretched,0.247217
wring,0.477478
writ,0.43984
write,0.19821
wrong,0.198694
wrongs,0.43984
wrought,0.317852
y,0.478823
yawn,0.477478
ye,0.238632
yea,0.379988
yeare,0.59823
yeares,0.599915
yee,0.725058
yeeld,0.529081
yeelded,0.718982
yeelds,0.718982
yeeres,0.721007
yes,0.272146
yesterday,0.115546
yesternight,0.527594
yet,0.155426
yoake,0.599915
yoaked,0.718982
yon,0.406842
yond,0.59823
yonder,0.409134
yong,0.537998
you,0.158332
young,0.0899293
your,0.200299
yours,0.229857
youthfull,0.718982
youths,0.406842
