Thel,0.525712
Lyca,0.521421
THEL,0.512838
Worm,0.512838
Blake,0.510692
DIVINE,0.508546
EXPERIENCE,0.508546
IMAGE,0.508546
INNOCENCE,0.508546
Lily,0.508546
CHIMNEY,0.506401
FOUND,0.506401
Hover,0.506401
INFANT,0.506401
INTRODUCTION,0.506401
Infant,0.506401
Lillys,0.506401
Lovely,0.506401
NURSE,0.506401
Piper,0.506401
Piping,0.506401
SORROW,0.506401
SWEEPER,0.506401
Sunflower,0.506401
Wiping,0.506401
answerd,0.506401
bowd,0.506401
dovelike,0.506401
listning,0.506401
skylark,0.506401
watry,0.506401
ABSTRACT,0.504255
AH,0.504255
ANCIENT,0.504255
ANGEL,0.504255
ANSWER,0.504255
APPENDIX,0.504255
Adona,0.504255
Albion,0.504255
Alehouse,0.504255
Answerd,0.504255
BARD,0.504255
BLOSSOM,0.504255
Bard,0.504255
Blasts,0.504255
CLOD,0.504255
Clod,0.504255
Dacre,0.504255
Dolors,0.504255
ECHOING,0.504255
Emily,0.504255
Eyelids,0.504255
FLY,0.504255
Famished,0.504255
Fed,0.504255
Frowning,0.504255
GREEN,0.504255
Guarded,0.504255
HUMAN,0.504255
Helpless,0.504255
Humility,0.504255
JOY,0.504255
LAUGHING,0.504255
LILY,0.504255
Leopards,0.504255
Loosed,0.504255
Lurch,0.504255
Luvah,0.504255
Marks,0.504255
Mne,0.504255
Motto,0.504255
NIGHT,0.504255
NOTE,0.504255
Nostril,0.504255
Ona,0.504255
PEBBLE,0.504255
POISON,0.504255
PRETTY,0.504255
Parents,0.504255
Pitying,0.504255
Prays,0.504255
Printer,0.504255
Prisoned,0.504255
Revives,0.504255
Rises,0.504255
SCHOOLBOY,0.504255
SICK,0.504255
SPRING,0.504255
SUNFLOWER,0.504255
Secresy,0.504255
Sees,0.504255
Sitting,0.504255
Smelling,0.504255
Softest,0.504255
Starry,0.504255
Starved,0.504255
Stony,0.504255
TERZAH,0.504255
Tangled,0.504255
Trodden,0.504255
Troubled,0.504255
VAGABOND,0.504255
Warbled,0.504255
Willm,0.504255
Witless,0.504255
[Poems,0.504255
bandy,0.504255
beadles,0.504255
beguiles,0.504255
blackening,0.504255
briars,0.504255
ceasd,0.504255
complaind,0.504255
complainest,0.504255
countest,0.504255
emerg,0.504255
exhald,0.504255
fen,0.504255
infixes,0.504255
licks,0.504255
lookst,0.504255
manacles,0.504255
meekin,0.504255
moony,0.504255
ning,0.504255
outworn,0.504255
reclind,0.504255
saild,0.504255
scatters,0.504255
shewd,0.504255
showring,0.504255
smild,0.504255
stord,0.504255
sunned,0.504255
ta,0.504255
unhinderd,0.504255
usurous,0.504255
venerates,0.504255
wands,0.504255
wildered,0.504255
wip,0.504255
wolly,0.504255
wolvish,0.504255
Har,0.388222
LOST,0.388222
Merrily,0.388222
SONGS,0.388222
BOOK,0.386591
GIRL,0.386591
Gave,0.386591
Weeping,0.386591
moans,0.386591
Arise,0.384959
Babes,0.384959
Ear,0.384959
Filled,0.384959
HOLY,0.384959
ROSE,0.384959
Selfish,0.384959
THURSDAY,0.384959
TREE,0.384959
Tired,0.384959
aspire,0.384959
chartered,0.384959
seeketh,0.384959
thro,0.384959
Appeared,0.383328
Bore,0.383328
Bound,0.383328
Bowed,0.383328
Brain,0.383328
Chained,0.383328
Comfort,0.383328
DREAM,0.383328
Deceit,0.383328
Driven,0.383328
Flowed,0.383328
Frame,0.383328
Grave,0.383328
Graze,0.383328
Hears,0.383328
Hoarse,0.383328
Jealousy,0.383328
Joys,0.383328
LONDON,0.383328
LOVE,0.383328
Lark,0.383328
Lilly,0.383328
Mole,0.383328
Ned,0.383328
Nightingale,0.383328
Parson,0.383328
Pouring,0.383328
Ruddy,0.383328
SHEPHERD,0.383328
Seated,0.383328
Seraphim,0.383328
Sought,0.383328
Striving,0.383328
Struggling,0.383328
TIGER,0.383328
Thousands,0.383328
Viewed,0.383328
Weave,0.383328
Wept,0.383328
Whate,0.383328
Worms,0.383328
Worn,0.383328
appall,0.383328
appals,0.383328
baits,0.383328
ban,0.383328
bane,0.383328
begone,0.383328
benighted,0.383328
binds,0.383328
blights,0.383328
bruis,0.383328
clod,0.383328
coined,0.383328
couching,0.383328
dell,0.383328
dimpling,0.383328
doves,0.383328
drear,0.383328
emmet,0.383328
ewes,0.383328
fibrous,0.383328
flute,0.383328
gambolled,0.383328
glitters,0.383328
heedful,0.383328
humid,0.383328
knits,0.383328
liv,0.383328
lotus,0.383328
mellowing,0.383328
metres,0.383328
milked,0.383328
nipped,0.383328
pathless,0.383328
pearly,0.383328
perches,0.383328
perplex,0.383328
pined,0.383328
prays,0.383328
presse,0.383328
priestly,0.383328
regale,0.383328
slumbrous,0.383328
strays,0.383328
swaddling,0.383328
tames,0.383328
tenfold,0.383328
thrush,0.383328
tombstones,0.383328
walketh,0.383328
wren,0.383328
Lamb,0.321902
Cloud,0.317911
BOY,0.316581
SONG,0.316581
Saying,0.315251
clime,0.315251
Chapel,0.313921
Dare,0.313921
Merry,0.313921
Seeking,0.313921
Shepherd,0.313921
Underneath,0.313921
Unseen,0.313921
beguiled,0.313921
piped,0.313921
robin,0.313921
symmetry,0.313921
worms,0.313921
ANOTHER,0.312591
BLACK,0.312591
Become,0.312591
Blown,0.312591
Calling,0.312591
Calls,0.312591
Chase,0.312591
Dick,0.312591
Drop,0.312591
EARTH,0.312591
GARDEN,0.312591
Hearing,0.312591
Hovering,0.312591
LAMB,0.312591
Lives,0.312591
Naked,0.312591
Nought,0.312591
Ruby,0.312591
Runs,0.312591
Self,0.312591
Smiles,0.312591
Sow,0.312591
Susan,0.312591
Terror,0.312591
VOICE,0.312591
Walks,0.312591
Waves,0.312591
affright,0.312591
balmy,0.312591
bereaved,0.312591
bladder,0.312591
brushes,0.312591
caterpillar,0.312591
caverns,0.312591
contagious,0.312591
couches,0.312591
crave,0.312591
crops,0.312591
dank,0.312591
fearest,0.312591
futurity,0.312591
griefs,0.312591
hie,0.312591
hoar,0.312591
huntsman,0.312591
inhaling,0.312591
kneels,0.312591
lapsed,0.312591
lioness,0.312591
manna,0.312591
matron,0.312591
mead,0.312591
melts,0.312591
methought,0.312591
nibbled,0.312591
nuptial,0.312591
paleness,0.312591
parsons,0.312591
pebble,0.312591
plowman,0.312591
pours,0.312591
purify,0.312591
rais,0.312591
sittest,0.312591
sower,0.312591
sulk,0.312591
sunburnt,0.312591
sweeper,0.312591
sweepers,0.312591
taints,0.312591
teazing,0.312591
thunderings,0.312591
unrest,0.312591
veiled,0.312591
wanderer,0.312591
whisperings,0.312591
wight,0.312591
vales,0.271334
fade,0.266868
Maker,0.265751
pitying,0.265751
Weep,0.264635
dewy,0.264635
fades,0.264635
moan,0.264635
spreads,0.264635
Clay,0.263518
Cruelty,0.263518
Dark,0.263518
Didst,0.263518
Joy,0.263518
Mystery,0.263518
Tiger,0.263518
builds,0.263518
coffins,0.263518
cradle,0.263518
forged,0.263518
livelong,0.263518
milky,0.263518
soot,0.263518
summers,0.263518
warbling,0.263518
Author,0.262402
Began,0.262402
Break,0.262402
Burnt,0.262402
Cock,0.262402
Cruel,0.262402
Descend,0.262402
Doubt,0.262402
Eagle,0.262402
Eternal,0.262402
Feed,0.262402
Fled,0.262402
Folly,0.262402
Giving,0.262402
Heavenly,0.262402
Himself,0.262402
Image,0.262402
Joe,0.262402
Met,0.262402
ON,0.262402
Pipe,0.262402
Priest,0.262402
Reading,0.262402
Return,0.262402
Rising,0.262402
Sleeping,0.262402
Tongue,0.262402
Turk,0.262402
Wilt,0.262402
ache,0.262402
allay,0.262402
ambush,0.262402
anvil,0.262402
binding,0.262402
birch,0.262402
cherries,0.262402
creations,0.262402
curb,0.262402
deceiving,0.262402
deeps,0.262402
droop,0.262402
engraved,0.262402
fruitful,0.262402
grasshopper,0.262402
growl,0.262402
guardians,0.262402
hallowed,0.262402
hapless,0.262402
harlot,0.262402
hearse,0.262402
hover,0.262402
impress,0.262402
kingly,0.262402
laps,0.262402
meekness,0.262402
nourish,0.262402
picks,0.262402
piping,0.262402
shaved,0.262402
shrine,0.262402
shrouded,0.262402
sinews,0.262402
snare,0.262402
stalked,0.262402
steeds,0.262402
terrific,0.262402
thankfulness,0.262402
twists,0.262402
verdant,0.262402
virgins,0.262402
wanderers,0.262402
wiles,0.262402
weep,0.242491
morn,0.230129
Pity,0.229178
Tom,0.228227
lambs,0.227276
maiden,0.226325
Dost,0.225374
Near,0.225374
Youth,0.225374
dale,0.225374
infants,0.225374
tigers,0.225374
Garden,0.224423
babe,0.224423
beguile,0.224423
bower,0.224423
buds,0.224423
dews,0.224423
echoing,0.224423
flocks,0.224423
graves,0.224423
meek,0.224423
multitudes,0.224423
renew,0.224423
sexes,0.224423
sobbing,0.224423
southern,0.224423
sports,0.224423
stripped,0.224423
Beneath,0.223472
Crying,0.223472
Fly,0.223472
Grey,0.223472
Jesus,0.223472
Led,0.223472
Receive,0.223472
Seek,0.223472
Sits,0.223472
Strangers,0.223472
Thursday,0.223472
Virgin,0.223472
Word,0.223472
afar,0.223472
ah,0.223472
annoy,0.223472
apparel,0.223472
artful,0.223472
blushed,0.223472
bondage,0.223472
brooks,0.223472
brushed,0.223472
bud,0.223472
cage,0.223472
clasp,0.223472
companies,0.223472
crumbs,0.223472
darkening,0.223472
deceitful,0.223472
dome,0.223472
drives,0.223472
en,0.223472
fasting,0.223472
fondness,0.223472
forge,0.223472
gilded,0.223472
gowns,0.223472
groaned,0.223472
harmonious,0.223472
howling,0.223472
lamentations,0.223472
leapt,0.223472
lily,0.223472
mire,0.223472
noonday,0.223472
outstretched,0.223472
plough,0.223472
preach,0.223472
radiance,0.223472
raven,0.223472
reed,0.223472
rounds,0.223472
shields,0.223472
softest,0.223472
sparrow,0.223472
spray,0.223472
tangle,0.223472
thistles,0.223472
transient,0.223472
vale,0.223472
voiceless,0.223472
watchman,0.223472
weave,0.223472
whirlpool,0.223472
wilful,0.223472
writ,0.223472
Love,0.201451
LITTLE,0.197373
Mercy,0.196558
immortal,0.193295
mane,0.193295
Thames,0.19248
bags,0.19248
bands,0.19248
beetle,0.19248
caves,0.19248
fiend,0.19248
hum,0.19248
lick,0.19248
ponder,0.19248
spears,0.19248
starry,0.19248
thorn,0.19248
thoughtless,0.19248
tiger,0.19248
watered,0.19248
watery,0.19248
Cold,0.191664
Dame,0.191664
Lo,0.191664
Pale,0.191664
Sound,0.191664
Wrath,0.191664
ale,0.191664
astonish,0.191664
barrel,0.191664
blasts,0.191664
bleating,0.191664
bowl,0.191664
butterfly,0.191664
chaste,0.191664
consumed,0.191664
folk,0.191664
forlorn,0.191664
fountains,0.191664
frowning,0.191664
generation,0.191664
gorge,0.191664
hairs,0.191664
hoary,0.191664
inherit,0.191664
kindled,0.191664
lamentation,0.191664
link,0.191664
maze,0.191664
mould,0.191664
ne,0.191664
nostrils,0.191664
nuts,0.191664
peaceful,0.191664
pensive,0.191664
perfume,0.191664
piteous,0.191664
plagues,0.191664
porter,0.191664
prophetic,0.191664
raptures,0.191664
rosy,0.191664
rural,0.191664
rushes,0.191664
seest,0.191664
senseless,0.191664
shady,0.191664
stumble,0.191664
thickest,0.191664
vapour,0.191664
wailing,0.191664
weed,0.191664
wolves,0.191664
Sweet,0.175288
infant,0.172484
worm,0.167576
Hear,0.166874
Sleep,0.166874
skies,0.166874
Angel,0.166173
Church,0.166173
Earth,0.166173
blossom,0.166173
cherish,0.166173
grove,0.166173
lowly,0.166173
tent,0.166173
Eye,0.165472
befall,0.165472
bind,0.165472
clothing,0.165472
descending,0.165472
furnace,0.165472
heath,0.165472
joys,0.165472
kisses,0.165472
laughs,0.165472
mothers,0.165472
nigh,0.165472
oil,0.165472
pole,0.165472
sighs,0.165472
stain,0.165472
sunny,0.165472
threat,0.165472
Arm,0.164771
Bird,0.164771
Devil,0.164771
Gone,0.164771
Lost,0.164771
MY,0.164771
Making,0.164771
Spring,0.164771
Turning,0.164771
Wisdom,0.164771
aged,0.164771
airy,0.164771
bleak,0.164771
ceasing,0.164771
chimneys,0.164771
control,0.164771
crow,0.164771
despite,0.164771
didst,0.164771
disputes,0.164771
dreamt,0.164771
flourish,0.164771
forests,0.164771
freeze,0.164771
glee,0.164771
glistening,0.164771
graces,0.164771
grasp,0.164771
groan,0.164771
heathen,0.164771
included,0.164771
leaped,0.164771
locks,0.164771
meanest,0.164771
northern,0.164771
oft,0.164771
priests,0.164771
prime,0.164771
ruddy,0.164771
scarce,0.164771
shakes,0.164771
smells,0.164771
terrors,0.164771
thirst,0.164771
traced,0.164771
traveller,0.164771
twist,0.164771
wiped,0.164771
woes,0.164771
wool,0.164771
weeping,0.147495
virgin,0.145689
doth,0.145087
lamb,0.144485
bosom,0.143281
mortal,0.143281
nest,0.143281
valleys,0.143281
AND,0.142679
Holy,0.142679
foe,0.142679
kissed,0.142679
merrily,0.142679
rejoice,0.142679
springs,0.142679
thorns,0.142679
Sing,0.142077
burned,0.142077
canst,0.142077
clay,0.142077
clothed,0.142077
dismal,0.142077
fruits,0.142077
honey,0.142077
horn,0.142077
kiss,0.142077
poverty,0.142077
selfish,0.142077
shriek,0.142077
sorrows,0.142077
Farewell,0.141475
Hush,0.141475
Jack,0.141475
Jew,0.141475
Paul,0.141475
Rose,0.141475
Speak,0.141475
TO,0.141475
Turn,0.141475
Twas,0.141475
awoke,0.141475
brows,0.141475
compelled,0.141475
curled,0.141475
curtains,0.141475
den,0.141475
disguise,0.141475
dreary,0.141475
drooping,0.141475
echoed,0.141475
gods,0.141475
hammer,0.141475
hunger,0.141475
injury,0.141475
invisible,0.141475
marks,0.141475
mute,0.141475
mutual,0.141475
numerous,0.141475
plot,0.141475
scatter,0.141475
shirt,0.141475
sings,0.141475
springing,0.141475
stays,0.141475
steed,0.141475
stray,0.141475
streams,0.141475
sweeter,0.141475
sweetest,0.141475
viewed,0.141475
weigh,0.141475
zeal,0.141475
er,0.128645
arise,0.124014
Peace,0.123499
Pretty,0.121956
Under,0.121956
beams,0.121956
divine,0.121956
hears,0.121956
pipe,0.121956
wandered,0.121956
wrath,0.121956
Came,0.121441
Follow,0.121441
Over,0.121441
angels,0.121441
bells,0.121441
cheer,0.121441
dismay,0.121441
dost,0.121441
howl,0.121441
misery,0.121441
shalt,0.121441
thine,0.121441
throne,0.121441
wilt,0.121441
Art,0.120927
Dear,0.120927
Free,0.120927
Full,0.120927
Know,0.120927
Mary,0.120927
White,0.120927
altar,0.120927
appears,0.120927
arrows,0.120927
beheld,0.120927
breathed,0.120927
brook,0.120927
cattle,0.120927
chorus,0.120927
conveyed,0.120927
cow,0.120927
crimson,0.120927
cruelty,0.120927
daughters,0.120927
descend,0.120927
deserts,0.120927
fiery,0.120927
forest,0.120927
garments,0.120927
gifts,0.120927
glittering,0.120927
hath,0.120927
lean,0.120927
leaping,0.120927
mass,0.120927
mistress,0.120927
oak,0.120927
page,0.120927
pluck,0.120927
priest,0.120927
punish,0.120927
queen,0.120927
rejoicing,0.120927
rod,0.120927
sealed,0.120927
sighing,0.120927
sisters,0.120927
slumber,0.120927
sweep,0.120927
tis,0.120927
travel,0.120927
united,0.120927
veil,0.120927
washed,0.120927
winds,0.120927
wishes,0.120927
holy,0.1056
Thou,0.105164
mild,0.105164
S,0.104291
lion,0.104291
dew,0.103854
valley,0.103854
vanish,0.103854
youthful,0.103854
Soon,0.103418
chain,0.103418
prey,0.103418
st,0.103418
Green,0.102982
Has,0.102982
Seven,0.102982
Think,0.102982
fold,0.102982
ha,0.102982
hell,0.102982
moon,0.102982
palace,0.102982
pit,0.102982
shadows,0.102982
souls,0.102982
Children,0.102545
III,0.102545
John,0.102545
Truth,0.102545
band,0.102545
bears,0.102545
betray,0.102545
birth,0.102545
blade,0.102545
bodies,0.102545
calls,0.102545
creation,0.102545
curtain,0.102545
deadly,0.102545
delights,0.102545
descended,0.102545
destruction,0.102545
dried,0.102545
endless,0.102545
falls,0.102545
fierce,0.102545
gather,0.102545
healthy,0.102545
increase,0.102545
indignant,0.102545
lap,0.102545
locked,0.102545
loving,0.102545
meadows,0.102545
multitude,0.102545
partner,0.102545
poison,0.102545
reduced,0.102545
remains,0.102545
root,0.102545
sets,0.102545
shower,0.102545
swell,0.102545
tend,0.102545
thousands,0.102545
worlds,0.102545
wrapped,0.102545
youngest,0.102545
thee,0.100907
birds,0.0895736
woe,0.0888424
maid,0.0881112
sleeping,0.0877456
angel,0.08738
breast,0.08738
armed,0.0870144
grief,0.0870144
sheep,0.0870144
snow,0.0870144
Among,0.0866487
covered,0.0866487
dreams,0.0866487
eternal,0.0866487
feed,0.0866487
flow,0.0866487
parents,0.0866487
river,0.0866487
Ha,0.0862831
Round,0.0862831
beasts,0.0862831
becomes,0.0862831
blessing,0.0862831
breathing,0.0862831
darkness,0.0862831
fearful,0.0862831
hills,0.0862831
iron,0.0862831
jealousy,0.0862831
leaf,0.0862831
notes,0.0862831
pour,0.0862831
roots,0.0862831
spend,0.0862831
stream,0.0862831
weakness,0.0862831
wing,0.0862831
worn,0.0862831
Heaven,0.0859175
Him,0.0859175
IV,0.0859175
Sit,0.0859175
Were,0.0859175
Whose,0.0859175
admired,0.0859175
agree,0.0859175
arrow,0.0859175
bar,0.0859175
bearing,0.0859175
brain,0.0859175
brings,0.0859175
brush,0.0859175
bush,0.0859175
chimney,0.0859175
clean,0.0859175
crime,0.0859175
curse,0.0859175
dwelling,0.0859175
flies,0.0859175
grows,0.0859175
hungry,0.0859175
lively,0.0859175
marriage,0.0859175
midnight,0.0859175
mystery,0.0859175
parting,0.0859175
pen,0.0859175
risen,0.0859175
runs,0.0859175
scene,0.0859175
school,0.0859175
seize,0.0859175
shouted,0.0859175
slender,0.0859175
spoil,0.0859175
sprang,0.0859175
stars,0.0859175
underneath,0.0859175
utter,0.0859175
ve,0.0859175
virtues,0.0859175
visited,0.0859175
wake,0.0859175
woods,0.0859175
thy,0.0788648
Till,0.0737476
smiles,0.0734466
heaven,0.0731456
wept,0.0728446
shine,0.0722426
vain,0.0722426
desert,0.0719416
heat,0.0719416
Queen,0.0716405
gives,0.0716405
ll,0.0716405
bird,0.0713395
blossoms,0.0713395
burning,0.0713395
lonely,0.0713395
shining,0.0713395
shore,0.0713395
silver,0.0713395
songs,0.0713395
English,0.0710385
Night,0.0710385
blown,0.0710385
boys,0.0710385
brothers,0.0710385
complain,0.0710385
distress,0.0710385
future,0.0710385
girls,0.0710385
sang,0.0710385
sport,0.0710385
tired,0.0710385
waters,0.0710385
Day,0.0707375
Down,0.0707375
II,0.0707375
Into,0.0707375
London,0.0707375
Say,0.0707375
anxious,0.0707375
apple,0.0707375
arose,0.0707375
beast,0.0707375
coat,0.0707375
desires,0.0707375
drawn,0.0707375
driven,0.0707375
east,0.0707375
everything,0.0707375
fancied,0.0707375
fed,0.0707375
fighting,0.0707375
glow,0.0707375
jealous,0.0707375
king,0.0707375
learning,0.0707375
limbs,0.0707375
loss,0.0707375
louder,0.0707375
loved,0.0707375
milk,0.0707375
mouths,0.0707375
plants,0.0707375
pointed,0.0707375
pull,0.0707375
puts,0.0707375
quarrel,0.0707375
raise,0.0707375
raising,0.0707375
replied,0.0707375
reply,0.0707375
restless,0.0707375
says,0.0707375
scarcely,0.0707375
seats,0.0707375
secrets,0.0707375
sees,0.0707375
seized,0.0707375
sentence,0.0707375
sickness,0.0707375
slept,0.0707375
sold,0.0707375
soldier,0.0707375
sore,0.0707375
star,0.0707375
stole,0.0707375
storm,0.0707375
town,0.0707375
unknown,0.0707375
vision,0.0707375
walls,0.0707375
wandering,0.0707375
wasted,0.0707375
west,0.0707375
thou,0.0632961
joy,0.0618466
O,0.0606387
human,0.0601555
cloud,0.0589475
flowers,0.058706
tender,0.058706
OF,0.0584644
golden,0.0584644
grass,0.0582228
merry,0.0582228
born,0.0579812
gold,0.0579812
song,0.0579812
tear,0.0579812
Does,0.0577396
fears,0.0577396
winter,0.0577396
dress,0.057498
image,0.057498
modest,0.057498
naked,0.057498
Thy,0.0572564
bless,0.0572564
church,0.0572564
clouds,0.0572564
dwell,0.0572564
helpless,0.0572564
loves,0.0572564
sky,0.0572564
wings,0.0572564
Every,0.0570148
William,0.0570148
asleep,0.0570148
ease,0.0570148
fields,0.0570148
gates,0.0570148
grey,0.0570148
harm,0.0570148
lovely,0.0570148
praise,0.0570148
soul,0.0570148
Alas,0.0567732
Many,0.0567732
New,0.0567732
Old,0.0567732
abroad,0.0567732
bid,0.0567732
blind,0.0567732
cheerful,0.0567732
clothes,0.0567732
cruel,0.0567732
dropped,0.0567732
evil,0.0567732
eyed,0.0567732
flame,0.0567732
flesh,0.0567732
frame,0.0567732
fruit,0.0567732
girl,0.0567732
glass,0.0567732
guarded,0.0567732
headed,0.0567732
hither,0.0567732
join,0.0567732
judge,0.0567732
key,0.0567732
laughed,0.0567732
midst,0.0567732
mighty,0.0567732
music,0.0567732
offered,0.0567732
painted,0.0567732
pair,0.0567732
passed,0.0567732
rain,0.0567732
raised,0.0567732
receive,0.0567732
reflection,0.0567732
relief,0.0567732
removed,0.0567732
roof,0.0567732
rush,0.0567732
sick,0.0567732
smell,0.0567732
street,0.0567732
stroke,0.0567732
swift,0.0567732
trace,0.0567732
turns,0.0567732
wash,0.0567732
wrote,0.0567732
THE,0.0486952
child,0.0470161
upon,0.0462698
green,0.0460832
tears,0.0458966
Little,0.0457101
sing,0.0453369
form,0.0451504
black,0.0449638
trembling,0.0447772
around,0.0445906
beauty,0.0445906
dread,0.0445906
evening,0.0445906
fled,0.0445906
land,0.0445906
seek,0.0445906
year,0.0445906
beside,0.0444041
drink,0.0444041
filled,0.0444041
garden,0.0444041
innocent,0.0444041
laughing,0.0444041
weak,0.0444041
welcome,0.0444041
Could,0.0442175
Father,0.0442175
Never,0.0442175
crown,0.0442175
destroy,0.0442175
pray,0.0442175
return,0.0442175
rising,0.0442175
wind,0.0442175
ancient,0.0440309
bare,0.0440309
bones,0.0440309
dance,0.0440309
despair,0.0440309
drive,0.0440309
flew,0.0440309
grave,0.0440309
heavy,0.0440309
hour,0.0440309
lie,0.0440309
lot,0.0440309
pass,0.0440309
pity,0.0440309
smiled,0.0440309
sought,0.0440309
turned,0.0440309
walked,0.0440309
Must,0.0438444
Thus,0.0438444
behold,0.0438444
beneath,0.0438444
blue,0.0438444
closed,0.0438444
court,0.0438444
cries,0.0438444
daughter,0.0438444
fair,0.0438444
fix,0.0438444
floor,0.0438444
health,0.0438444
horses,0.0438444
journey,0.0438444
knee,0.0438444
lead,0.0438444
lest,0.0438444
lifted,0.0438444
mercy,0.0438444
opened,0.0438444
plain,0.0438444
pride,0.0438444
sea,0.0438444
search,0.0438444
seven,0.0438444
shook,0.0438444
shoulders,0.0438444
singing,0.0438444
sits,0.0438444
somebody,0.0438444
space,0.0438444
stands,0.0438444
surprise,0.0438444
table,0.0438444
visit,0.0438444
wet,0.0438444
wit,0.0438444
wondering,0.0438444
down,0.0342442
father,0.0342442
mother,0.0342442
have,0.0339735
every,0.0337028
love,0.0337028
its,0.0335674
never,0.0335674
children,0.0331614
sun,0.0331614
deep,0.0328907
o,0.0328907
wild,0.0328907
tree,0.0327553
itself,0.03262
air,0.0324846
hair,0.0324846
live,0.0324846
over,0.0324846
spring,0.0324846
summer,0.0324846
up,0.0324846
dark,0.0323493
flower,0.0323493
us,0.0323493
weary,0.0323493
youth,0.0323493
days,0.0322139
enter,0.0322139
ever,0.0322139
food,0.0322139
pretty,0.0322139
sat,0.0322139
ways,0.0322139
again,0.0320786
book,0.0320786
door,0.0320786
dream,0.0320786
fallen,0.0320786
feel,0.0320786
give,0.0320786
given,0.0320786
near,0.0320786
thus,0.0320786
voices,0.0320786
warm,0.0320786
Besides,0.0319432
Her,0.0319432
answered,0.0319432
appear,0.0319432
called,0.0319432
charge,0.0319432
dear,0.0319432
desire,0.0319432
died,0.0319432
distant,0.0319432
ears,0.0319432
hill,0.0319432
leave,0.0319432
leaves,0.0319432
neck,0.0319432
soon,0.0319432
took,0.0319432
use,0.0319432
used,0.0319432
Am,0.0318079
Because,0.0318079
Had,0.0318079
Look,0.0318079
always,0.0318079
arms,0.0318079
bank,0.0318079
break,0.0318079
built,0.0318079
changed,0.0318079
clear,0.0318079
die,0.0318079
dreadful,0.0318079
eat,0.0318079
falling,0.0318079
false,0.0318079
former,0.0318079
greater,0.0318079
just,0.0318079
lives,0.0318079
loud,0.0318079
mark,0.0318079
move,0.0318079
narrow,0.0318079
nights,0.0318079
oh,0.0318079
opening,0.0318079
ourselves,0.0318079
ring,0.0318079
seemed,0.0318079
self,0.0318079
silence,0.0318079
son,0.0318079
spread,0.0318079
started,0.0318079
steps,0.0318079
streets,0.0318079
trees,0.0318079
under,0.0318079
view,0.0318079
waiting,0.0318079
wide,0.0318079
wine,0.0318079
women,0.0318079
written,0.0318079
sleep,0.0219475
Or,0.0217726
delight,0.0216852
does,0.0215977
hear,0.0215103
God,0.0214229
white,0.0214229
Nor,0.0213354
Oh,0.0213354
play,0.021248
silent,0.0211605
boy,0.0210731
small,0.0210731
bore,0.0209857
rose,0.0209857
shade,0.0209857
Ah,0.0208982
art,0.0208982
bear,0.0208982
feet,0.0208982
fly,0.0208982
gentle,0.0208982
led,0.0208982
mind,0.0208982
pleasant,0.0208982
sigh,0.0208982
soft,0.0208982
find,0.0208108
humble,0.0208108
own,0.0208108
poor,0.0208108
hollow,0.0207233
keep,0.0207233
ones,0.0207233
only,0.0207233
peace,0.0207233
work,0.0207233
Once,0.0206359
began,0.0206359
forth,0.0206359
hid,0.0206359
terror,0.0206359
therefore,0.0206359
May,0.0205484
Which,0.0205484
arm,0.0205484
beat,0.0205484
behind,0.0205484
blood,0.0205484
bow,0.0205484
broke,0.0205484
company,0.0205484
dangerous,0.0205484
duty,0.0205484
faint,0.0205484
followed,0.0205484
further,0.0205484
grew,0.0205484
guard,0.0205484
hide,0.0205484
kind,0.0205484
laid,0.0205484
mean,0.0205484
nature,0.0205484
need,0.0205484
present,0.0205484
seat,0.0205484
shoulder,0.0205484
sitting,0.0205484
standing,0.0205484
takes,0.0205484
ten,0.0205484
than,0.0205484
threw,0.0205484
waste,0.0205484
watching,0.0205484
d,0.010863
bright,0.0105659
shall,0.0105659
voice,0.0105659
care,0.0104386
heart,0.0103962
light,0.0103962
She,0.0102689
smile,0.0102689
sorrow,0.0102689
Is,0.0102265
cry,0.0102265
Like,0.010184
both,0.010184
cold,0.010184
earth,0.010184
man,0.010184
seen,0.010184
among,0.0101416
name,0.0101416
Are,0.0100992
From,0.0100992
Shall,0.0100992
because,0.0100992
fire,0.0100992
knew,0.0100992
pale,0.0100992
Your,0.0100567
hands,0.0100567
new,0.0100567
rest,0.0100567
very,0.0100567
walk,0.0100567
walking,0.0100567
water,0.0100567
Did,0.0100143
Do,0.0100143
Though,0.0100143
Would,0.0100143
ask,0.0100143
became,0.0100143
been,0.0100143
bound,0.0100143
grow,0.0100143
learn,0.0100143
read,0.0100143
spirit,0.0100143
taught,0.0100143
thousand,0.0100143
An,0.00997187
Yet,0.00997187
],0.00997187
answer,0.00997187
cried,0.00997187
draw,0.00997187
follow,0.00997187
forget,0.00997187
fresh,0.00997187
glad,0.00997187
goes,0.00997187
got,0.00997187
lies,0.00997187
mouth,0.00997187
others,0.00997187
possible,0.00997187
quiet,0.00997187
re,0.00997187
rich,0.00997187
shame,0.00997187
share,0.00997187
shut,0.00997187
smiling,0.00997187
strength,0.00997187
turn,0.00997187
woman,0.00997187
A,0.0
All,0.0
And,0.0
As,0.0
But,0.0
By,0.0
Can,0.0
Come,0.0
For,0.0
He,0.0
Here,0.0
His,0.0
How,0.0
I,0.0
If,0.0
In,0.0
It,0.0
Let,0.0
My,0.0
No,0.0
Nothing,0.0
Now,0.0
Of,0.0
On,0.0
One,0.0
So,0.0
Such,0.0
That,0.0
The,0.0
Then,0.0
There,0.0
They,0.0
To,0.0
We,0.0
Well,0.0
What,0.0
When,0.0
Where,0.0
While,0.0
Who,0.0
Why,0.0
With,0.0
You,0.0
a,0.0
about,0.0
after,0.0
against,0.0
age,0.0
all,0.0
alone,0.0
am,0.0
an,0.0
and,0.0
angry,0.0
another,0.0
any,0.0
are,0.0
as,0.0
at,0.0
away,0.0
back,0.0
be,0.0
bed,0.0
before,0.0
best,0.0
breath,0.0
brought,0.0
but,0.0
by,0.0
call,0.0
came,0.0
can,0.0
cannot,0.0
close,0.0
come,0.0
could,0.0
dare,0.0
day,0.0
dead,0.0
death,0.0
did,0.0
do,0.0
done,0.0
each,0.0
else,0.0
end,0.0
eye,0.0
eyes,0.0
face,0.0
faces,0.0
fall,0.0
fast,0.0
fear,0.0
foot,0.0
for,0.0
forgot,0.0
found,0.0
free,0.0
friend,0.0
from,0.0
gently,0.0
go,0.0
going,0.0
gone,0.0
good,0.0
great,0.0
ground,0.0
had,0.0
hand,0.0
happy,0.0
has,0.0
he,0.0
head,0.0
heard,0.0
her,0.0
here,0.0
high,0.0
him,0.0
his,0.0
home,0.0
house,0.0
how,0.0
if,0.0
in,0.0
indeed,0.0
into,0.0
is,0.0
it,0.0
know,0.0
laugh,0.0
lay,0.0
left,0.0
let,0.0
life,0.0
like,0.0
little,0.0
long,0.0
look,0.0
lost,0.0
made,0.0
make,0.0
making,0.0
many,0.0
may,0.0
me,0.0
meet,0.0
men,0.0
might,0.0
mine,0.0
more,0.0
morning,0.0
most,0.0
must,0.0
my,0.0
next,0.0
night,0.0
no,0.0
noise,0.0
none,0.0
nor,0.0
not,0.0
nothing,0.0
now,0.0
of,0.0
off,0.0
old,0.0
on,0.0
once,0.0
one,0.0
or,0.0
our,0.0
out,0.0
part,0.0
past,0.0
place,0.0
please,0.0
put,0.0
ready,0.0
reason,0.0
red,0.0
rise,0.0
round,0.0
run,0.0
s,0.0
said,0.0
same,0.0
saw,0.0
say,0.0
secret,0.0
see,0.0
set,0.0
she,0.0
should,0.0
sight,0.0
sit,0.0
so,0.0
some,0.0
sound,0.0
speak,0.0
stand,0.0
still,0.0
stood,0.0
such,0.0
sweet,0.0
take,0.0
tell,0.0
that,0.0
the,0.0
their,0.0
them,0.0
then,0.0
there,0.0
these,0.0
they,0.0
thing,0.0
think,0.0
this,0.0
those,0.0
thought,0.0
through,0.0
till,0.0
time,0.0
times,0.0
to,0.0
told,0.0
tongue,0.0
too,0.0
two,0.0
want,0.0
was,0.0
way,0.0
we,0.0
well,0.0
went,0.0
were,0.0
what,0.0
when,0.0
where,0.0
while,0.0
who,0.0
why,0.0
will,0.0
wise,0.0
wish,0.0
with,0.0
within,0.0
without,0.0
world,0.0
would,0.0
write,0.0
yet,0.0
you,0.0
young,0.0
your,0.0
