Jackal,0.520901
Margery,0.519437
Brahmin,0.512604
Fir,0.510163
Gingerbread,0.510163
Epaminondas,0.509919
Alligator,0.509675
Chick,0.50821
Elsa,0.507478
Mammy,0.50699
Cherry,0.506746
Zelia,0.50577
hoppity,0.50577
Dagda,0.505526
acorn,0.505526
Rollaround,0.505282
clown,0.505282
Frode,0.505038
jester,0.505038
trundle,0.504794
Hin,0.50455
crickets,0.50455
Gottlieb,0.504306
Auntie,0.504061
Ducks,0.504061
Piccola,0.504061
Dewdrop,0.503817
Fomorians,0.503817
Tulip,0.503817
ould,0.503817
Suliman,0.503573
garraun,0.503573
radishes,0.503573
shure,0.503573
threshers,0.503573
Elector,0.503329
Giant,0.503329
Grupello,0.503329
Maidens,0.503329
Andersen,0.503085
Bullock,0.503085
Candide,0.503085
Jackals,0.503085
Wid,0.503085
dicotyledonous,0.503085
lippety,0.503085
wint,0.503085
Allemaine,0.502841
Ao,0.502841
Banyan,0.502841
Burgomaster,0.502841
Crayfish,0.502841
Duesseldorf,0.502841
JACKAL,0.502841
Jist,0.502841
Kind,0.502841
MOUSE,0.502841
[Illustration],0.502841
_He,0.502841
_tap,0.502841
bilin,0.502841
helianthus,0.502841
jist,0.502841
nivir,0.502841
shtone,0.502841
tap_,0.502841
thaught,0.502841
tuk,0.502841
yees,0.502841
BECAME,0.502597
Cake,0.502597
DOO,0.502597
Dancer,0.502597
Eel,0.502597
FAIRIES,0.502597
FIR,0.502597
Forefinger,0.502597
Galway,0.502597
HEN,0.502597
Haughery,0.502597
Hop,0.502597
MARGERY,0.502597
Oho,0.502597
Overhead,0.502597
Quickly,0.502597
SALT,0.502597
Stork,0.502597
Thimble,0.502597
_Do,0.502597
_but_,0.502597
_quite_,0.502597
_rustle,0.502597
_snap_,0.502597
_so_,0.502597
_why_,0.502597
apronful,0.502597
beanstalk,0.502597
beets,0.502597
bullfrogs,0.502597
calendula,0.502597
canariensis,0.502597
candy,0.502597
choirs,0.502597
cuckoo,0.502597
diagram,0.502597
dicotyledons,0.502597
dle,0.502597
fashter,0.502597
fertiliser,0.502597
flaws,0.502597
greenwood,0.502597
harrowing,0.502597
hersel,0.502597
hoed,0.502597
hopping,0.502597
ind,0.502597
iv,0.502597
mither,0.502597
motherless,0.502597
oho,0.502597
prod,0.502597
prunes,0.502597
rashkill,0.502597
rushy,0.502597
seedlings,0.502597
shly,0.502597
shticks,0.502597
trumpeted,0.502597
twirled,0.502597
unrewarded,0.502597
weeny,0.502597
ALLIGATOR,0.502353
AUNTIE,0.502353
Abundant,0.502353
Afther,0.502353
Agin,0.502353
Alcott,0.502353
Awhere,0.502353
BABIES,0.502353
BEASTS,0.502353
BEAU,0.502353
BLACKBERRY,0.502353
BRAHMIN,0.502353
BUSH,0.502353
Beanstalk_,0.502353
Beater,0.502353
Begorra,0.502353
Bother,0.502353
Bridget,0.502353
Bryant,0.502353
CAMEL,0.502353
CASTLE,0.502353
CHERRY,0.502353
CHICK,0.502353
CHRISTMAS,0.502353
CITY,0.502353
CLOUD,0.502353
COCK,0.502353
COLCHESTER,0.502353
CORNFIELD,0.502353
COTTAGE,0.502353
COTYLEDONS,0.502353
COURTIERS,0.502353
CRIED,0.502353
Cage,0.502353
Canariensis,0.502353
Carriage,0.502353
Cinderella,0.502353
Cluck,0.502353
Columbkill,0.502353
Combine,0.502353
Cone,0.502353
Craping,0.502353
DAGDA,0.502353
DAVID,0.502353
DEWDROP,0.502353
DIAMOND,0.502353
DLE,0.502353
Deeply,0.502353
EARLY,0.502353
ELEPHANT,0.502353
ELVES,0.502353
EPAMINONDAS,0.502353
Everywhere,0.502353
FIELD,0.502353
FOOLED,0.502353
FORTUNE,0.502353
Fan,0.502353
Fashter,0.502353
Flax,0.502353
Fomorian,0.502353
GINGERBREAD,0.502353
GOLD,0.502353
GOLIATH,0.502353
GOTTLIEB,0.502353
GULLS,0.502353
Goodwill,0.502353
HARP,0.502353
HIDDEN,0.502353
HIN,0.502353
Hans,0.502353
Hoppity,0.502353
Hurry,0.502353
Imitation,0.502353
Intil,0.502353
JACKALS,0.502353
JEALOUS,0.502353
Johann,0.502353
KILLED,0.502353
KINGDOM,0.502353
LAKE,0.502353
LARKS,0.502353
LION,0.502353
MARGARET,0.502353
MOSES,0.502353
NARCISSUS,0.502353
NIGHTINGALE,0.502353
Nice,0.502353
ORCHARD,0.502353
ORLEANS,0.502353
Olive,0.502353
Ould,0.502353
PICCOLA,0.502353
PRIMROSE,0.502353
PRINCE,0.502353
Palm,0.502353
Peas,0.502353
Plants,0.502353
Poke,0.502353
Pouf,0.502353
Progress_,0.502353
Promptly,0.502353
Protector,0.502353
RHYME,0.502353
RID,0.502353
RIDDLES,0.502353
ROAD,0.502353
ROLLAROUND,0.502353
Rockies,0.502353
Rosses,0.502353
SAVED,0.502353
SERVANTS,0.502353
SHOEMAKER,0.502353
SICILY,0.502353
SUN,0.502353
Saftly,0.502353
Seeds,0.502353
Shpread,0.502353
Shure,0.502353
Skylark,0.502353
Slieveleague,0.502353
Slower,0.502353
Sorra,0.502353
Sower,0.502353
Splash,0.502353
TAILOR,0.502353
TALKATIVE,0.502353
TORTOISE,0.502353
TULIP,0.502353
TY,0.502353
Tap,0.502353
Tha,0.502353
Thimpin,0.502353
Thin,0.502353
Tiny,0.502353
Tough,0.502353
Tree_,0.502353
WOLF,0.502353
Wallflowers,0.502353
Warmer,0.502353
Week,0.502353
Whiff,0.502353
Whirling,0.502353
Widout,0.502353
Wilhelm,0.502353
Women_,0.502353
YELLOW,0.502353
Yis,0.502353
[Stories,0.502353
_Cinderella_,0.502353
_Jack,0.502353
_Little,0.502353
_Pilgrim,0.502353
_So_,0.502353
_That,0.502353
_Who,0.502353
_allowing_,0.502353
_are_,0.502353
_exceedingly_,0.502353
_glu,0.502353
_horses_,0.502353
_how_,0.502353
_idea_,0.502353
_indeed_,0.502353
_legends_,0.502353
_like_,0.502353
_miaouw_,0.502353
_much_,0.502353
_myself_,0.502353
_on,0.502353
_pop,0.502353
_puff,0.502353
_puppy,0.502353
_rank_,0.502353
_real,0.502353
_roar_,0.502353
_something_,0.502353
_too_,0.502353
_true_,0.502353
_walk_,0.502353
_water_,0.502353
_whir,0.502353
_winch_,0.502353
_you,0.502353
_yours_,0.502353
acorns,0.502353
adaptation,0.502353
afther,0.502353
aisles,0.502353
alane,0.502353
alang,0.502353
asters,0.502353
b,0.502353
bakery,0.502353
bame,0.502353
banyan,0.502353
beetroot,0.502353
betho,0.502353
bile,0.502353
biled,0.502353
braid,0.502353
brathe,0.502353
catchers,0.502353
chinned,0.502353
cloaks,0.502353
cooed,0.502353
courtyard,0.502353
crate,0.502353
creeper,0.502353
cress,0.502353
criss,0.502353
crusty,0.502353
cudgel,0.502353
cultivating,0.502353
curlews,0.502353
dag,0.502353
degree_,0.502353
dewdrop,0.502353
diaries,0.502353
dog_,0.502353
dreamland,0.502353
endive,0.502353
everydayish,0.502353
farmyard,0.502353
farrum,0.502353
fertilising,0.502353
fistful,0.502353
fizzing,0.502353
foamed,0.502353
foine,0.502353
footpaths,0.502353
forefeet,0.502353
glu,0.502353
glug_,0.502353
gobble,0.502353
grovelling,0.502353
gwine,0.502353
harrum,0.502353
hild,0.502353
him_,0.502353
hivy,0.502353
humblest,0.502353
imitates,0.502353
imploring,0.502353
imploringly,0.502353
ingale,0.502353
instid,0.502353
ironed,0.502353
irrigating,0.502353
jeers,0.502353
ker,0.502353
knowed,0.502353
labels,0.502353
latched,0.502353
lept,0.502353
littlest,0.502353
lookin,0.502353
marigold,0.502353
marm,0.502353
menagerie,0.502353
misleads,0.502353
monocotyledonous,0.502353
moo,0.502353
mooing,0.502353
mountainside,0.502353
mountebank,0.502353
mouser,0.502353
nasturtiums,0.502353
naughtily,0.502353
nestles,0.502353
nks,0.502353
nosing,0.502353
nothin,0.502353
nuns,0.502353
oxeye,0.502353
package,0.502353
pancakes,0.502353
petals,0.502353
pies_,0.502353
piteously,0.502353
plundered,0.502353
pokes,0.502353
pop_,0.502353
pounced,0.502353
puff_,0.502353
pumpkin,0.502353
r_,0.502353
reproduction,0.502353
rereading,0.502353
rins,0.502353
rotted,0.502353
roundish,0.502353
rustle_,0.502353
s_,0.502353
sacked,0.502353
scaring,0.502353
schalted,0.502353
schame,0.502353
schared,0.502353
schissors,0.502353
schoolhouse,0.502353
scrambles,0.502353
scurried,0.502353
seat_,0.502353
shkin,0.502353
shlips,0.502353
shmotherin,0.502353
shnipped,0.502353
shnug,0.502353
shovelled,0.502353
shpied,0.502353
shtand,0.502353
shtands,0.502353
shtill,0.502353
shtring,0.502353
sniggered,0.502353
snip,0.502353
spinach,0.502353
springtime,0.502353
sprouted,0.502353
squirrels,0.502353
steams,0.502353
stitched,0.502353
stitches,0.502353
stocking,0.502353
sunflower,0.502353
sunflowers,0.502353
tarns,0.502353
throuble,0.502353
tinkled,0.502353
tiring,0.502353
treetops,0.502353
twad,0.502353
unbeknownst,0.502353
undisturbed,0.502353
unloaded,0.502353
unselfishness,0.502353
watchin,0.502353
wather,0.502353
whinny,0.502353
whiruled,0.502353
whisk,0.502353
whisper_,0.502353
workpeople,0.502353
worth_,0.502353
Nightingale,0.389675
Hen,0.38615
Elephant,0.384851
Camel,0.384665
Sicily,0.384665
Margaret,0.38448
Tortoise,0.38448
Rid,0.383552
Diamond,0.383367
fairies,0.383367
nightingale,0.383367
Otter,0.383181
millstones,0.383181
radish,0.383181
Fairy,0.38281
Larks,0.38281
Madrid,0.38281
Woodpecker,0.38281
blackberry,0.38281
hotter,0.38281
Beetle,0.382625
Frogs,0.382625
Herr,0.382625
Lark,0.382625
Lizard,0.382625
firewood,0.382625
gong,0.382625
mowers,0.382625
Wolf,0.382439
peas,0.382439
trenches,0.382439
worthless,0.382439
Israelitish,0.382254
STORY,0.382254
Sire,0.382254
TREE,0.382254
beet,0.382254
cheeses,0.382254
cupboard,0.382254
gallon,0.382254
nibble,0.382254
packages,0.382254
publisher,0.382254
raked,0.382254
repented,0.382254
sexton,0.382254
wid,0.382254
Butter,0.382068
Mirth,0.382068
Nicholas,0.382068
Sunshine,0.382068
Trooping,0.382068
bulrush,0.382068
chanting,0.382068
cornered,0.382068
diary,0.382068
doorstep,0.382068
ephah,0.382068
festivities,0.382068
floundered,0.382068
fluffy,0.382068
glen,0.382068
gobbled,0.382068
jiffy,0.382068
laundry,0.382068
leadeth,0.382068
petted,0.382068
pilgrimage,0.382068
pillows,0.382068
theatricals,0.382068
trickle,0.382068
tutor,0.382068
unveiled,0.382068
whin,0.382068
whisked,0.382068
ADVENTURES,0.381883
Agreed,0.381883
BROTHER,0.381883
Backward,0.381883
Boat,0.381883
Brahmins,0.381883
COUNTRY,0.381883
Carrots,0.381883
Civil,0.381883
Company,0.381883
Eleven,0.381883
FROG,0.381883
GIRL,0.381883
Gladly,0.381883
Goliath,0.381883
HALF,0.381883
Hello,0.381883
Highness,0.381883
Imitate,0.381883
JACK,0.381883
Jump,0.381883
Log,0.381883
Luck,0.381883
MISS,0.381883
OTTER,0.381883
Owl,0.381883
Protestants,0.381883
Pshaw,0.381883
RABBIT,0.381883
Rank,0.381883
SEA,0.381883
SHEPHERD,0.381883
Sara,0.381883
Singer,0.381883
Smart,0.381883
Stealing,0.381883
Striving,0.381883
TEN,0.381883
TIGER,0.381883
Teach,0.381883
Thinks,0.381883
Thousands,0.381883
WHALE,0.381883
WIND,0.381883
Wondering,0.381883
_May_,0.381883
_The,0.381883
_all_,0.381883
_and_,0.381883
_can_,0.381883
_not_,0.381883
ablaze,0.381883
affably,0.381883
alight,0.381883
anointest,0.381883
asylums,0.381883
banqueting,0.381883
battlefield,0.381883
bobbing,0.381883
braiding,0.381883
budge,0.381883
bulrushes,0.381883
calico,0.381883
candlesticks,0.381883
carrots,0.381883
casteth,0.381883
castors,0.381883
chieftain,0.381883
chieftains,0.381883
childlike,0.381883
choir,0.381883
choruses,0.381883
cleverly,0.381883
cluck,0.381883
coaxing,0.381883
contentedly,0.381883
cornfield,0.381883
courtier,0.381883
crispy,0.381883
crossly,0.381883
crunched,0.381883
customers,0.381883
daubed,0.381883
dimpling,0.381883
dismounted,0.381883
distasteful,0.381883
dizziness,0.381883
doll,0.381883
dozens,0.381883
drawl,0.381883
drooped,0.381883
earning,0.381883
embarrassing,0.381883
emeralds,0.381883
emperors,0.381883
espy,0.381883
eyrie,0.381883
feelers,0.381883
fixedly,0.381883
fooling,0.381883
forefathers,0.381883
forepaws,0.381883
foxes,0.381883
godmother,0.381883
gorged,0.381883
grandly,0.381883
greaves,0.381883
hatched,0.381883
hermits,0.381883
hilltop,0.381883
hollyhocks,0.381883
hullabaloo,0.381883
humiliate,0.381883
huts,0.381883
implement,0.381883
killeth,0.381883
kingship,0.381883
kneaded,0.381883
larkspur,0.381883
lieve,0.381883
lions,0.381883
loftily,0.381883
manoeuvring,0.381883
massy,0.381883
mixtures,0.381883
mosses,0.381883
nasturtium,0.381883
needing,0.381883
nightingales,0.381883
nurseries,0.381883
parsnips,0.381883
pats,0.381883
pecks,0.381883
plying,0.381883
poking,0.381883
pony,0.381883
posies,0.381883
pouch,0.381883
preparest,0.381883
prickly,0.381883
princesses,0.381883
rambles,0.381883
restoreth,0.381883
ripen,0.381883
runneth,0.381883
salads,0.381883
sausages,0.381883
saveth,0.381883
scalded,0.381883
shank,0.381883
sheepskin,0.381883
sincerest,0.381883
skipped,0.381883
sledges,0.381883
smoothing,0.381883
soared,0.381883
somersault,0.381883
spelt,0.381883
spouted,0.381883
sprinkle,0.381883
sprouting,0.381883
sticky,0.381883
stoned,0.381883
substitutes,0.381883
suffocate,0.381883
swirling,0.381883
teams,0.381883
tempts,0.381883
thankless,0.381883
tighter,0.381883
tomato,0.381883
tracked,0.381883
trait,0.381883
tramped,0.381883
trice,0.381883
truck,0.381883
trundling,0.381883
unfastened,0.381883
unkempt,0.381883
unselfish,0.381883
vesper,0.381883
waft,0.381883
wheelbarrow,0.381883
wickedly,0.381883
wretches,0.381883
wroth,0.381883
youngster,0.381883
David,0.317615
courtiers,0.31474
Louisa,0.313832
Philistine,0.31353
Whale,0.31353
Child,0.313076
crabs,0.313076
Wind,0.312925
shoemaker,0.312925
Cloud,0.312773
Israelites,0.312622
Rabbit,0.312622
figs,0.312622
lettuce,0.312471
Chamberlain,0.31232
gulls,0.31232
jungle,0.31232
ain,0.312168
babies,0.312168
elves,0.312168
salad,0.312168
villagers,0.312168
Aha,0.312017
Orleans,0.312017
Papa,0.312017
Philistines,0.312017
Water,0.312017
princess,0.312017
Duck,0.311866
Goose,0.311866
HOW,0.311866
Music,0.311866
Rain,0.311866
bumped,0.311866
crops,0.311866
crouched,0.311866
emperor,0.311866
hammering,0.311866
keyhole,0.311866
loft,0.311866
mamma,0.311866
sew,0.311866
swifter,0.311866
waltz,0.311866
Denmark,0.311714
beans,0.311714
juicy,0.311714
loaves,0.311714
necklace,0.311714
nibbled,0.311714
selfsame,0.311714
sledge,0.311714
steeple,0.311714
stitch,0.311714
tub,0.311714
weeding,0.311714
Bread,0.311563
Cook,0.311563
Finger,0.311563
Instantly,0.311563
Loose,0.311563
Northern,0.311563
Odin,0.311563
Pooh,0.311563
Psalms,0.311563
Says,0.311563
Thumb,0.311563
WHO,0.311563
Wealth,0.311563
bothered,0.311563
braced,0.311563
cellar,0.311563
chant,0.311563
chords,0.311563
convent,0.311563
cruelly,0.311563
customer,0.311563
daren,0.311563
fireworks,0.311563
grasses,0.311563
grumbled,0.311563
harnessed,0.311563
harrow,0.311563
headstrong,0.311563
hillside,0.311563
housework,0.311563
jars,0.311563
majestic,0.311563
marvellously,0.311563
oven,0.311563
overjoyed,0.311563
photograph,0.311563
pioneers,0.311563
robed,0.311563
shoots,0.311563
sneered,0.311563
starving,0.311563
steered,0.311563
sunbeams,0.311563
tease,0.311563
trench,0.311563
uncles,0.311563
wagons,0.311563
whimpering,0.311563
ABOUT,0.311412
ANOTHER,0.311412
Afterward,0.311412
Around,0.311412
BOY,0.311412
Carefully,0.311412
Catholics,0.311412
Clever,0.311412
Dig,0.311412
Endless,0.311412
GARDEN,0.311412
Gath,0.311412
Guide,0.311412
H,0.311412
Huh,0.311412
Hullo,0.311412
Isn,0.311412
Lake,0.311412
Lived,0.311412
MAN,0.311412
NEW,0.311412
Putting,0.311412
ROBERT,0.311412
River,0.311412
Royal,0.311412
SONG,0.311412
Sad,0.311412
Sh,0.311412
Simple,0.311412
THREE,0.311412
Weather,0.311412
Wicked,0.311412
_he_,0.311412
adds,0.311412
anecdote,0.311412
bloodshed,0.311412
bother,0.311412
bridled,0.311412
burly,0.311412
carcasses,0.311412
challenged,0.311412
chaps,0.311412
chick,0.311412
chocolate,0.311412
churchyard,0.311412
cinder,0.311412
clash,0.311412
cleaned,0.311412
clump,0.311412
cobwebs,0.311412
craggy,0.311412
cricket,0.311412
crossness,0.311412
dame,0.311412
drought,0.311412
dwindle,0.311412
factory,0.311412
fetters,0.311412
firelight,0.311412
forbore,0.311412
frightfully,0.311412
frogs,0.311412
fumed,0.311412
gem,0.311412
girded,0.311412
grandmothers,0.311412
grants,0.311412
greenness,0.311412
gruffly,0.311412
gull,0.311412
halls,0.311412
hammered,0.311412
harness,0.311412
helps,0.311412
hospital,0.311412
hosts,0.311412
howls,0.311412
humped,0.311412
illumined,0.311412
journeyed,0.311412
ken,0.311412
labelled,0.311412
lashed,0.311412
longingly,0.311412
madly,0.311412
maketh,0.311412
manger,0.311412
marigolds,0.311412
melts,0.311412
mice,0.311412
miller,0.311412
mines,0.311412
mouthful,0.311412
muddle,0.311412
nap,0.311412
parsley,0.311412
peculiarity,0.311412
perched,0.311412
pinched,0.311412
pioneer,0.311412
piped,0.311412
plodding,0.311412
ploughman,0.311412
poisoned,0.311412
pounding,0.311412
propped,0.311412
prospered,0.311412
prune,0.311412
r,0.311412
raisins,0.311412
raking,0.311412
ramble,0.311412
realised,0.311412
rebuked,0.311412
reprove,0.311412
revengeful,0.311412
righteousness,0.311412
rocked,0.311412
shaky,0.311412
smothered,0.311412
snorted,0.311412
soaring,0.311412
sorted,0.311412
spicy,0.311412
starvation,0.311412
steer,0.311412
stork,0.311412
stormed,0.311412
streamed,0.311412
swarms,0.311412
tainted,0.311412
target,0.311412
taunting,0.311412
thanksgiving,0.311412
trappers,0.311412
vane,0.311412
wailed,0.311412
waxed,0.311412
weaver,0.311412
weaving,0.311412
wheeled,0.311412
willed,0.311412
wove,0.311412
wriggling,0.311412
Mouse,0.267762
tailor,0.267127
Tiger,0.265603
hermit,0.264714
Fox,0.264587
Robert,0.26446
fox,0.264206
Moon,0.263952
Saul,0.262936
deer,0.262428
Dublin,0.262301
bade,0.262301
drum,0.262174
pairs,0.262174
puppy,0.262174
Jove,0.262047
Roll,0.262047
asylum,0.262047
beautifully,0.262047
perch,0.262047
armour,0.26192
maidens,0.26192
vegetables,0.26192
Babe,0.261793
Eagle,0.261793
Heavenly,0.261793
crust,0.261793
dizzy,0.261793
doo,0.261793
dug,0.261793
poked,0.261793
rake,0.261793
Stars,0.261666
birch,0.261666
chicken,0.261666
chickens,0.261666
dainty,0.261666
dungeon,0.261666
footpath,0.261666
hopped,0.261666
loaf,0.261666
needles,0.261666
recognised,0.261666
sliding,0.261666
toys,0.261666
warrior,0.261666
Canterbury,0.261539
RED,0.261539
Slowly,0.261539
Wee,0.261539
_was_,0.261539
berries,0.261539
comest,0.261539
commenced,0.261539
dawned,0.261539
farmhouse,0.261539
gingerbread,0.261539
grunted,0.261539
hotels,0.261539
impostor,0.261539
mince,0.261539
monks,0.261539
nicest,0.261539
pane,0.261539
pricked,0.261539
reapers,0.261539
relatives,0.261539
roadside,0.261539
rulers,0.261539
seam,0.261539
sewed,0.261539
shouts,0.261539
shuts,0.261539
sling,0.261539
sparkled,0.261539
stalked,0.261539
stumbling,0.261539
swamp,0.261539
trains,0.261539
vegetable,0.261539
wayside,0.261539
BROWN,0.261412
Beg,0.261412
Bright,0.261412
Castle,0.261412
Cat,0.261412
Choose,0.261412
Doth,0.261412
Forth,0.261412
Germany,0.261412
Happily,0.261412
Hebrew,0.261412
Hebrews,0.261412
Honest,0.261412
KING,0.261412
Learn,0.261412
Lights,0.261412
Maybe,0.261412
Mississippi,0.261412
N,0.261412
Outside,0.261412
Perfect,0.261412
Reading,0.261412
Salt,0.261412
Straight,0.261412
TRUE,0.261412
Thee,0.261412
Together,0.261412
Twice,0.261412
Watching,0.261412
_I_,0.261412
absorbed,0.261412
aching,0.261412
apes,0.261412
aprons,0.261412
assistants,0.261412
bachelor,0.261412
barrels,0.261412
bestir,0.261412
bin,0.261412
blankets,0.261412
bony,0.261412
bowls,0.261412
braces,0.261412
briers,0.261412
brink,0.261412
broom,0.261412
bunches,0.261412
cabins,0.261412
caressed,0.261412
chuckled,0.261412
clods,0.261412
comforting,0.261412
commence,0.261412
contrivance,0.261412
cooked,0.261412
cooking,0.261412
cooling,0.261412
corridors,0.261412
croaking,0.261412
dainties,0.261412
deformed,0.261412
devour,0.261412
disobey,0.261412
dissatisfied,0.261412
drawer,0.261412
enclosure,0.261412
experiences,0.261412
fascinating,0.261412
fights,0.261412
finely,0.261412
flapping,0.261412
flashes,0.261412
footmen,0.261412
fragrant,0.261412
gardeners,0.261412
gathers,0.261412
gnawed,0.261412
governing,0.261412
grumbling,0.261412
guardians,0.261412
handles,0.261412
hardest,0.261412
herring,0.261412
highway,0.261412
hire,0.261412
hobbling,0.261412
hoe,0.261412
horsemen,0.261412
hut,0.261412
interpose,0.261412
jewel,0.261412
kennel,0.261412
kiln,0.261412
label,0.261412
laps,0.261412
meekness,0.261412
melody,0.261412
moan,0.261412
moss,0.261412
naughty,0.261412
onions,0.261412
outspread,0.261412
papa,0.261412
parks,0.261412
pitiless,0.261412
pleaded,0.261412
ploughs,0.261412
plum,0.261412
poorer,0.261412
popped,0.261412
prettiest,0.261412
processions,0.261412
puffed,0.261412
queens,0.261412
quivered,0.261412
rainbow,0.261412
rains,0.261412
riders,0.261412
rubies,0.261412
scared,0.261412
scraps,0.261412
sentry,0.261412
sharpest,0.261412
shouldered,0.261412
slunk,0.261412
smother,0.261412
snout,0.261412
sob,0.261412
softer,0.261412
sown,0.261412
sprout,0.261412
stumps,0.261412
surf,0.261412
swarming,0.261412
tasks,0.261412
teacher,0.261412
thankfully,0.261412
tightened,0.261412
treats,0.261412
trousers,0.261412
tugging,0.261412
twos,0.261412
vacantly,0.261412
vagabond,0.261412
valueless,0.261412
wagon,0.261412
warnings,0.261412
wayward,0.261412
wildness,0.261412
worker,0.261412
prince,0.225982
cage,0.224684
Country,0.224035
plough,0.223927
crab,0.223819
Field,0.223711
Israel,0.223711
donkey,0.223711
seeds,0.223711
shiny,0.223494
grind,0.223386
kettle,0.223386
Solomon,0.22317
Wait,0.22317
barn,0.22317
broth,0.22317
bubbles,0.22317
heavenly,0.22317
mill,0.22317
prick,0.22317
wolf,0.22317
Chief,0.223062
camp,0.223062
mast,0.223062
sailed,0.223062
tap,0.223062
Brown,0.222954
Fire,0.222954
War,0.222954
_,0.222954
ape,0.222954
caps,0.222954
dears,0.222954
flour,0.222954
lords,0.222954
mail,0.222954
marvellous,0.222954
orphan,0.222954
postman,0.222954
prayed,0.222954
slew,0.222954
slower,0.222954
stem,0.222954
woke,0.222954
Until,0.222845
beak,0.222845
cooled,0.222845
cord,0.222845
lambs,0.222845
overtake,0.222845
parched,0.222845
pies,0.222845
ploughing,0.222845
scissors,0.222845
slung,0.222845
tunes,0.222845
wages,0.222845
wrap,0.222845
Across,0.222737
Easter,0.222737
Egypt,0.222737
Egyptians,0.222737
Moses,0.222737
Ring,0.222737
apron,0.222737
banner,0.222737
barley,0.222737
brace,0.222737
bronze,0.222737
buds,0.222737
cave,0.222737
cheery,0.222737
conquer,0.222737
diamonds,0.222737
dove,0.222737
eel,0.222737
gladness,0.222737
gleamed,0.222737
gray,0.222737
greet,0.222737
hardship,0.222737
investigate,0.222737
jerked,0.222737
lance,0.222737
messengers,0.222737
orphans,0.222737
pike,0.222737
platform,0.222737
pop,0.222737
scanty,0.222737
schools,0.222737
shines,0.222737
shivering,0.222737
shoe,0.222737
silken,0.222737
smelt,0.222737
sobbed,0.222737
sow,0.222737
sparrow,0.222737
thirsty,0.222737
tightly,0.222737
timidly,0.222737
transformed,0.222737
tugged,0.222737
twinkle,0.222737
weariness,0.222737
whirlpool,0.222737
worshipping,0.222737
Central,0.222629
China,0.222629
Clouds,0.222629
Consequently,0.222629
Deep,0.222629
Inside,0.222629
Jews,0.222629
Led,0.222629
Off,0.222629
Pity,0.222629
Show,0.222629
Sisters,0.222629
Snow,0.222629
Tears,0.222629
Trust,0.222629
adviser,0.222629
afternoons,0.222629
annoyed,0.222629
approaches,0.222629
artistic,0.222629
baggage,0.222629
bang,0.222629
baser,0.222629
beckoning,0.222629
bits,0.222629
breasts,0.222629
buzzing,0.222629
casts,0.222629
circled,0.222629
clang,0.222629
clothe,0.222629
comrade,0.222629
costly,0.222629
crumbs,0.222629
curved,0.222629
daisies,0.222629
dazzling,0.222629
deliverance,0.222629
delivery,0.222629
designed,0.222629
despaired,0.222629
devoured,0.222629
digging,0.222629
diligently,0.222629
dismayed,0.222629
drawers,0.222629
dresses,0.222629
eastern,0.222629
elm,0.222629
eve,0.222629
everyone,0.222629
faithfully,0.222629
fastened,0.222629
fasting,0.222629
fertile,0.222629
fore,0.222629
frankness,0.222629
fret,0.222629
grudge,0.222629
hadn,0.222629
hardness,0.222629
hem,0.222629
herd,0.222629
hovering,0.222629
hurting,0.222629
icy,0.222629
imitate,0.222629
insignificant,0.222629
inspiration,0.222629
keepers,0.222629
kindest,0.222629
leans,0.222629
legends,0.222629
log,0.222629
loveliest,0.222629
lunch,0.222629
madman,0.222629
maiden,0.222629
memories,0.222629
moist,0.222629
monument,0.222629
monuments,0.222629
motions,0.222629
mustard,0.222629
nail,0.222629
noonday,0.222629
palms,0.222629
pear,0.222629
peasant,0.222629
peeping,0.222629
pigeon,0.222629
pilgrims,0.222629
pondered,0.222629
pose,0.222629
provisions,0.222629
radiance,0.222629
ransom,0.222629
rattle,0.222629
redder,0.222629
reeds,0.222629
refresh,0.222629
refreshed,0.222629
remembers,0.222629
rescued,0.222629
responded,0.222629
rewarded,0.222629
richest,0.222629
ridges,0.222629
rivers,0.222629
robber,0.222629
robbers,0.222629
saddled,0.222629
sap,0.222629
scrambling,0.222629
scratched,0.222629
searching,0.222629
shovel,0.222629
shutter,0.222629
singers,0.222629
sinned,0.222629
sleepers,0.222629
slid,0.222629
slim,0.222629
slimy,0.222629
slipping,0.222629
smite,0.222629
spray,0.222629
stair,0.222629
startling,0.222629
stony,0.222629
stripped,0.222629
strokes,0.222629
suits,0.222629
sup,0.222629
swimming,0.222629
tapping,0.222629
throbbing,0.222629
tramp,0.222629
transfigured,0.222629
transplanted,0.222629
trunks,0.222629
waistcoats,0.222629
warfare,0.222629
wears,0.222629
weave,0.222629
welfare,0.222629
whipped,0.222629
wills,0.222629
wistfully,0.222629
Tree,0.193539
Lion,0.193446
castle,0.192704
City,0.19224
LITTLE,0.192147
sugar,0.192054
paw,0.191869
wee,0.191869
Christ,0.191683
Majesty,0.191683
funny,0.191683
grain,0.191498
robes,0.191405
warriors,0.191405
folk,0.191312
grinding,0.191312
haired,0.191312
mouse,0.191312
plays,0.191312
praying,0.191312
sceptre,0.191312
Fortune,0.19122
afterward,0.19122
banquet,0.19122
biggest,0.19122
crawled,0.19122
dragged,0.19122
earned,0.19122
monster,0.19122
snail,0.19122
America,0.191127
ME,0.191127
cows,0.191127
crafty,0.191127
fig,0.191127
floating,0.191127
kneeling,0.191127
knelt,0.191127
mane,0.191127
nicely,0.191127
ocean,0.191127
overhead,0.191127
ploughed,0.191127
pond,0.191127
rays,0.191127
rustling,0.191127
shadowy,0.191127
shawl,0.191127
shield,0.191127
spear,0.191127
spears,0.191127
Everybody,0.191034
Really,0.191034
attacked,0.191034
axe,0.191034
bags,0.191034
champion,0.191034
chances,0.191034
cousins,0.191034
cultivated,0.191034
edged,0.191034
flown,0.191034
gigantic,0.191034
greedy,0.191034
hammers,0.191034
helmet,0.191034
housekeeper,0.191034
journeys,0.191034
legend,0.191034
melt,0.191034
nuts,0.191034
owl,0.191034
pastures,0.191034
patches,0.191034
peep,0.191034
punished,0.191034
ray,0.191034
reap,0.191034
remarkably,0.191034
sailing,0.191034
serving,0.191034
shudder,0.191034
sinking,0.191034
smoothly,0.191034
someone,0.191034
spade,0.191034
starved,0.191034
stride,0.191034
sturdy,0.191034
swelled,0.191034
tiger,0.191034
tire,0.191034
toes,0.191034
tremendous,0.191034
trimmed,0.191034
trod,0.191034
unto,0.191034
waits,0.191034
weed,0.191034
wither,0.191034
wolves,0.191034
Atlantic,0.190941
Behind,0.190941
Directly,0.190941
Flowers,0.190941
HIS,0.190941
Often,0.190941
Said,0.190941
Somehow,0.190941
Sword,0.190941
WAS,0.190941
affectation,0.190941
arriving,0.190941
barely,0.190941
bathe,0.190941
beetle,0.190941
blamed,0.190941
blazing,0.190941
blessings,0.190941
boil,0.190941
bolted,0.190941
bonds,0.190941
boughs,0.190941
buckle,0.190941
butterfly,0.190941
calf,0.190941
cathedral,0.190941
celebrate,0.190941
cells,0.190941
cling,0.190941
crosses,0.190941
currants,0.190941
curses,0.190941
disappointment,0.190941
disturbing,0.190941
drowsy,0.190941
drunken,0.190941
edges,0.190941
envelope,0.190941
fainting,0.190941
fan,0.190941
fewer,0.190941
flashed,0.190941
flaw,0.190941
flourished,0.190941
fluttering,0.190941
foolishly,0.190941
grandmother,0.190941
handful,0.190941
harvest,0.190941
hay,0.190941
healing,0.190941
hearth,0.190941
homeward,0.190941
illness,0.190941
impressions,0.190941
improvement,0.190941
impudent,0.190941
incense,0.190941
inland,0.190941
jerk,0.190941
knowest,0.190941
labours,0.190941
languid,0.190941
lid,0.190941
loaded,0.190941
loads,0.190941
lump,0.190941
nests,0.190941
ornamented,0.190941
parcels,0.190941
park,0.190941
pasture,0.190941
peg,0.190941
performing,0.190941
pet,0.190941
planets,0.190941
plump,0.190941
pound,0.190941
preached,0.190941
protect,0.190941
puff,0.190941
reaping,0.190941
repentance,0.190941
riches,0.190941
rob,0.190941
rocky,0.190941
roofs,0.190941
rosy,0.190941
sacrificed,0.190941
sakes,0.190941
scolded,0.190941
scolding,0.190941
shady,0.190941
silvery,0.190941
singularly,0.190941
sleeps,0.190941
slide,0.190941
slime,0.190941
snows,0.190941
starry,0.190941
stool,0.190941
streaming,0.190941
striding,0.190941
struggles,0.190941
stumbled,0.190941
stupidity,0.190941
text,0.190941
thankful,0.190941
thorn,0.190941
threshold,0.190941
thump,0.190941
tormented,0.190941
tumult,0.190941
unkind,0.190941
unlocked,0.190941
visitor,0.190941
vivid,0.190941
wailing,0.190941
wand,0.190941
warmed,0.190941
wars,0.190941
watering,0.190941
wondrous,0.190941
wrinkled,0.190941
Emperor,0.167579
tiny,0.166303
giant,0.165745
statue,0.165426
lazy,0.165346
fairy,0.165266
stories,0.165107
corn,0.165027
Presently,0.164867
soldiers,0.164867
rope,0.164788
royal,0.164788
ahead,0.164708
farmer,0.164708
anyone,0.164628
cheese,0.164628
seed,0.164628
traveller,0.164628
weeds,0.164628
wheat,0.164628
Pope,0.164548
candles,0.164548
giants,0.164548
lake,0.164548
nodding,0.164548
shell,0.164548
twigs,0.164548
Open,0.164469
Suddenly,0.164469
industrious,0.164469
leaped,0.164469
messenger,0.164469
portrait,0.164469
tight,0.164469
Finally,0.164389
Friend,0.164389
Latin,0.164389
beam,0.164389
floated,0.164389
greeted,0.164389
jacket,0.164389
olive,0.164389
IN,0.164309
birthday,0.164309
build,0.164309
celestial,0.164309
churches,0.164309
climbed,0.164309
colder,0.164309
crazy,0.164309
crystal,0.164309
din,0.164309
flags,0.164309
grasp,0.164309
locks,0.164309
pan,0.164309
rider,0.164309
rode,0.164309
ruddy,0.164309
services,0.164309
smoked,0.164309
splash,0.164309
ungrateful,0.164309
wickedness,0.164309
Angel,0.164229
Ho,0.164229
Send,0.164229
airy,0.164229
bonnet,0.164229
bull,0.164229
cock,0.164229
darling,0.164229
dived,0.164229
dragging,0.164229
fowls,0.164229
greeting,0.164229
grove,0.164229
homes,0.164229
improved,0.164229
inches,0.164229
jar,0.164229
mothers,0.164229
needle,0.164229
nigh,0.164229
obliging,0.164229
obtained,0.164229
oil,0.164229
pages,0.164229
peeped,0.164229
pushing,0.164229
released,0.164229
remarked,0.164229
remind,0.164229
ruled,0.164229
saddle,0.164229
saluted,0.164229
serpent,0.164229
sins,0.164229
smelling,0.164229
smote,0.164229
snap,0.164229
strangest,0.164229
swam,0.164229
swung,0.164229
tent,0.164229
trailing,0.164229
trampled,0.164229
transported,0.164229
trusting,0.164229
velvet,0.164229
waving,0.164229
western,0.164229
wider,0.164229
wits,0.164229
Anything,0.16415
Beauty,0.16415
Ever,0.16415
Exactly,0.16415
Help,0.16415
MY,0.16415
Peter,0.16415
Sleep,0.16415
Spanish,0.16415
Sweet,0.16415
TWO,0.16415
Temple,0.16415
Yea,0.16415
amongst,0.16415
arrangement,0.16415
array,0.16415
badly,0.16415
baked,0.16415
befall,0.16415
behaved,0.16415
blades,0.16415
blinding,0.16415
bridge,0.16415
candle,0.16415
challenge,0.16415
chanced,0.16415
cherish,0.16415
chest,0.16415
childish,0.16415
clapped,0.16415
climate,0.16415
closet,0.16415
cloth,0.16415
clothing,0.16415
corrupt,0.16415
cups,0.16415
dash,0.16415
depended,0.16415
despite,0.16415
diamond,0.16415
discontented,0.16415
disdained,0.16415
ensued,0.16415
excess,0.16415
expense,0.16415
finer,0.16415
fist,0.16415
flattery,0.16415
fluttered,0.16415
forests,0.16415
forthwith,0.16415
fourteen,0.16415
frantic,0.16415
freed,0.16415
fro,0.16415
gaily,0.16415
glee,0.16415
glistening,0.16415
gossip,0.16415
grasped,0.16415
grin,0.16415
growled,0.16415
harmony,0.16415
heights,0.16415
ho,0.16415
hop,0.16415
household,0.16415
husbands,0.16415
joyful,0.16415
knitting,0.16415
laden,0.16415
lo,0.16415
lowly,0.16415
metal,0.16415
mornings,0.16415
murmured,0.16415
murmuring,0.16415
musician,0.16415
noticing,0.16415
occur,0.16415
orange,0.16415
overtook,0.16415
perish,0.16415
pillow,0.16415
plains,0.16415
planned,0.16415
preaching,0.16415
rang,0.16415
rapture,0.16415
reader,0.16415
region,0.16415
rescue,0.16415
resemble,0.16415
resolve,0.16415
respecting,0.16415
rubbing,0.16415
sadness,0.16415
scornfully,0.16415
scratch,0.16415
scratching,0.16415
selfishness,0.16415
shallow,0.16415
shells,0.16415
ships,0.16415
signed,0.16415
skull,0.16415
snapped,0.16415
soberly,0.16415
soothe,0.16415
specially,0.16415
spending,0.16415
splashed,0.16415
stature,0.16415
steam,0.16415
stocks,0.16415
striving,0.16415
submission,0.16415
sunny,0.16415
surprising,0.16415
tattered,0.16415
tearing,0.16415
temporary,0.16415
thirst,0.16415
villages,0.16415
vine,0.16415
violet,0.16415
vowed,0.16415
wasting,0.16415
wax,0.16415
wherein,0.16415
whistled,0.16415
big,0.145598
Boy,0.142722
bag,0.142311
Jack,0.141969
couldn,0.141832
AND,0.141695
didn,0.141626
roll,0.141626
cloak,0.141421
orchard,0.141421
Run,0.141352
Sun,0.141352
animals,0.141352
armies,0.141352
army,0.141352
cane,0.141352
cover,0.141352
hundreds,0.141352
neighbours,0.141352
soil,0.141352
Surely,0.141284
farm,0.141284
kingdom,0.141284
nod,0.141284
rows,0.141284
shelf,0.141284
wasn,0.141284
crack,0.141215
pile,0.141215
splendid,0.141215
terribly,0.141215
trap,0.141215
treasure,0.141215
brave,0.141147
burned,0.141147
bushes,0.141147
cake,0.141147
dig,0.141147
hunt,0.141147
isn,0.141147
kitchen,0.141147
strip,0.141147
towers,0.141147
workmen,0.141147
delicious,0.141078
earn,0.141078
exalted,0.141078
jewels,0.141078
kicked,0.141078
lessons,0.141078
lit,0.141078
nest,0.141078
position,0.141078
selfish,0.141078
spun,0.141078
stable,0.141078
steed,0.141078
Early,0.14101
Europe,0.14101
France,0.14101
Holy,0.14101
Hush,0.14101
Law,0.14101
Please,0.14101
Stay,0.14101
Twas,0.14101
awoke,0.14101
beach,0.14101
begging,0.14101
captain,0.14101
chains,0.14101
chased,0.14101
choked,0.14101
clerk,0.14101
crushed,0.14101
cup,0.14101
dawn,0.14101
deeds,0.14101
defied,0.14101
deliver,0.14101
doesn,0.14101
dreary,0.14101
drooping,0.14101
fir,0.14101
gazed,0.14101
hesitated,0.14101
hind,0.14101
holiday,0.14101
honoured,0.14101
horns,0.14101
keeps,0.14101
kissed,0.14101
ladder,0.14101
lamb,0.14101
lands,0.14101
marched,0.14101
modesty,0.14101
noon,0.14101
piled,0.14101
proudly,0.14101
ragged,0.14101
richly,0.14101
robe,0.14101
screen,0.14101
shelves,0.14101
stayed,0.14101
sticking,0.14101
store,0.14101
straw,0.14101
streams,0.14101
surface,0.14101
thread,0.14101
track,0.14101
travellers,0.14101
verse,0.14101
victory,0.14101
waved,0.14101
weeping,0.14101
worry,0.14101
Court,0.140941
Everything,0.140941
Except,0.140941
Irish,0.140941
Mrs,0.140941
Ocean,0.140941
Rather,0.140941
Wise,0.140941
Ye,0.140941
acknowledged,0.140941
amid,0.140941
angrily,0.140941
argued,0.140941
arguing,0.140941
assembly,0.140941
audience,0.140941
awkward,0.140941
banks,0.140941
bargain,0.140941
battles,0.140941
believes,0.140941
bleed,0.140941
bounds,0.140941
brightest,0.140941
brood,0.140941
burden,0.140941
carpet,0.140941
cat,0.140941
clung,0.140941
combat,0.140941
congratulate,0.140941
contrived,0.140941
countries,0.140941
crawling,0.140941
creep,0.140941
curled,0.140941
curtains,0.140941
damp,0.140941
dares,0.140941
darted,0.140941
den,0.140941
disdain,0.140941
distressed,0.140941
dragon,0.140941
dusk,0.140941
evenings,0.140941
faintly,0.140941
feathers,0.140941
fiercely,0.140941
fifth,0.140941
flag,0.140941
flattered,0.140941
flowed,0.140941
flowing,0.140941
forgiven,0.140941
fork,0.140941
glancing,0.140941
glowed,0.140941
grieved,0.140941
groaning,0.140941
happening,0.140941
happiest,0.140941
hats,0.140941
hides,0.140941
hints,0.140941
honey,0.140941
horseback,0.140941
humbly,0.140941
humility,0.140941
hunger,0.140941
jolly,0.140941
keys,0.140941
kiss,0.140941
lined,0.140941
longing,0.140941
marble,0.140941
measured,0.140941
mist,0.140941
moderation,0.140941
moonlight,0.140941
moves,0.140941
painfully,0.140941
paths,0.140941
peering,0.140941
penny,0.140941
pierced,0.140941
pitied,0.140941
placing,0.140941
plot,0.140941
pockets,0.140941
politely,0.140941
porch,0.140941
pots,0.140941
poverty,0.140941
rattling,0.140941
rear,0.140941
rejoiced,0.140941
revenge,0.140941
roses,0.140941
sail,0.140941
saint,0.140941
sand,0.140941
scatter,0.140941
sheath,0.140941
shirt,0.140941
slaves,0.140941
snatched,0.140941
softened,0.140941
spell,0.140941
spoiled,0.140941
stately,0.140941
steel,0.140941
summoned,0.140941
swayed,0.140941
sweeping,0.140941
swords,0.140941
test,0.140941
thorns,0.140941
throws,0.140941
tore,0.140941
tossed,0.140941
trained,0.140941
tumbling,0.140941
turf,0.140941
unseen,0.140941
utterly,0.140941
vacant,0.140941
virgin,0.140941
watches,0.140941
weapon,0.140941
wildly,0.140941
wishing,0.140941
wouldn,0.140941
wounds,0.140941
wreath,0.140941
Red,0.122168
Brother,0.121934
cow,0.121641
baby,0.121407
kick,0.121348
shoes,0.121231
rolled,0.121173
Death,0.121114
toward,0.121114
begged,0.121056
shone,0.121056
battle,0.120997
bench,0.120997
mud,0.120997
plant,0.120997
harder,0.120939
magic,0.120939
throne,0.120939
boat,0.12088
butter,0.12088
cap,0.12088
forest,0.12088
keeper,0.12088
prayer,0.12088
Dear,0.120822
bells,0.120822
bigger,0.120822
boiling,0.120822
inside,0.120822
pink,0.120822
sticks,0.120822
wearing,0.120822
Pretty,0.120763
bye,0.120763
fun,0.120763
gifts,0.120763
hath,0.120763
leather,0.120763
picked,0.120763
sank,0.120763
shepherd,0.120763
backward,0.120705
beating,0.120705
blows,0.120705
brook,0.120705
dreamed,0.120705
holes,0.120705
leg,0.120705
queen,0.120705
showed,0.120705
sisters,0.120705
strings,0.120705
Out,0.120646
brass,0.120646
breeze,0.120646
closely,0.120646
cook,0.120646
faithful,0.120646
flock,0.120646
nurse,0.120646
queer,0.120646
sweep,0.120646
useless,0.120646
Whenever,0.120588
animal,0.120588
buttons,0.120588
chairs,0.120588
coats,0.120588
cottage,0.120588
grateful,0.120588
kinds,0.120588
laws,0.120588
lean,0.120588
loudly,0.120588
melted,0.120588
presents,0.120588
slumber,0.120588
staff,0.120588
stick,0.120588
subjects,0.120588
task,0.120588
tricks,0.120588
whispers,0.120588
Immediately,0.120529
Ireland,0.120529
Over,0.120529
People,0.120529
Sea,0.120529
aid,0.120529
apples,0.120529
cared,0.120529
charming,0.120529
chorus,0.120529
colours,0.120529
cruelty,0.120529
darker,0.120529
disgrace,0.120529
drank,0.120529
examined,0.120529
feather,0.120529
fence,0.120529
garments,0.120529
gets,0.120529
gradually,0.120529
helping,0.120529
hunted,0.120529
kindness,0.120529
kings,0.120529
market,0.120529
mistress,0.120529
page,0.120529
procession,0.120529
punish,0.120529
reputation,0.120529
rested,0.120529
shaped,0.120529
sharply,0.120529
showing,0.120529
slave,0.120529
special,0.120529
thief,0.120529
uncomfortable,0.120529
usually,0.120529
verses,0.120529
winds,0.120529
wink,0.120529
Came,0.120471
Follow,0.120471
Full,0.120471
India,0.120471
Others,0.120471
Peace,0.120471
White,0.120471
absurd,0.120471
accounted,0.120471
address,0.120471
angels,0.120471
arch,0.120471
arrows,0.120471
assented,0.120471
balls,0.120471
beams,0.120471
beard,0.120471
bite,0.120471
blunt,0.120471
boldly,0.120471
breed,0.120471
brutal,0.120471
carelessly,0.120471
charmed,0.120471
childhood,0.120471
closing,0.120471
coach,0.120471
coarse,0.120471
coast,0.120471
comforted,0.120471
commission,0.120471
compliment,0.120471
consolation,0.120471
contemptuous,0.120471
crash,0.120471
crimson,0.120471
deceive,0.120471
declare,0.120471
deeply,0.120471
design,0.120471
despised,0.120471
doctor,0.120471
dost,0.120471
dreaming,0.120471
eleven,0.120471
envy,0.120471
er,0.120471
exceedingly,0.120471
foam,0.120471
folded,0.120471
frightful,0.120471
gown,0.120471
gravel,0.120471
hail,0.120471
harsh,0.120471
hast,0.120471
heed,0.120471
importance,0.120471
knives,0.120471
lamp,0.120471
lanes,0.120471
largest,0.120471
leaping,0.120471
level,0.120471
lightning,0.120471
main,0.120471
maker,0.120471
oak,0.120471
ornaments,0.120471
pleasantly,0.120471
poem,0.120471
prevail,0.120471
prevented,0.120471
priest,0.120471
printed,0.120471
prisoner,0.120471
provoked,0.120471
rags,0.120471
relative,0.120471
ribbons,0.120471
riddle,0.120471
ridiculous,0.120471
rings,0.120471
risk,0.120471
rod,0.120471
roughly,0.120471
shoot,0.120471
shown,0.120471
silk,0.120471
stared,0.120471
steadily,0.120471
steal,0.120471
stomach,0.120471
suspicious,0.120471
temptation,0.120471
tide,0.120471
timid,0.120471
touches,0.120471
trumpet,0.120471
unpleasant,0.120471
ventured,0.120471
wandered,0.120471
whistle,0.120471
widow,0.120471
wives,0.120471
wrist,0.120471
until,0.104094
lion,0.103598
Half,0.10335
palace,0.103002
city,0.102953
killed,0.102953
Christmas,0.102903
mountain,0.102903
harp,0.102853
Prince,0.102804
worked,0.102804
clock,0.102754
Mr,0.102705
artist,0.102705
jumped,0.102655
locked,0.102556
war,0.102556
cart,0.102506
danced,0.102506
ladies,0.102506
planted,0.102506
pulled,0.102506
pushed,0.102506
sons,0.102506
supper,0.102506
sword,0.102506
Mother,0.102456
Thou,0.102456
crept,0.102456
faster,0.102456
pot,0.102456
servant,0.102456
Soon,0.102407
dressed,0.102407
valley,0.102407
basket,0.102357
gathered,0.102357
hiding,0.102357
host,0.102357
hunting,0.102357
prayers,0.102357
race,0.102357
root,0.102357
shouting,0.102357
slipped,0.102357
swim,0.102357
Rome,0.102308
S,0.102308
Sometimes,0.102308
bitterly,0.102308
clever,0.102308
crossed,0.102308
dried,0.102308
forehead,0.102308
greatly,0.102308
happily,0.102308
holy,0.102308
jump,0.102308
pit,0.102308
rolling,0.102308
skin,0.102308
tie,0.102308
North,0.102258
Poor,0.102258
artificial,0.102258
band,0.102258
blowing,0.102258
dared,0.102258
defy,0.102258
furious,0.102258
gather,0.102258
killing,0.102258
lap,0.102258
lightly,0.102258
longed,0.102258
nodded,0.102258
patch,0.102258
rocks,0.102258
scattered,0.102258
souls,0.102258
stir,0.102258
treated,0.102258
trick,0.102258
trunk,0.102258
wished,0.102258
Children,0.102208
Far,0.102208
Green,0.102208
St,0.102208
adopted,0.102208
anybody,0.102208
attention,0.102208
autumn,0.102208
bill,0.102208
blade,0.102208
dearest,0.102208
delivered,0.102208
desolate,0.102208
dew,0.102208
drown,0.102208
em,0.102208
excited,0.102208
falls,0.102208
fame,0.102208
families,0.102208
favourite,0.102208
fierce,0.102208
gift,0.102208
glorious,0.102208
gracious,0.102208
jaws,0.102208
mountains,0.102208
numbers,0.102208
pains,0.102208
persuade,0.102208
possess,0.102208
prison,0.102208
repent,0.102208
ruin,0.102208
shadows,0.102208
situation,0.102208
spreading,0.102208
stepped,0.102208
stooping,0.102208
swell,0.102208
thunder,0.102208
train,0.102208
twinkling,0.102208
whispering,0.102208
win,0.102208
wrapped,0.102208
Almost,0.102159
Away,0.102159
Life,0.102159
Nobody,0.102159
Right,0.102159
Saint,0.102159
Sunday,0.102159
Tis,0.102159
advancing,0.102159
adventure,0.102159
afford,0.102159
amused,0.102159
apt,0.102159
beloved,0.102159
blast,0.102159
blush,0.102159
breakfast,0.102159
breathe,0.102159
cautiously,0.102159
chain,0.102159
clad,0.102159
climbing,0.102159
corners,0.102159
cunning,0.102159
curtain,0.102159
daring,0.102159
dearly,0.102159
decent,0.102159
deserted,0.102159
deserve,0.102159
desired,0.102159
despise,0.102159
difficult,0.102159
dim,0.102159
disappointed,0.102159
elsewhere,0.102159
endless,0.102159
enjoyed,0.102159
everywhere,0.102159
fairly,0.102159
fathers,0.102159
fearing,0.102159
feelings,0.102159
fold,0.102159
generous,0.102159
gentleman,0.102159
gentlemen,0.102159
graceful,0.102159
greatness,0.102159
ha,0.102159
happens,0.102159
hated,0.102159
heavens,0.102159
heavily,0.102159
hopeless,0.102159
infinite,0.102159
insulted,0.102159
interrupted,0.102159
irregular,0.102159
knocked,0.102159
knocking,0.102159
lamps,0.102159
learnt,0.102159
lesson,0.102159
letting,0.102159
lift,0.102159
loving,0.102159
luck,0.102159
lucky,0.102159
meat,0.102159
mental,0.102159
mount,0.102159
obliged,0.102159
officers,0.102159
ordinary,0.102159
papers,0.102159
pin,0.102159
precisely,0.102159
probably,0.102159
provide,0.102159
quality,0.102159
quicker,0.102159
reaching,0.102159
resolved,0.102159
resumed,0.102159
retired,0.102159
satisfy,0.102159
saving,0.102159
screamed,0.102159
sets,0.102159
shelter,0.102159
shops,0.102159
shower,0.102159
skill,0.102159
slope,0.102159
sly,0.102159
south,0.102159
stage,0.102159
stare,0.102159
striking,0.102159
struggled,0.102159
tables,0.102159
taller,0.102159
tastes,0.102159
theatre,0.102159
thence,0.102159
tones,0.102159
troubled,0.102159
understanding,0.102159
unusual,0.102159
whence,0.102159
whither,0.102159
river,0.0865499
servants,0.0864252
m,0.086342
tail,0.0862589
shouted,0.0860925
everybody,0.0860094
frightened,0.0860094
woods,0.0860094
angel,0.0859678
ate,0.0859678
snow,0.0859678
sprang,0.0859678
yellow,0.0859678
bought,0.0859262
crying,0.0859262
string,0.0859262
listened,0.0858846
maid,0.0858846
outside,0.0858846
roared,0.0858846
roots,0.0858846
sheep,0.0858846
thee,0.0858846
village,0.0858846
wall,0.0858846
Make,0.085843
covered,0.085843
happiness,0.085843
ripe,0.085843
beasts,0.0858014
box,0.0858014
bush,0.0858014
hungry,0.0858014
deed,0.0857598
letter,0.0857598
mounted,0.0857598
needed,0.0857598
pick,0.0857598
ship,0.0857598
wealth,0.0857598
Up,0.0857183
Whose,0.0857183
birds,0.0857183
coloured,0.0857183
darkness,0.0857183
finally,0.0857183
fortune,0.0857183
goodness,0.0857183
midnight,0.0857183
sadly,0.0857183
stars,0.0857183
stolen,0.0857183
swept,0.0857183
wing,0.0857183
High,0.0856767
Him,0.0856767
Stop,0.0856767
agreed,0.0856767
although,0.0856767
armed,0.0856767
blessing,0.0856767
board,0.0856767
ceiling,0.0856767
enemies,0.0856767
favour,0.0856767
gardens,0.0856767
grows,0.0856767
heels,0.0856767
leaned,0.0856767
noticed,0.0856767
permit,0.0856767
pocket,0.0856767
pulling,0.0856767
serve,0.0856767
sink,0.0856767
stake,0.0856767
stream,0.0856767
stretched,0.0856767
thinks,0.0856767
ugly,0.0856767
underneath,0.0856767
vanished,0.0856767
ve,0.0856767
whenever,0.0856767
Again,0.0856351
Between,0.0856351
Certainly,0.0856351
Next,0.0856351
appointed,0.0856351
arrived,0.0856351
barren,0.0856351
burn,0.0856351
cheek,0.0856351
cheeks,0.0856351
chimney,0.0856351
clean,0.0856351
divided,0.0856351
faded,0.0856351
fashioned,0.0856351
feast,0.0856351
firmly,0.0856351
guessed,0.0856351
handsome,0.0856351
harmless,0.0856351
hills,0.0856351
hoped,0.0856351
huge,0.0856351
interesting,0.0856351
invited,0.0856351
iron,0.0856351
leaf,0.0856351
manage,0.0856351
married,0.0856351
needs,0.0856351
nonsense,0.0856351
north,0.0856351
parents,0.0856351
playing,0.0856351
presume,0.0856351
proportion,0.0856351
public,0.0856351
refused,0.0856351
remaining,0.0856351
signs,0.0856351
stern,0.0856351
stirred,0.0856351
stupid,0.0856351
talked,0.0856351
tops,0.0856351
woe,0.0856351
East,0.0855935
Give,0.0855935
Heaven,0.0855935
Keep,0.0855935
Long,0.0855935
Round,0.0855935
Through,0.0855935
abide,0.0855935
addressed,0.0855935
advise,0.0855935
alas,0.0855935
allowed,0.0855935
anywhere,0.0855935
astonishment,0.0855935
awe,0.0855935
bark,0.0855935
bell,0.0855935
belonged,0.0855935
brain,0.0855935
brush,0.0855935
building,0.0855935
cares,0.0855935
changes,0.0855935
climb,0.0855935
comfortably,0.0855935
credit,0.0855935
degree,0.0855935
dogs,0.0855935
doubted,0.0855935
dreams,0.0855935
dust,0.0855935
dwelling,0.0855935
events,0.0855935
explanation,0.0855935
fearful,0.0855935
fires,0.0855935
flow,0.0855935
follows,0.0855935
forgive,0.0855935
grief,0.0855935
heartily,0.0855935
hedge,0.0855935
hoarse,0.0855935
horrid,0.0855935
imagined,0.0855935
inquiry,0.0855935
invent,0.0855935
jealousy,0.0855935
lowest,0.0855935
marriage,0.0855935
mixed,0.0855935
mock,0.0855935
objects,0.0855935
original,0.0855935
peculiar,0.0855935
pen,0.0855935
pencil,0.0855935
perceived,0.0855935
poured,0.0855935
profound,0.0855935
puzzled,0.0855935
regular,0.0855935
riding,0.0855935
roar,0.0855935
runs,0.0855935
seize,0.0855935
served,0.0855935
shaken,0.0855935
shrill,0.0855935
silently,0.0855935
silly,0.0855935
slender,0.0855935
smart,0.0855935
spend,0.0855935
stirring,0.0855935
success,0.0855935
suffered,0.0855935
swallow,0.0855935
swallowed,0.0855935
sweetly,0.0855935
swiftly,0.0855935
tasted,0.0855935
thither,0.0855935
throughout,0.0855935
tumbled,0.0855935
urged,0.0855935
utter,0.0855935
virtues,0.0855935
visited,0.0855935
wake,0.0855935
warmth,0.0855935
weeks,0.0855935
wisdom,0.0855935
works,0.0855935
worship,0.0855935
king,0.0738944
ll,0.0720799
anything,0.0712582
wonderful,0.071087
pull,0.0710528
everything,0.0710185
liked,0.0709501
really,0.0709501
dog,0.0709158
sang,0.0709158
stopped,0.0709158
tired,0.0709158
across,0.0708816
fingers,0.0708816
loved,0.0708816
drove,0.0708473
herself,0.0708473
named,0.0708473
says,0.0708473
girls,0.0708131
hidden,0.0708131
brothers,0.0707789
helped,0.0707789
saved,0.0707789
softly,0.0707789
beast,0.0707446
branches,0.0707446
hall,0.0707446
nobody,0.0707446
row,0.0707446
square,0.0707446
stole,0.0707446
touched,0.0707446
alike,0.0707104
bird,0.0707104
bowed,0.0707104
plants,0.0707104
service,0.0707104
shining,0.0707104
thy,0.0707104
town,0.0707104
whispered,0.0707104
windows,0.0707104
husband,0.0706762
stuck,0.0706762
wore,0.0706762
House,0.0706419
coat,0.0706419
famous,0.0706419
lady,0.0706419
ordered,0.0706419
road,0.0706419
shore,0.0706419
sign,0.0706419
silver,0.0706419
stairs,0.0706419
tune,0.0706419
working,0.0706419
Day,0.0706077
Down,0.0706077
Thank,0.0706077
blew,0.0706077
careful,0.0706077
during,0.0706077
forty,0.0706077
glory,0.0706077
learned,0.0706077
lights,0.0706077
louder,0.0706077
nearly,0.0706077
nose,0.0706077
shout,0.0706077
sister,0.0706077
surely,0.0706077
twelve,0.0706077
Each,0.0705735
acted,0.0705735
arose,0.0705735
books,0.0705735
exclaimed,0.0705735
laughter,0.0705735
reached,0.0705735
slept,0.0705735
songs,0.0705735
unhappy,0.0705735
ashamed,0.0705392
asking,0.0705392
chair,0.0705392
chose,0.0705392
commanded,0.0705392
decided,0.0705392
delighted,0.0705392
distress,0.0705392
drowned,0.0705392
fright,0.0705392
grand,0.0705392
heap,0.0705392
however,0.0705392
hurry,0.0705392
jealous,0.0705392
limbs,0.0705392
lock,0.0705392
loss,0.0705392
marked,0.0705392
milk,0.0705392
older,0.0705392
patiently,0.0705392
plan,0.0705392
pointed,0.0705392
pretend,0.0705392
pursued,0.0705392
questions,0.0705392
received,0.0705392
rough,0.0705392
seats,0.0705392
sees,0.0705392
seized,0.0705392
sell,0.0705392
shine,0.0705392
sickness,0.0705392
solid,0.0705392
steady,0.0705392
week,0.0705392
wept,0.0705392
yourself,0.0705392
yourselves,0.0705392
appetite,0.070505
believed,0.070505
blossoms,0.070505
boys,0.070505
breaking,0.070505
companion,0.070505
content,0.070505
desert,0.070505
driving,0.070505
east,0.070505
entered,0.070505
examine,0.070505
expect,0.070505
fed,0.070505
fool,0.070505
fought,0.070505
fury,0.070505
heat,0.070505
heaven,0.070505
lonely,0.070505
measure,0.070505
mere,0.070505
miserable,0.070505
months,0.070505
office,0.070505
pain,0.070505
picture,0.070505
prosperous,0.070505
size,0.070505
sold,0.070505
somehow,0.070505
successful,0.070505
suffering,0.070505
surprised,0.070505
tells,0.070505
troubles,0.070505
trusted,0.070505
vision,0.070505
waters,0.070505
wondered,0.070505
wound,0.070505
writing,0.070505
Christian,0.0704707
French,0.0704707
London,0.0704707
Night,0.0704707
None,0.0704707
Queen,0.0704707
Quite,0.0704707
afternoon,0.0704707
aloud,0.0704707
anxious,0.0704707
apple,0.0704707
assure,0.0704707
attended,0.0704707
ball,0.0704707
burning,0.0704707
clearer,0.0704707
considered,0.0704707
conversation,0.0704707
curiosity,0.0704707
declared,0.0704707
deepest,0.0704707
discovered,0.0704707
drinking,0.0704707
drunk,0.0704707
earnestly,0.0704707
example,0.0704707
excuse,0.0704707
fail,0.0704707
fare,0.0704707
feared,0.0704707
fixed,0.0704707
folly,0.0704707
forms,0.0704707
game,0.0704707
generally,0.0704707
gives,0.0704707
glow,0.0704707
interest,0.0704707
latter,0.0704707
leading,0.0704707
letters,0.0704707
merely,0.0704707
miles,0.0704707
mouths,0.0704707
noble,0.0704707
partly,0.0704707
plague,0.0704707
plainly,0.0704707
puts,0.0704707
quarrel,0.0704707
quarters,0.0704707
raise,0.0704707
raising,0.0704707
rare,0.0704707
remained,0.0704707
restless,0.0704707
returned,0.0704707
scarcely,0.0704707
seldom,0.0704707
sighed,0.0704707
simply,0.0704707
soldier,0.0704707
somewhat,0.0704707
sore,0.0704707
star,0.0704707
storm,0.0704707
stuff,0.0704707
succeeded,0.0704707
trembled,0.0704707
usual,0.0704707
venture,0.0704707
wandering,0.0704707
west,0.0704707
wholly,0.0704707
younger,0.0704707
looked,0.05862
beautiful,0.0578231
asked,0.0576308
gold,0.0574659
laughed,0.0572186
money,0.0570812
song,0.0570812
bread,0.0570537
happened,0.0570537
girl,0.0570263
window,0.0570263
fields,0.0569988
flowers,0.0569988
grass,0.0569988
lovely,0.0569713
country,0.0569438
bit,0.0569164
grey,0.0569164
mighty,0.0569164
music,0.0569164
sky,0.0569164
finger,0.0568889
Every,0.0568614
born,0.0568614
brown,0.0568614
soul,0.0568614
wicked,0.0568614
half,0.0568339
joy,0.0568339
looks,0.0568339
remembered,0.0568339
church,0.0568064
clothes,0.0568064
golden,0.0568064
passed,0.0568064
real,0.0568064
stones,0.0568064
thou,0.0568064
wrote,0.0568064
doors,0.056779
finished,0.056779
four,0.056779
knows,0.056779
midst,0.056779
pleased,0.056779
rain,0.056779
deal,0.0567515
key,0.0567515
salt,0.0567515
slowly,0.0567515
tied,0.0567515
Men,0.056724
OF,0.056724
Still,0.056724
beds,0.056724
dropped,0.056724
family,0.056724
gay,0.056724
hat,0.056724
line,0.056724
living,0.056724
raised,0.056724
tall,0.056724
Great,0.0566965
asleep,0.0566965
certainly,0.0566965
idea,0.0566965
morrow,0.0566965
powerful,0.0566965
watched,0.0566965
wings,0.0566965
won,0.0566965
Don,0.0566691
Have,0.0566691
New,0.0566691
cross,0.0566691
cruel,0.0566691
dancing,0.0566691
evil,0.0566691
fish,0.0566691
five,0.0566691
fruit,0.0566691
harm,0.0566691
pieces,0.0566691
promised,0.0566691
push,0.0566691
yes,0.0566691
Many,0.0566416
advice,0.0566416
carrying,0.0566416
eaten,0.0566416
forward,0.0566416
giving,0.0566416
haste,0.0566416
master,0.0566416
mistake,0.0566416
naked,0.0566416
placed,0.0566416
praise,0.0566416
rank,0.0566416
rushed,0.0566416
sake,0.0566416
trying,0.0566416
wear,0.0566416
winter,0.0566416
Alas,0.0566141
O,0.0566141
Only,0.0566141
actions,0.0566141
alive,0.0566141
blessed,0.0566141
crowd,0.0566141
getting,0.0566141
helpless,0.0566141
horror,0.0566141
hurried,0.0566141
larger,0.0566141
later,0.0566141
listening,0.0566141
merry,0.0566141
modest,0.0566141
pitch,0.0566141
seems,0.0566141
several,0.0566141
street,0.0566141
supposed,0.0566141
tear,0.0566141
tender,0.0566141
weight,0.0566141
However,0.0565866
Thy,0.0565866
apart,0.0565866
bitter,0.0565866
cheerful,0.0565866
cloud,0.0565866
clouds,0.0565866
dress,0.0565866
dwell,0.0565866
flat,0.0565866
imagine,0.0565866
kindly,0.0565866
leaving,0.0565866
lines,0.0565866
lower,0.0565866
mile,0.0565866
nearest,0.0565866
news,0.0565866
nine,0.0565866
pair,0.0565866
purposes,0.0565866
season,0.0565866
seeming,0.0565866
settle,0.0565866
sooner,0.0565866
spent,0.0565866
startled,0.0565866
stout,0.0565866
stretch,0.0565866
study,0.0565866
telling,0.0565866
thanks,0.0565866
thirty,0.0565866
thrown,0.0565866
wherever,0.0565866
wounded,0.0565866
Does,0.0565591
England,0.0565591
Get,0.0565591
Three,0.0565591
appeared,0.0565591
avoid,0.0565591
begins,0.0565591
bid,0.0565591
bless,0.0565591
blind,0.0565591
cast,0.0565591
chief,0.0565591
chosen,0.0565591
comfortable,0.0565591
confusion,0.0565591
consequence,0.0565591
decision,0.0565591
delicate,0.0565591
engaged,0.0565591
eyed,0.0565591
fact,0.0565591
fancy,0.0565591
finish,0.0565591
flesh,0.0565591
friendly,0.0565591
friendship,0.0565591
gates,0.0565591
gaze,0.0565591
guarded,0.0565591
guess,0.0565591
headed,0.0565591
hither,0.0565591
hopes,0.0565591
hours,0.0565591
human,0.0565591
image,0.0565591
join,0.0565591
joined,0.0565591
legs,0.0565591
loves,0.0565591
means,0.0565591
minds,0.0565591
odd,0.0565591
offered,0.0565591
pleasing,0.0565591
pleasures,0.0565591
possibly,0.0565591
prepared,0.0565591
quietly,0.0565591
receive,0.0565591
reflection,0.0565591
removed,0.0565591
repeated,0.0565591
rush,0.0565591
shaking,0.0565591
shock,0.0565591
slight,0.0565591
smell,0.0565591
solemn,0.0565591
somewhere,0.0565591
sorts,0.0565591
steep,0.0565591
stranger,0.0565591
stroke,0.0565591
suit,0.0565591
swift,0.0565591
treat,0.0565591
turns,0.0565591
wash,0.0565591
whatever,0.0565591
THE,0.0448249
himself,0.0447613
Little,0.04474
garden,0.0446552
upon,0.0446552
help,0.0445703
King,0.0444854
sing,0.0444217
lived,0.0444005
don,0.044252
gave,0.044252
wanted,0.044252
turned,0.0442307
even,0.0441459
court,0.0441246
room,0.0441246
land,0.0441034
Father,0.0440822
around,0.0440822
carried,0.044061
wind,0.044061
opened,0.0440398
green,0.0440185
sea,0.0440185
terrible,0.0440185
child,0.0439973
hole,0.0439973
suddenly,0.0439549
able,0.0439337
carry,0.0439337
evening,0.0439124
fair,0.0439124
flew,0.0439124
minute,0.0439124
save,0.0439124
thin,0.0439124
ago,0.0438912
carefully,0.0438912
crown,0.0438912
field,0.0438912
beside,0.04387
dinner,0.04387
drew,0.04387
filled,0.04387
grown,0.04387
Just,0.0438488
above,0.0438488
between,0.0438488
blue,0.0438488
early,0.0438488
exactly,0.0438488
floor,0.0438488
shook,0.0438488
tears,0.0438488
understand,0.0438488
walked,0.0438488
cool,0.0438276
daughter,0.0438276
different,0.0438276
edge,0.0438276
instead,0.0438276
lying,0.0438276
nearer,0.0438276
running,0.0438276
table,0.0438276
Never,0.0438063
aside,0.0438063
beauty,0.0438063
black,0.0438063
broken,0.0438063
business,0.0438063
heavy,0.0438063
horses,0.0438063
knees,0.0438063
lie,0.0438063
moved,0.0438063
safely,0.0438063
singing,0.0438063
year,0.0438063
Very,0.0437851
bare,0.0437851
beg,0.0437851
dance,0.0437851
myself,0.0437851
perfect,0.0437851
perfectly,0.0437851
quickly,0.0437851
sharp,0.0437851
surprise,0.0437851
themselves,0.0437851
unless,0.0437851
See,0.0437639
believe,0.0437639
corner,0.0437639
drink,0.0437639
eagerly,0.0437639
eating,0.0437639
farther,0.0437639
fled,0.0437639
happen,0.0437639
less,0.0437639
loose,0.0437639
lot,0.0437639
paper,0.0437639
rage,0.0437639
rule,0.0437639
smiled,0.0437639
teeth,0.0437639
wondering,0.0437639
Could,0.0437427
Even,0.0437427
More,0.0437427
bringing,0.0437427
choose,0.0437427
creature,0.0437427
difference,0.0437427
distance,0.0437427
dry,0.0437427
easy,0.0437427
fond,0.0437427
journey,0.0437427
knife,0.0437427
names,0.0437427
opinion,0.0437427
particular,0.0437427
precious,0.0437427
pride,0.0437427
seek,0.0437427
settled,0.0437427
shadow,0.0437427
six,0.0437427
smooth,0.0437427
spite,0.0437427
suppose,0.0437427
Perhaps,0.0437214
behold,0.0437214
calling,0.0437214
certain,0.0437214
closed,0.0437214
command,0.0437214
cries,0.0437214
eager,0.0437214
easier,0.0437214
fetch,0.0437214
figure,0.0437214
flying,0.0437214
gate,0.0437214
honour,0.0437214
immediately,0.0437214
keeping,0.0437214
laughing,0.0437214
lighted,0.0437214
memory,0.0437214
pace,0.0437214
paid,0.0437214
pass,0.0437214
patient,0.0437214
pity,0.0437214
plain,0.0437214
played,0.0437214
quarter,0.0437214
satisfied,0.0437214
seven,0.0437214
shoulders,0.0437214
somebody,0.0437214
stands,0.0437214
talking,0.0437214
throwing,0.0437214
visit,0.0437214
weak,0.0437214
welcome,0.0437214
whisper,0.0437214
Something,0.0437002
bones,0.0437002
bottom,0.0437002
broad,0.0437002
buried,0.0437002
circle,0.0437002
creatures,0.0437002
despair,0.0437002
drive,0.0437002
ear,0.0437002
ends,0.0437002
enemy,0.0437002
especially,0.0437002
fault,0.0437002
fourth,0.0437002
grace,0.0437002
hanging,0.0437002
having,0.0437002
instantly,0.0437002
law,0.0437002
lead,0.0437002
length,0.0437002
lifted,0.0437002
minutes,0.0437002
opposite,0.0437002
passing,0.0437002
presently,0.0437002
ride,0.0437002
sir,0.0437002
step,0.0437002
sudden,0.0437002
trembling,0.0437002
trust,0.0437002
About,0.043679
Time,0.043679
absent,0.043679
account,0.043679
allow,0.043679
beneath,0.043679
branch,0.043679
buy,0.043679
cease,0.043679
colour,0.043679
countenance,0.043679
delay,0.043679
destroy,0.043679
direction,0.043679
drawing,0.043679
earnest,0.043679
eight,0.043679
escape,0.043679
expected,0.043679
faith,0.043679
fix,0.043679
grant,0.043679
guilty,0.043679
hour,0.043679
hundred,0.043679
idle,0.043679
important,0.043679
innocent,0.043679
knee,0.043679
knowing,0.043679
listen,0.043679
mercy,0.043679
pause,0.043679
points,0.043679
pray,0.043679
putting,0.043679
remain,0.043679
rid,0.043679
rising,0.043679
rude,0.043679
search,0.043679
sits,0.043679
sought,0.043679
tale,0.043679
understood,0.043679
upright,0.043679
warning,0.043679
wet,0.043679
up,0.0343666
have,0.0339663
down,0.0336584
mother,0.0329503
over,0.0329349
again,0.0326578
just,0.0325654
father,0.03255
took,0.03255
door,0.032473
never,0.0324576
every,0.0324422
eat,0.0323037
dear,0.0322883
always,0.0322421
children,0.0322421
called,0.0322267
ever,0.0321805
horse,0.0321805
felt,0.0321651
soon,0.0321497
story,0.0321497
us,0.0321497
leaves,0.0321343
trees,0.0321343
give,0.032119
kept,0.0320882
used,0.0320728
wife,0.0320728
far,0.032042
pretty,0.032042
sat,0.032042
its,0.0320266
struck,0.0320266
years,0.0320112
fine,0.0319804
food,0.0319804
near,0.0319804
air,0.031965
dark,0.0319496
stone,0.0319496
tree,0.0319342
tried,0.0319342
under,0.0319342
Man,0.0319188
live,0.0319188
coming,0.0319034
wood,0.0319034
answered,0.031888
kill,0.031888
nice,0.031888
seemed,0.031888
show,0.031888
died,0.0318726
love,0.0318726
middle,0.0318726
die,0.0318572
fight,0.0318572
looking,0.0318572
ring,0.0318572
sad,0.0318572
women,0.0318572
days,0.0318418
except,0.0318418
sun,0.0318418
caught,0.0318264
move,0.0318264
path,0.0318264
started,0.0318264
top,0.0318264
Lord,0.0318111
given,0.0318111
hair,0.0318111
son,0.0318111
stay,0.0318111
summer,0.0318111
built,0.0317957
deep,0.0317957
lives,0.0317957
slow,0.0317957
wild,0.0317957
ye,0.0317957
Her,0.0317803
afraid,0.0317803
book,0.0317803
hill,0.0317803
hot,0.0317803
loud,0.0317803
spot,0.0317803
third,0.0317803
voices,0.0317803
warm,0.0317803
Good,0.0317649
arms,0.0317649
awake,0.0317649
clear,0.0317649
feel,0.0317649
sounds,0.0317649
spring,0.0317649
Indeed,0.0317495
Look,0.0317495
brother,0.0317495
flower,0.0317495
neck,0.0317495
o,0.0317495
single,0.0317495
thank,0.0317495
throw,0.0317495
weary,0.0317495
Am,0.0317341
bank,0.0317341
beginning,0.0317341
comfort,0.0317341
dreadful,0.0317341
front,0.0317341
greater,0.0317341
growing,0.0317341
hung,0.0317341
instant,0.0317341
nights,0.0317341
places,0.0317341
presence,0.0317341
quick,0.0317341
reach,0.0317341
use,0.0317341
ways,0.0317341
Because,0.0317187
Tell,0.0317187
besides,0.0317187
burst,0.0317187
changed,0.0317187
dream,0.0317187
honest,0.0317187
oh,0.0317187
plenty,0.0317187
spread,0.0317187
steps,0.0317187
thick,0.0317187
worthy,0.0317187
written,0.0317187
youth,0.0317187
Had,0.0317033
Nay,0.0317033
below,0.0317033
beyond,0.0317033
break,0.0317033
continued,0.0317033
distant,0.0317033
easily,0.0317033
higher,0.0317033
hurt,0.0317033
leave,0.0317033
number,0.0317033
opening,0.0317033
ourselves,0.0317033
passion,0.0317033
pure,0.0317033
safety,0.0317033
seeing,0.0317033
self,0.0317033
sort,0.0317033
streets,0.0317033
strike,0.0317033
stronger,0.0317033
taking,0.0317033
teach,0.0317033
temper,0.0317033
waited,0.0317033
waiting,0.0317033
wide,0.0317033
willing,0.0317033
wretched,0.0317033
Be,0.0316879
First,0.0316879
Since,0.0316879
Whether,0.0316879
act,0.0316879
altogether,0.0316879
case,0.0316879
dull,0.0316879
ears,0.0316879
fallen,0.0316879
forgotten,0.0316879
hearts,0.0316879
itself,0.0316879
mark,0.0316879
point,0.0316879
setting,0.0316879
truly,0.0316879
view,0.0316879
wine,0.0316879
t,0.0214754
than,0.0210577
began,0.0209782
Oh,0.0209583
own,0.0209583
work,0.0209284
only,0.0209185
white,0.0208986
boy,0.0208887
along,0.0208389
poor,0.0208389
grew,0.020819
small,0.0207395
God,0.0207295
find,0.0207096
strong,0.0206997
Yes,0.0206898
catch,0.0206898
hear,0.0206898
kind,0.0206898
Once,0.0206798
does,0.02065
keep,0.0206301
behind,0.0206201
side,0.0206201
feet,0.0206002
play,0.0206002
soft,0.0206002
words,0.0206002
few,0.0205903
low,0.0205903
mean,0.0205903
shoulder,0.0205804
straight,0.0205804
piece,0.0205704
taken,0.0205704
thinking,0.0205704
bring,0.0205605
moment,0.0205605
rose,0.0205605
sitting,0.0205605
spoke,0.0205605
ten,0.0205605
threw,0.0205605
Not,0.0205505
bear,0.0205505
broke,0.0205505
meant,0.0205505
sides,0.0205505
art,0.0205406
beat,0.0205406
begin,0.0205406
fly,0.0205406
Ah,0.0205306
Some,0.0205306
comes,0.0205306
doing,0.0205306
foolish,0.0205306
mind,0.0205306
person,0.0205306
Take,0.0205207
Was,0.0205207
become,0.0205207
forth,0.0205207
hardly,0.0205207
heads,0.0205207
hid,0.0205207
laid,0.0205207
large,0.0205207
neither,0.0205207
perhaps,0.0205207
power,0.0205207
sense,0.0205207
sometimes,0.0205207
sounded,0.0205207
bow,0.0205107
followed,0.0205107
gentle,0.0205107
hide,0.0205107
offer,0.0205107
ones,0.0205107
shape,0.0205107
sleep,0.0205107
thoughts,0.0205107
whether,0.0205107
Go,0.0205008
May,0.0205008
These,0.0205008
also,0.0205008
bore,0.0205008
delight,0.0205008
drop,0.0205008
fat,0.0205008
feeling,0.0205008
ill,0.0205008
longer,0.0205008
makes,0.0205008
order,0.0205008
peace,0.0205008
pleasant,0.0205008
send,0.0205008
short,0.0205008
sorry,0.0205008
standing,0.0205008
watching,0.0205008
worst,0.0205008
wrong,0.0205008
Their,0.0204908
bent,0.0204908
blood,0.0204908
change,0.0204908
danger,0.0204908
ought,0.0204908
pardon,0.0204908
taste,0.0204908
throat,0.0204908
twenty,0.0204908
twice,0.0204908
company,0.0204809
guard,0.0204809
humble,0.0204809
known,0.0204809
note,0.0204809
seat,0.0204809
shade,0.0204809
sigh,0.0204809
silent,0.0204809
terror,0.0204809
therefore,0.0204809
touch,0.0204809
waste,0.0204809
Another,0.020471
Nor,0.020471
Or,0.020471
Our,0.020471
anger,0.020471
body,0.020471
dangerous,0.020471
duty,0.020471
effect,0.020471
either,0.020471
fill,0.020471
hollow,0.020471
houses,0.020471
led,0.020471
meeting,0.020471
nature,0.020471
pay,0.020471
proper,0.020471
speaking,0.020471
takes,0.020471
towards,0.020471
very,0.0106582
man,0.0103638
people,0.0102866
ran,0.0102625
much,0.0102045
last,0.0101949
other,0.0101949
She,0.0101659
which,0.0101514
got,0.010137
shall,0.0101321
water,0.0101321
been,0.0101273
At,0.0101177
enough,0.0101177
something,0.010108
hard,0.0100984
An,0.0100935
get,0.0100887
knew,0.0100839
first,0.0100791
voice,0.0100791
earth,0.0100742
right,0.0100694
This,0.0100646
because,0.0100597
cried,0.0100597
things,0.0100597
quite,0.0100549
woman,0.0100549
heart,0.0100501
three,0.0100453
sent,0.0100404
After,0.0100356
hold,0.0100356
care,0.010026
cut,0.010026
hands,0.010026
light,0.010026
better,0.0100211
rest,0.0100163
became,0.0100115
fell,0.0100115
new,0.0100115
whole,0.0100115
open,0.0100067
seen,0.0100067
wait,0.0100067
almost,0.009997
bad,0.009997
full,0.009997
strange,0.009997
grow,0.00999218
read,0.00999218
shut,0.00999218
sure,0.00999218
together,0.00999218
Do,0.00998735
ask,0.00998735
course,0.00998735
name,0.00998735
often,0.00998735
watch,0.00998735
being,0.00998252
bright,0.00998252
glad,0.00998252
mouth,0.00998252
saying,0.00998252
word,0.00998252
remember,0.0099777
rich,0.0099777
since,0.0099777
talk,0.0099777
Your,0.00997287
chance,0.00997287
held,0.00997287
safe,0.00997287
trouble,0.00997287
wonder,0.00997287
among,0.00996804
late,0.00996804
matter,0.00996804
others,0.00996804
though,0.00996322
true,0.00996322
turn,0.00996322
walk,0.00996322
whom,0.00996322
both,0.00995839
cold,0.00995839
friends,0.00995839
hope,0.00995839
met,0.00995839
strength,0.00995839
From,0.00995357
fire,0.00995357
follow,0.00995357
proud,0.00995357
rather,0.00995357
seem,0.00995357
shake,0.00995357
smile,0.00995357
sorrow,0.00995357
taught,0.00995357
try,0.00995357
Did,0.00994874
blow,0.00994874
cry,0.00994874
d,0.00994874
learn,0.00994874
second,0.00994874
stop,0.00994874
worse,0.00994874
Is,0.00994391
Will,0.00994391
answer,0.00994391
draw,0.00994391
fresh,0.00994391
least,0.00994391
patience,0.00994391
possible,0.00994391
walking,0.00994391
worth,0.00994391
yours,0.00994391
Shall,0.00993909
Two,0.00993909
Would,0.00993909
fellow,0.00993909
fit,0.00993909
forget,0.00993909
goes,0.00993909
lies,0.00993909
pale,0.00993909
pleasure,0.00993909
question,0.00993909
quiet,0.00993909
shame,0.00993909
spirit,0.00993909
thousand,0.00993909
whose,0.00993909
Are,0.00993426
Like,0.00993426
Though,0.00993426
Yet,0.00993426
],0.00993426
begun,0.00993426
bound,0.00993426
common,0.00993426
doubt,0.00993426
re,0.00993426
share,0.00993426
smiling,0.00993426
truth,0.00993426
yesterday,0.00993426
A,0.0
All,0.0
And,0.0
As,0.0
But,0.0
By,0.0
Can,0.0
Come,0.0
For,0.0
He,0.0
Here,0.0
His,0.0
How,0.0
I,0.0
If,0.0
In,0.0
It,0.0
Let,0.0
My,0.0
No,0.0
Nothing,0.0
Now,0.0
Of,0.0
On,0.0
One,0.0
So,0.0
Such,0.0
That,0.0
The,0.0
Then,0.0
There,0.0
They,0.0
To,0.0
We,0.0
Well,0.0
What,0.0
When,0.0
Where,0.0
While,0.0
Who,0.0
Why,0.0
With,0.0
You,0.0
a,0.0
about,0.0
after,0.0
against,0.0
age,0.0
all,0.0
alone,0.0
am,0.0
an,0.0
and,0.0
angry,0.0
another,0.0
any,0.0
are,0.0
as,0.0
at,0.0
away,0.0
back,0.0
be,0.0
bed,0.0
before,0.0
best,0.0
breath,0.0
brought,0.0
but,0.0
by,0.0
call,0.0
came,0.0
can,0.0
cannot,0.0
close,0.0
come,0.0
could,0.0
dare,0.0
day,0.0
dead,0.0
death,0.0
did,0.0
do,0.0
done,0.0
each,0.0
else,0.0
end,0.0
eye,0.0
eyes,0.0
face,0.0
faces,0.0
fall,0.0
fast,0.0
fear,0.0
foot,0.0
for,0.0
forgot,0.0
found,0.0
free,0.0
friend,0.0
from,0.0
gently,0.0
go,0.0
going,0.0
gone,0.0
good,0.0
great,0.0
ground,0.0
had,0.0
hand,0.0
happy,0.0
has,0.0
he,0.0
head,0.0
heard,0.0
her,0.0
here,0.0
high,0.0
him,0.0
his,0.0
home,0.0
house,0.0
how,0.0
if,0.0
in,0.0
indeed,0.0
into,0.0
is,0.0
it,0.0
know,0.0
laugh,0.0
lay,0.0
left,0.0
let,0.0
life,0.0
like,0.0
little,0.0
long,0.0
look,0.0
lost,0.0
made,0.0
make,0.0
making,0.0
many,0.0
may,0.0
me,0.0
meet,0.0
men,0.0
might,0.0
mine,0.0
more,0.0
morning,0.0
most,0.0
must,0.0
my,0.0
next,0.0
night,0.0
no,0.0
noise,0.0
none,0.0
nor,0.0
not,0.0
nothing,0.0
now,0.0
of,0.0
off,0.0
old,0.0
on,0.0
once,0.0
one,0.0
or,0.0
our,0.0
out,0.0
part,0.0
past,0.0
place,0.0
please,0.0
put,0.0
ready,0.0
reason,0.0
red,0.0
rise,0.0
round,0.0
run,0.0
s,0.0
said,0.0
same,0.0
saw,0.0
say,0.0
secret,0.0
see,0.0
set,0.0
she,0.0
should,0.0
sight,0.0
sit,0.0
so,0.0
some,0.0
sound,0.0
speak,0.0
stand,0.0
still,0.0
stood,0.0
such,0.0
sweet,0.0
take,0.0
tell,0.0
that,0.0
the,0.0
their,0.0
them,0.0
then,0.0
there,0.0
these,0.0
they,0.0
thing,0.0
think,0.0
this,0.0
those,0.0
thought,0.0
through,0.0
till,0.0
time,0.0
times,0.0
to,0.0
told,0.0
tongue,0.0
too,0.0
two,0.0
want,0.0
was,0.0
way,0.0
we,0.0
well,0.0
went,0.0
were,0.0
what,0.0
when,0.0
where,0.0
while,0.0
who,0.0
why,0.0
will,0.0
wise,0.0
wish,0.0
with,0.0
within,0.0
without,0.0
world,0.0
would,0.0
write,0.0
yet,0.0
you,0.0
young,0.0
your,0.0
