Buster,0.756699
Blacky,0.562221
Billy,0.548077
Brook,0.539826
Chatterer,0.535111
Mink,0.535111
Pasture,0.533933
Jay,0.530397
Reddy,0.522146
Meadows,0.519789
BEAR,0.517432
BUSTER,0.517432
Squirrel,0.516253
Big,0.515074
footprint,0.513896
Bobby,0.51036
Thief,0.51036
Unc,0.509181
Hickory,0.508002
Jerry,0.508002
Jolly,0.508002
Muskrat,0.508002
Possum,0.508002
[Illustration,0.508002
blueberries,0.508002
grumbly,0.508002
rumbly,0.508002
JOE,0.506824
_Page,0.506824
_],0.506824
Brer,0.505645
Chug,0.505645
Coyote,0.505645
Gartersnake,0.505645
Gr,0.505645
Skunk,0.505645
Spotty,0.505645
Stickytoes,0.505645
Sunbeams,0.505645
sulked,0.505645
BERRYING,0.504466
Boaster,0.504466
Buzzard,0.504466
GRANDFATHER,0.504466
HERO,0.504466
Hi,0.504466
Jumper,0.504466
Mistah,0.504466
Ol,0.504466
Redwing,0.504466
Weasel,0.504466
Woof,0.504466
_could_,0.504466
angrier,0.504466
berrying,0.504466
cert,0.504466
clawed,0.504466
nly,0.504466
pad,0.504466
pails,0.504466
teeniest,0.504466
weeniest,0.504466
ADVICE,0.503288
BECOMES,0.503288
BERRIES,0.503288
BLACKY,0.503288
BREAKFAST,0.503288
Blackbird,0.503288
Bowser,0.503288
Briar,0.503288
CARRIES,0.503288
CHATTERER,0.503288
COMMON,0.503288
CURIOUS,0.503288
Chickadee,0.503288
Chipmunk,0.503288
Chuckling,0.503288
Danny,0.503288
Digger,0.503288
Drummer,0.503288
ELSE,0.503288
FALLEN,0.503288
FEELS,0.503288
FINE,0.503288
FISHING,0.503288
GETS,0.503288
GREATLY,0.503288
GROW,0.503288
Guess,0.503288
HAIR,0.503288
HAPPENS,0.503288
Hawk,0.503288
Hound,0.503288
JAY,0.503288
JUMPS,0.503288
Kingbird,0.503288
LUNCHES,0.503288
MAKES,0.503288
MEET,0.503288
Meadow,0.503288
NEWS,0.503288
PAIL,0.503288
PLAN,0.503288
PUZZLED,0.503288
Page,0.503288
Porky,0.503288
Prickly,0.503288
Pussy,0.503288
RISE,0.503288
Raspberries,0.503288
Redeye,0.503288
Redtail,0.503288
SAMMY,0.503288
SENSE,0.503288
SQUIRREL,0.503288
SUPPLIES,0.503288
SURPRISING,0.503288
Scrapper,0.503288
Striped,0.503288
TAKES,0.503288
TELLS,0.503288
TEMPER,0.503288
Thereafter,0.503288
Tommy,0.503288
Vireo,0.503288
WORSE,0.503288
Whitefoot,0.503288
XXIII,0.503288
_their_,0.503288
bluest,0.503288
bristle,0.503288
cawing,0.503288
chagrin,0.503288
chattered,0.503288
chomped,0.503288
climber,0.503288
cuffed,0.503288
d_,0.503288
footprints,0.503288
gloated,0.503288
goggly,0.503288
gruffest,0.503288
haunches,0.503288
headfirst,0.503288
henhouse,0.503288
humiliated,0.503288
hungrier,0.503288
impo,0.503288
pailful,0.503288
scamps,0.503288
schemer,0.503288
screamer,0.503288
sheepish,0.503288
smacked,0.503288
smartest,0.503288
snickered,0.503288
squeal,0.503288
squealed,0.503288
tant,0.503288
tiptoed,0.503288
vented,0.503288
whined,0.503288
Otter,0.423809
Sammy,0.418433
trout,0.414849
Smiling,0.400513
Frog,0.398721
Grandfather,0.398721
caw,0.390657
FARMER,0.387073
Caw,0.386177
Coon,0.386177
_had_,0.386177
_our_,0.386177
chuckling,0.386177
smarter,0.386177
Jimmy,0.385281
OTTER,0.385281
Toad,0.385281
Anyway,0.384385
GOES,0.384385
Johnny,0.384385
Turtle,0.384385
Um,0.384385
tramped,0.384385
twinkled,0.384385
Chuck,0.383489
FROG,0.383489
Hello,0.383489
gobbled,0.383489
lonesome,0.383489
lookout,0.383489
mumbled,0.383489
nibble,0.383489
overhear,0.383489
scamp,0.383489
scooped,0.383489
snarled,0.383489
sniffed,0.383489
Badger,0.382593
Breezes,0.382593
Burgess,0.382593
CROW,0.382593
Couldn,0.382593
FIT,0.382593
Fact,0.382593
LIFE,0.382593
LUCK,0.382593
Nearer,0.382593
OFF,0.382593
SOMEBODY,0.382593
Shadows,0.382593
TELL,0.382593
THINGS,0.382593
Thornton,0.382593
Woodpecker,0.382593
XXI,0.382593
XXII,0.382593
_I,0.382593
_has_,0.382593
_him_,0.382593
bullies,0.382593
cleverest,0.382593
extends,0.382593
favor,0.382593
favorite,0.382593
favors,0.382593
frantically,0.382593
funniest,0.382593
growls,0.382593
hungrily,0.382593
jerking,0.382593
pounded,0.382593
racket,0.382593
scampered,0.382593
scolds,0.382593
scoop,0.382593
scowled,0.382593
scurrying,0.382593
shuffled,0.382593
stripping,0.382593
testily,0.382593
um,0.382593
Forest,0.359484
Joe,0.327526
Crow,0.327335
Pool,0.325874
Rabbit,0.319298
Farmer,0.318939
r,0.317836
BOY,0.315644
muddy,0.315644
neighbors,0.315644
grinned,0.314914
_his_,0.314183
Rock,0.313452
glared,0.313452
trudged,0.313452
Doesn,0.312722
Hare,0.312722
Huh,0.312722
Isn,0.312722
crashed,0.312722
forever,0.312722
freckled,0.312722
growling,0.312722
logs,0.312722
smartness,0.312722
Adventures,0.311991
GREAT,0.311991
Getting,0.311991
Jenny,0.311991
Made,0.311991
Merry,0.311991
Orchard,0.311991
Robin,0.311991
Seems,0.311991
Sh,0.311991
Spite,0.311991
THING,0.311991
Tit,0.311991
Wonder,0.311991
Wren,0.311991
XVIII,0.311991
XX,0.311991
aroused,0.311991
baited,0.311991
betters,0.311991
blackberries,0.311991
brimming,0.311991
bumped,0.311991
chilly,0.311991
comical,0.311991
crumb,0.311991
darkest,0.311991
disrespectful,0.311991
fried,0.311991
gotten,0.311991
h,0.311991
heedlessness,0.311991
insists,0.311991
nap,0.311991
needn,0.311991
roam,0.311991
scheming,0.311991
sheepishly,0.311991
shivers,0.311991
spilled,0.311991
sunbeams,0.311991
taunted,0.311991
uneasily,0.311991
whistles,0.311991
berries,0.287659
pail,0.285205
Laughing,0.279685
Brown,0.272144
Fox,0.267418
BROWN,0.264965
Woods,0.264352
hemlock,0.264352
sandwiches,0.264352
HAS,0.263738
Shadow,0.263738
berry,0.263738
paws,0.263738
bully,0.263125
chuckled,0.263125
fished,0.263125
gasp,0.263125
tickled,0.263125
Didn,0.262512
FOR,0.262512
Mountain,0.262512
Mouse,0.262512
WITH,0.262512
popped,0.262512
winked,0.262512
Altogether,0.261898
Anger,0.261898
EVEN,0.261898
ON,0.261898
Probably,0.261898
RED,0.261898
TIME,0.261898
XIII,0.261898
XIV,0.261898
XIX,0.261898
XV,0.261898
XVI,0.261898
XVII,0.261898
_was_,0.261898
blinked,0.261898
chuckle,0.261898
drawled,0.261898
dreamer,0.261898
fishermen,0.261898
greedily,0.261898
growl,0.261898
hardest,0.261898
lash,0.261898
livelong,0.261898
ordinarily,0.261898
patted,0.261898
perch,0.261898
pricked,0.261898
prowling,0.261898
recognized,0.261898
saucy,0.261898
scare,0.261898
scared,0.261898
slowest,0.261898
sparkled,0.261898
spill,0.261898
stumps,0.261898
wrinkling,0.261898
yelling,0.261898
yo,0.261898
hadn,0.227744
fuss,0.225133
barn,0.22461
pools,0.22461
log,0.224088
lunch,0.224088
rum,0.224088
_,0.223566
bashful,0.223566
lily,0.223566
pie,0.223566
scratched,0.223566
shamed,0.223566
shiny,0.223566
slipping,0.223566
stump,0.223566
traps,0.223566
ALL,0.223043
Makes,0.223043
NO,0.223043
Somebody,0.223043
Trust,0.223043
Welcome,0.223043
amounted,0.223043
bitten,0.223043
buzzing,0.223043
catches,0.223043
chasing,0.223043
clattering,0.223043
coated,0.223043
cooled,0.223043
discouraged,0.223043
enjoys,0.223043
fighter,0.223043
grandfather,0.223043
grind,0.223043
licked,0.223043
listener,0.223043
mustn,0.223043
peeping,0.223043
peer,0.223043
peered,0.223043
pies,0.223043
pop,0.223043
realized,0.223043
sailed,0.223043
scrambling,0.223043
shrewd,0.223043
shrieked,0.223043
singers,0.223043
stupidly,0.223043
suspiciously,0.223043
tracks,0.223043
twinkle,0.223043
woof,0.223043
Bear,0.216834
funny,0.195329
yell,0.194433
exciting,0.193537
biggest,0.193089
LITTLE,0.192641
fisherman,0.192641
lungs,0.192641
Gray,0.192193
HIS,0.192193
Somehow,0.192193
cows,0.192193
excitement,0.192193
yawned,0.192193
Black,0.191745
Everybody,0.191745
adventures,0.191745
claws,0.191745
greedy,0.191745
hook,0.191745
impudent,0.191745
paw,0.191745
philosopher,0.191745
retorted,0.191745
unkind,0.191745
Meanwhile,0.191297
Tree,0.191297
ability,0.191297
afterward,0.191297
appreciate,0.191297
broader,0.191297
cheated,0.191297
clumsy,0.191297
excepting,0.191297
faintest,0.191297
folks,0.191297
foolishly,0.191297
gaped,0.191297
hasn,0.191297
joins,0.191297
legged,0.191297
mildly,0.191297
peep,0.191297
preventing,0.191297
scolding,0.191297
scrambled,0.191297
sheer,0.191297
shuffling,0.191297
silvery,0.191297
spoiling,0.191297
stumbled,0.191297
tenth,0.191297
thickest,0.191297
thoughtless,0.191297
tipped,0.191297
upset,0.191297
watered,0.191297
fishing,0.172158
Peter,0.170617
tin,0.167151
climbed,0.166766
growled,0.166381
snapped,0.166381
swam,0.16561
yelled,0.16561
Help,0.165225
grin,0.165225
IS,0.16484
Presently,0.16484
Suddenly,0.16484
badly,0.16484
invitation,0.16484
shy,0.16484
whistled,0.16484
AT,0.164455
Ever,0.164455
Friends,0.164455
IX,0.164455
VII,0.164455
VIII,0.164455
W,0.164455
Wood,0.164455
XI,0.164455
XII,0.164455
admitted,0.164455
chase,0.164455
deliberately,0.164455
dived,0.164455
finer,0.164455
frown,0.164455
intently,0.164455
longest,0.164455
pays,0.164455
peeped,0.164455
proves,0.164455
provoking,0.164455
respecting,0.164455
scratch,0.164455
selfishness,0.164455
shallow,0.164455
snap,0.164455
soberly,0.164455
studying,0.164455
surprising,0.164455
tip,0.164455
wiped,0.164455
didn,0.159061
big,0.153439
couldn,0.150132
wasn,0.146164
isn,0.145172
wouldn,0.144511
screaming,0.143188
Sun,0.142857
bushes,0.142857
Happy,0.142526
Jack,0.142526
cousin,0.142526
doesn,0.142526
spoiled,0.142526
haven,0.142196
scream,0.142196
Sure,0.141865
angrily,0.141865
honey,0.141865
jolly,0.141865
mischief,0.141865
muttered,0.141865
splendid,0.141865
thoughtfully,0.141865
AND,0.141534
Mrs,0.141534
brave,0.141534
chased,0.141534
creep,0.141534
darted,0.141534
delicious,0.141534
e,0.141534
fiercely,0.141534
finest,0.141534
frighten,0.141534
gun,0.141534
hides,0.141534
hind,0.141534
nowhere,0.141534
puzzling,0.141534
selfish,0.141534
whistling,0.141534
Boy,0.141204
Everything,0.141204
TO,0.141204
Twas,0.141204
X,0.141204
beings,0.141204
bolt,0.141204
charged,0.141204
clung,0.141204
convenient,0.141204
crack,0.141204
creeping,0.141204
daylight,0.141204
dozen,0.141204
enjoyment,0.141204
footsteps,0.141204
furnished,0.141204
merrily,0.141204
pretended,0.141204
respected,0.141204
rubbed,0.141204
scent,0.141204
shriek,0.141204
sticking,0.141204
tallest,0.141204
terribly,0.141204
thrust,0.141204
worry,0.141204
thief,0.1255
fun,0.123521
Red,0.122673
hero,0.122108
mud,0.121825
whistle,0.121825
joke,0.121543
steal,0.121543
Green,0.121524
World,0.12126
bite,0.12126
picked,0.12126
queer,0.12126
usually,0.12126
bigger,0.120977
cattle,0.120977
cow,0.120977
dreamed,0.120977
dreaming,0.120977
gets,0.120977
habits,0.120977
hateful,0.120977
mistaken,0.120977
rolled,0.120977
sharply,0.120977
stared,0.120977
stomach,0.120977
uncomfortable,0.120977
wandered,0.120977
whoever,0.120977
Any,0.120695
Instead,0.120695
People,0.120695
Pretty,0.120695
V,0.120695
VI,0.120695
Whenever,0.120695
advised,0.120695
balance,0.120695
brightened,0.120695
clinging,0.120695
contain,0.120695
crash,0.120695
declaring,0.120695
dirty,0.120695
gazing,0.120695
glare,0.120695
harder,0.120695
harsh,0.120695
helping,0.120695
hoping,0.120695
hunted,0.120695
kick,0.120695
loudly,0.120695
maker,0.120695
politeness,0.120695
proposed,0.120695
protested,0.120695
recover,0.120695
rejoicing,0.120695
tempt,0.120695
timid,0.120695
touches,0.120695
tricks,0.120695
unpleasant,0.120695
ventured,0.120695
waking,0.120695
washed,0.120695
wink,0.120695
pool,0.108581
until,0.107143
Mr,0.106423
breakfast,0.105225
S,0.104027
hiding,0.103787
excited,0.103547
slipped,0.103547
ha,0.103307
stepped,0.103307
Right,0.103068
Too,0.103068
actually,0.103068
anybody,0.103068
handle,0.103068
jumped,0.103068
patch,0.103068
screamed,0.103068
apt,0.102828
awful,0.102828
crept,0.102828
jump,0.102828
luck,0.102828
pine,0.102828
stealing,0.102828
Master,0.102588
disappeared,0.102588
everywhere,0.102588
feels,0.102588
hearted,0.102588
obliged,0.102588
quicker,0.102588
twinkling,0.102588
worked,0.102588
Either,0.102349
III,0.102349
Mother,0.102349
Nobody,0.102349
Poor,0.102349
Suppose,0.102349
Things,0.102349
belongs,0.102349
climbing,0.102349
completely,0.102349
dearly,0.102349
deserve,0.102349
disposition,0.102349
em,0.102349
enjoyed,0.102349
fairly,0.102349
faster,0.102349
flash,0.102349
gathered,0.102349
glorious,0.102349
greatness,0.102349
happily,0.102349
hurrying,0.102349
intent,0.102349
jaws,0.102349
killed,0.102349
knocking,0.102349
landed,0.102349
lesson,0.102349
lucky,0.102349
neat,0.102349
proof,0.102349
pulled,0.102349
pushed,0.102349
slip,0.102349
sly,0.102349
struggling,0.102349
swim,0.102349
tempered,0.102349
thoughtful,0.102349
trunk,0.102349
willingly,0.102349
wrapped,0.102349
frightened,0.0905726
m,0.0899701
everybody,0.0895685
smart,0.087761
hungry,0.0869577
ate,0.0867569
climb,0.0867569
ve,0.0867569
anywhere,0.0865561
listened,0.0865561
pick,0.0865561
puzzled,0.0865561
tail,0.0865561
agreed,0.0863552
doubted,0.0863552
stolen,0.0863552
Ha,0.0861544
natured,0.0861544
runs,0.0861544
shouted,0.0861544
stirred,0.0861544
acquainted,0.0859536
admit,0.0859536
although,0.0859536
brush,0.0859536
finally,0.0859536
flies,0.0859536
guessed,0.0859536
harmless,0.0859536
leaned,0.0859536
signs,0.0859536
silently,0.0859536
spoil,0.0859536
sprang,0.0859536
swallow,0.0859536
swiftly,0.0859536
tops,0.0859536
Certainly,0.0857528
IV,0.0857528
Me,0.0857528
Nature,0.0857528
[The,0.0857528
bark,0.0857528
becomes,0.0857528
belonged,0.0857528
brings,0.0857528
bursting,0.0857528
bush,0.0857528
catching,0.0857528
cheerfully,0.0857528
cleared,0.0857528
dropping,0.0857528
feast,0.0857528
feed,0.0857528
filling,0.0857528
happiness,0.0857528
hoarse,0.0857528
hoped,0.0857528
imagined,0.0857528
interesting,0.0857528
invited,0.0857528
rapidly,0.0857528
ripe,0.0857528
roar,0.0857528
roared,0.0857528
rouse,0.0857528
shrill,0.0857528
silly,0.0857528
tasted,0.0857528
thinks,0.0857528
tumbled,0.0857528
utmost,0.0857528
wisdom,0.0857528
ll,0.0749008
anything,0.0724206
reached,0.0722553
really,0.0722553
plan,0.0717593
stopped,0.0717593
fright,0.0715939
habit,0.0715939
across,0.0712632
deepest,0.0712632
greatest,0.0712632
hurry,0.0712632
learned,0.0712632
nearly,0.0712632
replied,0.0712632
stole,0.0712632
surprised,0.0712632
everything,0.0710979
helped,0.0710979
milk,0.0710979
nose,0.0710979
softly,0.0710979
appetite,0.0709325
belong,0.0709325
curiosity,0.0709325
exclaimed,0.0709325
likes,0.0709325
nobody,0.0709325
somehow,0.0709325
yourself,0.0709325
delighted,0.0707672
discovered,0.0707672
drowned,0.0707672
hidden,0.0707672
laughter,0.0707672
learning,0.0707672
saved,0.0707672
seldom,0.0707672
sighed,0.0707672
start,0.0707672
Down,0.0706018
II,0.0706018
Thank,0.0706018
accept,0.0706018
attend,0.0706018
believed,0.0706018
branches,0.0706018
busy,0.0706018
concluded,0.0706018
decided,0.0706018
declared,0.0706018
driving,0.0706018
during,0.0706018
entered,0.0706018
equal,0.0706018
fully,0.0706018
heap,0.0706018
holding,0.0706018
jealous,0.0706018
lonely,0.0706018
louder,0.0706018
manners,0.0706018
mere,0.0706018
patiently,0.0706018
persons,0.0706018
pull,0.0706018
puts,0.0706018
quarrel,0.0706018
reward,0.0706018
shout,0.0706018
simply,0.0706018
sore,0.0706018
successful,0.0706018
troubles,0.0706018
usual,0.0706018
whispered,0.0706018
wondered,0.0706018
working,0.0706018
yourselves,0.0706018
fish,0.0623706
looked,0.0617071
Old,0.061309
happened,0.0585222
guess,0.0578587
Great,0.0575933
deal,0.0575933
morrow,0.0575933
laughed,0.0574606
asked,0.0573279
flat,0.0573279
hurried,0.0573279
news,0.0573279
advice,0.0571952
idea,0.0571952
trying,0.0571952
watched,0.0571952
bit,0.0570625
certainly,0.0570625
fact,0.0570625
getting,0.0570625
knows,0.0570625
promised,0.0570625
sky,0.0570625
curious,0.0569298
eaten,0.0569298
legs,0.0569298
listening,0.0569298
looks,0.0569298
real,0.0569298
slowly,0.0569298
wings,0.0569298
Don,0.0567971
OF,0.0567971
beautiful,0.0567971
chosen,0.0567971
dancing,0.0567971
dropped,0.0567971
forward,0.0567971
fruit,0.0567971
mighty,0.0567971
moving,0.0567971
remembered,0.0567971
repeated,0.0567971
somewhere,0.0567971
supposed,0.0567971
tall,0.0567971
telling,0.0567971
wherever,0.0567971
won,0.0567971
Every,0.0566644
Get,0.0566644
However,0.0566644
according,0.0566644
appeared,0.0566644
blame,0.0566644
blessed,0.0566644
brown,0.0566644
comfortable,0.0566644
deeper,0.0566644
enjoy,0.0566644
fears,0.0566644
finished,0.0566644
friendly,0.0566644
helpless,0.0566644
human,0.0566644
imagine,0.0566644
joined,0.0566644
likely,0.0566644
loves,0.0566644
merry,0.0566644
minds,0.0566644
nearest,0.0566644
odd,0.0566644
pieces,0.0566644
possession,0.0566644
possibly,0.0566644
powerful,0.0566644
prepared,0.0566644
rushed,0.0566644
seems,0.0566644
shaking,0.0566644
smallest,0.0566644
solemn,0.0566644
startled,0.0566644
stones,0.0566644
stout,0.0566644
swift,0.0566644
tear,0.0566644
trace,0.0566644
treat,0.0566644
whatever,0.0566644
Little,0.0550334
himself,0.0469372
even,0.0460149
believe,0.0458099
don,0.0450926
around,0.0449901
minute,0.0449901
lot,0.0448876
edge,0.0447851
Sir,0.0446826
gave,0.0445801
wanted,0.0445801
carried,0.0444777
early,0.0444777
having,0.0444777
Perhaps,0.0443752
flew,0.0443752
instead,0.0443752
moved,0.0443752
running,0.0443752
terrible,0.0443752
blue,0.0442727
bottom,0.0442727
green,0.0442727
happen,0.0442727
nearer,0.0442727
perfectly,0.0442727
rage,0.0442727
themselves,0.0442727
eating,0.0441702
hanging,0.0441702
shook,0.0441702
talking,0.0441702
teeth,0.0441702
turned,0.0441702
unless,0.0441702
Just,0.0440677
beside,0.0440677
help,0.0440677
laughing,0.0440677
listen,0.0440677
myself,0.0440677
sharp,0.0440677
spite,0.0440677
sudden,0.0440677
suddenly,0.0440677
walked,0.0440677
THE,0.0439652
ago,0.0439652
branch,0.0439652
dinner,0.0439652
direction,0.0439652
drive,0.0439652
especially,0.0439652
flying,0.0439652
fond,0.0439652
grown,0.0439652
lips,0.0439652
particular,0.0439652
patient,0.0439652
rid,0.0439652
surprise,0.0439652
understand,0.0439652
above,0.0438628
carefully,0.0438628
courage,0.0438628
different,0.0438628
distance,0.0438628
easy,0.0438628
exactly,0.0438628
expected,0.0438628
farther,0.0438628
important,0.0438628
lead,0.0438628
less,0.0438628
opened,0.0438628
plain,0.0438628
save,0.0438628
somebody,0.0438628
suppose,0.0438628
visit,0.0438628
wants,0.0438628
Both,0.0437603
Even,0.0437603
Most,0.0437603
Must,0.0437603
Never,0.0437603
See,0.0437603
Very,0.0437603
able,0.0437603
between,0.0437603
business,0.0437603
certain,0.0437603
circle,0.0437603
creatures,0.0437603
difference,0.0437603
doubts,0.0437603
drawing,0.0437603
drew,0.0437603
eager,0.0437603
eagerly,0.0437603
easier,0.0437603
enemy,0.0437603
fault,0.0437603
filled,0.0437603
finding,0.0437603
fix,0.0437603
fled,0.0437603
form,0.0437603
grave,0.0437603
highest,0.0437603
hit,0.0437603
hole,0.0437603
keeping,0.0437603
knife,0.0437603
lived,0.0437603
lying,0.0437603
meaning,0.0437603
minutes,0.0437603
opposite,0.0437603
otherwise,0.0437603
paper,0.0437603
played,0.0437603
room,0.0437603
rule,0.0437603
safely,0.0437603
smiled,0.0437603
smooth,0.0437603
spirits,0.0437603
stands,0.0437603
tears,0.0437603
trembling,0.0437603
understood,0.0437603
upright,0.0437603
wondering,0.0437603
year,0.0437603
just,0.0372486
up,0.0365795
have,0.035613
down,0.0347951
afraid,0.0346464
tree,0.0342747
over,0.034126
eat,0.0333825
ever,0.0333825
never,0.0333082
caught,0.0332338
started,0.0330108
felt,0.0328621
looking,0.0327134
kept,0.032639
sat,0.032639
always,0.0325647
bank,0.0325647
near,0.0325647
seemed,0.0325647
top,0.0325647
far,0.0324903
live,0.0324903
again,0.032416
hair,0.032416
temper,0.032416
took,0.032416
coming,0.0323416
fine,0.0323416
neck,0.0323416
soon,0.0322673
thick,0.0322673
tried,0.0322673
deep,0.0321929
every,0.0321929
loud,0.0321929
pretty,0.0321186
under,0.0321186
waited,0.0321186
ears,0.0320442
feel,0.0320442
given,0.0320442
spread,0.0320442
trees,0.0320442
use,0.0320442
lives,0.0319699
move,0.0319699
nice,0.0319699
reach,0.0319699
seeing,0.0319699
turning,0.0319699
waiting,0.0319699
Man,0.0318955
dear,0.0318955
give,0.0318955
growing,0.0318955
leave,0.0318955
leaves,0.0318955
path,0.0318955
quick,0.0318955
respect,0.0318955
story,0.0318955
taking,0.0318955
teach,0.0318955
us,0.0318955
wide,0.0318955
years,0.0318955
altogether,0.0318212
beginning,0.0318212
book,0.0318212
called,0.0318212
continued,0.0318212
door,0.0318212
front,0.0318212
higher,0.0318212
itself,0.0318212
mother,0.0318212
oh,0.0318212
ourselves,0.0318212
plenty,0.0318212
show,0.0318212
simple,0.0318212
spring,0.0318212
stay,0.0318212
stone,0.0318212
stronger,0.0318212
summer,0.0318212
used,0.0318212
voices,0.0318212
Because,0.0317468
Besides,0.0317468
First,0.0317468
Look,0.0317468
air,0.0317468
arms,0.0317468
awake,0.0317468
below,0.0317468
besides,0.0317468
case,0.0317468
children,0.0317468
clear,0.0317468
dark,0.0317468
days,0.0317468
desire,0.0317468
dreadful,0.0317468
dream,0.0317468
except,0.0317468
fallen,0.0317468
falling,0.0317468
fight,0.0317468
food,0.0317468
forgotten,0.0317468
hung,0.0317468
instant,0.0317468
its,0.0317468
kill,0.0317468
love,0.0317468
matters,0.0317468
middle,0.0317468
number,0.0317468
pure,0.0317468
safety,0.0317468
self,0.0317468
single,0.0317468
slow,0.0317468
sounds,0.0317468
sun,0.0317468
warm,0.0317468
ways,0.0317468
wood,0.0317468
t,0.0286262
boy,0.0246877
than,0.022094
began,0.0212775
behind,0.0212775
fat,0.0212775
keep,0.0212295
catch,0.0211815
find,0.0211815
mind,0.0211334
along,0.0210854
only,0.0210854
Yes,0.0209413
known,0.0208933
side,0.0208933
straight,0.0208933
watching,0.0208933
kind,0.0208453
foolish,0.0207972
ought,0.0207972
sitting,0.0207972
comes,0.0207492
doing,0.0207492
feet,0.0207492
few,0.0207492
fly,0.0207492
hear,0.0207492
own,0.0207492
strong,0.0207492
wrong,0.0207492
Oh,0.0207012
heads,0.0207012
taken,0.0207012
takes,0.0207012
work,0.0207012
worst,0.0207012
Those,0.0206531
also,0.0206531
anger,0.0206531
does,0.0206531
feeling,0.0206531
grew,0.0206531
mean,0.0206531
meant,0.0206531
need,0.0206531
perhaps,0.0206531
sense,0.0206531
sometimes,0.0206531
taste,0.0206531
towards,0.0206531
Ah,0.0206051
Once,0.0206051
change,0.0206051
delight,0.0206051
faint,0.0206051
fill,0.0206051
followed,0.0206051
hearing,0.0206051
hid,0.0206051
hide,0.0206051
longer,0.0206051
makes,0.0206051
neither,0.0206051
sounded,0.0206051
thinking,0.0206051
bear,0.0205571
broke,0.0205571
danger,0.0205571
either,0.0205571
hardly,0.0205571
hollow,0.0205571
soft,0.0205571
sorry,0.0205571
spoke,0.0205571
throat,0.0205571
twice,0.0205571
waste,0.0205571
whether,0.0205571
Another,0.020509
Their,0.020509
already,0.020509
beat,0.020509
become,0.020509
duty,0.020509
hate,0.020509
laid,0.020509
large,0.020509
low,0.020509
meeting,0.020509
moment,0.020509
nature,0.020509
ones,0.020509
pay,0.020509
piece,0.020509
pleasant,0.020509
power,0.020509
seat,0.020509
shade,0.020509
short,0.020509
sides,0.020509
sigh,0.020509
small,0.020509
speaking,0.020509
terror,0.020509
threw,0.020509
very,0.0119107
been,0.010955
get,0.0106986
right,0.0106753
other,0.0106054
bad,0.0104888
sure,0.0104888
much,0.0104655
enough,0.0104422
knew,0.0104189
people,0.0104189
seen,0.0104189
which,0.0104189
because,0.0103723
something,0.0103723
first,0.010349
voice,0.0103257
course,0.0103024
got,0.0103024
water,0.0102324
hard,0.0102091
things,0.0102091
held,0.0101858
better,0.0101625
last,0.0101625
true,0.0101625
being,0.0101392
cried,0.0101392
try,0.0101392
At,0.0101159
This,0.0101159
almost,0.0101159
mouth,0.0101159
quite,0.0101159
ran,0.0101159
word,0.0101159
care,0.0100926
fellow,0.0100926
watch,0.0100926
worse,0.0100926
d,0.0100693
least,0.0100693
whole,0.0100693
wonder,0.0100693
cry,0.010046
often,0.010046
re,0.010046
second,0.010046
since,0.010046
though,0.010046
three,0.010046
together,0.010046
common,0.0100227
doubt,0.0100227
friends,0.0100227
full,0.0100227
hope,0.0100227
light,0.0100227
open,0.0100227
remember,0.0100227
seem,0.0100227
smile,0.0100227
talk,0.0100227
wait,0.0100227
chance,0.00999936
fell,0.00999936
fit,0.00999936
fresh,0.00999936
matter,0.00999936
met,0.00999936
others,0.00999936
rather,0.00999936
stop,0.00999936
trouble,0.00999936
truth,0.00999936
whose,0.00999936
After,0.00997605
],0.00997605
among,0.00997605
glad,0.00997605
goes,0.00997605
hold,0.00997605
patience,0.00997605
possible,0.00997605
proud,0.00997605
question,0.00997605
saying,0.00997605
smiling,0.00997605
turn,0.00997605
walk,0.00997605
walking,0.00997605
Two,0.00995274
Will,0.00995274
became,0.00995274
begun,0.00995274
blow,0.00995274
bright,0.00995274
cut,0.00995274
draw,0.00995274
follow,0.00995274
grow,0.00995274
late,0.00995274
learn,0.00995274
lies,0.00995274
pleasure,0.00995274
quiet,0.00995274
safe,0.00995274
sent,0.00995274
shake,0.00995274
shame,0.00995274
shut,0.00995274
spirit,0.00995274
strange,0.00995274
taught,0.00995274
whom,0.00995274
worth,0.00995274
yesterday,0.00995274
yours,0.00995274
A,0.0
All,0.0
And,0.0
As,0.0
But,0.0
By,0.0
Can,0.0
Come,0.0
For,0.0
He,0.0
Here,0.0
His,0.0
How,0.0
I,0.0
If,0.0
In,0.0
It,0.0
Let,0.0
My,0.0
No,0.0
Nothing,0.0
Now,0.0
Of,0.0
On,0.0
One,0.0
So,0.0
Such,0.0
That,0.0
The,0.0
Then,0.0
There,0.0
They,0.0
To,0.0
We,0.0
Well,0.0
What,0.0
When,0.0
Where,0.0
While,0.0
Who,0.0
Why,0.0
With,0.0
You,0.0
a,0.0
about,0.0
after,0.0
against,0.0
age,0.0
all,0.0
alone,0.0
am,0.0
an,0.0
and,0.0
angry,0.0
another,0.0
any,0.0
are,0.0
as,0.0
at,0.0
away,0.0
back,0.0
be,0.0
bed,0.0
before,0.0
best,0.0
breath,0.0
brought,0.0
but,0.0
by,0.0
call,0.0
came,0.0
can,0.0
cannot,0.0
close,0.0
come,0.0
could,0.0
dare,0.0
day,0.0
dead,0.0
death,0.0
did,0.0
do,0.0
done,0.0
each,0.0
else,0.0
end,0.0
eye,0.0
eyes,0.0
face,0.0
faces,0.0
fall,0.0
fast,0.0
fear,0.0
foot,0.0
for,0.0
forgot,0.0
found,0.0
free,0.0
friend,0.0
from,0.0
gently,0.0
go,0.0
going,0.0
gone,0.0
good,0.0
great,0.0
ground,0.0
had,0.0
hand,0.0
happy,0.0
has,0.0
he,0.0
head,0.0
heard,0.0
her,0.0
here,0.0
high,0.0
him,0.0
his,0.0
home,0.0
house,0.0
how,0.0
if,0.0
in,0.0
indeed,0.0
into,0.0
is,0.0
it,0.0
know,0.0
laugh,0.0
lay,0.0
left,0.0
let,0.0
life,0.0
like,0.0
little,0.0
long,0.0
look,0.0
lost,0.0
made,0.0
make,0.0
making,0.0
many,0.0
may,0.0
me,0.0
meet,0.0
men,0.0
might,0.0
mine,0.0
more,0.0
morning,0.0
most,0.0
must,0.0
my,0.0
next,0.0
night,0.0
no,0.0
noise,0.0
none,0.0
nor,0.0
not,0.0
nothing,0.0
now,0.0
of,0.0
off,0.0
old,0.0
on,0.0
once,0.0
one,0.0
or,0.0
our,0.0
out,0.0
part,0.0
past,0.0
place,0.0
please,0.0
put,0.0
ready,0.0
reason,0.0
red,0.0
rise,0.0
round,0.0
run,0.0
s,0.0
said,0.0
same,0.0
saw,0.0
say,0.0
secret,0.0
see,0.0
set,0.0
she,0.0
should,0.0
sight,0.0
sit,0.0
so,0.0
some,0.0
sound,0.0
speak,0.0
stand,0.0
still,0.0
stood,0.0
such,0.0
sweet,0.0
take,0.0
tell,0.0
that,0.0
the,0.0
their,0.0
them,0.0
then,0.0
there,0.0
these,0.0
they,0.0
thing,0.0
think,0.0
this,0.0
those,0.0
thought,0.0
through,0.0
till,0.0
time,0.0
times,0.0
to,0.0
told,0.0
tongue,0.0
too,0.0
two,0.0
want,0.0
was,0.0
way,0.0
we,0.0
well,0.0
went,0.0
were,0.0
what,0.0
when,0.0
where,0.0
while,0.0
who,0.0
why,0.0
will,0.0
wise,0.0
wish,0.0
with,0.0
within,0.0
without,0.0
world,0.0
would,0.0
write,0.0
yet,0.0
you,0.0
young,0.0
your,0.0
