Fulton,0.766082
Hartsfield,0.696203
Pelham,0.696203
Vandiver,0.688438
Bush,0.680674
Caldwell,0.680674
irregularities,0.680674
polls,0.680674
Byrd,0.67291
Colquitt,0.67291
Felix,0.67291
Ivan,0.67291
Ordinary,0.67291
Roads,0.67291
Rural,0.67291
adjournment,0.67291
coolest,0.67291
departments,0.67291
legislator,0.67291
portion,0.67291
rescind,0.67291
Alpharetta,0.665145
Ask,0.665145
Being,0.665145
Bellwood,0.665145
Callan,0.665145
Cheshire,0.665145
Dorsey,0.665145
Durwood,0.665145
Everything,0.665145
Gainesville,0.665145
Implementation,0.665145
Ledford,0.665145
Lt,0.665145
Mac,0.665145
Merger,0.665145
Nevertheless,0.665145
Opelika,0.665145
Pearl,0.665145
Policeman,0.665145
Purchasing,0.665145
Pye,0.665145
Regarding,0.665145
Rob,0.665145
Savannah,0.665145
Schley,0.665145
Snodgrass,0.665145
Tabb,0.665145
Tower,0.665145
Wards,0.665145
administrators,0.665145
ambiguous,0.665145
amicable,0.665145
appraisers,0.665145
awarding,0.665145
calmest,0.665145
concessionaires,0.665145
consistently,0.665145
cruelty,0.665145
disable,0.665145
disproportionate,0.665145
dissents,0.665145
effected,0.665145
emphasizing,0.665145
equitable,0.665145
expended,0.665145
expires,0.665145
extern,0.665145
feared,0.665145
foster,0.665145
handful,0.665145
hopper,0.665145
hurdle,0.665145
implementation,0.665145
incorporated,0.665145
influences,0.665145
intends,0.665145
interlude,0.665145
intern,0.665145
inure,0.665145
item,0.665145
juries,0.665145
mental,0.665145
modernizing,0.665145
nominate,0.665145
outmoded,0.665145
periodic,0.665145
picking,0.665145
presentments,0.665145
proportionate,0.665145
protected,0.665145
quickie,0.665145
receives,0.665145
reconstruction,0.665145
reelection,0.665145
remedy,0.665145
repealed,0.665145
requesting,0.665145
responses,0.665145
smooth,0.665145
specifically,0.665145
surveillance,0.665145
swipe,0.665145
threats,0.665145
tossed,0.665145
unmeritorious,0.665145
validity,0.665145
wards,0.665145
mayor,0.56868
anonymous,0.555996
Griffin,0.549653
Ridge,0.549653
Welfare,0.549653
airport,0.549653
deputies,0.549653
orderly,0.549653
privilege,0.549653
raises,0.549653
revolving,0.549653
succeeded,0.549653
Attorneys,0.543311
Bar,0.543311
Bowden,0.543311
Construction,0.543311
Failure,0.543311
Garland,0.543311
Jail,0.543311
Jury,0.543311
Marvin,0.543311
Sheriff,0.543311
adjustments,0.543311
agriculture,0.543311
allotted,0.543311
allowances,0.543311
approve,0.543311
brief,0.543311
burden,0.543311
chambers,0.543311
compensation,0.543311
congressmen,0.543311
considering,0.543311
criticisms,0.543311
dispute,0.543311
distribute,0.543311
doctor,0.543311
efficiency,0.543311
featured,0.543311
fought,0.543311
friendly,0.543311
guardians,0.543311
gubernatorial,0.543311
gun,0.543311
insure,0.543311
interim,0.543311
issuance,0.543311
liquor,0.543311
opposes,0.543311
platform,0.543311
policeman,0.543311
praise,0.543311
precincts,0.543311
pricing,0.543311
protect,0.543311
reasonable,0.543311
reconsideration,0.543311
registered,0.543311
registration,0.543311
repair,0.543311
revised,0.543311
servants,0.543311
signatures,0.543311
smell,0.543311
subjected,0.543311
topics,0.543311
traveled,0.543311
unanimous,0.543311
undue,0.543311
warned,0.543311
Atlanta,0.505104
Highway,0.488573
legislators,0.488573
petition,0.488573
Barber,0.483063
highway,0.483063
Authority,0.477553
Executive,0.477553
Miller,0.477553
Rep,0.477553
exception,0.477553
jurors,0.477553
operated,0.477553
petitions,0.477553
priority,0.477553
Berry,0.472043
Carey,0.472043
Constitution,0.472043
GOP,0.472043
Grady,0.472043
Rd,0.472043
accepted,0.472043
congressional,0.472043
contracts,0.472043
coordinator,0.472043
courses,0.472043
delegation,0.472043
deserves,0.472043
details,0.472043
determine,0.472043
divorce,0.472043
dollar,0.472043
duty,0.472043
elaborate,0.472043
endorse,0.472043
enthusiasm,0.472043
enthusiastic,0.472043
farms,0.472043
fees,0.472043
fit,0.472043
governments,0.472043
handling,0.472043
highways,0.472043
inadequate,0.472043
investigate,0.472043
lacking,0.472043
lived,0.472043
matters,0.472043
multi,0.472043
occupation,0.472043
operating,0.472043
outgoing,0.472043
outright,0.472043
pension,0.472043
pistol,0.472043
populous,0.472043
praised,0.472043
promise,0.472043
promised,0.472043
purchasing,0.472043
rally,0.472043
relative,0.472043
settlement,0.472043
sheriff,0.472043
stood,0.472043
title,0.472043
veiled,0.472043
violence,0.472043
wasn,0.472043
bonds,0.446077
campaign,0.441157
Legislature,0.436237
rural,0.436237
superintendent,0.431317
Superior,0.426397
candidates,0.426397
controversy,0.426397
employed,0.426397
enabling,0.426397
enter,0.426397
jail,0.426397
permit,0.426397
resigned,0.426397
roads,0.426397
suit,0.426397
Ala,0.421477
During,0.421477
Five,0.421477
Jackson,0.421477
Meanwhile,0.421477
Office,0.421477
Tax,0.421477
Tom,0.421477
alternative,0.421477
amendment,0.421477
asking,0.421477
authorities,0.421477
automobile,0.421477
birth,0.421477
consulted,0.421477
defeated,0.421477
distribution,0.421477
entering,0.421477
experienced,0.421477
granted,0.421477
improving,0.421477
items,0.421477
keeping,0.421477
marked,0.421477
midnight,0.421477
notice,0.421477
offices,0.421477
procedures,0.421477
produced,0.421477
quiet,0.421477
realize,0.421477
recommendations,0.421477
reportedly,0.421477
resignation,0.421477
seen,0.421477
shortly,0.421477
speaker,0.421477
thanks,0.421477
urban,0.421477
wait,0.421477
warning,0.421477
widespread,0.421477
Georgia,0.41349
Davis,0.391179
bond,0.391179
practices,0.391179
Sept,0.386717
approved,0.386717
citizens,0.386717
teacher,0.386717
voting,0.386717
jury,0.383462
resolution,0.382913
Commissioner,0.382255
Despite,0.382255
Health,0.382255
Party,0.382255
actions,0.382255
allow,0.382255
aside,0.382255
career,0.382255
clerical,0.382255
courts,0.382255
eliminate,0.382255
encouragement,0.382255
establishment,0.382255
filed,0.382255
force,0.382255
goes,0.382255
heavily,0.382255
medical,0.382255
mention,0.382255
phone,0.382255
policies,0.382255
reduce,0.382255
sessions,0.382255
technical,0.382255
votes,0.382255
wind,0.382255
Republicans,0.366561
Williams,0.366561
candidate,0.362473
recommended,0.362473
Mayor,0.358385
governor,0.358385
Allen,0.354297
Blue,0.354297
audience,0.354297
bit,0.354297
commented,0.354297
counties,0.354297
laws,0.354297
manner,0.354297
none,0.354297
personnel,0.354297
source,0.354297
voted,0.354297
Commerce,0.350209
Grand,0.350209
Many,0.350209
November,0.350209
Police,0.350209
September,0.350209
achieve,0.350209
armed,0.350209
assistance,0.350209
available,0.350209
ballot,0.350209
believes,0.350209
body,0.350209
constitutional,0.350209
council,0.350209
drop,0.350209
employes,0.350209
fully,0.350209
hot,0.350209
likely,0.350209
management,0.350209
married,0.350209
names,0.350209
prison,0.350209
serve,0.350209
shot,0.350209
sought,0.350209
studied,0.350209
taxpayers,0.350209
traditional,0.350209
visit,0.350209
primary,0.334429
race,0.334429
voters,0.334429
Gov,0.330657
listed,0.330657
ordinary,0.326885
trouble,0.326885
urged,0.326885
welfare,0.326885
Before,0.323114
Harry,0.323114
October,0.323114
Sen,0.323114
allowed,0.323114
appointment,0.323114
ask,0.323114
battle,0.323114
church,0.323114
conducted,0.323114
construction,0.323114
crowd,0.323114
directed,0.323114
expense,0.323114
fair,0.323114
formally,0.323114
investigation,0.323114
issued,0.323114
itself,0.323114
learned,0.323114
newly,0.323114
obtain,0.323114
opposed,0.323114
principal,0.323114
provided,0.323114
rejected,0.323114
study,0.323114
takes,0.323114
unit,0.323114
grand,0.306638
offer,0.303141
election,0.29994
Aug,0.299643
Chairman,0.299643
Four,0.299643
Only,0.299643
appointed,0.299643
assistant,0.299643
attended,0.299643
child,0.299643
combined,0.299643
costs,0.299643
death,0.299643
hold,0.299643
homes,0.299643
increased,0.299643
leading,0.299643
offered,0.299643
ones,0.299643
post,0.299643
purpose,0.299643
receive,0.299643
research,0.299643
sign,0.299643
starts,0.299643
steps,0.299643
telephone,0.299643
weekend,0.299643
calls,0.285452
elected,0.285452
Senate,0.282196
administration,0.282196
age,0.282196
apparently,0.282196
charged,0.282196
couple,0.282196
passed,0.282196
veteran,0.282196
Aj,0.27894
Democratic,0.27894
Education,0.27894
largest,0.27894
legislation,0.27894
let,0.27894
opened,0.27894
pointed,0.27894
property,0.27894
road,0.27894
sales,0.27894
size,0.27894
yet,0.27894
Department,0.266423
Court,0.263461
act,0.263461
additional,0.263461
didn,0.263461
reports,0.263461
test,0.263461
Congress,0.260421
Hospital,0.260421
Sam,0.260421
These,0.260421
agreed,0.260421
begin,0.260421
cost,0.260421
daughter,0.260421
department,0.260421
fire,0.260421
greater,0.260421
pass,0.260421
prices,0.260421
read,0.260421
scheduled,0.260421
word,0.260421
worked,0.260421
county,0.255046
worth,0.249357
Jan,0.246513
attorney,0.246513
follow,0.246513
fund,0.246513
Board,0.243668
However,0.243668
Texas,0.243668
areas,0.243668
carry,0.243668
cent,0.243668
continue,0.243668
event,0.243668
less,0.243668
officials,0.243668
often,0.243668
previous,0.243668
ready,0.243668
seek,0.243668
services,0.243668
son,0.243668
strong,0.243668
issue,0.239038
term,0.236372
charge,0.23104
says,0.23104
Association,0.228374
Henry,0.228374
Judge,0.228374
While,0.228374
afternoon,0.228374
effect,0.228374
effective,0.228374
generally,0.228374
party,0.228374
similar,0.228374
something,0.228374
County,0.222426
federal,0.22181
vote,0.22181
increase,0.219309
himself,0.216807
political,0.216807
proposed,0.216807
saw,0.216807
Robert,0.214305
aid,0.214305
became,0.214305
date,0.214305
earlier,0.214305
evidence,0.214305
fact,0.214305
further,0.214305
getting,0.214305
hard,0.214305
official,0.214305
relations,0.214305
soon,0.214305
tax,0.214305
wanted,0.214305
court,0.205979
whether,0.205979
funds,0.204609
per,0.203629
L,0.201279
find,0.201279
near,0.201279
operation,0.201279
paid,0.201279
plans,0.201279
million,0.200193
action,0.193569
education,0.191361
future,0.191361
pay,0.191361
plan,0.191361
provide,0.191361
session,0.191361
system,0.191361
Wednesday,0.189153
board,0.189153
committee,0.189153
feel,0.189153
re,0.189153
support,0.189153
th,0.189153
won,0.189153
city,0.188187
law,0.18196
interest,0.179884
George,0.177809
P,0.177809
according,0.177809
become,0.177809
done,0.177809
every,0.177809
face,0.177809
order,0.177809
real,0.177809
toward,0.177809
Committee,0.169104
His,0.169104
M,0.167153
March,0.167153
among,0.167153
director,0.167153
head,0.167153
office,0.167153
problem,0.167153
recent,0.167153
top,0.167153
upon,0.167153
Friday,0.162608
received,0.162608
B,0.15894
Sunday,0.15894
chairman,0.15894
meeting,0.15894
money,0.15894
After,0.157106
E,0.157106
Saturday,0.157106
brought,0.157106
does,0.157106
former,0.157106
House,0.154495
place,0.152772
Jr,0.151049
number,0.151049
Tuesday,0.149326
William,0.149326
D,0.147603
found,0.147603
give,0.147603
local,0.147603
major,0.147603
might,0.147603
possible,0.147603
put,0.147603
result,0.147603
very,0.147603
Monday,0.145058
expected,0.14344
added,0.141822
wife,0.141822
end,0.140205
making,0.138587
together,0.138587
must,0.133046
When,0.131529
general,0.131529
James,0.130011
On,0.130011
W,0.130011
best,0.130011
days,0.130011
present,0.130011
run,0.130011
taken,0.130011
State,0.128945
state,0.128945
City,0.124679
asked,0.123256
ever,0.123256
however,0.123256
our,0.123256
took,0.123256
As,0.121834
Mrs,0.121834
told,0.121834
went,0.121834
held,0.115352
program,0.115352
J,0.114021
Washington,0.114021
too,0.114021
should,0.112759
school,0.111515
night,0.110271
got,0.107784
public,0.107784
given,0.10654
go,0.10654
these,0.104005
set,0.100525
take,0.100525
against,0.099365
announced,0.099365
good,0.099365
just,0.099365
next,0.099365
past,0.099365
see,0.099365
being,0.0888435
make,0.0878415
did,0.0868396
like,0.0868396
long,0.0858376
many,0.0858376
work,0.0831547
may,0.0794452
off,0.0794452
old,0.0794452
well,0.0794452
each,0.0732772
man,0.0732772
since,0.0732772
back,0.0681042
then,0.0681042
through,0.0681042
we,0.0681042
members,0.0673184
where,0.0673184
t,0.062992
such,0.0622735
John,0.0615549
day,0.0615549
four,0.0615549
both,0.0572813
so,0.0566279
There,0.0559745
They,0.0559745
any,0.0559745
him,0.0559745
This,0.051156
most,0.0505658
home,0.0458475
before,0.0453185
do,0.0453185
what,0.0453185
them,0.0406929
some,0.0373305
under,0.0360953
But,0.0352718
can,0.0352718
said,0.0326868
after,0.0311669
into,0.0311669
time,0.0308114
last,0.0304559
three,0.0257684
years,0.0257684
first,0.0219452
I,0.0216977
He,0.0214502
made,0.0214502
when,0.0212027
there,0.0185126
would,0.0183171
It,0.0177304
or,0.0173393
also,0.0171437
had,0.0171437
two,0.0171437
year,0.0169482
about,0.0167526
new,0.0131369
its,0.012992
more,0.0127022
than,0.0125573
up,0.0125573
this,0.0087495
are,0.0085586
he,0.0085586
no,0.00846315
all,0.00827225
were,0.00827225
In,0.0081768
over,0.0081768
his,0.00446538
been,0.00432388
not,0.00427671
A,0.00418237
but,0.00408803
other,0.00408803
they,0.00408803
The,0.0
``,0.0
a,0.0
an,0.0
and,0.0
as,0.0
at,0.0
be,0.0
by,0.0
for,0.0
from,0.0
has,0.0
have,0.0
in,0.0
is,0.0
it,0.0
of,0.0
on,0.0
one,0.0
out,0.0
s,0.0
that,0.0
the,0.0
to,0.0
was,0.0
which,0.0
who,0.0
will,0.0
with,0.0
