ADC,0.725386
Clark,0.708385
Cotten,0.699884
Parkhouse,0.699884
deaf,0.699884
Grover,0.691384
banks,0.691384
Ratcliff,0.682883
semester,0.682883
Formby,0.674382
Hays,0.674382
Kan,0.674382
Paradise,0.674382
Weatherford,0.674382
authorizing,0.674382
betting,0.674382
brokers,0.674382
certificate,0.674382
dependency,0.674382
escheat,0.674382
horse,0.674382
pipeline,0.674382
racial,0.674382
retailers,0.674382
sp,0.674382
Agency,0.665882
Aikin,0.665882
Bachelor,0.665882
Bexar,0.665882
Brady,0.665882
Buchanan,0.665882
Carson,0.665882
Crump,0.665882
Deaf,0.665882
Dewey,0.665882
Doctor,0.665882
Dumas,0.665882
Eligio,0.665882
Extension,0.665882
Fifty,0.665882
Garza,0.665882
Gaynor,0.665882
Harlingen,0.665882
Hollowell,0.665882
Independent,0.665882
Instead,0.665882
Kika,0.665882
Legislatures,0.665882
Master,0.665882
McLemore,0.665882
Mission,0.665882
Money,0.665882
Natural,0.665882
Navigation,0.665882
Newton,0.665882
Opponents,0.665882
Owen,0.665882
Pirie,0.665882
Plainview,0.665882
Principals,0.665882
Raymondville,0.665882
Relatively,0.665882
Saba,0.665882
Schwartz,0.665882
Seminole,0.665882
Statements,0.665882
Strickland,0.665882
Sulphur,0.665882
TEA,0.665882
Tarrant,0.665882
Taxation,0.665882
Texan,0.665882
Virgil,0.665882
Wesley,0.665882
Wise,0.665882
advocacy,0.665882
alleged,0.665882
amended,0.665882
appearing,0.665882
appointee,0.665882
athletic,0.665882
breakups,0.665882
con,0.665882
construed,0.665882
contractual,0.665882
correctness,0.665882
culminating,0.665882
decrease,0.665882
defenders,0.665882
deficit,0.665882
depositors,0.665882
desertion,0.665882
dissent,0.665882
drafted,0.665882
eminent,0.665882
enact,0.665882
enforcing,0.665882
enlarged,0.665882
erase,0.665882
gambler,0.665882
hamlet,0.665882
illegitimacy,0.665882
impair,0.665882
instructor,0.665882
intelligent,0.665882
kill,0.665882
letterman,0.665882
lieutenant,0.665882
locate,0.665882
majorities,0.665882
math,0.665882
meager,0.665882
meantime,0.665882
mentally,0.665882
miscellaneous,0.665882
notarized,0.665882
parimutuels,0.665882
patrolman,0.665882
peanut,0.665882
physics,0.665882
ponies,0.665882
preserving,0.665882
professor,0.665882
protests,0.665882
recommendation,0.665882
referendum,0.665882
regents,0.665882
relieve,0.665882
republic,0.665882
reservoirs,0.665882
retarded,0.665882
scholastics,0.665882
shouting,0.665882
sledding,0.665882
sounded,0.665882
stake,0.665882
storage,0.665882
subcommittee,0.665882
subsistence,0.665882
sway,0.665882
taunted,0.665882
teaches,0.665882
unconstitutional,0.665882
undermine,0.665882
vacancies,0.665882
validated,0.665882
watered,0.665882
Daniel,0.571687
Roberts,0.5578
causes,0.5578
discrimination,0.5578
Denton,0.550856
Paso,0.550856
Research,0.550856
Science,0.550856
Scott,0.550856
Worth,0.550856
finally,0.550856
personally,0.550856
solve,0.550856
Beaumont,0.543913
Calls,0.543913
Galveston,0.543913
Hudson,0.543913
Lamar,0.543913
Operating,0.543913
Representatives,0.543913
Reps,0.543913
Senators,0.543913
Signal,0.543913
Southwestern,0.543913
Supt,0.543913
Texans,0.543913
Tyler,0.543913
absent,0.543913
accounts,0.543913
acquire,0.543913
adamant,0.543913
adverse,0.543913
authorize,0.543913
border,0.543913
chemistry,0.543913
circulation,0.543913
composed,0.543913
contention,0.543913
corporations,0.543913
dependent,0.543913
domain,0.543913
donations,0.543913
elections,0.543913
estimate,0.543913
excise,0.543913
extension,0.543913
extremely,0.543913
fare,0.543913
folks,0.543913
gotten,0.543913
keynote,0.543913
licensing,0.543913
normal,0.543913
option,0.543913
outlay,0.543913
pending,0.543913
permitting,0.543913
pockets,0.543913
prevention,0.543913
printed,0.543913
recipients,0.543913
reducing,0.543913
relatives,0.543913
retire,0.543913
scholastic,0.543913
schooling,0.543913
senate,0.543913
signers,0.543913
soaring,0.543913
unanimously,0.543913
underground,0.543913
violate,0.543913
whipped,0.543913
yearly,0.543913
Rep,0.502729
cities,0.490664
Berry,0.484631
Fort,0.484631
courses,0.484631
Cox,0.478598
El,0.478598
districts,0.478598
eliminating,0.478598
insurance,0.478598
legislators,0.478598
requirement,0.478598
sponsor,0.478598
Affairs,0.472565
Antonio,0.472565
Bankers,0.472565
Clarence,0.472565
Cook,0.472565
Highway,0.472565
Marshall,0.472565
Must,0.472565
Okla,0.472565
Price,0.472565
Revenue,0.472565
Springs,0.472565
abandoned,0.472565
automatically,0.472565
breakdown,0.472565
calendar,0.472565
captain,0.472565
conservative,0.472565
consulting,0.472565
contracts,0.472565
couldn,0.472565
depend,0.472565
details,0.472565
effectively,0.472565
enforced,0.472565
fill,0.472565
fiscal,0.472565
gifts,0.472565
justice,0.472565
missing,0.472565
occupation,0.472565
older,0.472565
passage,0.472565
permits,0.472565
populous,0.472565
prefer,0.472565
projects,0.472565
rejection,0.472565
residential,0.472565
revision,0.472565
ribbon,0.472565
savings,0.472565
selected,0.472565
senator,0.472565
senators,0.472565
sending,0.472565
site,0.472565
sites,0.472565
skills,0.472565
subjects,0.472565
succeed,0.472565
thinks,0.472565
underlying,0.472565
veiled,0.472565
violation,0.472565
witnesses,0.472565
Oklahoma,0.432717
bonds,0.432717
recommendations,0.432717
Chapman,0.42733
Legislature,0.42733
amendment,0.42733
bank,0.42733
debate,0.42733
places,0.42733
poll,0.42733
representatives,0.42733
require,0.42733
teachers,0.42733
During,0.421944
Gulf,0.421944
Hughes,0.421944
Supreme,0.421944
Technology,0.421944
Without,0.421944
absorbed,0.421944
anticipated,0.421944
associate,0.421944
committees,0.421944
complained,0.421944
costly,0.421944
customers,0.421944
deal,0.421944
delay,0.421944
denied,0.421944
destroy,0.421944
economy,0.421944
educational,0.421944
enabling,0.421944
faces,0.421944
favorable,0.421944
fee,0.421944
impossible,0.421944
insisted,0.421944
load,0.421944
loan,0.421944
monthly,0.421944
mostly,0.421944
notice,0.421944
obligations,0.421944
parents,0.421944
penalty,0.421944
previously,0.421944
providing,0.421944
recommend,0.421944
remainder,0.421944
rural,0.421944
serving,0.421944
speaker,0.421944
termed,0.421944
utility,0.421944
Dallas,0.404305
Paris,0.392449
bankers,0.392449
employment,0.392449
teacher,0.392449
approved,0.387564
career,0.387564
confidence,0.387564
establishment,0.387564
force,0.387564
gas,0.387564
reduce,0.387564
stocks,0.387564
Chester,0.382678
Collins,0.382678
Commission,0.382678
Health,0.382678
Institute,0.382678
Junior,0.382678
Rhode,0.382678
acts,0.382678
basketball,0.382678
benefit,0.382678
citizens,0.382678
considerably,0.382678
cover,0.382678
creation,0.382678
credit,0.382678
doubt,0.382678
earned,0.382678
extending,0.382678
failure,0.382678
gift,0.382678
holds,0.382678
learning,0.382678
license,0.382678
master,0.382678
oppose,0.382678
opposition,0.382678
permitted,0.382678
quickly,0.382678
reduced,0.382678
rules,0.382678
suggested,0.382678
teach,0.382678
thirds,0.382678
unity,0.382678
volume,0.382678
votes,0.382678
willing,0.382678
water,0.368499
dollars,0.364023
Houston,0.359548
ballot,0.359548
counties,0.359548
teaching,0.359548
Sherman,0.355072
Under,0.355072
approval,0.355072
argued,0.355072
authority,0.355072
constitutional,0.355072
governor,0.355072
English,0.350596
Harris,0.350596
La,0.350596
Most,0.350596
V,0.350596
assistance,0.350596
blue,0.350596
capital,0.350596
choice,0.350596
co,0.350596
expects,0.350596
football,0.350596
forced,0.350596
idea,0.350596
lawyer,0.350596
legislative,0.350596
letters,0.350596
living,0.350596
prison,0.350596
proposals,0.350596
range,0.350596
resolution,0.350596
saving,0.350596
sought,0.350596
sponsored,0.350596
studied,0.350596
taxpayers,0.350596
voted,0.350596
Sen,0.348248
degree,0.33586
measure,0.327601
methods,0.327601
principal,0.327601
race,0.327601
taxes,0.327601
Another,0.323471
Corps,0.323471
Gov,0.323471
Red,0.323471
accept,0.323471
adopted,0.323471
appointment,0.323471
books,0.323471
budget,0.323471
color,0.323471
construction,0.323471
despite,0.323471
directed,0.323471
ended,0.323471
ex,0.323471
information,0.323471
listed,0.323471
millions,0.323471
obtain,0.323471
paying,0.323471
poor,0.323471
population,0.323471
produce,0.323471
questions,0.323471
rejected,0.323471
representing,0.323471
study,0.323471
subject,0.323471
treasurer,0.323471
voters,0.323471
welfare,0.323471
Austin,0.322951
bill,0.320617
proposal,0.311463
Texas,0.309334
Martin,0.307633
hearing,0.307633
Joe,0.303804
Jones,0.303804
senior,0.303804
Aug,0.299975
Chairman,0.299975
De,0.299975
Massachusetts,0.299975
cases,0.299975
close,0.299975
establish,0.299975
estate,0.299975
firms,0.299975
immediately,0.299975
introduced,0.299975
leading,0.299975
maximum,0.299975
ones,0.299975
passing,0.299975
person,0.299975
personal,0.299975
planning,0.299975
receive,0.299975
seemed,0.299975
sign,0.299975
team,0.299975
town,0.299975
passed,0.297073
Education,0.289944
Senate,0.289944
property,0.289944
District,0.286379
attend,0.286379
companies,0.286379
San,0.282814
age,0.282814
bills,0.282814
elected,0.282814
required,0.282814
spent,0.282814
An,0.279249
Army,0.279249
Co,0.279249
Coast,0.279249
Feb,0.279249
League,0.279249
although,0.279249
believe,0.279249
estimated,0.279249
except,0.279249
hear,0.279249
heard,0.279249
informed,0.279249
largest,0.279249
legislation,0.279249
named,0.279249
needs,0.279249
students,0.279249
why,0.279249
yet,0.279249
college,0.267366
April,0.264037
Hospital,0.264037
act,0.264037
cost,0.264037
junior,0.264037
Congress,0.260709
Court,0.260709
Howard,0.260709
Lawrence,0.260709
Louis,0.260709
O,0.260709
Sam,0.260709
These,0.260709
You,0.260709
addition,0.260709
amount,0.260709
community,0.260709
fight,0.260709
fire,0.260709
joined,0.260709
live,0.260709
plus,0.260709
worked,0.260709
College,0.259509
Thursday,0.256395
report,0.256395
county,0.25328
problems,0.247052
Department,0.243938
attorney,0.243938
cannot,0.243938
carry,0.243938
chief,0.243938
current,0.243938
felt,0.243938
less,0.243938
limited,0.243938
lost,0.243938
merely,0.243938
previous,0.243938
pro,0.243938
question,0.243938
schools,0.233714
Bill,0.231546
Dr,0.230976
Association,0.228627
Henry,0.228627
High,0.228627
Island,0.228627
While,0.228627
boy,0.228627
declared,0.228627
district,0.228627
generally,0.228627
project,0.228627
serious,0.228627
similar,0.228627
something,0.228627
tell,0.228627
term,0.228627
School,0.22002
help,0.22002
hours,0.22002
aid,0.217281
means,0.217281
proposed,0.217281
soon,0.217281
tax,0.217281
vote,0.217281
Two,0.214543
attack,0.214543
certain,0.214543
development,0.214543
federal,0.214543
final,0.214543
further,0.214543
getting,0.214543
hard,0.214543
increase,0.214543
kind,0.214543
political,0.214543
series,0.214543
wide,0.214543
committee,0.208701
County,0.204075
designed,0.204075
served,0.204075
Other,0.201502
West,0.201502
coming,0.201502
fine,0.201502
kept,0.201502
least,0.201502
return,0.201502
sent,0.201502
seven,0.201502
board,0.194197
million,0.194197
pay,0.194197
Charles,0.191779
future,0.191779
plan,0.191779
provide,0.191779
re,0.191779
reported,0.191779
All,0.189362
education,0.189362
history,0.189362
house,0.189362
persons,0.189362
session,0.189362
yesterday,0.189362
family,0.18255
law,0.18255
George,0.180278
effort,0.180278
enough,0.180278
Frank,0.178005
almost,0.178005
decided,0.178005
led,0.178005
order,0.178005
probably,0.178005
real,0.178005
small,0.178005
taking,0.178005
Committee,0.17161
upon,0.169474
F,0.167338
His,0.167338
M,0.167338
March,0.167338
director,0.167338
firm,0.167338
problem,0.167338
children,0.161296
B,0.159288
E,0.159288
One,0.159288
better,0.159288
chairman,0.159288
If,0.15728
able,0.15728
former,0.15728
large,0.15728
money,0.15728
received,0.15728
House,0.157198
give,0.151539
local,0.151539
R,0.149652
University,0.149652
We,0.149652
including,0.149652
need,0.149652
Jr,0.147766
possible,0.147766
Monday,0.13874
York,0.13874
case,0.13874
end,0.13874
expected,0.13874
left,0.13874
making,0.13874
third,0.13874
State,0.132868
big,0.131816
general,0.131816
little,0.131816
you,0.131816
James,0.130155
W,0.130155
When,0.130155
must,0.130155
my,0.130155
present,0.130155
right,0.130155
taken,0.130155
state,0.128197
called,0.125083
special,0.125083
C,0.123526
five,0.123526
told,0.123526
City,0.121969
own,0.121969
several,0.121969
still,0.121969
went,0.121969
program,0.118519
J,0.117062
annual,0.115604
later,0.115604
president,0.115604
school,0.114828
public,0.112105
U,0.10802
between,0.10802
given,0.10802
got,0.106658
group,0.106658
m,0.106658
should,0.106658
against,0.102015
take,0.100745
here,0.099475
next,0.099475
set,0.099475
these,0.099475
people,0.0949371
like,0.0881266
S,0.0870296
long,0.0870296
make,0.0870296
being,0.0859326
did,0.0859326
many,0.0859326
may,0.0795332
work,0.0795332
since,0.0761678
each,0.0733584
high,0.0691136
members,0.0682532
New,0.0673929
down,0.0673929
through,0.0673929
where,0.0673929
day,0.0647698
such,0.0631964
four,0.0616231
t,0.0616231
because,0.0567518
get,0.0567518
There,0.0560364
any,0.0560364
both,0.0560364
if,0.0560364
so,0.0560364
most,0.0519142
This,0.051268
week,0.0506217
before,0.0459479
could,0.0459479
do,0.0453687
home,0.0453687
what,0.0453687
them,0.040782
can,0.0362124
But,0.0357616
under,0.0353108
after,0.0304896
last,0.0304896
time,0.0304896
said,0.0300782
years,0.0264556
now,0.0261263
three,0.0261263
would,0.0221237
He,0.0220391
I,0.0217681
when,0.0217681
first,0.0212262
made,0.0212262
only,0.0212262
year,0.0176276
also,0.0174135
or,0.0174135
two,0.0174135
It,0.0171994
had,0.0169853
about,0.0167712
there,0.0167712
more,0.0132193
its,0.0129021
than,0.0127434
their,0.0125848
new,0.0124262
up,0.0124262
he,0.00902186
are,0.00860386
were,0.00839486
all,0.00829035
this,0.00829035
In,0.00818585
no,0.00818585
over,0.00818585
A,0.00435519
other,0.00430354
his,0.0042519
not,0.0042519
been,0.00409697
they,0.00409697
but,0.00404533
The,0.0
``,0.0
a,0.0
an,0.0
and,0.0
as,0.0
at,0.0
be,0.0
by,0.0
for,0.0
from,0.0
has,0.0
have,0.0
in,0.0
is,0.0
it,0.0
of,0.0
on,0.0
one,0.0
out,0.0
s,0.0
that,0.0
the,0.0
to,0.0
was,0.0
which,0.0
who,0.0
will,0.0
with,0.0
