NATO,0.713328
Oslo,0.692348
alliance,0.685355
Organization,0.678361
Angola,0.671368
Delinquency,0.671368
Policies,0.671368
SEATO,0.671368
Thailand,0.671368
Treaty,0.671368
arrests,0.671368
correspondents,0.671368
noticeable,0.671368
provocation,0.671368
revamped,0.671368
Again,0.664374
Aid,0.664374
Brandeis,0.664374
Cabinet,0.664374
Conflict,0.664374
Cooperation,0.664374
Detente,0.664374
Exploratory,0.664374
Explosion,0.664374
Former,0.664374
Fulbright,0.664374
Gallup,0.664374
Hackett,0.664374
Ministers,0.664374
Norway,0.664374
Offenses,0.664374
Portugal,0.664374
Simultaneously,0.664374
Strenuous,0.664374
Thruston,0.664374
UN,0.664374
absence,0.664374
accredited,0.664374
ad,0.664374
affirmation,0.664374
aggression,0.664374
allied,0.664374
amateurish,0.664374
analysis,0.664374
arises,0.664374
asks,0.664374
assailed,0.664374
assertion,0.664374
assisted,0.664374
avoided,0.664374
blended,0.664374
blunders,0.664374
candor,0.664374
channels,0.664374
clash,0.664374
colonialist,0.664374
combating,0.664374
compelled,0.664374
complication,0.664374
conciliatory,0.664374
confrontations,0.664374
conspicuous,0.664374
contingency,0.664374
coordinate,0.664374
coping,0.664374
cornerstone,0.664374
correspondent,0.664374
courteous,0.664374
critics,0.664374
delinquency,0.664374
detach,0.664374
detente,0.664374
deterrent,0.664374
diplomat,0.664374
directions,0.664374
disapprove,0.664374
disturbing,0.664374
docile,0.664374
domination,0.664374
educators,0.664374
emotionally,0.664374
enunciate,0.664374
erupts,0.664374
essence,0.664374
exacerbated,0.664374
excuses,0.664374
exploratory,0.664374
facto,0.664374
feeds,0.664374
fiasco,0.664374
formative,0.664374
franker,0.664374
freer,0.664374
freeze,0.664374
geographical,0.664374
haltingly,0.664374
harsh,0.664374
hastened,0.664374
hilt,0.664374
hoc,0.664374
impetus,0.664374
inconclusive,0.664374
inspection,0.664374
intellectually,0.664374
larceny,0.664374
locomotive,0.664374
manifestations,0.664374
modifications,0.664374
monumental,0.664374
multiply,0.664374
nightmare,0.664374
northernmost,0.664374
observer,0.664374
offenders,0.664374
pin,0.664374
pleads,0.664374
popularity,0.664374
pricking,0.664374
proceed,0.664374
professors,0.664374
profound,0.664374
realization,0.664374
recommends,0.664374
reiterated,0.664374
rekindling,0.664374
relinquish,0.664374
remarkably,0.664374
respected,0.664374
restrain,0.664374
revolt,0.664374
rumored,0.664374
sailing,0.664374
semipublic,0.664374
setbacks,0.664374
sheet,0.664374
shipped,0.664374
solemnly,0.664374
spark,0.664374
speeches,0.664374
suited,0.664374
susceptible,0.664374
tactical,0.664374
tenor,0.664374
tentative,0.664374
tolerated,0.664374
totalitarian,0.664374
tragedies,0.664374
trusting,0.664374
unchanged,0.664374
underdeveloped,0.664374
understates,0.664374
vagueness,0.664374
wherever,0.664374
Rusk,0.554106
Souvanna,0.554106
Crime,0.548394
Juvenile,0.548394
Phouma,0.548394
acceptable,0.548394
ally,0.548394
conventional,0.548394
global,0.548394
insist,0.548394
spokesmen,0.548394
strengthening,0.548394
tougher,0.548394
Assembly,0.542682
Bureau,0.542682
Citizens,0.542682
Development,0.542682
Harvard,0.542682
Investigation,0.542682
Kentucky,0.542682
Very,0.542682
Welfare,0.542682
Youth,0.542682
acclaimed,0.542682
add,0.542682
aided,0.542682
animated,0.542682
application,0.542682
appreciation,0.542682
attachment,0.542682
burglary,0.542682
chain,0.542682
constructive,0.542682
consultation,0.542682
coordinating,0.542682
cope,0.542682
deeper,0.542682
described,0.542682
determination,0.542682
disagreed,0.542682
disappointment,0.542682
displayed,0.542682
disposal,0.542682
distance,0.542682
dominated,0.542682
element,0.542682
emerge,0.542682
energy,0.542682
entirely,0.542682
erred,0.542682
exile,0.542682
explanation,0.542682
exposed,0.542682
extraordinary,0.542682
faster,0.542682
firmer,0.542682
fixed,0.542682
friction,0.542682
gesture,0.542682
globe,0.542682
helped,0.542682
ill,0.542682
inclination,0.542682
institute,0.542682
listen,0.542682
mainly,0.542682
ministers,0.542682
modified,0.542682
nationalism,0.542682
naval,0.542682
negative,0.542682
neighboring,0.542682
neutralist,0.542682
neutralized,0.542682
optimism,0.542682
outcome,0.542682
positive,0.542682
powers,0.542682
preoccupied,0.542682
rapid,0.542682
ratified,0.542682
react,0.542682
relaxation,0.542682
removal,0.542682
repeated,0.542682
restrained,0.542682
resumption,0.542682
scale,0.542682
setback,0.542682
societies,0.542682
spots,0.542682
steamed,0.542682
submarines,0.542682
surprises,0.542682
surveyed,0.542682
timely,0.542682
topics,0.542682
urgency,0.542682
verification,0.542682
vitality,0.542682
voiced,0.542682
wider,0.542682
Lao,0.486385
juvenile,0.481422
understanding,0.481422
Nam,0.476459
Pathet,0.476459
Prince,0.476459
Viet,0.476459
cease,0.476459
diplomatic,0.476459
showing,0.476459
waters,0.476459
Advisory,0.471496
Asian,0.471496
Economic,0.471496
GOP,0.471496
Royal,0.471496
allies,0.471496
assist,0.471496
atomic,0.471496
attacks,0.471496
ban,0.471496
bloc,0.471496
coalition,0.471496
communities,0.471496
concentrate,0.471496
concluded,0.471496
constantly,0.471496
crime,0.471496
dealing,0.471496
deeply,0.471496
delegation,0.471496
determined,0.471496
difficulties,0.471496
discussions,0.471496
eliminating,0.471496
enactment,0.471496
encourage,0.471496
establishing,0.471496
facing,0.471496
fewer,0.471496
fleet,0.471496
frame,0.471496
fulfilled,0.471496
genuine,0.471496
grants,0.471496
inside,0.471496
intervention,0.471496
method,0.471496
mutual,0.471496
neutral,0.471496
opinions,0.471496
participating,0.471496
performing,0.471496
politics,0.471496
recipient,0.471496
reform,0.471496
reforms,0.471496
remove,0.471496
reviewed,0.471496
senator,0.471496
specific,0.471496
specified,0.471496
stems,0.471496
sufficient,0.471496
tendency,0.471496
tension,0.471496
territory,0.471496
threshold,0.471496
useless,0.471496
victories,0.471496
Communists,0.443146
Cuba,0.434283
Laos,0.430041
Geneva,0.429851
Nixon,0.429851
nuclear,0.429851
danger,0.42542
laid,0.42542
Atlantic,0.420989
Canada,0.420989
European,0.420989
Its,0.420989
Kremlin,0.420989
Morton,0.420989
Technology,0.420989
Vice,0.420989
achievement,0.420989
advance,0.420989
alternative,0.420989
authorities,0.420989
balance,0.420989
bitter,0.420989
check,0.420989
circumstances,0.420989
core,0.420989
count,0.420989
de,0.420989
debate,0.420989
events,0.420989
eventually,0.420989
explain,0.420989
explosion,0.420989
huge,0.420989
invasion,0.420989
lack,0.420989
looked,0.420989
losses,0.420989
main,0.420989
march,0.420989
moves,0.420989
negotiations,0.420989
neighbors,0.420989
nevertheless,0.420989
notice,0.420989
obligations,0.420989
poll,0.420989
recommend,0.420989
regard,0.420989
risk,0.420989
trend,0.420989
troubles,0.420989
unlike,0.420989
warning,0.420989
policies,0.393869
Foreign,0.38985
actions,0.385831
attempt,0.385831
critical,0.385831
prove,0.385831
somewhat,0.385831
Africa,0.381812
Arkansas,0.381812
Asia,0.381812
Castro,0.381812
Detroit,0.381812
Health,0.381812
How,0.381812
Institute,0.381812
Relations,0.381812
Until,0.381812
appear,0.381812
atmosphere,0.381812
changed,0.381812
closer,0.381812
conditions,0.381812
cooperation,0.381812
decisions,0.381812
detailed,0.381812
dramatic,0.381812
emphasis,0.381812
encouraging,0.381812
feels,0.381812
firmly,0.381812
formula,0.381812
gradually,0.381812
heart,0.381812
ideas,0.381812
impression,0.381812
learn,0.381812
maintenance,0.381812
meetings,0.381812
mood,0.381812
oppose,0.381812
recognized,0.381812
regime,0.381812
response,0.381812
responsible,0.381812
route,0.381812
statements,0.381812
track,0.381812
unity,0.381812
various,0.381812
votes,0.381812
wisdom,0.381812
Republicans,0.360849
council,0.357167
Attorney,0.353485
Eisenhower,0.353485
Senator,0.353485
Southeast,0.353485
apparent,0.353485
arms,0.353485
Berlin,0.349803
Cuban,0.349803
Dean,0.349803
Latin,0.349803
achieve,0.349803
affair,0.349803
behind,0.349803
build,0.349803
capital,0.349803
certainly,0.349803
climate,0.349803
commission,0.349803
completely,0.349803
difficult,0.349803
direction,0.349803
discussed,0.349803
errors,0.349803
factor,0.349803
fighting,0.349803
gain,0.349803
idea,0.349803
mind,0.349803
moving,0.349803
parts,0.349803
positions,0.349803
reaction,0.349803
reply,0.349803
source,0.349803
supported,0.349803
table,0.349803
thus,0.349803
administration,0.340206
countries,0.329534
despite,0.329534
leadership,0.329534
step,0.329534
Republican,0.326136
changes,0.326136
accept,0.322739
always,0.322739
appointment,0.322739
attending,0.322739
conflict,0.322739
connection,0.322739
different,0.322739
disclosed,0.322739
doubled,0.322739
groups,0.322739
growth,0.322739
hoped,0.322739
information,0.322739
issued,0.322739
itself,0.322739
met,0.322739
nature,0.322739
programs,0.322739
score,0.322739
speech,0.322739
spirit,0.322739
tremendous,0.322739
trouble,0.322739
urged,0.322739
walk,0.322739
whom,0.322739
General,0.305597
Soviet,0.305597
Western,0.302446
nations,0.302446
Even,0.299296
Labor,0.299296
Massachusetts,0.299296
alone,0.299296
assistant,0.299296
cases,0.299296
greatest,0.299296
ground,0.299296
hopes,0.299296
instead,0.299296
mean,0.299296
outside,0.299296
personal,0.299296
points,0.299296
possibility,0.299296
raising,0.299296
rate,0.299296
sense,0.299296
setting,0.299296
steps,0.299296
trade,0.299296
Communist,0.296214
concerned,0.284482
Union,0.28155
basic,0.28155
economic,0.28155
prevent,0.28155
policy,0.279286
Army,0.278617
Boston,0.278617
Each,0.278617
Education,0.278617
Senate,0.278617
age,0.278617
informed,0.278617
interested,0.278617
legislation,0.278617
let,0.278617
perhaps,0.278617
prepared,0.278617
spring,0.278617
treated,0.278617
war,0.278617
why,0.278617
yet,0.278617
Secretary,0.27381
Congress,0.262857
executive,0.262857
fire,0.262857
international,0.262857
states,0.262857
Federal,0.260119
agreed,0.260119
base,0.260119
clearly,0.260119
didn,0.260119
greater,0.260119
hardly,0.260119
once,0.260119
secretary,0.260119
social,0.260119
test,0.260119
whole,0.260119
conference,0.251072
problems,0.251072
question,0.24851
Council,0.245948
clear,0.245948
felt,0.245948
forces,0.245948
limited,0.245948
pro,0.245948
ready,0.245948
Department,0.243386
Thursday,0.243386
areas,0.243386
carry,0.243386
caused,0.243386
continue,0.243386
daily,0.243386
favor,0.243386
immediate,0.243386
important,0.243386
individual,0.243386
merely,0.243386
officials,0.243386
particularly,0.243386
previous,0.243386
seek,0.243386
side,0.243386
efforts,0.242517
military,0.237714
South,0.230511
declared,0.230511
situation,0.230511
America,0.22811
David,0.22811
East,0.22811
cars,0.22811
effect,0.22811
effective,0.22811
generally,0.22811
line,0.22811
nation,0.22811
others,0.22811
serious,0.22811
within,0.22811
aid,0.22307
further,0.220817
fact,0.21631
federal,0.21631
increase,0.21631
political,0.21631
relations,0.21631
States,0.214787
Among,0.214057
attack,0.214057
certain,0.214057
control,0.214057
development,0.214057
evidence,0.214057
field,0.214057
free,0.214057
himself,0.214057
kind,0.214057
official,0.214057
organization,0.214057
power,0.214057
stand,0.214057
statement,0.214057
foreign,0.205279
West,0.203162
find,0.203162
gave,0.203162
plans,0.203162
working,0.203162
L,0.201046
White,0.201046
court,0.201046
involved,0.201046
served,0.201046
themselves,0.201046
want,0.201046
whether,0.201046
committee,0.190922
future,0.190922
half,0.190922
support,0.190922
weeks,0.190922
United,0.189806
Some,0.188933
feel,0.188933
persons,0.188933
provide,0.188933
rather,0.188933
reported,0.188933
session,0.188933
system,0.188933
Kennedy,0.181019
matter,0.179472
toward,0.179472
North,0.177603
Richard,0.177603
almost,0.177603
become,0.177603
enough,0.177603
order,0.177603
period,0.177603
taking,0.177603
Committee,0.170474
President,0.170139
His,0.168716
problem,0.168716
upon,0.168716
M,0.166959
March,0.166959
director,0.166959
firm,0.166959
One,0.160228
meeting,0.160228
better,0.158576
chairman,0.158576
B,0.156924
If,0.156924
brought,0.156924
country,0.156924
does,0.156924
service,0.156924
used,0.156924
again,0.148983
give,0.148983
need,0.148983
very,0.148983
D,0.147432
House,0.147432
National,0.147432
R,0.147432
University,0.147432
found,0.147432
great,0.147432
local,0.147432
national,0.147432
place,0.147432
six,0.147432
Mr,0.142798
government,0.142798
case,0.138426
few,0.138426
left,0.138426
show,0.138426
general,0.131227
must,0.131227
On,0.12986
W,0.12986
around,0.12986
come,0.12986
days,0.12986
little,0.12986
present,0.12986
taken,0.12986
today,0.12986
use,0.12986
State,0.126817
never,0.125536
called,0.124255
months,0.124255
asked,0.122974
along,0.121693
came,0.121693
ever,0.121693
five,0.121693
however,0.121693
part,0.121693
several,0.121693
special,0.121693
state,0.121693
told,0.121693
went,0.121693
ago,0.116286
Washington,0.115088
program,0.115088
too,0.115088
J,0.113889
annual,0.113889
far,0.113889
held,0.113889
another,0.109777
between,0.108657
given,0.107537
should,0.107537
And,0.106417
group,0.106417
much,0.101339
these,0.101339
against,0.100295
announced,0.100295
early,0.100295
here,0.100295
past,0.100295
set,0.100295
take,0.100295
just,0.0992498
see,0.0992498
without,0.0943085
being,0.0875431
did,0.0866406
during,0.0866406
long,0.0866406
make,0.0857381
world,0.0857381
even,0.0810237
may,0.0801885
those,0.0801885
well,0.0793532
since,0.0747332
each,0.0731923
through,0.0686559
back,0.0679482
where,0.0679482
down,0.0672404
high,0.0672404
members,0.0672404
such,0.0634252
four,0.0614836
t,0.0614836
any,0.0594407
There,0.0576752
if,0.0576752
They,0.0564981
get,0.0564981
both,0.0559096
so,0.0559096
This,0.0526338
most,0.0515705
before,0.0457425
could,0.045266
what,0.045266
them,0.0410226
But,0.0381977
some,0.0359726
can,0.0356018
under,0.0352309
time,0.0313812
after,0.0307408
into,0.0307408
now,0.0262804
said,0.0262804
three,0.0260095
years,0.0257386
first,0.0218469
made,0.0218469
He,0.0214011
only,0.0214011
when,0.0211782
would,0.0181423
had,0.0179662
also,0.0172616
there,0.0172616
It,0.0170855
or,0.0170855
about,0.0169094
year,0.0169094
two,0.0167332
its,0.0135726
more,0.0133116
than,0.0131811
new,0.0129201
up,0.0129201
their,0.0125285
he,0.00894107
this,0.00894107
no,0.00868316
were,0.00851121
In,0.00842524
over,0.00833927
all,0.0082533
are,0.00816733
been,0.00467347
not,0.00450352
but,0.00416363
his,0.00416363
other,0.00407866
they,0.00407866
A,0.00403617
The,0.0
``,0.0
a,0.0
an,0.0
and,0.0
as,0.0
at,0.0
be,0.0
by,0.0
for,0.0
from,0.0
has,0.0
have,0.0
in,0.0
is,0.0
it,0.0
of,0.0
on,0.0
one,0.0
out,0.0
s,0.0
that,0.0
the,0.0
to,0.0
was,0.0
which,0.0
who,0.0
will,0.0
with,0.0
