Hawksley,0.720999
CD,0.701913
Martinelli,0.701913
Socialist,0.695552
Reama,0.68919
Bourcier,0.676466
Falls,0.676466
offenses,0.676466
Riverside,0.670105
Seekonk,0.670105
canvassers,0.670105
organize,0.670105
steered,0.670105
supermarkets,0.670105
Abatuno,0.663743
Fortin,0.663743
Increasing,0.663743
Indicating,0.663743
Legislative,0.663743
Liberals,0.663743
Matching,0.663743
Misunderstanding,0.663743
Race,0.663743
Rumford,0.663743
Sabbath,0.663743
SanAntonio,0.663743
Screw,0.663743
Sixth,0.663743
Sr,0.663743
Track,0.663743
affected,0.663743
affixed,0.663743
appoint,0.663743
appointing,0.663743
assemble,0.663743
assign,0.663743
bearing,0.663743
centralized,0.663743
colonial,0.663743
confessing,0.663743
confronts,0.663743
contended,0.663743
continuous,0.663743
dating,0.663743
declares,0.663743
defray,0.663743
deputy,0.663743
drifts,0.663743
earliest,0.663743
enforce,0.663743
exact,0.663743
examine,0.663743
favoring,0.663743
favors,0.663743
fines,0.663743
governs,0.663743
grooming,0.663743
hesitated,0.663743
hire,0.663743
inspiring,0.663743
insurgent,0.663743
justices,0.663743
lever,0.663743
livelihood,0.663743
merchandise,0.663743
outlets,0.663743
outline,0.663743
partisan,0.663743
pertinent,0.663743
plead,0.663743
pooling,0.663743
pretenses,0.663743
procurement,0.663743
prosecute,0.663743
radios,0.663743
referred,0.663743
regrouping,0.663743
regulating,0.663743
responding,0.663743
revisions,0.663743
scheduling,0.663743
setup,0.663743
severely,0.663743
shirking,0.663743
shops,0.663743
simplest,0.663743
sirens,0.663743
solicitor,0.663743
spearhead,0.663743
squeeze,0.663743
statutes,0.663743
toolmaker,0.663743
transferred,0.663743
undoubtedly,0.663743
urges,0.663743
Providence,0.568148
Citizens,0.557755
Group,0.557755
Johnston,0.557755
Notte,0.557755
residents,0.557755
signatures,0.557755
Assembly,0.552558
enforcement,0.552558
ordinance,0.552558
Nugent,0.547362
Town,0.547362
Action,0.542166
Atty,0.542166
Biltmore,0.542166
Laughlin,0.542166
Michael,0.542166
Narragansett,0.542166
Nothing,0.542166
Noting,0.542166
Sanitary,0.542166
Should,0.542166
Solicitor,0.542166
Speaking,0.542166
assure,0.542166
awareness,0.542166
bet,0.542166
conservatives,0.542166
counseling,0.542166
disposition,0.542166
dividing,0.542166
draft,0.542166
enemy,0.542166
factory,0.542166
fails,0.542166
false,0.542166
foods,0.542166
gaining,0.542166
grocery,0.542166
instances,0.542166
knowing,0.542166
licenses,0.542166
limit,0.542166
machinist,0.542166
neighborhood,0.542166
obtaining,0.542166
permitting,0.542166
provision,0.542166
pull,0.542166
raises,0.542166
resources,0.542166
retained,0.542166
revenue,0.542166
signers,0.542166
spokesmen,0.542166
strategy,0.542166
utilities,0.542166
verification,0.542166
voter,0.542166
rescue,0.480077
advised,0.475562
assembly,0.475562
eligible,0.475562
enterprise,0.475562
expressed,0.475562
locally,0.475562
petitions,0.475562
stores,0.475562
views,0.475562
Along,0.471047
Rotary,0.471047
Station,0.471047
activity,0.471047
adopt,0.471047
arose,0.471047
assured,0.471047
authorized,0.471047
classes,0.471047
clerk,0.471047
compete,0.471047
completes,0.471047
conditioned,0.471047
consent,0.471047
copy,0.471047
correct,0.471047
divorce,0.471047
duty,0.471047
endorse,0.471047
engaged,0.471047
expect,0.471047
gross,0.471047
grounds,0.471047
guilty,0.471047
happens,0.471047
hearings,0.471047
increases,0.471047
independent,0.471047
intervals,0.471047
legislature,0.471047
method,0.471047
motorists,0.471047
nationally,0.471047
offense,0.471047
opinions,0.471047
perform,0.471047
petition,0.471047
posts,0.471047
purchasing,0.471047
revision,0.471047
sewer,0.471047
shopping,0.471047
surprised,0.471047
timetable,0.471047
wage,0.471047
charter,0.4609
Grant,0.428651
trucks,0.428651
candidates,0.424619
essential,0.424619
obtained,0.424619
procedures,0.424619
Sheraton,0.420588
Such,0.420588
Superior,0.420588
believed,0.420588
concern,0.420588
consulted,0.420588
controversy,0.420588
difference,0.420588
enabling,0.420588
everything,0.420588
expert,0.420588
handled,0.420588
industrial,0.420588
items,0.420588
manufacturers,0.420588
meaning,0.420588
municipal,0.420588
neighbors,0.420588
non,0.420588
philosophy,0.420588
qualified,0.420588
recommendations,0.420588
regular,0.420588
sound,0.420588
suggestion,0.420588
termed,0.420588
theater,0.420588
types,0.420588
vehicle,0.420588
civil,0.399729
Party,0.388761
Rhode,0.388761
suggested,0.388761
track,0.388761
willing,0.388761
Fire,0.385105
opposition,0.385105
responsibility,0.385105
council,0.382966
Bay,0.381449
Defense,0.381449
Governor,0.381449
Local,0.381449
Our,0.381449
Several,0.381449
allow,0.381449
apply,0.381449
benefit,0.381449
cited,0.381449
consider,0.381449
cooperation,0.381449
critical,0.381449
detailed,0.381449
eye,0.381449
hundred,0.381449
matching,0.381449
model,0.381449
operate,0.381449
profit,0.381449
released,0.381449
sold,0.381449
speaking,0.381449
volume,0.381449
governor,0.362868
laws,0.362868
resolution,0.359519
believes,0.356169
commission,0.356169
Raymond,0.35282
September,0.35282
blue,0.35282
mind,0.35282
studied,0.35282
achieve,0.34947
available,0.34947
ballot,0.34947
certainly,0.34947
else,0.34947
expects,0.34947
factor,0.34947
frequently,0.34947
lawyer,0.34947
letter,0.34947
management,0.34947
manner,0.34947
names,0.34947
original,0.34947
press,0.34947
religious,0.34947
source,0.34947
taxpayers,0.34947
thousands,0.34947
voted,0.34947
wrote,0.34947
movement,0.331703
parties,0.331703
study,0.331703
information,0.328613
allowed,0.325523
minor,0.325523
obtain,0.325523
salary,0.325523
step,0.325523
vital,0.325523
Chief,0.322432
Gen,0.322432
Republican,0.322432
accept,0.322432
adopted,0.322432
appointment,0.322432
ask,0.322432
chance,0.322432
changes,0.322432
financial,0.322432
formally,0.322432
groups,0.322432
growth,0.322432
handed,0.322432
heavy,0.322432
hoped,0.322432
leadership,0.322432
league,0.322432
learned,0.322432
placed,0.322432
review,0.322432
station,0.322432
treasurer,0.322432
welfare,0.322432
whom,0.322432
town,0.319072
rule,0.313341
General,0.304743
advantage,0.301877
costs,0.301877
hold,0.301877
instead,0.301877
labor,0.301877
person,0.301877
retired,0.301877
Massachusetts,0.299011
caught,0.299011
establish,0.299011
fellow,0.299011
followed,0.299011
headquarters,0.299011
hope,0.299011
luncheon,0.299011
mean,0.299011
post,0.299011
product,0.299011
proposal,0.299011
request,0.299011
running,0.299011
section,0.299011
status,0.299011
steps,0.299011
things,0.299011
trade,0.299011
traffic,0.299011
type,0.299011
defense,0.291692
sales,0.289024
Central,0.286356
police,0.286356
opinion,0.283688
Democratic,0.28102
District,0.28102
July,0.28102
basis,0.28102
explained,0.28102
interested,0.28102
workers,0.28102
Co,0.278352
air,0.278352
anyone,0.278352
comes,0.278352
concerned,0.278352
goal,0.278352
heard,0.278352
higher,0.278352
known,0.278352
legislation,0.278352
list,0.278352
named,0.278352
needs,0.278352
required,0.278352
variety,0.278352
victory,0.278352
yet,0.278352
election,0.267344
Court,0.262363
community,0.262363
us,0.262363
Mary,0.259872
amount,0.259872
average,0.259872
begin,0.259872
department,0.259872
equipment,0.259872
especially,0.259872
having,0.259872
included,0.259872
neither,0.259872
pass,0.259872
prices,0.259872
scheduled,0.259872
states,0.259872
Council,0.254807
Department,0.243155
Hotel,0.243155
Joseph,0.243155
across,0.243155
attorney,0.243155
call,0.243155
caused,0.243155
cent,0.243155
event,0.243155
favor,0.243155
follow,0.243155
forces,0.243155
fund,0.243155
immediate,0.243155
level,0.243155
limited,0.243155
presented,0.243155
really,0.243155
report,0.243155
times,0.243155
vice,0.243155
East,0.234446
Island,0.232261
Miss,0.232261
within,0.232261
developed,0.230077
form,0.230077
similar,0.230077
Both,0.227893
While,0.227893
complete,0.227893
declared,0.227893
effective,0.227893
issue,0.227893
line,0.227893
move,0.227893
nation,0.227893
officers,0.227893
party,0.227893
situation,0.227893
tell,0.227893
turned,0.227893
vote,0.222052
federal,0.217953
aid,0.215903
attack,0.215903
free,0.215903
increase,0.215903
nine,0.215903
organization,0.215903
evidence,0.213853
further,0.213853
means,0.213853
name,0.213853
proposed,0.213853
relations,0.213853
soon,0.213853
started,0.213853
tax,0.213853
hand,0.20278
plans,0.20278
want,0.20278
Other,0.200855
coming,0.200855
court,0.200855
drive,0.200855
involved,0.200855
job,0.200855
operation,0.200855
per,0.200855
sent,0.200855
themselves,0.200855
city,0.197841
yesterday,0.19599
half,0.194181
provide,0.194181
committee,0.192372
me,0.192372
session,0.192372
weeks,0.192372
H,0.190563
Some,0.190563
board,0.190563
indicated,0.190563
pay,0.190563
point,0.190563
system,0.190563
Club,0.188754
funds,0.188754
house,0.188754
plan,0.188754
law,0.187638
become,0.179134
director,0.177991
Frank,0.177434
George,0.177434
North,0.177434
P,0.177434
according,0.177434
done,0.177434
enough,0.177434
interest,0.177434
matter,0.177434
meet,0.177434
real,0.177434
small,0.177434
toward,0.177434
full,0.174794
Mr,0.170107
recent,0.168399
Sunday,0.167293
Kennedy,0.1668
head,0.1668
office,0.1668
problem,0.1668
One,0.15978
meeting,0.15978
President,0.158277
That,0.158277
chairman,0.158277
know,0.158277
large,0.158277
After,0.156775
If,0.156775
better,0.156775
country,0.156775
does,0.156775
former,0.156775
going,0.156775
received,0.156775
service,0.156775
think,0.156775
local,0.155762
possible,0.15435
might,0.150115
major,0.148703
member,0.148703
national,0.148703
R,0.147291
William,0.147291
again,0.147291
great,0.147291
need,0.147291
needed,0.147291
number,0.147291
put,0.147291
result,0.147291
very,0.147291
young,0.147291
government,0.144922
added,0.140946
Monday,0.138295
case,0.138295
expected,0.138295
left,0.138295
making,0.138295
present,0.134711
come,0.133467
must,0.133467
days,0.132224
general,0.132224
right,0.132224
taken,0.13098
area,0.129737
my,0.129737
use,0.129737
state,0.126238
called,0.125073
special,0.125073
told,0.125073
our,0.123908
City,0.122743
business,0.122743
several,0.122743
State,0.121577
came,0.121577
ever,0.121577
five,0.121577
how,0.121577
men,0.121577
own,0.121577
part,0.121577
program,0.117052
president,0.114871
J,0.11378
ago,0.11378
far,0.11378
should,0.111411
public,0.110392
go,0.108354
group,0.107335
night,0.107335
another,0.106316
between,0.106316
take,0.102007
At,0.100106
next,0.100106
these,0.100106
American,0.0991554
against,0.0991554
early,0.0991554
here,0.0991554
without,0.0931606
people,0.0922762
being,0.0872985
during,0.0856566
make,0.0856566
way,0.0856566
may,0.0807974
even,0.0792777
off,0.0792777
while,0.0792777
work,0.0792777
man,0.0731227
back,0.0684642
then,0.0678203
we,0.0678203
where,0.0678203
down,0.0671764
members,0.0671764
through,0.0671764
John,0.0620139
day,0.0620139
such,0.0620139
both,0.0574625
so,0.0569272
if,0.0563918
There,0.0558564
They,0.0558564
because,0.0558564
get,0.0558564
him,0.0558564
most,0.0509428
week,0.0509428
home,0.0473902
do,0.0469567
what,0.0469567
could,0.0460898
before,0.0456564
them,0.040908
some,0.0358721
can,0.0355348
under,0.0355348
time,0.0333046
said,0.0331079
last,0.0321394
after,0.0312656
into,0.030683
now,0.0259606
years,0.0259606
He,0.0239971
I,0.022172
when,0.0217664
first,0.0215636
only,0.0215636
made,0.0213608
would,0.0197617
about,0.0170378
or,0.0170378
there,0.0170378
It,0.0168775
also,0.0168775
two,0.0168775
had,0.0167173
year,0.0167173
more,0.013336
its,0.0128611
than,0.0128611
their,0.0126237
up,0.0126237
new,0.0123862
he,0.0104276
are,0.00855059
all,0.00831597
no,0.00831597
over,0.00823777
this,0.00823777
were,0.00823777
not,0.00430288
A,0.00426423
his,0.00422558
been,0.00418693
they,0.00418693
but,0.00414828
other,0.00407099
The,0.0
``,0.0
a,0.0
an,0.0
and,0.0
as,0.0
at,0.0
be,0.0
by,0.0
for,0.0
from,0.0
has,0.0
have,0.0
in,0.0
is,0.0
it,0.0
of,0.0
on,0.0
one,0.0
out,0.0
s,0.0
that,0.0
the,0.0
to,0.0
was,0.0
which,0.0
who,0.0
will,0.0
with,0.0
