Sandman,0.692851
Meyner,0.685757
Sheets,0.685757
Westfield,0.685757
Republicanism,0.678663
Sheeran,0.678663
Trenton,0.678663
carcass,0.678663
remark,0.678663
warden,0.678663
Dumont,0.671569
Essex,0.671569
Greenfield,0.671569
Orange,0.671569
Roos,0.671569
Seidel,0.671569
boos,0.671569
centralization,0.671569
committeewoman,0.671569
nominee,0.671569
supervision,0.671569
tattered,0.671569
wardens,0.671569
Bergen,0.664475
Bontempo,0.664475
Boonton,0.664475
Calling,0.664475
Campaigning,0.664475
Copeland,0.664475
Decries,0.664475
Defends,0.664475
Duffy,0.664475
Earlier,0.664475
Fifteen,0.664475
Freeholder,0.664475
Geraldine,0.664475
Mack,0.664475
Military,0.664475
Newark,0.664475
Puddingstone,0.664475
Regrets,0.664475
Salvatore,0.664475
Sees,0.664475
Supervisor,0.664475
Truck,0.664475
Weldon,0.664475
Woodland,0.664475
addressing,0.664475
adminstration,0.664475
alloted,0.664475
applause,0.664475
arguing,0.664475
ballots,0.664475
barbs,0.664475
bloodstream,0.664475
breathes,0.664475
briefing,0.664475
campaigning,0.664475
carved,0.664475
chorus,0.664475
closeness,0.664475
colleagues,0.664475
condemning,0.664475
congealed,0.664475
conquer,0.664475
conserve,0.664475
courageous,0.664475
crises,0.664475
decency,0.664475
decried,0.664475
discredit,0.664475
distasteful,0.664475
expire,0.664475
explicit,0.664475
feeble,0.664475
financing,0.664475
fits,0.664475
forest,0.664475
forestry,0.664475
forum,0.664475
giveaway,0.664475
glad,0.664475
graduation,0.664475
impinging,0.664475
infiltrating,0.664475
inject,0.664475
insult,0.664475
ivory,0.664475
joblessness,0.664475
lifeblood,0.664475
lip,0.664475
lumber,0.664475
mandatory,0.664475
mediocre,0.664475
misconstrued,0.664475
modernized,0.664475
municipalities,0.664475
onrush,0.664475
opponents,0.664475
origin,0.664475
overwhelmingly,0.664475
piracy,0.664475
pledge,0.664475
plows,0.664475
preferably,0.664475
prop,0.664475
proven,0.664475
rebound,0.664475
regretted,0.664475
repay,0.664475
resolve,0.664475
respond,0.664475
retirements,0.664475
slogans,0.664475
springboard,0.664475
stepping,0.664475
surplus,0.664475
sympathetic,0.664475
tangle,0.664475
tracts,0.664475
transcended,0.664475
transfer,0.664475
tripping,0.664475
tusks,0.664475
underwrite,0.664475
unemployment,0.664475
unhappy,0.664475
uses,0.664475
vacancy,0.664475
vicious,0.664475
waged,0.664475
witnessed,0.664475
wooden,0.664475
gubernatorial,0.565942
Conservation,0.554353
Plainfield,0.548558
candidacy,0.548558
Acres,0.542764
Attacks,0.542764
Clifford,0.542764
Clubs,0.542764
Cross,0.542764
Development,0.542764
Harriet,0.542764
Hudson,0.542764
Ike,0.542764
MacDonald,0.542764
Neil,0.542764
Noting,0.542764
Plains,0.542764
Presidential,0.542764
Scotch,0.542764
adoption,0.542764
attraction,0.542764
attractive,0.542764
blame,0.542764
changing,0.542764
clean,0.542764
continuance,0.542764
democracy,0.542764
desperate,0.542764
disagreed,0.542764
discredited,0.542764
discrimination,0.542764
elephants,0.542764
enforcement,0.542764
exclusive,0.542764
expedient,0.542764
fail,0.542764
fires,0.542764
forward,0.542764
glow,0.542764
honest,0.542764
hoodlums,0.542764
image,0.542764
liberal,0.542764
merit,0.542764
operative,0.542764
outcome,0.542764
passenger,0.542764
platform,0.542764
plowing,0.542764
pointing,0.542764
prevention,0.542764
reduction,0.542764
represents,0.542764
resent,0.542764
sagging,0.542764
space,0.542764
stature,0.542764
suffrage,0.542764
symbol,0.542764
techniques,0.542764
utilities,0.542764
vehicles,0.542764
witnessing,0.542764
Mitchell,0.531981
Jersey,0.501774
issues,0.491705
nomination,0.486671
GOP,0.481636
Case,0.476602
preserve,0.476602
promised,0.476602
reforms,0.476602
safety,0.476602
sheriff,0.476602
spoke,0.476602
tractor,0.476602
Hughes,0.474995
Authority,0.471567
Bank,0.471567
Cape,0.471567
Economic,0.471567
FBI,0.471567
Federation,0.471567
Forest,0.471567
Michigan,0.471567
Must,0.471567
Port,0.471567
Section,0.471567
afraid,0.471567
basically,0.471567
citation,0.471567
comment,0.471567
controversial,0.471567
corner,0.471567
credited,0.471567
credits,0.471567
debut,0.471567
deeply,0.471567
demonstrate,0.471567
dynamic,0.471567
elect,0.471567
expanded,0.471567
fleet,0.471567
gathering,0.471567
greeted,0.471567
indicate,0.471567
intervals,0.471567
love,0.471567
majority,0.471567
managers,0.471567
mouth,0.471567
outgoing,0.471567
paper,0.471567
proper,0.471567
reform,0.471567
results,0.471567
saved,0.471567
shall,0.471567
signs,0.471567
staggered,0.471567
thinks,0.471567
voluntarily,0.471567
campaign,0.461509
candidates,0.434538
Democrats,0.425548
commissioner,0.425548
purchase,0.425548
remains,0.425548
Appeals,0.421052
Country,0.421052
Edward,0.421052
Inn,0.421052
Such,0.421052
Superior,0.421052
Tax,0.421052
Walter,0.421052
absorbed,0.421052
amendment,0.421052
bad,0.421052
beating,0.421052
challenge,0.421052
controlled,0.421052
description,0.421052
desire,0.421052
enabling,0.421052
intention,0.421052
launched,0.421052
loan,0.421052
loving,0.421052
motor,0.421052
philosophy,0.421052
reference,0.421052
regular,0.421052
remember,0.421052
resignation,0.421052
retiring,0.421052
urban,0.421052
Party,0.394101
Morris,0.390024
Women,0.390024
experience,0.385947
machines,0.385947
mention,0.385947
proud,0.385947
truth,0.385947
voting,0.385947
Ave,0.38187
Commissioner,0.38187
Fire,0.38187
How,0.38187
Young,0.38187
actions,0.38187
agency,0.38187
bond,0.38187
chosen,0.38187
cocktail,0.38187
employment,0.38187
filled,0.38187
heart,0.38187
intentions,0.38187
judgment,0.38187
leaving,0.38187
matching,0.38187
peace,0.38187
presentation,0.38187
radio,0.38187
railroad,0.38187
representative,0.38187
seeking,0.38187
sessions,0.38187
statements,0.38187
taste,0.38187
transportation,0.38187
understand,0.38187
unity,0.38187
wrong,0.38187
Republican,0.377926
Eisenhower,0.376001
candidate,0.376001
Republicans,0.361061
November,0.357326
ahead,0.357326
audience,0.353591
co,0.353591
counties,0.353591
dead,0.353591
fighting,0.353591
governor,0.353591
lawyer,0.353591
supported,0.353591
Green,0.349856
Mayor,0.349856
Thompson,0.349856
Under,0.349856
Wayne,0.349856
announcement,0.349856
apparent,0.349856
available,0.349856
bid,0.349856
choice,0.349856
forced,0.349856
gone,0.349856
original,0.349856
popular,0.349856
rapidly,0.349856
saving,0.349856
stands,0.349856
stopped,0.349856
terms,0.349856
twice,0.349856
unless,0.349856
win,0.349856
primary,0.343465
Sen,0.336573
Jones,0.331299
Red,0.326234
degree,0.326234
leadership,0.326234
questions,0.326234
Gov,0.322788
October,0.322788
answer,0.322788
appointment,0.322788
ask,0.322788
common,0.322788
division,0.322788
established,0.322788
green,0.322788
income,0.322788
lives,0.322788
looking,0.322788
partner,0.322788
plant,0.322788
poor,0.322788
population,0.322788
sell,0.322788
speech,0.322788
station,0.322788
stop,0.322788
takes,0.322788
taxes,0.322788
training,0.322788
units,0.322788
urged,0.322788
value,0.322788
vital,0.322788
voters,0.322788
introduced,0.302537
retired,0.302537
Americans,0.299341
January,0.299341
My,0.299341
Now,0.299341
Southern,0.299341
appointed,0.299341
central,0.299341
estate,0.299341
faced,0.299341
greatest,0.299341
honored,0.299341
increased,0.299341
labor,0.299341
looks,0.299341
mean,0.299341
nations,0.299341
nothing,0.299341
offer,0.299341
personal,0.299341
proposal,0.299341
raising,0.299341
rate,0.299341
rule,0.299341
running,0.299341
saying,0.299341
section,0.299341
setting,0.299341
spend,0.299341
steps,0.299341
Democratic,0.293534
administration,0.287584
land,0.284609
elected,0.281634
legislation,0.281634
victory,0.281634
Administration,0.278659
Aj,0.278659
Co,0.278659
Education,0.278659
Senate,0.278659
anyone,0.278659
basis,0.278659
calls,0.278659
companies,0.278659
considered,0.278659
either,0.278659
judge,0.278659
known,0.278659
largest,0.278659
needs,0.278659
pointed,0.278659
prevent,0.278659
sales,0.278659
talk,0.278659
try,0.278659
war,0.278659
workers,0.278659
fire,0.276824
election,0.271269
industry,0.271269
April,0.262936
Park,0.262936
You,0.262936
fall,0.262936
using,0.262936
Although,0.260159
Court,0.260159
Jim,0.260159
Warren,0.260159
am,0.260159
department,0.260159
fight,0.260159
greater,0.260159
having,0.260159
joined,0.260159
keep,0.260159
leaders,0.260159
necessary,0.260159
planned,0.260159
reports,0.260159
secretary,0.260159
share,0.260159
states,0.260159
test,0.260159
ways,0.260159
word,0.260159
county,0.24862
Department,0.246022
Hotel,0.246022
side,0.246022
strong,0.246022
women,0.246022
Board,0.243423
May,0.243423
areas,0.243423
call,0.243423
cannot,0.243423
carry,0.243423
chief,0.243423
favor,0.243423
following,0.243423
forces,0.243423
fund,0.243423
immediate,0.243423
level,0.243423
limited,0.243423
lost,0.243423
problems,0.243423
question,0.243423
shown,0.243423
issue,0.237887
ll,0.237887
party,0.233016
charge,0.23058
complete,0.228144
developed,0.228144
district,0.228144
failed,0.228144
feet,0.228144
life,0.228144
nearly,0.228144
project,0.228144
tell,0.228144
term,0.228144
aid,0.220946
attack,0.220946
tax,0.220946
statement,0.218661
lines,0.216375
stand,0.216375
control,0.214089
development,0.214089
free,0.214089
hard,0.214089
help,0.214089
kind,0.214089
minutes,0.214089
name,0.214089
organization,0.214089
political,0.214089
position,0.214089
proposed,0.214089
schools,0.214089
vote,0.214089
County,0.21181
open,0.20537
West,0.203223
find,0.201077
involved,0.201077
operation,0.201077
private,0.201077
served,0.201077
whether,0.201077
working,0.201077
committee,0.197032
plan,0.195014
re,0.195014
Club,0.192997
million,0.192997
She,0.190979
Charles,0.188962
H,0.188962
States,0.188962
bring,0.188962
funds,0.188962
history,0.188962
me,0.188962
persons,0.188962
provide,0.188962
record,0.188962
system,0.188962
whose,0.188962
yesterday,0.188962
Richard,0.181422
effort,0.181422
become,0.179526
interest,0.179526
law,0.179526
meet,0.179526
P,0.177629
To,0.177629
decided,0.177629
every,0.177629
led,0.177629
matter,0.177629
period,0.177629
real,0.177629
toward,0.177629
Committee,0.168767
Kennedy,0.168767
His,0.166984
United,0.166984
full,0.166984
office,0.166984
recent,0.166984
former,0.160299
service,0.160299
President,0.158623
Sunday,0.158623
That,0.158623
chairman,0.158623
meeting,0.158623
think,0.158623
After,0.156948
able,0.156948
eight,0.156948
going,0.156948
large,0.156948
received,0.156948
We,0.156899
R,0.152177
national,0.150602
William,0.149028
state,0.148999
Jr,0.147454
University,0.147454
local,0.147454
major,0.147454
member,0.147454
number,0.147454
Mr,0.142881
Monday,0.141403
added,0.141403
left,0.141403
York,0.138447
end,0.138447
expected,0.138447
government,0.138447
making,0.138447
you,0.13404
come,0.132653
today,0.132653
James,0.131267
W,0.131267
must,0.131267
use,0.131267
When,0.12988
best,0.12988
my,0.12988
right,0.12988
run,0.12988
taken,0.12988
until,0.12988
State,0.128208
Mrs,0.12431
our,0.12431
asked,0.123011
called,0.123011
business,0.121711
how,0.121711
part,0.121711
special,0.121711
still,0.121711
told,0.121711
J,0.11877
president,0.11877
program,0.116338
Washington,0.115122
annual,0.113906
too,0.113906
night,0.108705
public,0.108705
should,0.107569
given,0.106433
m,0.106433
school,0.106433
against,0.103504
early,0.100325
here,0.100325
American,0.0992648
announced,0.0992648
good,0.0992648
just,0.0992648
past,0.0992648
see,0.0992648
take,0.0992648
people,0.0973092
without,0.0933642
did,0.0884975
make,0.0866665
world,0.0866665
being,0.0857511
like,0.0857511
well,0.0802125
while,0.0802125
even,0.0793652
may,0.0793652
old,0.0793652
those,0.0793652
man,0.0786741
each,0.0732034
since,0.0732034
New,0.0722764
we,0.0694045
members,0.0686865
where,0.0679685
back,0.0672505
down,0.0672505
high,0.0672505
then,0.0672505
four,0.0621494
such,0.0621494
t,0.0614929
any,0.0565151
There,0.0559181
because,0.0559181
both,0.0559181
him,0.0559181
if,0.0559181
This,0.0505148
week,0.0505148
what,0.0472062
before,0.0452728
could,0.0452728
home,0.0452728
them,0.0401829
can,0.0371172
But,0.0359886
some,0.0352363
said,0.0326132
after,0.0320493
last,0.0320493
into,0.0313997
time,0.0310749
years,0.026567
now,0.0262921
three,0.0260173
He,0.0245734
I,0.0232166
made,0.0220859
only,0.0216336
first,0.0214075
when,0.0211814
or,0.0178078
year,0.0178078
It,0.0172718
would,0.0172718
had,0.0170931
there,0.0170931
about,0.0169144
also,0.0169144
new,0.0126647
their,0.0126647
up,0.0125323
its,0.0123999
more,0.0123999
than,0.0123999
he,0.00956391
this,0.00869182
are,0.0085174
all,0.00843019
no,0.00834298
over,0.00834298
In,0.00825577
were,0.00825577
his,0.00459705
not,0.00451086
but,0.00425227
other,0.00420918
A,0.00412298
they,0.00412298
been,0.00403679
The,0.0
``,0.0
a,0.0
an,0.0
and,0.0
as,0.0
at,0.0
be,0.0
by,0.0
for,0.0
from,0.0
has,0.0
have,0.0
in,0.0
is,0.0
it,0.0
of,0.0
on,0.0
one,0.0
out,0.0
s,0.0
that,0.0
the,0.0
to,0.0
was,0.0
which,0.0
who,0.0
will,0.0
with,0.0
