Buckley,0.700567
Bronx,0.693369
Beame,0.678974
Gerosa,0.678974
Screvane,0.678974
Delaney,0.671776
Neill,0.671776
Princes,0.671776
Queens,0.671776
Representative,0.671776
Sapio,0.671776
Zurich,0.671776
churchmen,0.671776
resentment,0.671776
Abe,0.664579
Abraham,0.664579
Administrative,0.664579
Averell,0.664579
Boun,0.664579
Boyce,0.664579
Budgetary,0.664579
Carmine,0.664579
Connor,0.664579
Corruption,0.664579
Counties,0.664579
Couve,0.664579
External,0.664579
Feis,0.664579
Formula,0.664579
Graft,0.664579
Harriman,0.664579
Hurrah,0.664579
Interviews,0.664579
Laotians,0.664579
Leadership,0.664579
Levitt,0.664579
Malcolm,0.664579
Mayoral,0.664579
Missionary,0.664579
Moune,0.664579
Murville,0.664579
Opposition,0.664579
Oum,0.664579
Questions,0.664579
Resentment,0.664579
Same,0.664579
Sargent,0.664579
Sharkey,0.664579
Shriver,0.664579
Souphanouvong,0.664579
Stark,0.664579
Sukarno,0.664579
Tactics,0.664579
Twelve,0.664579
Works,0.664579
alienated,0.664579
amending,0.664579
amid,0.664579
assent,0.664579
balking,0.664579
banker,0.664579
beaming,0.664579
chicanery,0.664579
choices,0.664579
clears,0.664579
conceded,0.664579
consultations,0.664579
contrasting,0.664579
cordial,0.664579
corrupt,0.664579
delegations,0.664579
diplomats,0.664579
dropping,0.664579
ethical,0.664579
expansive,0.664579
forswears,0.664579
forty,0.664579
incumbent,0.664579
induce,0.664579
intensified,0.664579
investigations,0.664579
jesting,0.664579
jockeying,0.664579
locale,0.664579
neutralists,0.664579
ninety,0.664579
norm,0.664579
overly,0.664579
overseas,0.664579
plenary,0.664579
plunder,0.664579
proselytizing,0.664579
protested,0.664579
publicized,0.664579
published,0.664579
puts,0.664579
reader,0.664579
revulsion,0.664579
ridden,0.664579
scandals,0.664579
selfish,0.664579
separation,0.664579
shrugged,0.664579
siding,0.664579
slate,0.664579
slums,0.664579
stalled,0.664579
succession,0.664579
tactics,0.664579
tangible,0.664579
uncommitted,0.664579
understood,0.664579
unite,0.664579
visitor,0.664579
waterfront,0.664579
welled,0.664579
writes,0.664579
Peace,0.560486
Controller,0.554607
Rules,0.554607
politicians,0.554607
Indonesia,0.548728
Phouma,0.548728
Princess,0.548728
Souvanna,0.548728
Trimble,0.548728
missionary,0.548728
owner,0.548728
principles,0.548728
Act,0.542848
Campus,0.542848
Can,0.542848
Ghana,0.542848
Hunter,0.542848
Irish,0.542848
Liberal,0.542848
MacDonald,0.542848
Middle,0.542848
Northern,0.542848
Secretariat,0.542848
agenda,0.542848
agriculture,0.542848
airport,0.542848
allocated,0.542848
assigned,0.542848
attracted,0.542848
beach,0.542848
believing,0.542848
candidacy,0.542848
chambers,0.542848
contend,0.542848
corruption,0.542848
dormitories,0.542848
ease,0.542848
economist,0.542848
episode,0.542848
escape,0.542848
expanding,0.542848
filling,0.542848
forecasts,0.542848
forming,0.542848
hailed,0.542848
hopeful,0.542848
inhabitants,0.542848
internal,0.542848
interviews,0.542848
kingdom,0.542848
mathematics,0.542848
mortgages,0.542848
negotiation,0.542848
newspapers,0.542848
nineteenth,0.542848
novel,0.542848
object,0.542848
optimistic,0.542848
outlay,0.542848
parochial,0.542848
petty,0.542848
pockets,0.542848
premium,0.542848
proposes,0.542848
proposing,0.542848
relaxation,0.542848
replaced,0.542848
rival,0.542848
sometime,0.542848
spotlight,0.542848
struggle,0.542848
submitted,0.542848
successor,0.542848
temporarily,0.542848
unspecified,0.542848
visits,0.542848
wave,0.542848
welcomed,0.542848
widely,0.542848
coalition,0.492073
Prince,0.486965
mates,0.486965
posts,0.481857
projects,0.481857
voluntary,0.481857
bloc,0.476749
replace,0.476749
reporters,0.476749
Advisory,0.471641
Affairs,0.471641
Apparently,0.471641
Congressional,0.471641
Edwin,0.471641
Lao,0.471641
Look,0.471641
Manhattan,0.471641
Maurice,0.471641
Pathet,0.471641
Question,0.471641
Rayburn,0.471641
See,0.471641
Speaker,0.471641
Times,0.471641
acceptance,0.471641
announce,0.471641
appears,0.471641
aroused,0.471641
assumed,0.471641
bigger,0.471641
classical,0.471641
concluded,0.471641
confirm,0.471641
confusion,0.471641
conservative,0.471641
consulting,0.471641
deny,0.471641
discovered,0.471641
eighteen,0.471641
emphasize,0.471641
encounter,0.471641
estimates,0.471641
experts,0.471641
fifteen,0.471641
file,0.471641
fourteen,0.471641
gay,0.471641
guide,0.471641
happen,0.471641
highways,0.471641
influence,0.471641
investigate,0.471641
languages,0.471641
meanwhile,0.471641
moderate,0.471641
nomination,0.471641
pays,0.471641
politics,0.471641
populous,0.471641
preserve,0.471641
process,0.471641
publicly,0.471641
pulled,0.471641
rank,0.471641
remarked,0.471641
remarks,0.471641
requirement,0.471641
rescue,0.471641
royal,0.471641
search,0.471641
slowed,0.471641
spoke,0.471641
taxi,0.471641
uncertain,0.471641
understanding,0.471641
universities,0.471641
useless,0.471641
visited,0.471641
Wagner,0.443922
agencies,0.4348
Brooklyn,0.43024
Democrats,0.425679
Geneva,0.425679
India,0.425679
Minister,0.425679
corps,0.425679
deal,0.425679
interview,0.425679
panel,0.425679
ticket,0.425679
usual,0.425679
Arthur,0.421118
Canada,0.421118
Democrat,0.421118
European,0.421118
Gordon,0.421118
Kremlin,0.421118
Six,0.421118
Three,0.421118
advance,0.421118
bitter,0.421118
brothers,0.421118
colleges,0.421118
controversy,0.421118
declined,0.421118
definite,0.421118
depends,0.421118
discussion,0.421118
distribution,0.421118
driver,0.421118
everything,0.421118
favorable,0.421118
goals,0.421118
loans,0.421118
negotiations,0.421118
pace,0.421118
payments,0.421118
pick,0.421118
receiving,0.421118
recommendations,0.421118
regarded,0.421118
science,0.421118
scientist,0.421118
secret,0.421118
sharply,0.421118
technicians,0.421118
twenty,0.421118
viewed,0.421118
weakness,0.421118
worry,0.421118
Premier,0.390202
attempt,0.390202
opposition,0.390202
Mayor,0.387807
Africa,0.386066
Asia,0.386066
Khrushchev,0.386066
Laos,0.386066
anti,0.386066
formula,0.386066
professional,0.386066
provides,0.386066
Arkansas,0.381929
Defense,0.381929
Foreign,0.381929
Moscow,0.381929
Sept,0.381929
Why,0.381929
accused,0.381929
atmosphere,0.381929
confidence,0.381929
conspiracy,0.381929
detailed,0.381929
explains,0.381929
factors,0.381929
highly,0.381929
holds,0.381929
impression,0.381929
intentions,0.381929
joint,0.381929
meetings,0.381929
minute,0.381929
modest,0.381929
mood,0.381929
oppose,0.381929
progress,0.381929
quick,0.381929
recognized,0.381929
responsible,0.381929
role,0.381929
talked,0.381929
task,0.381929
technical,0.381929
voting,0.381929
willing,0.381929
works,0.381929
religious,0.365069
talks,0.357489
Latin,0.3537
build,0.3537
candidate,0.3537
raised,0.3537
teaching,0.3537
Britain,0.34991
France,0.34991
Green,0.34991
Public,0.34991
Republicans,0.34991
Southeast,0.34991
affairs,0.34991
apparent,0.34991
approval,0.34991
assistance,0.34991
attention,0.34991
believes,0.34991
climate,0.34991
constitutional,0.34991
families,0.34991
gain,0.34991
latter,0.34991
moving,0.34991
officer,0.34991
personnel,0.34991
popular,0.34991
positions,0.34991
rapidly,0.34991
reaction,0.34991
recommended,0.34991
rising,0.34991
source,0.34991
studied,0.34991
unless,0.34991
usually,0.34991
worse,0.34991
Nations,0.336824
countries,0.336824
Corps,0.333328
church,0.333328
groups,0.333328
population,0.333328
hotel,0.329831
lives,0.329831
construction,0.326335
directed,0.326335
disclosed,0.326335
measure,0.326335
primary,0.326335
voters,0.326335
Paul,0.322838
Republican,0.322838
Y,0.322838
beginning,0.322838
budget,0.322838
carried,0.322838
changes,0.322838
completed,0.322838
conflict,0.322838
doubled,0.322838
due,0.322838
facilities,0.322838
growth,0.322838
hospital,0.322838
income,0.322838
leadership,0.322838
methods,0.322838
opportunity,0.322838
paying,0.322838
performance,0.322838
round,0.322838
speech,0.322838
strength,0.322838
subject,0.322838
Government,0.3156
Democratic,0.314924
June,0.312357
running,0.309115
De,0.305872
Last,0.305872
Massachusetts,0.305872
Soviet,0.305872
Western,0.305872
housing,0.305872
Southern,0.30263
agreement,0.30263
nations,0.30263
post,0.30263
receive,0.30263
Joe,0.299388
Labor,0.299388
T,0.299388
above,0.299388
alone,0.299388
assistant,0.299388
beyond,0.299388
biggest,0.299388
contract,0.299388
hopes,0.299388
identified,0.299388
instead,0.299388
luncheon,0.299388
maximum,0.299388
passing,0.299388
proposal,0.299388
rate,0.299388
starts,0.299388
successful,0.299388
telephone,0.299388
trying,0.299388
Communist,0.293795
Each,0.284739
economic,0.284739
tomorrow,0.284739
bill,0.282743
Administration,0.281721
An,0.281721
Boston,0.281721
Education,0.281721
Senate,0.281721
Their,0.281721
Union,0.281721
bills,0.281721
jobs,0.281721
spent,0.281721
view,0.281721
leaders,0.279925
About,0.278703
Day,0.278703
air,0.278703
apparently,0.278703
attend,0.278703
believe,0.278703
considered,0.278703
defense,0.278703
example,0.278703
feeling,0.278703
floor,0.278703
judge,0.278703
key,0.278703
low,0.278703
passed,0.278703
pointed,0.278703
prevent,0.278703
property,0.278703
seems,0.278703
touch,0.278703
war,0.278703
workers,0.278703
O,0.265835
Federal,0.263017
These,0.263017
additional,0.263017
agreed,0.263017
hardly,0.263017
pass,0.263017
reports,0.263017
Congress,0.260199
Howard,0.260199
Jim,0.260199
Lawrence,0.260199
Sam,0.260199
begin,0.260199
community,0.260199
daughter,0.260199
decision,0.260199
department,0.260199
didn,0.260199
election,0.260199
fight,0.260199
greater,0.260199
having,0.260199
read,0.260199
ways,0.260199
leader,0.256645
report,0.251371
question,0.248734
conference,0.246098
county,0.246098
forces,0.246098
pro,0.246098
College,0.243461
Council,0.243461
Department,0.243461
Joseph,0.243461
No,0.243461
Thomas,0.243461
attorney,0.243461
clear,0.243461
current,0.243461
don,0.243461
follow,0.243461
particularly,0.243461
reasons,0.243461
seek,0.243461
stage,0.243461
strong,0.243461
party,0.238065
America,0.230651
developed,0.230651
district,0.230651
efforts,0.230651
nation,0.230651
term,0.230651
within,0.230651
East,0.22818
cut,0.22818
declared,0.22818
effect,0.22818
generally,0.22818
life,0.22818
military,0.22818
nearly,0.22818
project,0.22818
reached,0.22818
says,0.22818
serious,0.22818
situation,0.22818
something,0.22818
organization,0.225718
political,0.22108
aid,0.218761
development,0.218761
statement,0.218761
proposed,0.216442
vote,0.216442
G,0.214123
What,0.214123
certain,0.214123
control,0.214123
evidence,0.214123
help,0.214123
himself,0.214123
lines,0.214123
means,0.214123
name,0.214123
nine,0.214123
official,0.214123
relations,0.214123
saw,0.214123
stand,0.214123
thing,0.214123
wanted,0.214123
private,0.207642
whether,0.203286
hand,0.201108
operation,0.201108
return,0.201108
reported,0.199226
yesterday,0.197179
Some,0.193085
education,0.193085
funds,0.193085
future,0.191038
half,0.191038
plan,0.191038
point,0.191038
staff,0.191038
Charles,0.188991
States,0.188991
action,0.188991
committee,0.188991
me,0.188991
pay,0.188991
provide,0.188991
record,0.188991
session,0.188991
she,0.188991
decided,0.181505
according,0.179581
city,0.179581
say,0.179581
United,0.177863
P,0.177657
To,0.177657
effort,0.177657
meet,0.177657
taking,0.177657
toward,0.177657
Committee,0.174245
among,0.172437
head,0.170628
director,0.168819
Kennedy,0.16701
problem,0.16701
recent,0.16701
start,0.16701
upon,0.16701
Mr,0.162463
President,0.160372
After,0.156972
E,0.156972
N,0.156972
One,0.156972
able,0.156972
brought,0.156972
country,0.156972
eight,0.156972
going,0.156972
hour,0.156972
received,0.156972
House,0.150671
member,0.150671
Jr,0.149074
R,0.149074
Tuesday,0.149074
major,0.149074
number,0.149074
same,0.149074
D,0.147477
National,0.147477
give,0.147477
six,0.147477
young,0.147477
expected,0.147467
government,0.141468
Monday,0.138469
York,0.138469
end,0.138469
third,0.138469
together,0.138469
state,0.132277
James,0.131307
W,0.131307
days,0.131307
today,0.131307
When,0.1299
come,0.1299
general,0.1299
little,0.1299
my,0.1299
present,0.1299
right,0.1299
run,0.1299
until,0.1299
use,0.1299
you,0.1299
several,0.123049
As,0.12173
C,0.12173
City,0.12173
State,0.12173
asked,0.12173
came,0.12173
however,0.12173
month,0.12173
months,0.12173
own,0.12173
still,0.12173
took,0.12173
Washington,0.116391
program,0.115158
J,0.113924
annual,0.113924
too,0.113924
public,0.111061
And,0.107602
U,0.107602
another,0.107602
school,0.107602
given,0.106449
group,0.106449
m,0.106449
night,0.106449
should,0.106449
American,0.100356
At,0.100356
here,0.100356
these,0.100356
against,0.0992803
early,0.0992803
good,0.0992803
past,0.0992803
see,0.0992803
take,0.0992803
people,0.0943936
without,0.0943936
S,0.0866933
long,0.0866933
make,0.0866933
off,0.0802372
those,0.0802372
work,0.0802372
while,0.0793775
each,0.0748007
since,0.0732148
members,0.0687179
New,0.067261
back,0.067261
down,0.067261
then,0.067261
through,0.067261
where,0.067261
such,0.0628347
t,0.0621686
day,0.0615025
get,0.0577439
They,0.0571382
There,0.0565325
because,0.0565325
if,0.0565325
any,0.0559268
him,0.0559268
week,0.0532586
This,0.051617
most,0.0505227
could,0.0457703
home,0.0457703
before,0.0452799
do,0.0452799
what,0.0452799
them,0.0401891
But,0.0363868
some,0.0363868
can,0.0356234
under,0.0356234
last,0.0324073
after,0.0310891
time,0.0304299
said,0.0282561
three,0.0271407
now,0.0257465
years,0.0257465
I,0.0223318
made,0.021873
only,0.0214141
He,0.0211847
when,0.0211847
would,0.0189137
or,0.0176448
two,0.0176448
had,0.0174635
It,0.0172822
year,0.0172822
there,0.0171009
about,0.0169196
also,0.0167384
more,0.0130734
their,0.0129391
than,0.0128048
its,0.0126705
new,0.0126705
up,0.0126705
are,0.0093201
he,0.00896617
this,0.00878921
In,0.00861225
all,0.00843528
no,0.0083468
were,0.0083468
over,0.00816984
his,0.00438723
A,0.00425605
been,0.00421232
other,0.00412487
but,0.00408114
not,0.00403741
they,0.00403741
The,0.0
``,0.0
a,0.0
an,0.0
and,0.0
as,0.0
at,0.0
be,0.0
by,0.0
for,0.0
from,0.0
has,0.0
have,0.0
in,0.0
is,0.0
it,0.0
of,0.0
on,0.0
one,0.0
out,0.0
s,0.0
that,0.0
the,0.0
to,0.0
was,0.0
which,0.0
who,0.0
will,0.0
with,0.0
