Pfaff,0.68072
transition,0.674885
Lafayette,0.669051
clouded,0.669051
commercial,0.669051
developments,0.669051
finances,0.669051
foes,0.669051
lawmakers,0.669051
marching,0.669051
scramble,0.669051
token,0.669051
weary,0.669051
Appointment,0.663216
Archives,0.663216
Assuming,0.663216
Audrey,0.663216
Baton,0.663216
Belleville,0.663216
Between,0.663216
Canal,0.663216
Certainly,0.663216
Columbia,0.663216
Consequently,0.663216
Constant,0.663216
Could,0.663216
Districts,0.663216
Eastland,0.663216
Edgar,0.663216
Fortier,0.663216
Future,0.663216
Guam,0.663216
Hoover,0.663216
Islands,0.663216
Jimmie,0.663216
Karol,0.663216
Knecht,0.663216
Marines,0.663216
Moving,0.663216
Passage,0.663216
Picayune,0.663216
Publishing,0.663216
Reports,0.663216
Rouge,0.663216
Samoa,0.663216
Seats,0.663216
Sens,0.663216
Soule,0.663216
Split,0.663216
Stennis,0.663216
Thousands,0.663216
Tims,0.663216
US,0.663216
Underlying,0.663216
Zone,0.663216
academies,0.663216
acknowledge,0.663216
acute,0.663216
agitating,0.663216
allegations,0.663216
alternatives,0.663216
arouse,0.663216
bleacher,0.663216
builtin,0.663216
ceremonial,0.663216
chapters,0.663216
combat,0.663216
companionship,0.663216
consonance,0.663216
constitution,0.663216
contributing,0.663216
crossroads,0.663216
defeat,0.663216
determining,0.663216
diem,0.663216
dilemma,0.663216
economize,0.663216
edges,0.663216
effectiveness,0.663216
exert,0.663216
flows,0.663216
focused,0.663216
forbids,0.663216
functionary,0.663216
gazing,0.663216
governmental,0.663216
guessing,0.663216
halfway,0.663216
harmony,0.663216
headache,0.663216
hike,0.663216
imprudently,0.663216
inconsistencies,0.663216
independents,0.663216
ineffectual,0.663216
inflate,0.663216
introduction,0.663216
longstanding,0.663216
loyal,0.663216
loyalist,0.663216
loyalists,0.663216
monuments,0.663216
muster,0.663216
normalcy,0.663216
oath,0.663216
observing,0.663216
occupying,0.663216
politicos,0.663216
powered,0.663216
presides,0.663216
quest,0.663216
receptive,0.663216
reconvenes,0.663216
redistricting,0.663216
reestablish,0.663216
representations,0.663216
reside,0.663216
script,0.663216
settle,0.663216
shrines,0.663216
solidarity,0.663216
stab,0.663216
statues,0.663216
strange,0.663216
stresses,0.663216
stripped,0.663216
suffragettes,0.663216
suspect,0.663216
tardiness,0.663216
terminate,0.663216
territories,0.663216
thoroughfare,0.663216
titular,0.663216
towel,0.663216
tracks,0.663216
trims,0.663216
troublesome,0.663216
unpleasant,0.663216
unpredictability,0.663216
vexing,0.663216
viewpoint,0.663216
wholesale,0.663216
withstand,0.663216
wreck,0.663216
Barnett,0.584629
Division,0.556033
revenues,0.556033
segregation,0.556033
avenue,0.551267
predict,0.551267
Legislators,0.546501
congressmen,0.546501
cutting,0.546501
patronage,0.546501
Elementary,0.541735
Great,0.541735
Puerto,0.541735
Rico,0.541735
Ross,0.541735
Scott,0.541735
Virgin,0.541735
affiliations,0.541735
avoid,0.541735
blocked,0.541735
bypass,0.541735
camps,0.541735
cleaning,0.541735
clearing,0.541735
commitments,0.541735
confronting,0.541735
convey,0.541735
criticisms,0.541735
curious,0.541735
decent,0.541735
dedicated,0.541735
erected,0.541735
fails,0.541735
followers,0.541735
honeymoon,0.541735
inaugural,0.541735
inhabitants,0.541735
merchandising,0.541735
nobody,0.541735
notion,0.541735
odds,0.541735
opposite,0.541735
probable,0.541735
pull,0.541735
raiser,0.541735
reconsideration,0.541735
recorded,0.541735
respective,0.541735
restless,0.541735
revive,0.541735
revolving,0.541735
rough,0.541735
seekers,0.541735
soldiers,0.541735
squeezed,0.541735
standpoint,0.541735
stories,0.541735
strategy,0.541735
subjected,0.541735
thousand,0.541735
toss,0.541735
trust,0.541735
underground,0.541735
unlikely,0.541735
vantage,0.541735
viewing,0.541735
historic,0.483096
congressional,0.478955
fiscal,0.478955
presidential,0.478955
views,0.478955
integration,0.474814
legislators,0.474814
promotion,0.474814
seats,0.474814
shortage,0.474814
square,0.474814
uncertain,0.474814
Along,0.470673
Battle,0.470673
Burke,0.470673
Congressman,0.470673
Constitution,0.470673
Guard,0.470673
Miles,0.470673
Times,0.470673
anyway,0.470673
appears,0.470673
artist,0.470673
begins,0.470673
bordering,0.470673
branches,0.470673
conclusion,0.470673
confusion,0.470673
decide,0.470673
directly,0.470673
districts,0.470673
divided,0.470673
enactment,0.470673
estimates,0.470673
frustrated,0.470673
genuine,0.470673
helm,0.470673
iron,0.470673
justice,0.470673
keeps,0.470673
normally,0.470673
perfect,0.470673
prospect,0.470673
publicly,0.470673
purposes,0.470673
ranks,0.470673
related,0.470673
reserve,0.470673
returning,0.470673
seat,0.470673
sensitive,0.470673
steady,0.470673
stream,0.470673
succeed,0.470673
succeeds,0.470673
surrounded,0.470673
trim,0.470673
underlying,0.470673
wage,0.470673
Legislature,0.460924
Mississippi,0.435043
Pennsylvania,0.435043
parade,0.431346
Orleans,0.427649
buildings,0.427649
Delta,0.423952
Jackson,0.423952
Square,0.423952
Within,0.423952
concern,0.423952
hundreds,0.423952
spending,0.423952
ticket,0.423952
Andrew,0.420254
Any,0.420254
Dwight,0.420254
Field,0.420254
Indeed,0.420254
Johnson,0.420254
Vice,0.420254
alternative,0.420254
anticipated,0.420254
badly,0.420254
bureau,0.420254
ceremonies,0.420254
constant,0.420254
decade,0.420254
dedication,0.420254
depending,0.420254
employed,0.420254
entering,0.420254
hero,0.420254
impressive,0.420254
interesting,0.420254
located,0.420254
mass,0.420254
regular,0.420254
resigned,0.420254
retiring,0.420254
ride,0.420254
shortly,0.420254
sort,0.420254
spectators,0.420254
street,0.420254
usual,0.420254
valuable,0.420254
Davis,0.401265
Avenue,0.391206
Capitol,0.387853
block,0.384499
sessions,0.384499
Actually,0.381146
Ill,0.381146
Navy,0.381146
Since,0.381146
admission,0.381146
clerical,0.381146
easy,0.381146
eliminate,0.381146
enjoy,0.381146
equally,0.381146
expenses,0.381146
experience,0.381146
eyes,0.381146
flow,0.381146
highly,0.381146
hundred,0.381146
leave,0.381146
losing,0.381146
operates,0.381146
peace,0.381146
profit,0.381146
progress,0.381146
radio,0.381146
regime,0.381146
route,0.381146
theme,0.381146
thirds,0.381146
watch,0.381146
governor,0.358409
Many,0.355337
grant,0.355337
approach,0.352265
cash,0.352265
difficult,0.352265
likely,0.352265
thousands,0.352265
throw,0.352265
thus,0.352265
Allen,0.349193
Eisenhower,0.349193
La,0.349193
November,0.349193
armed,0.349193
care,0.349193
completely,0.349193
currently,0.349193
direction,0.349193
factor,0.349193
legislative,0.349193
married,0.349193
native,0.349193
none,0.349193
original,0.349193
proposals,0.349193
records,0.349193
stands,0.349193
union,0.349193
battle,0.330679
Air,0.325011
Gov,0.325011
division,0.325011
measure,0.325011
Before,0.322176
Company,0.322176
Corps,0.322176
December,0.322176
Force,0.322176
Gen,0.322176
War,0.322176
address,0.322176
advertising,0.322176
always,0.322176
extra,0.322176
famous,0.322176
investigation,0.322176
met,0.322176
movement,0.322176
opportunity,0.322176
picture,0.322176
provided,0.322176
remained,0.322176
scene,0.322176
taxes,0.322176
tremendous,0.322176
units,0.322176
walk,0.322176
weather,0.322176
administration,0.322175
followed,0.306659
headed,0.304031
proposal,0.304031
Hill,0.301402
attended,0.301402
Also,0.298774
Even,0.298774
From,0.298774
January,0.298774
June,0.298774
Martin,0.298774
Massachusetts,0.298774
Now,0.298774
Street,0.298774
faced,0.298774
friends,0.298774
largely,0.298774
offer,0.298774
passing,0.298774
points,0.298774
raising,0.298774
severe,0.298774
status,0.298774
steps,0.298774
successful,0.298774
type,0.298774
Democratic,0.292812
sales,0.292812
either,0.283025
spring,0.283025
About,0.278131
Army,0.278131
Coast,0.278131
District,0.278131
apparently,0.278131
comes,0.278131
doesn,0.278131
elected,0.278131
hands,0.278131
include,0.278131
named,0.278131
perhaps,0.278131
prevent,0.278131
required,0.278131
try,0.278131
view,0.278131
why,0.278131
bill,0.275657
states,0.273372
election,0.266519
Then,0.26195
department,0.26195
pressure,0.26195
O,0.259666
additional,0.259666
begin,0.259666
clearly,0.259666
college,0.259666
continued,0.259666
daughter,0.259666
necessary,0.259666
pass,0.259666
plus,0.259666
test,0.259666
though,0.259666
using,0.259666
call,0.247236
cent,0.245099
forces,0.245099
leader,0.245099
Jan,0.242961
Of,0.242961
Texas,0.242961
carry,0.242961
caused,0.242961
favor,0.242961
following,0.242961
immediate,0.242961
merely,0.242961
previous,0.242961
really,0.242961
seek,0.242961
services,0.242961
stage,0.242961
women,0.242961
worth,0.242961
party,0.241735
tax,0.240002
issue,0.233722
district,0.229715
effect,0.229715
manager,0.229715
others,0.229715
something,0.229715
tell,0.229715
High,0.227712
Miss,0.227712
While,0.227712
car,0.227712
charge,0.227712
cut,0.227712
efforts,0.227712
form,0.227712
military,0.227712
move,0.227712
nearly,0.227712
tried,0.227712
turned,0.227712
aid,0.217443
political,0.217443
vote,0.217443
already,0.215564
building,0.215564
certain,0.215564
federal,0.215564
means,0.215564
relations,0.215564
Dr,0.213684
What,0.213684
free,0.213684
himself,0.213684
increase,0.213684
lines,0.213684
nine,0.213684
position,0.213684
power,0.213684
saw,0.213684
series,0.213684
soon,0.213684
stand,0.213684
thing,0.213684
wanted,0.213684
White,0.205992
session,0.205197
per,0.204227
With,0.202461
coming,0.202461
whether,0.202461
L,0.200696
Smith,0.200696
center,0.200696
course,0.200696
find,0.200696
job,0.200696
kept,0.200696
least,0.200696
served,0.200696
seven,0.200696
themselves,0.200696
million,0.195241
States,0.190263
company,0.190263
persons,0.190263
support,0.190263
H,0.188604
Some,0.188604
Wednesday,0.188604
bring,0.188604
feel,0.188604
funds,0.188604
future,0.188604
history,0.188604
house,0.188604
play,0.188604
re,0.188604
done,0.178853
say,0.178853
Frank,0.177293
almost,0.177293
become,0.177293
effort,0.177293
face,0.177293
order,0.177293
period,0.177293
probably,0.177293
taking,0.177293
problem,0.172533
office,0.1696
F,0.168134
start,0.168134
Kennedy,0.166668
United,0.166668
firm,0.166668
head,0.166668
recent,0.166668
upon,0.166668
President,0.160785
If,0.159407
does,0.159407
eight,0.159407
service,0.159407
able,0.158028
B,0.15665
E,0.15665
Saturday,0.15665
country,0.15665
former,0.15665
know,0.15665
money,0.15665
House,0.152354
might,0.151059
give,0.149764
very,0.149764
national,0.148469
needed,0.148469
six,0.148469
D,0.147174
Jr,0.147174
National,0.147174
William,0.147174
great,0.147174
major,0.147174
need,0.147174
put,0.147174
same,0.147174
government,0.140616
together,0.140616
expected,0.1394
case,0.138185
few,0.138185
making,0.138185
third,0.138185
come,0.131915
use,0.130774
James,0.129634
big,0.129634
general,0.129634
must,0.129634
right,0.129634
run,0.129634
until,0.129634
special,0.128962
state,0.126824
five,0.124687
along,0.123618
part,0.123618
months,0.122549
C,0.121481
business,0.121481
came,0.121481
how,0.121481
several,0.121481
still,0.121481
far,0.115691
program,0.115691
held,0.11469
later,0.11469
president,0.11469
J,0.11369
Washington,0.11369
another,0.1081
school,0.1081
should,0.1081
go,0.107166
And,0.106231
between,0.106231
given,0.106231
public,0.106231
see,0.10082
take,0.10082
early,0.0999484
past,0.0999484
American,0.0990767
announced,0.0990767
just,0.0990767
much,0.0990767
next,0.0990767
these,0.0990767
did,0.0870945
during,0.0870945
long,0.0870945
make,0.0870945
being,0.0863415
many,0.0863415
way,0.0863415
S,0.0855885
like,0.0855885
world,0.0855885
may,0.0813055
well,0.0806086
even,0.0799117
those,0.0799117
off,0.0792148
old,0.0792148
while,0.0792148
work,0.0792148
since,0.0749931
man,0.0730647
back,0.0688947
down,0.0688947
New,0.0683041
where,0.0683041
high,0.0671231
members,0.0671231
through,0.0671231
John,0.0624563
four,0.0619163
day,0.0613764
t,0.0613764
if,0.0572851
They,0.0567941
any,0.0567941
him,0.0563031
so,0.0563031
There,0.0558121
because,0.0558121
get,0.0558121
most,0.0530805
This,0.0517498
could,0.0479698
home,0.045187
them,0.0404595
some,0.0370259
But,0.0364071
can,0.0364071
into,0.0314362
time,0.0309019
after,0.0303675
last,0.0303675
years,0.0261458
now,0.0256937
said,0.0256937
three,0.0256937
He,0.0216992
first,0.0215132
only,0.0211412
when,0.0211412
would,0.0180266
year,0.0178797
or,0.0174388
had,0.0172919
It,0.0169979
about,0.0169979
two,0.0169979
also,0.016851
there,0.016704
its,0.0127031
more,0.0127031
new,0.0125942
than,0.0125942
their,0.0125942
up,0.0125942
are,0.00872691
this,0.00851172
all,0.00843999
he,0.00843999
over,0.00843999
In,0.00836827
no,0.00829654
were,0.00822481
not,0.00448995
his,0.00427726
been,0.00424182
they,0.00424182
but,0.00410003
other,0.00410003
A,0.00402914
The,0.0
``,0.0
a,0.0
an,0.0
and,0.0
as,0.0
at,0.0
be,0.0
by,0.0
for,0.0
from,0.0
has,0.0
have,0.0
in,0.0
is,0.0
it,0.0
of,0.0
on,0.0
one,0.0
out,0.0
s,0.0
that,0.0
the,0.0
to,0.0
was,0.0
which,0.0
who,0.0
will,0.0
with,0.0
