Hemphill,0.711412
Berger,0.704658
Eastwick,0.691151
Gladden,0.691151
Barnard,0.684397
Goodis,0.684397
bids,0.684397
sue,0.684397
Gursel,0.677643
PTC,0.677643
Redevelopment,0.677643
esplanade,0.677643
fighters,0.677643
junta,0.677643
Builders,0.670889
Davenport,0.670889
Finance,0.670889
Knauer,0.670889
Menderes,0.670889
Mining,0.670889
Shiflett,0.670889
Stage,0.670889
Turkey,0.670889
Varani,0.670889
animal,0.670889
bankrupt,0.670889
contracted,0.670889
contractors,0.670889
driveway,0.670889
hazards,0.670889
investigating,0.670889
joints,0.670889
objection,0.670889
pedestrians,0.670889
reviewing,0.670889
reward,0.670889
rigged,0.670889
Adnan,0.664135
Ankara,0.664135
Area,0.664135
Backs,0.664135
Barnet,0.664135
Battalion,0.664135
Belanger,0.664135
Cambridge,0.664135
Casualty,0.664135
Cedvet,0.664135
Cemal,0.664135
Certain,0.664135
Common,0.664135
Concern,0.664135
Consolidated,0.664135
Constantinos,0.664135
Councilwoman,0.664135
Crumlish,0.664135
Dannehower,0.664135
Dicks,0.664135
Doxiadis,0.664135
Elevated,0.664135
Erection,0.664135
Estimates,0.664135
Frankford,0.664135
Gillis,0.664135
Grovers,0.664135
Hess,0.664135
Hooked,0.664135
Horace,0.664135
Ignition,0.664135
Indemnity,0.664135
Industries,0.664135
Inspections,0.664135
Intervenes,0.664135
Kaplan,0.664135
Kas,0.664135
Leary,0.664135
Led,0.664135
Licenses,0.664135
Lieberman,0.664135
Managing,0.664135
Metal,0.664135
Norristown,0.664135
Petitions,0.664135
Pleas,0.664135
Property,0.664135
Reconstruction,0.664135
Shortcuts,0.664135
Sons,0.664135
Stansbery,0.664135
Stanton,0.664135
Sunay,0.664135
TNT,0.664135
Testifies,0.664135
Transportation,0.664135
Travelers,0.664135
Turkish,0.664135
Victim,0.664135
Wide,0.664135
accomodations,0.664135
bar,0.664135
barred,0.664135
battalion,0.664135
bites,0.664135
bombing,0.664135
bonding,0.664135
bounded,0.664135
bowed,0.664135
builder,0.664135
catchers,0.664135
certifying,0.664135
compensated,0.664135
contracting,0.664135
coup,0.664135
covering,0.664135
device,0.664135
eliminates,0.664135
etat,0.664135
females,0.664135
fractures,0.664135
garden,0.664135
hood,0.664135
ignition,0.664135
impossibly,0.664135
indecisive,0.664135
indorsed,0.664135
intervened,0.664135
landscaped,0.664135
legitimate,0.664135
males,0.664135
nitroglycerine,0.664135
occupancy,0.664135
organizing,0.664135
overhauling,0.664135
overthrow,0.664135
pedigreed,0.664135
penalized,0.664135
planner,0.664135
pledges,0.664135
preliminary,0.664135
protocol,0.664135
redevelopers,0.664135
regulate,0.664135
repairs,0.664135
replies,0.664135
representation,0.664135
reprimanded,0.664135
rigging,0.664135
roof,0.664135
sectors,0.664135
sets,0.664135
severly,0.664135
shortcuts,0.664135
signature,0.664135
starter,0.664135
tore,0.664135
transit,0.664135
unnoticed,0.664135
vehicular,0.664135
violating,0.664135
vouchers,0.664135
walkways,0.664135
west,0.664135
teamsters,0.559036
ranged,0.553519
tract,0.553519
Controller,0.548003
Residential,0.548003
bankruptcy,0.548003
dogs,0.548003
elections,0.548003
engineering,0.548003
ordinance,0.548003
percent,0.548003
reorganization,0.548003
rooming,0.548003
wheel,0.548003
widow,0.548003
Alexander,0.542486
Can,0.542486
Deputy,0.542486
Fighters,0.542486
Greece,0.542486
Harold,0.542486
Hood,0.542486
McConnell,0.542486
Montgomery,0.542486
Planning,0.542486
Solicitor,0.542486
Would,0.542486
accepting,0.542486
agreeing,0.542486
ankles,0.542486
apart,0.542486
apartments,0.542486
architecture,0.542486
assigned,0.542486
bridges,0.542486
circulation,0.542486
clusters,0.542486
collects,0.542486
completion,0.542486
composed,0.542486
contested,0.542486
counsel,0.542486
critic,0.542486
disclosures,0.542486
dispute,0.542486
dissension,0.542486
dividing,0.542486
draw,0.542486
dwellings,0.542486
fined,0.542486
firemen,0.542486
flying,0.542486
gotten,0.542486
guards,0.542486
headline,0.542486
laboratory,0.542486
licenses,0.542486
licensing,0.542486
lying,0.542486
manslaughter,0.542486
multiple,0.542486
novel,0.542486
objected,0.542486
outspoken,0.542486
pardoned,0.542486
pedestrian,0.542486
pleaded,0.542486
rehabilitation,0.542486
repair,0.542486
repaired,0.542486
satisfied,0.542486
sentence,0.542486
solution,0.542486
spends,0.542486
sued,0.542486
torn,0.542486
vehicles,0.542486
violated,0.542486
violations,0.542486
voiced,0.542486
fees,0.514464
dog,0.490498
hotels,0.485705
El,0.480912
Pratt,0.480912
Authority,0.476119
Director,0.476119
agreements,0.476119
feature,0.476119
inside,0.476119
parks,0.476119
permits,0.476119
petitions,0.476119
probation,0.476119
Baptist,0.471326
Business,0.471326
Julian,0.471326
Revenue,0.471326
Reynolds,0.471326
Steel,0.471326
adequately,0.471326
annually,0.471326
anyway,0.471326
bed,0.471326
builders,0.471326
churches,0.471326
coalition,0.471326
competing,0.471326
consulting,0.471326
contractor,0.471326
cooperate,0.471326
covered,0.471326
crisis,0.471326
deadline,0.471326
demanded,0.471326
designated,0.471326
disagreement,0.471326
eliminating,0.471326
filing,0.471326
flash,0.471326
flat,0.471326
formed,0.471326
gifts,0.471326
investigate,0.471326
involve,0.471326
involving,0.471326
landed,0.471326
latest,0.471326
multi,0.471326
perform,0.471326
pronounced,0.471326
pulled,0.471326
recovery,0.471326
renewal,0.471326
sharp,0.471326
shopping,0.471326
st,0.471326
stores,0.471326
target,0.471326
testimony,0.471326
Hughes,0.455074
Wagner,0.442235
fee,0.433676
Kansas,0.429396
concern,0.429396
acre,0.425116
blast,0.425116
bomb,0.425116
claim,0.425116
purchase,0.425116
rooms,0.425116
Continental,0.420837
Home,0.420837
Mass,0.420837
Minister,0.420837
Mo,0.420837
UPI,0.420837
accident,0.420837
active,0.420837
asking,0.420837
automobile,0.420837
behalf,0.420837
believed,0.420837
developing,0.420837
eventually,0.420837
explosion,0.420837
explosive,0.420837
flies,0.420837
insisted,0.420837
jail,0.420837
killed,0.420837
mostly,0.420837
policemen,0.420837
providing,0.420837
remainder,0.420837
replied,0.420837
reportedly,0.420837
representatives,0.420837
roads,0.420837
sons,0.420837
stated,0.420837
suit,0.420837
technicians,0.420837
threatened,0.420837
warning,0.420837
younger,0.420837
association,0.404963
Philadelphia,0.401082
Ave,0.393319
Commissioner,0.393319
bond,0.393319
license,0.393319
Corp,0.389437
army,0.389437
houses,0.389437
joint,0.389437
Eugene,0.385556
approved,0.385556
filed,0.385556
track,0.385556
Commission,0.381675
Donald,0.381675
Douglas,0.381675
Fire,0.381675
Health,0.381675
Inc,0.381675
Leonard,0.381675
Memorial,0.381675
Nov,0.381675
Party,0.381675
Premier,0.381675
Virginia,0.381675
Women,0.381675
bargaining,0.381675
boost,0.381675
containing,0.381675
corporation,0.381675
directors,0.381675
eliminate,0.381675
emergency,0.381675
failure,0.381675
fired,0.381675
injured,0.381675
knocked,0.381675
length,0.381675
master,0.381675
model,0.381675
operate,0.381675
payment,0.381675
provides,0.381675
rates,0.381675
regime,0.381675
responsible,0.381675
row,0.381675
threat,0.381675
threatening,0.381675
union,0.356789
Police,0.353233
Samuel,0.353233
bid,0.353233
care,0.353233
press,0.353233
raise,0.353233
AP,0.349677
Attorney,0.349677
K,0.349677
Public,0.349677
V,0.349677
announcement,0.349677
arrest,0.349677
authority,0.349677
commission,0.349677
created,0.349677
direction,0.349677
drew,0.349677
expects,0.349677
figure,0.349677
formerly,0.349677
fully,0.349677
join,0.349677
laws,0.349677
mile,0.349677
original,0.349677
personnel,0.349677
prison,0.349677
raised,0.349677
range,0.349677
reply,0.349677
spokesman,0.349677
suffered,0.349677
supported,0.349677
wall,0.349677
Gen,0.332465
parties,0.329185
performance,0.329185
Oct,0.325904
apartment,0.325904
charges,0.325904
investigation,0.325904
placed,0.325904
By,0.322623
Chief,0.322623
account,0.322623
battle,0.322623
changes,0.322623
contributions,0.322623
disclosed,0.322623
expense,0.322623
formally,0.322623
hospital,0.322623
hotel,0.322623
information,0.322623
listed,0.322623
opposed,0.322623
owners,0.322623
ran,0.322623
representing,0.322623
sell,0.322623
strength,0.322623
study,0.322623
treasurer,0.322623
contract,0.308315
agreement,0.305273
traffic,0.305273
central,0.30223
hearing,0.30223
morning,0.30223
offered,0.30223
Four,0.299188
advantage,0.299188
appeared,0.299188
attended,0.299188
caught,0.299188
expansion,0.299188
firms,0.299188
headed,0.299188
increased,0.299188
leading,0.299188
loss,0.299188
maximum,0.299188
mean,0.299188
passing,0.299188
person,0.299188
post,0.299188
proposal,0.299188
raising,0.299188
saying,0.299188
schedule,0.299188
sign,0.299188
telephone,0.299188
Co,0.289846
calls,0.284181
higher,0.284181
District,0.281349
apparently,0.281349
charged,0.281349
An,0.278516
Feb,0.278516
International,0.278516
Lee,0.278516
administration,0.278516
companies,0.278516
defense,0.278516
either,0.278516
estimated,0.278516
interested,0.278516
knew,0.278516
known,0.278516
land,0.278516
low,0.278516
passed,0.278516
played,0.278516
questioned,0.278516
ruled,0.278516
variety,0.278516
amount,0.270603
leaders,0.270603
fire,0.267958
Court,0.265314
cost,0.265314
d,0.265314
front,0.265314
additional,0.26267
agreed,0.26267
fight,0.26267
Federal,0.260025
Howard,0.260025
Jim,0.260025
Warren,0.260025
am,0.260025
bill,0.260025
clearly,0.260025
decision,0.260025
department,0.260025
driving,0.260025
entire,0.260025
executive,0.260025
included,0.260025
planned,0.260025
pressure,0.260025
secretary,0.260025
whole,0.260025
project,0.253536
services,0.248247
conference,0.245772
presented,0.245772
Council,0.243298
Department,0.243298
Hotel,0.243298
attorney,0.243298
chief,0.243298
following,0.243298
less,0.243298
officials,0.243298
report,0.243298
car,0.237303
military,0.237303
Association,0.232665
form,0.232665
Judge,0.230346
move,0.230346
reached,0.230346
Both,0.228027
David,0.228027
Henry,0.228027
Island,0.228027
boy,0.228027
charge,0.228027
complete,0.228027
declared,0.228027
developed,0.228027
failed,0.228027
feet,0.228027
officers,0.228027
party,0.228027
term,0.228027
turned,0.228027
increase,0.218332
development,0.216156
hit,0.216156
political,0.216156
Dr,0.21398
Robert,0.21398
final,0.21398
hours,0.21398
organization,0.21398
position,0.21398
proposed,0.21398
relations,0.21398
schools,0.21398
series,0.21398
single,0.21398
started,0.21398
wide,0.21398
city,0.208232
center,0.205061
paid,0.205061
per,0.203017
County,0.200974
court,0.200974
drive,0.200974
find,0.200974
job,0.200974
open,0.200974
plans,0.200974
private,0.200974
room,0.200974
sent,0.200974
want,0.200974
company,0.196548
house,0.196548
plan,0.196548
bring,0.188865
committee,0.188865
half,0.188865
indicated,0.188865
pay,0.188865
persons,0.188865
point,0.188865
reported,0.188865
she,0.188865
staff,0.188865
won,0.188865
enough,0.18115
led,0.179344
matter,0.179344
small,0.179344
P,0.177539
Richard,0.177539
almost,0.177539
family,0.177539
law,0.177539
period,0.177539
taking,0.177539
full,0.173688
firm,0.170293
His,0.168596
M,0.168596
Committee,0.166899
F,0.166899
away,0.166899
director,0.166899
recent,0.166899
top,0.166899
know,0.160058
meeting,0.160058
St,0.158463
former,0.158463
Friday,0.156867
N,0.156867
One,0.156867
President,0.156867
began,0.156867
brought,0.156867
does,0.156867
eight,0.156867
hour,0.156867
received,0.156867
think,0.156867
Tuesday,0.153373
We,0.150376
local,0.150376
national,0.148877
D,0.147378
For,0.147378
Jr,0.147378
R,0.147378
William,0.147378
major,0.147378
member,0.147378
same,0.147378
second,0.147378
six,0.147378
government,0.142598
left,0.142598
case,0.139784
Monday,0.138376
added,0.138376
expected,0.138376
wife,0.138376
run,0.132454
City,0.131546
James,0.131134
today,0.131134
On,0.129813
W,0.129813
area,0.129813
big,0.129813
general,0.129813
must,0.129813
present,0.129813
until,0.129813
you,0.129813
months,0.12536
C,0.124123
came,0.122886
part,0.122886
Mrs,0.121649
along,0.121649
called,0.121649
own,0.121649
several,0.121649
took,0.121649
president,0.117321
J,0.113848
ago,0.113848
annual,0.113848
far,0.113848
later,0.113848
between,0.110706
U,0.106378
given,0.106378
got,0.106378
night,0.106378
should,0.106378
against,0.101232
here,0.101232
just,0.101232
At,0.099214
see,0.099214
set,0.099214
take,0.099214
these,0.099214
people,0.0923307
S,0.0865788
during,0.0865788
did,0.0857072
work,0.0849714
off,0.0801312
those,0.0793245
well,0.0793245
each,0.0731659
man,0.0731659
since,0.0731659
New,0.0678997
through,0.0678997
we,0.0678997
high,0.0672161
members,0.0672161
then,0.0672161
day,0.0620865
four,0.0620865
t,0.0620865
John,0.0614614
both,0.0564578
get,0.0558894
him,0.0558894
if,0.0558894
so,0.0558894
home,0.04617
before,0.0457098
could,0.0457098
do,0.0457098
under,0.0366508
But,0.0352182
can,0.0352182
some,0.0352182
after,0.0319559
last,0.0313374
said,0.031224
into,0.0307189
time,0.0304096
now,0.0259909
years,0.0257293
He,0.0216011
I,0.0216011
only,0.0213858
when,0.0213858
first,0.0211705
made,0.0211705
would,0.0184283
had,0.0177478
also,0.0175777
two,0.0174076
year,0.0174076
It,0.0170674
there,0.0170674
about,0.0168973
or,0.0168973
its,0.0128977
more,0.0127717
than,0.0127717
new,0.0126456
up,0.0123936
he,0.00866255
no,0.00849649
over,0.00833044
were,0.00833044
In,0.00816438
are,0.00816438
A,0.00436297
been,0.00432194
his,0.00428091
not,0.00415781
other,0.00411678
but,0.00407575
they,0.00403472
The,0.0
``,0.0
a,0.0
an,0.0
and,0.0
as,0.0
at,0.0
be,0.0
by,0.0
for,0.0
from,0.0
has,0.0
have,0.0
in,0.0
is,0.0
it,0.0
of,0.0
on,0.0
one,0.0
out,0.0
s,0.0
that,0.0
the,0.0
to,0.0
was,0.0
which,0.0
who,0.0
will,0.0
with,0.0
