God,0.724805
Assemblies,0.699521
denomination,0.691093
Ierulli,0.682665
Molvar,0.682665
Weinstein,0.682665
Zimmerman,0.682665
beliefs,0.682665
mails,0.682665
Breakthrough,0.674237
Hatfield,0.674237
Incumbent,0.674237
Schwab,0.674237
adding,0.674237
defraud,0.674237
dismissal,0.674237
emphasizes,0.674237
pioneer,0.674237
Arranging,0.665809
Blaine,0.665809
Brod,0.665809
Bryson,0.665809
Bubenik,0.665809
Burbank,0.665809
Coliseum,0.665809
Connall,0.665809
Culbertson,0.665809
Denials,0.665809
Desmond,0.665809
Diety,0.665809
Dist,0.665809
Economically,0.665809
Edith,0.665809
Emerald,0.665809
Encouraging,0.665809
Heitschmidt,0.665809
Helping,0.665809
Huffman,0.665809
Hugh,0.665809
Insuring,0.665809
Jesus,0.665809
Kiwanis,0.665809
Maplecrest,0.665809
Mears,0.665809
Nilsen,0.665809
Njust,0.665809
Northwestern,0.665809
Patience,0.665809
Piersee,0.665809
Polls,0.665809
Private,0.665809
Proof,0.665809
Salter,0.665809
Schrunk,0.665809
Seeking,0.665809
Sexton,0.665809
Springfield,0.665809
Steeves,0.665809
Stout,0.665809
Super,0.665809
Surrounding,0.665809
Surveys,0.665809
Talking,0.665809
Testament,0.665809
Ullman,0.665809
Water,0.665809
Whipple,0.665809
absorb,0.665809
apprentices,0.665809
authoritative,0.665809
blueprints,0.665809
bodily,0.665809
bulwark,0.665809
capitol,0.665809
capsule,0.665809
clarification,0.665809
compare,0.665809
congenial,0.665809
conpired,0.665809
coordination,0.665809
deferred,0.665809
denying,0.665809
dependence,0.665809
detriment,0.665809
disaster,0.665809
economically,0.665809
evacuate,0.665809
evacuation,0.665809
exaltation,0.665809
examined,0.665809
extraordinarily,0.665809
fundamentalism,0.665809
grasp,0.665809
infallible,0.665809
inspired,0.665809
instructed,0.665809
laymen,0.665809
linking,0.665809
loses,0.665809
loyalty,0.665809
ministerial,0.665809
miracles,0.665809
missions,0.665809
necessitate,0.665809
nominating,0.665809
ours,0.665809
patience,0.665809
peoples,0.665809
please,0.665809
reelected,0.665809
reiterating,0.665809
resurrection,0.665809
revelation,0.665809
ritiuality,0.665809
scriptures,0.665809
sinless,0.665809
specifications,0.665809
strategic,0.665809
substitutionary,0.665809
towards,0.665809
trials,0.665809
truths,0.665809
upwards,0.665809
verbally,0.665809
vision,0.665809
whatever,0.665809
Bible,0.557622
Brandt,0.557622
belief,0.557622
motions,0.557622
Christ,0.550738
Goldberg,0.550738
Morse,0.550738
Multnomah,0.550738
defendant,0.550738
faith,0.550738
firmer,0.550738
speak,0.550738
Beaverton,0.543853
Empire,0.543853
Engaging,0.543853
Individual,0.543853
Law,0.543853
Lord,0.543853
Lowe,0.543853
Philip,0.543853
Reps,0.543853
Virgin,0.543853
Willamette,0.543853
accomplish,0.543853
acquittal,0.543853
adoption,0.543853
attracted,0.543853
babies,0.543853
conspirators,0.543853
continuance,0.543853
cooperating,0.543853
coordinating,0.543853
develop,0.543853
editing,0.543853
everyone,0.543853
exported,0.543853
forthcoming,0.543853
fraud,0.543853
fruitful,0.543853
greeting,0.543853
identical,0.543853
immigrant,0.543853
knowing,0.543853
lending,0.543853
meets,0.543853
mistrial,0.543853
mothers,0.543853
pastors,0.543853
paths,0.543853
positive,0.543853
proof,0.543853
prosecutor,0.543853
rapid,0.543853
reads,0.543853
rebel,0.543853
revised,0.543853
seeks,0.543853
societies,0.543853
speakers,0.543853
statewide,0.543853
strictly,0.543853
swearing,0.543853
trends,0.543853
unanimously,0.543853
vacated,0.543853
vocational,0.543853
voice,0.543853
wouldn,0.543853
churches,0.520363
Portland,0.508401
delegates,0.490457
Powell,0.484476
Salem,0.484476
Oregon,0.478495
stood,0.478495
Affairs,0.472514
Election,0.472514
Mark,0.472514
Masonic,0.472514
Melvin,0.472514
Miles,0.472514
Nobody,0.472514
Roosevelt,0.472514
SW,0.472514
advice,0.472514
advisory,0.472514
aiding,0.472514
atomic,0.472514
conduct,0.472514
contact,0.472514
cooperate,0.472514
cross,0.472514
decide,0.472514
determine,0.472514
districts,0.472514
elementary,0.472514
fear,0.472514
fill,0.472514
gives,0.472514
graduates,0.472514
honoring,0.472514
insurance,0.472514
involve,0.472514
lots,0.472514
noon,0.472514
patient,0.472514
plate,0.472514
plea,0.472514
prefer,0.472514
proper,0.472514
realistic,0.472514
replace,0.472514
revision,0.472514
rush,0.472514
spoke,0.472514
strengthen,0.472514
structure,0.472514
testimony,0.472514
upheld,0.472514
verdict,0.472514
witnesses,0.472514
Rev,0.4486
challenge,0.432578
superintendent,0.432578
Dwight,0.427238
Oak,0.427238
attorneys,0.427238
candidates,0.427238
entering,0.427238
keeping,0.427238
lack,0.427238
pace,0.427238
Arthur,0.421898
Circuit,0.421898
Dec,0.421898
Democrats,0.421898
Five,0.421898
Grove,0.421898
Lodge,0.421898
Mo,0.421898
Temple,0.421898
Theodore,0.421898
Three,0.421898
Vincent,0.421898
active,0.421898
behalf,0.421898
birth,0.421898
centers,0.421898
century,0.421898
compromise,0.421898
decade,0.421898
defeated,0.421898
denied,0.421898
developing,0.421898
difference,0.421898
doors,0.421898
everybody,0.421898
experienced,0.421898
goods,0.421898
includes,0.421898
mass,0.421898
offices,0.421898
parents,0.421898
poll,0.421898
practicing,0.421898
replied,0.421898
send,0.421898
separate,0.421898
somebody,0.421898
sound,0.421898
stated,0.421898
stressed,0.421898
striking,0.421898
stronger,0.421898
temporary,0.421898
termed,0.421898
waiting,0.421898
workshop,0.421898
conspiracy,0.397167
bond,0.38748
trial,0.38748
Al,0.382637
Barbara,0.382637
Commissioner,0.382637
Donald,0.382637
Eugene,0.382637
Germany,0.382637
Memorial,0.382637
Nov,0.382637
Party,0.382637
Rhode,0.382637
Terry,0.382637
Young,0.382637
cited,0.382637
civil,0.382637
confidence,0.382637
consecutive,0.382637
consider,0.382637
courts,0.382637
directors,0.382637
enjoy,0.382637
existing,0.382637
failure,0.382637
firmly,0.382637
freedom,0.382637
individuals,0.382637
joint,0.382637
leaving,0.382637
mature,0.382637
organized,0.382637
persuade,0.382637
presentation,0.382637
statements,0.382637
suggested,0.382637
theme,0.382637
volunteers,0.382637
willing,0.382637
build,0.368308
council,0.36387
Attorney,0.354995
Barnes,0.354995
ability,0.354995
join,0.354995
AP,0.350558
Dean,0.350558
England,0.350558
Green,0.350558
Illinois,0.350558
Many,0.350558
Mayor,0.350558
November,0.350558
Raymond,0.350558
Republicans,0.350558
Wayne,0.350558
affairs,0.350558
argued,0.350558
ballot,0.350558
bid,0.350558
choice,0.350558
commented,0.350558
dead,0.350558
expects,0.350558
football,0.350558
gone,0.350558
graduate,0.350558
helping,0.350558
light,0.350558
married,0.350558
none,0.350558
positions,0.350558
press,0.350558
products,0.350558
religious,0.350558
sponsored,0.350558
sure,0.350558
wall,0.350558
water,0.350558
church,0.339812
countries,0.339812
changes,0.331624
Sen,0.32753
adopted,0.32753
construction,0.32753
methods,0.32753
opposed,0.32753
population,0.32753
society,0.32753
urged,0.32753
vital,0.32753
voters,0.32753
By,0.323436
Church,0.323436
Gov,0.323436
Nations,0.323436
Old,0.323436
Republican,0.323436
address,0.323436
ask,0.323436
directed,0.323436
established,0.323436
growth,0.323436
income,0.323436
information,0.323436
jury,0.323436
leadership,0.323436
lives,0.323436
minor,0.323436
opportunity,0.323436
primary,0.323436
provided,0.323436
reception,0.323436
speech,0.323436
step,0.323436
subject,0.323436
Martin,0.315129
assistant,0.307535
Americans,0.303739
Labor,0.303739
Soviet,0.303739
T,0.303739
hold,0.303739
planning,0.303739
rule,0.303739
seemed,0.303739
Chairman,0.299942
January,0.299942
Last,0.299942
Southern,0.299942
World,0.299942
actually,0.299942
appointed,0.299942
biggest,0.299942
cases,0.299942
establish,0.299942
expansion,0.299942
hearing,0.299942
homes,0.299942
labor,0.299942
person,0.299942
points,0.299942
raising,0.299942
reason,0.299942
request,0.299942
schedule,0.299942
sense,0.299942
spend,0.299942
steps,0.299942
trying,0.299942
defense,0.286287
District,0.282753
change,0.282753
hear,0.282753
modern,0.282753
perhaps,0.282753
Aj,0.279218
Central,0.279218
Day,0.279218
Democratic,0.279218
Lee,0.279218
Norman,0.279218
Ralph,0.279218
Union,0.279218
attend,0.279218
basic,0.279218
calls,0.279218
charged,0.279218
economic,0.279218
elected,0.279218
explained,0.279218
feeling,0.279218
game,0.279218
goal,0.279218
heard,0.279218
include,0.279218
informed,0.279218
list,0.279218
opened,0.279218
opinion,0.279218
pointed,0.279218
touch,0.279218
view,0.279218
war,0.279218
election,0.27058
secretary,0.27058
thought,0.27058
Secretary,0.26728
agreed,0.26728
necessary,0.26728
scheduled,0.26728
junior,0.263981
Angeles,0.260681
Lawrence,0.260681
Los,0.260681
cost,0.260681
department,0.260681
entire,0.260681
executive,0.260681
keep,0.260681
prices,0.260681
social,0.260681
us,0.260681
ways,0.260681
dinner,0.250086
level,0.250086
Hotel,0.246999
following,0.246999
important,0.246999
opening,0.246999
Board,0.243911
College,0.243911
Council,0.243911
No,0.243911
Thursday,0.243911
attorney,0.243911
carry,0.243911
conference,0.243911
daily,0.243911
event,0.243911
father,0.243911
felt,0.243911
follow,0.243911
fund,0.243911
presented,0.243911
really,0.243911
seek,0.243911
Judge,0.237283
district,0.237283
life,0.23439
term,0.23439
afternoon,0.231496
declared,0.231496
East,0.228602
Island,0.228602
born,0.228602
cars,0.228602
effective,0.228602
generally,0.228602
issue,0.228602
military,0.228602
move,0.228602
project,0.228602
student,0.228602
schools,0.225381
help,0.222665
stand,0.222665
Dr,0.21995
G,0.217235
attack,0.217235
evidence,0.217235
kind,0.217235
means,0.217235
proposed,0.217235
Jack,0.214519
School,0.214519
aid,0.214519
already,0.214519
date,0.214519
federal,0.214519
minutes,0.214519
organization,0.214519
political,0.214519
vote,0.214519
wanted,0.214519
board,0.213309
L,0.209131
p,0.206581
plans,0.206581
themselves,0.206581
foreign,0.204031
open,0.204031
County,0.20148
Other,0.20148
hand,0.20148
involved,0.20148
job,0.20148
kept,0.20148
want,0.20148
whether,0.20148
working,0.20148
States,0.198928
Charles,0.191738
million,0.191738
persons,0.191738
point,0.191738
re,0.191738
session,0.191738
system,0.191738
Club,0.189341
H,0.189341
Wednesday,0.189341
future,0.189341
indicated,0.189341
plan,0.189341
reported,0.189341
support,0.189341
th,0.189341
whose,0.189341
done,0.184745
every,0.182492
Richard,0.180239
To,0.180239
Frank,0.177986
become,0.177986
city,0.177986
decided,0.177986
effort,0.177986
face,0.177986
interest,0.177986
matter,0.177986
meet,0.177986
taking,0.177986
total,0.177986
His,0.177909
United,0.177909
M,0.171555
F,0.169437
office,0.169437
Committee,0.167319
March,0.167319
away,0.167319
problem,0.167319
start,0.167319
Friday,0.165225
children,0.163235
meeting,0.163235
her,0.161244
E,0.159253
Sunday,0.159253
country,0.159253
going,0.159253
Saturday,0.157263
able,0.157263
began,0.157263
brought,0.157263
hour,0.157263
service,0.157263
think,0.157263
used,0.157263
need,0.155231
national,0.153361
Tuesday,0.15149
We,0.15149
D,0.14962
University,0.14962
again,0.14962
give,0.14962
possible,0.14962
Monday,0.149261
R,0.14775
William,0.14775
found,0.14775
great,0.14775
local,0.14775
might,0.14775
needed,0.14775
place,0.14775
same,0.14775
second,0.14775
six,0.14775
Mr,0.142237
added,0.142237
case,0.142237
government,0.142237
third,0.140481
expected,0.138725
show,0.138725
must,0.13673
W,0.133435
general,0.133435
James,0.131788
best,0.131788
taken,0.131788
use,0.131788
On,0.130141
area,0.130141
days,0.130141
right,0.130141
until,0.130141
C,0.126587
Mrs,0.125043
asked,0.125043
called,0.125043
own,0.125043
state,0.125043
told,0.125043
men,0.123499
months,0.123499
our,0.123499
took,0.123499
State,0.121956
along,0.121956
business,0.121956
came,0.121956
five,0.121956
how,0.121956
however,0.121956
part,0.121956
special,0.121956
far,0.119914
program,0.118469
Washington,0.115579
annual,0.114135
night,0.113396
school,0.113396
should,0.112046
m,0.110696
U,0.109346
go,0.109346
public,0.106647
next,0.101982
see,0.100723
take,0.100723
At,0.0994641
announced,0.0994641
past,0.0994641
these,0.0994641
people,0.0949068
without,0.0937351
S,0.0880985
long,0.0870108
make,0.0870108
way,0.0859232
work,0.0825444
may,0.0805311
even,0.0795245
well,0.0795245
we,0.0759154
man,0.0733504
since,0.0733504
members,0.0699445
where,0.0699445
New,0.0690915
high,0.0690915
back,0.0673856
then,0.0673856
t,0.0616163
so,0.0574488
get,0.0567396
if,0.0567396
because,0.0560303
both,0.0560303
This,0.0506162
week,0.0506162
what,0.0465122
could,0.0453637
do,0.0453637
home,0.0453637
them,0.0417925
some,0.0388824
But,0.035307
said,0.0313448
after,0.0312581
into,0.0304863
years,0.0274267
three,0.0264472
now,0.0257941
He,0.0225672
first,0.0220299
I,0.0212239
made,0.0212239
would,0.0184675
two,0.018043
had,0.0178307
there,0.0178307
year,0.0174062
or,0.0171939
It,0.0169816
also,0.0169816
their,0.0141548
more,0.0133685
new,0.0133685
than,0.0127394
its,0.0125821
up,0.0125821
he,0.00953185
this,0.00901382
are,0.0088066
were,0.0088066
In,0.00859939
all,0.00849578
no,0.00849578
been,0.0045569
not,0.0044545
they,0.0044033
but,0.00424969
A,0.00419849
his,0.00414729
other,0.00414729
The,0.0
``,0.0
a,0.0
an,0.0
and,0.0
as,0.0
at,0.0
be,0.0
by,0.0
for,0.0
from,0.0
has,0.0
have,0.0
in,0.0
is,0.0
it,0.0
of,0.0
on,0.0
one,0.0
out,0.0
s,0.0
that,0.0
the,0.0
to,0.0
was,0.0
which,0.0
who,0.0
will,0.0
with,0.0
