Hansen,0.721227
Hyde,0.692851
Oriole,0.692851
Throneberry,0.692851
Flock,0.685757
Hartman,0.685757
Kunkel,0.685757
Lumpe,0.685757
Adair,0.678663
Breeding,0.678663
Fresh,0.678663
Keegan,0.678663
Kerr,0.678663
Siebern,0.678663
Athletics,0.671569
Dunn,0.671569
Duren,0.671569
Howser,0.671569
Ky,0.671569
Marv,0.671569
Patrick,0.671569
Purse,0.671569
Stepanovich,0.671569
Sylvania,0.671569
Waters,0.671569
baseman,0.671569
dirt,0.671569
fielding,0.671569
frames,0.671569
grabbed,0.671569
hitters,0.671569
races,0.671569
righthander,0.671569
scoreless,0.671569
stretch,0.671569
winless,0.671569
Auburn,0.664475
Better,0.664475
Bird,0.664475
Bombers,0.664475
Bowie,0.664475
Buddy,0.664475
Butcher,0.664475
Cal,0.664475
Catcher,0.664475
Chardon,0.664475
Cipriani,0.664475
Clipper,0.664475
Connie,0.664475
Courtney,0.664475
Culmone,0.664475
Dimaggio,0.664475
Ditmar,0.664475
Ex,0.664475
Fingered,0.664475
Forbes,0.664475
Gaining,0.664475
Grapefruit,0.664475
Grimm,0.664475
Hallowell,0.664475
Herzog,0.664475
Heywood,0.664475
Hoyt,0.664475
Iglehart,0.664475
Indications,0.664475
Jamaican,0.664475
Jockey,0.664475
Knights,0.664475
Kubek,0.664475
MacPhail,0.664475
Mal,0.664475
Milties,0.664475
Paget,0.664475
Pappas,0.664475
Patty,0.664475
Pitcher,0.664475
Purdue,0.664475
Richards,0.664475
Roland,0.664475
Rosy,0.664475
Russ,0.664475
Ryne,0.664475
Scrapiron,0.664475
Seeks,0.664475
Shipley,0.664475
Shortstop,0.664475
Singles,0.664475
Skinny,0.664475
Small,0.664475
Snyder,0.664475
Squad,0.664475
Tokyo,0.664475
Toying,0.664475
Verrone,0.664475
Wellsley,0.664475
Whitey,0.664475
Whitfield,0.664475
Wilhelm,0.664475
accelerated,0.664475
apprentice,0.664475
batter,0.664475
batters,0.664475
belated,0.664475
bespectacled,0.664475
blasted,0.664475
blows,0.664475
boarding,0.664475
bouncing,0.664475
breaks,0.664475
brisk,0.664475
bulky,0.664475
catching,0.664475
celebrants,0.664475
celebrate,0.664475
centerfield,0.664475
claiming,0.664475
clocking,0.664475
coasted,0.664475
colts,0.664475
completing,0.664475
contingent,0.664475
crowding,0.664475
downed,0.664475
draught,0.664475
eleventh,0.664475
errs,0.664475
ers,0.664475
escaping,0.664475
existed,0.664475
expired,0.664475
famed,0.664475
festive,0.664475
fielded,0.664475
filly,0.664475
fouling,0.664475
furlongs,0.664475
hence,0.664475
horses,0.664475
hurler,0.664475
hurlers,0.664475
indoor,0.664475
inducted,0.664475
inflicted,0.664475
king,0.664475
knuckleball,0.664475
mating,0.664475
melt,0.664475
merited,0.664475
nab,0.664475
nightfall,0.664475
offerings,0.664475
pitches,0.664475
pounder,0.664475
powderpuff,0.664475
rangy,0.664475
rapped,0.664475
relieved,0.664475
ripened,0.664475
romped,0.664475
runners,0.664475
sacker,0.664475
safeties,0.664475
sensation,0.664475
shouldda,0.664475
slated,0.664475
slugging,0.664475
snapped,0.664475
solo,0.664475
someplace,0.664475
specialists,0.664475
straightaway,0.664475
streamlined,0.664475
striding,0.664475
swelling,0.664475
tenths,0.664475
thrill,0.664475
undergo,0.664475
unearned,0.664475
wintertime,0.664475
yielding,0.664475
Orioles,0.583326
Birds,0.571737
Tuttle,0.560148
inning,0.560148
pounds,0.560148
Brooks,0.554353
Gentile,0.554353
glove,0.554353
singled,0.554353
weight,0.554353
Brandt,0.548558
Knox,0.548558
Petersburg,0.548558
carrying,0.548558
eighth,0.548558
fanned,0.548558
featured,0.548558
lighter,0.548558
middle,0.548558
mound,0.548558
pitch,0.548558
shortstop,0.548558
squad,0.548558
stages,0.548558
tally,0.548558
Albany,0.542764
Andy,0.542764
Barker,0.542764
Class,0.542764
Fisher,0.542764
Ga,0.542764
Games,0.542764
Jackie,0.542764
Manager,0.542764
Md,0.542764
Milt,0.542764
Norm,0.542764
Pete,0.542764
Philip,0.542764
Prior,0.542764
Rookie,0.542764
Self,0.542764
Steve,0.542764
Take,0.542764
Twenty,0.542764
Unfortunately,0.542764
Ward,0.542764
Yanks,0.542764
allowance,0.542764
appearance,0.542764
assisting,0.542764
bet,0.542764
blow,0.542764
bunt,0.542764
catcher,0.542764
checked,0.542764
clubs,0.542764
consult,0.542764
crossed,0.542764
crossing,0.542764
donated,0.542764
duel,0.542764
engage,0.542764
enlisted,0.542764
error,0.542764
failing,0.542764
figures,0.542764
freshman,0.542764
grass,0.542764
hitch,0.542764
homers,0.542764
housewife,0.542764
performed,0.542764
physically,0.542764
pinch,0.542764
popped,0.542764
prior,0.542764
probable,0.542764
ramp,0.542764
relief,0.542764
reporting,0.542764
retained,0.542764
rival,0.542764
rundown,0.542764
save,0.542764
scattered,0.542764
scoreboard,0.542764
setback,0.542764
slugged,0.542764
spectator,0.542764
stewards,0.542764
submarine,0.542764
successor,0.542764
suspended,0.542764
swift,0.542764
tallies,0.542764
teammates,0.542764
throws,0.542764
toss,0.542764
whiz,0.542764
wiped,0.542764
wire,0.542764
workable,0.542764
Carey,0.481636
Garden,0.481636
bounced,0.481636
doubles,0.481636
homer,0.481636
plate,0.481636
rookie,0.481636
wild,0.481636
Fort,0.476602
Sheldon,0.476602
chores,0.476602
improved,0.476602
pitchers,0.476602
southpaw,0.476602
threw,0.476602
Barber,0.471567
Big,0.471567
Clint,0.471567
Director,0.471567
Ed,0.471567
Football,0.471567
Glen,0.471567
Grace,0.471567
Houk,0.471567
Major,0.471567
Powell,0.471567
Ron,0.471567
Sox,0.471567
Tony,0.471567
advised,0.471567
camp,0.471567
completes,0.471567
crowds,0.471567
damage,0.471567
delayed,0.471567
distinction,0.471567
eighteen,0.471567
encounter,0.471567
fence,0.471567
flavor,0.471567
flew,0.471567
fulfilled,0.471567
gathering,0.471567
greeted,0.471567
helm,0.471567
hill,0.471567
performing,0.471567
physician,0.471567
possibly,0.471567
posted,0.471567
promising,0.471567
quarter,0.471567
quarterback,0.471567
rally,0.471567
reserve,0.471567
slammed,0.471567
streak,0.471567
strongest,0.471567
substantial,0.471567
sun,0.471567
timed,0.471567
tired,0.471567
trim,0.471567
workout,0.471567
Robinson,0.461509
Kansas,0.443528
hits,0.443528
Mills,0.439033
Miami,0.434538
ninth,0.434538
runs,0.434538
Baltimore,0.430043
Jerry,0.430043
Yankee,0.430043
contest,0.430043
knee,0.430043
Columbus,0.425548
batting,0.425548
blast,0.425548
fifth,0.425548
mark,0.425548
sharply,0.425548
Bobby,0.421052
Braves,0.421052
Cleveland,0.421052
Florida,0.421052
Milwaukee,0.421052
Over,0.421052
Palm,0.421052
Pennsylvania,0.421052
Stengel,0.421052
Sullivan,0.421052
Three,0.421052
Walker,0.421052
anticipated,0.421052
balls,0.421052
bat,0.421052
beating,0.421052
challenge,0.421052
champion,0.421052
coaches,0.421052
customers,0.421052
deadlock,0.421052
defensive,0.421052
drove,0.421052
hole,0.421052
impressive,0.421052
improve,0.421052
load,0.421052
nearby,0.421052
nearing,0.421052
obligations,0.421052
pace,0.421052
pennant,0.421052
plane,0.421052
purchased,0.421052
ride,0.421052
scoring,0.421052
seventh,0.421052
slender,0.421052
slow,0.421052
threatened,0.421052
triple,0.421052
triumph,0.421052
twenty,0.421052
wing,0.421052
yards,0.421052
sixth,0.394101
Fla,0.390024
inch,0.385947
mood,0.385947
track,0.385947
Brown,0.38187
Casey,0.38187
Dave,0.38187
Helen,0.38187
Relations,0.38187
arrived,0.38187
attempt,0.38187
bright,0.38187
champions,0.38187
consecutive,0.38187
considerably,0.38187
detailed,0.38187
directors,0.38187
fashion,0.38187
flight,0.38187
gets,0.38187
gradually,0.38187
injured,0.38187
length,0.38187
losing,0.38187
minute,0.38187
oppose,0.38187
players,0.38187
pretty,0.38187
proved,0.38187
reduced,0.38187
row,0.38187
thirds,0.38187
tied,0.38187
wind,0.38187
yard,0.38187
tonight,0.361061
AP,0.357326
foot,0.357326
Dick,0.353591
Francisco,0.353591
Stadium,0.353591
Yankees,0.353591
deep,0.353591
mile,0.353591
shot,0.353591
wall,0.353591
win,0.353591
Art,0.349856
Franklin,0.349856
Illinois,0.349856
K,0.349856
Public,0.349856
coach,0.349856
difficult,0.349856
drew,0.349856
errors,0.349856
exhibition,0.349856
farm,0.349856
games,0.349856
graduate,0.349856
hot,0.349856
light,0.349856
moving,0.349856
native,0.349856
pitching,0.349856
rapidly,0.349856
signed,0.349856
stole,0.349856
surprise,0.349856
ten,0.349856
throw,0.349856
double,0.333126
pair,0.32968
race,0.32968
training,0.32968
walk,0.32968
league,0.326234
score,0.326234
winning,0.326234
Just,0.322788
Old,0.322788
Paul,0.322788
Y,0.322788
allowed,0.322788
chance,0.322788
crowd,0.322788
doubled,0.322788
expense,0.322788
finished,0.322788
minor,0.322788
o,0.322788
paying,0.322788
produce,0.322788
trouble,0.322788
unit,0.322788
ball,0.305733
team,0.305733
close,0.302537
fast,0.302537
lead,0.302537
weekend,0.302537
League,0.299484
Joe,0.299341
T,0.299341
advantage,0.299341
appeared,0.299341
break,0.299341
broke,0.299341
condition,0.299341
contract,0.299341
entered,0.299341
expansion,0.299341
fourth,0.299341
headed,0.299341
hopes,0.299341
loss,0.299341
retired,0.299341
seemed,0.299341
setting,0.299341
starts,0.299341
woman,0.299341
game,0.293534
spring,0.293534
straight,0.287584
tomorrow,0.287584
victory,0.287584
Army,0.284609
Day,0.284609
San,0.281634
beat,0.281634
dropped,0.281634
moved,0.281634
speed,0.281634
Beach,0.278659
Chicago,0.278659
Coast,0.278659
Lee,0.278659
Norman,0.278659
Ohio,0.278659
Ralph,0.278659
Their,0.278659
attend,0.278659
estimated,0.278659
goal,0.278659
informed,0.278659
prepared,0.278659
ruled,0.278659
seems,0.278659
summer,0.278659
veteran,0.278659
Then,0.276824
front,0.265714
fall,0.262936
worked,0.262936
Bob,0.260159
Hospital,0.260159
Jim,0.260159
addition,0.260159
additional,0.260159
average,0.260159
base,0.260159
d,0.260159
decision,0.260159
department,0.260159
entire,0.260159
joined,0.260159
once,0.260159
scheduled,0.260159
share,0.260159
test,0.260159
short,0.24862
across,0.246022
College,0.243423
event,0.243423
less,0.243423
news,0.243423
opening,0.243423
ready,0.243423
really,0.243423
seek,0.243423
cut,0.233016
Bill,0.23058
afternoon,0.23058
failed,0.23058
feet,0.23058
military,0.23058
season,0.23058
Both,0.228144
Miss,0.228144
While,0.228144
developed,0.228144
ll,0.228144
move,0.228144
student,0.228144
tried,0.228144
within,0.228144
single,0.223232
earlier,0.218661
field,0.218661
final,0.218661
Jack,0.216375
hit,0.216375
wide,0.216375
Two,0.214089
getting,0.214089
hard,0.214089
hours,0.214089
minutes,0.214089
series,0.214089
center,0.209663
club,0.20537
gave,0.20537
West,0.203223
plans,0.203223
seven,0.203223
White,0.201077
With,0.201077
course,0.201077
drive,0.201077
job,0.201077
kept,0.201077
near,0.201077
operation,0.201077
paid,0.201077
sent,0.201077
working,0.201077
record,0.195014
play,0.192997
She,0.190979
half,0.190979
Wednesday,0.188962
board,0.188962
bring,0.188962
company,0.188962
feel,0.188962
me,0.188962
turn,0.188962
weeks,0.188962
won,0.188962
late,0.185215
meet,0.185215
P,0.181422
Frank,0.179526
George,0.179526
face,0.179526
Richard,0.177629
effort,0.177629
family,0.177629
led,0.177629
March,0.175898
M,0.17055
start,0.17055
top,0.17055
head,0.168767
among,0.166984
St,0.16365
better,0.160299
Sunday,0.158623
eight,0.158623
her,0.158623
think,0.158623
B,0.156948
If,0.156948
N,0.156948
able,0.156948
brought,0.156948
chairman,0.156948
children,0.156948
hour,0.156948
know,0.156948
large,0.156948
money,0.156948
second,0.156899
House,0.150602
National,0.149028
again,0.149028
D,0.147454
Jr,0.147454
including,0.147454
needed,0.147454
place,0.147454
result,0.147454
young,0.147454
York,0.145838
third,0.145838
left,0.144359
added,0.141403
end,0.139925
expected,0.138447
few,0.138447
wife,0.138447
run,0.136813
right,0.13404
today,0.132653
When,0.131267
around,0.131267
big,0.131267
days,0.131267
little,0.131267
James,0.12988
W,0.12988
best,0.12988
come,0.12988
my,0.12988
City,0.128208
five,0.12561
along,0.123011
took,0.123011
C,0.121711
Mrs,0.121711
asked,0.121711
came,0.121711
month,0.121711
went,0.121711
held,0.115122
program,0.115122
too,0.115122
J,0.113906
ago,0.113906
annual,0.113906
got,0.109842
night,0.108705
U,0.106433
go,0.106433
m,0.106433
here,0.104564
American,0.103504
set,0.103504
early,0.101384
next,0.101384
against,0.0992648
announced,0.0992648
good,0.0992648
just,0.0992648
past,0.0992648
off,0.086991
did,0.0866665
world,0.0866665
being,0.0857511
like,0.0857511
long,0.0857511
old,0.0836017
well,0.0802125
while,0.0793652
each,0.0732034
New,0.0708404
down,0.0694045
back,0.0672505
high,0.0672505
through,0.0672505
we,0.0672505
John,0.0614929
four,0.0614929
such,0.0614929
him,0.057112
both,0.0565151
week,0.0515934
before,0.0481729
what,0.0457562
do,0.0452728
under,0.0363648
can,0.0356124
some,0.0356124
But,0.0352363
into,0.0323742
last,0.0323742
after,0.0317245
time,0.03075
three,0.0279411
now,0.0268418
said,0.0262921
first,0.0232166
I,0.0225382
when,0.022312
only,0.0220859
He,0.0211814
two,0.0188798
year,0.0179865
had,0.0170931
It,0.0169144
also,0.0167357
there,0.0167357
their,0.0130618
up,0.0130618
than,0.0126647
more,0.0123999
were,0.00869182
this,0.00860461
are,0.0085174
he,0.0085174
over,0.0085174
all,0.00825577
In,0.00816856
no,0.00816856
his,0.00446776
A,0.00438156
they,0.00412298
but,0.00407988
been,0.00403679
not,0.00403679
The,0.0
``,0.0
a,0.0
an,0.0
and,0.0
as,0.0
at,0.0
be,0.0
by,0.0
for,0.0
from,0.0
has,0.0
have,0.0
in,0.0
is,0.0
it,0.0
of,0.0
on,0.0
one,0.0
out,0.0
s,0.0
that,0.0
the,0.0
to,0.0
was,0.0
which,0.0
who,0.0
will,0.0
with,0.0
