Shea,0.720591
Skorich,0.720591
Eagles,0.688986
Brocklin,0.676344
Vikings,0.676344
bounds,0.676344
provisional,0.676344
stadium,0.676344
Flushing,0.670023
Gauer,0.670023
Graham,0.670023
Professional,0.670023
Snead,0.670023
Steelers,0.670023
Writers,0.670023
duffers,0.670023
franchise,0.670023
golfer,0.670023
margin,0.670023
Ainsley,0.663702
Amateur,0.663702
Athlete,0.663702
Beman,0.663702
Blume,0.663702
Branch,0.663702
Buck,0.663702
Choice,0.663702
Cup,0.663702
Deane,0.663702
Dey,0.663702
Dilworth,0.663702
Dublin,0.663702
Epstein,0.663702
Farley,0.663702
Georgetown,0.663702
Golfers,0.663702
Good,0.663702
Hamey,0.663702
Hickok,0.663702
Horton,0.663702
Jock,0.663702
Nae,0.663702
Named,0.663702
Nine,0.663702
Nor,0.663702
Nori,0.663702
Payson,0.663702
Polytechnic,0.663702
Rensselaer,0.663702
Rickey,0.663702
Rochester,0.663702
Rozelle,0.663702
Ruling,0.663702
Sands,0.663702
Shipman,0.663702
Sid,0.663702
Slocum,0.663702
Stickler,0.663702
Sutherland,0.663702
Symington,0.663702
Tee,0.663702
Thirteen,0.663702
Troy,0.663702
abandonment,0.663702
advocate,0.663702
aerials,0.663702
aggravates,0.663702
amendments,0.663702
arc,0.663702
athletics,0.663702
auspiciously,0.663702
balanced,0.663702
banjo,0.663702
banshees,0.663702
boomed,0.663702
brooding,0.663702
brook,0.663702
burrowed,0.663702
charity,0.663702
code,0.663702
columnist,0.663702
comeback,0.663702
commit,0.663702
convince,0.663702
countin,0.663702
crusher,0.663702
cufflinks,0.663702
dais,0.663702
departure,0.663702
despair,0.663702
disappointments,0.663702
downstream,0.663702
downtrodden,0.663702
drank,0.663702
duffer,0.663702
echoes,0.663702
embankment,0.663702
embedded,0.663702
endeared,0.663702
engrossed,0.663702
evil,0.663702
excavation,0.663702
fame,0.663702
fathers,0.663702
fiercest,0.663702
floated,0.663702
flowed,0.663702
flubbed,0.663702
god,0.663702
golfing,0.663702
grin,0.663702
guarding,0.663702
gully,0.663702
hackers,0.663702
handy,0.663702
heartening,0.663702
heralded,0.663702
heyday,0.663702
holder,0.663702
honestly,0.663702
hooked,0.663702
imminent,0.663702
incompetents,0.663702
jangling,0.663702
lampoon,0.663702
lease,0.663702
lengthening,0.663702
lie,0.663702
lineman,0.663702
loophole,0.663702
meditating,0.663702
meritorious,0.663702
monstrous,0.663702
motivated,0.663702
nice,0.663702
nicer,0.663702
paragon,0.663702
perturbed,0.663702
pixies,0.663702
playable,0.663702
prominently,0.663702
quit,0.663702
rains,0.663702
rejoining,0.663702
relentlessly,0.663702
relieves,0.663702
ruefully,0.663702
sacrilege,0.663702
saluted,0.663702
shaped,0.663702
skit,0.663702
sliced,0.663702
spongy,0.663702
strewn,0.663702
studded,0.663702
thoroughly,0.663702
twelfth,0.663702
twelve,0.663702
victimized,0.663702
wailed,0.663702
wayward,0.663702
yarder,0.663702
ye,0.663702
yen,0.663702
zombies,0.663702
Award,0.562785
Shaw,0.557622
awards,0.552459
Baseball,0.547295
Hogan,0.547295
Maris,0.547295
Mazeroski,0.547295
Spahn,0.547295
achieved,0.547295
coaching,0.547295
fairway,0.547295
par,0.547295
Astoria,0.542132
Belt,0.542132
Chapter,0.542132
Chisholm,0.542132
Frick,0.542132
Gardner,0.542132
Gimbel,0.542132
Gold,0.542132
Kathy,0.542132
Leaguers,0.542132
McAuliffe,0.542132
Meadow,0.542132
Metropolitan,0.542132
Nick,0.542132
Norm,0.542132
Packers,0.542132
Pete,0.542132
Pierre,0.542132
Pirates,0.542132
Plainfield,0.542132
Richardson,0.542132
Sportsman,0.542132
Stuart,0.542132
Trophy,0.542132
Waldorf,0.542132
Warwick,0.542132
acclaimed,0.542132
ace,0.542132
agenda,0.542132
alongside,0.542132
barriers,0.542132
blazing,0.542132
bringing,0.542132
bull,0.542132
bunker,0.542132
chapter,0.542132
competitors,0.542132
confessed,0.542132
creature,0.542132
delivering,0.542132
diamond,0.542132
distance,0.542132
easily,0.542132
eighth,0.542132
elevated,0.542132
ends,0.542132
enlisted,0.542132
entry,0.542132
error,0.542132
formation,0.542132
forward,0.542132
frustrations,0.542132
idol,0.542132
illness,0.542132
increasing,0.542132
inherent,0.542132
intensity,0.542132
lies,0.542132
logical,0.542132
lunch,0.542132
majestic,0.542132
matches,0.542132
metropolitan,0.542132
naturally,0.542132
nerves,0.542132
newest,0.542132
opposite,0.542132
perfection,0.542132
permission,0.542132
personalities,0.542132
potato,0.542132
reconsider,0.542132
respects,0.542132
retain,0.542132
save,0.542132
secondary,0.542132
shooting,0.542132
shots,0.542132
song,0.542132
spectator,0.542132
sponsorship,0.542132
sport,0.542132
spot,0.542132
standpoint,0.542132
strokes,0.542132
switching,0.542132
tee,0.542132
thirteen,0.542132
thirty,0.542132
tournaments,0.542132
whipped,0.542132
wound,0.542132
Palmer,0.50242
Open,0.484476
Ben,0.47999
Football,0.47999
Pittsburgh,0.47999
fourteen,0.47999
scored,0.47999
teams,0.47999
Golf,0.475504
Masters,0.475504
picked,0.475504
title,0.475504
writers,0.475504
Babe,0.471018
Catholic,0.471018
Charlie,0.471018
Clint,0.471018
Coach,0.471018
Guy,0.471018
Illustrated,0.471018
Journal,0.471018
Later,0.471018
Manhattan,0.471018
Mercer,0.471018
Minneapolis,0.471018
Minnesota,0.471018
Missouri,0.471018
Point,0.471018
Series,0.471018
Show,0.471018
Ted,0.471018
amateur,0.471018
background,0.471018
benefits,0.471018
bigger,0.471018
championship,0.471018
citation,0.471018
clubhouse,0.471018
copy,0.471018
corrected,0.471018
countless,0.471018
dates,0.471018
depended,0.471018
distinction,0.471018
encourage,0.471018
follows,0.471018
hall,0.471018
helm,0.471018
homer,0.471018
iron,0.471018
keeps,0.471018
landed,0.471018
majors,0.471018
narrow,0.471018
operated,0.471018
originally,0.471018
outfielder,0.471018
parks,0.471018
plays,0.471018
prominent,0.471018
quarterback,0.471018
refused,0.471018
remove,0.471018
rock,0.471018
silver,0.471018
slice,0.471018
southpaw,0.471018
strain,0.471018
stream,0.471018
strings,0.471018
succeeds,0.471018
thereby,0.471018
tournament,0.471018
Willie,0.432578
hole,0.432578
player,0.432578
Van,0.428573
hero,0.428573
Asked,0.424568
Continental,0.424568
Stengel,0.424568
Wagner,0.424568
Year,0.424568
ceremonies,0.424568
champion,0.424568
dozen,0.424568
sports,0.424568
winner,0.424568
Braves,0.420562
Canada,0.420562
Cincinnati,0.420562
Democrat,0.420562
Dodgers,0.420562
Indians,0.420562
Jerry,0.420562
Milwaukee,0.420562
Palm,0.420562
Roy,0.420562
Sports,0.420562
Yankee,0.420562
achievement,0.420562
believed,0.420562
blast,0.420562
book,0.420562
coaches,0.420562
commissioner,0.420562
concern,0.420562
count,0.420562
dance,0.420562
defensive,0.420562
expand,0.420562
golden,0.420562
human,0.420562
humor,0.420562
intention,0.420562
items,0.420562
municipal,0.420562
prize,0.420562
quiet,0.420562
remains,0.420562
require,0.420562
resigned,0.420562
ruling,0.420562
sacrifice,0.420562
scoring,0.420562
selection,0.420562
soft,0.420562
speaker,0.420562
unable,0.420562
valuable,0.420562
Arnold,0.414119
rules,0.399589
baseball,0.392324
golf,0.392324
Philadelphia,0.388691
career,0.388691
players,0.388691
professional,0.388691
recognized,0.388691
works,0.388691
Memorial,0.385058
earned,0.385058
happened,0.385058
knows,0.385058
stroke,0.385058
yard,0.385058
Bay,0.381426
Bernard,0.381426
Casey,0.381426
Collins,0.381426
Commissioner,0.381426
Despite,0.381426
Detroit,0.381426
Fla,0.381426
Ford,0.381426
Giants,0.381426
How,0.381426
Institute,0.381426
Ruth,0.381426
Until,0.381426
Yet,0.381426
army,0.381426
association,0.381426
basketball,0.381426
below,0.381426
ceremony,0.381426
champions,0.381426
corporation,0.381426
emphasis,0.381426
existing,0.381426
force,0.381426
formula,0.381426
injury,0.381426
meetings,0.381426
outstanding,0.381426
permitted,0.381426
responsible,0.381426
split,0.381426
stayed,0.381426
suddenly,0.381426
supply,0.381426
therefore,0.381426
wrong,0.381426
Yankees,0.362761
football,0.362761
coach,0.359433
shot,0.359433
Long,0.356105
Mayor,0.356105
figure,0.356105
signed,0.356105
Williams,0.352777
award,0.352777
forced,0.352777
games,0.352777
lawyer,0.352777
Barnes,0.349449
Green,0.349449
Patricia,0.349449
Ray,0.349449
Roger,0.349449
Senator,0.349449
announcement,0.349449
choice,0.349449
constitutional,0.349449
discussed,0.349449
drop,0.349449
exhibition,0.349449
hot,0.349449
knowledge,0.349449
moving,0.349449
owned,0.349449
pitching,0.349449
raise,0.349449
self,0.349449
sought,0.349449
sure,0.349449
television,0.349449
thousands,0.349449
tonight,0.349449
wrote,0.349449
league,0.337765
round,0.328554
division,0.325483
owners,0.325483
winning,0.325483
California,0.322412
Y,0.322412
appointment,0.322412
boys,0.322412
changes,0.322412
common,0.322412
completed,0.322412
conflict,0.322412
connection,0.322412
crowd,0.322412
degree,0.322412
formally,0.322412
green,0.322412
handed,0.322412
minor,0.322412
obtain,0.322412
pair,0.322412
partner,0.322412
principal,0.322412
reception,0.322412
remained,0.322412
salary,0.322412
spirit,0.322412
weather,0.322412
ball,0.318925
team,0.310383
receive,0.307535
headed,0.304688
Joe,0.30184
honored,0.30184
passing,0.30184
running,0.30184
Four,0.298993
From,0.298993
June,0.298993
World,0.298993
assistant,0.298993
attended,0.298993
contract,0.298993
entered,0.298993
expansion,0.298993
fell,0.298993
followed,0.298993
ground,0.298993
hope,0.298993
largely,0.298993
leading,0.298993
nothing,0.298993
retired,0.298993
schedule,0.298993
sense,0.298993
League,0.296891
played,0.283636
dropped,0.280986
ruled,0.280986
An,0.278335
Beach,0.278335
Boston,0.278335
Central,0.278335
Each,0.278335
Their,0.278335
beat,0.278335
considered,0.278335
couple,0.278335
game,0.278335
goal,0.278335
hands,0.278335
key,0.278335
knew,0.278335
list,0.278335
moved,0.278335
pointed,0.278335
Jim,0.264806
Angeles,0.262331
Los,0.262331
You,0.262331
once,0.262331
Bob,0.259856
Park,0.259856
Sam,0.259856
Then,0.259856
Warren,0.259856
cost,0.259856
decision,0.259856
driving,0.259856
executive,0.259856
included,0.259856
joined,0.259856
keep,0.259856
neither,0.259856
nor,0.259856
plus,0.259856
secretary,0.259856
ways,0.259856
worked,0.259856
Hotel,0.247771
dinner,0.247771
No,0.245455
seek,0.245455
side,0.245455
However,0.24314
Jan,0.24314
Texas,0.24314
conference,0.24314
continue,0.24314
favor,0.24314
following,0.24314
immediate,0.24314
merely,0.24314
news,0.24314
officials,0.24314
opening,0.24314
pro,0.24314
stage,0.24314
strong,0.24314
season,0.23656
ll,0.23439
Association,0.232219
Bill,0.232219
tried,0.232219
So,0.230049
boy,0.230049
line,0.230049
manager,0.230049
serious,0.230049
America,0.227879
High,0.227879
Island,0.227879
born,0.227879
district,0.227879
efforts,0.227879
failed,0.227879
form,0.227879
generally,0.227879
move,0.227879
project,0.227879
similar,0.227879
something,0.227879
official,0.217913
series,0.217913
became,0.215877
final,0.215877
School,0.21384
aid,0.21384
attack,0.21384
club,0.210407
job,0.204668
With,0.202755
open,0.202755
L,0.200843
Other,0.200843
Smith,0.200843
course,0.200843
drive,0.200843
gave,0.200843
return,0.200843
room,0.200843
sent,0.200843
working,0.200843
play,0.194135
weeks,0.192337
won,0.192337
States,0.19054
staff,0.19054
whose,0.19054
yesterday,0.19054
All,0.188742
Charles,0.188742
Wednesday,0.188742
bring,0.188742
committee,0.188742
rather,0.188742
re,0.188742
record,0.188742
city,0.179113
every,0.179113
Frank,0.177423
To,0.177423
become,0.177423
face,0.177423
family,0.177423
law,0.177423
led,0.177423
meet,0.177423
say,0.177423
small,0.177423
toward,0.177423
head,0.171555
His,0.168378
United,0.168378
problem,0.168378
Committee,0.16679
among,0.16679
office,0.16679
recent,0.16679
upon,0.16679
If,0.158258
N,0.158258
began,0.158258
former,0.158258
money,0.158258
received,0.158258
National,0.157101
Friday,0.156765
Saturday,0.156765
Sunday,0.156765
That,0.156765
better,0.156765
chairman,0.156765
meeting,0.156765
service,0.156765
think,0.156765
University,0.150088
local,0.150088
William,0.148685
For,0.147282
Jr,0.147282
We,0.147282
again,0.147282
found,0.147282
including,0.147282
major,0.147282
national,0.147282
possible,0.147282
put,0.147282
second,0.147282
very,0.147282
young,0.147282
York,0.144871
expected,0.143554
end,0.14092
left,0.139603
show,0.139603
few,0.138286
third,0.138286
wife,0.138286
today,0.1322
On,0.130964
When,0.130964
big,0.130964
must,0.130964
right,0.130964
James,0.129729
best,0.129729
come,0.129729
general,0.129729
you,0.129729
however,0.123885
along,0.122728
ever,0.122728
how,0.122728
C,0.12157
Mrs,0.12157
came,0.12157
months,0.12157
never,0.12157
special,0.12157
took,0.12157
went,0.12157
ago,0.115941
J,0.114857
too,0.114857
Washington,0.113773
annual,0.113773
held,0.113773
later,0.113773
president,0.113773
another,0.108334
between,0.107322
go,0.107322
night,0.107322
And,0.106309
got,0.106309
group,0.106309
American,0.100094
much,0.100094
past,0.100094
At,0.0991493
against,0.0991493
announced,0.0991493
early,0.0991493
here,0.0991493
just,0.0991493
next,0.0991493
take,0.0991493
like,0.0880985
during,0.0872827
way,0.086467
world,0.086467
make,0.0856513
many,0.0856513
old,0.0807828
off,0.0800278
while,0.0800278
even,0.0792728
those,0.0792728
man,0.0759037
each,0.0731182
since,0.0731182
New,0.070371
where,0.067812
high,0.0671723
members,0.0671723
then,0.0671723
through,0.0671723
such,0.0625913
four,0.0620063
John,0.0614214
t,0.0614214
him,0.0590446
get,0.0563849
any,0.055853
because,0.055853
most,0.0514171
This,0.050456
before,0.0465122
home,0.0460815
could,0.0452202
do,0.0452202
them,0.0401361
But,0.0355305
can,0.0355305
some,0.0351953
under,0.0351953
last,0.0318369
after,0.0315475
into,0.0312581
said,0.0271818
years,0.0269369
three,0.0262023
He,0.0241791
I,0.0225672
first,0.0213582
made,0.0211567
only,0.0211567
when,0.0211567
had,0.0183083
there,0.0176715
year,0.0175123
It,0.0173531
two,0.0173531
would,0.0173531
also,0.0171939
about,0.0167163
up,0.0127394
new,0.0126214
more,0.0125034
than,0.0125034
its,0.0123855
their,0.0123855
he,0.00963546
were,0.00846988
all,0.00839218
this,0.00839218
over,0.00831447
are,0.00823677
In,0.00815906
no,0.00815906
his,0.0045697
A,0.00426249
been,0.00414729
but,0.00410889
other,0.00407049
not,0.00403209
they,0.00403209
The,0.0
``,0.0
a,0.0
an,0.0
and,0.0
as,0.0
at,0.0
be,0.0
by,0.0
for,0.0
from,0.0
has,0.0
have,0.0
in,0.0
is,0.0
it,0.0
of,0.0
on,0.0
one,0.0
out,0.0
s,0.0
that,0.0
the,0.0
to,0.0
was,0.0
which,0.0
who,0.0
will,0.0
with,0.0
