Benington,0.717929
Hartweger,0.70063
Hemus,0.70063
Nordmann,0.69198
Redbirds,0.69198
Bradley,0.68333
Broglio,0.68333
Friend,0.68333
Mankowski,0.68333
Mizell,0.68333
Murtaugh,0.68333
Musial,0.68333
Nieman,0.68333
Bevo,0.674681
Billiken,0.674681
Billikens,0.674681
Boyer,0.674681
Bucs,0.674681
Busch,0.674681
Dark,0.674681
Haddix,0.674681
Kieffer,0.674681
Mauch,0.674681
Pirate,0.674681
Scherer,0.674681
Solly,0.674681
Stan,0.674681
Virdon,0.674681
heights,0.674681
lineup,0.674681
runner,0.674681
shouldn,0.674681
Basketball,0.666031
Boehmer,0.666031
Broeg,0.666031
Bucks,0.666031
Burnes,0.666031
Cardinal,0.666031
Cards,0.666031
Change,0.666031
Cimoli,0.666031
Clemente,0.666031
Commies,0.666031
Contribution,0.666031
Crystal,0.666031
Cubs,0.666031
Dispatch,0.666031
Dodger,0.666031
Donnell,0.666031
Durocher,0.666031
Gino,0.666031
Globe,0.666031
Groat,0.666031
Hambric,0.666031
Hoak,0.666031
Inheriting,0.666031
Invitation,0.666031
Joplin,0.666031
Latinovich,0.666031
Len,0.666031
Ligget,0.666031
Lindy,0.666031
Luechtefeld,0.666031
Next,0.666031
Ol,0.666031
Outstanding,0.666031
Quincy,0.666031
Reid,0.666031
Rizzuto,0.666031
Shantz,0.666031
Skinner,0.666031
Smoky,0.666031
Speakers,0.666031
Teachers,0.666031
Tipoff,0.666031
Vern,0.666031
Vinegar,0.666031
Wrigley,0.666031
admired,0.666031
behaving,0.666031
belted,0.666031
bestowed,0.666031
blasting,0.666031
bowl,0.666031
bubble,0.666031
bunter,0.666031
clutch,0.666031
collapse,0.666031
commended,0.666031
compiled,0.666031
contented,0.666031
continues,0.666031
cows,0.666031
defeats,0.666031
disheartening,0.666031
doubleheader,0.666031
em,0.666031
enabled,0.666031
expectations,0.666031
faults,0.666031
fifteenth,0.666031
flu,0.666031
glamorous,0.666031
groove,0.666031
gum,0.666031
halftime,0.666031
happier,0.666031
hawking,0.666031
healed,0.666031
heed,0.666031
homerun,0.666031
inscription,0.666031
inviting,0.666031
lavish,0.666031
lengthy,0.666031
lettermen,0.666031
mantle,0.666031
milk,0.666031
misled,0.666031
necked,0.666031
oats,0.666031
outclass,0.666031
overcame,0.666031
peaks,0.666031
pepping,0.666031
pitched,0.666031
plunkers,0.666031
possessing,0.666031
possessive,0.666031
prod,0.666031
professionals,0.666031
pun,0.666031
quieted,0.666031
rbi,0.666031
resented,0.666031
reserving,0.666031
runaway,0.666031
sensational,0.666031
sights,0.666031
sit,0.666031
slower,0.666031
sore,0.666031
sow,0.666031
spelled,0.666031
stiff,0.666031
suffering,0.666031
taught,0.666031
terror,0.666031
thank,0.666031
tumbled,0.666031
unhappiest,0.666031
walloping,0.666031
Pirates,0.586427
Cardinals,0.558165
Manager,0.558165
Alvin,0.5511
Birds,0.5511
Gibson,0.5511
Kentucky,0.5511
Phillies,0.5511
definitely,0.5511
editor,0.5511
homers,0.5511
slugger,0.5511
switch,0.5511
Bears,0.544034
Bend,0.544034
Burgess,0.544034
Class,0.544034
Dame,0.544034
Danny,0.544034
DiMaggio,0.544034
Ernie,0.544034
Grounds,0.544034
Happy,0.544034
Kenny,0.544034
Law,0.544034
Like,0.544034
Man,0.544034
Mazeroski,0.544034
McDaniel,0.544034
Notre,0.544034
Polo,0.544034
Ritchie,0.544034
Stuart,0.544034
Taussig,0.544034
Tournament,0.544034
ankles,0.544034
batted,0.544034
battling,0.544034
beaten,0.544034
blond,0.544034
bull,0.544034
comparable,0.544034
congratulated,0.544034
correctly,0.544034
dealt,0.544034
deliver,0.544034
differently,0.544034
disposition,0.544034
doubted,0.544034
dragging,0.544034
finishing,0.544034
frank,0.544034
grass,0.544034
hadn,0.544034
harder,0.544034
imposing,0.544034
inherited,0.544034
knock,0.544034
lefthander,0.544034
meant,0.544034
milestone,0.544034
perfection,0.544034
praise,0.544034
preached,0.544034
push,0.544034
react,0.544034
recovering,0.544034
rushed,0.544034
statistics,0.544034
super,0.544034
supposed,0.544034
talents,0.544034
televised,0.544034
thrilling,0.544034
triumphs,0.544034
worst,0.544034
Mantle,0.52178
Mays,0.503364
Pittsburgh,0.491087
Coach,0.484948
Mickey,0.47881
Missouri,0.47881
accepted,0.47881
hitter,0.47881
managers,0.47881
tie,0.47881
victories,0.47881
Babe,0.472671
Broadway,0.472671
Case,0.472671
Glen,0.472671
Hal,0.472671
Harvey,0.472671
Houk,0.472671
Leo,0.472671
Major,0.472671
Perhaps,0.472671
Tonight,0.472671
Yes,0.472671
anniversary,0.472671
assignment,0.472671
attempts,0.472671
averages,0.472671
bats,0.472671
breaking,0.472671
captain,0.472671
careers,0.472671
crown,0.472671
doubles,0.472671
eager,0.472671
emphasize,0.472671
injuries,0.472671
intended,0.472671
kid,0.472671
lacking,0.472671
letting,0.472671
loose,0.472671
majors,0.472671
mates,0.472671
nationally,0.472671
neck,0.472671
opinions,0.472671
outfielder,0.472671
perfect,0.472671
pitcher,0.472671
pitchers,0.472671
pop,0.472671
recalled,0.472671
recession,0.472671
rookie,0.472671
seasons,0.472671
shape,0.472671
silver,0.472671
skills,0.472671
slump,0.472671
stood,0.472671
successfully,0.472671
target,0.472671
teams,0.472671
thin,0.472671
threw,0.472671
tournament,0.472671
trio,0.472671
trips,0.472671
ultimate,0.472671
workout,0.472671
runs,0.443962
Willie,0.438481
Gordon,0.433
Stengel,0.433
mark,0.433
valuable,0.433
Dodgers,0.427519
Field,0.427519
Larry,0.427519
Six,0.427519
batting,0.427519
bench,0.427519
hits,0.427519
knee,0.427519
pennant,0.427519
player,0.427519
seen,0.427519
showed,0.427519
sports,0.427519
triple,0.427519
Bobby,0.422038
Cincinnati,0.422038
Democrat,0.422038
Jackson,0.422038
Tom,0.422038
Within,0.422038
anywhere,0.422038
bat,0.422038
beautiful,0.422038
busy,0.422038
ceremonies,0.422038
conversation,0.422038
defensive,0.422038
desire,0.422038
drove,0.422038
ending,0.422038
excellent,0.422038
expert,0.422038
handled,0.422038
honors,0.422038
isn,0.422038
jumped,0.422038
looked,0.422038
losses,0.422038
missed,0.422038
precedent,0.422038
quietly,0.422038
ride,0.422038
seventh,0.422038
shared,0.422038
sort,0.422038
spread,0.422038
talking,0.422038
treatment,0.422038
wonderful,0.422038
worry,0.422038
players,0.402648
Giants,0.397677
baseball,0.397677
Dave,0.392706
Don,0.392706
Since,0.387735
champions,0.387735
clock,0.387735
dramatic,0.387735
injury,0.387735
starting,0.387735
Casey,0.382764
Despite,0.382764
Gene,0.382764
Ill,0.382764
Our,0.382764
Post,0.382764
Ruth,0.382764
Several,0.382764
Until,0.382764
agree,0.382764
bases,0.382764
basketball,0.382764
below,0.382764
boost,0.382764
cited,0.382764
confidence,0.382764
courts,0.382764
earned,0.382764
kids,0.382764
leave,0.382764
losing,0.382764
mature,0.382764
overcome,0.382764
persuade,0.382764
proud,0.382764
rare,0.382764
respect,0.382764
split,0.382764
truth,0.382764
pitching,0.364337
ability,0.359783
award,0.359783
coach,0.359783
win,0.359783
Dick,0.355229
Harris,0.355229
Southeast,0.355229
Stadium,0.355229
games,0.355229
hitting,0.355229
practice,0.355229
Art,0.350675
Blue,0.350675
Yankees,0.350675
apparent,0.350675
authority,0.350675
bit,0.350675
body,0.350675
care,0.350675
foot,0.350675
hot,0.350675
likely,0.350675
names,0.350675
owned,0.350675
shot,0.350675
sitting,0.350675
stole,0.350675
suffered,0.350675
tonight,0.350675
true,0.350675
twice,0.350675
usually,0.350675
team,0.342905
stay,0.331947
different,0.327746
race,0.327746
spirit,0.327746
By,0.323544
beginning,0.323544
books,0.323544
boys,0.323544
despite,0.323544
doing,0.323544
double,0.323544
ended,0.323544
extra,0.323544
finished,0.323544
green,0.323544
leadership,0.323544
league,0.323544
listed,0.323544
o,0.323544
performance,0.323544
produce,0.323544
quite,0.323544
round,0.323544
tremendous,0.323544
trouble,0.323544
winning,0.323544
words,0.323544
game,0.311958
ball,0.311732
lead,0.303938
starts,0.303938
Four,0.300042
Labor,0.300042
Now,0.300042
Those,0.300042
advantage,0.300042
break,0.300042
fell,0.300042
honored,0.300042
introduced,0.300042
possibility,0.300042
schedule,0.300042
seemed,0.300042
town,0.300042
weekend,0.300042
Bob,0.28786
victory,0.286566
League,0.282939
beat,0.282939
happy,0.282939
low,0.282939
playing,0.282939
talk,0.282939
Ralph,0.279311
Their,0.279311
age,0.279311
anyone,0.279311
apparently,0.279311
change,0.279311
considered,0.279311
doesn,0.279311
dropped,0.279311
hear,0.279311
knew,0.279311
list,0.279311
moved,0.279311
opened,0.279311
opinion,0.279311
pointed,0.279311
speed,0.279311
tomorrow,0.279311
veteran,0.279311
why,0.279311
Louis,0.277701
May,0.266174
base,0.264154
though,0.264154
Angeles,0.260768
Los,0.260768
Then,0.260768
You,0.260768
addition,0.260768
d,0.260768
fall,0.260768
fight,0.260768
hardly,0.260768
husband,0.260768
junior,0.260768
once,0.260768
pass,0.260768
scheduled,0.260768
thought,0.260768
ways,0.260768
season,0.258377
College,0.247161
No,0.247161
often,0.247161
times,0.247161
Thursday,0.243993
current,0.243993
dinner,0.243993
lost,0.243993
merely,0.243993
news,0.243993
presented,0.243993
previous,0.243993
ready,0.243993
reasons,0.243993
shown,0.243993
Bill,0.240558
boy,0.231648
ll,0.231648
ve,0.231648
efforts,0.228678
feet,0.228678
manager,0.228678
reached,0.228678
turned,0.228678
hit,0.225738
help,0.222951
date,0.217378
getting,0.217378
nine,0.217378
saw,0.217378
wanted,0.217378
earlier,0.214591
field,0.214591
final,0.214591
means,0.214591
minutes,0.214591
power,0.214591
relations,0.214591
series,0.214591
stand,0.214591
thing,0.214591
club,0.2094
open,0.206782
White,0.204165
With,0.204165
center,0.204165
record,0.204163
Other,0.201547
Smith,0.201547
court,0.201547
gave,0.201547
kept,0.201547
paid,0.201547
plans,0.201547
served,0.201547
seven,0.201547
themselves,0.201547
want,0.201547
play,0.199244
re,0.196784
won,0.196784
me,0.194324
Wednesday,0.191864
action,0.191864
yesterday,0.191864
Club,0.189404
future,0.189404
history,0.189404
indicated,0.189404
rather,0.189404
she,0.189404
probably,0.18267
decided,0.180358
led,0.180358
period,0.180358
start,0.178244
George,0.178045
almost,0.178045
effort,0.178045
matter,0.178045
say,0.178045
total,0.178045
top,0.169549
St,0.16753
His,0.167375
among,0.167375
full,0.167375
problem,0.167375
After,0.161401
Friday,0.159358
If,0.159358
Sunday,0.159358
brought,0.159358
going,0.159358
Saturday,0.157315
That,0.157315
better,0.157315
eight,0.157315
former,0.157315
her,0.157315
know,0.157315
University,0.151638
might,0.151638
For,0.149719
National,0.149719
We,0.149719
found,0.149719
give,0.149719
great,0.149719
same,0.149719
Jr,0.147799
again,0.147799
including,0.147799
needed,0.147799
possible,0.147799
put,0.147799
York,0.140574
end,0.138771
wife,0.138771
best,0.133565
run,0.133565
On,0.131875
little,0.131875
men,0.131503
big,0.130184
days,0.130184
right,0.130184
today,0.130184
use,0.130184
you,0.130184
five,0.125165
never,0.125165
came,0.123581
how,0.123581
month,0.123581
As,0.121996
C,0.121996
City,0.121996
Mrs,0.121996
State,0.121996
along,0.121996
ever,0.121996
several,0.121996
special,0.121996
told,0.121996
Washington,0.115655
ago,0.115655
far,0.115655
too,0.115655
held,0.114173
later,0.114173
against,0.112419
night,0.112224
given,0.109453
And,0.108068
U,0.108068
group,0.108068
should,0.108068
between,0.106682
got,0.106682
much,0.105958
here,0.104666
good,0.102082
just,0.102082
set,0.102082
early,0.100789
American,0.0994972
announced,0.0994972
see,0.0994972
take,0.0994972
people,0.0925943
without,0.0925943
did,0.0893006
long,0.0870681
like,0.0859518
make,0.0859518
many,0.0859518
way,0.0859518
world,0.0859518
off,0.0847166
even,0.0805841
those,0.0805841
well,0.0805841
may,0.079551
old,0.079551
while,0.079551
each,0.0752806
man,0.0733748
since,0.0733748
New,0.0682834
back,0.0682834
we,0.0682834
down,0.067408
then,0.067408
through,0.067408
where,0.067408
t,0.0664397
day,0.0648388
four,0.0640383
John,0.0616369
him,0.0604164
so,0.0596885
They,0.0575048
get,0.0575048
because,0.0567769
both,0.0567769
any,0.056049
if,0.056049
most,0.0545785
week,0.0519482
This,0.0506331
home,0.0500935
could,0.0495042
before,0.0477362
what,0.0477362
do,0.0465575
them,0.0408
can,0.0353188
some,0.0353188
under,0.0353188
last,0.0332688
after,0.0312886
into,0.0312886
time,0.0308925
said,0.0291537
years,0.0261378
now,0.0258027
three,0.0258027
I,0.023161
first,0.0226096
when,0.0226096
only,0.0223339
He,0.021231
made,0.021231
had,0.0182999
year,0.0180821
also,0.0178642
would,0.0174285
about,0.0172106
two,0.0172106
or,0.0167749
more,0.013236
than,0.013236
their,0.0130746
up,0.0129132
new,0.0124289
he,0.00978269
this,0.00903836
were,0.00882569
over,0.00871936
all,0.00850669
are,0.00850669
no,0.00850669
In,0.00829402
his,0.00483446
they,0.00462427
but,0.00441408
not,0.00420388
been,0.00415133
other,0.00409879
A,0.00404624
The,0.0
``,0.0
a,0.0
an,0.0
and,0.0
as,0.0
at,0.0
be,0.0
by,0.0
for,0.0
from,0.0
has,0.0
have,0.0
in,0.0
is,0.0
it,0.0
of,0.0
on,0.0
one,0.0
out,0.0
s,0.0
that,0.0
the,0.0
to,0.0
was,0.0
which,0.0
who,0.0
will,0.0
with,0.0
