Geraghty,0.717403
Wendell,0.708828
Monroe,0.700254
Hamm,0.691679
Tarzan,0.691679
Burkes,0.683105
Florence,0.683105
Maureen,0.683105
Met,0.683105
Molly,0.683105
Parichy,0.683105
Armour,0.67453
Beadles,0.67453
Damascus,0.67453
Doris,0.67453
Drury,0.67453
Honolulu,0.67453
Lyon,0.67453
Me,0.67453
Mets,0.67453
Rostagno,0.67453
Sethness,0.67453
Vero,0.67453
debuting,0.67453
exec,0.67453
glamor,0.67453
hubby,0.67453
via,0.67453
Abra,0.665956
Actress,0.665956
Affaire,0.665956
Aiding,0.665956
Ainsworth,0.665956
Aldo,0.665956
Alsop,0.665956
Angel,0.665956
Annamorena,0.665956
Arab,0.665956
Arvey,0.665956
Bal,0.665956
Balkan,0.665956
Barrett,0.665956
Beirut,0.665956
Belafonte,0.665956
Bernadine,0.665956
Bernie,0.665956
Bet,0.665956
Birgit,0.665956
Biz,0.665956
Boothby,0.665956
Brain,0.665956
Brandenburg,0.665956
Bruce,0.665956
Butlers,0.665956
Camilla,0.665956
Carnegie,0.665956
Casino,0.665956
Columnist,0.665956
Come,0.665956
Comic,0.665956
Cotillion,0.665956
Djakarta,0.665956
Drum,0.665956
Egypt,0.665956
Emcee,0.665956
Fardulli,0.665956
Freddie,0.665956
Fur,0.665956
Genevieve,0.665956
Geraghtys,0.665956
Germania,0.665956
Giacomo,0.665956
Gift,0.665956
Gorgeous,0.665956
Gotham,0.665956
Guglielmo,0.665956
Hampton,0.665956
Handsome,0.665956
Harveys,0.665956
Havilland,0.665956
Hmpf,0.665956
Holabird,0.665956
Homer,0.665956
Housed,0.665956
Industry,0.665956
Jana,0.665956
Jude,0.665956
Jump,0.665956
Kanin,0.665956
Kankakee,0.665956
Kenilworth,0.665956
Khrush,0.665956
Kirkland,0.665956
Knight,0.665956
Kramer,0.665956
Kriss,0.665956
Lawn,0.665956
Lenobel,0.665956
Leukemia,0.665956
Loop,0.665956
Lorenz,0.665956
Lovely,0.665956
Lover,0.665956
Luke,0.665956
Luthuli,0.665956
Mag,0.665956
Manila,0.665956
Marty,0.665956
Masque,0.665956
Melcher,0.665956
Missoula,0.665956
Mont,0.665956
Nilsson,0.665956
Odell,0.665956
Olivia,0.665956
Packs,0.665956
Paree,0.665956
Passavant,0.665956
Porters,0.665956
Profili,0.665956
Q,0.665956
Rackmil,0.665956
Racquet,0.665956
Robertsons,0.665956
Romantic,0.665956
Rosemary,0.665956
Rostagnos,0.665956
Rush,0.665956
Sarasota,0.665956
Sentry,0.665956
Simonelli,0.665956
Skylark,0.665956
Snapped,0.665956
Song,0.665956
Stevenses,0.665956
Strafaci,0.665956
Stricken,0.665956
Sulcer,0.665956
Sunny,0.665956
Syria,0.665956
Tennis,0.665956
Thrush,0.665956
Ticker,0.665956
Tieken,0.665956
Tommy,0.665956
Towne,0.665956
Trager,0.665956
Tribune,0.665956
Turandot,0.665956
Twist,0.665956
Typical,0.665956
Universal,0.665956
Veeck,0.665956
Wacker,0.665956
Wackers,0.665956
Weissmuller,0.665956
Wendells,0.665956
Westminster,0.665956
Whee,0.665956
Winchell,0.665956
Winnetka,0.665956
Yards,0.665956
acclaim,0.665956
adds,0.665956
ain,0.665956
aunts,0.665956
bachelor,0.665956
baseballight,0.665956
bayonet,0.665956
bows,0.665956
bridal,0.665956
bulletin,0.665956
bulletins,0.665956
canceled,0.665956
clashes,0.665956
concerns,0.665956
contaminating,0.665956
contribs,0.665956
cotillion,0.665956
crabapple,0.665956
darlin,0.665956
dazzler,0.665956
deposit,0.665956
dept,0.665956
dervishes,0.665956
dies,0.665956
doings,0.665956
dough,0.665956
dynamite,0.665956
dynamo,0.665956
ears,0.665956
embassies,0.665956
ethics,0.665956
exhibitors,0.665956
farewell,0.665956
fete,0.665956
fiance,0.665956
flicker,0.665956
folk,0.665956
frau,0.665956
frightening,0.665956
frothier,0.665956
fur,0.665956
gals,0.665956
garrulous,0.665956
girdling,0.665956
glib,0.665956
goodness,0.665956
guttural,0.665956
huzzahs,0.665956
inflamed,0.665956
injection,0.665956
jotted,0.665956
lessons,0.665956
loud,0.665956
masterful,0.665956
measles,0.665956
medico,0.665956
medics,0.665956
megaton,0.665956
misses,0.665956
morals,0.665956
muttered,0.665956
nerve,0.665956
nights,0.665956
obstacle,0.665956
ol,0.665956
oriental,0.665956
peasants,0.665956
phones,0.665956
phonies,0.665956
probate,0.665956
pronto,0.665956
pubs,0.665956
rancho,0.665956
rat,0.665956
ringing,0.665956
sake,0.665956
scoop,0.665956
screenings,0.665956
sellout,0.665956
shelters,0.665956
sidled,0.665956
sing,0.665956
singer,0.665956
singers,0.665956
slogan,0.665956
smoothed,0.665956
solicit,0.665956
solicits,0.665956
songs,0.665956
staging,0.665956
starred,0.665956
stein,0.665956
struggles,0.665956
surgery,0.665956
tat,0.665956
tatty,0.665956
telephoned,0.665956
tennis,0.665956
trains,0.665956
translates,0.665956
uncles,0.665956
underprivileged,0.665956
visa,0.665956
warbling,0.665956
whirling,0.665956
worthiest,0.665956
yodel,0.665956
bride,0.578993
wedding,0.571989
Danny,0.564985
tea,0.557981
Foundation,0.550977
Lane,0.550977
Living,0.550977
Research,0.550977
Russell,0.550977
Sims,0.550977
Town,0.550977
boss,0.550977
bridegroom,0.550977
clubs,0.550977
thru,0.550977
Arms,0.543973
Ball,0.543973
Bar,0.543973
Best,0.543973
Box,0.543973
Children,0.543973
Clinton,0.543973
Consul,0.543973
Debutante,0.543973
Dolce,0.543973
Empire,0.543973
Everywhere,0.543973
Fall,0.543973
Fashion,0.543973
Flower,0.543973
Frederick,0.543973
Garson,0.543973
Gate,0.543973
Give,0.543973
Herbert,0.543973
Indonesia,0.543973
Jean,0.543973
Lambert,0.543973
Lucille,0.543973
Manville,0.543973
McCormick,0.543973
Memphis,0.543973
Metropolitan,0.543973
Milt,0.543973
Nobel,0.543973
Packers,0.543973
Pakistan,0.543973
Playboy,0.543973
Prentice,0.543973
Pretty,0.543973
Rome,0.543973
Simon,0.543973
Sportsman,0.543973
Stock,0.543973
Trade,0.543973
Vita,0.543973
addressed,0.543973
anybody,0.543973
artistic,0.543973
beach,0.543973
beer,0.543973
biz,0.543973
bombs,0.543973
border,0.543973
bringing,0.543973
bushes,0.543973
charities,0.543973
cheer,0.543973
collect,0.543973
column,0.543973
crazy,0.543973
cry,0.543973
earn,0.543973
en,0.543973
exciting,0.543973
exclusive,0.543973
fallout,0.543973
festival,0.543973
fitted,0.543973
generously,0.543973
globe,0.543973
hadn,0.543973
headline,0.543973
holders,0.543973
holiday,0.543973
holidays,0.543973
honest,0.543973
insist,0.543973
invitations,0.543973
matches,0.543973
ministers,0.543973
mink,0.543973
niece,0.543973
opens,0.543973
pain,0.543973
permission,0.543973
portable,0.543973
promotional,0.543973
publishing,0.543973
roles,0.543973
separated,0.543973
showman,0.543973
singing,0.543973
song,0.543973
swim,0.543973
tells,0.543973
toast,0.543973
touches,0.543973
trees,0.543973
typewriter,0.543973
wed,0.543973
wheeled,0.543973
whiz,0.543973
writer,0.543973
youngest,0.543973
Forest,0.490873
Italian,0.490873
Burke,0.484788
supper,0.484788
Charley,0.478703
Stevens,0.478703
baby,0.478703
debut,0.478703
mail,0.478703
African,0.472618
Armed,0.472618
Battle,0.472618
Broadway,0.472618
Bud,0.472618
Byron,0.472618
Cancer,0.472618
Everybody,0.472618
Gary,0.472618
Golf,0.472618
Harvey,0.472618
Illustrated,0.472618
Japan,0.472618
King,0.472618
Later,0.472618
Mason,0.472618
Masonic,0.472618
Maurice,0.472618
Must,0.472618
Nobody,0.472618
Opera,0.472618
People,0.472618
Phoenix,0.472618
Presbyterian,0.472618
Press,0.472618
Republic,0.472618
Show,0.472618
Time,0.472618
Tonight,0.472618
advisory,0.472618
appearances,0.472618
boxes,0.472618
buffet,0.472618
candy,0.472618
copy,0.472618
costumes,0.472618
dancers,0.472618
deadline,0.472618
engagement,0.472618
entertain,0.472618
expect,0.472618
gown,0.472618
guy,0.472618
hinted,0.472618
import,0.472618
insists,0.472618
instance,0.472618
integration,0.472618
keeps,0.472618
lived,0.472618
mighty,0.472618
noon,0.472618
opener,0.472618
pop,0.472618
producer,0.472618
promising,0.472618
returning,0.472618
safety,0.472618
sponsor,0.472618
strings,0.472618
studio,0.472618
studying,0.472618
suggestions,0.472618
telling,0.472618
Jane,0.43829
Dec,0.432857
Walter,0.432857
theater,0.432857
Christmas,0.427424
Sullivan,0.427424
arrive,0.427424
dance,0.427424
east,0.427424
movie,0.427424
Andrew,0.42199
Ariz,0.42199
Back,0.42199
Because,0.42199
Dodgers,0.42199
Hollywood,0.42199
Hong,0.42199
India,0.42199
Inn,0.42199
Kong,0.42199
Kremlin,0.42199
Morton,0.42199
Nixon,0.42199
Oak,0.42199
Office,0.42199
Stengel,0.42199
awarded,0.42199
barely,0.42199
bus,0.42199
campaign,0.42199
dozen,0.42199
explain,0.42199
humor,0.42199
march,0.42199
motor,0.42199
neighbors,0.42199
occasion,0.42199
parents,0.42199
prize,0.42199
rest,0.42199
retiring,0.42199
somebody,0.42199
success,0.42199
talking,0.42199
ticket,0.42199
tour,0.42199
uniform,0.42199
wear,0.42199
wonderful,0.42199
brother,0.397504
trip,0.397504
Lake,0.392576
marriage,0.392576
Fla,0.387649
Helen,0.387649
Here,0.387649
Joan,0.387649
Nov,0.387649
Paris,0.387649
Room,0.387649
association,0.387649
benefit,0.387649
career,0.387649
kids,0.387649
rare,0.387649
talent,0.387649
Actually,0.382721
Casey,0.382721
Dave,0.382721
Giants,0.382721
London,0.382721
Peter,0.382721
Post,0.382721
Terry,0.382721
Young,0.382721
acts,0.382721
apply,0.382721
atmosphere,0.382721
baseball,0.382721
basketball,0.382721
closer,0.382721
cocktail,0.382721
confident,0.382721
cultural,0.382721
earth,0.382721
easy,0.382721
emergency,0.382721
explains,0.382721
favorite,0.382721
filled,0.382721
fly,0.382721
handle,0.382721
health,0.382721
heart,0.382721
mad,0.382721
makes,0.382721
phone,0.382721
pretty,0.382721
professional,0.382721
prove,0.382721
representative,0.382721
route,0.382721
sold,0.382721
stayed,0.382721
theme,0.382721
watch,0.382721
wind,0.382721
Johnny,0.364179
La,0.35515
Ray,0.35515
Stadium,0.35515
Wayne,0.35515
idea,0.35515
signed,0.35515
Art,0.350635
Arts,0.350635
Barnes,0.350635
Berlin,0.350635
Blue,0.350635
Commerce,0.350635
Dick,0.350635
England,0.350635
English,0.350635
Francis,0.350635
Illinois,0.350635
Place,0.350635
Yankees,0.350635
affair,0.350635
argument,0.350635
bit,0.350635
buy,0.350635
drop,0.350635
entertainment,0.350635
families,0.350635
film,0.350635
formerly,0.350635
governor,0.350635
graduate,0.350635
letters,0.350635
light,0.350635
married,0.350635
mentioned,0.350635
popular,0.350635
raise,0.350635
streets,0.350635
sure,0.350635
thousands,0.350635
tonight,0.350635
winter,0.350635
Old,0.331838
ex,0.331838
December,0.327673
fair,0.327673
groups,0.327673
honor,0.327673
hospital,0.327673
met,0.327673
performance,0.327673
quite,0.327673
reception,0.327673
California,0.323507
Chief,0.323507
Company,0.323507
Europe,0.323507
Hall,0.323507
Harry,0.323507
Y,0.323507
activities,0.323507
beginning,0.323507
books,0.323507
church,0.323507
countries,0.323507
crowd,0.323507
different,0.323507
girl,0.323507
hotel,0.323507
newly,0.323507
obtain,0.323507
pair,0.323507
plant,0.323507
publicity,0.323507
sister,0.323507
stay,0.323507
stop,0.323507
takes,0.323507
treasurer,0.323507
walk,0.323507
whom,0.323507
town,0.311596
Chicago,0.308047
Also,0.303871
friends,0.303871
mother,0.303871
raising,0.303871
tomorrow,0.300855
Albert,0.300008
De,0.300008
General,0.300008
My,0.300008
Only,0.300008
T,0.300008
above,0.300008
appointed,0.300008
broke,0.300008
close,0.300008
death,0.300008
establish,0.300008
grand,0.300008
morning,0.300008
nations,0.300008
senior,0.300008
sense,0.300008
setting,0.300008
severe,0.300008
telephone,0.300008
International,0.286472
Beach,0.282876
Her,0.282876
Their,0.282876
beat,0.282876
Boston,0.27928
Day,0.27928
First,0.27928
Lee,0.27928
More,0.27928
Norman,0.27928
anyone,0.27928
calls,0.27928
evening,0.27928
interested,0.27928
judge,0.27928
look,0.27928
low,0.27928
playing,0.27928
summer,0.27928
touch,0.27928
try,0.27928
university,0.27928
yet,0.27928
live,0.267453
O,0.264095
Park,0.264095
You,0.264095
daughter,0.264095
husband,0.264095
international,0.264095
junior,0.264095
Louis,0.260738
Then,0.260738
college,0.260738
continued,0.260738
d,0.260738
driving,0.260738
especially,0.260738
greater,0.260738
joined,0.260738
planned,0.260738
prices,0.260738
recently,0.260738
using,0.260738
Thomas,0.250248
opening,0.250248
May,0.247106
dinner,0.247106
event,0.247106
father,0.247106
fund,0.247106
side,0.247106
However,0.243965
Jan,0.243965
carry,0.243965
current,0.243965
daily,0.243965
don,0.243965
follow,0.243965
news,0.243965
pro,0.243965
son,0.243965
stage,0.243965
vice,0.243965
women,0.243965
Miss,0.240429
ll,0.240429
season,0.234541
Bill,0.231597
party,0.231597
Association,0.228653
David,0.228653
Henry,0.228653
So,0.228653
South,0.228653
afternoon,0.228653
boy,0.228653
move,0.228653
says,0.228653
something,0.228653
student,0.228653
Jack,0.217329
already,0.217329
club,0.217093
G,0.214566
building,0.214566
date,0.214566
free,0.214566
getting,0.214566
relations,0.214566
soon,0.214566
thing,0.214566
p,0.206714
L,0.204119
coming,0.204119
drive,0.204119
gave,0.204119
return,0.204119
Smith,0.201525
With,0.201525
center,0.201525
foreign,0.201525
hand,0.201525
near,0.201525
room,0.201525
board,0.199137
She,0.19426
Charles,0.191821
H,0.191821
house,0.191821
me,0.191821
play,0.191821
re,0.191821
she,0.191821
staff,0.191821
States,0.189383
bring,0.189383
funds,0.189383
won,0.189383
yesterday,0.189383
meet,0.18261
small,0.18261
her,0.181601
George,0.180317
Frank,0.178025
P,0.178025
Richard,0.178025
decided,0.178025
real,0.178025
taking,0.178025
director,0.171666
United,0.169511
firm,0.169511
top,0.169511
F,0.167356
away,0.167356
recent,0.167356
start,0.167356
upon,0.167356
B,0.163373
St,0.163373
E,0.159323
That,0.159323
children,0.159323
money,0.159323
If,0.157297
N,0.157297
Saturday,0.157297
Sunday,0.157297
able,0.157297
chairman,0.157297
country,0.157297
going,0.157297
know,0.157297
Jr,0.155394
Mrs,0.154965
give,0.153491
D,0.151588
We,0.149685
William,0.149685
again,0.149685
member,0.149685
Mr,0.149475
For,0.147782
R,0.147782
University,0.147782
including,0.147782
local,0.147782
place,0.147782
same,0.147782
young,0.147782
York,0.142329
show,0.142329
making,0.138756
wife,0.138756
present,0.133521
today,0.133521
W,0.131845
around,0.131845
come,0.131845
you,0.131845
On,0.130169
area,0.130169
best,0.130169
big,0.130169
right,0.130169
run,0.130169
use,0.130169
C,0.125124
our,0.125124
along,0.123553
own,0.123553
still,0.123553
As,0.121983
business,0.121983
called,0.121983
ever,0.121983
how,0.121983
however,0.121983
months,0.121983
never,0.121983
several,0.121983
state,0.121983
went,0.121983
president,0.1171
J,0.11416
far,0.11416
later,0.11416
too,0.11416
m,0.11079
night,0.11079
group,0.109417
here,0.108453
And,0.108043
school,0.108043
should,0.108043
U,0.10667
another,0.10667
between,0.10667
go,0.10667
next,0.102048
take,0.100767
American,0.099486
past,0.099486
see,0.099486
these,0.099486
people,0.0925838
world,0.0892618
S,0.0881552
make,0.0870487
many,0.0870487
during,0.0859421
way,0.0859421
off,0.0815903
even,0.0805662
may,0.079542
those,0.079542
well,0.079542
while,0.079542
man,0.0743111
back,0.0726073
New,0.0700038
members,0.0682682
down,0.0674004
we,0.0674004
t,0.064804
John,0.0640105
day,0.0632169
such,0.0616299
They,0.0574858
get,0.0574858
because,0.0567642
if,0.0567642
There,0.0560427
any,0.0560427
him,0.0560427
so,0.0560427
This,0.0506273
week,0.0506273
home,0.0471263
before,0.0453737
do,0.0453737
them,0.0402724
can,0.0371336
But,0.0353148
some,0.0353148
into,0.0316708
last,0.0316708
after,0.0312782
time,0.0308856
now,0.0271286
years,0.026132
three,0.0257998
when,0.0228685
He,0.0220485
only,0.0220485
first,0.0217752
I,0.0215019
It,0.017205
about,0.017205
there,0.017205
year,0.017205
also,0.016989
or,0.016773
would,0.016773
new,0.0135476
their,0.0132276
up,0.0130676
more,0.0129076
its,0.0124275
than,0.0124275
he,0.00881922
are,0.00871381
this,0.00871381
all,0.00839758
In,0.00829217
over,0.00829217
no,0.00818676
were,0.00818676
his,0.00482715
A,0.00430624
been,0.00420205
but,0.00420205
not,0.00404578
other,0.00404578
they,0.00404578
The,0.0
``,0.0
a,0.0
an,0.0
and,0.0
as,0.0
at,0.0
be,0.0
by,0.0
for,0.0
from,0.0
has,0.0
have,0.0
in,0.0
is,0.0
it,0.0
of,0.0
on,0.0
one,0.0
out,0.0
s,0.0
that,0.0
the,0.0
to,0.0
was,0.0
which,0.0
who,0.0
will,0.0
with,0.0
