Marr,0.727815
motels,0.697629
pools,0.697629
Motel,0.687567
Rhodes,0.687567
officiated,0.687567
Bowman,0.677505
Carter,0.677505
Christi,0.677505
Corpus,0.677505
Gay,0.677505
Glison,0.677505
Gods,0.677505
Grandparents,0.677505
Mullenax,0.677505
Pampa,0.677505
Parents,0.677505
Rickenbaugh,0.677505
Salvation,0.677505
Shamrock,0.677505
Tucson,0.677505
alcoholics,0.677505
bateau,0.677505
boast,0.677505
cellar,0.677505
neckline,0.677505
parolees,0.677505
princesse,0.677505
stephanotis,0.677505
veil,0.677505
Alpha,0.667443
Alton,0.667443
Arlington,0.667443
Baines,0.667443
Bassi,0.667443
Bassis,0.667443
Beam,0.667443
Beginning,0.667443
Bernet,0.667443
Betsy,0.667443
Bldg,0.667443
Boxwood,0.667443
Branum,0.667443
Brig,0.667443
Buell,0.667443
Burgher,0.667443
Butler,0.667443
Campbell,0.667443
Carr,0.667443
Cater,0.667443
Cecil,0.667443
Cedric,0.667443
Cocktail,0.667443
Conn,0.667443
Cris,0.667443
Dawson,0.667443
Denverite,0.667443
Dobbins,0.667443
Ellen,0.667443
Elvis,0.667443
Emilio,0.667443
Esther,0.667443
Fellowship,0.667443
Ferris,0.667443
Fitzhugh,0.667443
Floresville,0.667443
Frances,0.667443
Gamma,0.667443
Gaston,0.667443
Glass,0.667443
Grahamstown,0.667443
Hackstaff,0.667443
Hand,0.667443
Hicks,0.667443
Hinsdale,0.667443
Honor,0.667443
Innumerable,0.667443
Judith,0.667443
Kira,0.667443
Kittredge,0.667443
Larimer,0.667443
Lewelleyn,0.667443
Lovelace,0.667443
Loving,0.667443
Luette,0.667443
Luise,0.667443
Magarrell,0.667443
Manzanola,0.667443
Marcile,0.667443
Mayfair,0.667443
McDermott,0.667443
McEachern,0.667443
McIntosh,0.667443
McRoberts,0.667443
Mead,0.667443
Mercy,0.667443
Merrill,0.667443
Mom,0.667443
Monica,0.667443
Mortar,0.667443
Motorists,0.667443
Munger,0.667443
Myron,0.667443
Neumann,0.667443
Neusteter,0.667443
Neusteters,0.667443
Officers,0.667443
Omega,0.667443
Oxnard,0.667443
Pabor,0.667443
Parmer,0.667443
Pate,0.667443
Pi,0.667443
Piero,0.667443
Plaza,0.667443
Reeder,0.667443
Rollie,0.667443
Row,0.667443
Sandra,0.667443
Scarsdale,0.667443
Scots,0.667443
Semmes,0.667443
Sequoia,0.667443
Sheila,0.667443
Sigma,0.667443
Skid,0.667443
Sudier,0.667443
Tau,0.667443
Teter,0.667443
Theology,0.667443
UCLA,0.667443
Uhles,0.667443
Usually,0.667443
Vacancy,0.667443
Vroman,0.667443
Welborn,0.667443
Willett,0.667443
Winchester,0.667443
Woman,0.667443
Wright,0.667443
accented,0.667443
accidentally,0.667443
accommodated,0.667443
advertises,0.667443
appliques,0.667443
attendants,0.667443
awaiting,0.667443
bath,0.667443
beggar,0.667443
bleak,0.667443
boasting,0.667443
bridesmaids,0.667443
brink,0.667443
bum,0.667443
carpeted,0.667443
carpeting,0.667443
celebrates,0.667443
chat,0.667443
comic,0.667443
compassionate,0.667443
cup,0.667443
decides,0.667443
featuring,0.667443
flared,0.667443
furnished,0.667443
gardenias,0.667443
genial,0.667443
grandma,0.667443
groomsmen,0.667443
grossing,0.667443
gulf,0.667443
headdress,0.667443
heather,0.667443
hospitable,0.667443
influx,0.667443
informally,0.667443
keepers,0.667443
link,0.667443
luxury,0.667443
mat,0.667443
mingle,0.667443
newlyweds,0.667443
nightly,0.667443
onslaught,0.667443
orchids,0.667443
peculiarities,0.667443
pert,0.667443
poised,0.667443
precede,0.667443
presents,0.667443
pressed,0.667443
readjust,0.667443
reared,0.667443
relearns,0.667443
restaurants,0.667443
roadside,0.667443
safari,0.667443
sees,0.667443
smile,0.667443
snake,0.667443
souvenir,0.667443
sporting,0.667443
stag,0.667443
steaming,0.667443
suitcases,0.667443
suites,0.667443
summertime,0.667443
sweets,0.667443
swimming,0.667443
tab,0.667443
tastes,0.667443
testify,0.667443
tourists,0.667443
towels,0.667443
vast,0.667443
vented,0.667443
village,0.667443
w,0.667443
wagons,0.667443
withdrawn,0.667443
bride,0.594501
Kelsey,0.569845
Meredith,0.569845
wedding,0.569845
Chase,0.561626
Clinton,0.553407
Denton,0.553407
Kappa,0.553407
Lamar,0.553407
Shreveport,0.553407
comfort,0.553407
honeymoon,0.553407
lace,0.553407
maid,0.553407
satin,0.553407
skirt,0.553407
storm,0.553407
Ah,0.545188
Angelo,0.545188
Baird,0.545188
Beaumont,0.545188
Bradford,0.545188
Buffalo,0.545188
Carruthers,0.545188
Chapel,0.545188
Cocktails,0.545188
Conrad,0.545188
Consul,0.545188
Coronado,0.545188
Ervin,0.545188
Fashion,0.545188
Gibson,0.545188
Glenda,0.545188
Grounds,0.545188
Hardy,0.545188
Hartford,0.545188
Kay,0.545188
Ken,0.545188
Liberal,0.545188
Marie,0.545188
Marvin,0.545188
Maybe,0.545188
Palace,0.545188
Parker,0.545188
Pat,0.545188
Perkins,0.545188
Polo,0.545188
Ross,0.545188
Shirley,0.545188
Shoup,0.545188
Slaughter,0.545188
Stanley,0.545188
Va,0.545188
accommodations,0.545188
adults,0.545188
ants,0.545188
asset,0.545188
braced,0.545188
bridegroom,0.545188
bridge,0.545188
brocade,0.545188
chapel,0.545188
cheery,0.545188
civilian,0.545188
coast,0.545188
coffee,0.545188
decent,0.545188
decorations,0.545188
elegant,0.545188
flung,0.545188
gray,0.545188
helps,0.545188
jacket,0.545188
journey,0.545188
juniors,0.545188
lies,0.545188
lovely,0.545188
magic,0.545188
marvel,0.545188
network,0.545188
organdy,0.545188
parole,0.545188
patio,0.545188
pearl,0.545188
pressing,0.545188
proprietor,0.545188
qualities,0.545188
solved,0.545188
speakers,0.545188
stations,0.545188
studies,0.545188
sugar,0.545188
suite,0.545188
swim,0.545188
switching,0.545188
tasks,0.545188
tile,0.545188
vacation,0.545188
vacationing,0.545188
yearly,0.545188
Calif,0.502237
Baker,0.495096
motel,0.495096
Mason,0.487955
pink,0.487955
Garden,0.480814
Moore,0.480814
Royal,0.480814
announce,0.480814
covers,0.480814
gown,0.480814
motorists,0.480814
seated,0.480814
tickets,0.480814
Academy,0.473673
Baptist,0.473673
Dan,0.473673
Earl,0.473673
Freeman,0.473673
Guy,0.473673
Italian,0.473673
Life,0.473673
Marshall,0.473673
Melvin,0.473673
Methodist,0.473673
Okla,0.473673
Opera,0.473673
Presbyterian,0.473673
Rotary,0.473673
SMU,0.473673
Security,0.473673
Springs,0.473673
beauty,0.473673
birthday,0.473673
candy,0.473673
chairs,0.473673
conditioned,0.473673
contact,0.473673
cookies,0.473673
crown,0.473673
discovered,0.473673
dog,0.473673
entertain,0.473673
farms,0.473673
gala,0.473673
haired,0.473673
heat,0.473673
highway,0.473673
masses,0.473673
mid,0.473673
movies,0.473673
myself,0.473673
paper,0.473673
plenty,0.473673
preceded,0.473673
purposes,0.473673
replace,0.473673
rush,0.473673
schedules,0.473673
seat,0.473673
signs,0.473673
tie,0.473673
trips,0.473673
watching,0.473673
welcome,0.473673
Mills,0.435685
Orleans,0.435685
Rev,0.435685
spending,0.435685
Members,0.429309
Santa,0.429309
TV,0.429309
birth,0.429309
panel,0.429309
wore,0.429309
Andrew,0.422933
Ariz,0.422933
Back,0.422933
Colorado,0.422933
Country,0.422933
Delta,0.422933
Eastern,0.422933
Edward,0.422933
Guests,0.422933
Home,0.422933
Jackson,0.422933
Jerry,0.422933
Larry,0.422933
Milton,0.422933
Technology,0.422933
Theodore,0.422933
Vernon,0.422933
abroad,0.422933
concerts,0.422933
dining,0.422933
events,0.422933
everything,0.422933
excellent,0.422933
forth,0.422933
isn,0.422933
items,0.422933
keeping,0.422933
main,0.422933
motor,0.422933
offers,0.422933
pick,0.422933
practical,0.422933
procedures,0.422933
relatively,0.422933
remember,0.422933
require,0.422933
risk,0.422933
roads,0.422933
rooms,0.422933
simple,0.422933
staged,0.422933
ticket,0.422933
waiting,0.422933
wing,0.422933
written,0.422933
marriage,0.395141
trip,0.395141
Alfred,0.389358
Ann,0.389358
Donald,0.389358
Joan,0.389358
furniture,0.389358
music,0.389358
Africa,0.383576
Barbara,0.383576
Brown,0.383576
Carl,0.383576
Davis,0.383576
Douglas,0.383576
Gene,0.383576
Ill,0.383576
Leonard,0.383576
Music,0.383576
Social,0.383576
Tech,0.383576
Tex,0.383576
Week,0.383576
Women,0.383576
brother,0.383576
ceremony,0.383576
cocktail,0.383576
containing,0.383576
dancing,0.383576
earth,0.383576
enjoy,0.383576
explains,0.383576
fashion,0.383576
gas,0.383576
gold,0.383576
golf,0.383576
heart,0.383576
houses,0.383576
hundred,0.383576
inch,0.383576
kids,0.383576
knocked,0.383576
learn,0.383576
leave,0.383576
leaving,0.383576
length,0.383576
rules,0.383576
security,0.383576
Houston,0.372609
La,0.372609
graduate,0.367312
guests,0.362014
married,0.362014
Denver,0.356716
orchestra,0.356716
wall,0.356716
Allen,0.351418
Arts,0.351418
Center,0.351418
Christian,0.351418
Dean,0.351418
Many,0.351418
Place,0.351418
Ray,0.351418
Roger,0.351418
Samuel,0.351418
Sherman,0.351418
V,0.351418
achieve,0.351418
affair,0.351418
ahead,0.351418
approach,0.351418
certainly,0.351418
drew,0.351418
entertainment,0.351418
farm,0.351418
figure,0.351418
hot,0.351418
letters,0.351418
popular,0.351418
stands,0.351418
surprise,0.351418
table,0.351418
talks,0.351418
throw,0.351418
wants,0.351418
honor,0.343781
Church,0.338893
society,0.334006
By,0.329118
Y,0.329118
carried,0.329118
closed,0.329118
facilities,0.329118
reception,0.329118
Air,0.32423
Force,0.32423
Gen,0.32423
Paul,0.32423
War,0.32423
always,0.32423
apartment,0.32423
black,0.32423
books,0.32423
church,0.32423
common,0.32423
finished,0.32423
lot,0.32423
miles,0.32423
millions,0.32423
publicity,0.32423
scene,0.32423
sister,0.32423
weather,0.32423
June,0.314276
luncheon,0.309744
Americans,0.305211
attended,0.305211
caught,0.305211
sign,0.305211
Aug,0.300678
Austin,0.300678
De,0.300678
Martin,0.300678
My,0.300678
Those,0.300678
World,0.300678
biggest,0.300678
break,0.300678
fast,0.300678
fellow,0.300678
greatest,0.300678
homes,0.300678
hope,0.300678
immediately,0.300678
looks,0.300678
mother,0.300678
offered,0.300678
outside,0.300678
planning,0.300678
post,0.300678
setting,0.300678
starts,0.300678
woman,0.300678
Her,0.296782
summer,0.292563
Aj,0.288343
Army,0.288343
First,0.288343
couple,0.288343
July,0.284123
evening,0.284123
land,0.284123
Central,0.279904
Lee,0.279904
Norman,0.279904
San,0.279904
air,0.279904
except,0.279904
explained,0.279904
include,0.279904
jobs,0.279904
playing,0.279904
road,0.279904
size,0.279904
variety,0.279904
your,0.279904
daughter,0.273139
Howard,0.2692
live,0.2692
Mary,0.26526
husband,0.26526
Miss,0.263711
Angeles,0.261321
Hospital,0.261321
Los,0.261321
O,0.261321
Park,0.261321
Warren,0.261321
addition,0.261321
entire,0.261321
industry,0.261321
returned,0.261321
social,0.261321
using,0.261321
white,0.261321
worked,0.261321
May,0.255568
College,0.251882
Texas,0.251882
dinner,0.251882
father,0.251882
No,0.248196
Thomas,0.248196
across,0.248196
opening,0.248196
presented,0.248196
son,0.248196
Board,0.24451
Hotel,0.24451
Thursday,0.24451
call,0.24451
continue,0.24451
daily,0.24451
event,0.24451
following,0.24451
particularly,0.24451
problems,0.24451
ready,0.24451
times,0.24451
nation,0.239527
party,0.232618
season,0.232618
Henry,0.229163
South,0.229163
born,0.229163
car,0.229163
charge,0.229163
manager,0.229163
others,0.229163
student,0.229163
ve,0.229163
Robert,0.224771
Dr,0.218288
lines,0.218288
schools,0.218288
Mrs,0.21625
School,0.215046
free,0.215046
himself,0.215046
position,0.215046
soon,0.215046
center,0.208064
p,0.208064
L,0.20502
Smith,0.20502
designed,0.20502
open,0.20502
club,0.201975
coming,0.201975
court,0.201975
job,0.201975
private,0.201975
return,0.201975
room,0.201975
served,0.201975
seven,0.201975
Wednesday,0.19839
she,0.19839
Club,0.195529
She,0.195529
committee,0.195529
All,0.192667
Charles,0.192667
weeks,0.192667
Some,0.189806
play,0.189806
point,0.189806
system,0.189806
turn,0.189806
late,0.186492
Richard,0.181113
matter,0.181113
her,0.179038
North,0.178423
P,0.178423
become,0.178423
family,0.178423
interest,0.178423
probably,0.178423
M,0.170259
head,0.170259
F,0.16773
director,0.16773
office,0.16773
Saturday,0.167155
former,0.164779
E,0.162402
Sunday,0.162402
Mr,0.16003
After,0.160025
N,0.160025
That,0.160025
chairman,0.160025
B,0.157649
Friday,0.157649
St,0.157649
children,0.157649
meeting,0.157649
service,0.157649
Jr,0.157044
D,0.154811
University,0.152578
number,0.152578
House,0.150345
National,0.150345
Tuesday,0.150345
great,0.150345
member,0.150345
R,0.148112
William,0.148112
found,0.148112
local,0.148112
place,0.148112
six,0.148112
Monday,0.141162
York,0.141162
show,0.141162
added,0.139066
few,0.139066
left,0.139066
together,0.139066
James,0.13636
W,0.13636
best,0.134394
days,0.132427
my,0.13046
C,0.127784
City,0.125941
State,0.125941
how,0.124098
men,0.124098
own,0.124098
along,0.122255
business,0.122255
came,0.122255
month,0.122255
months,0.122255
several,0.122255
went,0.122255
J,0.117864
held,0.117864
Washington,0.11614
president,0.11614
ago,0.114415
annual,0.114415
far,0.114415
program,0.114415
given,0.110132
m,0.110132
And,0.10852
between,0.10852
go,0.10852
another,0.106908
night,0.106908
public,0.106908
school,0.106908
announced,0.101211
see,0.101211
American,0.0997082
At,0.0997082
early,0.0997082
good,0.0997082
just,0.0997082
next,0.0997082
set,0.0997082
take,0.0997082
without,0.0927906
S,0.0887311
many,0.0887311
during,0.0874326
like,0.0874326
way,0.0874326
world,0.0874326
being,0.0861341
did,0.0861341
make,0.0861341
even,0.0809215
old,0.0809215
off,0.0797197
work,0.0797197
man,0.0768559
each,0.0746389
New,0.0716243
where,0.0716243
we,0.0695876
back,0.0685693
down,0.0685693
high,0.0675509
members,0.0675509
John,0.0636299
such,0.0636299
day,0.0626987
four,0.0617676
t,0.0617676
There,0.0587081
They,0.0570146
any,0.0561678
because,0.0561678
both,0.0561678
him,0.0561678
most,0.0515054
week,0.0515054
home,0.0495884
before,0.0454751
do,0.0454751
can,0.0375279
But,0.0353936
under,0.0353936
after,0.032404
last,0.0305611
said,0.0262473
now,0.0258574
three,0.0258574
years,0.0258574
I,0.0235212
first,0.0215967
made,0.0215967
only,0.0215967
He,0.021276
when,0.021276
there,0.0175708
also,0.0173173
two,0.0170639
It,0.0168105
or,0.0168105
their,0.0132064
up,0.0132064
its,0.0128308
new,0.0128308
more,0.0124553
than,0.0124553
are,0.00944199
all,0.00869983
were,0.00869983
he,0.00845244
this,0.00845244
In,0.00832874
no,0.00832874
over,0.00832874
his,0.0042382
A,0.00417707
they,0.00417707
but,0.00411594
other,0.00411594
been,0.00405482
not,0.00405482
The,0.0
``,0.0
a,0.0
an,0.0
and,0.0
as,0.0
at,0.0
be,0.0
by,0.0
for,0.0
from,0.0
has,0.0
have,0.0
in,0.0
is,0.0
it,0.0
of,0.0
on,0.0
one,0.0
out,0.0
s,0.0
that,0.0
the,0.0
to,0.0
was,0.0
which,0.0
who,0.0
will,0.0
with,0.0
