Shop,0.705249
Thrift,0.705249
Philmont,0.695675
bundle,0.695675
entertained,0.695675
Carnival,0.686102
Eustis,0.686102
Jewish,0.686102
Spurdle,0.686102
Vieth,0.686102
bundles,0.686102
queen,0.686102
Achaeans,0.676528
Basin,0.676528
Blum,0.676528
Comus,0.676528
Emmert,0.676528
Grinsfelder,0.676528
Janssen,0.676528
Marella,0.676528
Nairne,0.676528
Orcutt,0.676528
Pierson,0.676528
Queen,0.676528
Rosen,0.676528
Schultz,0.676528
Shoettle,0.676528
Troop,0.676528
Vickery,0.676528
Wellesley,0.676528
debutante,0.676528
effects,0.676528
hostess,0.676528
taffeta,0.676528
worn,0.676528
Agencies,0.666955
App,0.666955
Artist,0.666955
Ashman,0.666955
Assisting,0.666955
Avery,0.666955
Baringer,0.666955
Beat,0.666955
Bermuda,0.666955
Bernhard,0.666955
Berton,0.666955
Bietnar,0.666955
Blumberg,0.666955
Blumenthal,0.666955
Boyd,0.666955
Bregman,0.666955
Brelin,0.666955
Briar,0.666955
Brigantine,0.666955
Brothers,0.666955
Bundle,0.666955
Carre,0.666955
Cauffman,0.666955
Chance,0.666955
Clearwater,0.666955
Clifton,0.666955
Clyde,0.666955
Cmdr,0.666955
Col,0.666955
Coles,0.666955
Collett,0.666955
Cotty,0.666955
Coulson,0.666955
Cushman,0.666955
Dane,0.666955
DeForest,0.666955
Delaware,0.666955
Delray,0.666955
Dussa,0.666955
Eileen,0.666955
Epsilon,0.666955
Evans,0.666955
Fairless,0.666955
Felske,0.666955
Fenwick,0.666955
Feringa,0.666955
Fernberger,0.666955
Glazer,0.666955
Glennon,0.666955
Godwin,0.666955
Goodman,0.666955
Greenwich,0.666955
Haaek,0.666955
Harcourt,0.666955
Harrity,0.666955
Hayward,0.666955
Heinze,0.666955
Helene,0.666955
Hoaps,0.666955
Hole,0.666955
Hollander,0.666955
Ingo,0.666955
Irwin,0.666955
Jacques,0.666955
Jordan,0.666955
Kamens,0.666955
Kapnek,0.666955
Katherine,0.666955
Kaufnabb,0.666955
Kershbaum,0.666955
Kilhour,0.666955
Kimbolton,0.666955
Kloman,0.666955
Korman,0.666955
Lacy,0.666955
Langsdorf,0.666955
Lanin,0.666955
Leatherman,0.666955
Lehner,0.666955
Lichtenstein,0.666955
Lisle,0.666955
Liss,0.666955
Loeb,0.666955
Loen,0.666955
Louchheim,0.666955
Ludwick,0.666955
Majesties,0.666955
Malmud,0.666955
Marc,0.666955
Marsicano,0.666955
McGehee,0.666955
Meet,0.666955
Merner,0.666955
Meyle,0.666955
Misses,0.666955
Models,0.666955
Moller,0.666955
Muncipal,0.666955
Natalie,0.666955
Nell,0.666955
Newbold,0.666955
Newburger,0.666955
Newman,0.666955
Newtown,0.666955
Nicholas,0.666955
Night,0.666955
Noted,0.666955
Proceeds,0.666955
Putt,0.666955
Quell,0.666955
Reily,0.666955
Rex,0.666955
Robinsonville,0.666955
Rockhall,0.666955
Rowley,0.666955
Sabol,0.666955
Scenic,0.666955
Shahn,0.666955
Shrove,0.666955
Socola,0.666955
Stella,0.666955
Sweet,0.666955
Tulane,0.666955
Tyson,0.666955
USN,0.666955
Valley,0.666955
Vieux,0.666955
Volney,0.666955
Voorhees,0.666955
Walbridge,0.666955
Walkers,0.666955
Waveland,0.666955
Weinberg,0.666955
Wilkinson,0.666955
Wissahickon,0.666955
Wolcott,0.666955
Zeising,0.666955
Zinman,0.666955
ablaze,0.666955
admittance,0.666955
array,0.666955
ashes,0.666955
ballgowns,0.666955
beads,0.666955
bodice,0.666955
brac,0.666955
bric,0.666955
camping,0.666955
colorful,0.666955
commentator,0.666955
competence,0.666955
controllers,0.666955
crimson,0.666955
decolletage,0.666955
deposited,0.666955
dessert,0.666955
dinners,0.666955
eggshell,0.666955
embroidered,0.666955
excitement,0.666955
filmy,0.666955
fraternity,0.666955
fringed,0.666955
frock,0.666955
gayety,0.666955
globetrotter,0.666955
greenish,0.666955
grillwork,0.666955
honoree,0.666955
hospitality,0.666955
hostesses,0.666955
hosts,0.666955
husbands,0.666955
invites,0.666955
jointly,0.666955
maids,0.666955
maskers,0.666955
masquerade,0.666955
olive,0.666955
preview,0.666955
raisers,0.666955
rejoin,0.666955
roses,0.666955
scenic,0.666955
sculpture,0.666955
secretarial,0.666955
sequins,0.666955
shelves,0.666955
slipper,0.666955
slippers,0.666955
specialties,0.666955
sponsors,0.666955
staffing,0.666955
suburbs,0.666955
temperatures,0.666955
threads,0.666955
tiers,0.666955
tomato,0.666955
trimmed,0.666955
tulle,0.666955
wins,0.666955
zero,0.666955
Drexel,0.576069
entertaining,0.560429
festivities,0.560429
Book,0.552609
Conrad,0.552609
Frederick,0.552609
McConnell,0.552609
Richmond,0.552609
aides,0.552609
chairmen,0.552609
lace,0.552609
phase,0.552609
satin,0.552609
silk,0.552609
Allan,0.544789
Alvin,0.544789
Auditorium,0.544789
Baird,0.544789
Besides,0.544789
Cohen,0.544789
Debutante,0.544789
Dusseldorf,0.544789
Ethel,0.544789
Evelyn,0.544789
Gimbel,0.544789
Greater,0.544789
Hardy,0.544789
Harold,0.544789
Jerome,0.544789
Kappa,0.544789
Lester,0.544789
Md,0.544789
Meyer,0.544789
Moody,0.544789
Oscar,0.544789
Rose,0.544789
Smythe,0.544789
Susan,0.544789
Taussig,0.544789
Trimble,0.544789
Walnut,0.544789
Wheeler,0.544789
arrange,0.544789
artistic,0.544789
assisting,0.544789
attends,0.544789
bridge,0.544789
brocade,0.544789
celebrated,0.544789
chapel,0.544789
chef,0.544789
combo,0.544789
dances,0.544789
decades,0.544789
donations,0.544789
duties,0.544789
edging,0.544789
ends,0.544789
feminine,0.544789
feted,0.544789
handsome,0.544789
holidays,0.544789
honorary,0.544789
invitations,0.544789
jazz,0.544789
maid,0.544789
mothers,0.544789
niece,0.544789
originated,0.544789
oysters,0.544789
panels,0.544789
pl,0.544789
portrait,0.544789
posters,0.544789
raiser,0.544789
red,0.544789
registered,0.544789
reproductions,0.544789
reputation,0.544789
skirt,0.544789
sub,0.544789
surprises,0.544789
totals,0.544789
tradition,0.544789
welcomed,0.544789
Wall,0.493709
entertain,0.493709
announce,0.486915
gown,0.486915
Lynn,0.480121
Section,0.480121
artists,0.480121
downtown,0.480121
engagement,0.480121
gala,0.480121
selected,0.480121
Ben,0.473327
Big,0.473327
Easter,0.473327
Edwin,0.473327
Federation,0.473327
Lady,0.473327
Lewis,0.473327
Louise,0.473327
Major,0.473327
Margaret,0.473327
Mitchell,0.473327
Monte,0.473327
Others,0.473327
Springs,0.473327
Vienna,0.473327
artist,0.473327
assembly,0.473327
assist,0.473327
calendar,0.473327
camp,0.473327
clothing,0.473327
contribution,0.473327
exhibit,0.473327
expect,0.473327
flowers,0.473327
fun,0.473327
hall,0.473327
hats,0.473327
honoring,0.473327
indicate,0.473327
lots,0.473327
love,0.473327
luck,0.473327
masses,0.473327
paintings,0.473327
participating,0.473327
pink,0.473327
promises,0.473327
slim,0.473327
typical,0.473327
Orleans,0.440823
Country,0.434756
Edward,0.434756
centers,0.434756
chose,0.434756
spending,0.434756
Clayton,0.42869
Florida,0.42869
Taylor,0.42869
Van,0.42869
dress,0.42869
Anne,0.422623
Arthur,0.422623
Chapman,0.422623
Delta,0.422623
Eleanor,0.422623
Fair,0.422623
Gordon,0.422623
Grant,0.422623
Guests,0.422623
Gulf,0.422623
Hills,0.422623
Hughes,0.422623
Louisiana,0.422623
Mass,0.422623
Members,0.422623
Milton,0.422623
Morton,0.422623
Pa,0.422623
Square,0.422623
Stone,0.422623
Temple,0.422623
Theodore,0.422623
Vernon,0.422623
Walker,0.422623
Walter,0.422623
arrangements,0.422623
arrive,0.422623
bad,0.422623
ballroom,0.422623
balls,0.422623
birth,0.422623
buildings,0.422623
chic,0.422623
committees,0.422623
continuing,0.422623
convenience,0.422623
display,0.422623
golden,0.422623
graduated,0.422623
household,0.422623
includes,0.422623
invitation,0.422623
keeping,0.422623
ladies,0.422623
midnight,0.422623
mostly,0.422623
municipal,0.422623
parade,0.422623
parents,0.422623
prize,0.422623
prospects,0.422623
quietly,0.422623
restaurant,0.422623
science,0.422623
street,0.422623
waiting,0.422623
wore,0.422623
worry,0.422623
dancing,0.394299
Alfred,0.388797
Anderson,0.388797
Ann,0.388797
Leonard,0.388797
Peter,0.388797
Virginia,0.388797
Women,0.388797
bright,0.388797
chosen,0.388797
fashion,0.388797
sale,0.388797
shop,0.388797
Barbara,0.383295
Brown,0.383295
Chester,0.383295
Donald,0.383295
Eugene,0.383295
February,0.383295
Fla,0.383295
Germany,0.383295
Helen,0.383295
Joan,0.383295
Morris,0.383295
Philadelphia,0.383295
Terry,0.383295
admission,0.383295
clock,0.383295
cocktail,0.383295
extending,0.383295
giving,0.383295
gold,0.383295
knows,0.383295
length,0.383295
levels,0.383295
marriage,0.383295
music,0.383295
pre,0.383295
proud,0.383295
responsibility,0.383295
sixth,0.383295
stock,0.383295
various,0.383295
visiting,0.383295
guests,0.366283
Francis,0.356202
Samuel,0.356202
Wayne,0.356202
K,0.351161
Patricia,0.351161
Raymond,0.351161
Williams,0.351161
blue,0.351161
co,0.351161
deep,0.351161
direction,0.351161
exhibition,0.351161
formerly,0.351161
idea,0.351161
latter,0.351161
orchestra,0.351161
visit,0.351161
winter,0.351161
Harry,0.333294
food,0.333294
boys,0.328643
contributions,0.328643
green,0.328643
hotel,0.328643
issued,0.328643
publicity,0.328643
Another,0.323992
Church,0.323992
Paul,0.323992
attending,0.323992
black,0.323992
color,0.323992
different,0.323992
established,0.323992
exactly,0.323992
facilities,0.323992
fair,0.323992
o,0.323992
parties,0.323992
reception,0.323992
round,0.323992
takes,0.323992
treasurer,0.323992
units,0.323992
luncheon,0.313396
Hill,0.309083
Albert,0.304771
Street,0.304771
mother,0.304771
Also,0.300458
ball,0.300458
combined,0.300458
condition,0.300458
door,0.300458
estate,0.300458
friends,0.300458
grand,0.300458
headed,0.300458
headquarters,0.300458
hold,0.300458
offer,0.300458
person,0.300458
rule,0.300458
schedule,0.300458
section,0.300458
senior,0.300458
spend,0.300458
successful,0.300458
things,0.300458
Mrs,0.292262
evening,0.287729
daughter,0.287367
known,0.283714
Beach,0.279699
Coast,0.279699
Each,0.279699
Her,0.279699
Ralph,0.279699
Their,0.279699
beat,0.279699
jobs,0.279699
look,0.279699
treated,0.279699
university,0.279699
April,0.268626
O,0.268626
Miss,0.265153
Park,0.264878
addition,0.264878
white,0.264878
Louis,0.261129
Mary,0.261129
Warren,0.261129
agreed,0.261129
continued,0.261129
cost,0.261129
d,0.261129
equipment,0.261129
having,0.261129
included,0.261129
international,0.261129
junior,0.261129
planned,0.261129
returned,0.261129
social,0.261129
us,0.261129
son,0.25836
event,0.254853
dinner,0.251345
women,0.251345
College,0.247838
Council,0.247838
Thomas,0.247838
following,0.247838
fund,0.247838
May,0.244331
father,0.244331
follow,0.244331
presented,0.244331
short,0.244331
shown,0.244331
throughout,0.244331
vice,0.244331
party,0.242144
Henry,0.238857
Robert,0.23648
says,0.23557
ve,0.23557
tried,0.232283
David,0.228996
afternoon,0.228996
charge,0.228996
form,0.228996
student,0.228996
tell,0.228996
Dr,0.224142
G,0.224142
hours,0.217973
Among,0.214888
Jack,0.214888
date,0.214888
further,0.214888
getting,0.214888
lines,0.214888
means,0.214888
wide,0.214888
L,0.207621
course,0.204724
fine,0.204724
club,0.201827
court,0.201827
open,0.201827
operation,0.201827
p,0.201827
return,0.201827
room,0.201827
working,0.201827
Club,0.200557
H,0.200557
Wednesday,0.197835
committee,0.197835
weeks,0.195112
Charles,0.19239
She,0.19239
she,0.19239
whose,0.19239
Mr,0.190826
Some,0.189667
action,0.189667
bring,0.189667
education,0.189667
indicated,0.189667
pay,0.189667
Richard,0.18597
city,0.183411
say,0.183411
Frank,0.180852
P,0.180852
family,0.180852
law,0.180852
interest,0.178292
chairman,0.175623
F,0.172419
her,0.171101
Committee,0.170013
M,0.170013
among,0.170013
Jr,0.169249
Kennedy,0.167607
March,0.167607
director,0.167607
start,0.167607
B,0.166578
E,0.164317
N,0.162056
St,0.162056
know,0.159795
used,0.159795
Sunday,0.157533
children,0.157533
country,0.157533
does,0.157533
former,0.157533
large,0.157533
Tuesday,0.156502
William,0.156502
We,0.154377
R,0.152253
D,0.150129
For,0.150129
National,0.150129
local,0.150129
member,0.150129
young,0.150129
House,0.148004
give,0.148004
great,0.148004
national,0.148004
need,0.148004
number,0.148004
second,0.148004
Monday,0.140958
show,0.140958
few,0.138964
making,0.138964
third,0.138964
James,0.135978
W,0.134107
big,0.134107
When,0.132236
best,0.132236
taken,0.132236
area,0.130365
come,0.130365
days,0.130365
little,0.130365
present,0.130365
business,0.125673
several,0.125673
C,0.123919
men,0.123919
part,0.123919
As,0.122166
State,0.122166
month,0.122166
never,0.122166
our,0.122166
annual,0.120896
J,0.117613
program,0.115972
later,0.114331
president,0.114331
m,0.108363
night,0.108363
between,0.10683
group,0.10683
public,0.10683
school,0.10683
good,0.103926
early,0.102496
past,0.102496
set,0.101065
just,0.0996352
much,0.0996352
next,0.0996352
take,0.0996352
during,0.0922484
S,0.088542
like,0.0873065
may,0.0808048
those,0.0808048
even,0.0796613
old,0.0796613
well,0.0796613
work,0.0796613
members,0.073315
we,0.0713772
New,0.0704083
where,0.0694393
back,0.0675015
down,0.0675015
then,0.0675015
John,0.0670382
day,0.0617224
such,0.0617224
t,0.0617224
There,0.0561267
They,0.0561267
any,0.0561267
so,0.0561267
most,0.0514311
week,0.0514311
home,0.0487031
do,0.0454418
what,0.0454418
them,0.0432275
But,0.0368908
under,0.0358754
can,0.0353677
some,0.0353677
time,0.0314154
last,0.0309771
after,0.0305387
now,0.0269512
years,0.0265803
made,0.0224811
I,0.0221759
when,0.0215656
only,0.0212604
year,0.0180038
It,0.0172804
also,0.0170393
had,0.0170393
there,0.0170393
would,0.0170393
or,0.0167982
their,0.0142327
its,0.0135181
new,0.0124462
are,0.00961132
this,0.00925825
In,0.00843442
all,0.00843442
he,0.00843442
no,0.00843442
over,0.00843442
were,0.00843442
A,0.00440081
other,0.00422633
they,0.00416817
been,0.00411001
his,0.00405185
The,0.0
``,0.0
a,0.0
an,0.0
and,0.0
as,0.0
at,0.0
be,0.0
by,0.0
for,0.0
from,0.0
has,0.0
have,0.0
in,0.0
is,0.0
it,0.0
of,0.0
on,0.0
one,0.0
out,0.0
s,0.0
that,0.0
the,0.0
to,0.0
was,0.0
which,0.0
who,0.0
will,0.0
with,0.0
