Simpkins,0.719011
Annapolis,0.710206
Jenkins,0.710206
Arundel,0.701402
Councilman,0.692598
Schaefer,0.692598
Dresbach,0.683794
Somerset,0.683794
recording,0.683794
Convenience,0.674989
Delegates,0.674989
Dresbachs,0.674989
Nonresidential,0.674989
Pantas,0.674989
Somerville,0.674989
Tawes,0.674989
discrepancies,0.674989
structures,0.674989
Admitting,0.666185
Aiken,0.666185
Apartments,0.666185
Benjamin,0.666185
Bertorelli,0.666185
Boy,0.666185
Cites,0.666185
Commissioners,0.666185
Conceding,0.666185
Darnell,0.666185
Doctors,0.666185
Edgewater,0.666185
Ellwood,0.666185
Elmer,0.666185
Equipment,0.666185
Ferdinand,0.666185
Fifth,0.666185
Finan,0.666185
Grzesiak,0.666185
Hagner,0.666185
Harbor,0.666185
Heating,0.666185
Malone,0.666185
Manor,0.666185
Michaelson,0.666185
Piraro,0.666185
Pullen,0.666185
Recounting,0.666185
Sent,0.666185
Severna,0.666185
Sixty,0.666185
Spring,0.666185
Sufficient,0.666185
Sybert,0.666185
Trooper,0.666185
Trouble,0.666185
Various,0.666185
Verstandig,0.666185
Wiley,0.666185
Work,0.666185
Younger,0.666185
Zoning,0.666185
amounted,0.666185
assailant,0.666185
availability,0.666185
balconies,0.666185
bandit,0.666185
banned,0.666185
barber,0.666185
blades,0.666185
chains,0.666185
choking,0.666185
choosing,0.666185
clearance,0.666185
components,0.666185
comprise,0.666185
consists,0.666185
countian,0.666185
crews,0.666185
cumulative,0.666185
deficiencies,0.666185
detention,0.666185
freezes,0.666185
furlough,0.666185
furloughed,0.666185
guiding,0.666185
halting,0.666185
hate,0.666185
inefficient,0.666185
judgeship,0.666185
layer,0.666185
loading,0.666185
maintaining,0.666185
manual,0.666185
masonry,0.666185
mechanically,0.666185
memory,0.666185
merchants,0.666185
misunderstandings,0.666185
murdered,0.666185
necessitated,0.666185
notes,0.666185
observations,0.666185
outset,0.666185
overlooked,0.666185
paralyzed,0.666185
partially,0.666185
permanent,0.666185
poorly,0.666185
principally,0.666185
prosperity,0.666185
regrettable,0.666185
remanding,0.666185
rifle,0.666185
robbing,0.666185
salting,0.666185
shootings,0.666185
snowfall,0.666185
spirits,0.666185
stairs,0.666185
storms,0.666185
supervisors,0.666185
survive,0.666185
thug,0.666185
snow,0.58731
apartments,0.572927
Werner,0.565735
offs,0.565735
Dodge,0.558544
reduction,0.558544
victim,0.558544
Corporation,0.551352
ambulance,0.551352
burns,0.551352
cab,0.551352
engineering,0.551352
proprietor,0.551352
store,0.551352
storm,0.551352
Cherry,0.544161
Chesapeake,0.544161
Construction,0.544161
Gold,0.544161
Jail,0.544161
Johns,0.544161
Juvenile,0.544161
Manville,0.544161
Marie,0.544161
Mount,0.544161
Planning,0.544161
Residential,0.544161
Route,0.544161
Salary,0.544161
Sanitary,0.544161
Shirley,0.544161
Soon,0.544161
Streets,0.544161
Ultimately,0.544161
View,0.544161
accommodations,0.544161
accomplish,0.544161
assaulted,0.544161
bay,0.544161
beaten,0.544161
belonging,0.544161
broadcast,0.544161
characteristic,0.544161
clearing,0.544161
contained,0.544161
corresponding,0.544161
critic,0.544161
damaged,0.544161
dispatched,0.544161
dormitories,0.544161
dwellings,0.544161
elevated,0.544161
encouraged,0.544161
hardware,0.544161
ill,0.544161
improvements,0.544161
increasingly,0.544161
instances,0.544161
jurist,0.544161
laborers,0.544161
lying,0.544161
merchandising,0.544161
mortgage,0.544161
multiple,0.544161
parked,0.544161
parking,0.544161
plow,0.544161
plowing,0.544161
proceedings,0.544161
register,0.544161
resident,0.544161
robbery,0.544161
seekers,0.544161
shelter,0.544161
span,0.544161
strictly,0.544161
swearing,0.544161
terrace,0.544161
thirteen,0.544161
tires,0.544161
trained,0.544161
tripled,0.544161
vacated,0.544161
vary,0.544161
widely,0.544161
write,0.544161
Maryland,0.497774
payroll,0.491525
residential,0.485277
Pratt,0.479029
Station,0.479029
breakdown,0.479029
contracts,0.479029
machine,0.479029
south,0.479029
summoned,0.479029
Agriculture,0.472781
Barber,0.472781
Capt,0.472781
Grady,0.472781
Leo,0.472781
Louise,0.472781
Negroes,0.472781
Others,0.472781
abandoned,0.472781
administrative,0.472781
affect,0.472781
arrival,0.472781
baby,0.472781
boards,0.472781
builders,0.472781
burned,0.472781
cities,0.472781
concentrate,0.472781
corrected,0.472781
decline,0.472781
detectives,0.472781
disagreement,0.472781
drastic,0.472781
enforced,0.472781
entrance,0.472781
fifteen,0.472781
flat,0.472781
frame,0.472781
freight,0.472781
gross,0.472781
hotels,0.472781
juvenile,0.472781
manufacturing,0.472781
natural,0.472781
neck,0.472781
pistol,0.472781
placing,0.472781
priority,0.472781
pronounced,0.472781
quality,0.472781
remarks,0.472781
shape,0.472781
shopping,0.472781
slowly,0.472781
slump,0.472781
succeed,0.472781
systems,0.472781
taxi,0.472781
thin,0.472781
totaled,0.472781
unions,0.472781
victims,0.472781
warm,0.472781
Anne,0.444452
Baltimore,0.433294
driver,0.433294
story,0.433294
superintendent,0.433294
automatic,0.427715
brothers,0.427715
criticized,0.427715
cuts,0.427715
operations,0.427715
rest,0.427715
Appeals,0.422136
Circuit,0.422136
Eleanor,0.422136
Five,0.422136
Grove,0.422136
Pennsylvania,0.422136
Railroad,0.422136
Simpson,0.422136
Square,0.422136
Vincent,0.422136
accomplished,0.422136
associate,0.422136
automobile,0.422136
awarded,0.422136
beating,0.422136
bedroom,0.422136
bodies,0.422136
brick,0.422136
buildings,0.422136
circumstances,0.422136
complained,0.422136
consumer,0.422136
convenience,0.422136
conversation,0.422136
depending,0.422136
description,0.422136
desire,0.422136
essential,0.422136
eventually,0.422136
goods,0.422136
graduated,0.422136
lack,0.422136
longer,0.422136
main,0.422136
monthly,0.422136
municipal,0.422136
occurred,0.422136
predicted,0.422136
resumed,0.422136
seriously,0.422136
showed,0.422136
spotted,0.422136
suggestion,0.422136
suits,0.422136
triple,0.422136
wages,0.422136
walking,0.422136
written,0.422136
younger,0.422136
employees,0.398032
Governor,0.392972
block,0.392972
Negro,0.387913
brother,0.387913
compared,0.387913
railroad,0.387913
reduce,0.387913
shop,0.387913
therefore,0.387913
Avenue,0.382853
Bay,0.382853
Bernard,0.382853
Commission,0.382853
Lloyd,0.382853
Since,0.382853
attempted,0.382853
ceremony,0.382853
cited,0.382853
critical,0.382853
driven,0.382853
emergency,0.382853
encouraging,0.382853
enjoyed,0.382853
expenses,0.382853
factors,0.382853
fired,0.382853
flight,0.382853
freedom,0.382853
gas,0.382853
happened,0.382853
houses,0.382853
injured,0.382853
kitchen,0.382853
leave,0.382853
machines,0.382853
meetings,0.382853
north,0.382853
operates,0.382853
radio,0.382853
response,0.382853
route,0.382853
stroke,0.382853
supplies,0.382853
visiting,0.382853
works,0.382853
lay,0.364663
union,0.364663
Franklin,0.360027
Police,0.360027
ten,0.360027
Williams,0.355392
body,0.355392
practice,0.355392
spokesman,0.355392
streets,0.355392
Attorney,0.350756
Mayor,0.350756
Raymond,0.350756
Samuel,0.350756
Senator,0.350756
approval,0.350756
argued,0.350756
armed,0.350756
behind,0.350756
cash,0.350756
commented,0.350756
dead,0.350756
direct,0.350756
factor,0.350756
forced,0.350756
letter,0.350756
living,0.350756
mile,0.350756
recommended,0.350756
rising,0.350756
shot,0.350756
signed,0.350756
sitting,0.350756
stole,0.350756
worse,0.350756
construction,0.340726
adopted,0.332173
apartment,0.332173
fair,0.332173
heavy,0.332173
hospital,0.332173
salary,0.332173
October,0.327896
account,0.327896
boys,0.327896
degree,0.327896
unit,0.327896
units,0.327896
December,0.323619
Old,0.323619
carried,0.323619
class,0.323619
common,0.323619
due,0.323619
established,0.323619
expense,0.323619
food,0.323619
girl,0.323619
income,0.323619
listed,0.323619
miles,0.323619
movement,0.323619
sister,0.323619
station,0.323619
stop,0.323619
study,0.323619
urged,0.323619
Street,0.315976
police,0.312606
condition,0.31201
housing,0.31201
General,0.304078
immediately,0.304078
mother,0.304078
personal,0.304078
section,0.304078
From,0.300111
Hill,0.300111
Jones,0.300111
Now,0.300111
Southern,0.300111
Those,0.300111
actually,0.300111
appeared,0.300111
appointed,0.300111
assistant,0.300111
central,0.300111
child,0.300111
contract,0.300111
death,0.300111
door,0.300111
entered,0.300111
followed,0.300111
friends,0.300111
ground,0.300111
hearing,0.300111
outside,0.300111
post,0.300111
product,0.300111
proposal,0.300111
severe,0.300111
starts,0.300111
struck,0.300111
things,0.300111
type,0.300111
floor,0.294145
key,0.286761
cent,0.285978
estimated,0.283068
Administration,0.279376
Each,0.279376
Education,0.279376
First,0.279376
Her,0.279376
Lee,0.279376
Norman,0.279376
Ohio,0.279376
air,0.279376
calls,0.279376
comes,0.279376
economic,0.279376
jobs,0.279376
let,0.279376
list,0.279376
named,0.279376
pointed,0.279376
prevent,0.279376
required,0.279376
road,0.279376
seem,0.279376
talk,0.279376
treated,0.279376
university,0.279376
workers,0.279376
Hospital,0.271169
Court,0.267722
front,0.267722
O,0.264275
admitted,0.264275
fire,0.264275
market,0.264275
Although,0.260828
Howard,0.260828
Park,0.260828
Secretary,0.260828
These,0.260828
amount,0.260828
continued,0.260828
equipment,0.260828
greater,0.260828
husband,0.260828
keep,0.260828
plus,0.260828
recently,0.260828
share,0.260828
states,0.260828
ways,0.260828
son,0.256951
county,0.253725
Board,0.2505
Jan,0.2505
Thomas,0.247275
cannot,0.247275
following,0.247275
individual,0.247275
vice,0.247275
College,0.244049
Council,0.244049
Joseph,0.244049
areas,0.244049
attorney,0.244049
call,0.244049
chief,0.244049
current,0.244049
important,0.244049
leader,0.244049
level,0.244049
officials,0.244049
presented,0.244049
previous,0.244049
problems,0.244049
question,0.244049
side,0.244049
throughout,0.244049
times,0.244049
per,0.236229
boy,0.234777
car,0.234777
cut,0.234777
officers,0.231754
reached,0.231754
Dr,0.23166
David,0.228731
Judge,0.228731
While,0.228731
cars,0.228731
district,0.228731
effect,0.228731
effective,0.228731
generally,0.228731
life,0.228731
ll,0.228731
move,0.228731
nearly,0.228731
tell,0.228731
term,0.228731
within,0.228731
minutes,0.220314
building,0.217477
earlier,0.217477
himself,0.217477
G,0.21464
Two,0.21464
What,0.21464
attack,0.21464
became,0.21464
development,0.21464
field,0.21464
free,0.21464
increase,0.21464
name,0.21464
nine,0.21464
official,0.21464
schools,0.21464
single,0.21464
soon,0.21464
wanted,0.21464
L,0.206923
County,0.204258
West,0.204258
job,0.204258
kept,0.204258
designed,0.201594
involved,0.201594
operation,0.201594
return,0.201594
room,0.201594
sent,0.201594
seven,0.201594
board,0.199463
yesterday,0.196959
house,0.194456
plan,0.194456
reported,0.194456
Charles,0.189448
H,0.189448
Wednesday,0.189448
action,0.189448
bring,0.189448
company,0.189448
education,0.189448
future,0.189448
me,0.189448
play,0.189448
record,0.189448
session,0.189448
she,0.189448
small,0.182794
total,0.182794
according,0.18044
face,0.18044
law,0.18044
order,0.18044
North,0.178087
almost,0.178087
city,0.178087
period,0.178087
His,0.171839
M,0.169627
among,0.169627
F,0.167414
away,0.167414
director,0.167414
office,0.167414
B,0.16359
children,0.161511
her,0.159431
meeting,0.159431
money,0.159431
E,0.157352
Friday,0.157352
Saturday,0.157352
Sunday,0.157352
began,0.157352
received,0.157352
service,0.157352
used,0.157352
Mr,0.155313
D,0.153695
Jr,0.151741
member,0.151741
number,0.151741
House,0.149787
Tuesday,0.149787
University,0.149787
again,0.149787
For,0.147833
William,0.147833
found,0.147833
national,0.147833
needed,0.147833
possible,0.147833
put,0.147833
second,0.147833
six,0.147833
wife,0.140638
added,0.138803
few,0.138803
today,0.133656
use,0.133656
must,0.131935
taken,0.131935
W,0.130214
area,0.130214
come,0.130214
right,0.130214
run,0.130214
you,0.130214
State,0.128475
Mrs,0.126863
told,0.126863
several,0.12525
business,0.123637
how,0.123637
men,0.123637
month,0.123637
months,0.123637
C,0.122025
City,0.122025
asked,0.122025
called,0.122025
however,0.122025
our,0.122025
part,0.122025
special,0.122025
president,0.117218
J,0.115708
ago,0.115708
held,0.115708
later,0.115708
should,0.115168
Washington,0.114199
program,0.114199
too,0.114199
night,0.110937
public,0.108117
school,0.108117
another,0.106707
between,0.106707
go,0.106707
got,0.106707
next,0.102151
announced,0.100836
here,0.100836
early,0.0995203
just,0.0995203
past,0.0995203
set,0.0995203
take,0.0995203
these,0.0995203
being,0.0882441
long,0.0871079
S,0.0859718
did,0.0859718
during,0.0859718
many,0.0859718
while,0.080621
old,0.0795694
those,0.0795694
work,0.0795694
since,0.0743617
each,0.0733918
man,0.0733918
down,0.0692058
through,0.0692058
back,0.0683147
members,0.0683147
high,0.0674236
John,0.0616512
him,0.0582847
so,0.0582847
There,0.056062
because,0.056062
if,0.056062
most,0.0513141
week,0.0513141
home,0.0477888
what,0.0477888
do,0.0465891
them,0.0408187
some,0.0357938
under,0.0357938
said,0.0339947
after,0.0337286
last,0.032116
time,0.0313098
into,0.0305035
years,0.0271731
three,0.0264909
now,0.0258087
He,0.0220778
first,0.0220778
made,0.0220778
when,0.0217972
I,0.0215165
about,0.0189963
had,0.0178876
two,0.0176658
also,0.0174441
or,0.0172223
It,0.0170006
there,0.0170006
would,0.0170006
year,0.0170006
up,0.0134176
their,0.0132533
its,0.0127604
than,0.0127604
more,0.0125961
new,0.0125961
he,0.00959661
are,0.00938014
were,0.00905545
all,0.00840605
this,0.00840605
In,0.00829782
over,0.00829782
no,0.00818959
his,0.00458204
A,0.00447507
other,0.0043681
not,0.00431461
been,0.00420764
they,0.00420764
but,0.00404718
The,0.0
``,0.0
a,0.0
an,0.0
and,0.0
as,0.0
at,0.0
be,0.0
by,0.0
for,0.0
from,0.0
has,0.0
have,0.0
in,0.0
is,0.0
it,0.0
of,0.0
on,0.0
one,0.0
out,0.0
s,0.0
that,0.0
the,0.0
to,0.0
was,0.0
which,0.0
who,0.0
will,0.0
with,0.0
