secrets,0.765103
Dreadnought,0.707099
Evanston,0.707099
narcotics,0.707099
navy,0.707099
Skipjack,0.698813
Krogers,0.690526
Lonsdale,0.690526
Sokol,0.690526
Stickney,0.690526
hull,0.690526
youths,0.690526
Fuchs,0.68224
Gee,0.68224
Simms,0.68224
Teller,0.68224
clients,0.68224
magistrate,0.68224
reactor,0.68224
spy,0.68224
transmitter,0.68224
CTA,0.673954
Cooperman,0.673954
Dunkel,0.673954
Jenks,0.673954
Nautilus,0.673954
Prairie,0.673954
Pullings,0.673954
Sears,0.673954
Stewart,0.673954
bag,0.673954
fastest,0.673954
hunter,0.673954
innocent,0.673954
killer,0.673954
narcotic,0.673954
peddlers,0.673954
ASDIC,0.665667
Albacore,0.665667
Almost,0.665667
Baraclough,0.665667
Bookwalter,0.665667
Bow,0.665667
Buaford,0.665667
Canadian,0.665667
Carpentier,0.665667
Connelly,0.665667
Corcoran,0.665667
Designs,0.665667
Dunbar,0.665667
Dunlop,0.665667
Flashed,0.665667
Griffith,0.665667
Hope,0.665667
Interested,0.665667
Jeremiah,0.665667
Jessy,0.665667
Joyce,0.665667
Klaus,0.665667
Kroger,0.665667
Lang,0.665667
Mardis,0.665667
Maroy,0.665667
Mervin,0.665667
Moses,0.665667
Oddly,0.665667
Otis,0.665667
Plee,0.665667
Policemen,0.665667
Range,0.665667
Refuses,0.665667
Reputedly,0.665667
Stratton,0.665667
Symonds,0.665667
Thru,0.665667
Tree,0.665667
Vic,0.665667
Vital,0.665667
Vocational,0.665667
Wabash,0.665667
Zing,0.665667
addicts,0.665667
adjourned,0.665667
aiming,0.665667
altered,0.665667
asserted,0.665667
atom,0.665667
bedridden,0.665667
behavior,0.665667
blabbed,0.665667
boarded,0.665667
bondsman,0.665667
bookseller,0.665667
brokerage,0.665667
candid,0.665667
chase,0.665667
cigaret,0.665667
codes,0.665667
communist,0.665667
commuted,0.665667
compensations,0.665667
complexity,0.665667
cooled,0.665667
cottage,0.665667
creditable,0.665667
criminals,0.665667
currency,0.665667
derived,0.665667
detecting,0.665667
detector,0.665667
divorced,0.665667
dot,0.665667
dots,0.665667
drawings,0.665667
enmity,0.665667
ensued,0.665667
eyebrow,0.665667
fastened,0.665667
forbidden,0.665667
gear,0.665667
grievances,0.665667
grimly,0.665667
heroin,0.665667
hidden,0.665667
icy,0.665667
implication,0.665667
indicted,0.665667
jealousies,0.665667
lid,0.665667
lighters,0.665667
lover,0.665667
magnification,0.665667
maiden,0.665667
malice,0.665667
manuscript,0.665667
mentions,0.665667
nabbed,0.665667
naturalized,0.665667
outrun,0.665667
pardon,0.665667
passport,0.665667
paymaster,0.665667
peddler,0.665667
potent,0.665667
presumed,0.665667
propelling,0.665667
purse,0.665667
racket,0.665667
radiomen,0.665667
reactors,0.665667
reformatory,0.665667
refueling,0.665667
relationship,0.665667
reproduced,0.665667
reputedly,0.665667
reveal,0.665667
robbed,0.665667
rumor,0.665667
shadowy,0.665667
signals,0.665667
skylarking,0.665667
sorely,0.665667
soviet,0.665667
sped,0.665667
spun,0.665667
steam,0.665667
strongrooms,0.665667
subs,0.665667
supervisor,0.665667
teardrop,0.665667
torpedoes,0.665667
turbines,0.665667
undersea,0.665667
undeveloped,0.665667
untold,0.665667
warfare,0.665667
wavelengths,0.665667
wealthy,0.665667
whisking,0.665667
wrapping,0.665667
submarine,0.591117
underwater,0.570812
bail,0.564043
ring,0.564043
servants,0.564043
sub,0.564043
submarines,0.564043
Av,0.557275
naval,0.557275
parole,0.557275
pleaded,0.557275
Way,0.550506
Wilmette,0.550506
agents,0.550506
cleared,0.550506
comments,0.550506
detail,0.550506
enemy,0.550506
mystery,0.550506
petty,0.550506
printed,0.550506
sentenced,0.550506
Attorneys,0.543738
Bailey,0.543738
Blanche,0.543738
Bureau,0.543738
Cohen,0.543738
Ervin,0.543738
Ethel,0.543738
Fourteen,0.543738
Houghton,0.543738
Indiana,0.543738
Investigation,0.543738
Lambert,0.543738
Lola,0.543738
Much,0.543738
Polaris,0.543738
Westinghouse,0.543738
Winston,0.543738
accosted,0.543738
adviser,0.543738
appealed,0.543738
aunt,0.543738
branch,0.543738
buried,0.543738
calling,0.543738
camera,0.543738
chain,0.543738
chances,0.543738
conventional,0.543738
criminal,0.543738
defendant,0.543738
designing,0.543738
destroyers,0.543738
energy,0.543738
entirely,0.543738
express,0.543738
fined,0.543738
fled,0.543738
friend,0.543738
generation,0.543738
grocery,0.543738
guilt,0.543738
indictments,0.543738
lights,0.543738
marks,0.543738
mayor,0.543738
medal,0.543738
nominated,0.543738
nowhere,0.543738
page,0.543738
parked,0.543738
patterned,0.543738
paycheck,0.543738
pl,0.543738
policeman,0.543738
posed,0.543738
potential,0.543738
promptly,0.543738
proof,0.543738
propeller,0.543738
pursuit,0.543738
quarrel,0.543738
recipients,0.543738
reckless,0.543738
rivalries,0.543738
sharing,0.543738
ships,0.543738
skidded,0.543738
slaying,0.543738
slugged,0.543738
speeding,0.543738
sprained,0.543738
succeeded,0.543738
supplied,0.543738
traveled,0.543738
uncle,0.543738
violate,0.543738
violated,0.543738
widowed,0.543738
atomic,0.495936
defendants,0.484175
detectives,0.484175
fleet,0.484175
indictment,0.484175
Portland,0.478294
Russian,0.478294
captain,0.478294
murder,0.478294
roll,0.478294
st,0.478294
stolen,0.478294
thereby,0.478294
Capt,0.472413
Electric,0.472413
Michigan,0.472413
Miles,0.472413
Morgan,0.472413
Perry,0.472413
Rd,0.472413
Sheldon,0.472413
arrival,0.472413
ban,0.472413
broken,0.472413
cabinet,0.472413
candy,0.472413
convicted,0.472413
crown,0.472413
defending,0.472413
demanded,0.472413
design,0.472413
details,0.472413
devoted,0.472413
drawing,0.472413
elaborate,0.472413
eligible,0.472413
engaged,0.472413
guard,0.472413
guilty,0.472413
hinted,0.472413
imposed,0.472413
justice,0.472413
lawyers,0.472413
missile,0.472413
physician,0.472413
posted,0.472413
powerful,0.472413
preceded,0.472413
refused,0.472413
related,0.472413
salesman,0.472413
selected,0.472413
sometimes,0.472413
south,0.472413
specified,0.472413
suburban,0.472413
waters,0.472413
Robinson,0.442811
bus,0.43756
testified,0.43756
nuclear,0.432309
decade,0.427059
ship,0.427059
Arthur,0.421808
Christmas,0.421808
Dwight,0.421808
Five,0.421808
Gordon,0.421808
Its,0.421808
Kremlin,0.421808
Six,0.421808
bomb,0.421808
bonds,0.421808
depends,0.421808
designs,0.421808
destroy,0.421808
driver,0.421808
east,0.421808
greatly,0.421808
improve,0.421808
knee,0.421808
launched,0.421808
losses,0.421808
missed,0.421808
mostly,0.421808
occasion,0.421808
penalty,0.421808
resumed,0.421808
scientist,0.421808
secret,0.421808
theater,0.421808
witness,0.421808
Moscow,0.396841
accused,0.396841
civil,0.396841
trial,0.396841
Avenue,0.392079
conspiracy,0.392079
north,0.392079
London,0.387317
acts,0.387317
advanced,0.387317
anti,0.387317
built,0.387317
ordered,0.387317
selling,0.387317
British,0.385386
August,0.382555
Bay,0.382555
Bernard,0.382555
Corp,0.382555
German,0.382555
Germany,0.382555
Inc,0.382555
Lloyd,0.382555
Morris,0.382555
Navy,0.382555
Patrolman,0.382555
Peter,0.382555
agent,0.382555
allow,0.382555
allowing,0.382555
attempted,0.382555
bankers,0.382555
bound,0.382555
carries,0.382555
changed,0.382555
containing,0.382555
gift,0.382555
giving,0.382555
kitchen,0.382555
knocked,0.382555
machinery,0.382555
reduced,0.382555
released,0.382555
shop,0.382555
sold,0.382555
statements,0.382555
stocks,0.382555
supply,0.382555
watched,0.382555
Britain,0.359209
announcement,0.354846
film,0.354846
grant,0.354846
prison,0.354846
Green,0.350483
Illinois,0.350483
K,0.350483
award,0.350483
commission,0.350483
completely,0.350483
exhibition,0.350483
formerly,0.350483
laws,0.350483
lawyer,0.350483
mentioned,0.350483
original,0.350483
parts,0.350483
sought,0.350483
stopped,0.350483
streets,0.350483
tonight,0.350483
twice,0.350483
usually,0.350483
water,0.350483
arrested,0.331418
information,0.331418
unit,0.331418
value,0.331418
Old,0.327392
handed,0.327392
highest,0.327392
jury,0.327392
youth,0.327392
Gov,0.323367
Harry,0.323367
Just,0.323367
Red,0.323367
apartment,0.323367
books,0.323367
charges,0.323367
completed,0.323367
disclosed,0.323367
doing,0.323367
famous,0.323367
food,0.323367
miles,0.323367
newly,0.323367
paying,0.323367
picture,0.323367
plant,0.323367
questions,0.323367
ran,0.323367
remained,0.323367
station,0.323367
stay,0.323367
stop,0.323367
vital,0.323367
Street,0.31481
research,0.307344
Austin,0.303611
Jones,0.303611
hearing,0.303611
introduced,0.303611
Only,0.299878
assistant,0.299878
based,0.299878
central,0.299878
combined,0.299878
condition,0.299878
death,0.299878
estate,0.299878
faced,0.299878
identified,0.299878
increased,0.299878
leading,0.299878
luncheon,0.299878
maximum,0.299878
mother,0.299878
offered,0.299878
outside,0.299878
personal,0.299878
product,0.299878
traffic,0.299878
type,0.299878
Chicago,0.282634
Her,0.282634
couple,0.282634
heard,0.282634
police,0.282634
spent,0.282634
Central,0.279159
District,0.279159
Each,0.279159
Feb,0.279159
Russia,0.279159
although,0.279159
attend,0.279159
basic,0.279159
bills,0.279159
calls,0.279159
charged,0.279159
either,0.279159
evening,0.279159
except,0.279159
floor,0.279159
interested,0.279159
largest,0.279159
list,0.279159
modern,0.279159
prepared,0.279159
seem,0.279159
size,0.279159
speed,0.279159
treated,0.279159
Park,0.267114
continued,0.26387
equipment,0.26387
Although,0.260625
Court,0.260625
Federal,0.260625
Sam,0.260625
Then,0.260625
admitted,0.260625
am,0.260625
daughter,0.260625
driving,0.260625
entire,0.260625
executive,0.260625
front,0.260625
included,0.260625
once,0.260625
read,0.260625
using,0.260625
worked,0.260625
attorney,0.249931
opening,0.249931
son,0.249931
Jan,0.246895
Joseph,0.246895
call,0.246895
women,0.246895
No,0.24386
Of,0.24386
areas,0.24386
chief,0.24386
current,0.24386
father,0.24386
individual,0.24386
officials,0.24386
particularly,0.24386
seek,0.24386
shown,0.24386
times,0.24386
worth,0.24386
Miss,0.234244
complete,0.234244
Judge,0.231399
South,0.231399
car,0.231399
East,0.228554
High,0.228554
So,0.228554
afternoon,0.228554
born,0.228554
cars,0.228554
charge,0.228554
cut,0.228554
developed,0.228554
district,0.228554
form,0.228554
military,0.228554
officers,0.228554
reached,0.228554
says,0.228554
term,0.228554
tried,0.228554
federal,0.225153
became,0.219813
development,0.217143
fact,0.217143
power,0.217143
statement,0.217143
Among,0.214474
School,0.214474
Two,0.214474
building,0.214474
certain,0.214474
earlier,0.214474
evidence,0.214474
getting,0.214474
name,0.214474
nine,0.214474
saw,0.214474
single,0.214474
stand,0.214474
started,0.214474
court,0.211467
involved,0.206452
L,0.203945
White,0.201437
With,0.201437
designed,0.201437
drive,0.201437
kept,0.201437
near,0.201437
return,0.201437
themselves,0.201437
States,0.201083
future,0.194014
yesterday,0.194014
history,0.191657
All,0.189301
H,0.189301
She,0.189301
board,0.189301
half,0.189301
house,0.189301
she,0.189301
th,0.189301
turn,0.189301
almost,0.184594
city,0.180163
law,0.180163
period,0.180163
her,0.178759
George,0.177948
P,0.177948
Richard,0.177948
decided,0.177948
effort,0.177948
probably,0.177948
real,0.177948
total,0.177948
United,0.177696
office,0.171449
F,0.167284
His,0.167284
M,0.167284
March,0.167284
firm,0.167284
full,0.167284
upon,0.167284
know,0.163101
money,0.163101
used,0.163101
eight,0.161144
Saturday,0.159186
began,0.159186
former,0.159186
received,0.159186
St,0.157229
brought,0.157229
country,0.157229
going,0.157229
hour,0.157229
service,0.157229
found,0.151396
young,0.151396
William,0.149557
result,0.149557
same,0.149557
six,0.149557
D,0.147718
Jr,0.147718
Tuesday,0.147718
again,0.147718
including,0.147718
needed,0.147718
place,0.147718
possible,0.147718
second,0.147718
end,0.143875
added,0.140422
government,0.140422
left,0.140422
York,0.138696
case,0.138696
making,0.138696
show,0.138696
together,0.138696
wife,0.138696
James,0.136592
When,0.133352
days,0.133352
today,0.133352
around,0.131733
general,0.130113
little,0.130113
taken,0.130113
until,0.130113
five,0.128001
told,0.126483
month,0.124965
went,0.124965
Mrs,0.123448
how,0.123448
men,0.123448
still,0.123448
took,0.123448
As,0.12193
City,0.12193
asked,0.12193
ever,0.12193
however,0.12193
months,0.12193
our,0.12193
part,0.12193
special,0.12193
J,0.115531
held,0.115531
Washington,0.11411
president,0.11411
American,0.108108
given,0.107951
night,0.107951
U,0.106624
go,0.106624
got,0.106624
group,0.106624
school,0.106624
here,0.100681
just,0.100681
much,0.100681
At,0.0994429
announced,0.0994429
good,0.0994429
set,0.0994429
these,0.0994429
people,0.0925437
without,0.0925437
being,0.0869743
many,0.0869743
world,0.0869743
S,0.0859049
during,0.0859049
like,0.0859049
make,0.0859049
off,0.0804973
work,0.0804973
may,0.0795076
well,0.0795076
man,0.0751605
each,0.0742476
down,0.0682099
high,0.0682099
members,0.0682099
then,0.0682099
New,0.0673712
back,0.0673712
we,0.0673712
where,0.0673712
four,0.0631369
John,0.0616032
day,0.0616032
They,0.0567157
any,0.0567157
get,0.0567157
him,0.0567157
if,0.0567157
This,0.0512354
week,0.0512354
most,0.0506054
before,0.0470478
could,0.0470478
home,0.0453541
what,0.0453541
them,0.0407561
But,0.0357389
under,0.0352995
after,0.0327563
last,0.0312386
into,0.0304798
time,0.0304798
said,0.0296409
years,0.0277148
three,0.0270727
now,0.0257887
first,0.0228042
when,0.0222759
made,0.0220118
He,0.0217477
I,0.0212194
only,0.0212194
also,0.0184354
had,0.0182267
two,0.0182267
would,0.0182267
It,0.018018
about,0.0173919
or,0.0169745
there,0.0169745
year,0.0169745
their,0.0130407
its,0.0127314
more,0.0125768
new,0.0125768
than,0.0124222
were,0.00960934
he,0.00950748
In,0.00859068
are,0.00859068
over,0.00859068
all,0.00828509
no,0.00828509
this,0.00818322
his,0.00449709
they,0.00439641
been,0.00434607
other,0.00424539
but,0.00419505
A,0.00414471
not,0.00409437
The,0.0
``,0.0
a,0.0
an,0.0
and,0.0
as,0.0
at,0.0
be,0.0
by,0.0
for,0.0
from,0.0
has,0.0
have,0.0
in,0.0
is,0.0
it,0.0
of,0.0
on,0.0
one,0.0
out,0.0
s,0.0
that,0.0
the,0.0
to,0.0
was,0.0
which,0.0
who,0.0
will,0.0
with,0.0
