Hengesbach,0.745249
Pohl,0.735486
Kimmell,0.696433
neighbor,0.696433
Christine,0.68667
McNair,0.68667
Sterling,0.68667
Township,0.68667
Vicky,0.68667
Kowalski,0.680515
Anna,0.676907
Belvidere,0.676907
Cash,0.676907
Del,0.676907
Dequindre,0.676907
Fuhrmann,0.676907
Holy,0.676907
Kegham,0.676907
Mound,0.676907
Pankowski,0.676907
Pinar,0.676907
Pohly,0.676907
Rio,0.676907
Sarkees,0.676907
Sisk,0.676907
arson,0.676907
candle,0.676907
deliberation,0.676907
executions,0.676907
funeral,0.676907
massive,0.676907
motorist,0.676907
subdivision,0.676907
ARF,0.667144
Armenian,0.667144
Bernardine,0.667144
Berrellez,0.667144
Bucharest,0.667144
Cemetery,0.667144
Charges,0.667144
Commandeering,0.667144
Cornell,0.667144
Correction,0.667144
Darlene,0.667144
Delhi,0.667144
Dennis,0.667144
Elliott,0.667144
Elsie,0.667144
Expresses,0.667144
Funds,0.667144
Furhmann,0.667144
Gets,0.667144
Given,0.667144
Heavy,0.667144
Heideman,0.667144
Help,0.667144
Homeowners,0.667144
Kercheval,0.667144
Ledge,0.667144
Legion,0.667144
Lives,0.667144
Locked,0.667144
Lyle,0.667144
Mall,0.667144
Mt,0.667144
Neighbor,0.667144
Olive,0.667144
Olivet,0.667144
Pall,0.667144
Plea,0.667144
Prosecutor,0.667144
Raymont,0.667144
Returning,0.667144
Revolutionary,0.667144
Scripps,0.667144
Serra,0.667144
Sopsaisana,0.667144
Stepson,0.667144
Tareytown,0.667144
Teen,0.667144
Thakhek,0.667144
Tiao,0.667144
Vernor,0.667144
Viceroy,0.667144
Vientiane,0.667144
Vietnamese,0.667144
Village,0.667144
Winthrop,0.667144
aftermath,0.667144
alert,0.667144
arrears,0.667144
barn,0.667144
belatedly,0.667144
bludgeon,0.667144
boatload,0.667144
bottled,0.667144
canvass,0.667144
canvassed,0.667144
captured,0.667144
caskets,0.667144
cloud,0.667144
collaborators,0.667144
concentration,0.667144
crosswalk,0.667144
dawn,0.667144
decreeing,0.667144
describing,0.667144
disbanded,0.667144
dragnet,0.667144
electricity,0.667144
emotion,0.667144
firing,0.667144
fledged,0.667144
fondness,0.667144
fueled,0.667144
fumes,0.667144
grader,0.667144
grandfather,0.667144
grandmother,0.667144
homeowners,0.667144
ignited,0.667144
jails,0.667144
killing,0.667144
locked,0.667144
marine,0.667144
minister,0.667144
narrowly,0.667144
northeast,0.667144
offensive,0.667144
overnight,0.667144
priests,0.667144
prisoners,0.667144
properly,0.667144
pseudynom,0.667144
rebuild,0.667144
reconvened,0.667144
rested,0.667144
retracted,0.667144
revealed,0.667144
revolutionary,0.667144
roofer,0.667144
roundup,0.667144
seized,0.667144
sentencing,0.667144
showdown,0.667144
smuggling,0.667144
sources,0.667144
southern,0.667144
southwest,0.667144
spontaneous,0.667144
squads,0.667144
stepson,0.667144
stove,0.667144
supplying,0.667144
surpluses,0.667144
surviving,0.667144
suspected,0.667144
suspicion,0.667144
sympathy,0.667144
tragedy,0.667144
tribunal,0.667144
tribunals,0.667144
truce,0.667144
upstairs,0.667144
valid,0.667144
verify,0.667144
vindicated,0.667144
visible,0.667144
worsens,0.667144
Cubans,0.560893
Mile,0.560893
burns,0.560893
Assistant,0.552919
Cross,0.552919
Houghton,0.552919
McClellan,0.552919
Westphalia,0.552919
broadcast,0.552919
confession,0.552919
manslaughter,0.552919
rebel,0.552919
reckless,0.552919
Acres,0.544944
Arms,0.544944
Associated,0.544944
Box,0.544944
Eight,0.544944
Elementary,0.544944
Fourteen,0.544944
Held,0.544944
Johns,0.544944
Laotian,0.544944
Line,0.544944
Lord,0.544944
Mich,0.544944
Mother,0.544944
Murphy,0.544944
Palace,0.544944
Principal,0.544944
Report,0.544944
Roman,0.544944
Siberia,0.544944
Sidney,0.544944
Still,0.544944
Traffic,0.544944
adjoining,0.544944
announcing,0.544944
approaching,0.544944
assaults,0.544944
auditorium,0.544944
buried,0.544944
businessman,0.544944
camps,0.544944
cell,0.544944
civilian,0.544944
claims,0.544944
commander,0.544944
condemned,0.544944
confessed,0.544944
confirmation,0.544944
congratulated,0.544944
considering,0.544944
contend,0.544944
converted,0.544944
cook,0.544944
courtroom,0.544944
crossing,0.544944
dances,0.544944
definition,0.544944
donated,0.544944
duties,0.544944
emerge,0.544944
en,0.544944
escaped,0.544944
exaggerated,0.544944
executed,0.544944
express,0.544944
fires,0.544944
fleeing,0.544944
foreman,0.544944
heading,0.544944
kingdom,0.544944
lunch,0.544944
mailed,0.544944
makeshift,0.544944
meals,0.544944
misfortune,0.544944
nurse,0.544944
obtaining,0.544944
packed,0.544944
pedestrian,0.544944
pending,0.544944
procedure,0.544944
proceeds,0.544944
pursued,0.544944
removed,0.544944
rifles,0.544944
safely,0.544944
seldom,0.544944
sentence,0.544944
slaying,0.544944
southeast,0.544944
stations,0.544944
suburb,0.544944
twin,0.544944
vindication,0.544944
weight,0.544944
widowed,0.544944
youthful,0.544944
verdict,0.528891
Havana,0.515033
cease,0.487319
died,0.487319
flat,0.487319
probation,0.487319
troops,0.487319
Catholic,0.48039
Funeral,0.48039
Press,0.48039
Road,0.48039
Station,0.48039
attacks,0.48039
guilty,0.48039
motel,0.48039
royal,0.48039
safety,0.48039
Asian,0.473461
Baker,0.473461
Federation,0.473461
Fidel,0.473461
Lao,0.473461
Lewis,0.473461
Nam,0.473461
Pathet,0.473461
Seattle,0.473461
Students,0.473461
Viet,0.473461
assumed,0.473461
burned,0.473461
cabinet,0.473461
chores,0.473461
citation,0.473461
classes,0.473461
crime,0.473461
crisis,0.473461
filing,0.473461
graduates,0.473461
guard,0.473461
handling,0.473461
independent,0.473461
inside,0.473461
jurors,0.473461
lacked,0.473461
locally,0.473461
meanwhile,0.473461
missing,0.473461
motion,0.473461
murder,0.473461
operated,0.473461
patrol,0.473461
plea,0.473461
pleased,0.473461
rebels,0.473461
release,0.473461
spoken,0.473461
staggered,0.473461
surprised,0.473461
swept,0.473461
telling,0.473461
thinking,0.473461
timetable,0.473461
wasn,0.473461
Walker,0.435117
neighbors,0.435117
Eleanor,0.42893
Home,0.42893
Miami,0.42893
asking,0.42893
collected,0.42893
conviction,0.42893
dance,0.42893
driver,0.42893
east,0.42893
explosion,0.42893
jail,0.42893
killed,0.42893
thanks,0.42893
Anne,0.422744
Circuit,0.422744
Clayton,0.422744
Communists,0.422744
Eastern,0.422744
Fred,0.422744
Minister,0.422744
Office,0.422744
Services,0.422744
Sports,0.422744
Student,0.422744
Today,0.422744
Vincent,0.422744
anywhere,0.422744
appeal,0.422744
automobile,0.422744
behalf,0.422744
definite,0.422744
difference,0.422744
events,0.422744
faculty,0.422744
household,0.422744
hundreds,0.422744
invasion,0.422744
launched,0.422744
located,0.422744
mass,0.422744
moves,0.422744
nearing,0.422744
newsmen,0.422744
note,0.422744
obtained,0.422744
occurred,0.422744
penalty,0.422744
plot,0.422744
purchased,0.422744
recommend,0.422744
rural,0.422744
send,0.422744
settled,0.422744
somebody,0.422744
spectators,0.422744
vehicle,0.422744
wish,0.422744
written,0.422744
Laos,0.411458
Anderson,0.400236
trial,0.400236
Castro,0.394625
Detroit,0.394625
Foreign,0.389015
doubt,0.389015
gas,0.389015
ordered,0.389015
radio,0.389015
Ambassador,0.383404
August,0.383404
Brown,0.383404
Chester,0.383404
Fire,0.383404
Junior,0.383404
London,0.383404
Patrolman,0.383404
Post,0.383404
accused,0.383404
agree,0.383404
allow,0.383404
appear,0.383404
army,0.383404
arrived,0.383404
association,0.383404
girls,0.383404
heavily,0.383404
license,0.383404
medical,0.383404
north,0.383404
proud,0.383404
recognized,0.383404
regime,0.383404
released,0.383404
requests,0.383404
route,0.383404
split,0.383404
suddenly,0.383404
teacher,0.383404
threatening,0.383404
watched,0.383404
Britain,0.361542
arms,0.361542
living,0.361542
assistance,0.356401
collection,0.356401
dead,0.356401
fighting,0.356401
Cuban,0.351261
Grand,0.351261
Patricia,0.351261
Police,0.351261
arrest,0.351261
ballot,0.351261
body,0.351261
commission,0.351261
council,0.351261
currently,0.351261
else,0.351261
errors,0.351261
farm,0.351261
helping,0.351261
join,0.351261
officer,0.351261
press,0.351261
prison,0.351261
stopped,0.351261
suffered,0.351261
supported,0.351261
sure,0.351261
winter,0.351261
jury,0.343055
arrested,0.328827
charges,0.328827
hospital,0.328827
miles,0.328827
remained,0.328827
sister,0.328827
welfare,0.328827
Another,0.324085
California,0.324085
Chief,0.324085
Church,0.324085
December,0.324085
Paul,0.324085
Y,0.324085
advisers,0.324085
ask,0.324085
closed,0.324085
contributions,0.324085
degree,0.324085
ex,0.324085
handed,0.324085
hotel,0.324085
learned,0.324085
millions,0.324085
minor,0.324085
o,0.324085
reach,0.324085
stay,0.324085
words,0.324085
mother,0.322534
Americans,0.30934
friends,0.30934
request,0.30934
Soviet,0.304941
death,0.304941
door,0.304941
followed,0.304941
identified,0.304941
Aug,0.300543
June,0.300543
T,0.300543
appeared,0.300543
appointed,0.300543
attended,0.300543
cases,0.300543
central,0.300543
combined,0.300543
costs,0.300543
establish,0.300543
fellow,0.300543
homes,0.300543
hopes,0.300543
instead,0.300543
largely,0.300543
morning,0.300543
passing,0.300543
post,0.300543
raising,0.300543
receive,0.300543
spend,0.300543
traffic,0.300543
trying,0.300543
woman,0.300543
students,0.287967
tomorrow,0.287967
Communist,0.283873
Ralph,0.283873
fire,0.280316
An,0.279778
International,0.279778
July,0.279778
More,0.279778
Russia,0.279778
Union,0.279778
apparently,0.279778
bills,0.279778
charged,0.279778
happy,0.279778
hear,0.279778
informed,0.279778
knew,0.279778
land,0.279778
police,0.279778
questioned,0.279778
road,0.279778
speed,0.279778
spent,0.279778
Warren,0.272671
driving,0.268849
April,0.265026
Hospital,0.265026
daughter,0.265026
recently,0.265026
Howard,0.261204
Mary,0.261204
Secretary,0.261204
admitted,0.261204
agreed,0.261204
am,0.261204
begin,0.261204
continued,0.261204
decision,0.261204
entire,0.261204
front,0.261204
international,0.261204
live,0.261204
planned,0.261204
read,0.261204
reports,0.261204
returned,0.261204
scheduled,0.261204
word,0.261204
worked,0.261204
women,0.251554
across,0.247977
fund,0.247977
side,0.247977
Council,0.244401
However,0.244401
May,0.244401
Of,0.244401
attorney,0.244401
conference,0.244401
county,0.244401
current,0.244401
don,0.244401
forces,0.244401
immediate,0.244401
level,0.244401
lost,0.244401
reasons,0.244401
services,0.244401
throughout,0.244401
car,0.239117
East,0.235765
Judge,0.235765
afternoon,0.235765
military,0.235765
Henry,0.232413
High,0.232413
boy,0.232413
tried,0.232413
Association,0.229061
David,0.229061
So,0.229061
While,0.229061
declared,0.229061
failed,0.229061
ll,0.229061
officers,0.229061
others,0.229061
situation,0.229061
student,0.229061
tell,0.229061
School,0.224386
help,0.224386
evidence,0.221241
hours,0.221241
Jack,0.218095
political,0.218095
wanted,0.218095
Among,0.214949
G,0.214949
Robert,0.214949
Two,0.214949
already,0.214949
date,0.214949
further,0.214949
hard,0.214949
hit,0.214949
name,0.214949
power,0.214949
proposed,0.214949
single,0.214949
started,0.214949
statement,0.214949
yesterday,0.209156
court,0.207793
drive,0.204839
least,0.204839
p,0.204839
plans,0.204839
seven,0.204839
County,0.201884
Smith,0.201884
West,0.201884
coming,0.201884
find,0.201884
foreign,0.201884
hand,0.201884
near,0.201884
private,0.201884
sent,0.201884
served,0.201884
themselves,0.201884
family,0.196612
reported,0.192497
All,0.189721
Club,0.189721
She,0.189721
Some,0.189721
States,0.189721
house,0.189721
indicated,0.189721
me,0.189721
provide,0.189721
support,0.189721
weeks,0.189721
whose,0.189721
George,0.180953
North,0.180953
Richard,0.180953
almost,0.180953
Frank,0.178343
decided,0.178343
done,0.178343
effort,0.178343
law,0.178343
led,0.178343
meet,0.178343
order,0.178343
small,0.178343
toward,0.178343
children,0.176026
M,0.170108
United,0.170108
her,0.169108
March,0.167655
among,0.167655
away,0.167655
full,0.167655
start,0.167655
Friday,0.159884
Saturday,0.159884
St,0.159884
One,0.157578
began,0.157578
brought,0.157578
going,0.157578
hour,0.157578
know,0.157578
large,0.157578
received,0.157578
service,0.157578
used,0.157578
found,0.154546
number,0.152379
including,0.150213
place,0.150213
same,0.150213
House,0.148046
R,0.148046
major,0.148046
member,0.148046
need,0.148046
put,0.148046
result,0.148046
second,0.148046
six,0.148046
very,0.148046
young,0.148046
government,0.14714
today,0.145668
Mrs,0.14366
Monday,0.143072
few,0.141037
together,0.141037
wife,0.141037
case,0.139003
left,0.139003
making,0.139003
third,0.139003
days,0.13231
my,0.13231
W,0.130402
When,0.130402
area,0.130402
around,0.130402
little,0.130402
must,0.130402
present,0.130402
taken,0.130402
until,0.130402
came,0.125777
several,0.125777
took,0.125777
C,0.123989
asked,0.123989
State,0.1222
called,0.1222
ever,0.1222
five,0.1222
men,0.1222
never,0.1222
part,0.1222
special,0.1222
state,0.1222
held,0.119384
later,0.116037
ago,0.114364
president,0.114364
U,0.109988
another,0.109988
m,0.109988
night,0.109988
school,0.109988
between,0.108424
should,0.108424
against,0.106956
given,0.10686
group,0.10686
public,0.10686
announced,0.105498
past,0.101122
set,0.101122
American,0.0996636
At,0.0996636
here,0.0996636
without,0.0941063
people,0.092749
S,0.0886154
being,0.0886154
did,0.0873554
during,0.0873554
world,0.0873554
long,0.0860955
make,0.0860955
many,0.0860955
way,0.0860955
old,0.0808501
while,0.0808501
even,0.079684
off,0.079684
since,0.0777997
we,0.0685088
where,0.0685088
New,0.0675207
back,0.0675207
down,0.0675207
high,0.0675207
then,0.0675207
such,0.0653539
day,0.0644504
four,0.0644504
t,0.0626434
John,0.0617399
him,0.0594291
There,0.0569643
because,0.0569643
They,0.0561427
both,0.0561427
if,0.0561427
week,0.0507177
home,0.0467851
before,0.0461199
could,0.0461199
what,0.0461199
them,0.0415251
under,0.0358955
But,0.0353778
some,0.0353778
said,0.0334105
after,0.0327826
last,0.0318885
into,0.0309945
time,0.0305474
three,0.0266023
now,0.0258459
years,0.0258459
He,0.0231337
I,0.0225113
when,0.0225113
first,0.0218889
made,0.0218889
only,0.0215777
had,0.0182784
would,0.0180325
also,0.0177866
about,0.0175407
there,0.0175407
year,0.0175407
two,0.0172948
or,0.0170489
more,0.0129963
their,0.0129963
than,0.0128141
up,0.0128141
new,0.0126319
its,0.0124497
were,0.0101217
he,0.00940158
this,0.00844141
In,0.00832139
no,0.00832139
all,0.00820137
are,0.00820137
over,0.00820137
been,0.00482406
his,0.00482406
A,0.00440887
not,0.00423094
but,0.00411231
other,0.00411231
they,0.00411231
The,0.0
``,0.0
a,0.0
an,0.0
and,0.0
as,0.0
at,0.0
be,0.0
by,0.0
for,0.0
from,0.0
has,0.0
have,0.0
in,0.0
is,0.0
it,0.0
of,0.0
on,0.0
one,0.0
out,0.0
s,0.0
that,0.0
the,0.0
to,0.0
was,0.0
which,0.0
who,0.0
will,0.0
with,0.0
