Hillsboro,0.756893
Huntley,0.693567
Jossy,0.693567
Brett,0.684521
Nice,0.684521
Spice,0.684521
commissioners,0.684521
Carol,0.675474
Cohn,0.675474
Detective,0.675474
Juras,0.675474
Nyberg,0.675474
Peck,0.675474
Son,0.675474
Stephanie,0.675474
Tigard,0.675474
Zurcher,0.675474
allotment,0.675474
bird,0.675474
category,0.675474
counseled,0.675474
employ,0.675474
grandchildren,0.675474
guided,0.675474
holdup,0.675474
poultry,0.675474
showmanship,0.675474
AF,0.666428
AFL,0.666428
AM,0.666428
Aaron,0.666428
Abbey,0.666428
Administrator,0.666428
Advisors,0.666428
Attendance,0.666428
Banks,0.666428
Batchelder,0.666428
Beatrice,0.666428
Bess,0.666428
Birdie,0.666428
Bond,0.666428
Borland,0.666428
Breuer,0.666428
Bros,0.666428
Burnside,0.666428
CIO,0.666428
Carlson,0.666428
Cedar,0.666428
Clerks,0.666428
Congregation,0.666428
Corneilus,0.666428
Ct,0.666428
Dalles,0.666428
Do,0.666428
Dorenzo,0.666428
Durante,0.666428
Elaine,0.666428
Elks,0.666428
Ennis,0.666428
Exhibition,0.666428
FFA,0.666428
Finalists,0.666428
Forsyth,0.666428
GA,0.666428
Gateway,0.666428
Gevurtz,0.666428
Grocery,0.666428
Haase,0.666428
Harmony,0.666428
Heights,0.666428
Hillsdale,0.666428
Holman,0.666428
Horstman,0.666428
JA,0.666428
Janet,0.666428
Jansen,0.666428
Jaross,0.666428
Jody,0.666428
Kader,0.666428
Kaiser,0.666428
Kathleen,0.666428
Keizer,0.666428
Kiefferm,0.666428
Kolb,0.666428
Lavaughn,0.666428
Logan,0.666428
Lorlyn,0.666428
Lucy,0.666428
Macwhyte,0.666428
McNeil,0.666428
Mill,0.666428
Millie,0.666428
Musician,0.666428
NLRB,0.666428
Nevada,0.666428
Nevah,0.666428
Neveh,0.666428
Nuttall,0.666428
Participants,0.666428
Patterson,0.666428
Phyllis,0.666428
Physicians,0.666428
Pumpkin,0.666428
Reedville,0.666428
Reifenrath,0.666428
Results,0.666428
Retail,0.666428
Riverview,0.666428
Schuyler,0.666428
Scolatti,0.666428
Secret,0.666428
Shelby,0.666428
Sherwood,0.666428
Sholom,0.666428
Shopping,0.666428
Shrine,0.666428
Silvers,0.666428
Strong,0.666428
Swine,0.666428
Tearle,0.666428
Tim,0.666428
Traxel,0.666428
Tualatin,0.666428
Verboort,0.666428
Voiture,0.666428
Wacklin,0.666428
Walters,0.666428
Webster,0.666428
Wegener,0.666428
Wick,0.666428
Woodyard,0.666428
Youngsters,0.666428
Zebek,0.666428
adapting,0.666428
answerable,0.666428
arguments,0.666428
barbecue,0.666428
baton,0.666428
bicycle,0.666428
budgeted,0.666428
cemetery,0.666428
championships,0.666428
clown,0.666428
collaborated,0.666428
collapsed,0.666428
collision,0.666428
communications,0.666428
considerable,0.666428
conversion,0.666428
converting,0.666428
cooked,0.666428
crippling,0.666428
culminates,0.666428
culmination,0.666428
decertify,0.666428
demonstration,0.666428
directing,0.666428
distributed,0.666428
eggs,0.666428
entertainers,0.666428
entrant,0.666428
fairgoers,0.666428
familiarity,0.666428
female,0.666428
filbert,0.666428
flower,0.666428
functions,0.666428
getaway,0.666428
handicapped,0.666428
horsemanship,0.666428
interment,0.666428
judged,0.666428
judging,0.666428
lodge,0.666428
logging,0.666428
oks,0.666428
omitted,0.666428
pact,0.666428
papers,0.666428
potentially,0.666428
rabbit,0.666428
ranking,0.666428
regrets,0.666428
renew,0.666428
robber,0.666428
robberies,0.666428
sheep,0.666428
slackening,0.666428
spices,0.666428
stockholders,0.666428
swine,0.666428
theatrical,0.666428
twirler,0.666428
unique,0.666428
weaknesses,0.666428
wheels,0.666428
Achievement,0.581306
Portland,0.569255
Beaverton,0.566527
Larson,0.566527
Multnomah,0.566527
Plains,0.566527
Brooks,0.559138
Shaw,0.559138
data,0.559138
robbery,0.559138
tape,0.559138
Hutchins,0.551748
Madison,0.551748
NE,0.551748
Northwest,0.551748
Smythe,0.551748
Survivors,0.551748
Willamette,0.551748
magnetic,0.551748
ribbons,0.551748
widow,0.551748
Acting,0.544359
Alice,0.544359
Bend,0.544359
Deputy,0.544359
Employes,0.544359
Hinton,0.544359
Hood,0.544359
Jefferson,0.544359
Jury,0.544359
Karen,0.544359
Kathy,0.544359
Montgomery,0.544359
Ridge,0.544359
Rite,0.544359
River,0.544359
Salary,0.544359
Scottish,0.544359
Sheriff,0.544359
Sidney,0.544359
Stein,0.544359
Stephenson,0.544359
Steve,0.544359
Sue,0.544359
Susan,0.544359
Ward,0.544359
Wash,0.544359
advisors,0.544359
assault,0.544359
attract,0.544359
avenue,0.544359
awards,0.544359
booked,0.544359
branch,0.544359
businesses,0.544359
businessman,0.544359
challenged,0.544359
commander,0.544359
comments,0.544359
defend,0.544359
dependent,0.544359
dividend,0.544359
electronic,0.544359
emphasized,0.544359
exhibited,0.544359
fleeing,0.544359
fulfill,0.544359
hog,0.544359
image,0.544359
indictments,0.544359
irrespective,0.544359
literally,0.544359
obstacles,0.544359
parking,0.544359
personally,0.544359
pocket,0.544359
quartet,0.544359
regional,0.544359
reporting,0.544359
resent,0.544359
scale,0.544359
sentenced,0.544359
showman,0.544359
sisters,0.544359
skies,0.544359
sponsorship,0.544359
store,0.544359
teenagers,0.544359
unusually,0.544359
vacation,0.544359
victim,0.544359
Harvey,0.498633
Phoenix,0.492213
processing,0.492213
championship,0.485793
Funeral,0.479373
Oregon,0.479373
Phil,0.479373
Salem,0.479373
blues,0.479373
detectives,0.479373
died,0.479373
dollar,0.479373
machine,0.479373
ribbon,0.479373
shortage,0.479373
Baker,0.472953
Bank,0.472953
Blvd,0.472953
Calif,0.472953
Charley,0.472953
Cox,0.472953
Grace,0.472953
Lynn,0.472953
Mason,0.472953
Monte,0.472953
Morgan,0.472953
Murray,0.472953
Order,0.472953
Reynolds,0.472953
Rotary,0.472953
SW,0.472953
Seattle,0.472953
Sheldon,0.472953
Tony,0.472953
administrative,0.472953
adult,0.472953
collective,0.472953
convicted,0.472953
correct,0.472953
dancers,0.472953
delegation,0.472953
deserves,0.472953
directly,0.472953
economics,0.472953
eligible,0.472953
fiscal,0.472953
flowers,0.472953
g,0.472953
handles,0.472953
hats,0.472953
improved,0.472953
indictment,0.472953
lived,0.472953
male,0.472953
objective,0.472953
park,0.472953
processes,0.472953
producer,0.472953
release,0.472953
shows,0.472953
studio,0.472953
swept,0.472953
train,0.472953
victims,0.472953
youngsters,0.472953
Field,0.450952
champion,0.450952
Tom,0.433754
competition,0.433754
contest,0.433754
honors,0.433754
Andrew,0.428022
Columbus,0.428022
Pacific,0.428022
Taylor,0.428022
agencies,0.428022
consultant,0.428022
Anne,0.42229
Ariz,0.42229
Asked,0.42229
Brooklyn,0.42229
Canada,0.42229
Cleveland,0.42229
Dec,0.42229
Fair,0.42229
Grant,0.42229
Home,0.42229
Jane,0.42229
Jimmy,0.42229
Larry,0.42229
Lodge,0.42229
Over,0.42229
Robinson,0.42229
Roy,0.42229
Savings,0.42229
Services,0.42229
Temple,0.42229
Year,0.42229
accomplished,0.42229
alternative,0.42229
auto,0.42229
ballroom,0.42229
bank,0.42229
brothers,0.42229
charter,0.42229
concerts,0.42229
controversy,0.42229
criticized,0.42229
dance,0.42229
depends,0.42229
dozen,0.42229
drawn,0.42229
east,0.42229
enter,0.42229
guidance,0.42229
insisted,0.42229
investment,0.42229
legal,0.42229
operations,0.42229
piece,0.42229
practical,0.42229
previously,0.42229
profession,0.42229
quoted,0.42229
rest,0.42229
restaurant,0.42229
selection,0.42229
seriously,0.42229
termed,0.42229
usual,0.42229
agency,0.414186
Junior,0.408987
Ann,0.388191
Corp,0.388191
Georgia,0.388191
Local,0.388191
band,0.388191
emergency,0.388191
modest,0.388191
Al,0.382992
Ave,0.382992
Barbara,0.382992
Chester,0.382992
Davis,0.382992
Donald,0.382992
Eugene,0.382992
Helen,0.382992
Joan,0.382992
Lake,0.382992
Leonard,0.382992
Lloyd,0.382992
Post,0.382992
Relations,0.382992
Wilson,0.382992
Young,0.382992
accused,0.382992
administrator,0.382992
agent,0.382992
allowing,0.382992
approved,0.382992
bargaining,0.382992
bond,0.382992
bound,0.382992
contributed,0.382992
cooperation,0.382992
create,0.382992
credit,0.382992
experience,0.382992
handle,0.382992
leave,0.382992
leaving,0.382992
maintenance,0.382992
moment,0.382992
music,0.382992
profit,0.382992
rates,0.382992
representative,0.382992
requests,0.382992
responsibility,0.382992
row,0.382992
speaking,0.382992
stock,0.382992
talent,0.382992
task,0.382992
truth,0.382992
visiting,0.382992
commission,0.369936
Blue,0.36041
voted,0.36041
Center,0.355647
Francisco,0.355647
award,0.355647
blue,0.355647
entertainment,0.355647
legislative,0.355647
terms,0.355647
Franklin,0.350884
Grand,0.350884
K,0.350884
Police,0.350884
Ray,0.350884
ahead,0.350884
arrest,0.350884
assistance,0.350884
helping,0.350884
knowledge,0.350884
latter,0.350884
owned,0.350884
prison,0.350884
products,0.350884
records,0.350884
union,0.350884
welfare,0.341315
winning,0.332526
arrested,0.328131
class,0.328131
completed,0.328131
provided,0.328131
salary,0.328131
sell,0.328131
Company,0.323736
Y,0.323736
activities,0.323736
attending,0.323736
budget,0.323736
changes,0.323736
charges,0.323736
conducted,0.323736
fair,0.323736
girl,0.323736
groups,0.323736
honor,0.323736
investigation,0.323736
lot,0.323736
newly,0.323736
pair,0.323736
produce,0.323736
programs,0.323736
publicity,0.323736
sister,0.323736
stop,0.323736
taxes,0.323736
voters,0.323736
contract,0.308371
grand,0.308371
firms,0.304296
receive,0.304296
senior,0.304296
Also,0.30022
Aug,0.30022
Labor,0.30022
My,0.30022
actually,0.30022
appointed,0.30022
broke,0.30022
close,0.30022
condition,0.30022
fell,0.30022
headquarters,0.30022
instead,0.30022
loss,0.30022
maximum,0.30022
mean,0.30022
planning,0.30022
product,0.30022
rate,0.30022
request,0.30022
retired,0.30022
saying,0.30022
schedule,0.30022
Day,0.290859
companies,0.287066
summer,0.287066
Co,0.283272
Ohio,0.283272
San,0.283272
yet,0.283272
Her,0.279478
International,0.279478
Lee,0.279478
Ralph,0.279478
Service,0.279478
Union,0.279478
basis,0.279478
charged,0.279478
evening,0.279478
feeling,0.279478
key,0.279478
pointed,0.279478
questioned,0.279478
sales,0.279478
size,0.279478
spent,0.279478
spring,0.279478
variety,0.279478
continued,0.275091
April,0.264465
Bob,0.264465
Lawrence,0.264465
executive,0.264465
husband,0.264465
junior,0.264465
necessary,0.264465
returned,0.264465
Angeles,0.260923
Hospital,0.260923
Jim,0.260923
Los,0.260923
O,0.260923
These,0.260923
daughter,0.260923
department,0.260923
driving,0.260923
election,0.260923
equipment,0.260923
fall,0.260923
having,0.260923
included,0.260923
industry,0.260923
joined,0.260923
market,0.260923
planned,0.260923
policy,0.260923
though,0.260923
white,0.260923
whole,0.260923
worked,0.260923
No,0.25408
Thursday,0.250766
county,0.250766
son,0.250766
Board,0.247452
Joseph,0.247452
conference,0.247452
dinner,0.247452
short,0.247452
cent,0.244138
clear,0.244138
favor,0.244138
individual,0.244138
leader,0.244138
less,0.244138
throughout,0.244138
vice,0.244138
move,0.235027
born,0.231921
Association,0.228815
Bill,0.228815
High,0.228815
Island,0.228815
car,0.228815
district,0.228815
failed,0.228815
form,0.228815
manager,0.228815
officers,0.228815
serious,0.228815
within,0.228815
field,0.220548
position,0.217633
series,0.217633
Dr,0.214718
G,0.214718
School,0.214718
became,0.214718
federal,0.214718
hours,0.214718
name,0.214718
organization,0.214718
stand,0.214718
vote,0.214718
p,0.20988
County,0.207143
gave,0.204405
open,0.204405
working,0.204405
H,0.20238
Other,0.201667
Smith,0.201667
White,0.201667
center,0.201667
designed,0.201667
fine,0.201667
operation,0.201667
paid,0.201667
per,0.201667
served,0.201667
company,0.197235
won,0.197235
staff,0.194662
reported,0.19209
th,0.19209
weeks,0.19209
North,0.190243
Charles,0.189517
Club,0.189517
She,0.189517
States,0.189517
feel,0.189517
funds,0.189517
history,0.189517
indicated,0.189517
pay,0.189517
persons,0.189517
plan,0.189517
rather,0.189517
session,0.189517
she,0.189517
system,0.189517
real,0.18057
Richard,0.178151
according,0.178151
done,0.178151
face,0.178151
family,0.178151
matter,0.178151
period,0.178151
probably,0.178151
small,0.178151
F,0.172022
among,0.169748
director,0.169748
top,0.169748
His,0.167475
United,0.167475
firm,0.167475
full,0.167475
office,0.167475
recent,0.167475
E,0.161682
Friday,0.161682
service,0.161682
N,0.159546
St,0.159546
chairman,0.159546
received,0.159546
William,0.157925
Saturday,0.157409
That,0.157409
began,0.157409
better,0.157409
does,0.157409
eight,0.157409
former,0.157409
going,0.157409
her,0.157409
hour,0.157409
meeting,0.157409
money,0.157409
think,0.157409
used,0.157409
For,0.151902
local,0.151902
national,0.151902
Jr,0.149895
National,0.149895
member,0.149895
need,0.149895
place,0.149895
second,0.149895
Tuesday,0.147887
University,0.147887
give,0.147887
possible,0.147887
very,0.147887
young,0.147887
show,0.144509
Mr,0.142624
York,0.142624
Monday,0.140739
government,0.140739
Mrs,0.140297
added,0.138854
end,0.138854
third,0.138854
wife,0.138854
you,0.135566
taken,0.13203
month,0.132011
On,0.130262
W,0.130262
area,0.130262
big,0.130262
general,0.130262
must,0.130262
present,0.130262
run,0.130262
until,0.130262
business,0.128697
state,0.12704
five,0.125383
City,0.123726
State,0.123726
came,0.123726
men,0.123726
special,0.123726
told,0.123726
took,0.123726
went,0.123726
called,0.122069
however,0.122069
months,0.122069
own,0.122069
program,0.121995
later,0.115791
president,0.115791
Washington,0.114241
annual,0.114241
far,0.114241
held,0.114241
school,0.112542
m,0.111093
public,0.109644
U,0.106746
between,0.106746
given,0.106746
night,0.106746
here,0.102259
just,0.102259
against,0.100908
past,0.100908
At,0.0995565
early,0.0995565
much,0.0995565
next,0.0995565
set,0.0995565
people,0.0939071
during,0.088338
S,0.0871705
being,0.0871705
many,0.0871705
like,0.086003
long,0.086003
old,0.0806789
may,0.0795984
off,0.0795984
those,0.0795984
work,0.0795984
each,0.0734185
man,0.0734185
high,0.0711105
New,0.0692793
down,0.0683637
members,0.0683637
through,0.0683637
we,0.0674482
John,0.063348
day,0.0625108
four,0.0616736
such,0.0616736
him,0.057605
if,0.057605
because,0.0568437
both,0.0568437
so,0.0560824
week,0.0527264
most,0.0506632
before,0.0460222
could,0.0454059
do,0.0454059
home,0.0454059
what,0.0454059
them,0.0403009
But,0.0358195
can,0.0358195
under,0.0358195
some,0.0353398
last,0.0325857
time,0.0309288
after,0.0305146
said,0.0296733
years,0.026519
now,0.0261686
three,0.0261686
He,0.023839
only,0.0221087
first,0.0218204
I,0.021532
made,0.021532
had,0.0188356
year,0.0183799
also,0.0174685
or,0.0172406
would,0.0172406
about,0.0170128
two,0.0170128
It,0.0167849
its,0.0131116
their,0.012774
up,0.012774
more,0.0124363
new,0.0124363
than,0.0124363
he,0.00919347
this,0.00885983
are,0.00863741
were,0.00863741
all,0.0085262
In,0.00830378
no,0.00819257
over,0.00819257
his,0.0043784
been,0.00426848
A,0.00421352
not,0.00421352
other,0.00421352
they,0.00410361
but,0.00404865
The,0.0
``,0.0
a,0.0
an,0.0
and,0.0
as,0.0
at,0.0
be,0.0
by,0.0
for,0.0
from,0.0
has,0.0
have,0.0
in,0.0
is,0.0
it,0.0
of,0.0
on,0.0
one,0.0
out,0.0
s,0.0
that,0.0
the,0.0
to,0.0
was,0.0
which,0.0
who,0.0
will,0.0
with,0.0
