Cranston,0.706685
juror,0.685555
Giorgio,0.678511
Hester,0.678511
NYU,0.678511
Parrillo,0.678511
Pezza,0.678511
Sorrentino,0.678511
Vernava,0.678511
Anniston,0.671468
Bulletin,0.671468
Eddy,0.671468
Freedom,0.671468
Grenier,0.671468
Klan,0.671468
Klux,0.671468
Kretchmer,0.671468
Ku,0.671468
Newport,0.671468
coins,0.671468
earrings,0.671468
hunting,0.671468
perjury,0.671468
ransacked,0.671468
rings,0.671468
sewage,0.671468
uninjured,0.671468
valuation,0.671468
Alva,0.664424
Atwells,0.664424
Brook,0.664424
Cavaliere,0.664424
Centredale,0.664424
Circle,0.664424
Claus,0.664424
Cochran,0.664424
DeSoto,0.664424
DiSimone,0.664424
Drawers,0.664424
Elm,0.664424
Fatima,0.664424
Fletcher,0.664424
Fruit,0.664424
Graduate,0.664424
Greenock,0.664424
Greyhound,0.664424
Grooms,0.664424
Hartselle,0.664424
Hobart,0.664424
Hodosh,0.664424
Hose,0.664424
Incinerator,0.664424
KKK,0.664424
Kochanek,0.664424
Kochaneks,0.664424
Lovett,0.664424
Maple,0.664424
McN,0.664424
Merit,0.664424
Mfg,0.664424
Newsom,0.664424
Nolan,0.664424
Nunes,0.664424
Pawtucket,0.664424
Persian,0.664424
Persons,0.664424
Princeton,0.664424
Rider,0.664424
Riders,0.664424
Rosella,0.664424
Rotelli,0.664424
Saul,0.664424
Sciences,0.664424
Scores,0.664424
Simmonsville,0.664424
Smithfield,0.664424
Thieves,0.664424
Thornton,0.664424
Tougas,0.664424
Trichieri,0.664424
Uncas,0.664424
Vermeersch,0.664424
Walsh,0.664424
Woonasquatucket,0.664424
acid,0.664424
acknowledged,0.664424
afloat,0.664424
alterations,0.664424
alternate,0.664424
ashore,0.664424
assessment,0.664424
assessments,0.664424
assessors,0.664424
associated,0.664424
bedrooms,0.664424
bestowal,0.664424
brushed,0.664424
bumper,0.664424
burning,0.664424
cabinets,0.664424
celebrating,0.664424
collided,0.664424
companion,0.664424
consul,0.664424
contributors,0.664424
damages,0.664424
decoration,0.664424
denting,0.664424
destroyer,0.664424
discharged,0.664424
drifting,0.664424
escort,0.664424
excused,0.664424
fender,0.664424
flowing,0.664424
founder,0.664424
fractured,0.664424
freed,0.664424
furs,0.664424
garbage,0.664424
heel,0.664424
imprisonment,0.664424
improperly,0.664424
incidents,0.664424
incinerator,0.664424
interfering,0.664424
intruders,0.664424
investigated,0.664424
jewelry,0.664424
jewels,0.664424
lamb,0.664424
lenient,0.664424
liberty,0.664424
nickels,0.664424
onto,0.664424
pennies,0.664424
picketed,0.664424
properties,0.664424
quarterly,0.664424
quota,0.664424
raft,0.664424
rd,0.664424
rendered,0.664424
rental,0.664424
rescued,0.664424
ribs,0.664424
rubbish,0.664424
sewing,0.664424
shotgun,0.664424
shoulder,0.664424
sinking,0.664424
stoppage,0.664424
stopping,0.664424
tampering,0.664424
tearing,0.664424
theft,0.664424
thieves,0.664424
tide,0.664424
trawler,0.664424
wallet,0.664424
wrongdoing,0.664424
Providence,0.588748
Parker,0.559982
appeals,0.559982
valued,0.559982
Johnston,0.554229
pole,0.554229
Cherry,0.548476
Greenville,0.548476
Warwick,0.548476
audio,0.548476
beds,0.548476
carrying,0.548476
crew,0.548476
endorsed,0.548476
masked,0.548476
residents,0.548476
visual,0.548476
youngest,0.548476
Allan,0.542722
Atty,0.542722
Aurora,0.542722
Biltmore,0.542722
Carroll,0.542722
Drive,0.542722
Eight,0.542722
Employes,0.542722
Hartford,0.542722
Interstate,0.542722
Italy,0.542722
Larson,0.542722
Lester,0.542722
Macon,0.542722
Michael,0.542722
Narragansett,0.542722
Notte,0.542722
Nugent,0.542722
Oliver,0.542722
Perkins,0.542722
Prentice,0.542722
Prior,0.542722
River,0.542722
Route,0.542722
Scotland,0.542722
Streets,0.542722
Supt,0.542722
Trustees,0.542722
Workers,0.542722
accosted,0.542722
acquittal,0.542722
acted,0.542722
adjustments,0.542722
ambulance,0.542722
anonymous,0.542722
brief,0.542722
charities,0.542722
chest,0.542722
coat,0.542722
complaint,0.542722
condemned,0.542722
connections,0.542722
convenient,0.542722
damaged,0.542722
dean,0.542722
deed,0.542722
diamond,0.542722
dimes,0.542722
dumping,0.542722
erred,0.542722
expressing,0.542722
false,0.542722
gun,0.542722
hired,0.542722
incident,0.542722
interstate,0.542722
jacket,0.542722
lieutenants,0.542722
marks,0.542722
mercy,0.542722
mink,0.542722
mistrial,0.542722
mob,0.542722
option,0.542722
pains,0.542722
pearl,0.542722
picket,0.542722
publishing,0.542722
quarters,0.542722
raw,0.542722
remembered,0.542722
replaced,0.542722
slightly,0.542722
statewide,0.542722
suitable,0.542722
coordinator,0.481528
verdict,0.481528
Garden,0.47653
Journal,0.47653
Road,0.47653
Weaver,0.47653
generous,0.47653
rear,0.47653
seated,0.47653
sewer,0.47653
Antonio,0.471531
Beverly,0.471531
Birmingham,0.471531
Clarence,0.471531
Electric,0.471531
FBI,0.471531
Italian,0.471531
Lady,0.471531
Lewis,0.471531
Maurice,0.471531
Neither,0.471531
Order,0.471531
Pratt,0.471531
Republic,0.471531
Steel,0.471531
Stevens,0.471531
Sydney,0.471531
abandoned,0.471531
advised,0.471531
anniversary,0.471531
assist,0.471531
burned,0.471531
clerk,0.471531
comment,0.471531
contractor,0.471531
credited,0.471531
defendants,0.471531
designated,0.471531
farmer,0.471531
formal,0.471531
gifts,0.471531
hall,0.471531
impact,0.471531
improved,0.471531
injuries,0.471531
involving,0.471531
jurors,0.471531
majority,0.471531
manufacturing,0.471531
motel,0.471531
needy,0.471531
patrol,0.471531
petition,0.471531
physician,0.471531
purposes,0.471531
represented,0.471531
reviewed,0.471531
satisfactory,0.471531
site,0.471531
sites,0.471531
spoken,0.471531
square,0.471531
succeeds,0.471531
train,0.471531
upheld,0.471531
waters,0.471531
youngsters,0.471531
panel,0.438873
accident,0.43441
Ala,0.429946
Santa,0.429946
Stone,0.429946
bus,0.429946
Christmas,0.425483
Dec,0.425483
Hills,0.425483
authorities,0.425483
balance,0.425483
expert,0.425483
occurred,0.425483
ruling,0.425483
shortly,0.425483
utility,0.425483
Any,0.42102
Appeals,0.42102
Atlantic,0.42102
Brooklyn,0.42102
Fred,0.42102
Fund,0.42102
Jane,0.42102
Milton,0.42102
Pa,0.42102
Sheraton,0.42102
Sullivan,0.42102
Superior,0.42102
Supreme,0.42102
Taylor,0.42102
UPI,0.42102
Vincent,0.42102
appeal,0.42102
awarded,0.42102
brick,0.42102
capacity,0.42102
check,0.42102
collections,0.42102
commissioner,0.42102
complained,0.42102
conviction,0.42102
cuts,0.42102
faculty,0.42102
fifth,0.42102
finding,0.42102
golden,0.42102
greatly,0.42102
impossible,0.42102
industrial,0.42102
marked,0.42102
membership,0.42102
nearby,0.42102
penalty,0.42102
pick,0.42102
previously,0.42102
purchased,0.42102
receiving,0.42102
regular,0.42102
resigned,0.42102
selection,0.42102
send,0.42102
ship,0.42102
story,0.42102
striking,0.42102
superintendent,0.42102
trucks,0.42102
unable,0.42102
usual,0.42102
vehicle,0.42102
wages,0.42102
witness,0.42102
Avenue,0.40208
trial,0.398032
Ave,0.389936
Rhode,0.389936
driven,0.389936
Brown,0.385889
Inc,0.385889
conditions,0.385889
filed,0.385889
watch,0.385889
August,0.381841
Bernard,0.381841
Chester,0.381841
German,0.381841
Governor,0.381841
Local,0.381841
Morris,0.381841
Our,0.381841
Patrolman,0.381841
Relations,0.381841
Sept,0.381841
administrator,0.381841
agent,0.381841
agree,0.381841
appear,0.381841
arrived,0.381841
aside,0.381841
band,0.381841
bargaining,0.381841
carries,0.381841
ceremony,0.381841
compared,0.381841
conspiracy,0.381841
contributed,0.381841
failure,0.381841
favorite,0.381841
fired,0.381841
giving,0.381841
gold,0.381841
growing,0.381841
houses,0.381841
injury,0.381841
maintenance,0.381841
payment,0.381841
plants,0.381841
representative,0.381841
response,0.381841
responsible,0.381841
transportation,0.381841
visiting,0.381841
jury,0.356979
Roger,0.353537
September,0.353537
award,0.353537
collection,0.353537
suffered,0.353537
taxpayers,0.353537
AP,0.349829
Arts,0.349829
Attorney,0.349829
English,0.349829
Francis,0.349829
Long,0.349829
Public,0.349829
Stephen,0.349829
V,0.349829
Williams,0.349829
arrest,0.349829
candidate,0.349829
currently,0.349829
dollars,0.349829
employes,0.349829
families,0.349829
grant,0.349829
helping,0.349829
hitting,0.349829
join,0.349829
native,0.349829
owned,0.349829
recommended,0.349829
saving,0.349829
spokesman,0.349829
stole,0.349829
visit,0.349829
hospital,0.336449
Hall,0.326185
appointment,0.326185
charges,0.326185
construction,0.326185
division,0.326185
girl,0.326185
owners,0.326185
placed,0.326185
reach,0.326185
Before,0.322763
December,0.322763
French,0.322763
Gen,0.322763
adopted,0.322763
arrested,0.322763
black,0.322763
bought,0.322763
connection,0.322763
contributions,0.322763
directed,0.322763
due,0.322763
heavy,0.322763
honor,0.322763
information,0.322763
looking,0.322763
newly,0.322763
parties,0.322763
paying,0.322763
plant,0.322763
representing,0.322763
review,0.322763
strike,0.322763
youth,0.322763
Street,0.308837
town,0.308837
Hill,0.305664
appeared,0.305664
struck,0.305664
condition,0.302491
outside,0.302491
post,0.302491
Labor,0.299318
Martin,0.299318
agreement,0.299318
based,0.299318
broke,0.299318
door,0.299318
entered,0.299318
estate,0.299318
fell,0.299318
ground,0.299318
hearing,0.299318
homes,0.299318
honored,0.299318
housing,0.299318
identified,0.299318
maximum,0.299318
saying,0.299318
section,0.299318
setting,0.299318
severe,0.299318
telephone,0.299318
traffic,0.299318
heard,0.287499
police,0.287499
property,0.287499
About,0.284545
Co,0.281592
Democratic,0.281592
Education,0.281592
judge,0.281592
university,0.281592
workers,0.281592
Boston,0.278638
District,0.278638
Service,0.278638
anyone,0.278638
calls,0.278638
charged,0.278638
dropped,0.278638
either,0.278638
elected,0.278638
estimated,0.278638
evening,0.278638
floor,0.278638
goal,0.278638
jobs,0.278638
land,0.278638
named,0.278638
opened,0.278638
questioned,0.278638
ruled,0.278638
treated,0.278638
Hospital,0.273927
Court,0.265654
driving,0.262896
joined,0.262896
white,0.262896
Lawrence,0.260139
Louis,0.260139
Park,0.260139
Then,0.260139
These,0.260139
admitted,0.260139
amount,0.260139
bill,0.260139
election,0.260139
fight,0.260139
included,0.260139
reports,0.260139
returned,0.260139
Board,0.251145
fund,0.251145
worth,0.248565
presented,0.245985
car,0.245055
Hotel,0.243404
Jan,0.243404
Joseph,0.243404
No,0.243404
Thomas,0.243404
caused,0.243404
clear,0.243404
dinner,0.243404
immediate,0.243404
limited,0.243404
officials,0.243404
opening,0.243404
particularly,0.243404
vice,0.243404
Island,0.235382
charge,0.235382
Judge,0.230545
efforts,0.230545
life,0.230545
line,0.230545
Both,0.228127
cars,0.228127
declared,0.228127
failed,0.228127
feet,0.228127
manager,0.228127
others,0.228127
reached,0.228127
tell,0.228127
tried,0.228127
Dr,0.22542
aid,0.218612
power,0.218612
tax,0.218612
School,0.216342
Two,0.216342
federal,0.216342
G,0.214073
Robert,0.214073
attack,0.214073
building,0.214073
earlier,0.214073
minutes,0.214073
started,0.214073
vote,0.214073
p,0.205324
yesterday,0.204971
court,0.203193
Smith,0.201061
find,0.201061
fine,0.201061
foreign,0.201061
gave,0.201061
hand,0.201061
near,0.201061
room,0.201061
seven,0.201061
working,0.201061
board,0.200965
house,0.194956
education,0.192953
H,0.190951
committee,0.190951
persons,0.190951
provide,0.190951
reported,0.190951
weeks,0.190951
All,0.188948
Club,0.188948
company,0.188948
half,0.188948
history,0.188948
indicated,0.188948
staff,0.188948
turn,0.188948
North,0.18703
interest,0.179499
P,0.177616
according,0.177616
city,0.177616
family,0.177616
probably,0.177616
real,0.177616
total,0.177616
firm,0.172282
F,0.170512
away,0.168742
head,0.168742
Committee,0.166972
M,0.166972
United,0.166972
office,0.166972
upon,0.166972
One,0.161927
Mr,0.160449
eight,0.160263
chairman,0.158599
children,0.158599
B,0.156936
E,0.156936
N,0.156936
St,0.156936
Sunday,0.156936
hour,0.156936
large,0.156936
money,0.156936
used,0.156936
University,0.150569
found,0.149006
member,0.149006
major,0.147443
result,0.147443
second,0.147443
case,0.142839
left,0.141372
York,0.139904
Monday,0.138437
added,0.138437
making,0.138437
third,0.138437
together,0.138437
area,0.132623
days,0.132623
general,0.131247
taken,0.131247
state,0.130733
James,0.12987
On,0.12987
W,0.12987
until,0.12987
use,0.12987
men,0.126863
told,0.126863
asked,0.124282
five,0.122992
City,0.121702
Mrs,0.121702
along,0.121702
business,0.121702
ever,0.121702
month,0.121702
months,0.121702
part,0.121702
took,0.121702
went,0.121702
J,0.11752
president,0.116312
ago,0.115105
far,0.113897
later,0.113897
m,0.110937
night,0.110937
school,0.109809
U,0.107553
given,0.107553
go,0.106425
got,0.106425
group,0.106425
against,0.102414
set,0.101362
American,0.100309
take,0.100309
At,0.0992573
announced,0.0992573
good,0.0992573
here,0.0992573
next,0.0992573
without,0.0953085
S,0.0875624
during,0.0866535
way,0.0857445
may,0.0802004
off,0.0802004
old,0.0802004
work,0.0802004
those,0.0793591
while,0.0793591
man,0.0739738
since,0.0731978
members,0.0700968
New,0.0679583
back,0.0679583
through,0.0679583
then,0.0672454
where,0.0672454
four,0.0627918
John,0.0614882
day,0.0614882
him,0.057692
They,0.0565065
because,0.0559138
both,0.0559138
if,0.0559138
most,0.0505109
before,0.0471889
home,0.0462292
could,0.0452694
them,0.0401798
under,0.0352336
last,0.0326804
after,0.0313904
time,0.0313904
into,0.0304229
said,0.0301064
three,0.0260134
years,0.0260134
when,0.0227514
He,0.0223023
first,0.0220778
made,0.0220778
I,0.0211797
had,0.0188632
about,0.0179763
two,0.0179763
year,0.0177989
also,0.0169119
would,0.0169119
their,0.0131876
its,0.0126618
new,0.0126618
up,0.012399
he,0.00877404
were,0.00877404
this,0.0084277
over,0.00834111
In,0.00825453
are,0.00825453
been,0.00450716
A,0.00425043
they,0.00420764
his,0.00416485
not,0.00416485
but,0.00403648
other,0.00403648
The,0.0
``,0.0
a,0.0
an,0.0
and,0.0
as,0.0
at,0.0
be,0.0
by,0.0
for,0.0
from,0.0
has,0.0
have,0.0
in,0.0
is,0.0
it,0.0
of,0.0
on,0.0
one,0.0
out,0.0
s,0.0
that,0.0
the,0.0
to,0.0
was,0.0
which,0.0
who,0.0
will,0.0
with,0.0
