Huff,0.752528
Fiedler,0.743879
Leavitt,0.717929
Buchheister,0.70928
Glimco,0.70063
janitors,0.70063
rocket,0.70063
Gregorio,0.69198
birds,0.69198
bomber,0.69198
spraying,0.69198
Arger,0.68333
Audubon,0.68333
Maintenance,0.68333
Sunnyvale,0.68333
missiles,0.68333
pilots,0.68333
Alex,0.674681
Figone,0.674681
Friends,0.674681
Heinkel,0.674681
Lockheed,0.674681
Pesce,0.674681
Reichenberg,0.674681
Schweitzer,0.674681
buddy,0.674681
cubic,0.674681
deodorant,0.674681
detonation,0.674681
gang,0.674681
h,0.674681
operator,0.674681
pollution,0.674681
prosecutors,0.674681
pulse,0.674681
radiation,0.674681
warrant,0.674681
Accardo,0.666031
Allegretti,0.666031
Anderlini,0.666031
Antone,0.666031
Arata,0.666031
Armond,0.666031
Asilomar,0.666031
Attilio,0.666031
Beronio,0.666031
Bianco,0.666031
Blaber,0.666031
Caesar,0.666031
Calude,0.666031
Campagnoli,0.666031
Casassa,0.666031
Celebration,0.666031
Cervetto,0.666031
Charge,0.666031
Connection,0.666031
Convention,0.666031
Curtis,0.666031
Dearborn,0.666031
Di,0.666031
DiVarco,0.666031
Disarmament,0.666031
Dominic,0.666031
Duhagon,0.666031
Elected,0.666031
Elios,0.666031
Fonta,0.666031
Frederic,0.666031
Governments,0.666031
Greek,0.666031
Greenwood,0.666031
Hitler,0.666031
Kedzie,0.666031
Kentfield,0.666031
Leading,0.666031
Lien,0.666031
Liquor,0.666031
Livermore,0.666031
Mana,0.666031
Martini,0.666031
Massimo,0.666031
Missiles,0.666031
Molinari,0.666031
Moments,0.666031
Monk,0.666031
Moscone,0.666031
Nazi,0.666031
Olney,0.666031
Perasso,0.666031
Petrini,0.666031
Pilots,0.666031
Quaker,0.666031
Ratto,0.666031
Reed,0.666031
Reilly,0.666031
Reyes,0.666031
Rogers,0.666031
Sanctuary,0.666031
Sanitation,0.666031
Scampini,0.666031
Senese,0.666031
Seventeen,0.666031
Shore,0.666031
Slim,0.666031
Space,0.666031
Squeezed,0.666031
Vast,0.666031
Wild,0.666031
Wilderness,0.666031
Willy,0.666031
Wyoming,0.666031
acquaintance,0.666031
adjust,0.666031
aeronautical,0.666031
ailerons,0.666031
airfield,0.666031
airstrip,0.666031
altitude,0.666031
animals,0.666031
attached,0.666031
banked,0.666031
beautifully,0.666031
beneath,0.666031
blueberries,0.666031
bolted,0.666031
borer,0.666031
bottling,0.666031
buddies,0.666031
card,0.666031
cashed,0.666031
challenging,0.666031
charging,0.666031
chiefs,0.666031
complacency,0.666031
connect,0.666031
conservation,0.666031
cousin,0.666031
crashed,0.666031
dive,0.666031
dread,0.666031
efficient,0.666031
embezzlement,0.666031
embezzling,0.666031
endangering,0.666031
enemies,0.666031
engine,0.666031
equipped,0.666031
experiments,0.666031
faint,0.666031
flights,0.666031
forgetting,0.666031
fuselage,0.666031
gangland,0.666031
gangsters,0.666031
ghastly,0.666031
gliders,0.666031
grisly,0.666031
halted,0.666031
handing,0.666031
hoodlum,0.666031
hurtling,0.666031
insects,0.666031
inviolate,0.666031
janitor,0.666031
jolt,0.666031
liens,0.666031
lucrative,0.666031
managed,0.666031
maneuver,0.666031
manned,0.666031
meter,0.666031
micro,0.666031
microcurie,0.666031
newer,0.666031
obligated,0.666031
occur,0.666031
onetime,0.666031
ordination,0.666031
peck,0.666031
persecution,0.666031
pesticides,0.666031
pier,0.666031
plague,0.666031
preservation,0.666031
probing,0.666031
racketeer,0.666031
radioactive,0.666031
ratification,0.666031
repaid,0.666031
roaring,0.666031
rodents,0.666031
sanctuary,0.666031
sea,0.666031
seashore,0.666031
serene,0.666031
signaled,0.666031
skid,0.666031
skimmed,0.666031
sky,0.666031
spare,0.666031
speck,0.666031
stave,0.666031
steer,0.666031
steering,0.666031
stevedore,0.666031
streaked,0.666031
streamer,0.666031
stupidity,0.666031
suicide,0.666031
supervise,0.666031
suppressed,0.666031
surfaces,0.666031
syndicate,0.666031
teamster,0.666031
theologian,0.666031
tidelands,0.666031
tracing,0.666031
underbelly,0.666031
undetermined,0.666031
unknown,0.666031
valve,0.666031
warehouseman,0.666031
warhead,0.666031
waterline,0.666031
wetlands,0.666031
wings,0.666031
workmen,0.666031
Stein,0.650015
Av,0.572296
weapons,0.565231
Allied,0.558165
Marin,0.558165
McCormick,0.558165
jet,0.558165
liquor,0.558165
Angelo,0.5511
aerial,0.5511
checks,0.5511
landing,0.5511
super,0.5511
touchdown,0.5511
Allies,0.544034
Best,0.544034
Bonn,0.544034
Conservation,0.544034
Da,0.544034
Division,0.544034
Greece,0.544034
Gus,0.544034
Jerome,0.544034
Joey,0.544034
Loan,0.544034
Madison,0.544034
Pierce,0.544034
Polaris,0.544034
Sue,0.544034
Supply,0.544034
Using,0.544034
Wilmette,0.544034
abolish,0.544034
aged,0.544034
altho,0.544034
ant,0.544034
attempting,0.544034
aware,0.544034
bombs,0.544034
businesses,0.544034
cane,0.544034
climbed,0.544034
cockpit,0.544034
complaint,0.544034
controls,0.544034
convention,0.544034
crack,0.544034
deed,0.544034
defend,0.544034
desperate,0.544034
discredited,0.544034
dominated,0.544034
drivers,0.544034
dust,0.544034
edging,0.544034
encouraged,0.544034
endorsed,0.544034
engineer,0.544034
factories,0.544034
fallout,0.544034
farmers,0.544034
fuel,0.544034
gambling,0.544034
grapes,0.544034
guardians,0.544034
halt,0.544034
hoodlums,0.544034
imply,0.544034
incredible,0.544034
lists,0.544034
makeshift,0.544034
mechanic,0.544034
middle,0.544034
missionary,0.544034
mistakes,0.544034
mob,0.544034
modified,0.544034
mortgage,0.544034
mortgages,0.544034
occasionally,0.544034
pilot,0.544034
pledged,0.544034
ratified,0.544034
reaches,0.544034
recorded,0.544034
rolled,0.544034
runway,0.544034
sat,0.544034
satisfaction,0.544034
shipping,0.544034
ships,0.544034
slugger,0.544034
soaring,0.544034
sugar,0.544034
tail,0.544034
teamsters,0.544034
totaling,0.544034
tract,0.544034
underwater,0.544034
urging,0.544034
violations,0.544034
wildlife,0.544034
wrecked,0.544034
missile,0.497226
witnesses,0.497226
payroll,0.484948
Leo,0.47881
delegates,0.47881
fees,0.47881
natural,0.47881
otherwise,0.47881
strip,0.47881
target,0.47881
unions,0.47881
Ben,0.472671
Easter,0.472671
Ed,0.472671
Forest,0.472671
Grace,0.472671
Later,0.472671
Life,0.472671
Point,0.472671
Tony,0.472671
adequately,0.472671
alive,0.472671
amounts,0.472671
appearances,0.472671
begins,0.472671
bounced,0.472671
breed,0.472671
client,0.472671
constantly,0.472671
crime,0.472671
crop,0.472671
crops,0.472671
damage,0.472671
demonstrate,0.472671
depended,0.472671
discovered,0.472671
flew,0.472671
formed,0.472671
gained,0.472671
historic,0.472671
installed,0.472671
landed,0.472671
lawyers,0.472671
mechanism,0.472671
myself,0.472671
narrow,0.472671
normally,0.472671
offense,0.472671
officially,0.472671
parks,0.472671
pride,0.472671
promised,0.472671
rally,0.472671
ranks,0.472671
recalled,0.472671
release,0.472671
reporters,0.472671
represented,0.472671
residential,0.472671
restrictions,0.472671
rid,0.472671
salesman,0.472671
scientific,0.472671
scrutiny,0.472671
shortage,0.472671
south,0.472671
spoken,0.472671
suburban,0.472671
taxi,0.472671
telling,0.472671
victims,0.472671
waited,0.472671
nuclear,0.438481
bomb,0.433
consultant,0.433
loans,0.433
quiet,0.433
automatic,0.427519
danger,0.427519
destroy,0.427519
loan,0.427519
payments,0.427519
scientist,0.427519
Columbus,0.422038
Fred,0.422038
Jimmy,0.422038
Louisiana,0.422038
Members,0.422038
Savings,0.422038
Square,0.422038
UPI,0.422038
acre,0.422038
approximately,0.422038
arrive,0.422038
attorneys,0.422038
bureau,0.422038
busy,0.422038
check,0.422038
closely,0.422038
collected,0.422038
controlled,0.422038
corps,0.422038
employed,0.422038
ending,0.422038
explosive,0.422038
fee,0.422038
guidance,0.422038
interview,0.422038
invasion,0.422038
loaded,0.422038
march,0.422038
offices,0.422038
plane,0.422038
quoted,0.422038
reportedly,0.422038
secret,0.422038
slow,0.422038
striking,0.422038
stronger,0.422038
success,0.422038
technicians,0.422038
testified,0.422038
witness,0.422038
association,0.407619
German,0.397677
flight,0.397677
Society,0.392706
health,0.392706
Carl,0.387735
Germany,0.387735
Lake,0.387735
Navy,0.387735
below,0.387735
closer,0.387735
reading,0.387735
therefore,0.387735
Sept,0.382764
attempted,0.382764
creation,0.382764
credit,0.382764
directors,0.382764
earth,0.382764
expenses,0.382764
filed,0.382764
filled,0.382764
flow,0.382764
fly,0.382764
hundred,0.382764
machines,0.382764
medical,0.382764
oil,0.382764
organized,0.382764
payment,0.382764
peace,0.382764
plants,0.382764
presentation,0.382764
released,0.382764
role,0.382764
supplies,0.382764
supply,0.382764
technical,0.382764
threatening,0.382764
volunteers,0.382764
watched,0.382764
wisdom,0.382764
union,0.373446
V,0.364337
Place,0.359783
Blue,0.355229
Francisco,0.355229
affairs,0.355229
spokesman,0.355229
water,0.355229
wrote,0.355229
Allen,0.350675
September,0.350675
Sherman,0.350675
Stephen,0.350675
Under,0.350675
armed,0.350675
cash,0.350675
co,0.350675
commented,0.350675
drew,0.350675
errors,0.350675
formerly,0.350675
letter,0.350675
living,0.350675
practice,0.350675
sought,0.350675
surprise,0.350675
jury,0.336149
lives,0.331947
disclosed,0.327746
hotel,0.327746
programs,0.327746
training,0.327746
Another,0.323544
Before,0.323544
Europe,0.323544
Hall,0.323544
Nations,0.323544
Oct,0.323544
October,0.323544
War,0.323544
account,0.323544
answer,0.323544
arrested,0.323544
black,0.323544
conducted,0.323544
exactly,0.323544
famous,0.323544
handed,0.323544
income,0.323544
investigation,0.323544
issued,0.323544
ordinary,0.323544
partner,0.323544
plant,0.323544
produce,0.323544
questions,0.323544
remained,0.323544
salary,0.323544
station,0.323544
treasurer,0.323544
weather,0.323544
labor,0.311732
agreement,0.307835
Now,0.303938
Albert,0.300042
De,0.300042
Government,0.300042
Joe,0.300042
World,0.300042
break,0.300042
entered,0.300042
fast,0.300042
fell,0.300042
firms,0.300042
grand,0.300042
headquarters,0.300042
identified,0.300042
loss,0.300042
possibility,0.300042
reason,0.300042
saying,0.300042
successful,0.300042
Lee,0.290194
estimated,0.290194
Service,0.286566
land,0.286566
war,0.286566
Chicago,0.282939
League,0.282939
San,0.282939
Union,0.282939
property,0.282939
speed,0.282939
workers,0.282939
About,0.279311
Beach,0.279311
Coast,0.279311
Day,0.279311
First,0.279311
Norman,0.279311
Ohio,0.279311
Ralph,0.279311
Russia,0.279311
air,0.279311
apparently,0.279311
believe,0.279311
bills,0.279311
elected,0.279311
hands,0.279311
key,0.279311
knew,0.279311
modern,0.279311
named,0.279311
played,0.279311
police,0.279311
prepared,0.279311
questioned,0.279311
spent,0.279311
tomorrow,0.279311
try,0.279311
Federal,0.267541
amount,0.267541
test,0.267541
Lawrence,0.264154
April,0.260768
Louis,0.260768
act,0.260768
addition,0.260768
admitted,0.260768
bill,0.260768
especially,0.260768
executive,0.260768
fire,0.260768
greater,0.260768
international,0.260768
keep,0.260768
live,0.260768
secretary,0.260768
using,0.260768
attorney,0.253499
Joseph,0.25033
level,0.247161
officials,0.247161
College,0.243993
across,0.243993
cannot,0.243993
caused,0.243993
cent,0.243993
chief,0.243993
county,0.243993
event,0.243993
individual,0.243993
leader,0.243993
news,0.243993
ready,0.243993
report,0.243993
vice,0.243993
project,0.234618
Island,0.231648
failed,0.231648
feet,0.231648
serious,0.231648
East,0.228678
Judge,0.228678
complete,0.228678
cut,0.228678
developed,0.228678
officers,0.228678
Dr,0.220164
federal,0.220164
Among,0.217378
became,0.217378
control,0.217378
minutes,0.217378
attack,0.214591
date,0.214591
development,0.214591
increase,0.214591
organization,0.214591
power,0.214591
started,0.214591
statement,0.214591
tax,0.214591
wide,0.214591
West,0.206782
p,0.206782
company,0.206623
Other,0.204165
paid,0.204165
per,0.204165
room,0.204165
themselves,0.204165
involved,0.201547
near,0.201547
private,0.201547
yesterday,0.199244
board,0.196784
pay,0.194324
All,0.191864
She,0.189404
committee,0.189404
feel,0.189404
persons,0.189404
play,0.189404
point,0.189404
support,0.189404
system,0.189404
whose,0.189404
according,0.184982
P,0.18267
Frank,0.180358
George,0.178045
To,0.178045
done,0.178045
effort,0.178045
family,0.178045
interest,0.178045
meet,0.178045
probably,0.178045
total,0.178045
firm,0.17607
March,0.169549
director,0.169549
Committee,0.167375
F,0.167375
His,0.167375
M,0.167375
away,0.167375
office,0.167375
upon,0.167375
money,0.163444
Saturday,0.159358
St,0.159358
children,0.159358
B,0.157315
Friday,0.157315
able,0.157315
chairman,0.157315
meeting,0.157315
received,0.157315
service,0.157315
National,0.155477
including,0.149719
possible,0.149719
House,0.147799
Jr,0.147799
R,0.147799
Tuesday,0.147799
local,0.147799
might,0.147799
national,0.147799
need,0.147799
needed,0.147799
number,0.147799
put,0.147799
result,0.147799
six,0.147799
Monday,0.140574
added,0.138771
end,0.138771
few,0.138771
government,0.138771
left,0.138771
making,0.138771
wife,0.138771
W,0.133565
today,0.133565
my,0.131875
run,0.131875
until,0.131875
On,0.130184
When,0.130184
area,0.130184
big,0.130184
little,0.130184
told,0.126749
took,0.126749
called,0.125165
five,0.123581
never,0.123581
several,0.123581
Mrs,0.121996
month,0.121996
part,0.121996
special,0.121996
state,0.121996
went,0.121996
president,0.120104
J,0.118621
later,0.115655
ago,0.114173
annual,0.114173
far,0.114173
held,0.114173
m,0.109453
U,0.106682
another,0.106682
go,0.106682
should,0.106682
American,0.100789
announced,0.100789
here,0.100789
At,0.0994972
against,0.0994972
next,0.0994972
these,0.0994972
people,0.0937968
S,0.0881843
make,0.0870681
way,0.0870681
did,0.0859518
like,0.0859518
world,0.0859518
off,0.0816172
even,0.0805841
old,0.0805841
work,0.0805841
may,0.079551
while,0.079551
each,0.0752806
man,0.0752806
since,0.0743277
then,0.0700343
where,0.0691589
down,0.0682834
New,0.067408
back,0.067408
through,0.067408
we,0.067408
John,0.0648388
four,0.0624374
such,0.0616369
get,0.0582327
him,0.0582327
so,0.0582327
There,0.0575048
They,0.056049
because,0.056049
week,0.0512906
This,0.0506331
most,0.0506331
before,0.0477362
do,0.0459682
home,0.0459682
could,0.0453788
them,0.0408
But,0.0357774
under,0.0357774
into,0.0324767
said,0.0314994
after,0.0312886
last,0.0308925
time,0.0308925
three,0.0264729
years,0.0264729
I,0.0220581
made,0.0220581
only,0.0217824
He,0.0215067
first,0.0215067
had,0.0180821
It,0.0174285
about,0.0174285
or,0.0172106
year,0.0172106
there,0.0169928
two,0.0169928
would,0.0169928
also,0.0167749
their,0.0133974
its,0.0125904
up,0.0125904
new,0.0124289
than,0.0124289
he,0.00988903
were,0.00893202
are,0.00850669
this,0.00850669
over,0.00840036
In,0.00829402
all,0.00829402
no,0.00829402
his,0.00446663
been,0.00425643
A,0.00420388
other,0.00420388
not,0.00409879
but,0.00404624
The,0.0
``,0.0
a,0.0
an,0.0
and,0.0
as,0.0
at,0.0
be,0.0
by,0.0
for,0.0
from,0.0
has,0.0
have,0.0
in,0.0
is,0.0
it,0.0
of,0.0
on,0.0
one,0.0
out,0.0
s,0.0
that,0.0
the,0.0
to,0.0
was,0.0
which,0.0
who,0.0
will,0.0
with,0.0
