gin,0.767969
Foods,0.731106
Gin,0.712675
chip,0.712675
ginning,0.694244
Gordin,0.685028
Ronnie,0.685028
driers,0.685028
employs,0.685028
Cen,0.675812
Eaton,0.675812
Etter,0.675812
Frito,0.675812
Guerin,0.675812
Hardwicke,0.675812
Tennial,0.675812
cleaners,0.675812
domestic,0.675812
drying,0.675812
export,0.675812
mill,0.675812
models,0.675812
saws,0.675812
turns,0.675812
Adams,0.666597
Adamson,0.666597
Arrington,0.666597
Bert,0.666597
Buick,0.666597
Cable,0.666597
Carolyn,0.666597
Caron,0.666597
Carrel,0.666597
Carty,0.666597
Chip,0.666597
Chrysler,0.666597
Cleaner,0.666597
Cluck,0.666597
Crozier,0.666597
Deloris,0.666597
Distributive,0.666597
Edna,0.666597
Eppler,0.666597
Executives,0.666597
Factories,0.666597
Factory,0.666597
Fil,0.666597
Flanagan,0.666597
Ginner,0.666597
Ginning,0.666597
Hammond,0.666597
Hillcrest,0.666597
Hinckley,0.666597
Isodine,0.666597
Janice,0.666597
Kaminsky,0.666597
Kestner,0.666597
Lay,0.666597
Letters,0.666597
Lint,0.666597
Lummus,0.666597
McLauchlin,0.666597
Mercury,0.666597
Mortgage,0.666597
Neal,0.666597
Owens,0.666597
Paschall,0.666597
Paulah,0.666597
Pharmical,0.666597
Potter,0.666597
Prattville,0.666597
Probably,0.666597
Registrations,0.666597
Rylie,0.666597
Sales,0.666597
Samuels,0.666597
Satterfield,0.666597
Seagoville,0.666597
Sharon,0.666597
Shay,0.666597
Southeastern,0.666597
Stacy,0.666597
Stallard,0.666597
Terral,0.666597
Tommie,0.666597
Totaling,0.666597
Trigg,0.666597
Unit,0.666597
Whitney,0.666597
Wolverton,0.666597
Woodrow,0.666597
abilities,0.666597
allotting,0.666597
assumption,0.666597
avid,0.666597
bearings,0.666597
belting,0.666597
boil,0.666597
boiling,0.666597
burr,0.666597
cable,0.666597
characterized,0.666597
circulating,0.666597
classroom,0.666597
cleaner,0.666597
coincidence,0.666597
compacts,0.666597
comparison,0.666597
counted,0.666597
counter,0.666597
doldrums,0.666597
echelon,0.666597
etc,0.666597
executives,0.666597
explaining,0.666597
extraction,0.666597
extractors,0.666597
fancy,0.666597
fields,0.666597
fittest,0.666597
fringe,0.666597
gins,0.666597
grown,0.666597
headquartered,0.666597
heaters,0.666597
hottest,0.666597
instruction,0.666597
kinds,0.666597
lucky,0.666597
makers,0.666597
mechanical,0.666597
occupied,0.666597
piping,0.666597
prompt,0.666597
ratios,0.666597
realizing,0.666597
reams,0.666597
resistant,0.666597
roughly,0.666597
safe,0.666597
salesmanship,0.666597
seed,0.666597
segment,0.666597
seniors,0.666597
separators,0.666597
somehow,0.666597
subscribe,0.666597
tons,0.666597
translated,0.666597
underwriter,0.666597
underwriting,0.666597
ups,0.666597
weighs,0.666597
winds,0.666597
shares,0.619773
cotton,0.612245
potato,0.574607
Cotton,0.567079
cleaning,0.559552
priced,0.559552
Gerald,0.552024
Supply,0.552024
coast,0.552024
factory,0.552024
maker,0.552024
slight,0.552024
valued,0.552024
Bailey,0.544497
Belt,0.544497
Bryan,0.544497
Carruthers,0.544497
Cliff,0.544497
Ga,0.544497
Hayes,0.544497
Headquarters,0.544497
Housing,0.544497
Jefferson,0.544497
Lubbock,0.544497
Mike,0.544497
Moss,0.544497
Nancy,0.544497
Page,0.544497
Presently,0.544497
Principal,0.544497
Ronald,0.544497
Stephenson,0.544497
Sunset,0.544497
Swiss,0.544497
Switzerland,0.544497
System,0.544497
allotted,0.544497
banquet,0.544497
belt,0.544497
buyers,0.544497
confirmation,0.544497
contain,0.544497
cracked,0.544497
distribute,0.544497
dividend,0.544497
everyone,0.544497
foods,0.544497
grab,0.544497
hardware,0.544497
harvesting,0.544497
juniors,0.544497
laboratory,0.544497
lately,0.544497
managing,0.544497
marketing,0.544497
merger,0.544497
mergers,0.544497
neighborhood,0.544497
newest,0.544497
newspapers,0.544497
optimism,0.544497
optimistic,0.544497
originated,0.544497
overhead,0.544497
pickup,0.544497
proximity,0.544497
qualify,0.544497
recovering,0.544497
regularly,0.544497
sizable,0.544497
supplement,0.544497
survival,0.544497
sweeping,0.544497
underwriters,0.544497
upward,0.544497
wanting,0.544497
quarter,0.505774
combination,0.486153
earnings,0.486153
manufacturing,0.486153
Morton,0.480793
Mitchell,0.479613
Murray,0.479613
dynamic,0.479613
processing,0.479613
sells,0.479613
standard,0.479613
trading,0.479613
yield,0.479613
Bankers,0.473073
Birmingham,0.473073
Burke,0.473073
Business,0.473073
Earl,0.473073
Freeman,0.473073
Gary,0.473073
Investors,0.473073
Moore,0.473073
Turner,0.473073
Weaver,0.473073
acceptance,0.473073
careers,0.473073
competitive,0.473073
corn,0.473073
dealers,0.473073
decline,0.473073
depression,0.473073
equal,0.473073
exhibit,0.473073
expanded,0.473073
flavor,0.473073
follows,0.473073
gains,0.473073
grounds,0.473073
handles,0.473073
inquiries,0.473073
investors,0.473073
maintain,0.473073
offering,0.473073
participating,0.473073
percentage,0.473073
pleased,0.473073
prominent,0.473073
publicly,0.473073
recession,0.473073
renewal,0.473073
reserved,0.473073
retirement,0.473073
schedules,0.473073
signs,0.473073
site,0.473073
smaller,0.473073
youngsters,0.473073
stock,0.467828
Dallas,0.467425
investment,0.451595
operations,0.451595
price,0.445755
customers,0.439915
distribution,0.434076
located,0.434076
Ala,0.428236
anywhere,0.428236
bank,0.428236
circumstances,0.428236
claim,0.428236
closely,0.428236
deal,0.428236
quoted,0.428236
machinery,0.425459
Columbus,0.422397
Continental,0.422397
Delta,0.422397
Fair,0.422397
Indeed,0.422397
Milton,0.422397
Mississippi,0.422397
Oak,0.422397
Sheraton,0.422397
Stone,0.422397
acre,0.422397
acting,0.422397
anticipated,0.422397
auto,0.422397
convenience,0.422397
core,0.422397
depending,0.422397
doors,0.422397
economy,0.422397
educational,0.422397
includes,0.422397
jumped,0.422397
manufacturer,0.422397
mark,0.422397
meaning,0.422397
offices,0.422397
pound,0.422397
practical,0.422397
purchased,0.422397
reaching,0.422397
remain,0.422397
showed,0.422397
stated,0.422397
trend,0.422397
urban,0.422397
makes,0.40957
sold,0.398978
stocks,0.398978
supplies,0.398978
Ann,0.388385
Inc,0.388385
bankers,0.388385
growing,0.388385
oil,0.388385
selling,0.388385
Arnold,0.383089
Carl,0.383089
Corp,0.383089
Davis,0.383089
February,0.383089
Lloyd,0.383089
Room,0.383089
Second,0.383089
Tech,0.383089
Wilson,0.383089
bases,0.383089
boost,0.383089
compared,0.383089
complex,0.383089
confident,0.383089
easy,0.383089
employees,0.383089
employment,0.383089
encouraging,0.383089
happened,0.383089
joint,0.383089
larger,0.383089
lower,0.383089
moment,0.383089
north,0.383089
outstanding,0.383089
proved,0.383089
sale,0.383089
seeking,0.383089
suddenly,0.383089
hot,0.365529
Sherman,0.355825
bid,0.355825
buy,0.355825
dollars,0.355825
employes,0.355825
exhibition,0.355825
proposals,0.355825
Dean,0.350973
Houston,0.350973
Johnny,0.350973
Patricia,0.350973
Raymond,0.350973
Thompson,0.350973
argument,0.350973
behind,0.350973
believes,0.350973
deep,0.350973
gain,0.350973
lay,0.350973
management,0.350973
mind,0.350973
parts,0.350973
production,0.350973
stands,0.350973
growth,0.332772
sell,0.332772
facilities,0.328295
plant,0.328295
firms,0.325206
French,0.323819
address,0.323819
answer,0.323819
anything,0.323819
countries,0.323819
delivered,0.323819
ended,0.323819
expense,0.323819
learned,0.323819
looking,0.323819
measure,0.323819
millions,0.323819
o,0.323819
owners,0.323819
partner,0.323819
population,0.323819
tremendous,0.323819
unit,0.323819
Co,0.314331
sales,0.310467
T,0.3086
Now,0.304448
honored,0.304448
housing,0.304448
equipment,0.300679
Austin,0.300297
January,0.300297
June,0.300297
Only,0.300297
Those,0.300297
above,0.300297
agreement,0.300297
based,0.300297
cases,0.300297
caught,0.300297
central,0.300297
combined,0.300297
costs,0.300297
estate,0.300297
fast,0.300297
headed,0.300297
headquarters,0.300297
largely,0.300297
morning,0.300297
offer,0.300297
ones,0.300297
product,0.300297
successful,0.300297
things,0.300297
trade,0.300297
market,0.289854
More,0.287278
companies,0.287278
Administration,0.283414
demand,0.283414
higher,0.283414
known,0.283414
modern,0.283414
students,0.283414
About,0.279549
Education,0.279549
First,0.279549
Service,0.279549
administration,0.279549
age,0.279549
anyone,0.279549
basis,0.279549
considered,0.279549
estimated,0.279549
except,0.279549
jobs,0.279549
knew,0.279549
let,0.279549
list,0.279549
moved,0.279549
why,0.279549
industry,0.275422
share,0.275422
cent,0.267832
states,0.264597
April,0.260989
Federal,0.260989
Lawrence,0.260989
Mary,0.260989
Sam,0.260989
community,0.260989
driving,0.260989
fire,0.260989
hardly,0.260989
having,0.260989
plus,0.260989
prices,0.260989
recently,0.260989
reports,0.260989
thought,0.260989
Texas,0.257704
issue,0.244693
Hotel,0.2442
However,0.2442
Thomas,0.2442
Thursday,0.2442
areas,0.2442
continue,0.2442
county,0.2442
daily,0.2442
level,0.2442
particularly,0.2442
previous,0.2442
reasons,0.2442
strong,0.2442
times,0.2442
vice,0.2442
worth,0.2442
cars,0.238365
complete,0.238365
David,0.235201
line,0.235201
nation,0.235201
Association,0.232037
Bill,0.232037
car,0.232037
ve,0.232037
America,0.228873
Both,0.228873
So,0.228873
South,0.228873
afternoon,0.228873
district,0.228873
effect,0.228873
effective,0.228873
manager,0.228873
others,0.228873
project,0.228873
season,0.228873
started,0.223681
G,0.217742
increase,0.217742
wide,0.217742
per,0.215662
Robert,0.214773
building,0.214773
date,0.214773
earlier,0.214773
fact,0.214773
hit,0.214773
schools,0.214773
soon,0.214773
tax,0.214773
thing,0.214773
wanted,0.214773
County,0.210085
coming,0.204507
foreign,0.204507
operation,0.204507
themselves,0.204507
With,0.201719
center,0.201719
club,0.201719
designed,0.201719
find,0.201719
job,0.201719
p,0.201719
company,0.197427
H,0.192186
history,0.192186
provide,0.192186
rather,0.192186
system,0.192186
All,0.189565
Charles,0.189565
Club,0.189565
Some,0.189565
Wednesday,0.189565
feel,0.189565
million,0.189565
th,0.189565
turn,0.189565
weeks,0.189565
total,0.185587
March,0.181413
North,0.18066
almost,0.18066
firm,0.179097
done,0.178197
enough,0.178197
every,0.178197
face,0.178197
late,0.178197
led,0.178197
taking,0.178197
began,0.172686
office,0.169833
top,0.169833
Kennedy,0.167517
full,0.167517
problem,0.167517
recent,0.167517
E,0.161802
large,0.159625
After,0.157449
N,0.157449
able,0.157449
country,0.157449
going,0.157449
meeting,0.157449
service,0.157449
used,0.157449
result,0.15406
national,0.152015
William,0.14997
found,0.14997
For,0.147925
R,0.147925
Tuesday,0.147925
We,0.147925
again,0.147925
including,0.147925
local,0.147925
need,0.147925
number,0.147925
possible,0.147925
put,0.147925
second,0.147925
very,0.147925
few,0.142729
York,0.140809
making,0.140809
third,0.140809
case,0.138889
expected,0.138889
W,0.135699
On,0.132096
area,0.132096
days,0.132096
run,0.132096
today,0.132096
until,0.132096
James,0.130295
around,0.130295
big,0.130295
general,0.130295
little,0.130295
must,0.130295
present,0.130295
right,0.130295
taken,0.130295
came,0.125476
men,0.125476
months,0.125476
part,0.123788
As,0.1221
State,0.1221
along,0.1221
business,0.1221
how,0.1221
month,0.1221
several,0.1221
program,0.115849
ago,0.11427
annual,0.11427
held,0.11427
president,0.11427
public,0.111201
U,0.109725
And,0.108249
got,0.108249
another,0.106773
go,0.106773
group,0.106773
m,0.106773
here,0.106465
these,0.100958
early,0.0995818
good,0.0995818
just,0.0995818
next,0.0995818
past,0.0995818
people,0.0939541
many,0.0919713
S,0.0895927
during,0.0884034
make,0.0884034
like,0.0872141
long,0.0872141
world,0.0872141
being,0.0860248
did,0.0860248
those,0.0840214
even,0.0807193
may,0.0796186
off,0.0796186
well,0.0796186
work,0.0796186
since,0.0754677
each,0.0734371
New,0.0693307
back,0.068398
high,0.0674653
members,0.0674653
such,0.0625421
John,0.0616892
They,0.0599743
get,0.0576477
because,0.0568721
There,0.0560966
both,0.0560966
if,0.0560966
so,0.0560966
week,0.0520773
This,0.0513767
do,0.0460453
what,0.0460453
before,0.0454174
could,0.0454174
home,0.0454174
them,0.0403111
But,0.0373035
can,0.0363261
some,0.0353488
under,0.0353488
last,0.0322102
time,0.0309443
into,0.0305223
years,0.0265387
said,0.0261817
three,0.0261817
first,0.0233053
only,0.0221303
made,0.0215428
He,0.021249
I,0.021249
year,0.0195745
had,0.0181818
about,0.0177176
also,0.0177176
It,0.0172534
or,0.0170213
there,0.0170213
would,0.0170213
two,0.0167892
than,0.0138153
up,0.0134714
its,0.0131274
more,0.0131274
their,0.0131274
new,0.0129554
all,0.00910096
are,0.00910096
over,0.00887438
this,0.00887438
were,0.00876109
no,0.00842122
In,0.00830793
he,0.00830793
they,0.00449756
been,0.00427362
not,0.00427362
A,0.00410566
but,0.00410566
his,0.00404967
other,0.00404967
The,0.0
``,0.0
a,0.0
an,0.0
and,0.0
as,0.0
at,0.0
be,0.0
by,0.0
for,0.0
from,0.0
has,0.0
have,0.0
in,0.0
is,0.0
it,0.0
of,0.0
on,0.0
one,0.0
out,0.0
s,0.0
that,0.0
the,0.0
to,0.0
was,0.0
which,0.0
who,0.0
will,0.0
with,0.0
