debentures,0.710682
Peterson,0.692915
Diversified,0.684032
Draper,0.684032
Perlman,0.684032
Sprinkel,0.684032
Assn,0.675148
Dow,0.675148
Exchange,0.675148
Growth,0.675148
Investment,0.675148
Reserve,0.675148
Volume,0.675148
cautioned,0.675148
dividends,0.675148
lift,0.675148
merge,0.675148
refuted,0.675148
shareholders,0.675148
Alto,0.666265
Analysts,0.666265
Answer,0.666265
Bad,0.666265
Bell,0.666265
Beryl,0.666265
Camera,0.666265
Chemical,0.666265
Creations,0.666265
Danger,0.666265
Doyle,0.666265
Due,0.666265
Electronics,0.666265
Expect,0.666265
Fairchild,0.666265
Foil,0.666265
Fundamental,0.666265
Gains,0.666265
Gaither,0.666265
Howell,0.666265
ICC,0.666265
Increase,0.666265
Kawecki,0.666265
Leaders,0.666265
Marketing,0.666265
Palo,0.666265
Phelan,0.666265
Railroads,0.666265
Read,0.666265
Round,0.666265
Sacrifices,0.666265
Starts,0.666265
Streeters,0.666265
Teleprompter,0.666265
Television,0.666265
Thesis,0.666265
Trading,0.666265
Trust,0.666265
Tuohy,0.666265
Write,0.666265
abrupt,0.666265
aggressively,0.666265
alter,0.666265
appropriations,0.666265
blackmail,0.666265
bluntly,0.666265
borrowing,0.666265
brain,0.666265
communism,0.666265
comparatively,0.666265
complaining,0.666265
conferees,0.666265
consisted,0.666265
consolidation,0.666265
continuation,0.666265
custodian,0.666265
cyclical,0.666265
dares,0.666265
declaring,0.666265
dipped,0.666265
dwindled,0.666265
envisioned,0.666265
equalizers,0.666265
erasing,0.666265
examination,0.666265
examiner,0.666265
expenditures,0.666265
finds,0.666265
foreseeable,0.666265
gather,0.666265
gauntlet,0.666265
geometrically,0.666265
heritage,0.666265
highs,0.666265
holdings,0.666265
inappropriate,0.666265
industrialist,0.666265
inflation,0.666265
irate,0.666265
jam,0.666265
jump,0.666265
justify,0.666265
lesson,0.666265
liable,0.666265
log,0.666265
lows,0.666265
marketed,0.666265
mistake,0.666265
momentum,0.666265
monetary,0.666265
movements,0.666265
narrowed,0.666265
neo,0.666265
paving,0.666265
pessimism,0.666265
phases,0.666265
pivotal,0.666265
polled,0.666265
precarious,0.666265
probability,0.666265
programmed,0.666265
queries,0.666265
questionable,0.666265
rebuffed,0.666265
renting,0.666265
resistance,0.666265
resulting,0.666265
retrenching,0.666265
satisfactorily,0.666265
saturation,0.666265
shareholder,0.666265
sidelines,0.666265
snapback,0.666265
stagnationist,0.666265
stimulation,0.666265
stockholder,0.666265
subordinated,0.666265
surrender,0.666265
thesis,0.666265
tighten,0.666265
unconventional,0.666265
unsatisfactory,0.666265
venture,0.666265
weaken,0.666265
weekly,0.666265
whopping,0.666265
yourself,0.666265
shares,0.59502
Stock,0.573251
camera,0.565994
convertible,0.565994
Oil,0.558738
percent,0.558738
Chesapeake,0.551482
Dillon,0.551482
Hayes,0.551482
Housing,0.551482
bankruptcy,0.551482
economist,0.551482
electronic,0.551482
fairly,0.551482
hemisphere,0.551482
marketing,0.551482
merger,0.551482
pan,0.551482
technology,0.551482
Associated,0.544225
Bradford,0.544225
Clay,0.544225
Consumer,0.544225
Interstate,0.544225
Japanese,0.544225
Maybe,0.544225
Nothing,0.544225
Rather,0.544225
Something,0.544225
abortive,0.544225
accounts,0.544225
adverse,0.544225
autumn,0.544225
believing,0.544225
belong,0.544225
businessmen,0.544225
closing,0.544225
column,0.544225
converted,0.544225
correctly,0.544225
creative,0.544225
dangers,0.544225
data,0.544225
discrepancy,0.544225
durable,0.544225
excessive,0.544225
fail,0.544225
forecasts,0.544225
inherent,0.544225
magnetic,0.544225
mistakes,0.544225
odds,0.544225
premium,0.544225
presently,0.544225
presumably,0.544225
qualify,0.544225
railroads,0.544225
respects,0.544225
restless,0.544225
retire,0.544225
sank,0.544225
securities,0.544225
selects,0.544225
shelter,0.544225
situations,0.544225
sooner,0.544225
squared,0.544225
strongly,0.544225
suggest,0.544225
switch,0.544225
tape,0.544225
tend,0.544225
thereafter,0.544225
traded,0.544225
undertake,0.544225
underwriters,0.544225
unlikely,0.544225
upturn,0.544225
viewing,0.544225
warned,0.544225
worst,0.544225
builders,0.510664
recovery,0.510664
substantial,0.491751
Bank,0.485446
offering,0.485446
Treasury,0.479142
depression,0.479142
fear,0.479142
flash,0.479142
improvement,0.479142
issues,0.479142
represented,0.479142
Bankers,0.472837
Beverly,0.472837
Election,0.472837
Investors,0.472837
Japan,0.472837
Jersey,0.472837
Look,0.472837
Press,0.472837
Question,0.472837
Republic,0.472837
Wall,0.472837
activity,0.472837
attempts,0.472837
averages,0.472837
basically,0.472837
brilliant,0.472837
buying,0.472837
corrected,0.472837
cross,0.472837
drastic,0.472837
dull,0.472837
effectively,0.472837
exchange,0.472837
facing,0.472837
gained,0.472837
handles,0.472837
historic,0.472837
inadequate,0.472837
inquiries,0.472837
installed,0.472837
investors,0.472837
invited,0.472837
moderate,0.472837
mutual,0.472837
nationally,0.472837
obviously,0.472837
outright,0.472837
paper,0.472837
peak,0.472837
possibly,0.472837
posted,0.472837
processing,0.472837
promises,0.472837
reforms,0.472837
renewal,0.472837
rid,0.472837
routine,0.472837
standing,0.472837
steady,0.472837
steel,0.472837
successfully,0.472837
summoned,0.472837
threaten,0.472837
totaled,0.472837
tractor,0.472837
trading,0.472837
tribute,0.472837
ultimate,0.472837
uncertain,0.472837
visited,0.472837
wasn,0.472837
yield,0.472837
bank,0.450332
economy,0.450332
Fund,0.439074
billion,0.439074
Baltimore,0.433445
Railroad,0.433445
Taylor,0.433445
Gulf,0.427815
UPI,0.427815
advance,0.427815
competition,0.427815
declined,0.427815
industrial,0.427815
permit,0.427815
predicted,0.427815
prospects,0.427815
Any,0.422186
Hills,0.422186
Its,0.422186
Pacific,0.422186
Santa,0.422186
Savings,0.422186
Simpson,0.422186
Walter,0.422186
accompanied,0.422186
acting,0.422186
active,0.422186
attorneys,0.422186
automatic,0.422186
badly,0.422186
consumer,0.422186
danger,0.422186
deal,0.422186
goods,0.422186
improving,0.422186
interview,0.422186
longer,0.422186
looked,0.422186
losses,0.422186
manufacturer,0.422186
membership,0.422186
nearing,0.422186
non,0.422186
pace,0.422186
pattern,0.422186
poll,0.422186
pushed,0.422186
reaching,0.422186
rose,0.422186
sacrifice,0.422186
slow,0.422186
solid,0.422186
speaker,0.422186
staged,0.422186
story,0.422186
temporary,0.422186
testified,0.422186
unable,0.422186
viewed,0.422186
witness,0.422186
Alfred,0.388004
advanced,0.388004
cited,0.388004
intentions,0.388004
lower,0.388004
railroad,0.388004
rates,0.388004
rise,0.388004
technical,0.388004
threat,0.388004
volume,0.388004
Ambassador,0.382898
Anderson,0.382898
Barbara,0.382898
Castro,0.382898
Commission,0.382898
Corp,0.382898
Douglas,0.382898
German,0.382898
Germany,0.382898
Moscow,0.382898
Peter,0.382898
Why,0.382898
appear,0.382898
bankers,0.382898
complex,0.382898
conditions,0.382898
decisions,0.382898
employment,0.382898
enjoyed,0.382898
experience,0.382898
handle,0.382898
ideas,0.382898
judgment,0.382898
levels,0.382898
orders,0.382898
outlook,0.382898
policies,0.382898
requests,0.382898
resulted,0.382898
security,0.382898
selling,0.382898
somewhat,0.382898
thirds,0.382898
voting,0.382898
wisdom,0.382898
wrong,0.382898
AP,0.36483
Center,0.360152
errors,0.360152
Under,0.355475
buy,0.355475
capital,0.355475
gain,0.355475
letters,0.355475
production,0.355475
Berlin,0.350798
Commerce,0.350798
Cuban,0.350798
Harris,0.350798
believes,0.350798
cash,0.350798
certainly,0.350798
created,0.350798
direct,0.350798
farm,0.350798
gone,0.350798
likely,0.350798
management,0.350798
mentioned,0.350798
noted,0.350798
original,0.350798
products,0.350798
raise,0.350798
reply,0.350798
rising,0.350798
throw,0.350798
traditional,0.350798
unless,0.350798
usually,0.350798
worse,0.350798
wrote,0.350798
financial,0.336604
growth,0.336604
common,0.332288
due,0.332288
California,0.327973
budget,0.327973
urged,0.327973
Another,0.323657
Gen,0.323657
Oct,0.323657
account,0.323657
address,0.323657
advertising,0.323657
answer,0.323657
attending,0.323657
battle,0.323657
beginning,0.323657
bought,0.323657
contributions,0.323657
despite,0.323657
disclosed,0.323657
hoped,0.323657
learned,0.323657
movement,0.323657
poor,0.323657
reach,0.323657
strength,0.323657
strike,0.323657
taxes,0.323657
tremendous,0.323657
words,0.323657
reason,0.316155
June,0.308151
expansion,0.308151
hearing,0.308151
product,0.308151
things,0.308151
Jones,0.304149
advantage,0.304149
condition,0.304149
costs,0.304149
Chairman,0.300147
based,0.300147
combined,0.300147
faced,0.300147
fellow,0.300147
firms,0.300147
greatest,0.300147
headed,0.300147
housing,0.300147
introduced,0.300147
labor,0.300147
nations,0.300147
nothing,0.300147
offered,0.300147
planning,0.300147
rate,0.300147
request,0.300147
research,0.300147
severe,0.300147
starts,0.300147
successful,0.300147
trying,0.300147
Ohio,0.294311
Central,0.290586
Co,0.290586
economic,0.290586
Union,0.28686
sales,0.28686
Aj,0.283135
believe,0.283135
bills,0.283135
example,0.283135
largest,0.283135
look,0.283135
Army,0.27941
Chicago,0.27941
Coast,0.27941
Feb,0.27941
First,0.27941
Russia,0.27941
administration,0.27941
change,0.27941
defense,0.27941
goal,0.27941
key,0.27941
list,0.27941
needs,0.27941
opened,0.27941
required,0.27941
seems,0.27941
touch,0.27941
view,0.27941
war,0.27941
why,0.27941
industry,0.27825
O,0.274772
average,0.271294
market,0.267815
Federal,0.264337
Howard,0.264337
Secretary,0.264337
am,0.264337
international,0.264337
us,0.264337
Although,0.260859
amount,0.260859
cost,0.260859
executive,0.260859
greater,0.260859
leaders,0.260859
nor,0.260859
plus,0.260859
policy,0.260859
prices,0.260859
share,0.260859
thought,0.260859
conference,0.253842
short,0.250587
cannot,0.247333
current,0.247333
fund,0.247333
level,0.247333
limited,0.247333
news,0.247333
Board,0.244078
However,0.244078
Of,0.244078
Thomas,0.244078
carry,0.244078
chief,0.244078
don,0.244078
favor,0.244078
felt,0.244078
forces,0.244078
immediate,0.244078
less,0.244078
lost,0.244078
often,0.244078
previous,0.244078
ready,0.244078
reasons,0.244078
throughout,0.244078
worth,0.244078
effect,0.234859
situation,0.234859
term,0.234859
move,0.231809
similar,0.231809
within,0.231809
America,0.228759
While,0.228759
afternoon,0.228759
declared,0.228759
effective,0.228759
generally,0.228759
line,0.228759
says,0.228759
tell,0.228759
control,0.217528
getting,0.217528
increase,0.217528
kind,0.217528
G,0.214666
aid,0.214666
became,0.214666
building,0.214666
development,0.214666
evidence,0.214666
nine,0.214666
proposed,0.214666
saw,0.214666
statement,0.214666
million,0.207155
coming,0.204306
L,0.201618
Other,0.201618
West,0.201618
With,0.201618
drive,0.201618
foreign,0.201618
hand,0.201618
least,0.201618
paid,0.201618
themselves,0.201618
future,0.194523
re,0.194523
system,0.194523
funds,0.191997
support,0.191997
All,0.189471
H,0.189471
Some,0.189471
action,0.189471
bring,0.189471
half,0.189471
indicated,0.189471
plan,0.189471
rather,0.189471
reported,0.189471
session,0.189471
weeks,0.189471
won,0.189471
interest,0.182857
face,0.180483
late,0.180483
P,0.178108
according,0.178108
become,0.178108
meet,0.178108
period,0.178108
taking,0.178108
March,0.169666
Kennedy,0.167434
among,0.167434
away,0.167434
firm,0.167434
full,0.167434
head,0.167434
recent,0.167434
start,0.167434
upon,0.167434
B,0.163665
Tuesday,0.163622
That,0.159469
E,0.15737
N,0.15737
President,0.15737
able,0.15737
began,0.15737
better,0.15737
country,0.15737
does,0.15737
former,0.15737
know,0.15737
money,0.15737
used,0.15737
great,0.153765
needed,0.153765
National,0.149822
We,0.149822
number,0.149822
York,0.148075
Jr,0.147851
William,0.147851
found,0.147851
give,0.147851
national,0.147851
need,0.147851
place,0.147851
result,0.147851
same,0.147851
second,0.147851
very,0.147851
Monday,0.144373
expected,0.142522
case,0.140671
government,0.140671
making,0.13882
show,0.13882
third,0.13882
must,0.135439
around,0.131966
present,0.131966
On,0.13023
W,0.13023
best,0.13023
come,0.13023
days,0.13023
general,0.13023
my,0.13023
taken,0.13023
today,0.13023
you,0.13023
our,0.128548
how,0.126921
C,0.125294
As,0.123666
own,0.123666
told,0.123666
president,0.12335
City,0.122039
asked,0.122039
business,0.122039
called,0.122039
month,0.122039
months,0.122039
never,0.122039
still,0.122039
Washington,0.118781
J,0.115736
ago,0.114213
annual,0.114213
far,0.114213
held,0.114213
later,0.114213
should,0.110988
U,0.108142
between,0.108142
group,0.108142
And,0.10672
given,0.10672
go,0.10672
got,0.10672
public,0.10672
American,0.102186
here,0.102186
these,0.102186
good,0.100859
At,0.0995322
announced,0.0995322
early,0.0995322
much,0.0995322
next,0.0995322
past,0.0995322
see,0.0995322
people,0.0926268
way,0.0894213
S,0.0871284
make,0.0871284
world,0.0871284
being,0.085982
during,0.085982
like,0.085982
even,0.08064
well,0.08064
work,0.08064
may,0.0795789
old,0.0795789
we,0.0764225
since,0.0753579
each,0.0734005
New,0.0728262
down,0.0692298
back,0.0683307
high,0.0674317
then,0.0674317
through,0.0674317
t,0.0641248
day,0.0633027
John,0.0616585
four,0.0616585
such,0.0616585
any,0.0583114
get,0.0583114
if,0.0575638
both,0.0568162
so,0.0568162
They,0.0560687
because,0.0560687
This,0.0513262
most,0.0506508
week,0.0506508
could,0.0466053
do,0.0466053
before,0.046
home,0.0453948
what,0.0453948
can,0.0367444
some,0.0362733
But,0.0353312
under,0.0353312
into,0.0317274
time,0.0309139
said,0.03063
last,0.0305071
years,0.0261559
now,0.0258118
three,0.0258118
He,0.0229375
I,0.0229375
only,0.0218048
made,0.0215216
when,0.0212384
about,0.0178995
would,0.0178995
also,0.0174521
two,0.0174521
year,0.0174521
or,0.0172283
there,0.0172283
It,0.0170046
had,0.0167808
new,0.0135937
more,0.0130964
than,0.0130964
their,0.0129306
its,0.0127649
up,0.0124333
this,0.00939184
he,0.00884581
are,0.00862739
were,0.00862739
all,0.00840898
no,0.00840898
In,0.00829977
over,0.00829977
but,0.00437147
not,0.00437147
been,0.00420956
they,0.00420956
his,0.00415559
A,0.00410163
other,0.00410163
The,0.0
``,0.0
a,0.0
an,0.0
and,0.0
as,0.0
at,0.0
be,0.0
by,0.0
for,0.0
from,0.0
has,0.0
have,0.0
in,0.0
is,0.0
it,0.0
of,0.0
on,0.0
one,0.0
out,0.0
s,0.0
that,0.0
the,0.0
to,0.0
was,0.0
which,0.0
who,0.0
will,0.0
with,0.0
