Farmers,0.681829
clay,0.681829
depletion,0.681829
implements,0.681829
pickers,0.681829
retail,0.681829
tractors,0.681829
Harvester,0.67368
Houtz,0.67368
Keeler,0.67368
acreage,0.67368
appliances,0.67368
averaging,0.67368
deduction,0.67368
deductions,0.67368
output,0.67368
owed,0.67368
taxable,0.67368
Adjusted,0.66553
Charitable,0.66553
Dealers,0.66553
Ehlers,0.66553
Elburn,0.66553
Farm,0.66553
Ferguson,0.66553
Fields,0.66553
Hiring,0.66553
Iowa,0.66553
Ltd,0.66553
Massey,0.66553
Merritt,0.66553
Motor,0.66553
Ninth,0.66553
Possible,0.66553
Seven,0.66553
Sioux,0.66553
Staiger,0.66553
Toronto,0.66553
Total,0.66553
Tractor,0.66553
Voters,0.66553
adjourning,0.66553
adjusted,0.66553
adjustment,0.66553
affects,0.66553
allows,0.66553
assets,0.66553
bars,0.66553
battered,0.66553
boats,0.66553
briefs,0.66553
cadet,0.66553
chair,0.66553
challenges,0.66553
chemicals,0.66553
climbing,0.66553
commenting,0.66553
competitor,0.66553
computed,0.66553
coverage,0.66553
cutback,0.66553
declare,0.66553
deducted,0.66553
deductibility,0.66553
delivery,0.66553
demanding,0.66553
dense,0.66553
disallowed,0.66553
discriminatory,0.66553
disposed,0.66553
distributions,0.66553
divulging,0.66553
donor,0.66553
drought,0.66553
economists,0.66553
edged,0.66553
efficiently,0.66553
entirety,0.66553
entities,0.66553
experiencing,0.66553
extends,0.66553
fertilizer,0.66553
figuring,0.66553
forecast,0.66553
gasoline,0.66553
grain,0.66553
identity,0.66553
imposition,0.66553
inclined,0.66553
index,0.66553
industries,0.66553
inventories,0.66553
invoices,0.66553
kerosene,0.66553
kickbacks,0.66553
lag,0.66553
liquidation,0.66553
liquidations,0.66553
marketings,0.66553
mined,0.66553
morality,0.66553
notable,0.66553
pad,0.66553
particulars,0.66553
percentages,0.66553
picker,0.66553
pipe,0.66553
pitfall,0.66553
planted,0.66553
producers,0.66553
railing,0.66553
realty,0.66553
receipts,0.66553
revenuers,0.66553
seared,0.66553
seasonal,0.66553
seasonally,0.66553
sections,0.66553
shortages,0.66553
slash,0.66553
softened,0.66553
spouse,0.66553
stemmed,0.66553
subsidiary,0.66553
subsidies,0.66553
substantiation,0.66553
supports,0.66553
supreme,0.66553
termination,0.66553
tilts,0.66553
transaction,0.66553
upshots,0.66553
upswing,0.66553
uptrend,0.66553
vessel,0.66553
yardstick,0.66553
yields,0.66553
farmers,0.576909
dealer,0.556939
raw,0.556939
slightly,0.556939
allowances,0.550282
estimate,0.550282
materials,0.550282
mineral,0.550282
pickup,0.550282
relief,0.550282
revenue,0.550282
taxed,0.550282
taxpayer,0.550282
Consumer,0.543626
Except,0.543626
Gus,0.543626
Nearly,0.543626
Page,0.543626
Paradoxically,0.543626
Peace,0.543626
Requests,0.543626
aided,0.543626
allowance,0.543626
arrangement,0.543626
attachment,0.543626
chart,0.543626
checked,0.543626
claims,0.543626
climbed,0.543626
collects,0.543626
comparable,0.543626
conscious,0.543626
contention,0.543626
contested,0.543626
controls,0.543626
corporations,0.543626
creating,0.543626
deductible,0.543626
entitled,0.543626
exceptions,0.543626
excessive,0.543626
excise,0.543626
feed,0.543626
frequent,0.543626
furnish,0.543626
haggling,0.543626
harvesting,0.543626
hitch,0.543626
incentive,0.543626
incurred,0.543626
invoking,0.543626
kicked,0.543626
lagged,0.543626
lowest,0.543626
material,0.543626
mining,0.543626
opposes,0.543626
owner,0.543626
parent,0.543626
pensions,0.543626
portable,0.543626
prior,0.543626
privileges,0.543626
profits,0.543626
provision,0.543626
pushing,0.543626
realized,0.543626
removed,0.543626
retain,0.543626
returns,0.543626
shipments,0.543626
shipping,0.543626
signing,0.543626
sizable,0.543626
steep,0.543626
stepped,0.543626
surge,0.543626
suspects,0.543626
tells,0.543626
tile,0.543626
traded,0.543626
trailed,0.543626
upturn,0.543626
wanting,0.543626
warn,0.543626
wholly,0.543626
dealers,0.5128
gains,0.489666
Revenue,0.483883
buying,0.483883
corn,0.483883
mid,0.483883
pension,0.483883
Easter,0.478099
applied,0.478099
authorized,0.478099
crop,0.478099
exempt,0.478099
gross,0.478099
occupation,0.478099
percentage,0.478099
retirement,0.478099
showing,0.478099
billion,0.47336
Agriculture,0.472316
Case,0.472316
Mark,0.472316
Net,0.472316
Not,0.472316
Price,0.472316
Security,0.472316
aboard,0.472316
aiding,0.472316
assured,0.472316
benefits,0.472316
bordering,0.472316
chiefly,0.472316
claimed,0.472316
client,0.472316
contribution,0.472316
corporate,0.472316
crops,0.472316
dates,0.472316
decline,0.472316
deny,0.472316
eager,0.472316
earnings,0.472316
enactment,0.472316
equal,0.472316
establishing,0.472316
exception,0.472316
excess,0.472316
experts,0.472316
farmer,0.472316
farms,0.472316
filing,0.472316
impact,0.472316
improvement,0.472316
increases,0.472316
instance,0.472316
machine,0.472316
motion,0.472316
officially,0.472316
older,0.472316
possibly,0.472316
recipient,0.472316
recovery,0.472316
scrutiny,0.472316
sells,0.472316
sewer,0.472316
sharp,0.472316
specified,0.472316
stores,0.472316
tendency,0.472316
tickets,0.472316
upheld,0.472316
manufacturers,0.437213
payments,0.437213
Tax,0.432049
prospects,0.432049
ruling,0.432049
rural,0.432049
Louisiana,0.426885
price,0.426885
regarded,0.426885
rose,0.426885
stressed,0.426885
Appeals,0.421721
Circuit,0.421721
Colorado,0.421721
Such,0.421721
Supreme,0.421721
Though,0.421721
absorbed,0.421721
acre,0.421721
afford,0.421721
aren,0.421721
brick,0.421721
claim,0.421721
collected,0.421721
consumer,0.421721
denied,0.421721
employed,0.421721
explain,0.421721
finding,0.421721
household,0.421721
loans,0.421721
non,0.421721
note,0.421721
precedent,0.421721
purchase,0.421721
pushed,0.421721
ranging,0.421721
reaching,0.421721
relatively,0.421721
separate,0.421721
serving,0.421721
significance,0.421721
sort,0.421721
spending,0.421721
spread,0.421721
testified,0.421721
trucks,0.421721
viewed,0.421721
widespread,0.421721
farm,0.419063
August,0.41526
machinery,0.410577
sold,0.405893
benefit,0.391843
corporation,0.391843
sale,0.391843
apply,0.38716
below,0.38716
consecutive,0.38716
lower,0.38716
machines,0.38716
payment,0.38716
reduced,0.38716
resulted,0.38716
rise,0.38716
stocks,0.38716
Ford,0.382476
Ill,0.382476
Social,0.382476
agency,0.382476
aside,0.382476
closer,0.382476
compared,0.382476
containing,0.382476
expenses,0.382476
factors,0.382476
freedom,0.382476
handle,0.382476
judgment,0.382476
levels,0.382476
model,0.382476
oil,0.382476
orders,0.382476
permitted,0.382476
pre,0.382476
profit,0.382476
provides,0.382476
province,0.382476
starting,0.382476
supplies,0.382476
volume,0.382476
volunteers,0.382476
products,0.376156
income,0.370806
sales,0.357706
Commerce,0.354702
Denver,0.354702
September,0.354702
behind,0.354702
buy,0.354702
gain,0.354702
range,0.354702
rising,0.354702
V,0.350411
approval,0.350411
cash,0.350411
counties,0.350411
employes,0.350411
figure,0.350411
forced,0.350411
latter,0.350411
moving,0.350411
owned,0.350411
production,0.350411
reaction,0.350411
taxpayers,0.350411
win,0.350411
winter,0.350411
measure,0.335177
value,0.335177
finished,0.331218
account,0.327259
Before,0.323301
Corps,0.323301
adopted,0.323301
advertising,0.323301
allowed,0.323301
connection,0.323301
contributions,0.323301
doing,0.323301
double,0.323301
due,0.323301
ended,0.323301
exactly,0.323301
expense,0.323301
extra,0.323301
highest,0.323301
itself,0.323301
provided,0.323301
reach,0.323301
rejected,0.323301
review,0.323301
score,0.323301
step,0.323301
subject,0.323301
takes,0.323301
taxes,0.323301
units,0.323301
weather,0.323301
above,0.321844
Government,0.318172
Martin,0.303488
cases,0.303488
rule,0.303488
Hill,0.299816
January,0.299816
Labor,0.299816
Last,0.299816
My,0.299816
alone,0.299816
beyond,0.299816
fourth,0.299816
ground,0.299816
immediately,0.299816
morning,0.299816
points,0.299816
purpose,0.299816
rate,0.299816
running,0.299816
spend,0.299816
status,0.299816
type,0.299816
Service,0.296189
higher,0.296189
equipment,0.289288
Court,0.286097
July,0.285937
companies,0.285937
ruled,0.285937
Co,0.282519
International,0.282519
demand,0.282519
example,0.282519
legislation,0.282519
passed,0.282519
Administration,0.279102
Central,0.279102
Day,0.279102
More,0.279102
believe,0.279102
calls,0.279102
dropped,0.279102
economic,0.279102
estimated,0.279102
hands,0.279102
low,0.279102
property,0.279102
questioned,0.279102
view,0.279102
April,0.276525
Federal,0.270144
average,0.266953
decision,0.266953
prices,0.266953
tax,0.266943
amount,0.263762
industry,0.263762
keep,0.263762
states,0.263762
Although,0.260572
Bob,0.260572
Congress,0.260572
addition,0.260572
additional,0.260572
bill,0.260572
community,0.260572
cost,0.260572
especially,0.260572
husband,0.260572
live,0.260572
market,0.260572
pass,0.260572
reports,0.260572
though,0.260572
using,0.260572
Department,0.24978
report,0.24978
vice,0.24978
immediate,0.246795
areas,0.243809
cannot,0.243809
daily,0.243809
event,0.243809
felt,0.243809
individual,0.243809
less,0.243809
level,0.243809
limited,0.243809
officials,0.243809
shown,0.243809
worth,0.243809
says,0.242497
earlier,0.235435
High,0.231305
generally,0.231305
manager,0.231305
nearly,0.231305
similar,0.231305
cut,0.228507
efforts,0.228507
form,0.228507
issue,0.228507
line,0.228507
nation,0.228507
reached,0.228507
ve,0.228507
within,0.228507
date,0.217055
final,0.217055
company,0.214755
Among,0.214429
Jack,0.214429
Two,0.214429
certain,0.214429
free,0.214429
getting,0.214429
help,0.214429
lines,0.214429
organization,0.214429
relations,0.214429
statement,0.214429
With,0.206328
court,0.203862
return,0.203862
coming,0.201396
course,0.201396
designed,0.201396
hand,0.201396
involved,0.201396
job,0.201396
per,0.201396
seven,0.201396
pay,0.193897
plan,0.193897
record,0.193897
million,0.19158
reported,0.19158
turn,0.19158
law,0.190983
She,0.189262
indicated,0.189262
point,0.189262
provide,0.189262
rather,0.189262
re,0.189262
support,0.189262
weeks,0.189262
say,0.18009
North,0.177912
almost,0.177912
late,0.177912
order,0.177912
period,0.177912
probably,0.177912
total,0.177912
March,0.171345
Kennedy,0.169297
received,0.168746
firm,0.167249
full,0.167249
recent,0.167249
start,0.167249
her,0.164896
President,0.159122
One,0.157197
country,0.157197
does,0.157197
eight,0.157197
large,0.157197
money,0.157197
For,0.149496
R,0.149496
We,0.149496
D,0.147688
major,0.147688
might,0.147688
need,0.147688
possible,0.147688
result,0.147688
Mr,0.142063
making,0.142063
wife,0.142063
case,0.140365
expected,0.140365
show,0.140365
few,0.138667
third,0.138667
together,0.138667
area,0.131679
must,0.131679
around,0.130086
come,0.130086
my,0.130086
use,0.130086
month,0.127876
state,0.127876
business,0.12489
special,0.12489
however,0.123397
months,0.123397
our,0.123397
own,0.123397
still,0.123397
City,0.121905
State,0.121905
called,0.121905
part,0.121905
president,0.116881
program,0.116881
Washington,0.115484
ago,0.115484
held,0.115484
J,0.114087
U,0.106602
another,0.106602
given,0.106602
group,0.106602
public,0.106602
should,0.106602
good,0.10064
set,0.10064
these,0.10064
announced,0.0994225
early,0.0994225
just,0.0994225
much,0.0994225
next,0.0994225
see,0.0994225
without,0.0936576
people,0.0925247
S,0.0879906
being,0.0869389
many,0.0869389
did,0.0858872
during,0.0858872
like,0.0858872
make,0.0858872
may,0.0833847
those,0.0824113
old,0.0804646
well,0.0804646
since,0.0787064
each,0.0733197
down,0.0690069
we,0.0690069
back,0.0681821
high,0.0681821
then,0.0673574
through,0.0673574
where,0.0673574
such,0.0653614
four,0.0630989
John,0.0615906
t,0.0615906
any,0.0580643
get,0.0573785
so,0.0573785
because,0.0560069
both,0.0560069
him,0.0560069
most,0.0512146
This,0.050595
week,0.050595
could,0.0464552
before,0.0459
what,0.0459
home,0.0453447
them,0.0407395
under,0.0383173
some,0.0365887
can,0.0357244
last,0.0327124
into,0.0312198
after,0.0308467
said,0.0273619
three,0.0264148
years,0.0260991
I,0.0217346
when,0.0217346
year,0.0216884
made,0.0214748
only,0.021215
two,0.0177886
about,0.0173781
It,0.0171728
would,0.0171728
also,0.0169676
had,0.0169676
or,0.0169676
there,0.0167623
than,0.0140924
its,0.0136362
more,0.0133321
new,0.0133321
their,0.01318
up,0.01318
are,0.00938372
this,0.00898299
he,0.00868245
were,0.00868245
In,0.0083819
all,0.0083819
no,0.00828172
over,0.00828172
not,0.00438976
other,0.00434025
A,0.00429074
his,0.00424123
they,0.00424123
but,0.00409271
The,0.0
``,0.0
a,0.0
an,0.0
and,0.0
as,0.0
at,0.0
be,0.0
by,0.0
for,0.0
from,0.0
has,0.0
have,0.0
in,0.0
is,0.0
it,0.0
of,0.0
on,0.0
one,0.0
out,0.0
s,0.0
that,0.0
the,0.0
to,0.0
was,0.0
which,0.0
who,0.0
will,0.0
with,0.0
