Greer,0.708739
fabrics,0.698467
Composite,0.688196
Heritage,0.688196
Saledo,0.688196
acacia,0.688196
breast,0.688196
ebony,0.688196
sophisticated,0.688196
warmth,0.688196
Chicken,0.677924
Days,0.677924
Madame,0.677924
McKee,0.677924
Norell,0.677924
Oriental,0.677924
Perennian,0.677924
Rolnick,0.677924
Roquemore,0.677924
Stagecoach,0.677924
Trail,0.677924
arched,0.677924
breasts,0.677924
brown,0.677924
burl,0.677924
butter,0.677924
ceramic,0.677924
creator,0.677924
dressers,0.677924
ham,0.677924
likes,0.677924
paneled,0.677924
portrayal,0.677924
sculptured,0.677924
simplicity,0.677924
tables,0.677924
tones,0.677924
Abell,0.667653
Add,0.667653
Afro,0.667653
Anywhere,0.667653
Arrow,0.667653
Associations,0.667653
Atlee,0.667653
Auntie,0.667653
Balenciaga,0.667653
Ballroom,0.667653
Bel,0.667653
Beneficiary,0.667653
Boys,0.667653
Brassbound,0.667653
Byer,0.667653
Cabot,0.667653
Cadillac,0.667653
Called,0.667653
Camille,0.667653
Campobello,0.667653
Ceil,0.667653
Cerebral,0.667653
Chips,0.667653
Chromspun,0.667653
Clement,0.667653
Colorful,0.667653
Contemporary,0.667653
Conversion,0.667653
Coward,0.667653
Crippled,0.667653
Curie,0.667653
Danish,0.667653
Darrow,0.667653
Decorating,0.667653
Design,0.667653
Dignity,0.667653
Dining,0.667653
Dior,0.667653
Dip,0.667653
Down,0.667653
Eastman,0.667653
Exposition,0.667653
Fanning,0.667653
Ferdinando,0.667653
Fogelson,0.667653
Forsythe,0.667653
Gander,0.667653
Ginghams,0.667653
Go,0.667653
Goodbye,0.667653
Grenoble,0.667653
Harvest,0.667653
Hat,0.667653
Hockaday,0.667653
Honors,0.667653
Invitations,0.667653
Ireland,0.667653
Irene,0.667653
Isles,0.667653
Kerrville,0.667653
Kiowa,0.667653
Las,0.667653
Leave,0.667653
Macassar,0.667653
Mame,0.667653
McElvaney,0.667653
McElyee,0.667653
Mellow,0.667653
Mineral,0.667653
Miniver,0.667653
Mostly,0.667653
Noel,0.667653
Occasionally,0.667653
Orkney,0.667653
Palsy,0.667653
Pecos,0.667653
Philippine,0.667653
Pontiac,0.667653
Prejudice,0.667653
Pride,0.667653
Random,0.667653
Reared,0.667653
Repertory,0.667653
Rounded,0.667653
Saga,0.667653
Salt,0.667653
Sanger,0.667653
Sarmi,0.667653
Scandinavian,0.667653
Schmalzried,0.667653
Scotchgard,0.667653
Serve,0.667653
Serving,0.667653
Somewhere,0.667653
Sprinkle,0.667653
Stay,0.667653
Stetsons,0.667653
Studio,0.667653
Therefore,0.667653
Tibetan,0.667653
Titche,0.667653
Treatment,0.667653
Tuberculosis,0.667653
Tussard,0.667653
Use,0.667653
Vagabonds,0.667653
Vivier,0.667653
Waxworks,0.667653
Wragge,0.667653
accessories,0.667653
actress,0.667653
adept,0.667653
apt,0.667653
archaeology,0.667653
arches,0.667653
assembled,0.667653
athletes,0.667653
attire,0.667653
avant,0.667653
avoids,0.667653
bans,0.667653
bluebonnets,0.667653
bodied,0.667653
bookcases,0.667653
boxy,0.667653
broccoli,0.667653
bronzy,0.667653
buses,0.667653
cafeteria,0.667653
cafeterias,0.667653
calico,0.667653
canned,0.667653
canted,0.667653
carefully,0.667653
carpet,0.667653
casuals,0.667653
cauliflower,0.667653
characters,0.667653
chemise,0.667653
chestnut,0.667653
chests,0.667653
chow,0.667653
climaxed,0.667653
coeds,0.667653
colonel,0.667653
combines,0.667653
commuting,0.667653
comprised,0.667653
condiments,0.667653
correlated,0.667653
crafted,0.667653
craven,0.667653
cream,0.667653
creations,0.667653
custom,0.667653
decorating,0.667653
descent,0.667653
deserts,0.667653
designers,0.667653
dignitaries,0.667653
dignity,0.667653
dishes,0.667653
duress,0.667653
dutifully,0.667653
facets,0.667653
fashions,0.667653
femininity,0.667653
fishing,0.667653
flavored,0.667653
floors,0.667653
flour,0.667653
flourishes,0.667653
forms,0.667653
fronted,0.667653
functional,0.667653
garde,0.667653
gleam,0.667653
glowing,0.667653
gravy,0.667653
groceries,0.667653
hamburger,0.667653
headboard,0.667653
heavier,0.667653
heels,0.667653
hides,0.667653
hotdogs,0.667653
inlaid,0.667653
insets,0.667653
jersey,0.667653
juice,0.667653
jumpy,0.667653
label,0.667653
ladder,0.667653
lasting,0.667653
legged,0.667653
lightly,0.667653
livability,0.667653
loves,0.667653
lowered,0.667653
luncheons,0.667653
lustrous,0.667653
magenta,0.667653
marble,0.667653
mastodons,0.667653
maturity,0.667653
maybe,0.667653
mayonnaise,0.667653
meat,0.667653
melted,0.667653
mirror,0.667653
moans,0.667653
mobile,0.667653
monks,0.667653
monotony,0.667653
motto,0.667653
mushrooms,0.667653
nostalgic,0.667653
ogled,0.667653
oilman,0.667653
onion,0.667653
opera,0.667653
orange,0.667653
ounce,0.667653
outdoors,0.667653
pecan,0.667653
pepper,0.667653
permanence,0.667653
personification,0.667653
pester,0.667653
physical,0.667653
pile,0.667653
pinks,0.667653
pizza,0.667653
plaques,0.667653
plates,0.667653
poster,0.667653
postgraduate,0.667653
predominating,0.667653
prefers,0.667653
princess,0.667653
railway,0.667653
ranch,0.667653
rancher,0.667653
recessed,0.667653
reds,0.667653
reflecting,0.667653
reiterate,0.667653
reminisces,0.667653
revolutionized,0.667653
robes,0.667653
rooted,0.667653
ruggedly,0.667653
saffron,0.667653
saute,0.667653
scrapbook,0.667653
screened,0.667653
seedless,0.667653
shiny,0.667653
shoe,0.667653
shoes,0.667653
shoji,0.667653
showings,0.667653
silhouette,0.667653
silhouettes,0.667653
skeet,0.667653
snack,0.667653
softening,0.667653
soil,0.667653
spice,0.667653
spider,0.667653
sprinkle,0.667653
stagecoach,0.667653
starring,0.667653
steak,0.667653
stoked,0.667653
stomachs,0.667653
struggling,0.667653
styling,0.667653
substance,0.667653
sunbonnet,0.667653
tasteful,0.667653
tiled,0.667653
tiles,0.667653
timeless,0.667653
titian,0.667653
toes,0.667653
tops,0.667653
tribe,0.667653
trodden,0.667653
trout,0.667653
tucked,0.667653
utter,0.667653
variation,0.667653
varieties,0.667653
vests,0.667653
vicinity,0.667653
vivid,0.667653
walnut,0.667653
wearing,0.667653
western,0.667653
windows,0.667653
wool,0.667653
wormy,0.667653
woven,0.667653
wrangler,0.667653
wrinkle,0.667653
wrinkles,0.667653
yearbook,0.667653
Garson,0.60409
Ramsey,0.5957
Marcus,0.57053
contemporary,0.57053
panels,0.57053
Drexel,0.562139
Mmes,0.562139
Neiman,0.562139
chicken,0.562139
Award,0.553749
Bake,0.553749
Chisholm,0.553749
Theater,0.553749
baking,0.553749
cane,0.553749
chairmen,0.553749
clothes,0.553749
comfort,0.553749
handsome,0.553749
keynote,0.553749
meals,0.553749
Alexander,0.545359
Are,0.545359
Captain,0.545359
Children,0.545359
Clubs,0.545359
Corporation,0.545359
Daniel,0.545359
Everywhere,0.545359
Galveston,0.545359
Gerald,0.545359
Golden,0.545359
Irish,0.545359
Jamaica,0.545359
Laughlin,0.545359
Mayer,0.545359
Messrs,0.545359
Morocco,0.545359
Oscar,0.545359
Pretty,0.545359
Rose,0.545359
Scotch,0.545359
Shreveport,0.545359
Southwestern,0.545359
Stanley,0.545359
Sunrise,0.545359
Tell,0.545359
Unfortunately,0.545359
Vegas,0.545359
Walnut,0.545359
Wells,0.545359
acres,0.545359
adjoining,0.545359
attractive,0.545359
baked,0.545359
banquet,0.545359
burden,0.545359
bushes,0.545359
charm,0.545359
charming,0.545359
chartered,0.545359
chef,0.545359
chest,0.545359
classic,0.545359
colony,0.545359
colored,0.545359
cook,0.545359
copper,0.545359
couples,0.545359
decorate,0.545359
decorations,0.545359
decorative,0.545359
drama,0.545359
elegant,0.545359
entitled,0.545359
fat,0.545359
feed,0.545359
festivities,0.545359
fresh,0.545359
grapes,0.545359
greens,0.545359
honorary,0.545359
identical,0.545359
indication,0.545359
leg,0.545359
loop,0.545359
nominated,0.545359
organdy,0.545359
packed,0.545359
painter,0.545359
pan,0.545359
patio,0.545359
patrons,0.545359
pedestal,0.545359
pictures,0.545359
planes,0.545359
pool,0.545359
potatoes,0.545359
proceeds,0.545359
roles,0.545359
scholarships,0.545359
seasoned,0.545359
selects,0.545359
shades,0.545359
shake,0.545359
shooting,0.545359
signing,0.545359
silk,0.545359
snacks,0.545359
squared,0.545359
supporters,0.545359
supposed,0.545359
texture,0.545359
toast,0.545359
travel,0.545359
triumphs,0.545359
truly,0.545359
vitality,0.545359
walls,0.545359
wood,0.545359
woods,0.545359
design,0.50298
SMU,0.495691
designer,0.495691
Mexico,0.488401
Academy,0.481112
bed,0.481112
fun,0.481112
slowly,0.481112
standard,0.481112
tall,0.481112
wardrobe,0.481112
Birmingham,0.473822
Black,0.473822
Broadway,0.473822
Cancer,0.473822
End,0.473822
Fine,0.473822
King,0.473822
Museum,0.473822
Orchestra,0.473822
Phil,0.473822
Price,0.473822
Roosevelt,0.473822
See,0.473822
Sydney,0.473822
Symphony,0.473822
aiding,0.473822
appreciate,0.473822
assignment,0.473822
athlete,0.473822
blues,0.473822
buffet,0.473822
buys,0.473822
chairs,0.473822
classical,0.473822
combination,0.473822
conditioned,0.473822
corner,0.473822
costumes,0.473822
countless,0.473822
drawing,0.473822
elements,0.473822
emphasize,0.473822
finish,0.473822
fit,0.473822
flash,0.473822
flavor,0.473822
haired,0.473822
hats,0.473822
impact,0.473822
indicate,0.473822
lively,0.473822
maintain,0.473822
male,0.473822
motion,0.473822
noon,0.473822
offering,0.473822
performances,0.473822
pink,0.473822
posts,0.473822
quality,0.473822
realistic,0.473822
rear,0.473822
recalled,0.473822
recipient,0.473822
reserved,0.473822
rights,0.473822
roll,0.473822
screen,0.473822
serves,0.473822
silver,0.473822
slice,0.473822
slim,0.473822
suburban,0.473822
thin,0.473822
trustees,0.473822
typical,0.473822
warm,0.473822
warmed,0.473822
yellow,0.473822
designs,0.442592
dress,0.436083
beautiful,0.429574
bedroom,0.429574
chose,0.429574
golden,0.429574
notice,0.429574
piece,0.429574
Back,0.423066
Chapman,0.423066
Eleanor,0.423066
European,0.423066
Guests,0.423066
Hollywood,0.423066
Inn,0.423066
Lodge,0.423066
Members,0.423066
Once,0.423066
Roy,0.423066
Sheraton,0.423066
Student,0.423066
Though,0.423066
Truman,0.423066
acting,0.423066
active,0.423066
aren,0.423066
ballroom,0.423066
brick,0.423066
chic,0.423066
claim,0.423066
closely,0.423066
coaches,0.423066
collections,0.423066
definite,0.423066
dining,0.423066
doors,0.423066
expert,0.423066
graduated,0.423066
guest,0.423066
honors,0.423066
interesting,0.423066
ladies,0.423066
longer,0.423066
loving,0.423066
manufacturer,0.423066
manufacturers,0.423066
offers,0.423066
panel,0.423066
pattern,0.423066
places,0.423066
profession,0.423066
remember,0.423066
resist,0.423066
rooms,0.423066
rose,0.423066
serving,0.423066
seventh,0.423066
simple,0.423066
slow,0.423066
soft,0.423066
spotted,0.423066
star,0.423066
suits,0.423066
types,0.423066
unlike,0.423066
wait,0.423066
wear,0.423066
winner,0.423066
fashion,0.401405
favorite,0.401405
London,0.395502
furniture,0.395502
pretty,0.395502
Anderson,0.389599
cocktail,0.389599
dancing,0.389599
girls,0.389599
inch,0.389599
matching,0.389599
Dallas,0.389386
Helen,0.383696
Here,0.383696
Music,0.383696
Paris,0.383696
Society,0.383696
Tech,0.383696
Women,0.383696
aspects,0.383696
bright,0.383696
cover,0.383696
directors,0.383696
earned,0.383696
easy,0.383696
extended,0.383696
eye,0.383696
eyes,0.383696
filed,0.383696
gold,0.383696
highly,0.383696
mature,0.383696
moment,0.383696
mood,0.383696
operates,0.383696
pieces,0.383696
professional,0.383696
provides,0.383696
role,0.383696
simply,0.383696
taste,0.383696
teach,0.383696
teacher,0.383696
theme,0.383696
trip,0.383696
collection,0.378569
Center,0.367753
table,0.367753
approach,0.362345
France,0.356937
award,0.356937
television,0.356937
Arts,0.351529
Christian,0.351529
Cuban,0.351529
England,0.351529
Grand,0.351529
Harris,0.351529
Place,0.351529
Roger,0.351529
Thompson,0.351529
art,0.351529
coach,0.351529
created,0.351529
deep,0.351529
entertainment,0.351529
football,0.351529
guests,0.351529
manner,0.351529
orchestra,0.351529
popular,0.351529
serve,0.351529
studied,0.351529
traditional,0.351529
wants,0.351529
food,0.339301
Harry,0.329321
Old,0.329321
Air,0.324332
California,0.324332
Company,0.324332
Europe,0.324332
Gov,0.324332
Hall,0.324332
Just,0.324332
October,0.324332
activities,0.324332
advertising,0.324332
apartment,0.324332
black,0.324332
bought,0.324332
class,0.324332
color,0.324332
different,0.324332
directed,0.324332
exactly,0.324332
famous,0.324332
finished,0.324332
girl,0.324332
green,0.324332
ordinary,0.324332
parties,0.324332
picture,0.324332
produce,0.324332
publicity,0.324332
reach,0.324332
speech,0.324332
training,0.324332
treasurer,0.324332
units,0.324332
mother,0.3054
receive,0.3054
weekend,0.3054
woman,0.3054
look,0.301529
Austin,0.300772
Four,0.300772
Joe,0.300772
Jones,0.300772
Last,0.300772
actually,0.300772
alone,0.300772
appeared,0.300772
contract,0.300772
door,0.300772
honored,0.300772
introduced,0.300772
largely,0.300772
planning,0.300772
rate,0.300772
research,0.300772
type,0.300772
Her,0.292914
modern,0.284299
Aj,0.279992
An,0.279992
Norman,0.279992
Their,0.279992
air,0.279992
basic,0.279992
demand,0.279992
doesn,0.279992
feeling,0.279992
goal,0.279992
include,0.279992
moved,0.279992
perhaps,0.279992
road,0.279992
spring,0.279992
straight,0.279992
tomorrow,0.279992
variety,0.279992
white,0.269446
women,0.263401
Angeles,0.261403
April,0.261403
Lawrence,0.261403
Los,0.261403
Louis,0.261403
Sam,0.261403
These,0.261403
base,0.261403
college,0.261403
didn,0.261403
entire,0.261403
fall,0.261403
husband,0.261403
industry,0.261403
keep,0.261403
live,0.261403
market,0.261403
neither,0.261403
nor,0.261403
plus,0.261403
returned,0.261403
secretary,0.261403
states,0.261403
stage,0.252113
Texas,0.24835
presented,0.24835
shown,0.24835
side,0.24835
Hotel,0.244587
Of,0.244587
call,0.244587
father,0.244587
following,0.244587
important,0.244587
individual,0.244587
services,0.244587
Miss,0.239815
says,0.239815
line,0.236289
America,0.232762
So,0.232762
Both,0.229235
Henry,0.229235
While,0.229235
born,0.229235
cars,0.229235
charge,0.229235
complete,0.229235
effect,0.229235
life,0.229235
ll,0.229235
others,0.229235
season,0.229235
What,0.221732
she,0.219076
G,0.218423
getting,0.218423
Among,0.215113
Jack,0.215113
School,0.215113
Two,0.215113
became,0.215113
hard,0.215113
soon,0.215113
stand,0.215113
She,0.213234
club,0.211363
hand,0.208255
gave,0.205146
private,0.205146
County,0.202038
Other,0.202038
Smith,0.202038
West,0.202038
coming,0.202038
designed,0.202038
fine,0.202038
kept,0.202038
least,0.202038
near,0.202038
want,0.202038
board,0.195708
H,0.192787
bring,0.192787
half,0.192787
me,0.192787
Wednesday,0.189866
play,0.189866
th,0.189866
whose,0.189866
won,0.189866
her,0.186812
To,0.181225
enough,0.181225
George,0.178479
P,0.178479
effort,0.178479
every,0.178479
family,0.178479
small,0.178479
F,0.170364
top,0.170364
Committee,0.167783
away,0.167783
director,0.167783
firm,0.167783
does,0.16255
used,0.16255
B,0.160124
E,0.160124
country,0.160124
hour,0.160124
After,0.157698
Friday,0.157698
St,0.157698
That,0.157698
began,0.157698
chairman,0.157698
know,0.157698
large,0.157698
young,0.152718
University,0.150438
including,0.150438
D,0.148159
R,0.148159
Tuesday,0.148159
again,0.148159
give,0.148159
great,0.148159
member,0.148159
might,0.148159
Mr,0.141249
together,0.141249
end,0.139109
wife,0.139109
you,0.136524
little,0.134516
today,0.134516
W,0.132509
my,0.132509
James,0.130501
area,0.130501
around,0.130501
best,0.130501
come,0.130501
must,0.130501
until,0.130501
Mrs,0.127938
men,0.126056
along,0.124175
came,0.124175
still,0.124175
As,0.122293
C,0.122293
called,0.122293
ever,0.122293
however,0.122293
month,0.122293
several,0.122293
state,0.122293
took,0.122293
president,0.117972
too,0.116211
go,0.115168
Washington,0.114451
annual,0.114451
And,0.110232
group,0.108587
night,0.108587
given,0.106942
public,0.106942
good,0.0997395
much,0.0997395
past,0.0997395
see,0.0997395
set,0.0997395
take,0.0997395
these,0.0997395
without,0.0942477
many,0.0901378
long,0.0888122
like,0.0874867
being,0.0861611
during,0.0861611
way,0.0861611
world,0.0861611
off,0.0809715
work,0.0809715
those,0.0797447
well,0.0797447
each,0.0780798
back,0.0706909
high,0.0706909
New,0.0696513
through,0.0686117
members,0.0675721
then,0.0675721
where,0.0675721
t,0.0646387
day,0.061787
four,0.061787
any,0.0587786
because,0.0579143
both,0.0570499
him,0.0570499
There,0.0561855
They,0.0561855
get,0.0561855
so,0.0561855
This,0.0507564
most,0.0507564
week,0.0507564
before,0.0454893
could,0.0454893
do,0.0454893
home,0.0454893
them,0.0409962
can,0.0359494
some,0.0359494
under,0.0359494
time,0.0319817
after,0.0305707
into,0.0305707
three,0.0262635
now,0.0258656
I,0.0225924
when,0.0222649
He,0.0219375
first,0.0216101
only,0.0216101
or,0.0181093
two,0.0175919
It,0.0173332
there,0.0173332
about,0.0170745
also,0.0170745
had,0.0170745
year,0.0170745
their,0.0136093
up,0.0128426
more,0.0126509
than,0.0126509
its,0.0124592
new,0.0124592
are,0.0101017
he,0.00909152
all,0.00871271
this,0.00858644
In,0.0083339
over,0.00820763
but,0.0043681
they,0.0043681
his,0.0043057
A,0.00418089
not,0.00418089
been,0.00411849
other,0.00411849
The,0.0
``,0.0
a,0.0
an,0.0
and,0.0
as,0.0
at,0.0
be,0.0
by,0.0
for,0.0
from,0.0
has,0.0
have,0.0
in,0.0
is,0.0
it,0.0
of,0.0
on,0.0
one,0.0
out,0.0
s,0.0
that,0.0
the,0.0
to,0.0
was,0.0
which,0.0
who,0.0
will,0.0
with,0.0
