puppet,0.695899
puppets,0.695899
lamp,0.688196
marriages,0.688196
Chandler,0.680492
Gloriana,0.680492
Pasadena,0.680492
Reese,0.680492
Swim,0.680492
addresses,0.680492
Alden,0.672788
Arden,0.672788
Bolker,0.672788
Budapest,0.672788
Chases,0.672788
Colonial,0.672788
Hilton,0.672788
Hungarian,0.672788
Lockies,0.672788
Register,0.672788
Wilshire,0.672788
cookie,0.672788
dreamed,0.672788
finals,0.672788
inches,0.672788
rides,0.672788
streetcar,0.672788
Aderholds,0.665085
Advance,0.665085
Althaus,0.665085
Anthony,0.665085
Armisteads,0.665085
Becket,0.665085
Beesemyers,0.665085
Berteros,0.665085
Bricker,0.665085
Browning,0.665085
Brownings,0.665085
Carbones,0.665085
Carla,0.665085
Chantilly,0.665085
Chapelles,0.665085
Clara,0.665085
Cooper,0.665085
Coopers,0.665085
Cott,0.665085
Craig,0.665085
Crispin,0.665085
Curry,0.665085
Currys,0.665085
Cynthia,0.665085
Did,0.665085
Displayed,0.665085
Drs,0.665085
Duque,0.665085
Egerton,0.665085
Elizabeth,0.665085
Ellsworth,0.665085
Eng,0.665085
Esnards,0.665085
Examiners,0.665085
Foliage,0.665085
Fritz,0.665085
Geddes,0.665085
Generally,0.665085
Getting,0.665085
Ghormley,0.665085
Giving,0.665085
Gregg,0.665085
Haskins,0.665085
Hawaiian,0.665085
Hazard,0.665085
Henri,0.665085
Hord,0.665085
Housewives,0.665085
Huntington,0.665085
Huntingtons,0.665085
Ilona,0.665085
Joanne,0.665085
Judy,0.665085
Kreisler,0.665085
Lafe,0.665085
Laguna,0.665085
Leland,0.665085
Leroy,0.665085
Listed,0.665085
Longinotti,0.665085
Ludlow,0.665085
Ludwig,0.665085
MacGregors,0.665085
Make,0.665085
McAlester,0.665085
McAlister,0.665085
McFarland,0.665085
Measure,0.665085
Medical,0.665085
Midwest,0.665085
Moulton,0.665085
Moultons,0.665085
Niven,0.665085
Off,0.665085
Olerichs,0.665085
Oxford,0.665085
Panama,0.665085
Pauleys,0.665085
Pen,0.665085
Pfau,0.665085
Pillsbury,0.665085
Published,0.665085
Publisher,0.665085
Pulling,0.665085
Ransom,0.665085
Raoul,0.665085
Schmidl,0.665085
Seeberg,0.665085
Solid,0.665085
Stetson,0.665085
Todd,0.665085
Tudor,0.665085
Valerie,0.665085
Wangemans,0.665085
Watson,0.665085
Wellsville,0.665085
Welton,0.665085
Windsor,0.665085
Worrell,0.665085
accent,0.665085
bake,0.665085
bread,0.665085
cabinetmakers,0.665085
capable,0.665085
caramel,0.665085
chocolate,0.665085
circus,0.665085
coconut,0.665085
compact,0.665085
continents,0.665085
crackpots,0.665085
craftsmen,0.665085
decorator,0.665085
denote,0.665085
desired,0.665085
disharmony,0.665085
drum,0.665085
edition,0.665085
entails,0.665085
exchanged,0.665085
execute,0.665085
finalist,0.665085
fixture,0.665085
foliage,0.665085
fool,0.665085
frosting,0.665085
glaze,0.665085
grammar,0.665085
hang,0.665085
height,0.665085
herself,0.665085
homemakers,0.665085
illustrated,0.665085
impeccable,0.665085
innate,0.665085
inverted,0.665085
knocks,0.665085
lamps,0.665085
linen,0.665085
listings,0.665085
logic,0.665085
logistical,0.665085
lurked,0.665085
manipulate,0.665085
merry,0.665085
metal,0.665085
needles,0.665085
nondescript,0.665085
notices,0.665085
originating,0.665085
paint,0.665085
photographing,0.665085
playtime,0.665085
postman,0.665085
practiced,0.665085
raincoats,0.665085
rainy,0.665085
recipe,0.665085
relegated,0.665085
reminiscent,0.665085
renderings,0.665085
residence,0.665085
residences,0.665085
resting,0.665085
scalloped,0.665085
shade,0.665085
slides,0.665085
socket,0.665085
subtitled,0.665085
supposedly,0.665085
tapestries,0.665085
tapestry,0.665085
tricked,0.665085
tube,0.665085
updated,0.665085
uprisings,0.665085
utilitarian,0.665085
vanilla,0.665085
weren,0.665085
whims,0.665085
wired,0.665085
yarn,0.665085
yeast,0.665085
Sometimes,0.555847
Alice,0.549554
Bake,0.549554
Book,0.549554
Mmes,0.549554
Oliver,0.549554
Richardson,0.549554
Stars,0.549554
filling,0.549554
legs,0.549554
pedestal,0.549554
violin,0.549554
Astoria,0.543262
Century,0.543262
Changes,0.543262
Chase,0.543262
Cocktails,0.543262
Connecticut,0.543262
Eighteenth,0.543262
Fall,0.543262
Flower,0.543262
Flowers,0.543262
Hartley,0.543262
Knox,0.543262
Meredith,0.543262
Messrs,0.543262
Moody,0.543262
Mother,0.543262
Newcomers,0.543262
Robbins,0.543262
Scotland,0.543262
Switzerland,0.543262
Using,0.543262
Waldorf,0.543262
Werner,0.543262
Willard,0.543262
accord,0.543262
affiliations,0.543262
animated,0.543262
antiques,0.543262
anymore,0.543262
appealing,0.543262
appreciated,0.543262
architect,0.543262
architecture,0.543262
arrange,0.543262
autumn,0.543262
baked,0.543262
baking,0.543262
celebrated,0.543262
changing,0.543262
charm,0.543262
charming,0.543262
chartered,0.543262
coffee,0.543262
decorate,0.543262
decorative,0.543262
decorators,0.543262
delight,0.543262
develop,0.543262
dismal,0.543262
engineer,0.543262
era,0.543262
exhibited,0.543262
finger,0.543262
fled,0.543262
flexible,0.543262
generation,0.543262
glow,0.543262
hardship,0.543262
heads,0.543262
housewife,0.543262
idle,0.543262
judges,0.543262
liked,0.543262
literally,0.543262
machinist,0.543262
naturally,0.543262
ocean,0.543262
offs,0.543262
parlor,0.543262
passengers,0.543262
pilgrimage,0.543262
renewed,0.543262
reproductions,0.543262
reservations,0.543262
residing,0.543262
ring,0.543262
shades,0.543262
shrewd,0.543262
snow,0.543262
solution,0.543262
squeezed,0.543262
steep,0.543262
studies,0.543262
sudden,0.543262
sufficiently,0.543262
suspend,0.543262
tiny,0.543262
tongues,0.543262
tying,0.543262
walks,0.543262
wed,0.543262
wire,0.543262
wound,0.543262
Beverly,0.493868
Others,0.482934
hill,0.482934
strings,0.482934
Blvd,0.477467
formal,0.477467
Building,0.472
Cox,0.472
Dan,0.472
Edwin,0.472
Julian,0.472
Mexico,0.472
Minneapolis,0.472
Nobody,0.472
Perry,0.472
Rd,0.472
Seattle,0.472
Vienna,0.472
annually,0.472
arts,0.472
background,0.472
birthday,0.472
boxes,0.472
buffet,0.472
cookies,0.472
dates,0.472
designer,0.472
determine,0.472
difficulties,0.472
directly,0.472
feature,0.472
flowers,0.472
fun,0.472
gay,0.472
happen,0.472
instance,0.472
lacked,0.472
letting,0.472
love,0.472
matched,0.472
myself,0.472
neutral,0.472
numbers,0.472
passes,0.472
performing,0.472
picked,0.472
plenty,0.472
prefer,0.472
promising,0.472
realistic,0.472
satisfactory,0.472
seats,0.472
shape,0.472
showing,0.472
supper,0.472
threshold,0.472
yellow,0.472
isn,0.436083
Hills,0.431202
book,0.431202
bus,0.431202
designs,0.431202
ride,0.431202
Chapman,0.42632
Country,0.42632
Jane,0.42632
barely,0.42632
note,0.42632
plane,0.42632
prize,0.42632
Florida,0.421439
Fund,0.421439
Grant,0.421439
Guests,0.421439
Mo,0.421439
Today,0.421439
Truman,0.421439
Van,0.421439
adequate,0.421439
aren,0.421439
arrive,0.421439
awarded,0.421439
ballroom,0.421439
beautiful,0.421439
bedroom,0.421439
bodies,0.421439
compromise,0.421439
concert,0.421439
consultant,0.421439
contest,0.421439
edge,0.421439
everybody,0.421439
faces,0.421439
finding,0.421439
grow,0.421439
hundreds,0.421439
investment,0.421439
ladies,0.421439
practical,0.421439
practicing,0.421439
predicted,0.421439
realize,0.421439
reference,0.421439
remains,0.421439
trend,0.421439
uniform,0.421439
driven,0.408784
career,0.386648
complex,0.386648
create,0.386648
marriage,0.386648
pieces,0.386648
walked,0.386648
Alfred,0.38222
Here,0.38222
Music,0.38222
Ruth,0.38222
Second,0.38222
Social,0.38222
Society,0.38222
Why,0.38222
allowing,0.38222
bases,0.38222
block,0.38222
changed,0.38222
critical,0.38222
cultural,0.38222
earth,0.38222
easy,0.38222
eyes,0.38222
feels,0.38222
flight,0.38222
furniture,0.38222
girls,0.38222
heart,0.38222
knows,0.38222
mention,0.38222
presentation,0.38222
respect,0.38222
rich,0.38222
shop,0.38222
suggested,0.38222
tied,0.38222
transportation,0.38222
understand,0.38222
volume,0.38222
watched,0.38222
wisdom,0.38222
wrong,0.38222
formerly,0.366401
light,0.358289
Blue,0.354233
Illinois,0.354233
Samuel,0.354233
art,0.354233
foot,0.354233
guests,0.354233
noted,0.354233
usually,0.354233
Allen,0.350177
Center,0.350177
Franklin,0.350177
La,0.350177
Most,0.350177
Ray,0.350177
Stephen,0.350177
Thompson,0.350177
arms,0.350177
completely,0.350177
idea,0.350177
mile,0.350177
names,0.350177
parts,0.350177
practice,0.350177
press,0.350177
raise,0.350177
sure,0.350177
teaching,0.350177
traditional,0.350177
true,0.350177
walk,0.334311
California,0.330569
girl,0.330569
miles,0.330569
address,0.326826
honor,0.326826
listed,0.326826
lives,0.326826
Another,0.323084
Gen,0.323084
Harry,0.323084
boys,0.323084
class,0.323084
color,0.323084
doing,0.323084
heavy,0.323084
lot,0.323084
newly,0.323084
owners,0.323084
publicity,0.323084
round,0.323084
spirit,0.323084
Southern,0.306556
child,0.306556
My,0.303086
Now,0.303086
entered,0.303086
loss,0.303086
mother,0.303086
status,0.303086
Also,0.299616
Austin,0.299616
De,0.299616
Even,0.299616
Last,0.299616
T,0.299616
Those,0.299616
above,0.299616
grand,0.299616
largely,0.299616
luncheon,0.299616
maximum,0.299616
morning,0.299616
points,0.299616
section,0.299616
sense,0.299616
spend,0.299616
telephone,0.299616
woman,0.299616
Coast,0.282145
More,0.282145
doesn,0.282145
Beach,0.278915
Her,0.278915
Norman,0.278915
change,0.278915
couple,0.278915
dropped,0.278915
either,0.278915
evening,0.278915
except,0.278915
explained,0.278915
feeling,0.278915
floor,0.278915
higher,0.278915
known,0.278915
modern,0.278915
moved,0.278915
named,0.278915
opened,0.278915
seem,0.278915
seems,0.278915
size,0.278915
spring,0.278915
straight,0.278915
talk,0.278915
touch,0.278915
university,0.278915
why,0.278915
your,0.278915
daughter,0.272462
Angeles,0.269446
Los,0.269446
am,0.26643
didn,0.263413
front,0.263413
live,0.263413
social,0.263413
whole,0.263413
Although,0.260397
Howard,0.260397
Lawrence,0.260397
Louis,0.260397
Mary,0.260397
base,0.260397
continued,0.260397
d,0.260397
driving,0.260397
fall,0.260397
hardly,0.260397
husband,0.260397
industry,0.260397
junior,0.260397
returned,0.260397
scheduled,0.260397
secretary,0.260397
share,0.260397
though,0.260397
us,0.260397
using,0.260397
ways,0.260397
car,0.260094
son,0.24929
Hotel,0.246468
Joseph,0.246468
daily,0.246468
don,0.246468
Board,0.243646
However,0.243646
No,0.243646
Thomas,0.243646
across,0.243646
dinner,0.243646
event,0.243646
father,0.243646
news,0.243646
particularly,0.243646
reasons,0.243646
stage,0.243646
throughout,0.243646
party,0.233644
America,0.230999
David,0.230999
feet,0.230999
tried,0.230999
East,0.228354
Judge,0.228354
So,0.228354
South,0.228354
life,0.228354
manager,0.228354
says,0.228354
similar,0.228354
student,0.228354
ve,0.228354
within,0.228354
Dr,0.224214
Robert,0.21925
building,0.216768
certain,0.216768
getting,0.216768
hard,0.216768
Among,0.214286
What,0.214286
already,0.214286
attack,0.214286
development,0.214286
position,0.214286
stand,0.214286
started,0.214286
thing,0.214286
L,0.208255
she,0.204471
Smith,0.203592
center,0.203592
drive,0.203592
fine,0.203592
hand,0.203592
served,0.203592
West,0.201261
club,0.201261
course,0.201261
involved,0.201261
least,0.201261
room,0.201261
She,0.197898
Club,0.191326
H,0.191326
education,0.191326
feel,0.191326
rather,0.191326
th,0.191326
action,0.189135
funds,0.189135
half,0.189135
house,0.189135
me,0.189135
persons,0.189135
support,0.189135
won,0.189135
Richard,0.179852
Frank,0.177792
George,0.177792
North,0.177792
To,0.177792
according,0.177792
city,0.177792
enough,0.177792
late,0.177792
order,0.177792
say,0.177792
taking,0.177792
toward,0.177792
away,0.172945
problem,0.172945
top,0.169073
her,0.168009
Committee,0.167137
head,0.167137
children,0.160731
B,0.158911
If,0.158911
country,0.158911
Friday,0.157092
One,0.157092
Saturday,0.157092
chairman,0.157092
does,0.157092
former,0.157092
hour,0.157092
think,0.157092
used,0.157092
Jr,0.154427
William,0.151008
put,0.151008
young,0.149299
Mr,0.148205
D,0.147589
For,0.147589
R,0.147589
Tuesday,0.147589
University,0.147589
give,0.147589
might,0.147589
number,0.147589
place,0.147589
second,0.147589
wife,0.1466
third,0.141784
York,0.140179
end,0.140179
my,0.139034
Mrs,0.138756
Monday,0.138574
added,0.138574
expected,0.138574
left,0.138574
making,0.138574
show,0.138574
big,0.134516
you,0.134516
little,0.133011
James,0.131505
When,0.131505
days,0.131505
W,0.129999
general,0.129999
today,0.129999
until,0.129999
use,0.129999
came,0.123234
five,0.123234
however,0.123234
our,0.123234
went,0.123234
C,0.121823
City,0.121823
State,0.121823
asked,0.121823
business,0.121823
ever,0.121823
never,0.121823
still,0.121823
told,0.121823
took,0.121823
school,0.116402
annual,0.115331
J,0.114011
ago,0.114011
far,0.114011
too,0.114011
go,0.110232
got,0.110232
And,0.108998
U,0.106531
group,0.106531
take,0.106261
past,0.101658
much,0.0993559
see,0.0993559
set,0.0993559
these,0.0993559
people,0.0935337
without,0.0924627
S,0.0878181
like,0.0878181
long,0.0878181
during,0.0868239
many,0.0868239
way,0.0868239
being,0.0858297
did,0.0858297
work,0.0821984
while,0.0812783
even,0.0803581
those,0.0803581
off,0.079438
old,0.079438
man,0.0732706
down,0.0696513
t,0.0693915
New,0.0680919
high,0.0680919
then,0.0680919
through,0.0680919
we,0.0680919
where,0.0680919
John,0.0629752
day,0.0622622
four,0.0615493
such,0.0615493
any,0.0579143
There,0.057266
They,0.057266
so,0.057266
because,0.0559694
both,0.0559694
get,0.0559694
him,0.0559694
if,0.0559694
This,0.0511468
most,0.0505611
week,0.0505611
could,0.0474139
home,0.0463641
before,0.0458393
do,0.0453144
them,0.042549
But,0.0360856
can,0.0360856
some,0.0356771
under,0.0352686
last,0.0311586
time,0.0311586
into,0.0308059
now,0.0269599
three,0.026363
said,0.0257661
I,0.0251299
when,0.0226742
only,0.0219375
He,0.0212008
first,0.0212008
made,0.0212008
had,0.0183033
or,0.0177212
two,0.0177212
there,0.0175272
would,0.0171392
year,0.0171392
It,0.0169451
about,0.0169451
also,0.0169451
up,0.0138489
new,0.0131301
than,0.0129863
their,0.0129863
more,0.0126988
are,0.00978602
were,0.00864957
he,0.00855487
all,0.00836546
this,0.00836546
In,0.00827076
no,0.00817606
over,0.00817606
they,0.0045553
A,0.0044149
but,0.00422769
his,0.00413409
other,0.00413409
been,0.00404049
not,0.00404049
The,0.0
``,0.0
a,0.0
an,0.0
and,0.0
as,0.0
at,0.0
be,0.0
by,0.0
for,0.0
from,0.0
has,0.0
have,0.0
in,0.0
is,0.0
it,0.0
of,0.0
on,0.0
one,0.0
out,0.0
s,0.0
that,0.0
the,0.0
to,0.0
was,0.0
which,0.0
who,0.0
will,0.0
with,0.0
