Kern,0.709739
Crusade,0.692286
Kings,0.692286
Lauderdale,0.692286
Coral,0.68356
Restaurant,0.68356
pianist,0.68356
Dade,0.674834
Escape,0.674834
Fike,0.674834
Gables,0.674834
Heilman,0.674834
Henderson,0.674834
Lounge,0.674834
Marriage,0.674834
Newfoundland,0.674834
Plus,0.674834
Schenk,0.674834
Steak,0.674834
Theatre,0.674834
Winds,0.674834
assemblies,0.674834
ballets,0.674834
comedy,0.674834
marking,0.674834
piano,0.674834
strive,0.674834
vows,0.674834
Abolition,0.666107
Airline,0.666107
Altar,0.666107
Anti,0.666107
Aquinas,0.666107
Avon,0.666107
Bahia,0.666107
Bali,0.666107
Bandish,0.666107
Bandstand,0.666107
Bartha,0.666107
Bea,0.666107
Biblically,0.666107
Bimini,0.666107
Blanton,0.666107
Bolet,0.666107
Bonanza,0.666107
Braun,0.666107
Cabana,0.666107
Cafe,0.666107
Carlo,0.666107
Chef,0.666107
Ciciulla,0.666107
Clock,0.666107
Coconut,0.666107
Communisn,0.666107
Cumbancheros,0.666107
Dancers,0.666107
DeCicco,0.666107
Dedication,0.666107
Densmore,0.666107
Drinkhouse,0.666107
Du,0.666107
Episcopal,0.666107
Espagnol,0.666107
Fazio,0.666107
Fireside,0.666107
Flip,0.666107
Francesca,0.666107
Freida,0.666107
Galt,0.666107
Gill,0.666107
Gould,0.666107
Gretchen,0.666107
Grossman,0.666107
Hare,0.666107
Hovarter,0.666107
Hubie,0.666107
Is,0.666107
Jacksonville,0.666107
Jolly,0.666107
Jon,0.666107
Jorge,0.666107
Judson,0.666107
Kelly,0.666107
Kemm,0.666107
Kissak,0.666107
LaSalle,0.666107
Latter,0.666107
Le,0.666107
Leighton,0.666107
Lorain,0.666107
Lutheran,0.666107
MacWhorter,0.666107
Mackey,0.666107
Maestro,0.666107
Map,0.666107
Marskmen,0.666107
Men,0.666107
Mexican,0.666107
Michaels,0.666107
Milenoff,0.666107
Moffett,0.666107
Morgart,0.666107
Morley,0.666107
Mouse,0.666107
Nazarene,0.666107
Ocean,0.666107
Oceania,0.666107
Operation,0.666107
Orlando,0.666107
Pal,0.666107
Pamela,0.666107
Papa,0.666107
Performers,0.666107
Phillips,0.666107
Placentia,0.666107
Plant,0.666107
Pompano,0.666107
Pualani,0.666107
Rae,0.666107
Ranch,0.666107
Randy,0.666107
Response,0.666107
Rickshaw,0.666107
Rimini,0.666107
Riviera,0.666107
Rum,0.666107
Rusty,0.666107
Searles,0.666107
Shari,0.666107
Skip,0.666107
Slack,0.666107
Smallwood,0.666107
Spot,0.666107
Stranahan,0.666107
Subsequent,0.666107
Successful,0.666107
Sunman,0.666107
Sunshine,0.666107
Tac,0.666107
Tahoe,0.666107
Tallahassee,0.666107
Ter,0.666107
Tic,0.666107
Toe,0.666107
Toppers,0.666107
Trap,0.666107
Treadwell,0.666107
Tune,0.666107
Vargas,0.666107
Vivacious,0.666107
Wes,0.666107
Whelan,0.666107
Which,0.666107
Workshop,0.666107
Ximenez,0.666107
Yokel,0.666107
accompanying,0.666107
accordion,0.666107
acquaint,0.666107
antidote,0.666107
appraisal,0.666107
augment,0.666107
bass,0.666107
batch,0.666107
bedtime,0.666107
beef,0.666107
bonanza,0.666107
boogie,0.666107
bossman,0.666107
bouncy,0.666107
brainwashing,0.666107
brings,0.666107
brunches,0.666107
buffets,0.666107
calypso,0.666107
capers,0.666107
chalk,0.666107
chandeliers,0.666107
chops,0.666107
chum,0.666107
classed,0.666107
cornering,0.666107
crystal,0.666107
debuts,0.666107
decor,0.666107
dish,0.666107
displaying,0.666107
distinctly,0.666107
enthralled,0.666107
flanked,0.666107
format,0.666107
foundation,0.666107
frantic,0.666107
fundamentals,0.666107
guitar,0.666107
hasn,0.666107
headmaster,0.666107
imagination,0.666107
instrumentals,0.666107
instruments,0.666107
keyboarding,0.666107
lecture,0.666107
lecturer,0.666107
miffed,0.666107
nightclubs,0.666107
noise,0.666107
nonsense,0.666107
ordained,0.666107
outfit,0.666107
participate,0.666107
picnic,0.666107
plotting,0.666107
pray,0.666107
prayer,0.666107
prayers,0.666107
preach,0.666107
preaching,0.666107
preclude,0.666107
prime,0.666107
productions,0.666107
props,0.666107
pursuing,0.666107
rapport,0.666107
rated,0.666107
redhead,0.666107
reminiscence,0.666107
remodeling,0.666107
reopening,0.666107
repartee,0.666107
retains,0.666107
reunion,0.666107
rhythm,0.666107
ringsiders,0.666107
sampled,0.666107
schoolers,0.666107
schoolteacher,0.666107
sexton,0.666107
shrimp,0.666107
sidemen,0.666107
skips,0.666107
skits,0.666107
slapstick,0.666107
smoother,0.666107
specialize,0.666107
specializing,0.666107
spotlights,0.666107
springing,0.666107
steaks,0.666107
stuffed,0.666107
substantially,0.666107
tambourine,0.666107
trumpet,0.666107
tuba,0.666107
undergone,0.666107
uphold,0.666107
versatile,0.666107
vocals,0.666107
Communism,0.579737
Family,0.579737
Ballet,0.565481
Christ,0.558353
Library,0.558353
Murphy,0.558353
Youth,0.558353
drums,0.558353
Auditorium,0.551225
Bible,0.551225
Ernie,0.551225
Kay,0.551225
Trade,0.551225
auditorium,0.551225
faith,0.551225
librarian,0.551225
pulling,0.551225
reservations,0.551225
teenagers,0.551225
Achievement,0.544097
Andy,0.544097
Anyone,0.544097
Burgess,0.544097
Campus,0.544097
Carroll,0.544097
Changes,0.544097
Christianity,0.544097
Da,0.544097
Evelyn,0.544097
Foundation,0.544097
Glenda,0.544097
Greater,0.544097
Herbert,0.544097
Jean,0.544097
Karen,0.544097
Lois,0.544097
Mile,0.544097
Neil,0.544097
Newcomers,0.544097
Playboy,0.544097
Reno,0.544097
Robbins,0.544097
Sir,0.544097
Summerdale,0.544097
Sunrise,0.544097
Trinity,0.544097
Vegas,0.544097
Worth,0.544097
advisors,0.544097
attraction,0.544097
author,0.544097
babies,0.544097
beer,0.544097
biz,0.544097
booked,0.544097
careful,0.544097
chicken,0.544097
combo,0.544097
constructive,0.544097
couples,0.544097
crazy,0.544097
discuss,0.544097
distinguished,0.544097
domain,0.544097
doorstep,0.544097
draft,0.544097
exotic,0.544097
fare,0.544097
festival,0.544097
figured,0.544097
fixed,0.544097
grace,0.544097
harder,0.544097
ideological,0.544097
integrated,0.544097
interim,0.544097
island,0.544097
jazz,0.544097
opens,0.544097
ownership,0.544097
peppery,0.544097
personality,0.544097
posed,0.544097
pure,0.544097
quartet,0.544097
refer,0.544097
registration,0.544097
relationships,0.544097
sat,0.544097
singing,0.544097
stories,0.544097
symphony,0.544097
terrace,0.544097
understandable,0.544097
undertake,0.544097
wash,0.544097
workshops,0.544097
worship,0.544097
Presbyterian,0.491304
library,0.491304
Fort,0.485111
churches,0.485111
trio,0.485111
Ted,0.478918
features,0.478918
installed,0.478918
picked,0.478918
Billy,0.472725
Blvd,0.472725
Building,0.472725
Every,0.472725
Fine,0.472725
Hal,0.472725
Hank,0.472725
Julian,0.472725
Louise,0.472725
Lynn,0.472725
Methodist,0.472725
Monte,0.472725
Net,0.472725
Perry,0.472725
Prince,0.472725
Ron,0.472725
SW,0.472725
Show,0.472725
Stevens,0.472725
adult,0.472725
appearances,0.472725
arts,0.472725
becomes,0.472725
begins,0.472725
blues,0.472725
convinced,0.472725
covers,0.472725
dancers,0.472725
eager,0.472725
elsewhere,0.472725
encourage,0.472725
engagement,0.472725
frustrated,0.472725
guide,0.472725
hip,0.472725
honoring,0.472725
influence,0.472725
numbers,0.472725
plays,0.472725
probation,0.472725
routine,0.472725
salesman,0.472725
stick,0.472725
strongest,0.472725
supper,0.472725
warm,0.472725
Miami,0.438675
Rev,0.433146
philosophy,0.433146
Hollywood,0.427616
Tom,0.427616
ceremonies,0.427616
daughters,0.427616
restaurant,0.427616
solid,0.427616
workshop,0.427616
Ala,0.422087
Atlantic,0.422087
Colorado,0.422087
Grove,0.422087
Inn,0.422087
Jimmy,0.422087
Johnson,0.422087
Orleans,0.422087
Student,0.422087
customers,0.422087
dedication,0.422087
dining,0.422087
discussion,0.422087
faces,0.422087
fee,0.422087
flies,0.422087
guidance,0.422087
honors,0.422087
invitation,0.422087
meaning,0.422087
movie,0.422087
nevertheless,0.422087
non,0.422087
particular,0.422087
places,0.422087
ranging,0.422087
remain,0.422087
resignation,0.422087
seen,0.422087
seriously,0.422087
slender,0.422087
sons,0.422087
staged,0.422087
stressed,0.422087
wonderful,0.422087
Al,0.397853
Week,0.397853
Dave,0.387823
Don,0.387823
Memorial,0.387823
feels,0.387823
makes,0.387823
shop,0.387823
Christian,0.387471
Gene,0.382808
Governor,0.382808
Here,0.382808
Inc,0.382808
Junior,0.382808
Lake,0.382808
Navy,0.382808
Premier,0.382808
Society,0.382808
Terry,0.382808
Tex,0.382808
Until,0.382808
Wilson,0.382808
agent,0.382808
band,0.382808
changed,0.382808
cooperation,0.382808
dancing,0.382808
encouraging,0.382808
explains,0.382808
extended,0.382808
favorite,0.382808
gift,0.382808
girls,0.382808
growing,0.382808
kids,0.382808
kitchen,0.382808
learn,0.382808
learning,0.382808
operates,0.382808
outstanding,0.382808
policies,0.382808
profit,0.382808
prove,0.382808
proved,0.382808
province,0.382808
reading,0.382808
sessions,0.382808
simply,0.382808
sixth,0.382808
stock,0.382808
talent,0.382808
teach,0.382808
threat,0.382808
Johnny,0.35531
families,0.35531
sponsored,0.35531
twice,0.35531
Oct,0.353254
Art,0.350715
Arts,0.350715
Barnes,0.350715
Dick,0.350715
Franklin,0.350715
Latin,0.350715
Patricia,0.350715
Place,0.350715
Public,0.350715
Roger,0.350715
Southeast,0.350715
Stephen,0.350715
ability,0.350715
achieve,0.350715
approach,0.350715
audience,0.350715
ballot,0.350715
currently,0.350715
fighting,0.350715
film,0.350715
frequently,0.350715
moving,0.350715
officer,0.350715
orchestra,0.350715
personnel,0.350715
popular,0.350715
religious,0.350715
serve,0.350715
surprise,0.350715
table,0.350715
talks,0.350715
Church,0.349015
church,0.336298
anything,0.32782
attending,0.32782
class,0.32782
programs,0.32782
Air,0.323581
Force,0.323581
French,0.323581
October,0.323581
War,0.323581
activities,0.323581
advisers,0.323581
battle,0.323581
conducted,0.323581
division,0.323581
ex,0.323581
food,0.323581
formally,0.323581
lot,0.323581
owners,0.323581
quite,0.323581
ran,0.323581
review,0.323581
stop,0.323581
youth,0.323581
estate,0.304007
town,0.304007
trade,0.304007
Also,0.300076
Even,0.300076
Four,0.300076
Martin,0.300076
Western,0.300076
above,0.300076
assistant,0.300076
attended,0.300076
biggest,0.300076
establish,0.300076
fast,0.300076
firms,0.300076
headquarters,0.300076
honored,0.300076
lead,0.300076
luncheon,0.300076
planning,0.300076
senior,0.300076
struck,0.300076
woman,0.300076
Communist,0.290322
First,0.286663
interested,0.286663
try,0.286663
Feb,0.283003
hear,0.283003
let,0.283003
your,0.283003
Beach,0.279344
Central,0.279344
Day,0.279344
Her,0.279344
July,0.279344
Lee,0.279344
More,0.279344
Ohio,0.279344
Ralph,0.279344
Service,0.279344
although,0.279344
anyone,0.279344
attend,0.279344
beat,0.279344
example,0.279344
except,0.279344
heard,0.279344
include,0.279344
named,0.279344
played,0.279344
spring,0.279344
students,0.279344
summer,0.279344
touch,0.279344
Jim,0.271047
act,0.271047
O,0.264214
Warren,0.264214
Bob,0.260798
am,0.260798
begin,0.260798
college,0.260798
community,0.260798
junior,0.260798
leaders,0.260798
market,0.260798
planned,0.260798
read,0.260798
Hotel,0.253611
dinner,0.250414
individual,0.250414
Thursday,0.247218
daily,0.247218
felt,0.247218
Jan,0.244021
Joseph,0.244021
May,0.244021
Of,0.244021
Texas,0.244021
Thomas,0.244021
call,0.244021
chief,0.244021
continue,0.244021
father,0.244021
follow,0.244021
leader,0.244021
particularly,0.244021
pro,0.244021
problems,0.244021
services,0.244021
shown,0.244021
son,0.244021
stage,0.244021
strong,0.244021
throughout,0.244021
times,0.244021
vice,0.244021
worth,0.244021
Bill,0.231701
High,0.231701
life,0.231701
manager,0.231701
Miss,0.228705
So,0.228705
afternoon,0.228705
born,0.228705
charge,0.228705
developed,0.228705
effective,0.228705
officers,0.228705
project,0.228705
says,0.228705
season,0.228705
situation,0.228705
something,0.228705
ve,0.228705
p,0.222696
Two,0.220238
series,0.220238
Jack,0.217427
School,0.217427
became,0.217427
date,0.217427
building,0.214615
free,0.214615
himself,0.214615
hit,0.214615
position,0.214615
schools,0.214615
soon,0.214615
stand,0.214615
wanted,0.214615
wide,0.214615
open,0.206852
return,0.206852
County,0.201571
Other,0.201571
Smith,0.201571
club,0.201571
course,0.201571
fine,0.201571
job,0.201571
operation,0.201571
room,0.201571
Club,0.196871
board,0.194389
Wednesday,0.191908
half,0.191908
session,0.191908
staff,0.191908
family,0.18973
Charles,0.189426
company,0.189426
education,0.189426
history,0.189426
reported,0.189426
th,0.189426
George,0.185064
real,0.182731
Sunday,0.182067
To,0.180399
Frank,0.178066
according,0.178066
city,0.178066
decided,0.178066
late,0.178066
say,0.178066
director,0.169587
March,0.167394
among,0.167394
start,0.167394
top,0.167394
service,0.165578
St,0.161455
children,0.161455
her,0.159394
hour,0.159394
If,0.157333
Saturday,0.157333
able,0.157333
began,0.157333
eight,0.157333
meeting,0.157333
same,0.153625
second,0.153625
young,0.153625
National,0.151689
D,0.149753
House,0.149753
Tuesday,0.149753
University,0.149753
including,0.149753
R,0.147816
We,0.147816
again,0.147816
local,0.147816
major,0.147816
member,0.147816
need,0.147816
result,0.147816
six,0.147816
show,0.142424
wife,0.142424
Monday,0.140605
Mr,0.140605
end,0.140605
added,0.138787
expected,0.138787
few,0.138787
government,0.138787
together,0.138787
area,0.137022
you,0.13361
When,0.131905
around,0.131905
little,0.131905
best,0.130199
big,0.130199
days,0.130199
present,0.130199
run,0.130199
taken,0.130199
until,0.130199
how,0.128404
Mrs,0.126806
our,0.126806
part,0.126806
special,0.126806
business,0.125207
five,0.125207
month,0.123609
months,0.123609
m,0.123467
program,0.123161
City,0.12201
asked,0.12201
called,0.12201
ever,0.12201
never,0.12201
own,0.12201
held,0.121665
ago,0.117178
too,0.115682
annual,0.114186
president,0.114186
school,0.112285
And,0.108092
another,0.108092
got,0.106694
group,0.106694
public,0.106694
set,0.106027
good,0.103419
here,0.103419
next,0.102116
take,0.102116
American,0.100812
At,0.100812
against,0.100812
people,0.0926049
without,0.0926049
during,0.088214
like,0.0870878
long,0.0870878
way,0.0870878
world,0.0870878
many,0.0859617
may,0.0826869
those,0.0806024
well,0.0806024
off,0.0795601
old,0.0795601
while,0.0795601
man,0.0733832
since,0.0733832
high,0.0709484
New,0.0691821
we,0.0682989
where,0.0682989
back,0.0674157
down,0.0674157
members,0.0674157
then,0.0674157
John,0.0632591
day,0.0624515
four,0.0624515
t,0.0624515
such,0.061644
if,0.0567898
There,0.0560554
They,0.0560554
any,0.0560554
both,0.0560554
get,0.0560554
so,0.0560554
week,0.0526291
This,0.0519657
do,0.0471677
home,0.0465732
before,0.0453841
could,0.0453841
what,0.0453841
them,0.0408093
can,0.0371738
some,0.0371738
under,0.0357856
But,0.0353228
time,0.0316986
after,0.0308995
into,0.0308995
last,0.0308995
said,0.0261438
years,0.0261438
now,0.0258057
three,0.0258057
first,0.0220679
He,0.0217897
only,0.0217897
I,0.0215116
when,0.0212334
about,0.0183153
there,0.017656
also,0.0172164
It,0.0169966
two,0.0169966
year,0.0169966
had,0.0167769
new,0.0132446
up,0.0132446
their,0.0130817
its,0.0125932
more,0.0125932
than,0.0125932
he,0.0091541
this,0.008725
all,0.00861773
are,0.00851045
were,0.00840318
In,0.00818863
no,0.00818863
over,0.00818863
his,0.00452382
but,0.0044178
A,0.00431177
been,0.00425876
they,0.00409972
not,0.0040467
other,0.0040467
The,0.0
``,0.0
a,0.0
an,0.0
and,0.0
as,0.0
at,0.0
be,0.0
by,0.0
for,0.0
from,0.0
has,0.0
have,0.0
in,0.0
is,0.0
it,0.0
of,0.0
on,0.0
one,0.0
out,0.0
s,0.0
that,0.0
the,0.0
to,0.0
was,0.0
which,0.0
who,0.0
will,0.0
with,0.0
