ballet,0.713959
Kirov,0.689711
toys,0.689711
Channel,0.681629
Jorda,0.681629
Chronicle,0.673546
Fellini,0.673546
Mail,0.673546
Person,0.673546
Toys,0.673546
cast,0.673546
ha,0.673546
immorality,0.673546
lady,0.673546
sex,0.673546
sumptuous,0.673546
windshield,0.673546
Abel,0.665464
Adventures,0.665464
Alla,0.665464
Anita,0.665464
Anniversary,0.665464
Beauty,0.665464
Bishop,0.665464
Bluebird,0.665464
Bordeau,0.665464
Cadillacs,0.665464
Cantonese,0.665464
Capello,0.665464
Casals,0.665464
Cecilia,0.665464
Check,0.665464
Chestnut,0.665464
Chiuchow,0.665464
Cologne,0.665464
Concert,0.665464
Crunch,0.665464
Dollar,0.665464
Dubovskoi,0.665464
Dukes,0.665464
Ekberg,0.665464
Enrique,0.665464
Evegeni,0.665464
Fairy,0.665464
Famed,0.665464
Festival,0.665464
Fleisher,0.665464
Franciscans,0.665464
Gala,0.665464
Gas,0.665464
Goldwater,0.665464
Gray,0.665464
Guest,0.665464
Herridge,0.665464
Hit,0.665464
Imperial,0.665464
Inna,0.665464
Irina,0.665464
Isaac,0.665464
KQED,0.665464
Knickerbocker,0.665464
Kolpakova,0.665464
Konstantin,0.665464
Leningrad,0.665464
Lex,0.665464
Lilac,0.665464
Lumia,0.665464
Mandarin,0.665464
Menuhin,0.665464
Monthly,0.665464
Munoz,0.665464
Musica,0.665464
Nijinsky,0.665464
OK,0.665464
Oh,0.665464
Omsk,0.665464
Orchestre,0.665464
Ozzie,0.665464
Pablo,0.665464
Paine,0.665464
Palermo,0.665464
Participating,0.665464
Petipa,0.665464
Philharmonique,0.665464
Pinsk,0.665464
Players,0.665464
Precise,0.665464
Producer,0.665464
Put,0.665464
Radio,0.665464
Ricci,0.665464
Romans,0.665464
Ruggiero,0.665464
Semenov,0.665464
Shatilov,0.665464
Siciliana,0.665464
Sinfonica,0.665464
Sizova,0.665464
Sleeping,0.665464
Slenczynka,0.665464
Soloviev,0.665464
Stalingr,0.665464
Stern,0.665464
Stonestown,0.665464
Strip,0.665464
Summer,0.665464
Sustaining,0.665464
Threshold,0.665464
Tires,0.665464
Tschaikowsky,0.665464
USSR,0.665464
Virsaladze,0.665464
Vladilen,0.665464
Weeks,0.665464
Where,0.665464
Yehudi,0.665464
Yuri,0.665464
Zubkovskaya,0.665464
acrobatic,0.665464
actors,0.665464
aft,0.665464
anytime,0.665464
assemblage,0.665464
auspices,0.665464
aya,0.665464
boasted,0.665464
boobify,0.665464
bored,0.665464
briskly,0.665464
busied,0.665464
cap,0.665464
capitalist,0.665464
caps,0.665464
captivating,0.665464
cellist,0.665464
charmed,0.665464
choreography,0.665464
chrome,0.665464
clobbers,0.665464
concertmaster,0.665464
conducting,0.665464
conductors,0.665464
contests,0.665464
crowning,0.665464
danseur,0.665464
darling,0.665464
debonair,0.665464
decadence,0.665464
delightful,0.665464
detract,0.665464
die,0.665464
discarded,0.665464
discover,0.665464
doorman,0.665464
dreams,0.665464
drunk,0.665464
dud,0.665464
enchantment,0.665464
engagements,0.665464
enriching,0.665464
enthralling,0.665464
erroneously,0.665464
eva,0.665464
exclusively,0.665464
expensive,0.665464
fairies,0.665464
feathers,0.665464
filial,0.665464
finned,0.665464
fins,0.665464
firehouses,0.665464
fluid,0.665464
fore,0.665464
friendliness,0.665464
frigid,0.665464
gallons,0.665464
gloomily,0.665464
glories,0.665464
gulped,0.665464
harmless,0.665464
harmonies,0.665464
headlights,0.665464
heartbreaking,0.665464
impoverished,0.665464
incomparable,0.665464
incomparably,0.665464
indicates,0.665464
infantile,0.665464
instrument,0.665464
knees,0.665464
leather,0.665464
lend,0.665464
lightness,0.665464
listing,0.665464
mall,0.665464
mileage,0.665464
monument,0.665464
musical,0.665464
muted,0.665464
naughtier,0.665464
naughty,0.665464
neatly,0.665464
noble,0.665464
nozzle,0.665464
nymphomaniacs,0.665464
oases,0.665464
oops,0.665464
ought,0.665464
ova,0.665464
pall,0.665464
pastel,0.665464
peasant,0.665464
performers,0.665464
persistent,0.665464
pianists,0.665464
pillow,0.665464
plagiarisms,0.665464
poetic,0.665464
poets,0.665464
polished,0.665464
racy,0.665464
reactionary,0.665464
refinement,0.665464
rehearsal,0.665464
renowned,0.665464
sadism,0.665464
scenery,0.665464
seaside,0.665464
senseless,0.665464
shapeless,0.665464
shocker,0.665464
silent,0.665464
silly,0.665464
sins,0.665464
sir,0.665464
skip,0.665464
slip,0.665464
soloists,0.665464
solos,0.665464
spacious,0.665464
sparkle,0.665464
sponsoring,0.665464
stuff,0.665464
stultifying,0.665464
suavity,0.665464
swinging,0.665464
tank,0.665464
tease,0.665464
tip,0.665464
tipped,0.665464
titled,0.665464
toy,0.665464
traveling,0.665464
tuck,0.665464
undistinguished,0.665464
unfamiliar,0.665464
unknowns,0.665464
unlinked,0.665464
utterly,0.665464
venerable,0.665464
ventilates,0.665464
violinists,0.665464
virile,0.665464
vulgar,0.665464
warehouse,0.665464
watchers,0.665464
winners,0.665464
wiping,0.665464
wonderfully,0.665464
yesteryear,0.665464
Dolce,0.563377
Rome,0.563377
Vita,0.563377
Chamber,0.550173
Golden,0.550173
finest,0.550173
firemen,0.550173
repaired,0.550173
totally,0.550173
Action,0.543571
Ah,0.543571
Aurora,0.543571
Ballet,0.543571
Barker,0.543571
Clay,0.543571
Fighters,0.543571
Flowers,0.543571
Gate,0.543571
Get,0.543571
Harriet,0.543571
Line,0.543571
Loan,0.543571
Luis,0.543571
Marin,0.543571
NBC,0.543571
Princess,0.543571
Puerto,0.543571
Requests,0.543571
Rico,0.543571
Science,0.543571
Simon,0.543571
Spanish,0.543571
Sunset,0.543571
Theater,0.543571
Very,0.543571
View,0.543571
Way,0.543571
absent,0.543571
addressed,0.543571
ages,0.543571
ancient,0.543571
announcing,0.543571
assignments,0.543571
austere,0.543571
billed,0.543571
box,0.543571
brutality,0.543571
calm,0.543571
character,0.543571
clean,0.543571
coat,0.543571
convention,0.543571
convey,0.543571
courtly,0.543571
creature,0.543571
dancer,0.543571
doormen,0.543571
editing,0.543571
editor,0.543571
entertaining,0.543571
exploring,0.543571
feminine,0.543571
films,0.543571
fixing,0.543571
frankness,0.543571
fulfill,0.543571
humans,0.543571
imagine,0.543571
language,0.543571
lighter,0.543571
literature,0.543571
magnificent,0.543571
mailed,0.543571
meaningless,0.543571
merit,0.543571
mine,0.543571
moderates,0.543571
numerous,0.543571
pain,0.543571
parent,0.543571
peculiar,0.543571
personality,0.543571
piety,0.543571
pleasure,0.543571
politely,0.543571
qualities,0.543571
represents,0.543571
sighed,0.543571
skidded,0.543571
smallest,0.543571
spell,0.543571
stuck,0.543571
summed,0.543571
symphony,0.543571
tail,0.543571
throws,0.543571
towering,0.543571
tradition,0.543571
unhappily,0.543571
viewers,0.543571
villa,0.543571
violin,0.543571
virtue,0.543571
wheeled,0.543571
witnessing,0.543571
Orchestra,0.483741
Russian,0.483741
costumes,0.483741
artists,0.478005
beauty,0.478005
conductor,0.478005
movies,0.478005
needy,0.478005
tickets,0.478005
writers,0.478005
Apparently,0.472269
Earl,0.472269
Guy,0.472269
Leon,0.472269
Mercer,0.472269
Miller,0.472269
Murray,0.472269
Museum,0.472269
Opera,0.472269
Roosevelt,0.472269
Symphony,0.472269
Tonight,0.472269
accepted,0.472269
alive,0.472269
anniversary,0.472269
aspect,0.472269
basically,0.472269
blood,0.472269
branches,0.472269
careers,0.472269
classical,0.472269
collective,0.472269
completes,0.472269
controversial,0.472269
couldn,0.472269
credits,0.472269
crop,0.472269
demonstrate,0.472269
distinction,0.472269
dull,0.472269
duty,0.472269
exception,0.472269
exceptionally,0.472269
features,0.472269
fence,0.472269
languages,0.472269
locally,0.472269
male,0.472269
mouth,0.472269
obviously,0.472269
performances,0.472269
plenty,0.472269
politics,0.472269
restrictions,0.472269
returning,0.472269
scientific,0.472269
seasons,0.472269
shows,0.472269
strip,0.472269
subjects,0.472269
voluntary,0.472269
wardrobe,0.472269
whereby,0.472269
wild,0.472269
writing,0.472269
bomb,0.442165
concert,0.437043
TV,0.431922
concerts,0.431922
excellent,0.431922
seen,0.431922
collected,0.4268
distribution,0.4268
guest,0.4268
moral,0.4268
street,0.4268
wear,0.4268
Any,0.421679
Asked,0.421679
Atlantic,0.421679
Christmas,0.421679
During,0.421679
Edward,0.421679
Hong,0.421679
Kong,0.421679
Mills,0.421679
Santa,0.421679
Savings,0.421679
abroad,0.421679
anywhere,0.421679
beautiful,0.421679
begun,0.421679
centers,0.421679
chic,0.421679
core,0.421679
corps,0.421679
daughters,0.421679
de,0.421679
description,0.421679
discussion,0.421679
drove,0.421679
hero,0.421679
humor,0.421679
interesting,0.421679
invitation,0.421679
isn,0.421679
laid,0.421679
looked,0.421679
loving,0.421679
plot,0.421679
quiet,0.421679
remarkable,0.421679
resist,0.421679
somebody,0.421679
style,0.421679
success,0.421679
tour,0.421679
unlike,0.421679
yards,0.421679
gas,0.401018
orders,0.391728
Music,0.387083
presentation,0.387083
rich,0.387083
Bay,0.382438
Bernard,0.382438
Collins,0.382438
Fire,0.382438
Governor,0.382438
Joan,0.382438
Junior,0.382438
Local,0.382438
Room,0.382438
Ruth,0.382438
Second,0.382438
Society,0.382438
Week,0.382438
band,0.382438
carries,0.382438
changed,0.382438
chosen,0.382438
containing,0.382438
cultural,0.382438
dancing,0.382438
driven,0.382438
emphasis,0.382438
eye,0.382438
eyes,0.382438
favorite,0.382438
girls,0.382438
master,0.382438
oil,0.382438
outstanding,0.382438
players,0.382438
pretty,0.382438
regime,0.382438
respect,0.382438
role,0.382438
sale,0.382438
simply,0.382438
task,0.382438
taste,0.382438
unity,0.382438
wind,0.382438
Francisco,0.380165
television,0.371654
La,0.358887
November,0.358887
orchestra,0.358887
traditional,0.358887
British,0.354632
collection,0.354632
film,0.354632
production,0.354632
ten,0.354632
water,0.354632
English,0.350376
France,0.350376
Grand,0.350376
Johnny,0.350376
Most,0.350376
Senator,0.350376
Sherman,0.350376
Stephen,0.350376
achieve,0.350376
audience,0.350376
body,0.350376
completely,0.350376
discussed,0.350376
entertainment,0.350376
guests,0.350376
idea,0.350376
letter,0.350376
living,0.350376
manner,0.350376
none,0.350376
obvious,0.350376
religious,0.350376
self,0.350376
surprise,0.350376
table,0.350376
true,0.350376
visit,0.350376
wrote,0.350376
station,0.335047
address,0.327195
conducted,0.327195
parties,0.327195
performance,0.327195
spirit,0.327195
California,0.323268
December,0.323268
Europe,0.323268
Hall,0.323268
account,0.323268
always,0.323268
black,0.323268
bought,0.323268
carried,0.323268
color,0.323268
crowd,0.323268
doing,0.323268
double,0.323268
fair,0.323268
issued,0.323268
lives,0.323268
looking,0.323268
obtain,0.323268
partner,0.323268
picture,0.323268
placed,0.323268
programs,0.323268
round,0.323268
scene,0.323268
score,0.323268
sell,0.323268
society,0.323268
takes,0.323268
weather,0.323268
words,0.323268
San,0.30619
De,0.303427
Soviet,0.303427
Street,0.303427
Austin,0.299786
From,0.299786
My,0.299786
Southern,0.299786
Western,0.299786
alone,0.299786
caught,0.299786
child,0.299786
fell,0.299786
friends,0.299786
greatest,0.299786
looks,0.299786
sign,0.299786
status,0.299786
things,0.299786
seems,0.285853
Russia,0.282463
attend,0.282463
believe,0.282463
hands,0.282463
About,0.279074
Beach,0.279074
age,0.279074
bills,0.279074
change,0.279074
companies,0.279074
concerned,0.279074
couple,0.279074
doesn,0.279074
happy,0.279074
include,0.279074
opened,0.279074
perhaps,0.279074
playing,0.279074
prepared,0.279074
straight,0.279074
tomorrow,0.279074
touch,0.279074
yet,0.279074
your,0.279074
fall,0.26371
Federal,0.260546
Howard,0.260546
Park,0.260546
These,0.260546
You,0.260546
am,0.260546
average,0.260546
especially,0.260546
live,0.260546
pressure,0.260546
recently,0.260546
scheduled,0.260546
thought,0.260546
us,0.260546
word,0.260546
season,0.247909
really,0.246746
Of,0.243785
call,0.243785
cannot,0.243785
merely,0.243785
problems,0.243785
ready,0.243785
reasons,0.243785
shown,0.243785
side,0.243785
stage,0.243785
car,0.242359
Miss,0.234034
cars,0.234034
East,0.231259
America,0.228484
Association,0.228484
David,0.228484
High,0.228484
So,0.228484
born,0.228484
life,0.228484
ll,0.228484
party,0.228484
ve,0.228484
series,0.224824
What,0.219616
single,0.219616
Robert,0.217012
kind,0.217012
Among,0.214408
Dr,0.214408
earlier,0.214408
getting,0.214408
himself,0.214408
hit,0.214408
name,0.214408
political,0.214408
saw,0.214408
started,0.214408
thing,0.214408
foreign,0.211159
With,0.206267
open,0.206267
center,0.203822
fine,0.203822
plans,0.203822
themselves,0.203822
White,0.201376
coming,0.201376
designed,0.201376
drive,0.201376
find,0.201376
job,0.201376
least,0.201376
p,0.201376
private,0.201376
return,0.201376
room,0.201376
me,0.196139
feel,0.19384
th,0.19384
All,0.191542
company,0.191542
She,0.189243
Wednesday,0.189243
she,0.189243
staff,0.189243
turn,0.189243
yesterday,0.189243
small,0.182215
done,0.180054
every,0.180054
face,0.180054
family,0.180054
North,0.177894
To,0.177894
according,0.177894
become,0.177894
enough,0.177894
led,0.177894
matter,0.177894
say,0.177894
toward,0.177894
start,0.169264
Kennedy,0.167233
director,0.167233
office,0.167233
her,0.166727
think,0.160999
After,0.15909
Friday,0.15909
began,0.15909
better,0.15909
hour,0.15909
If,0.157181
President,0.157181
That,0.157181
children,0.157181
country,0.157181
large,0.157181
received,0.157181
great,0.15126
House,0.149467
very,0.149467
For,0.147673
We,0.147673
including,0.147673
member,0.147673
put,0.147673
same,0.147673
six,0.147673
together,0.140337
you,0.139552
added,0.138653
end,0.138653
must,0.134813
When,0.133233
little,0.133233
big,0.131653
my,0.131653
right,0.131653
around,0.130073
best,0.130073
present,0.130073
taken,0.130073
today,0.130073
use,0.130073
ever,0.126334
along,0.123373
five,0.123373
special,0.123373
took,0.123373
went,0.123373
As,0.121892
C,0.121892
asked,0.121892
how,0.121892
however,0.121892
men,0.121892
month,0.121892
our,0.121892
part,0.121892
far,0.116847
annual,0.115461
program,0.115461
between,0.110475
night,0.110475
And,0.10918
should,0.107886
another,0.106591
given,0.106591
group,0.106591
m,0.106591
American,0.103035
announced,0.101827
see,0.101827
much,0.10062
good,0.0994125
just,0.0994125
next,0.0994125
people,0.0947627
without,0.0947627
like,0.0869217
long,0.0869217
many,0.0869217
being,0.0858786
did,0.0858786
during,0.0858786
make,0.0858786
way,0.0858786
world,0.0858786
may,0.0823794
off,0.0804486
old,0.0804486
while,0.0804486
even,0.0794832
work,0.0794832
man,0.0759836
each,0.0733123
members,0.0698047
back,0.0681686
we,0.0681686
where,0.0681686
four,0.0630804
t,0.0630804
any,0.0580418
They,0.0573616
get,0.0573616
There,0.0566814
because,0.0566814
if,0.0566814
so,0.0566814
both,0.0560013
This,0.0524333
most,0.0524333
week,0.0524333
home,0.0464416
before,0.0458909
do,0.0458909
what,0.0458909
them,0.0407314
can,0.0370031
But,0.0361459
some,0.0357173
under,0.0352887
time,0.0312106
last,0.0308406
into,0.0304705
said,0.026407
three,0.026407
I,0.0261082
now,0.0257808
years,0.0257808
when,0.0217282
He,0.0214705
made,0.0214705
only,0.0214705
first,0.0212129
had,0.0185928
It,0.0179821
year,0.0173714
would,0.0171678
about,0.0169642
also,0.0169642
or,0.0169642
two,0.0169642
there,0.0167606
its,0.013625
more,0.0130217
their,0.0128708
new,0.01272
up,0.01272
are,0.00917432
all,0.00907496
this,0.00907496
In,0.0084788
no,0.00837944
were,0.00837944
he,0.00818072
they,0.00443561
been,0.0042883
but,0.0042883
not,0.0042883
other,0.0041901
A,0.00409189
his,0.00409189
The,0.0
``,0.0
a,0.0
an,0.0
and,0.0
as,0.0
at,0.0
be,0.0
by,0.0
for,0.0
from,0.0
has,0.0
have,0.0
in,0.0
is,0.0
it,0.0
of,0.0
on,0.0
one,0.0
out,0.0
s,0.0
that,0.0
the,0.0
to,0.0
was,0.0
which,0.0
who,0.0
will,0.0
with,0.0
