Gallery,0.709585
AID,0.686383
Brevard,0.686383
Baldrige,0.680583
Duncan,0.680583
Phyfe,0.680583
Jacqueline,0.674782
Pfohl,0.674782
Pike,0.674782
bandstand,0.674782
musicians,0.674782
Alexandria,0.668982
Bouton,0.668982
Hail,0.668982
Lenygon,0.668982
Letitia,0.668982
Mansion,0.668982
Masons,0.668982
Transylvania,0.668982
redecoration,0.668982
sofas,0.668982
tent,0.668982
visitors,0.668982
wreath,0.668982
Accepted,0.663181
Alba,0.663181
Americana,0.663181
Ancient,0.663181
Andover,0.663181
Angelico,0.663181
Anticipated,0.663181
Authenticated,0.663181
Bales,0.663181
Band,0.663181
Banner,0.663181
Blacks,0.663181
Boucher,0.663181
Cathedral,0.663181
Concerts,0.663181
Conductor,0.663181
Confederacy,0.663181
Courbet,0.663181
Decorators,0.663181
Displaying,0.663181
Forever,0.663181
Fra,0.663181
Givers,0.663181
Gogh,0.663181
Handicapped,0.663181
Holbrook,0.663181
Hurt,0.663181
Jurisdiction,0.663181
Jussel,0.663181
Lehman,0.663181
Madonna,0.663181
McCluskey,0.663181
McIntyre,0.663181
Monet,0.663181
Nation,0.663181
Presidents,0.663181
Rainier,0.663181
Raphael,0.663181
Regional,0.663181
Rembrandt,0.663181
Renaissance,0.663181
Rheims,0.663181
Rutherford,0.663181
Sharpe,0.663181
Skyline,0.663181
Sousa,0.663181
Spangled,0.663181
Star,0.663181
Stripes,0.663181
Tranquility,0.663181
UGF,0.663181
Vermont,0.663181
acquired,0.663181
acquisition,0.663181
aide,0.663181
antagonisms,0.663181
antiquarians,0.663181
armchairs,0.663181
associates,0.663181
attributed,0.663181
benches,0.663181
biennial,0.663181
blonde,0.663181
bustling,0.663181
cardiac,0.663181
ceilinged,0.663181
chamber,0.663181
chatting,0.663181
clad,0.663181
collonaded,0.663181
colors,0.663181
competed,0.663181
consisting,0.663181
copied,0.663181
correspondence,0.663181
craftsman,0.663181
crippled,0.663181
crypt,0.663181
curator,0.663181
demolished,0.663181
descendants,0.663181
discussing,0.663181
disgusted,0.663181
downstairs,0.663181
dozens,0.663181
duplicated,0.663181
eulogized,0.663181
evenings,0.663181
fireplace,0.663181
fountain,0.663181
furnishings,0.663181
grateful,0.663181
greet,0.663181
haze,0.663181
heirs,0.663181
horizon,0.663181
ignoring,0.663181
impressionist,0.663181
journalist,0.663181
lawn,0.663181
leisurely,0.663181
lemonade,0.663181
liaison,0.663181
listened,0.663181
lobby,0.663181
mantel,0.663181
mantlepiece,0.663181
materialize,0.663181
measured,0.663181
miniature,0.663181
miserable,0.663181
monotonous,0.663181
mounting,0.663181
musician,0.663181
nearest,0.663181
nuns,0.663181
nw,0.663181
painted,0.663181
painting,0.663181
paneling,0.663181
paused,0.663181
perched,0.663181
poet,0.663181
poured,0.663181
preceeded,0.663181
preferred,0.663181
rangers,0.663181
rapt,0.663181
rarity,0.663181
refurbishing,0.663181
remaining,0.663181
remote,0.663181
rotunda,0.663181
sad,0.663181
secure,0.663181
seemingly,0.663181
shaking,0.663181
sidechairs,0.663181
snubbed,0.663181
soldier,0.663181
solving,0.663181
sphynxes,0.663181
stretching,0.663181
tag,0.663181
tanned,0.663181
teenage,0.663181
tomb,0.663181
tours,0.663181
uncommon,0.663181
wellknown,0.663181
woodcarver,0.663181
Family,0.560659
Rite,0.555921
Scottish,0.555921
Century,0.546445
Mount,0.546445
counseling,0.546445
discouraged,0.546445
extraordinary,0.546445
gathered,0.546445
interviews,0.546445
museum,0.546445
Carolina,0.541707
Chamber,0.541707
Drive,0.541707
Hyannis,0.541707
Northern,0.541707
Representatives,0.541707
Roman,0.541707
Stars,0.541707
Wheeler,0.541707
ages,0.541707
antiques,0.541707
appreciation,0.541707
architect,0.541707
asset,0.541707
attends,0.541707
austere,0.541707
author,0.541707
aware,0.541707
blind,0.541707
cheery,0.541707
confronting,0.541707
consult,0.541707
contacted,0.541707
contemporary,0.541707
decorators,0.541707
delighted,0.541707
designing,0.541707
desk,0.541707
erected,0.541707
fan,0.541707
fitted,0.541707
forming,0.541707
friend,0.541707
frustrations,0.541707
guards,0.541707
helped,0.541707
historian,0.541707
imposing,0.541707
impressed,0.541707
jurist,0.541707
laying,0.541707
listening,0.541707
match,0.541707
noticed,0.541707
outsiders,0.541707
patterned,0.541707
pilgrimage,0.541707
portrait,0.541707
red,0.541707
register,0.541707
rough,0.541707
rundown,0.541707
satisfaction,0.541707
sculptures,0.541707
separately,0.541707
shake,0.541707
sharing,0.541707
simultaneous,0.541707
skies,0.541707
speak,0.541707
strengthening,0.541707
suite,0.541707
tea,0.541707
texture,0.541707
trends,0.541707
undertaken,0.541707
uniformed,0.541707
unveiled,0.541707
vacationing,0.541707
welcoming,0.541707
wheel,0.541707
youthful,0.541707
library,0.482998
Executive,0.478882
Lady,0.478882
Symphony,0.478882
conductor,0.478882
Black,0.474765
Orchestra,0.474765
People,0.474765
Salem,0.474765
camp,0.474765
chairs,0.474765
couldn,0.474765
devoted,0.474765
paintings,0.474765
promotion,0.474765
remarked,0.474765
tribute,0.474765
welcome,0.474765
Advisory,0.470649
Along,0.470649
Director,0.470649
Everybody,0.470649
Fine,0.470649
Jersey,0.470649
Manhattan,0.470649
Margaret,0.470649
Marine,0.470649
Masonic,0.470649
Melvin,0.470649
Order,0.470649
Perhaps,0.470649
Port,0.470649
approached,0.470649
artists,0.470649
background,0.470649
bed,0.470649
breaking,0.470649
cookies,0.470649
delegates,0.470649
demanded,0.470649
difficulties,0.470649
divorce,0.470649
dull,0.470649
entrance,0.470649
expressed,0.470649
facing,0.470649
feature,0.470649
frame,0.470649
gallery,0.470649
gay,0.470649
gives,0.470649
greeted,0.470649
invited,0.470649
matched,0.470649
park,0.470649
perfect,0.470649
praised,0.470649
presidential,0.470649
pride,0.470649
prominent,0.470649
remarks,0.470649
ribbon,0.470649
seated,0.470649
serves,0.470649
sometimes,0.470649
standing,0.470649
studying,0.470649
sun,0.470649
swept,0.470649
threshold,0.470649
tired,0.470649
warmed,0.470649
watching,0.470649
concert,0.43861
Mass,0.423908
Temple,0.423908
doors,0.423908
teachers,0.423908
tour,0.423908
Because,0.420233
Colorado,0.420233
Fund,0.420233
Lodge,0.420233
Van,0.420233
Vernon,0.420233
Walker,0.420233
Without,0.420233
abroad,0.420233
agencies,0.420233
associate,0.420233
buildings,0.420233
complained,0.420233
concerts,0.420233
count,0.420233
daughters,0.420233
definite,0.420233
designs,0.420233
difference,0.420233
display,0.420233
faces,0.420233
guest,0.420233
huge,0.420233
hundreds,0.420233
intention,0.420233
invitation,0.420233
lack,0.420233
lifetime,0.420233
located,0.420233
loving,0.420233
march,0.420233
marked,0.420233
piece,0.420233
produced,0.420233
quietly,0.420233
receiving,0.420233
representatives,0.420233
slender,0.420233
sons,0.420233
style,0.420233
wonderful,0.420233
wore,0.420233
workshop,0.420233
music,0.404461
furniture,0.387793
Wilson,0.38446
Young,0.38446
marriage,0.38446
master,0.38446
pieces,0.38446
Capitol,0.381127
Health,0.381127
Institute,0.381127
Music,0.381127
Philadelphia,0.381127
Social,0.381127
Virginia,0.381127
accused,0.381127
agency,0.381127
arrived,0.381127
band,0.381127
ceremony,0.381127
consider,0.381127
create,0.381127
credit,0.381127
cultural,0.381127
enjoy,0.381127
enjoyed,0.381127
flow,0.381127
gift,0.381127
learn,0.381127
mature,0.381127
minute,0.381127
outlook,0.381127
overcome,0.381127
pretty,0.381127
quick,0.381127
rare,0.381127
representative,0.381127
resulted,0.381127
rise,0.381127
row,0.381127
seeking,0.381127
somewhat,0.381127
therefore,0.381127
trip,0.381127
understand,0.381127
various,0.381127
watch,0.381127
art,0.355283
audience,0.355283
guests,0.355283
Barnes,0.352229
Patricia,0.352229
attention,0.352229
blue,0.352229
families,0.352229
lawyer,0.352229
mind,0.352229
Allen,0.349175
Arts,0.349175
Center,0.349175
Christian,0.349175
Denver,0.349175
England,0.349175
Francis,0.349175
Many,0.349175
Samuel,0.349175
Stephen,0.349175
affair,0.349175
care,0.349175
commented,0.349175
discussed,0.349175
frequently,0.349175
knowledge,0.349175
orchestra,0.349175
self,0.349175
serve,0.349175
source,0.349175
sponsored,0.349175
sure,0.349175
surprise,0.349175
Chief,0.327795
Hall,0.324977
ordinary,0.324977
placed,0.324977
representing,0.324977
Corps,0.32216
French,0.32216
beginning,0.32216
closed,0.32216
completed,0.32216
connection,0.32216
ended,0.32216
famous,0.32216
financial,0.32216
formally,0.32216
groups,0.32216
heavy,0.32216
millions,0.32216
paying,0.32216
reception,0.32216
stay,0.32216
value,0.32216
vital,0.32216
youth,0.32216
followed,0.301371
headed,0.301371
possibility,0.301371
spend,0.301371
Albert,0.298758
Americans,0.298758
Southern,0.298758
appointed,0.298758
attended,0.298758
break,0.298758
estate,0.298758
greatest,0.298758
homes,0.298758
housing,0.298758
offer,0.298758
section,0.298758
struck,0.298758
town,0.298758
traffic,0.298758
woman,0.298758
Service,0.287847
students,0.285414
First,0.282982
happy,0.282982
played,0.282982
Boston,0.280549
District,0.280549
explained,0.280549
hands,0.280549
hear,0.280549
heard,0.280549
include,0.280549
interested,0.280549
judge,0.280549
seem,0.280549
summer,0.280549
About,0.278117
Each,0.278117
League,0.278117
More,0.278117
although,0.278117
comes,0.278117
evening,0.278117
floor,0.278117
look,0.278117
pointed,0.278117
spring,0.278117
variety,0.278117
view,0.278117
Mary,0.266465
didn,0.261923
fall,0.261923
white,0.261923
Secretary,0.259652
agreed,0.259652
begin,0.259652
clearly,0.259652
college,0.259652
community,0.259652
husband,0.259652
leaders,0.259652
neither,0.259652
plus,0.259652
recently,0.259652
secretary,0.259652
social,0.259652
thought,0.259652
whole,0.259652
across,0.245074
leader,0.245074
opening,0.245074
problems,0.245074
really,0.245074
Council,0.242949
Joseph,0.242949
cannot,0.242949
clear,0.242949
following,0.242949
important,0.242949
often,0.242949
particularly,0.242949
presented,0.242949
times,0.242949
women,0.242949
Henry,0.231683
Miss,0.231683
turned,0.231683
life,0.229692
project,0.229692
student,0.229692
ve,0.229692
South,0.2277
born,0.2277
charge,0.2277
complete,0.2277
failed,0.2277
feet,0.2277
nearly,0.2277
reached,0.2277
serious,0.2277
White,0.218238
series,0.21741
School,0.215541
field,0.215541
help,0.215541
minutes,0.215541
schools,0.215541
wide,0.215541
Among,0.213673
aid,0.213673
building,0.213673
name,0.213673
single,0.213673
thing,0.213673
wanted,0.213673
p,0.205951
open,0.204196
room,0.20244
job,0.200685
near,0.200685
plans,0.200685
return,0.200685
sent,0.200685
served,0.200685
whether,0.200685
working,0.200685
yesterday,0.200141
staff,0.195192
She,0.193543
session,0.193543
States,0.191893
play,0.191893
she,0.191893
th,0.191893
whose,0.191893
committee,0.190244
house,0.190244
family,0.189688
education,0.188594
me,0.188594
pay,0.188594
plan,0.188594
point,0.188594
record,0.188594
support,0.188594
turn,0.188594
weeks,0.188594
done,0.181935
To,0.180385
decided,0.178834
late,0.178834
Kennedy,0.17832
Frank,0.177284
George,0.177284
North,0.177284
P,0.177284
Richard,0.177284
effort,0.177284
enough,0.177284
interest,0.177284
led,0.177284
probably,0.177284
say,0.177284
small,0.177284
toward,0.177284
United,0.171032
President,0.168973
firm,0.168117
office,0.168117
Committee,0.166659
away,0.166659
director,0.166659
full,0.166659
head,0.166659
House,0.1639
her,0.163492
children,0.160752
country,0.159382
N,0.158012
going,0.158012
think,0.158012
After,0.156642
E,0.156642
One,0.156642
St,0.156642
That,0.156642
better,0.156642
chairman,0.156642
does,0.156642
eight,0.156642
know,0.156642
received,0.156642
service,0.156642
young,0.15489
National,0.149741
six,0.149741
found,0.148454
great,0.148454
For,0.147167
major,0.147167
national,0.147167
possible,0.147167
same,0.147167
second,0.147167
very,0.147167
left,0.140595
together,0.140595
expected,0.139386
wife,0.139386
Mr,0.138178
York,0.138178
added,0.138178
case,0.138178
few,0.138178
today,0.134162
area,0.131895
around,0.130761
you,0.130761
James,0.129627
best,0.129627
come,0.129627
little,0.129627
my,0.129627
present,0.129627
Mrs,0.125724
As,0.123599
C,0.123599
went,0.123599
along,0.122537
told,0.122537
took,0.122537
asked,0.121474
came,0.121474
five,0.121474
however,0.121474
men,0.121474
special,0.121474
Washington,0.115673
J,0.114679
ago,0.114679
too,0.114679
later,0.113684
m,0.110871
group,0.109942
given,0.108084
And,0.106226
U,0.106226
another,0.106226
between,0.106226
got,0.106226
school,0.106226
should,0.106226
American,0.101671
here,0.101671
set,0.101671
much,0.100805
At,0.0999381
early,0.0999381
announced,0.0990716
just,0.0990716
past,0.0990716
see,0.0990716
people,0.0930045
without,0.0921981
being,0.0900754
many,0.0863327
S,0.0855841
during,0.0855841
long,0.0855841
way,0.0855841
world,0.0855841
work,0.0840603
those,0.0792107
each,0.0743389
since,0.0730609
members,0.0688808
New,0.0682937
we,0.0682937
where,0.0682937
high,0.0671196
then,0.0671196
through,0.0671196
John,0.0629836
t,0.0629836
day,0.0613732
four,0.0613732
They,0.058738
him,0.0567855
both,0.0562973
so,0.0562973
There,0.0558092
any,0.0558092
because,0.0558092
get,0.0558092
most,0.0517393
This,0.0508574
before,0.0463703
could,0.0463703
home,0.0463703
do,0.0455799
what,0.0451847
them,0.0422092
But,0.0354752
some,0.0354752
under,0.0351677
after,0.0311627
time,0.0308972
last,0.0306316
said,0.0268159
years,0.0263665
now,0.0261418
three,0.0256923
I,0.0224344
He,0.0222495
first,0.0216948
made,0.021325
when,0.021325
only,0.0211401
had,0.018018
It,0.0169953
about,0.0169953
or,0.0168493
two,0.0168493
would,0.0168493
also,0.0167032
there,0.0167032
year,0.0167032
their,0.01335
up,0.012917
than,0.0127005
its,0.012484
more,0.012484
new,0.012484
he,0.00872311
are,0.0086518
this,0.0085805
were,0.00843788
all,0.00822397
In,0.00815266
no,0.00815266
over,0.00815266
his,0.00448703
they,0.00424036
A,0.00413464
not,0.00413464
been,0.0040994
but,0.00406417
other,0.00406417
The,0.0
``,0.0
a,0.0
an,0.0
and,0.0
as,0.0
at,0.0
be,0.0
by,0.0
for,0.0
from,0.0
has,0.0
have,0.0
in,0.0
is,0.0
it,0.0
of,0.0
on,0.0
one,0.0
out,0.0
s,0.0
that,0.0
the,0.0
to,0.0
was,0.0
which,0.0
who,0.0
will,0.0
with,0.0
