summit,0.70894
Camp,0.670271
Developments,0.670271
advisability,0.670271
announcements,0.670271
attitude,0.670271
confrontation,0.670271
desirable,0.670271
exchanges,0.670271
grave,0.670271
inner,0.670271
propaganda,0.670271
toughness,0.670271
veto,0.670271
willingness,0.670271
Above,0.663826
Attitude,0.663826
Beyond,0.663826
Churchill,0.663826
Deadlock,0.663826
Disapproval,0.663826
Embassy,0.663826
Finally,0.663826
Firm,0.663826
Initially,0.663826
Iran,0.663826
Llewellyn,0.663826
Novosibirsk,0.663826
Pre,0.663826
Vietnam,0.663826
adversaries,0.663826
adversary,0.663826
aggressive,0.663826
alarmingly,0.663826
awakening,0.663826
belongs,0.663826
blundered,0.663826
catastrophe,0.663826
caution,0.663826
cocky,0.663826
compel,0.663826
concessions,0.663826
concrete,0.663826
councils,0.663826
dampened,0.663826
dangerously,0.663826
dated,0.663826
decisive,0.663826
define,0.663826
deliberations,0.663826
denunciation,0.663826
deteriorating,0.663826
deterioration,0.663826
directorate,0.663826
disabuse,0.663826
disapproval,0.663826
disunity,0.663826
dragged,0.663826
encounters,0.663826
episodes,0.663826
erroneous,0.663826
expectation,0.663826
feelings,0.663826
formulating,0.663826
hat,0.663826
heightened,0.663826
illusory,0.663826
impotency,0.663826
impunity,0.663826
inauguration,0.663826
inevitable,0.663826
inflexible,0.663826
inroads,0.663826
instincts,0.663826
intense,0.663826
interpret,0.663826
intimated,0.663826
lest,0.663826
midst,0.663826
miscalculation,0.663826
misunderstanding,0.663826
negotiating,0.663826
notions,0.663826
onus,0.663826
overreach,0.663826
panic,0.663826
penetration,0.663826
precisely,0.663826
pressures,0.663826
probe,0.663826
reactions,0.663826
realities,0.663826
reflected,0.663826
reluctantly,0.663826
rely,0.663826
salutary,0.663826
scope,0.663826
secretly,0.663826
shift,0.663826
sided,0.663826
smiles,0.663826
sparing,0.663826
stakes,0.663826
stalemate,0.663826
strengthened,0.663826
summitry,0.663826
tensions,0.663826
testing,0.663826
tripartite,0.663826
troubled,0.663826
turning,0.663826
unchecked,0.663826
vigorous,0.663826
warnings,0.663826
weakened,0.663826
Allied,0.552762
Moreover,0.552762
belief,0.552762
informal,0.552762
tests,0.552762
Allies,0.547498
Middle,0.547498
Russians,0.547498
Thus,0.547498
broad,0.547498
commitments,0.547498
crucial,0.547498
determination,0.547498
diplomacy,0.547498
doorstep,0.547498
eventual,0.547498
frank,0.547498
heads,0.547498
insistence,0.547498
shrewd,0.547498
simultaneous,0.547498
timing,0.547498
weapons,0.547498
Bonn,0.542233
Control,0.542233
Ideally,0.542233
Nikita,0.542233
Secretariat,0.542233
Shortly,0.542233
Siberia,0.542233
Sir,0.542233
Winston,0.542233
accord,0.542233
aims,0.542233
arise,0.542233
belt,0.542233
blow,0.542233
briefly,0.542233
confronted,0.542233
consultation,0.542233
convenient,0.542233
conversations,0.542233
dealt,0.542233
debates,0.542233
delicate,0.542233
demonstrated,0.542233
disarmament,0.542233
drama,0.542233
ease,0.542233
emphasized,0.542233
episode,0.542233
equation,0.542233
exploit,0.542233
fatal,0.542233
flexible,0.542233
forthcoming,0.542233
fresh,0.542233
fruitful,0.542233
global,0.542233
hopeful,0.542233
ideological,0.542233
illusion,0.542233
implement,0.542233
inaugural,0.542233
incident,0.542233
inclination,0.542233
inherited,0.542233
initiative,0.542233
lull,0.542233
magic,0.542233
mainly,0.542233
masked,0.542233
meets,0.542233
negotiate,0.542233
negotiation,0.542233
neutralized,0.542233
organs,0.542233
pains,0.542233
pause,0.542233
proposes,0.542233
reconsider,0.542233
relationships,0.542233
resumption,0.542233
satisfy,0.542233
seasoned,0.542233
shifting,0.542233
sooner,0.542233
spotlight,0.542233
struggle,0.542233
tended,0.542233
timely,0.542233
undue,0.542233
unnecessary,0.542233
urgency,0.542233
warn,0.542233
wrecked,0.542233
Vienna,0.49855
convinced,0.484828
allies,0.480254
cold,0.480254
exchange,0.480254
neutral,0.480254
Big,0.47568
agreements,0.47568
encounter,0.47568
formal,0.47568
initial,0.47568
issues,0.47568
views,0.47568
Apart,0.471106
Apparently,0.471106
China,0.471106
Road,0.471106
affect,0.471106
anyway,0.471106
arose,0.471106
aroused,0.471106
ban,0.471106
birthday,0.471106
breakdown,0.471106
chiefly,0.471106
conclusion,0.471106
confirm,0.471106
consent,0.471106
contact,0.471106
determined,0.471106
diplomatic,0.471106
disagreement,0.471106
discussions,0.471106
elements,0.471106
genuine,0.471106
grounds,0.471106
inquiries,0.471106
intervention,0.471106
involve,0.471106
nomination,0.471106
objective,0.471106
preceded,0.471106
principle,0.471106
schedules,0.471106
settlement,0.471106
sharp,0.471106
strengthen,0.471106
tension,0.471106
urgent,0.471106
Khrushchev,0.462982
negotiations,0.445144
Cuba,0.432893
Geneva,0.432893
nuclear,0.432893
produced,0.428809
Premier,0.425943
balance,0.424725
bitter,0.424725
danger,0.424725
deadlock,0.424725
favorable,0.424725
moves,0.424725
plain,0.424725
reaching,0.424725
spread,0.424725
Communists,0.420641
afford,0.420641
arrangements,0.420641
bad,0.420641
badly,0.420641
believed,0.420641
bodies,0.420641
capacity,0.420641
consulted,0.420641
core,0.420641
discussion,0.420641
dress,0.420641
enter,0.420641
events,0.420641
eventually,0.420641
forth,0.420641
greatly,0.420641
impossible,0.420641
improving,0.420641
occasion,0.420641
prospects,0.420641
replied,0.420641
resist,0.420641
resumed,0.420641
significance,0.420641
stressed,0.420641
stronger,0.420641
tough,0.420641
weakness,0.420641
Moscow,0.414832
Laos,0.407424
Ambassador,0.385201
Asia,0.385201
Paris,0.385201
progress,0.385201
suggested,0.385201
Commission,0.381497
Despite,0.381497
February,0.381497
London,0.381497
advanced,0.381497
appear,0.381497
apply,0.381497
bargaining,0.381497
complex,0.381497
confident,0.381497
equally,0.381497
experience,0.381497
extending,0.381497
factors,0.381497
heavily,0.381497
holds,0.381497
impression,0.381497
intentions,0.381497
kitchen,0.381497
levels,0.381497
lower,0.381497
machinery,0.381497
mood,0.381497
outlook,0.381497
peace,0.381497
permitted,0.381497
policies,0.381497
prove,0.381497
quick,0.381497
response,0.381497
split,0.381497
talked,0.381497
task,0.381497
understand,0.381497
Berlin,0.356301
announcement,0.356301
Southeast,0.352907
Thompson,0.352907
approval,0.352907
climate,0.352907
letter,0.352907
raised,0.352907
Eisenhower,0.349514
Latin,0.349514
ability,0.349514
approach,0.349514
argued,0.349514
argument,0.349514
believes,0.349514
buy,0.349514
capital,0.349514
created,0.349514
factor,0.349514
light,0.349514
range,0.349514
reaction,0.349514
talks,0.349514
terms,0.349514
thus,0.349514
traditional,0.349514
worse,0.349514
spirit,0.334996
Soviet,0.333889
countries,0.328734
opportunity,0.328734
accept,0.325603
value,0.325603
vital,0.325603
words,0.325603
advisers,0.322473
allowed,0.322473
answer,0.322473
battle,0.322473
chance,0.322473
common,0.322473
completed,0.322473
conflict,0.322473
connection,0.322473
delivered,0.322473
despite,0.322473
hoped,0.322473
issued,0.322473
measure,0.322473
met,0.322473
nature,0.322473
picture,0.322473
poor,0.322473
principal,0.322473
provided,0.322473
questions,0.322473
review,0.322473
reason,0.307759
appeared,0.304855
personal,0.304855
Four,0.301952
agreement,0.301952
hope,0.301952
increased,0.301952
nations,0.301952
possibility,0.301952
Chairman,0.299048
Government,0.299048
January,0.299048
June,0.299048
Last,0.299048
Western,0.299048
advantage,0.299048
based,0.299048
ground,0.299048
hold,0.299048
hopes,0.299048
introduced,0.299048
largely,0.299048
mean,0.299048
ones,0.299048
purpose,0.299048
rule,0.299048
running,0.299048
sense,0.299048
Communist,0.286495
war,0.283792
basic,0.28109
believe,0.28109
concerned,0.28109
demand,0.28109
knew,0.28109
perhaps,0.28109
try,0.28109
view,0.28109
Administration,0.278387
Feb,0.278387
International,0.278387
Russia,0.278387
Union,0.278387
change,0.278387
economic,0.278387
either,0.278387
example,0.278387
feeling,0.278387
informed,0.278387
judge,0.278387
known,0.278387
opinion,0.278387
prevent,0.278387
size,0.278387
talk,0.278387
veteran,0.278387
international,0.277568
test,0.264951
policy,0.262428
pressure,0.262428
leader,0.262073
amount,0.259904
begin,0.259904
clearly,0.259904
continued,0.259904
especially,0.259904
executive,0.259904
greater,0.259904
hardly,0.259904
leaders,0.259904
necessary,0.259904
neither,0.259904
nor,0.259904
planned,0.259904
word,0.259904
worked,0.259904
May,0.247907
question,0.247907
areas,0.245546
caused,0.245546
conference,0.245546
favor,0.245546
felt,0.245546
strong,0.245546
call,0.243185
carry,0.243185
chief,0.243185
clear,0.243185
current,0.243185
forces,0.243185
less,0.243185
news,0.243185
often,0.243185
particularly,0.243185
pro,0.243185
problems,0.243185
throughout,0.243185
times,0.243185
East,0.236773
military,0.232347
America,0.230134
David,0.230134
Both,0.227921
South,0.227921
efforts,0.227921
issue,0.227921
turned,0.227921
fact,0.218033
position,0.218033
final,0.215957
himself,0.215957
power,0.215957
wanted,0.215957
building,0.21388
certain,0.21388
control,0.21388
evidence,0.21388
further,0.21388
hard,0.21388
political,0.21388
relations,0.21388
saw,0.21388
series,0.21388
single,0.21388
statement,0.21388
wide,0.21388
West,0.210632
White,0.206731
foreign,0.20283
want,0.20283
Other,0.20088
find,0.20088
hand,0.20088
least,0.20088
near,0.20088
plans,0.20088
served,0.20088
whether,0.20088
meeting,0.199418
session,0.192443
States,0.188777
bring,0.188777
future,0.188777
indicated,0.188777
play,0.188777
rather,0.188777
reported,0.188777
President,0.18724
Kennedy,0.183017
effort,0.182625
become,0.179179
real,0.179179
toward,0.179179
almost,0.177456
decided,0.177456
interest,0.177456
late,0.177456
led,0.177456
meet,0.177456
period,0.177456
probably,0.177456
problem,0.17168
March,0.166821
United,0.166821
away,0.166821
firm,0.166821
full,0.166821
Mr,0.16114
Friday,0.158317
That,0.158317
going,0.158317
After,0.156794
E,0.156794
If,0.156794
N,0.156794
One,0.156794
brought,0.156794
might,0.153031
House,0.1516
give,0.15017
major,0.15017
result,0.14874
same,0.14874
For,0.14731
including,0.14731
possible,0.14731
put,0.14731
end,0.139655
government,0.138312
making,0.138312
third,0.138312
together,0.138312
come,0.131013
On,0.129753
area,0.129753
general,0.129753
little,0.129753
own,0.123954
U,0.122846
As,0.122773
came,0.122773
however,0.122773
men,0.122773
months,0.121593
part,0.121593
still,0.121593
told,0.121593
took,0.121593
went,0.121593
Washington,0.119319
later,0.1149
too,0.1149
ago,0.113795
far,0.113795
held,0.113795
between,0.109426
another,0.108394
got,0.106329
m,0.106329
should,0.106329
early,0.101093
set,0.101093
At,0.100131
against,0.100131
take,0.100131
these,0.100131
announced,0.0991679
next,0.0991679
past,0.0991679
S,0.0981431
make,0.0881624
did,0.0873307
world,0.0873307
way,0.086499
long,0.0856673
many,0.0856673
even,0.0839063
may,0.0808272
those,0.0808272
old,0.0800574
well,0.0800574
while,0.0792876
man,0.0731319
since,0.0731319
back,0.0678371
down,0.0671848
high,0.0671848
through,0.0671848
we,0.0671848
such,0.0620293
There,0.0574905
any,0.0569482
him,0.0569482
if,0.0569482
because,0.0564058
both,0.0564058
so,0.0558634
week,0.0519353
This,0.0504655
before,0.046546
could,0.0461068
do,0.0452286
what,0.0452286
them,0.0401436
But,0.0365689
can,0.0355436
under,0.0352018
time,0.0327563
last,0.031871
after,0.0306906
into,0.0306906
three,0.025967
now,0.0257173
said,0.0257173
He,0.0219824
first,0.0215716
made,0.0215716
when,0.0215716
I,0.0211607
only,0.0211607
about,0.0186673
would,0.0181803
had,0.0178557
or,0.017531
there,0.017531
year,0.0173687
also,0.0172064
It,0.017044
two,0.017044
new,0.0129891
its,0.0127486
than,0.0126283
up,0.0125081
more,0.0123878
he,0.00934902
were,0.00879442
no,0.00871519
In,0.0084775
all,0.00831904
over,0.00831904
are,0.00823981
this,0.00816058
his,0.004581
not,0.00446353
other,0.00422861
been,0.0041503
but,0.004072
they,0.00403284
The,0.0
``,0.0
a,0.0
an,0.0
and,0.0
as,0.0
at,0.0
be,0.0
by,0.0
for,0.0
from,0.0
has,0.0
have,0.0
in,0.0
is,0.0
it,0.0
of,0.0
on,0.0
one,0.0
out,0.0
s,0.0
that,0.0
the,0.0
to,0.0
was,0.0
which,0.0
who,0.0
will,0.0
with,0.0
