participation,0.696305
owns,0.689818
diocesan,0.68333
identification,0.68333
tenure,0.68333
communication,0.676843
esprit,0.676843
gamble,0.676843
Professors,0.670356
caliber,0.670356
comradeship,0.670356
duplication,0.670356
employee,0.670356
exaggerate,0.670356
mechanisms,0.670356
orientation,0.670356
owe,0.670356
qualifications,0.670356
satisfying,0.670356
wasteful,0.670356
Adequate,0.663868
Broadly,0.663868
Catholics,0.663868
Commenting,0.663868
Competent,0.663868
Diocesan,0.663868
Expressions,0.663868
Mollusks,0.663868
Official,0.663868
Outside,0.663868
Religious,0.663868
Viewing,0.663868
Word,0.663868
acclimatized,0.663868
accomplishment,0.663868
achieves,0.663868
adaptation,0.663868
administers,0.663868
allocation,0.663868
anomalies,0.663868
aptly,0.663868
arithmetical,0.663868
attainment,0.663868
baneful,0.663868
biologist,0.663868
bishops,0.663868
blunts,0.663868
boycott,0.663868
brethren,0.663868
campus,0.663868
cancel,0.663868
capabilities,0.663868
centuries,0.663868
citizenship,0.663868
clustered,0.663868
collegiate,0.663868
conclusions,0.663868
confirming,0.663868
coveted,0.663868
definitive,0.663868
delegate,0.663868
democratic,0.663868
derive,0.663868
destroying,0.663868
detachment,0.663868
dichotomy,0.663868
dimension,0.663868
eating,0.663868
emerges,0.663868
enrollments,0.663868
envision,0.663868
ersatz,0.663868
evolutionary,0.663868
faked,0.663868
familiar,0.663868
flattering,0.663868
founded,0.663868
framed,0.663868
generosity,0.663868
goaded,0.663868
guarantee,0.663868
i,0.663868
idealism,0.663868
illustrate,0.663868
inapt,0.663868
indeed,0.663868
inhomogeneous,0.663868
intangible,0.663868
intangibles,0.663868
intra,0.663868
invests,0.663868
isolated,0.663868
knit,0.663868
layman,0.663868
loath,0.663868
minorities,0.663868
miracle,0.663868
mortal,0.663868
mural,0.663868
nourished,0.663868
oft,0.663868
outsider,0.663868
parish,0.663868
partners,0.663868
phrase,0.663868
pictured,0.663868
produces,0.663868
recruiting,0.663868
represent,0.663868
resembled,0.663868
resembles,0.663868
reservoir,0.663868
resourcefulness,0.663868
responded,0.663868
retrospect,0.663868
riot,0.663868
sacrifices,0.663868
salaries,0.663868
secular,0.663868
select,0.663868
sounding,0.663868
sparks,0.663868
spreads,0.663868
springs,0.663868
staffed,0.663868
stereotype,0.663868
stimulus,0.663868
subsidized,0.663868
supernatural,0.663868
technique,0.663868
temper,0.663868
temperament,0.663868
tightly,0.663868
tone,0.663868
underestimate,0.663868
uniquely,0.663868
useful,0.663868
varying,0.663868
versed,0.663868
zeal,0.663868
academic,0.579361
institution,0.563464
Catholic,0.558611
Dame,0.558165
Notre,0.558165
parochial,0.558165
compensation,0.552866
excellence,0.552866
Chapter,0.547567
appeals,0.547567
creative,0.547567
deeper,0.547567
e,0.547567
explanation,0.547567
marvel,0.547567
potential,0.547567
prone,0.547567
seldom,0.547567
shell,0.547567
Civil,0.542268
Community,0.542268
Had,0.542268
Much,0.542268
acted,0.542268
actual,0.542268
artificial,0.542268
awareness,0.542268
biology,0.542268
brand,0.542268
broad,0.542268
character,0.542268
curious,0.542268
cutting,0.542268
debates,0.542268
decades,0.542268
declines,0.542268
dedicated,0.542268
democracy,0.542268
depreciation,0.542268
devotion,0.542268
discrepancy,0.542268
dissatisfaction,0.542268
distinguished,0.542268
exaggerated,0.542268
extremely,0.542268
fatal,0.542268
finishing,0.542268
gaining,0.542268
generously,0.542268
grips,0.542268
hardship,0.542268
hiring,0.542268
illusion,0.542268
imagine,0.542268
immigrant,0.542268
implement,0.542268
indispensable,0.542268
informal,0.542268
initiative,0.542268
interests,0.542268
negative,0.542268
organs,0.542268
ourselves,0.542268
outsiders,0.542268
ownership,0.542268
paradox,0.542268
pastors,0.542268
peculiar,0.542268
piety,0.542268
pitifully,0.542268
pressing,0.542268
principles,0.542268
protective,0.542268
pursuit,0.542268
realized,0.542268
refer,0.542268
repeated,0.542268
scheme,0.542268
scholar,0.542268
specialized,0.542268
speculating,0.542268
spell,0.542268
structured,0.542268
substitute,0.542268
sum,0.542268
suspects,0.542268
symbol,0.542268
tended,0.542268
titles,0.542268
totals,0.542268
understandable,0.542268
unified,0.542268
wonder,0.542268
institutions,0.494156
enterprise,0.484948
existence,0.480344
appreciate,0.47574
aspect,0.47574
becomes,0.47574
communities,0.47574
elsewhere,0.47574
otherwise,0.47574
universities,0.47574
Apart,0.471137
adequately,0.471137
administrative,0.471137
advisory,0.471137
automatically,0.471137
boards,0.471137
breed,0.471137
cause,0.471137
cease,0.471137
contribution,0.471137
deserves,0.471137
difficulty,0.471137
drawing,0.471137
earning,0.471137
elementary,0.471137
enthusiasm,0.471137
establishing,0.471137
g,0.471137
happens,0.471137
import,0.471137
imposed,0.471137
mechanism,0.471137
natural,0.471137
net,0.471137
processes,0.471137
promotion,0.471137
rank,0.471137
reserved,0.471137
satisfactory,0.471137
scrutiny,0.471137
sensitive,0.471137
stems,0.471137
strain,0.471137
suggestions,0.471137
tension,0.471137
faculty,0.465886
achievement,0.437111
colleges,0.437111
adequate,0.428889
authorities,0.428889
closely,0.428889
corps,0.428889
de,0.428889
educational,0.424779
regarded,0.424779
relatively,0.424779
sacrifice,0.424779
simple,0.424779
teachers,0.424779
European,0.420668
Though,0.420668
Today,0.420668
accomplished,0.420668
advance,0.420668
arrangements,0.420668
busy,0.420668
collections,0.420668
committees,0.420668
description,0.420668
drawn,0.420668
edge,0.420668
goals,0.420668
grade,0.420668
impressive,0.420668
interesting,0.420668
membership,0.420668
nevertheless,0.420668
particular,0.420668
pattern,0.420668
profession,0.420668
qualified,0.420668
realize,0.420668
reference,0.420668
significance,0.420668
significant,0.420668
unlike,0.420668
warning,0.420668
weakness,0.420668
responsibility,0.392706
Yet,0.388978
employees,0.388978
professional,0.388978
teacher,0.388978
conditions,0.38525
decisions,0.38525
establishment,0.38525
larger,0.38525
learning,0.38525
pre,0.38525
security,0.38525
simply,0.38525
truth,0.38525
atmosphere,0.381521
block,0.381521
clerical,0.381521
closer,0.381521
conferences,0.381521
considerably,0.381521
contributed,0.381521
create,0.381521
creation,0.381521
doubt,0.381521
dramatic,0.381521
earth,0.381521
encouragement,0.381521
existing,0.381521
explains,0.381521
extending,0.381521
failure,0.381521
fashion,0.381521
goes,0.381521
intentions,0.381521
levels,0.381521
maintenance,0.381521
mature,0.381521
meetings,0.381521
mission,0.381521
operates,0.381521
outlook,0.381521
practices,0.381521
quickly,0.381521
reduced,0.381521
speaking,0.381521
starting,0.381521
therefore,0.381521
understand,0.381521
wrong,0.381521
religious,0.37003
teaching,0.359783
authority,0.352952
difficult,0.352952
lay,0.352952
obvious,0.352952
personnel,0.352952
table,0.352952
apparent,0.349536
certainly,0.349536
co,0.349536
commented,0.349536
direct,0.349536
expects,0.349536
likely,0.349536
mentioned,0.349536
noted,0.349536
positions,0.349536
rapidly,0.349536
resolution,0.349536
terms,0.349536
worse,0.349536
spirit,0.331947
highest,0.325645
itself,0.325645
picture,0.325645
By,0.322493
Church,0.322493
Just,0.322493
advisers,0.322493
anything,0.322493
attending,0.322493
chance,0.322493
class,0.322493
conducted,0.322493
degree,0.322493
different,0.322493
formally,0.322493
met,0.322493
miles,0.322493
nature,0.322493
opposed,0.322493
ordinary,0.322493
questions,0.322493
salary,0.322493
scene,0.322493
strength,0.322493
strike,0.322493
training,0.322493
value,0.322493
vital,0.322493
sense,0.316602
actually,0.304913
university,0.30289
luncheon,0.30199
outside,0.30199
possibility,0.30199
reason,0.30199
Even,0.299068
Those,0.299068
above,0.299068
beyond,0.299068
faced,0.299068
friends,0.299068
identified,0.299068
leading,0.299068
nothing,0.299068
product,0.299068
purpose,0.299068
higher,0.297449
seem,0.286566
demand,0.283846
needs,0.283846
basis,0.281125
considered,0.281125
example,0.281125
students,0.281125
community,0.280241
Service,0.278405
basic,0.278405
concerned,0.278405
defense,0.278405
except,0.278405
feeling,0.278405
happy,0.278405
interested,0.278405
key,0.278405
low,0.278405
opinion,0.278405
seems,0.278405
size,0.278405
why,0.278405
college,0.275161
necessary,0.265001
clearly,0.262461
decision,0.262461
hardly,0.262461
policy,0.262461
junior,0.259921
market,0.259921
read,0.259921
test,0.259921
though,0.259921
whole,0.259921
merely,0.252707
particularly,0.25033
report,0.25033
individual,0.247954
stage,0.247954
question,0.245577
areas,0.243201
clear,0.243201
level,0.243201
limited,0.243201
often,0.243201
really,0.243201
reasons,0.243201
services,0.243201
women,0.243201
Association,0.230163
effect,0.230163
complete,0.227936
form,0.227936
generally,0.227936
issue,0.227936
life,0.227936
line,0.227936
project,0.227936
similar,0.227936
situation,0.227936
something,0.227936
student,0.227936
tell,0.227936
term,0.227936
within,0.227936
fact,0.224345
kind,0.218074
organization,0.218074
certain,0.215984
control,0.215984
earlier,0.215984
means,0.215984
official,0.215984
schools,0.215984
already,0.213894
development,0.213894
field,0.213894
lines,0.213894
position,0.213894
power,0.213894
statement,0.213894
thing,0.213894
paid,0.206782
private,0.204819
served,0.202856
course,0.200893
involved,0.200893
operation,0.200893
want,0.200893
education,0.199859
point,0.194324
future,0.192479
rather,0.192479
support,0.192479
system,0.192479
funds,0.190634
turn,0.190634
All,0.188789
feel,0.188789
history,0.188789
me,0.188789
whose,0.188789
family,0.184404
total,0.184404
matter,0.180936
real,0.180936
To,0.179201
enough,0.179201
order,0.179201
almost,0.177467
done,0.177467
small,0.177467
taking,0.177467
problem,0.176613
firm,0.166832
recent,0.166832
top,0.166832
upon,0.166832
does,0.162934
better,0.158337
President,0.156804
brought,0.156804
country,0.156804
think,0.156804
major,0.151638
need,0.151638
very,0.151638
possible,0.150198
University,0.148759
number,0.148759
place,0.148759
same,0.148759
second,0.148759
For,0.147319
found,0.147319
give,0.147319
member,0.147319
might,0.147319
needed,0.147319
result,0.147319
case,0.142376
making,0.141024
few,0.139672
government,0.138321
show,0.138321
come,0.131029
today,0.131029
When,0.129761
best,0.129761
general,0.129761
must,0.129761
my,0.129761
run,0.129761
taken,0.129761
use,0.129761
however,0.126353
our,0.125165
business,0.123977
own,0.123977
called,0.122789
how,0.122789
never,0.122789
part,0.122789
ever,0.1216
special,0.1216
state,0.1216
too,0.116026
group,0.111531
American,0.110804
school,0.109453
should,0.109453
between,0.108414
And,0.106336
another,0.106336
given,0.106336
public,0.106336
good,0.102082
see,0.101112
here,0.100143
past,0.100143
At,0.0991742
early,0.0991742
just,0.0991742
much,0.0991742
set,0.0991742
without,0.0931955
being,0.08651
make,0.0856728
way,0.0856728
world,0.0856728
may,0.0831669
those,0.0823921
even,0.0808424
well,0.0808424
while,0.0808424
work,0.0800676
man,0.0745659
members,0.0717851
high,0.0678457
we,0.0678457
down,0.0671891
through,0.0671891
where,0.0671891
such,0.0644385
There,0.0585967
any,0.0575048
so,0.0575048
him,0.0564129
They,0.055867
both,0.055867
if,0.055867
This,0.0519482
most,0.0509619
could,0.0461155
do,0.0452315
what,0.0452315
them,0.0401462
But,0.0362361
some,0.0358921
can,0.0355481
into,0.0306945
now,0.0259703
three,0.0259703
years,0.0259703
first,0.0217824
made,0.0217824
only,0.0213688
I,0.021162
there,0.018191
or,0.0180276
It,0.017374
also,0.0172106
would,0.0170473
two,0.0168839
about,0.0167205
more,0.0134781
their,0.013115
than,0.0129939
its,0.0126307
new,0.0125097
up,0.0123886
are,0.00967636
this,0.00927761
no,0.00871936
In,0.00863961
he,0.00848011
all,0.00824085
over,0.00824085
were,0.0081611
not,0.00482133
but,0.00442721
been,0.00434839
his,0.00423016
other,0.00411192
A,0.00407251
they,0.00407251
The,0.0
``,0.0
a,0.0
an,0.0
and,0.0
as,0.0
at,0.0
be,0.0
by,0.0
for,0.0
from,0.0
has,0.0
have,0.0
in,0.0
is,0.0
it,0.0
of,0.0
on,0.0
one,0.0
out,0.0
s,0.0
that,0.0
the,0.0
to,0.0
was,0.0
which,0.0
who,0.0
will,0.0
with,0.0
