monopoly,0.699728
electrical,0.687629
commerce,0.67553
commodity,0.67553
giants,0.67553
monopolies,0.67553
abuses,0.66948
aimed,0.66948
allegedly,0.66948
argue,0.66948
combining,0.66948
implicit,0.66948
marginal,0.66948
monopolistic,0.66948
penalties,0.66948
rational,0.66948
rationale,0.66948
theory,0.66948
Accounting,0.663431
Aeronautics,0.663431
Aircraft,0.663431
Anatole,0.663431
Capitalism,0.663431
Coal,0.663431
Compare,0.663431
Daily,0.663431
Danbury,0.663431
Folklore,0.663431
Hatters,0.663431
Hoffa,0.663431
Hypocrisy,0.663431
Industrial,0.663431
Justice,0.663431
LaGuardia,0.663431
Landrum,0.663431
Let,0.663431
Loewe,0.663431
Machinists,0.663431
Mine,0.663431
Naturally,0.663431
Nebraska,0.663431
Norris,0.663431
Or,0.663431
Pp,0.663431
Quite,0.663431
Recovery,0.663431
Savage,0.663431
Taft,0.663431
Thurman,0.663431
Uncle,0.663431
Wealth,0.663431
accuse,0.663431
advocating,0.663431
airlines,0.663431
alleging,0.663431
allocate,0.663431
ambition,0.663431
amend,0.663431
antagonism,0.663431
article,0.663431
assuring,0.663431
attributable,0.663431
begging,0.663431
combinations,0.663431
conspiracies,0.663431
consumers,0.663431
contendere,0.663431
convert,0.663431
culpas,0.663431
customs,0.663431
decree,0.663431
deemed,0.663431
defective,0.663431
defends,0.663431
denounced,0.663431
devised,0.663431
dictatorship,0.663431
disrepute,0.663431
eighteenth,0.663431
emasculated,0.663431
empires,0.663431
enacting,0.663431
enforcers,0.663431
engaging,0.663431
enterprises,0.663431
equality,0.663431
evaluating,0.663431
evoked,0.663431
exercise,0.663431
exist,0.663431
extend,0.663431
facts,0.663431
fallacious,0.663431
fallen,0.663431
fantastic,0.663431
fellows,0.663431
fictitious,0.663431
flex,0.663431
flood,0.663431
foolish,0.663431
footing,0.663431
forbid,0.663431
generated,0.663431
giant,0.663431
gigantic,0.663431
govern,0.663431
guise,0.663431
hypocrisies,0.663431
ideology,0.663431
immunization,0.663431
impersonal,0.663431
impolitic,0.663431
imposes,0.663431
improper,0.663431
indignation,0.663431
indirect,0.663431
ineptness,0.663431
inform,0.663431
injunctions,0.663431
interfered,0.663431
interpretation,0.663431
interrupt,0.663431
invoked,0.663431
irrational,0.663431
irrationality,0.663431
jurisdictional,0.663431
justified,0.663431
manufacture,0.663431
manufactured,0.663431
mea,0.663431
muscles,0.663431
nolo,0.663431
nominal,0.663431
occasional,0.663431
officious,0.663431
organizers,0.663431
outlawed,0.663431
overtime,0.663431
palmed,0.663431
pious,0.663431
plagued,0.663431
pretends,0.663431
prosecutions,0.663431
provoked,0.663431
reacting,0.663431
reasoning,0.663431
regulated,0.663431
regulation,0.663431
restricted,0.663431
restriction,0.663431
rig,0.663431
scapegoats,0.663431
sentences,0.663431
shocked,0.663431
sleeping,0.663431
squabbles,0.663431
squarely,0.663431
stating,0.663431
steamship,0.663431
stoppages,0.663431
subsidy,0.663431
sums,0.663431
survivors,0.663431
tool,0.663431
tortured,0.663431
trivial,0.663431
unconsciously,0.663431
uncontrolled,0.663431
undefined,0.663431
undertakes,0.663431
unresponsive,0.663431
unsupported,0.663431
untrammeled,0.663431
usefulness,0.663431
varied,0.663431
vs,0.663431
wheat,0.663431
trust,0.640739
Act,0.566618
McClellan,0.561676
employers,0.556735
engage,0.546852
interference,0.546852
nineteenth,0.546852
pricing,0.546852
prosecution,0.546852
protection,0.546852
taxpayer,0.546852
Civil,0.541911
Connecticut,0.541911
Coronado,0.541911
Eighteenth,0.541911
Engaging,0.541911
Fisher,0.541911
Griffin,0.541911
Hartley,0.541911
Human,0.541911
Kowalski,0.541911
Paradoxically,0.541911
Parliament,0.541911
Report,0.541911
Should,0.541911
Westinghouse,0.541911
Workers,0.541911
abolish,0.541911
agricultural,0.541911
allocated,0.541911
application,0.541911
artificial,0.541911
attempting,0.541911
attract,0.541911
authorize,0.541911
bags,0.541911
billed,0.541911
brand,0.541911
bridges,0.541911
carpenters,0.541911
commodities,0.541911
competitors,0.541911
conspirators,0.541911
constituted,0.541911
corresponding,0.541911
corruption,0.541911
creating,0.541911
criminal,0.541911
disclosures,0.541911
displayed,0.541911
disputes,0.541911
dogs,0.541911
drums,0.541911
e,0.541911
employer,0.541911
equation,0.541911
equivalent,0.541911
escape,0.541911
exemption,0.541911
expressing,0.541911
fixing,0.541911
formation,0.541911
fraud,0.541911
function,0.541911
fundamental,0.541911
hiring,0.541911
imply,0.541911
incurred,0.541911
interstate,0.541911
issuance,0.541911
laborers,0.541911
logical,0.541911
majestic,0.541911
managements,0.541911
measures,0.541911
mechanic,0.541911
mechanics,0.541911
mercy,0.541911
mergers,0.541911
necessity,0.541911
notion,0.541911
operators,0.541911
organizations,0.541911
overhead,0.541911
paradox,0.541911
pardoned,0.541911
performed,0.541911
preoccupied,0.541911
presumably,0.541911
privileged,0.541911
proposing,0.541911
protect,0.541911
protective,0.541911
railroads,0.541911
removal,0.541911
restraint,0.541911
scheme,0.541911
structured,0.541911
substitute,0.541911
sued,0.541911
suspend,0.541911
tend,0.541911
thereafter,0.541911
travel,0.541911
treat,0.541911
undertaken,0.541911
unfair,0.541911
unprecedented,0.541911
vary,0.541911
unions,0.509465
collective,0.500879
Electric,0.479412
missile,0.479412
Congressman,0.475119
Rep,0.475119
acceptance,0.475119
becomes,0.475119
compete,0.475119
convicted,0.475119
deny,0.475119
enterprise,0.475119
freight,0.475119
pays,0.475119
principle,0.475119
structure,0.475119
Adam,0.470826
Armed,0.470826
Business,0.470826
Neither,0.470826
People,0.470826
Section,0.470826
activity,0.470826
applied,0.470826
attacked,0.470826
branches,0.470826
classes,0.470826
competing,0.470826
competitive,0.470826
conduct,0.470826
consent,0.470826
contractor,0.470826
corn,0.470826
corporate,0.470826
delayed,0.470826
earning,0.470826
economics,0.470826
elsewhere,0.470826
endorse,0.470826
engaged,0.470826
excess,0.470826
exchange,0.470826
features,0.470826
g,0.470826
hearings,0.470826
illegal,0.470826
indictment,0.470826
intended,0.470826
mechanism,0.470826
method,0.470826
multi,0.470826
obviously,0.470826
operating,0.470826
passage,0.470826
perform,0.470826
placing,0.470826
plea,0.470826
preserve,0.470826
promise,0.470826
reform,0.470826
results,0.470826
rock,0.470826
sites,0.470826
stems,0.470826
successfully,0.470826
unusual,0.470826
violation,0.470826
writing,0.470826
anti,0.464709
wages,0.443391
price,0.439557
manufacturers,0.435724
goods,0.43189
century,0.428057
Clayton,0.424224
competition,0.424224
concert,0.424224
granted,0.424224
manufacturer,0.424224
relatively,0.424224
suit,0.424224
wish,0.424224
Indeed,0.42039
Once,0.42039
Services,0.42039
Supreme,0.42039
Wagner,0.42039
Without,0.42039
beating,0.42039
behalf,0.42039
circumstances,0.42039
consumer,0.42039
conviction,0.42039
costly,0.42039
ending,0.42039
everybody,0.42039
human,0.42039
industrial,0.42039
jail,0.42039
legal,0.42039
moral,0.42039
obtained,0.42039
plain,0.42039
procedures,0.42039
profession,0.42039
purchase,0.42039
remains,0.42039
risk,0.42039
secret,0.42039
seriously,0.42039
shared,0.42039
ship,0.42039
striking,0.42039
vehicle,0.42039
winner,0.42039
laws,0.406639
bargaining,0.405606
conspiracy,0.395176
transportation,0.3917
expenses,0.388223
acts,0.384746
courts,0.384746
employees,0.384746
extending,0.384746
rates,0.384746
reduce,0.384746
Arkansas,0.38127
Arnold,0.38127
Defense,0.38127
Don,0.38127
Sept,0.38127
Week,0.38127
Why,0.38127
advanced,0.38127
allowing,0.38127
atmosphere,0.38127
attempt,0.38127
attempted,0.38127
built,0.38127
citizens,0.38127
complex,0.38127
conditions,0.38127
conferences,0.38127
confidence,0.38127
corporation,0.38127
create,0.38127
eliminate,0.38127
employment,0.38127
encouragement,0.38127
equally,0.38127
extended,0.38127
factors,0.38127
flow,0.38127
freedom,0.38127
goes,0.38127
ideas,0.38127
individuals,0.38127
judgment,0.38127
license,0.38127
lower,0.38127
makes,0.38127
moment,0.38127
operate,0.38127
oppose,0.38127
orders,0.38127
organized,0.38127
persuade,0.38127
pieces,0.38127
plants,0.38127
practices,0.38127
recognized,0.38127
respect,0.38127
rich,0.38127
supply,0.38127
union,0.371602
Senator,0.358861
management,0.358861
Sherman,0.352491
forced,0.352491
latter,0.352491
raise,0.352491
wrote,0.352491
England,0.349306
English,0.349306
France,0.349306
Under,0.349306
affair,0.349306
argument,0.349306
attention,0.349306
completely,0.349306
direct,0.349306
frequently,0.349306
manner,0.349306
obvious,0.349306
production,0.349306
self,0.349306
streets,0.349306
ten,0.349306
throw,0.349306
thus,0.349306
wall,0.349306
wants,0.349306
strike,0.336974
labor,0.334299
Company,0.328158
heavy,0.328158
answer,0.325219
exactly,0.325219
movement,0.325219
value,0.325219
words,0.325219
Before,0.322281
Nations,0.322281
Sen,0.322281
activities,0.322281
advertising,0.322281
attending,0.322281
boys,0.322281
charges,0.322281
common,0.322281
disclosed,0.322281
extra,0.322281
famous,0.322281
financial,0.322281
handed,0.322281
met,0.322281
opposed,0.322281
ordinary,0.322281
poor,0.322281
publicity,0.322281
quite,0.322281
remained,0.322281
representing,0.322281
sister,0.322281
society,0.322281
subject,0.322281
training,0.322281
trade,0.307046
General,0.304321
Martin,0.304321
struck,0.304321
Labor,0.301596
greatest,0.301596
product,0.301596
purpose,0.301596
successful,0.301596
Aug,0.29887
Government,0.29887
Those,0.29887
based,0.29887
broke,0.29887
contract,0.29887
costs,0.29887
faced,0.29887
followed,0.29887
homes,0.29887
possibility,0.29887
setting,0.29887
sign,0.29887
status,0.29887
things,0.29887
trying,0.29887
type,0.29887
legislation,0.283295
workers,0.283295
considered,0.280758
demand,0.280758
prevent,0.280758
Boston,0.278221
International,0.278221
air,0.278221
basic,0.278221
example,0.278221
explained,0.278221
game,0.278221
heard,0.278221
judge,0.278221
known,0.278221
look,0.278221
low,0.278221
opinion,0.278221
perhaps,0.278221
ruled,0.278221
size,0.278221
variety,0.278221
yet,0.278221
act,0.269224
prices,0.269224
industry,0.264487
market,0.264487
nor,0.264487
addition,0.262118
bill,0.262118
necessary,0.262118
neither,0.262118
policy,0.262118
Congress,0.25975
Court,0.25975
Sam,0.25975
average,0.25975
clearly,0.25975
equipment,0.25975
fight,0.25975
hardly,0.25975
included,0.25975
international,0.25975
keep,0.25975
recently,0.25975
reports,0.25975
social,0.25975
us,0.25975
whole,0.25975
cannot,0.245256
Board,0.24304
Department,0.24304
However,0.24304
Of,0.24304
Thursday,0.24304
continue,0.24304
don,0.24304
event,0.24304
favor,0.24304
felt,0.24304
follow,0.24304
individual,0.24304
lost,0.24304
merely,0.24304
question,0.24304
really,0.24304
seek,0.24304
short,0.24304
shown,0.24304
worth,0.24304
effective,0.234017
complete,0.229863
declared,0.229863
America,0.227786
Association,0.227786
David,0.227786
effect,0.227786
generally,0.227786
control,0.223498
federal,0.215702
field,0.215702
relations,0.215702
wide,0.215702
What,0.213753
became,0.213753
fact,0.213753
hours,0.213753
kind,0.213753
lines,0.213753
means,0.213753
organization,0.213753
position,0.213753
power,0.213753
statement,0.213753
paid,0.202591
L,0.20076
Smith,0.20076
court,0.20076
designed,0.20076
drive,0.20076
fine,0.20076
open,0.20076
want,0.20076
whether,0.20076
company,0.193826
pay,0.190385
system,0.190385
States,0.188665
Wednesday,0.188665
action,0.188665
committee,0.188665
house,0.188665
million,0.188665
play,0.188665
provide,0.188665
rather,0.188665
whose,0.188665
law,0.187053
P,0.180585
small,0.180585
become,0.178967
every,0.178967
Frank,0.17735
according,0.17735
almost,0.17735
decided,0.17735
done,0.17735
interest,0.17735
led,0.17735
matter,0.17735
United,0.169762
problem,0.169762
upon,0.168242
Committee,0.166722
His,0.166722
recent,0.166722
If,0.159559
brought,0.15813
Friday,0.156701
Saturday,0.156701
Sunday,0.156701
does,0.156701
hour,0.156701
know,0.156701
same,0.151249
place,0.149907
great,0.148565
number,0.148565
very,0.148565
National,0.147222
Tuesday,0.147222
We,0.147222
again,0.147222
local,0.147222
might,0.147222
national,0.147222
need,0.147222
needed,0.147222
result,0.147222
case,0.13949
government,0.13949
Monday,0.13823
Mr,0.13823
York,0.13823
few,0.13823
show,0.13823
together,0.13823
must,0.136771
right,0.129676
use,0.129676
business,0.125952
our,0.122628
As,0.12152
along,0.12152
asked,0.12152
ever,0.12152
how,0.12152
never,0.12152
far,0.113727
held,0.113727
later,0.113727
program,0.113727
public,0.108204
against,0.107242
And,0.106266
should,0.106266
set,0.100916
these,0.100916
take,0.100013
American,0.0991088
At,0.0991088
early,0.0991088
good,0.0991088
past,0.0991088
without,0.0922328
many,0.0879583
way,0.0879583
being,0.0871777
did,0.086397
like,0.0856163
long,0.0856163
make,0.0856163
world,0.0856163
work,0.0806855
even,0.079963
off,0.079963
may,0.0792404
well,0.0792404
while,0.0792404
each,0.0730883
since,0.0730883
then,0.0689816
we,0.0677571
New,0.0671448
back,0.0671448
high,0.0671448
where,0.0671448
such,0.0636356
t,0.0619561
John,0.0613962
day,0.0613962
four,0.0613962
any,0.060412
if,0.0573574
so,0.0573574
There,0.0558302
because,0.0558302
get,0.0558302
most,0.0513552
This,0.0504354
week,0.0504354
could,0.0456139
what,0.0452017
them,0.0412172
under,0.0377473
can,0.0361433
some,0.0361433
But,0.0351809
into,0.0312084
after,0.0306544
time,0.0306544
now,0.025702
said,0.025702
only,0.0217266
made,0.0213409
when,0.0213409
He,0.0211481
first,0.0211481
would,0.017776
had,0.0171665
It,0.0170142
or,0.0170142
there,0.0168618
about,0.0167094
their,0.0130578
its,0.0127191
new,0.0127191
more,0.0126062
than,0.0124933
In,0.0086763
are,0.0086763
were,0.00860193
this,0.00852756
all,0.0084532
no,0.00837883
over,0.00823009
he,0.00815572
they,0.00436121
not,0.0042877
but,0.00425095
other,0.0042142
A,0.00410394
been,0.00406719
his,0.00406719
The,0.0
``,0.0
a,0.0
an,0.0
and,0.0
as,0.0
at,0.0
be,0.0
by,0.0
for,0.0
from,0.0
has,0.0
have,0.0
in,0.0
is,0.0
it,0.0
of,0.0
on,0.0
one,0.0
out,0.0
s,0.0
that,0.0
the,0.0
to,0.0
was,0.0
which,0.0
who,0.0
will,0.0
with,0.0
