Colmer,0.719442
liberals,0.691859
Gore,0.678068
Herter,0.678068
Humphrey,0.678068
fronts,0.678068
Cannon,0.671172
Committees,0.671172
Privately,0.671172
Rule,0.671172
artillery,0.671172
barrel,0.671172
caucus,0.671172
declaration,0.671172
electors,0.671172
embassy,0.671172
fifths,0.671172
filibuster,0.671172
pork,0.671172
tanks,0.671172
Afterward,0.664277
Appropriations,0.664277
Bennington,0.664277
Calmer,0.664277
Caucusing,0.664277
Congresses,0.664277
Considering,0.664277
Cutting,0.664277
Deadly,0.664277
Dealer,0.664277
Dictator,0.664277
Dixiecrats,0.664277
Dulles,0.664277
Electoral,0.664277
Equal,0.664277
Foster,0.664277
Hopefully,0.664277
Hours,0.664277
Hubert,0.664277
Ilyushin,0.664277
Indian,0.664277
Indo,0.664277
Leverett,0.664277
Lexington,0.664277
Meyers,0.664277
Mississippians,0.664277
Mister,0.664277
News,0.664277
Okinawa,0.664277
Political,0.664277
Reprisals,0.664277
Saltonstall,0.664277
Sea,0.664277
Sitting,0.664277
Southerner,0.664277
Southerners,0.664277
Study,0.664277
Task,0.664277
Tennessee,0.664277
Threat,0.664277
Unconscionable,0.664277
Vinson,0.664277
Wilbur,0.664277
acknowledgment,0.664277
aircraft,0.664277
appeasement,0.664277
applying,0.664277
arenas,0.664277
battalions,0.664277
battleground,0.664277
becoming,0.664277
binding,0.664277
bipartisan,0.664277
blunt,0.664277
bottleneck,0.664277
breaching,0.664277
breakoff,0.664277
calamity,0.664277
campaigned,0.664277
caucuses,0.664277
cautious,0.664277
chairmanships,0.664277
chaotic,0.664277
choke,0.664277
choppy,0.664277
chore,0.664277
cloakrooms,0.664277
cloture,0.664277
confront,0.664277
constituents,0.664277
consulate,0.664277
contrast,0.664277
convening,0.664277
cool,0.664277
coolheaded,0.664277
costlier,0.664277
counting,0.664277
coyly,0.664277
delaying,0.664277
deliberately,0.664277
diehard,0.664277
dour,0.664277
dreadful,0.664277
drops,0.664277
eleven,0.664277
embarrassing,0.664277
exaggeration,0.664277
excluding,0.664277
filibusters,0.664277
flatly,0.664277
forgive,0.664277
forma,0.664277
gait,0.664277
gangling,0.664277
godliness,0.664277
guerrilla,0.664277
huddle,0.664277
huddling,0.664277
inferior,0.664277
initially,0.664277
internationalist,0.664277
intrigue,0.664277
invaded,0.664277
loomed,0.664277
lukewarm,0.664277
marines,0.664277
masquerades,0.664277
maverick,0.664277
menaced,0.664277
mere,0.664277
modification,0.664277
mountainous,0.664277
mourn,0.664277
namely,0.664277
northern,0.664277
noses,0.664277
notorious,0.664277
numbered,0.664277
offensives,0.664277
officiate,0.664277
ominous,0.664277
ouster,0.664277
painful,0.664277
parading,0.664277
perennial,0.664277
phalanx,0.664277
precautionary,0.664277
predictably,0.664277
presiding,0.664277
pretext,0.664277
prodigal,0.664277
purged,0.664277
purple,0.664277
raged,0.664277
readiness,0.664277
rebellion,0.664277
reprisal,0.664277
restrict,0.664277
rounded,0.664277
segregationist,0.664277
seize,0.664277
seniority,0.664277
signal,0.664277
sluice,0.664277
smelling,0.664277
sorts,0.664277
southward,0.664277
specimen,0.664277
specter,0.664277
suspicious,0.664277
swarm,0.664277
tense,0.664277
terribly,0.664277
thereupon,0.664277
tight,0.664277
traditionally,0.664277
transports,0.664277
troopships,0.664277
truncated,0.664277
turmoil,0.664277
undermining,0.664277
understatement,0.664277
unheard,0.664277
unscathed,0.664277
unspoken,0.664277
unworkable,0.664277
upped,0.664277
version,0.664277
virtually,0.664277
whiplash,0.664277
Rules,0.570764
liberal,0.565132
Congo,0.553867
Senators,0.553867
Communism,0.548234
Inauguration,0.548234
Laotian,0.548234
cry,0.548234
fought,0.548234
limit,0.548234
oust,0.548234
Chinese,0.542602
Group,0.542602
Ike,0.542602
Rusk,0.542602
Russell,0.542602
Through,0.542602
acceptable,0.542602
add,0.542602
agents,0.542602
agreeing,0.542602
ally,0.542602
ancient,0.542602
ante,0.542602
assignments,0.542602
avoid,0.542602
barriers,0.542602
blocked,0.542602
braced,0.542602
calling,0.542602
carriers,0.542602
chaos,0.542602
commitment,0.542602
confronted,0.542602
conservatives,0.542602
courtly,0.542602
dangerous,0.542602
designate,0.542602
destroyers,0.542602
endure,0.542602
erupted,0.542602
escaped,0.542602
exposed,0.542602
extension,0.542602
gates,0.542602
grace,0.542602
hemisphere,0.542602
holiday,0.542602
island,0.542602
lieutenants,0.542602
lose,0.542602
necessity,0.542602
neighboring,0.542602
neutralist,0.542602
normal,0.542602
object,0.542602
objected,0.542602
pack,0.542602
patronage,0.542602
politely,0.542602
presidency,0.542602
reacted,0.542602
ribbons,0.542602
rushed,0.542602
senate,0.542602
shouted,0.542602
situations,0.542602
space,0.542602
staffs,0.542602
steamed,0.542602
stirred,0.542602
sufficiently,0.542602
summed,0.542602
supporters,0.542602
swung,0.542602
tactic,0.542602
tally,0.542602
temporarily,0.542602
vantage,0.542602
whites,0.542602
Rayburn,0.500788
conservative,0.491001
Nam,0.486107
Russian,0.486107
Viet,0.486107
elect,0.486107
cold,0.481214
majority,0.481214
sufficient,0.481214
Armed,0.47632
China,0.47632
Clint,0.47632
Powell,0.47632
Speaker,0.47632
congressional,0.47632
diplomatic,0.47632
drastic,0.47632
Adam,0.471426
Asian,0.471426
Battle,0.471426
Clarence,0.471426
Congressman,0.471426
Election,0.471426
Fidel,0.471426
Havana,0.471426
Marine,0.471426
Mexico,0.471426
Minnesota,0.471426
Missouri,0.471426
Negroes,0.471426
Pentagon,0.471426
Question,0.471426
adopt,0.471426
allies,0.471426
aroused,0.471426
assignment,0.471426
bloc,0.471426
blood,0.471426
delayed,0.471426
depended,0.471426
discussions,0.471426
experts,0.471426
finish,0.471426
fulfilled,0.471426
guide,0.471426
happens,0.471426
heat,0.471426
leaked,0.471426
moderate,0.471426
passage,0.471426
powerful,0.471426
presidential,0.471426
projects,0.471426
pronounced,0.471426
prospect,0.471426
rebels,0.471426
remove,0.471426
rescue,0.471426
rights,0.471426
settlement,0.471426
slim,0.471426
strip,0.471426
summoned,0.471426
tendency,0.471426
thereby,0.471426
totaled,0.471426
troops,0.471426
underlying,0.471426
welcome,0.471426
Democrats,0.442774
Nixon,0.442774
deadlock,0.429666
debate,0.429666
Cuba,0.425296
Geneva,0.425296
Mississippi,0.425296
compromise,0.425296
defeated,0.425296
favorable,0.425296
Clayton,0.420927
Communists,0.420927
Dwight,0.420927
Fair,0.420927
Gulf,0.420927
Hong,0.420927
Indians,0.420927
Johnson,0.420927
Kong,0.420927
Mills,0.420927
Pacific,0.420927
Palm,0.420927
Said,0.420927
Services,0.420927
Truman,0.420927
Vice,0.420927
Year,0.420927
abroad,0.420927
accompanied,0.420927
amendment,0.420927
associate,0.420927
controlled,0.420927
count,0.420927
declined,0.420927
demands,0.420927
drawn,0.420927
invasion,0.420927
laid,0.420927
launched,0.420927
loaded,0.420927
moral,0.420927
newsmen,0.420927
operations,0.420927
parade,0.420927
permit,0.420927
pick,0.420927
piece,0.420927
plain,0.420927
precedent,0.420927
quietly,0.420927
ranging,0.420927
regard,0.420927
settled,0.420927
sharply,0.420927
significant,0.420927
solid,0.420927
sons,0.420927
sort,0.420927
threatened,0.420927
treatment,0.420927
wish,0.420927
younger,0.420927
Laos,0.413459
anti,0.389682
votes,0.389682
Anderson,0.385719
Capitol,0.385719
Georgia,0.385719
encouraging,0.385719
rules,0.385719
Arkansas,0.381756
Asia,0.381756
Carl,0.381756
Castro,0.381756
Defense,0.381756
Foreign,0.381756
Here,0.381756
How,0.381756
Khrushchev,0.381756
Navy,0.381756
Negro,0.381756
Premier,0.381756
Relations,0.381756
Room,0.381756
Since,0.381756
Virginia,0.381756
actions,0.381756
allow,0.381756
attempted,0.381756
benefit,0.381756
citizens,0.381756
civil,0.381756
conferences,0.381756
decisions,0.381756
emergency,0.381756
employees,0.381756
enjoyed,0.381756
equally,0.381756
establishment,0.381756
flow,0.381756
force,0.381756
gradually,0.381756
holds,0.381756
joint,0.381756
leaving,0.381756
losing,0.381756
mad,0.381756
organized,0.381756
peace,0.381756
phone,0.381756
proud,0.381756
reduce,0.381756
respect,0.381756
resulted,0.381756
sessions,0.381756
suddenly,0.381756
thirds,0.381756
threat,0.381756
voting,0.381756
Eisenhower,0.357012
British,0.353382
Senator,0.353382
Southeast,0.353382
legislative,0.353382
resolution,0.353382
Christian,0.349751
Cuban,0.349751
Dean,0.349751
Dick,0.349751
Latin,0.349751
Republicans,0.349751
affairs,0.349751
announcement,0.349751
arms,0.349751
candidate,0.349751
climate,0.349751
constitutional,0.349751
fighting,0.349751
join,0.349751
mind,0.349751
none,0.349751
reaction,0.349751
reply,0.349751
saving,0.349751
self,0.349751
sought,0.349751
sponsored,0.349751
streets,0.349751
supported,0.349751
thus,0.349751
twice,0.349751
unless,0.349751
wants,0.349751
battle,0.33944
French,0.332741
Republican,0.332741
Force,0.326041
closed,0.326041
opportunity,0.326041
speech,0.326041
winning,0.326041
Air,0.322692
Harry,0.322692
Nations,0.322692
War,0.322692
advisers,0.322692
always,0.322692
anything,0.322692
beginning,0.322692
chance,0.322692
conflict,0.322692
delivered,0.322692
highest,0.322692
leadership,0.322692
methods,0.322692
produce,0.322692
rejected,0.322692
review,0.322692
stop,0.322692
units,0.322692
welfare,0.322692
whom,0.322692
words,0.322692
break,0.305464
seemed,0.305464
Soviet,0.302358
Western,0.302358
door,0.302358
faced,0.302358
hopes,0.302358
leading,0.302358
offered,0.302358
war,0.30171
Albert,0.299251
Chairman,0.299251
Hill,0.299251
Massachusetts,0.299251
Southern,0.299251
actually,0.299251
agreement,0.299251
alone,0.299251
beyond,0.299251
broke,0.299251
fellow,0.299251
immediately,0.299251
instead,0.299251
lead,0.299251
looks,0.299251
loss,0.299251
morning,0.299251
offer,0.299251
possibility,0.299251
retired,0.299251
senior,0.299251
setting,0.299251
Democratic,0.295927
Communist,0.293035
Senate,0.293035
legislation,0.284359
Administration,0.281468
Day,0.281468
although,0.281468
demand,0.281468
floor,0.281468
opinion,0.281468
prepared,0.281468
required,0.281468
view,0.281468
Aj,0.278576
Army,0.278576
Beach,0.278576
Coast,0.278576
bills,0.278576
change,0.278576
considered,0.278576
doesn,0.278576
economic,0.278576
hands,0.278576
hear,0.278576
judge,0.278576
prevent,0.278576
seem,0.278576
touch,0.278576
treated,0.278576
victory,0.278576
why,0.278576
Congress,0.27628
Sam,0.26818
Secretary,0.26818
election,0.26548
fight,0.26548
admitted,0.262781
agreed,0.262781
base,0.262781
once,0.262781
plus,0.262781
Howard,0.260081
act,0.260081
additional,0.260081
decision,0.260081
especially,0.260081
front,0.260081
joined,0.260081
keep,0.260081
necessary,0.260081
policy,0.260081
pressure,0.260081
read,0.260081
using,0.260081
whole,0.260081
word,0.260081
pro,0.248402
forces,0.245876
news,0.245876
often,0.245876
College,0.24335
Department,0.24335
Jan,0.24335
carry,0.24335
clear,0.24335
current,0.24335
important,0.24335
leader,0.24335
lost,0.24335
presented,0.24335
previous,0.24335
question,0.24335
ready,0.24335
report,0.24335
short,0.24335
throughout,0.24335
Judge,0.235179
cut,0.232811
military,0.232811
situation,0.232811
South,0.230444
generally,0.230444
party,0.230444
something,0.230444
America,0.228076
While,0.228076
district,0.228076
effective,0.228076
efforts,0.228076
issue,0.228076
move,0.228076
nation,0.228076
nearly,0.228076
project,0.228076
reached,0.228076
says,0.228076
serious,0.228076
term,0.228076
turned,0.228076
within,0.228076
power,0.220691
vote,0.218469
became,0.216247
federal,0.216247
free,0.216247
Smith,0.215623
What,0.214025
certain,0.214025
control,0.214025
final,0.214025
hard,0.214025
hours,0.214025
increase,0.214025
name,0.214025
official,0.214025
political,0.214025
position,0.214025
relations,0.214025
saw,0.214025
soon,0.214025
thing,0.214025
wide,0.214025
West,0.203103
course,0.203103
foreign,0.203103
White,0.201017
With,0.201017
drive,0.201017
gave,0.201017
kept,0.201017
open,0.201017
private,0.201017
sent,0.201017
want,0.201017
whether,0.201017
committee,0.192827
session,0.192827
support,0.192827
th,0.190866
States,0.188906
action,0.188906
bring,0.188906
future,0.188906
persons,0.188906
point,0.188906
rather,0.188906
staff,0.188906
whose,0.188906
Committee,0.184263
decided,0.183106
Kennedy,0.180797
North,0.17942
Richard,0.17942
done,0.177576
face,0.177576
late,0.177576
probably,0.177576
taking,0.177576
total,0.177576
top,0.1704
United,0.168667
President,0.168302
F,0.166934
His,0.166934
full,0.166934
office,0.166934
recent,0.166934
One,0.160158
If,0.15853
That,0.15853
began,0.15853
chairman,0.15853
meeting,0.15853
used,0.15853
House,0.158121
After,0.156901
better,0.156901
brought,0.156901
again,0.15047
very,0.15047
member,0.14894
needed,0.14894
same,0.14894
For,0.14741
We,0.14741
William,0.14741
give,0.14741
including,0.14741
might,0.14741
number,0.14741
place,0.14741
possible,0.14741
result,0.14741
government,0.139843
end,0.138406
together,0.138406
big,0.133885
around,0.131189
little,0.131189
present,0.131189
On,0.129841
When,0.129841
best,0.129841
right,0.129841
until,0.129841
State,0.124201
own,0.124201
As,0.122938
state,0.122938
along,0.121675
asked,0.121675
men,0.121675
never,0.121675
our,0.121675
several,0.121675
went,0.121675
program,0.115054
far,0.113872
held,0.113872
too,0.113872
U,0.113028
got,0.10861
between,0.107506
public,0.107506
should,0.107506
And,0.106401
another,0.106401
given,0.106401
go,0.106401
group,0.106401
m,0.106401
against,0.102326
see,0.101295
At,0.100265
much,0.100265
next,0.100265
announced,0.0992352
here,0.0992352
past,0.0992352
S,0.0910647
did,0.0883951
world,0.0866153
like,0.0857254
make,0.0857254
off,0.0834595
work,0.0809887
old,0.0793415
those,0.0793415
well,0.0793415
man,0.0777396
each,0.0747009
since,0.0731815
then,0.0693241
New,0.0679284
members,0.0679284
through,0.0679284
down,0.0672305
we,0.0672305
John,0.0627508
day,0.0614745
four,0.0614745
such,0.0614745
t,0.0614745
There,0.0582225
any,0.0576422
him,0.057062
get,0.0564817
They,0.0559014
week,0.053645
This,0.0510239
could,0.0471386
before,0.0457291
do,0.0457291
what,0.0457291
But,0.0366884
can,0.0352257
some,0.0352257
under,0.0352257
after,0.0319948
last,0.0319948
time,0.0310476
into,0.0307319
said,0.0278719
three,0.0278719
years,0.0262691
now,0.0260019
He,0.0220543
made,0.0218345
first,0.021175
only,0.021175
when,0.021175
had,0.0182938
two,0.0174255
would,0.0174255
about,0.0170781
or,0.0169044
It,0.0167307
also,0.0167307
year,0.0167307
new,0.0131683
up,0.0131683
its,0.0129109
their,0.0129109
more,0.0126536
than,0.0126536
he,0.00943767
were,0.00892905
In,0.00858997
all,0.00858997
are,0.00842043
over,0.00833566
this,0.00833566
no,0.00816612
his,0.00466396
they,0.00432882
not,0.00428693
other,0.00424504
but,0.00420315
A,0.00411936
been,0.00407747
The,0.0
``,0.0
a,0.0
an,0.0
and,0.0
as,0.0
at,0.0
be,0.0
by,0.0
for,0.0
from,0.0
has,0.0
have,0.0
in,0.0
is,0.0
it,0.0
of,0.0
on,0.0
one,0.0
out,0.0
s,0.0
that,0.0
the,0.0
to,0.0
was,0.0
which,0.0
who,0.0
will,0.0
with,0.0
