Player,0.715959
Augusta,0.702495
putt,0.696051
Coe,0.689606
holes,0.689606
Rosburg,0.683161
birdie,0.683161
birdied,0.683161
bogey,0.683161
Pensacola,0.676716
bogeyed,0.676716
golfers,0.676716
nd,0.676716
pars,0.676716
rounds,0.676716
Starting,0.670271
birdies,0.670271
boldness,0.670271
fairways,0.670271
mano,0.670271
proceeded,0.670271
roar,0.670271
washed,0.670271
winnings,0.670271
Afterwards,0.663826
Baltimorean,0.663826
Course,0.663826
Half,0.663826
Having,0.663826
Hyndman,0.663826
Instant,0.663826
Kel,0.663826
Nagle,0.663826
Nicklaus,0.663826
Thereafter,0.663826
Unlike,0.663826
Venturi,0.663826
accurate,0.663826
aggressiveness,0.663826
agonizing,0.663826
amazement,0.663826
answered,0.663826
awed,0.663826
axiomatic,0.663826
beside,0.663826
bite,0.663826
bogeys,0.663826
boldly,0.663826
bunkered,0.663826
chipped,0.663826
closest,0.663826
cloudless,0.663826
composure,0.663826
consequences,0.663826
conspicuously,0.663826
contemptuous,0.663826
contender,0.663826
degrees,0.663826
deliberate,0.663826
destined,0.663826
disappointing,0.663826
disbelief,0.663826
dogleg,0.663826
dominate,0.663826
downhill,0.663826
drizzly,0.663826
duels,0.663826
earnest,0.663826
enormous,0.663826
essentially,0.663826
flag,0.663826
focus,0.663826
footer,0.663826
footnotes,0.663826
gaping,0.663826
geriatric,0.663826
gifted,0.663826
graciously,0.663826
grimace,0.663826
harrowing,0.663826
hasty,0.663826
holed,0.663826
hoping,0.663826
horde,0.663826
instantly,0.663826
intervening,0.663826
jitters,0.663826
landscape,0.663826
lap,0.663826
lean,0.663826
leathery,0.663826
licked,0.663826
lining,0.663826
lodged,0.663826
mar,0.663826
measuring,0.663826
meteorological,0.663826
midway,0.663826
mishap,0.663826
moist,0.663826
moments,0.663826
northwest,0.663826
obliterated,0.663826
outplayed,0.663826
overpowered,0.663826
overshot,0.663826
overtake,0.663826
paired,0.663826
parklike,0.663826
pine,0.663826
prestige,0.663826
pros,0.663826
punching,0.663826
putted,0.663826
putter,0.663826
putting,0.663826
rainstorm,0.663826
recover,0.663826
rivalry,0.663826
rolling,0.663826
sand,0.663826
scoreboards,0.663826
scorecard,0.663826
scrambled,0.663826
separating,0.663826
settling,0.663826
shaky,0.663826
sight,0.663826
sink,0.663826
skiddy,0.663826
slope,0.663826
somewhere,0.663826
spontaneously,0.663826
stared,0.663826
staunchest,0.663826
strayed,0.663826
subsequent,0.663826
supersensitive,0.663826
switched,0.663826
tears,0.663826
teeth,0.663826
threesome,0.663826
tidal,0.663826
topnotch,0.663826
treacheries,0.663826
trophy,0.663826
twosome,0.663826
ugly,0.663826
undisputed,0.663826
unmistakably,0.663826
unquestionably,0.663826
vehemence,0.663826
visibly,0.663826
vocalization,0.663826
wedge,0.663826
whichever,0.663826
Palmer,0.644913
par,0.589613
strokes,0.57382
fairway,0.552762
shots,0.552762
tee,0.552762
wood,0.552762
woods,0.552762
Nelson,0.547498
bunker,0.547498
duel,0.547498
finally,0.547498
sank,0.547498
tournaments,0.547498
Anyone,0.542233
Champion,0.542233
Clifford,0.542233
Hogan,0.542233
Ken,0.542233
Roberts,0.542233
Tournament,0.542233
acquire,0.542233
chapter,0.542233
cheer,0.542233
collect,0.542233
comfortable,0.542233
dismal,0.542233
doubted,0.542233
draw,0.542233
erratic,0.542233
eventual,0.542233
exciting,0.542233
forget,0.542233
gambling,0.542233
gesture,0.542233
gray,0.542233
greens,0.542233
intact,0.542233
journey,0.542233
lovely,0.542233
match,0.542233
misfortune,0.542233
nerves,0.542233
nobody,0.542233
noticed,0.542233
nowhere,0.542233
numerous,0.542233
paycheck,0.542233
proximity,0.542233
pulling,0.542233
remembered,0.542233
rivalries,0.542233
safely,0.542233
scoreboard,0.542233
separated,0.542233
shaken,0.542233
slight,0.542233
solved,0.542233
southeast,0.542233
sport,0.542233
stature,0.542233
stepped,0.542233
superior,0.542233
thrilling,0.542233
thunderous,0.542233
tower,0.542233
towering,0.542233
trailed,0.542233
trees,0.542233
violent,0.542233
wave,0.542233
wonder,0.542233
tournament,0.516845
Masters,0.49855
gallery,0.493976
Charlie,0.480254
amateur,0.480254
Byron,0.47568
Gary,0.47568
clubhouse,0.47568
iron,0.47568
luck,0.47568
streak,0.47568
thinking,0.47568
tie,0.47568
African,0.471106
End,0.471106
Golf,0.471106
Open,0.471106
approached,0.471106
attacked,0.471106
bordering,0.471106
bounced,0.471106
broken,0.471106
championship,0.471106
confirm,0.471106
deeply,0.471106
defending,0.471106
depression,0.471106
exceptionally,0.471106
finish,0.471106
meanwhile,0.471106
missing,0.471106
promises,0.471106
proper,0.471106
refused,0.471106
roll,0.471106
slice,0.471106
spectacular,0.471106
splendid,0.471106
stick,0.471106
stream,0.471106
strongest,0.471106
tall,0.471106
title,0.471106
trim,0.471106
violence,0.471106
waited,0.471106
watching,0.471106
hole,0.465564
rest,0.432893
tour,0.428809
spectators,0.424725
yards,0.424725
Miami,0.420641
Oklahoma,0.420641
TV,0.420641
Without,0.420641
bad,0.420641
barely,0.420641
challenge,0.420641
champion,0.420641
chose,0.420641
contest,0.420641
edge,0.420641
everybody,0.420641
excellent,0.420641
explosive,0.420641
fifth,0.420641
missed,0.420641
nearby,0.420641
ninth,0.420641
plot,0.420641
remarkable,0.420641
resumed,0.420641
shared,0.420641
soft,0.420641
sports,0.420641
spotted,0.420641
suit,0.420641
thanks,0.420641
triumph,0.420641
troubles,0.420641
wait,0.420641
winner,0.420641
worry,0.420641
golf,0.414832
Arnold,0.385201
champions,0.385201
proved,0.385201
simply,0.385201
stroke,0.385201
Collins,0.381497
Until,0.381497
aspects,0.381497
bound,0.381497
consecutive,0.381497
dramatic,0.381497
firmly,0.381497
fly,0.381497
giving,0.381497
gradually,0.381497
happened,0.381497
hundred,0.381497
overcome,0.381497
pieces,0.381497
quickly,0.381497
somewhat,0.381497
stayed,0.381497
walked,0.381497
watch,0.381497
wind,0.381497
yard,0.381497
shot,0.363087
round,0.356911
ahead,0.356301
behind,0.356301
approach,0.352907
hitting,0.352907
winter,0.352907
British,0.349514
Long,0.349514
bit,0.349514
choice,0.349514
climate,0.349514
difficult,0.349514
direction,0.349514
dollars,0.349514
drop,0.349514
else,0.349514
foot,0.349514
latter,0.349514
obvious,0.349514
rapidly,0.349514
reply,0.349514
signed,0.349514
sitting,0.349514
stopped,0.349514
television,0.349514
usually,0.349514
green,0.341257
finished,0.331865
ended,0.325603
score,0.325603
Just,0.322473
apartment,0.322473
carried,0.322473
chance,0.322473
closed,0.322473
completed,0.322473
crowd,0.322473
different,0.322473
double,0.322473
exactly,0.322473
financial,0.322473
lot,0.322473
partner,0.322473
poor,0.322473
quite,0.322473
scene,0.322473
strike,0.322473
tremendous,0.322473
ball,0.310662
lead,0.304855
leading,0.304855
fourth,0.301952
immediately,0.301952
Chairman,0.299048
Even,0.299048
From,0.299048
January,0.299048
Jones,0.299048
Now,0.299048
appeared,0.299048
biggest,0.299048
fast,0.299048
fell,0.299048
fellow,0.299048
increased,0.299048
personal,0.299048
seemed,0.299048
struck,0.299048
trying,0.299048
weekend,0.299048
playing,0.291901
played,0.286495
although,0.283792
game,0.283792
knew,0.283792
straight,0.283792
victory,0.28109
More,0.278387
evening,0.278387
except,0.278387
largest,0.278387
let,0.278387
seem,0.278387
spent,0.278387
treated,0.278387
Bob,0.262428
having,0.262428
neither,0.262428
Angeles,0.259904
Los,0.259904
admitted,0.259904
clearly,0.259904
d,0.259904
front,0.259904
nor,0.259904
read,0.259904
share,0.259904
test,0.259904
Thursday,0.250268
lost,0.245546
short,0.245546
across,0.243185
clear,0.243185
felt,0.243185
follow,0.243185
leader,0.243185
merely,0.243185
often,0.243185
previous,0.243185
pro,0.243185
strong,0.243185
afternoon,0.23456
Bill,0.230134
developed,0.230134
reached,0.230134
South,0.227921
feet,0.227921
nearly,0.227921
similar,0.227921
turned,0.227921
th,0.227266
hit,0.226339
final,0.222186
started,0.22011
nine,0.218033
already,0.215957
attack,0.215957
minutes,0.215957
course,0.214532
Jack,0.21388
date,0.21388
fact,0.21388
field,0.21388
further,0.21388
official,0.21388
saw,0.21388
single,0.21388
seven,0.204781
club,0.20088
drive,0.20088
involved,0.20088
least,0.20088
sent,0.20088
won,0.196109
half,0.192443
point,0.19061
whose,0.19061
Club,0.188777
company,0.188777
feel,0.188777
re,0.188777
record,0.188777
almost,0.180902
total,0.180902
toward,0.180902
late,0.179179
become,0.177456
enough,0.177456
every,0.177456
period,0.177456
real,0.177456
small,0.177456
His,0.168441
full,0.166821
began,0.162883
Saturday,0.159839
Sunday,0.159839
better,0.159839
hour,0.159839
After,0.158317
Friday,0.158317
eight,0.158317
able,0.156794
brought,0.156794
large,0.156794
think,0.156794
used,0.156794
second,0.153031
National,0.14874
place,0.14874
put,0.14731
same,0.14731
six,0.14731
very,0.14731
young,0.14731
few,0.143683
added,0.139655
left,0.139655
third,0.139655
Monday,0.138312
case,0.138312
show,0.138312
together,0.138312
wife,0.138312
On,0.137312
When,0.134792
you,0.134792
around,0.131013
best,0.129753
come,0.129753
days,0.129753
until,0.129753
As,0.127495
came,0.123954
ever,0.123954
five,0.123954
still,0.123954
along,0.122773
how,0.121593
men,0.121593
month,0.121593
never,0.121593
several,0.121593
told,0.121593
went,0.121593
later,0.116004
too,0.1149
ago,0.113795
far,0.113795
between,0.108394
And,0.107361
got,0.107361
another,0.106329
go,0.106329
good,0.102056
these,0.101093
At,0.100131
early,0.100131
just,0.100131
much,0.100131
next,0.100131
announced,0.0991679
past,0.0991679
see,0.0991679
without,0.0940797
people,0.0922877
did,0.0898259
many,0.0881624
long,0.086499
way,0.086499
being,0.0856673
like,0.0856673
off,0.0823668
even,0.081597
well,0.081597
old,0.0792876
while,0.0792876
back,0.0704462
then,0.0691417
through,0.0684894
down,0.0671848
day,0.0668007
four,0.0662043
such,0.0614328
him,0.0585753
so,0.0585753
if,0.0564058
They,0.0558634
any,0.0558634
both,0.0558634
get,0.0558634
most,0.0514454
week,0.0509554
This,0.0504655
do,0.0461068
what,0.0461068
could,0.0456677
But,0.0369107
under,0.0365689
can,0.0362271
last,0.0327563
into,0.0312808
time,0.0312808
after,0.0309857
three,0.0272154
now,0.025967
said,0.025967
years,0.025967
first,0.023626
He,0.0223933
only,0.0219824
when,0.0219824
I,0.0213661
made,0.0211607
had,0.0204529
or,0.0173687
about,0.0172064
It,0.017044
there,0.017044
two,0.017044
would,0.0168817
year,0.0167194
up,0.0127486
more,0.0126283
than,0.0126283
its,0.0125081
their,0.0125081
he,0.00998285
this,0.00879442
were,0.00855673
all,0.0084775
over,0.0084775
In,0.00823981
no,0.00816058
his,0.00493338
not,0.00422861
been,0.00418946
but,0.00418946
they,0.0041503
A,0.00403284
other,0.00403284
The,0.0
``,0.0
a,0.0
an,0.0
and,0.0
as,0.0
at,0.0
be,0.0
by,0.0
for,0.0
from,0.0
has,0.0
have,0.0
in,0.0
is,0.0
it,0.0
of,0.0
on,0.0
one,0.0
out,0.0
s,0.0
that,0.0
the,0.0
to,0.0
was,0.0
which,0.0
who,0.0
will,0.0
with,0.0
