Holmes,0.766945
Frankie,0.71825
Charlayne,0.706076
Fabian,0.706076
Kimpton,0.706076
Beadle,0.693902
Bootle,0.693902
Loper,0.693902
undergraduate,0.693902
Beyeler,0.681729
Caltech,0.681729
Chancellor,0.681729
Chaplin,0.681729
Geneticist,0.681729
Hamilton,0.681729
Klees,0.681729
grads,0.681729
interviewed,0.681729
racing,0.681729
Ace,0.669555
Actor,0.669555
Alabama,0.669555
Armory,0.669555
Australia,0.669555
Barr,0.669555
Basel,0.669555
Braques,0.669555
Break,0.669555
Bundy,0.669555
Cacophonist,0.669555
Caroline,0.669555
Catch,0.669555
Cezannes,0.669555
Cinemactor,0.669555
Comedian,0.669555
Conant,0.669555
Convair,0.669555
Couturier,0.669555
Cover,0.669555
Crooner,0.669555
Decathlon,0.669555
Dreamboat,0.669555
Driver,0.669555
Elder,0.669555
Ella,0.669555
Ernst,0.669555
Eve,0.669555
Fitzgerald,0.669555
Forte,0.669555
Giacometti,0.669555
Greene,0.669555
Has,0.669555
Idealist,0.669555
Inaugural,0.669555
Into,0.669555
Izvestia,0.669555
Lacking,0.669555
Lawford,0.669555
Leatherneck,0.669555
Legers,0.669555
Matisses,0.669555
Maurine,0.669555
Maynard,0.669555
McGeorge,0.669555
Midway,0.669555
Modern,0.669555
Morehouse,0.669555
Neuberger,0.669555
Out,0.669555
Picasso,0.669555
Prix,0.669555
Prize,0.669555
Rafer,0.669555
Rhine,0.669555
Sinatra,0.669555
Statesman,0.669555
Stirling,0.669555
Surprised,0.669555
Throw,0.669555
Tooling,0.669555
Trustee,0.669555
Valedictorian,0.669555
Zealand,0.669555
accumulation,0.669555
admit,0.669555
applicant,0.669555
ardor,0.669555
armory,0.669555
arranged,0.669555
august,0.669555
avidly,0.669555
balding,0.669555
bare,0.669555
bargain,0.669555
barge,0.669555
beatnik,0.669555
bellboys,0.669555
belonged,0.669555
bobby,0.669555
boom,0.669555
brotherly,0.669555
burglarproof,0.669555
buss,0.669555
captivated,0.669555
catapulted,0.669555
cats,0.669555
cerebrated,0.669555
classmates,0.669555
classrooms,0.669555
cliffhanging,0.669555
collecting,0.669555
commandant,0.669555
confided,0.669555
connotes,0.669555
crimination,0.669555
crowns,0.669555
deplored,0.669555
desegregated,0.669555
discovering,0.669555
discriminate,0.669555
dying,0.669555
eccentricity,0.669555
endowment,0.669555
enigma,0.669555
enrollment,0.669555
ensconced,0.669555
ensembles,0.669555
enterprisingly,0.669555
entourage,0.669555
eulogizers,0.669555
evasive,0.669555
excite,0.669555
exhaust,0.669555
experiment,0.669555
fabled,0.669555
fortune,0.669555
frustrating,0.669555
gaudy,0.669555
geeing,0.669555
genes,0.669555
glimpsed,0.669555
glutted,0.669555
grandiose,0.669555
gripped,0.669555
gumption,0.669555
happily,0.669555
hawing,0.669555
headlines,0.669555
heady,0.669555
hearty,0.669555
heredity,0.669555
hitched,0.669555
housed,0.669555
hung,0.669555
hunt,0.669555
impressions,0.669555
investigators,0.669555
jetliners,0.669555
journalism,0.669555
kindergarten,0.669555
lad,0.669555
lasted,0.669555
lavishly,0.669555
lazy,0.669555
legend,0.669555
lied,0.669555
lifted,0.669555
lure,0.669555
marveled,0.669555
moldboard,0.669555
noncommissioned,0.669555
oldest,0.669555
pal,0.669555
physiology,0.669555
plaintiffs,0.669555
pondered,0.669555
pretexts,0.669555
prizes,0.669555
prostitution,0.669555
rallies,0.669555
recruit,0.669555
reign,0.669555
rein,0.669555
researchers,0.669555
revenge,0.669555
ringside,0.669555
ritual,0.669555
roommate,0.669555
ruddy,0.669555
scarcely,0.669555
scholars,0.669555
skins,0.669555
slob,0.669555
sly,0.669555
smothered,0.669555
snubbing,0.669555
socks,0.669555
someone,0.669555
sox,0.669555
speculated,0.669555
spills,0.669555
spooned,0.669555
sportsman,0.669555
statesmen,0.669555
stirling,0.669555
stitch,0.669555
successors,0.669555
sweater,0.669555
swum,0.669555
tapped,0.669555
teahouse,0.669555
tentatively,0.669555
tidying,0.669555
tilling,0.669555
toneless,0.669555
transatlantic,0.669555
treasures,0.669555
tutors,0.669555
typhoon,0.669555
vaguely,0.669555
vines,0.669555
virtues,0.669555
warless,0.669555
weeds,0.669555
window,0.669555
winged,0.669555
Hutchins,0.566801
Shoup,0.566801
academic,0.566801
scholar,0.566801
Adlai,0.556857
Dusseldorf,0.556857
Hunter,0.556857
Moss,0.556857
Nikita,0.556857
Stevenson,0.556857
greeting,0.556857
museum,0.556857
pictures,0.556857
plow,0.556857
sculptures,0.556857
Carolina,0.546913
Games,0.546913
Harvard,0.546913
Inauguration,0.546913
Indiana,0.546913
Like,0.546913
Man,0.546913
Nobel,0.546913
Oil,0.546913
Olympic,0.546913
Soon,0.546913
Speaking,0.546913
Swiss,0.546913
Trophy,0.546913
Wells,0.546913
Westphalia,0.546913
bay,0.546913
biology,0.546913
boss,0.546913
briefly,0.546913
cab,0.546913
careful,0.546913
cell,0.546913
chemistry,0.546913
continent,0.546913
controlling,0.546913
crack,0.546913
crossed,0.546913
dealer,0.546913
dean,0.546913
delight,0.546913
delighted,0.546913
designate,0.546913
doormen,0.546913
doubtless,0.546913
drivers,0.546913
dug,0.546913
durable,0.546913
dust,0.546913
entry,0.546913
era,0.546913
exile,0.546913
fairly,0.546913
fat,0.546913
finest,0.546913
frankness,0.546913
gathered,0.546913
glanced,0.546913
grips,0.546913
haggling,0.546913
halfback,0.546913
idol,0.546913
liked,0.546913
mammoth,0.546913
masterpiece,0.546913
mathematics,0.546913
medal,0.546913
medicine,0.546913
observers,0.546913
parlor,0.546913
paths,0.546913
pause,0.546913
peppery,0.546913
pleasure,0.546913
priced,0.546913
prone,0.546913
pushing,0.546913
reads,0.546913
regularly,0.546913
reputation,0.546913
respective,0.546913
sagging,0.546913
seeing,0.546913
segregation,0.546913
smell,0.546913
speeding,0.546913
spot,0.546913
spots,0.546913
stewards,0.546913
stuck,0.546913
submitted,0.546913
surely,0.546913
suspended,0.546913
talents,0.546913
thousand,0.546913
trusted,0.546913
unexpected,0.546913
villa,0.546913
vowed,0.546913
walls,0.546913
wealth,0.546913
wildly,0.546913
Pittsburgh,0.51837
Time,0.501091
Atlanta,0.483812
Charlie,0.483812
amateur,0.483812
paintings,0.483812
visited,0.483812
Glen,0.475172
Guard,0.475172
Illustrated,0.475172
Journal,0.475172
Little,0.475172
Marine,0.475172
Masters,0.475172
Museum,0.475172
Open,0.475172
Oregon,0.475172
Palmer,0.475172
Pentagon,0.475172
Standard,0.475172
Students,0.475172
Sydney,0.475172
Turner,0.475172
Wall,0.475172
affect,0.475172
alive,0.475172
appreciate,0.475172
arrival,0.475172
artist,0.475172
athlete,0.475172
automatically,0.475172
beauty,0.475172
boxes,0.475172
buying,0.475172
claimed,0.475172
clothing,0.475172
courses,0.475172
credits,0.475172
dealers,0.475172
designer,0.475172
dog,0.475172
dynamic,0.475172
elect,0.475172
enthusiastic,0.475172
experimental,0.475172
gala,0.475172
gallery,0.475172
generous,0.475172
hinted,0.475172
hotels,0.475172
lawyers,0.475172
leaked,0.475172
lively,0.475172
matters,0.475172
mighty,0.475172
pleased,0.475172
pride,0.475172
rejection,0.475172
rid,0.475172
seat,0.475172
seats,0.475172
splendid,0.475172
steel,0.475172
subjects,0.475172
suggestions,0.475172
testimony,0.475172
threw,0.475172
trading,0.475172
urgent,0.475172
useless,0.475172
voluntarily,0.475172
wardrobe,0.475172
yellow,0.475172
Hollywood,0.439699
Democrat,0.431985
interview,0.431985
qualified,0.431985
staged,0.431985
Georgia,0.426766
Johnson,0.424271
Meanwhile,0.424271
Mississippi,0.424271
Nixon,0.424271
Said,0.424271
Sports,0.424271
Stone,0.424271
Such,0.424271
Sullivan,0.424271
Theodore,0.424271
Year,0.424271
acting,0.424271
appeal,0.424271
asking,0.424271
begun,0.424271
chic,0.424271
collections,0.424271
committees,0.424271
consulted,0.424271
conversation,0.424271
cuts,0.424271
debate,0.424271
delay,0.424271
display,0.424271
enter,0.424271
entering,0.424271
everything,0.424271
experienced,0.424271
faculty,0.424271
graduated,0.424271
humor,0.424271
insisted,0.424271
ladies,0.424271
laid,0.424271
lifetime,0.424271
movie,0.424271
remain,0.424271
resignation,0.424271
scientist,0.424271
shared,0.424271
simple,0.424271
star,0.424271
teachers,0.424271
tough,0.424271
uniform,0.424271
waiting,0.424271
wear,0.424271
Negro,0.405778
Philadelphia,0.405778
ordered,0.398782
Peter,0.391785
cover,0.391785
somewhat,0.391785
talent,0.391785
Thompson,0.390988
Alfred,0.384789
Ambassador,0.384789
Arnold,0.384789
Detroit,0.384789
Don,0.384789
Ford,0.384789
German,0.384789
Khrushchev,0.384789
Lloyd,0.384789
Memorial,0.384789
Rhode,0.384789
administrator,0.384789
admission,0.384789
apply,0.384789
block,0.384789
bright,0.384789
brother,0.384789
built,0.384789
chosen,0.384789
clock,0.384789
confident,0.384789
doubt,0.384789
enjoy,0.384789
eye,0.384789
filled,0.384789
gets,0.384789
gold,0.384789
golf,0.384789
ideas,0.384789
impression,0.384789
license,0.384789
mad,0.384789
makes,0.384789
mention,0.384789
mission,0.384789
model,0.384789
outstanding,0.384789
phone,0.384789
plants,0.384789
quick,0.384789
rare,0.384789
rich,0.384789
sale,0.384789
selling,0.384789
sixth,0.384789
taste,0.384789
walked,0.384789
art,0.365349
collection,0.365349
Wayne,0.35894
graduate,0.35894
officer,0.35894
records,0.35894
self,0.35894
win,0.35894
Art,0.35253
Barnes,0.35253
Britain,0.35253
Dean,0.35253
England,0.35253
English,0.35253
Francis,0.35253
Grand,0.35253
K,0.35253
November,0.35253
ability,0.35253
argued,0.35253
body,0.35253
capital,0.35253
entertainment,0.35253
letters,0.35253
light,0.35253
mentioned,0.35253
names,0.35253
raised,0.35253
serve,0.35253
studied,0.35253
visit,0.35253
color,0.337083
race,0.337083
Corps,0.331169
anything,0.331169
class,0.331169
famous,0.331169
principal,0.331169
rejected,0.331169
Last,0.32905
Europe,0.325256
Old,0.325256
Paul,0.325256
Red,0.325256
War,0.325256
arrested,0.325256
black,0.325256
bought,0.325256
closed,0.325256
delivered,0.325256
despite,0.325256
division,0.325256
doubled,0.325256
girl,0.325256
met,0.325256
nature,0.325256
o,0.325256
reception,0.325256
sell,0.325256
society,0.325256
speech,0.325256
takes,0.325256
tremendous,0.325256
whom,0.325256
close,0.312598
Chicago,0.311421
biggest,0.307113
hopes,0.307113
offered,0.307113
reason,0.307113
town,0.307113
Albert,0.301629
Also,0.301629
Aug,0.301629
Chairman,0.301629
Even,0.301629
General,0.301629
My,0.301629
Soviet,0.301629
Street,0.301629
World,0.301629
actually,0.301629
death,0.301629
entered,0.301629
fell,0.301629
friends,0.301629
immediately,0.301629
looks,0.301629
outside,0.301629
raising,0.301629
research,0.301629
retired,0.301629
saying,0.301629
seemed,0.301629
senior,0.301629
sense,0.301629
spend,0.301629
team,0.301629
university,0.30121
Senate,0.296105
Their,0.285895
basis,0.285895
summer,0.285895
your,0.285895
Democratic,0.280789
District,0.280789
July,0.280789
Russia,0.280789
age,0.280789
although,0.280789
believe,0.280789
elected,0.280789
hands,0.280789
happy,0.280789
known,0.280789
modern,0.280789
named,0.280789
needs,0.280789
questioned,0.280789
students,0.280789
talk,0.280789
try,0.280789
variety,0.280789
yet,0.280789
once,0.27168
white,0.27168
admitted,0.266914
decision,0.266914
fall,0.266914
having,0.266914
word,0.266914
Congress,0.262147
Federal,0.262147
Lawrence,0.262147
Then,0.262147
act,0.262147
didn,0.262147
driving,0.262147
executive,0.262147
hardly,0.262147
husband,0.262147
included,0.262147
necessary,0.262147
neither,0.262147
nor,0.262147
pressure,0.262147
prices,0.262147
read,0.262147
though,0.262147
ways,0.262147
current,0.249743
College,0.245284
Jan,0.245284
May,0.245284
No,0.245284
caused,0.245284
daily,0.245284
don,0.245284
felt,0.245284
fund,0.245284
news,0.245284
officials,0.245284
opening,0.245284
pro,0.245284
really,0.245284
report,0.245284
shown,0.245284
stage,0.245284
strong,0.245284
worth,0.245284
David,0.238248
High,0.238248
Judge,0.238248
South,0.238248
student,0.238248
developed,0.234068
himself,0.231415
Island,0.229888
boy,0.229888
cars,0.229888
form,0.229888
nearly,0.229888
officers,0.229888
something,0.229888
tried,0.229888
turned,0.229888
name,0.223571
single,0.223571
G,0.219648
School,0.219648
Two,0.219648
fact,0.219648
kind,0.219648
nine,0.219648
Dr,0.215726
Jack,0.215726
Robert,0.215726
already,0.215726
evidence,0.215726
getting,0.215726
help,0.215726
hit,0.215726
hours,0.215726
lines,0.215726
series,0.215726
gave,0.209982
court,0.206298
kept,0.206298
plans,0.206298
coming,0.202614
designed,0.202614
fine,0.202614
least,0.202614
paid,0.202614
private,0.202614
want,0.202614
working,0.202614
house,0.193868
record,0.193868
whose,0.193868
All,0.190407
Some,0.190407
education,0.190407
feel,0.190407
funds,0.190407
future,0.190407
million,0.190407
rather,0.190407
re,0.190407
staff,0.190407
won,0.190407
Richard,0.182242
city,0.182242
law,0.182242
real,0.182242
Frank,0.178987
George,0.178987
North,0.178987
To,0.178987
every,0.178987
face,0.178987
interest,0.178987
late,0.178987
led,0.178987
order,0.178987
taking,0.178987
total,0.178987
top,0.177439
Kennedy,0.17132
March,0.17132
F,0.168261
M,0.168261
away,0.168261
head,0.168261
start,0.168261
upon,0.168261
able,0.163898
B,0.161023
her,0.161023
know,0.161023
money,0.161023
think,0.161023
After,0.158147
E,0.158147
N,0.158147
One,0.158147
President,0.158147
does,0.158147
hour,0.158147
University,0.156686
again,0.156686
found,0.153984
give,0.151283
might,0.151283
needed,0.151283
put,0.151283
For,0.148581
National,0.148581
R,0.148581
William,0.148581
great,0.148581
including,0.148581
number,0.148581
possible,0.148581
few,0.144578
making,0.144578
together,0.142042
added,0.139506
case,0.139506
left,0.139506
show,0.139506
third,0.139506
went,0.136021
you,0.135632
James,0.133252
best,0.133252
big,0.133252
until,0.133252
own,0.131561
On,0.130873
When,0.130873
around,0.130873
general,0.130873
my,0.130873
right,0.130873
run,0.130873
ever,0.129331
never,0.129331
still,0.129331
took,0.129331
state,0.127102
As,0.124872
State,0.124872
called,0.124872
C,0.122642
asked,0.122642
how,0.122642
months,0.122642
our,0.122642
several,0.122642
special,0.122642
U,0.118946
ago,0.116864
held,0.116864
Washington,0.114777
annual,0.114777
got,0.113096
m,0.113096
school,0.113096
public,0.109196
At,0.103661
announced,0.101842
good,0.101842
just,0.101842
much,0.101842
next,0.101842
these,0.101842
against,0.100024
see,0.100024
people,0.096469
S,0.0942617
without,0.0930842
long,0.0879776
world,0.0879776
during,0.0864066
like,0.0864066
many,0.0864066
way,0.0864066
old,0.084334
those,0.0814259
well,0.0814259
even,0.0799719
may,0.0799719
off,0.0799719
while,0.0799719
since,0.0751042
each,0.073763
man,0.073763
then,0.0714609
through,0.0702288
where,0.0702288
New,0.0689967
down,0.0677647
members,0.0677647
t,0.0630896
John,0.061963
him,0.0604434
so,0.0583945
They,0.05737
any,0.05737
because,0.05737
get,0.05737
if,0.05737
week,0.0564538
There,0.0563455
both,0.0563455
most,0.0536774
could,0.0489367
home,0.0472778
what,0.0464484
before,0.0456189
do,0.0456189
them,0.0449071
But,0.0387334
some,0.0380879
after,0.0334449
last,0.0334449
into,0.0317726
time,0.0312152
years,0.0282974
said,0.0278257
I,0.0275522
now,0.0259393
three,0.0259393
He,0.0244478
when,0.0221194
first,0.0217313
made,0.0217313
had,0.0214629
only,0.0213433
year,0.0187034
or,0.0180901
It,0.0174769
about,0.0174769
two,0.0174769
would,0.0174769
also,0.0171703
there,0.0168637
new,0.0134034
up,0.0134034
their,0.0131762
he,0.01302
its,0.0129491
more,0.0129491
than,0.0124947
all,0.00882963
were,0.00882963
this,0.00867997
over,0.00853032
are,0.00838066
no,0.00838066
In,0.00823101
his,0.00606449
but,0.00473326
A,0.0046593
been,0.0046593
not,0.00443743
other,0.0041416
they,0.0041416
The,0.0
``,0.0
a,0.0
an,0.0
and,0.0
as,0.0
at,0.0
be,0.0
by,0.0
for,0.0
from,0.0
has,0.0
have,0.0
in,0.0
is,0.0
it,0.0
of,0.0
on,0.0
one,0.0
out,0.0
s,0.0
that,0.0
the,0.0
to,0.0
was,0.0
which,0.0
who,0.0
will,0.0
with,0.0
