Belgians,0.779118
Congolese,0.724337
Lumumba,0.724337
Belgian,0.706076
Kasavubu,0.687815
Katanga,0.687815
Tshombe,0.687815
Patrice,0.681729
tribes,0.681729
Congo,0.676183
Moise,0.675642
provinces,0.675642
Brussels,0.669555
Kasai,0.669555
Leopold,0.669555
Mobutu,0.669555
Publique,0.669555
administered,0.669555
detested,0.669555
ethnic,0.669555
groupings,0.669555
paternalism,0.669555
premier,0.669555
ration,0.669555
seceded,0.669555
wars,0.669555
Anaconda,0.663468
Balkanization,0.663468
Balkanize,0.663468
Balkanizing,0.663468
Confusion,0.663468
Copper,0.663468
Eire,0.663468
Equator,0.663468
Generale,0.663468
Guinea,0.663468
Gunther,0.663468
Hammarskjold,0.663468
Inside,0.663468
Insurance,0.663468
Kalonji,0.663468
Kivu,0.663468
Leopoldville,0.663468
Mali,0.663468
Mohammedanism,0.663468
Mutual,0.663468
Ordinarily,0.663468
Pas,0.663468
Societe,0.663468
Sweden,0.663468
Terror,0.663468
Third,0.663468
Vague,0.663468
Well,0.663468
abstaining,0.663468
ancestor,0.663468
animism,0.663468
appropriate,0.663468
assume,0.663468
beneficiaries,0.663468
bicameral,0.663468
blamed,0.663468
cannibalistic,0.663468
cartels,0.663468
chatte,0.663468
chien,0.663468
civilians,0.663468
clamoring,0.663468
cobalt,0.663468
colonialism,0.663468
colonies,0.663468
colossus,0.663468
commenced,0.663468
commencing,0.663468
compassion,0.663468
complicated,0.663468
conscience,0.663468
culture,0.663468
departed,0.663468
describes,0.663468
dialects,0.663468
directive,0.663468
disparities,0.663468
dispatching,0.663468
dole,0.663468
eject,0.663468
elite,0.663468
engulfed,0.663468
envisaged,0.663468
equatorial,0.663468
exasperated,0.663468
exploited,0.663468
explorers,0.663468
fearing,0.663468
federalism,0.663468
federalize,0.663468
flickered,0.663468
fragmentation,0.663468
frictions,0.663468
gale,0.663468
geography,0.663468
goutte,0.663468
grabbing,0.663468
guiltless,0.663468
gunmen,0.663468
historical,0.663468
hungry,0.663468
hurry,0.663468
imagines,0.663468
indefinite,0.663468
infant,0.663468
initiating,0.663468
innumerable,0.663468
instituted,0.663468
interfere,0.663468
intervene,0.663468
kidnaped,0.663468
le,0.663468
looting,0.663468
lumped,0.663468
manganese,0.663468
manifestly,0.663468
meddle,0.663468
mercenaries,0.663468
mess,0.663468
motivations,0.663468
mutiny,0.663468
nonwhite,0.663468
notably,0.663468
obliged,0.663468
obstructed,0.663468
obstructionist,0.663468
occurrence,0.663468
officered,0.663468
openly,0.663468
oversimplification,0.663468
paganism,0.663468
palm,0.663468
paratroops,0.663468
patients,0.663468
pedagogue,0.663468
philosopher,0.663468
preferable,0.663468
prepare,0.663468
provincial,0.663468
puzzle,0.663468
quarreling,0.663468
ranges,0.663468
raping,0.663468
reconvention,0.663468
redoubled,0.663468
religions,0.663468
reluctant,0.663468
resort,0.663468
respectable,0.663468
rioting,0.663468
ruthless,0.663468
sang,0.663468
savage,0.663468
secede,0.663468
secessionist,0.663468
smoldered,0.663468
splitting,0.663468
steamily,0.663468
succeeding,0.663468
temperate,0.663468
tin,0.663468
trampled,0.663468
tribesmen,0.663468
une,0.663468
unfortunately,0.663468
unify,0.663468
unmatched,0.663468
unprepared,0.663468
unrest,0.663468
unsure,0.663468
uranium,0.663468
variously,0.663468
wilderness,0.663468
wishers,0.663468
withdraw,0.663468
withdrawal,0.663468
independence,0.59166
colony,0.556857
appealed,0.551885
favored,0.551885
Great,0.546913
dispatched,0.546913
meant,0.546913
mineral,0.546913
trained,0.546913
Christianity,0.541941
Control,0.541941
Ghana,0.541941
Had,0.541941
Morocco,0.541941
Parliament,0.541941
Presently,0.541941
Russians,0.541941
Thus,0.541941
Tunisia,0.541941
Twenty,0.541941
Ultimately,0.541941
Would,0.541941
actual,0.541941
agricultural,0.541941
appealing,0.541941
approaching,0.541941
blame,0.541941
boundaries,0.541941
brutality,0.541941
calm,0.541941
carpenters,0.541941
chaos,0.541941
clusters,0.541941
commodities,0.541941
consequently,0.541941
contain,0.541941
contained,0.541941
continent,0.541941
copper,0.541941
cotton,0.541941
definition,0.541941
delivering,0.541941
discouraged,0.541941
doubtless,0.541941
eat,0.541941
elephants,0.541941
employers,0.541941
erratic,0.541941
erupted,0.541941
executed,0.541941
exploit,0.541941
finger,0.541941
flung,0.541941
furnish,0.541941
grab,0.541941
grew,0.541941
historian,0.541941
hospitals,0.541941
internal,0.541941
la,0.541941
lull,0.541941
managing,0.541941
measures,0.541941
mechanics,0.541941
moderates,0.541941
nationalism,0.541941
oust,0.541941
privilege,0.541941
producing,0.541941
promptly,0.541941
protection,0.541941
reasonable,0.541941
reorganization,0.541941
resident,0.541941
residing,0.541941
secondary,0.541941
shifting,0.541941
shouted,0.541941
soldiers,0.541941
sometime,0.541941
stirred,0.541941
suffrage,0.541941
sweeping,0.541941
tackle,0.541941
tasks,0.541941
touched,0.541941
tougher,0.541941
truly,0.541941
unified,0.541941
uniformed,0.541941
universal,0.541941
urging,0.541941
wash,0.541941
wealth,0.541941
whites,0.541941
wildly,0.541941
wished,0.541941
withdrawing,0.541941
wording,0.541941
workable,0.541941
worship,0.541941
write,0.541941
zinc,0.541941
troops,0.492451
African,0.475172
Security,0.475172
divided,0.475172
specific,0.475172
Adam,0.470852
King,0.470852
Life,0.470852
Morgan,0.470852
Not,0.470852
approached,0.470852
arose,0.470852
authorized,0.470852
blood,0.470852
cause,0.470852
clothing,0.470852
concluded,0.470852
constantly,0.470852
covered,0.470852
crowds,0.470852
dealing,0.470852
determined,0.470852
economics,0.470852
fewer,0.470852
graduates,0.470852
independent,0.470852
intellectual,0.470852
intervals,0.470852
intervention,0.470852
lacked,0.470852
legislature,0.470852
loose,0.470852
matters,0.470852
murder,0.470852
numbers,0.470852
officially,0.470852
permits,0.470852
primarily,0.470852
principle,0.470852
royal,0.470852
sending,0.470852
square,0.470852
structure,0.470852
tired,0.470852
violence,0.470852
wild,0.470852
During,0.424271
troubles,0.424271
Eastern,0.420414
Indeed,0.420414
India,0.420414
Its,0.420414
Meanwhile,0.420414
Pennsylvania,0.420414
Railroad,0.420414
adequate,0.420414
approximately,0.420414
charter,0.420414
constant,0.420414
convenience,0.420414
conviction,0.420414
de,0.420414
drawn,0.420414
grade,0.420414
granted,0.420414
greatly,0.420414
grow,0.420414
handled,0.420414
huge,0.420414
mass,0.420414
meaning,0.420414
occasion,0.420414
regard,0.420414
science,0.420414
send,0.420414
separate,0.420414
settled,0.420414
significant,0.420414
sports,0.420414
street,0.420414
style,0.420414
technicians,0.420414
wait,0.420414
walking,0.420414
widespread,0.420414
army,0.395283
province,0.391785
Africa,0.388287
February,0.384789
civil,0.384789
fired,0.384789
force,0.384789
quickly,0.384789
rich,0.384789
security,0.384789
technical,0.384789
Second,0.381291
Why,0.381291
Yet,0.381291
actions,0.381291
acts,0.381291
administrator,0.381291
considerably,0.381291
contributed,0.381291
creation,0.381291
emphasis,0.381291
filled,0.381291
holds,0.381291
individuals,0.381291
judgment,0.381291
medical,0.381291
mission,0.381291
modest,0.381291
oil,0.381291
ordered,0.381291
speaking,0.381291
stock,0.381291
teach,0.381291
threatening,0.381291
unity,0.381291
various,0.381291
volunteers,0.381291
resolution,0.35894
Britain,0.35253
France,0.35253
affairs,0.35253
assistance,0.35253
employes,0.35253
British,0.349325
armed,0.349325
authority,0.349325
behind,0.349325
care,0.349325
cash,0.349325
certainly,0.349325
climate,0.349325
council,0.349325
difficult,0.349325
drew,0.349325
drop,0.349325
factor,0.349325
fighting,0.349325
frequently,0.349325
fully,0.349325
graduate,0.349325
grant,0.349325
manner,0.349325
mentioned,0.349325
native,0.349325
positions,0.349325
practice,0.349325
products,0.349325
stole,0.349325
teaching,0.349325
terms,0.349325
thousands,0.349325
voted,0.349325
Nations,0.328212
Force,0.325256
October,0.325256
food,0.325256
itself,0.325256
opportunity,0.325256
parties,0.325256
urged,0.325256
Before,0.322299
By,0.322299
Company,0.322299
Europe,0.322299
French,0.322299
accept,0.322299
advisers,0.322299
due,0.322299
established,0.322299
exactly,0.322299
heavy,0.322299
honor,0.322299
hoped,0.322299
investigation,0.322299
miles,0.322299
nature,0.322299
partner,0.322299
placed,0.322299
population,0.322299
primary,0.322299
principal,0.322299
provided,0.322299
rejected,0.322299
remained,0.322299
scene,0.322299
society,0.322299
strength,0.322299
Government,0.304371
General,0.301629
Western,0.301629
central,0.301629
immediately,0.301629
nations,0.301629
seemed,0.301629
Albert,0.298887
From,0.298887
child,0.298887
death,0.298887
fourth,0.298887
headquarters,0.298887
hold,0.298887
hope,0.298887
housing,0.298887
instead,0.298887
nothing,0.298887
ones,0.298887
points,0.298887
steps,0.298887
Russia,0.285895
July,0.283342
administration,0.283342
war,0.283342
hands,0.280789
passed,0.280789
prevent,0.280789
university,0.280789
Central,0.278237
Communist,0.278237
Feb,0.278237
First,0.278237
although,0.278237
believe,0.278237
companies,0.278237
economic,0.278237
either,0.278237
elected,0.278237
higher,0.278237
include,0.278237
interested,0.278237
land,0.278237
let,0.278237
opinion,0.278237
perhaps,0.278237
played,0.278237
prepared,0.278237
property,0.278237
questioned,0.278237
required,0.278237
treated,0.278237
necessary,0.264531
Secretary,0.262147
having,0.262147
states,0.262147
Although,0.259764
act,0.259764
average,0.259764
college,0.259764
entire,0.259764
equipment,0.259764
fight,0.259764
leaders,0.259764
neither,0.259764
nor,0.259764
pass,0.259764
social,0.259764
though,0.259764
us,0.259764
white,0.259764
Joseph,0.247514
Council,0.245284
However,0.245284
father,0.245284
felt,0.245284
forces,0.245284
often,0.245284
caused,0.243054
chief,0.243054
less,0.243054
limited,0.243054
problems,0.243054
ready,0.243054
strong,0.243054
throughout,0.243054
military,0.234068
efforts,0.231978
form,0.229888
nation,0.229888
South,0.227798
born,0.227798
cars,0.227798
failed,0.227798
nearly,0.227798
officers,0.227798
reached,0.227798
something,0.227798
within,0.227798
political,0.223571
help,0.217687
schools,0.217687
wanted,0.217687
became,0.215726
hours,0.215726
control,0.213765
date,0.213765
development,0.213765
earlier,0.213765
evidence,0.213765
final,0.213765
further,0.213765
hard,0.213765
kind,0.213765
name,0.213765
position,0.213765
power,0.213765
vote,0.213765
least,0.204456
find,0.200772
foreign,0.200772
near,0.200772
private,0.200772
return,0.200772
sent,0.200772
seven,0.200772
whether,0.200772
education,0.192137
history,0.192137
action,0.190407
million,0.190407
staff,0.190407
system,0.190407
Some,0.188676
States,0.188676
bring,0.188676
future,0.188676
point,0.188676
provide,0.188676
rather,0.188676
record,0.188676
weeks,0.188676
decided,0.178987
late,0.178987
order,0.178987
small,0.178987
To,0.17736
according,0.17736
almost,0.17736
done,0.17736
effort,0.17736
enough,0.17736
every,0.17736
family,0.17736
matter,0.17736
meet,0.17736
period,0.17736
say,0.17736
taking,0.17736
N,0.172525
United,0.17132
among,0.168261
away,0.166731
head,0.166731
problem,0.166731
top,0.166731
country,0.162461
large,0.161023
children,0.159585
received,0.159585
able,0.158147
brought,0.158147
If,0.15671
One,0.15671
President,0.15671
began,0.15671
better,0.15671
eight,0.15671
might,0.155335
government,0.149651
including,0.148581
national,0.148581
put,0.148581
House,0.14723
again,0.14723
great,0.14723
local,0.14723
major,0.14723
needed,0.14723
number,0.14723
six,0.14723
very,0.14723
York,0.139506
case,0.139506
end,0.139506
together,0.139506
few,0.138237
left,0.138237
little,0.133252
until,0.133252
On,0.132063
When,0.129683
area,0.129683
around,0.129683
best,0.129683
come,0.129683
run,0.129683
use,0.129683
took,0.127102
month,0.124872
called,0.123757
part,0.122642
still,0.122642
As,0.121527
along,0.121527
five,0.121527
months,0.121527
never,0.121527
own,0.121527
U,0.118946
far,0.11582
president,0.114777
program,0.114777
held,0.113733
later,0.113733
too,0.113733
And,0.106272
another,0.106272
go,0.106272
got,0.106272
public,0.106272
should,0.106272
much,0.100933
announced,0.100024
these,0.100024
At,0.0991144
good,0.0991144
take,0.0991144
people,0.0939304
without,0.092238
many,0.0871921
S,0.0864066
did,0.0864066
being,0.0856211
make,0.0856211
world,0.0856211
may,0.0821529
even,0.0806989
those,0.0806989
well,0.0806989
old,0.0792449
while,0.0792449
each,0.0751042
man,0.0751042
since,0.073763
New,0.0677647
then,0.0677647
members,0.0671486
through,0.0671486
where,0.0671486
such,0.0625263
day,0.061963
four,0.061963
John,0.0613997
any,0.0578822
if,0.0578822
They,0.05737
There,0.0563455
him,0.0563455
both,0.0558333
get,0.0558333
so,0.0558333
This,0.0504382
most,0.0504382
do,0.0460337
what,0.0460337
could,0.0452042
them,0.0423305
But,0.0374423
some,0.0358284
under,0.0358284
can,0.0351828
into,0.03233
time,0.0312152
after,0.0309365
last,0.0303791
now,0.0259393
three,0.0259393
said,0.0257034
first,0.0215373
only,0.0213433
He,0.0211493
made,0.0211493
when,0.0211493
or,0.0187034
had,0.0183967
there,0.0183967
would,0.0173236
It,0.0171703
also,0.017017
about,0.0167104
two,0.0167104
their,0.0137442
its,0.0129491
more,0.0127219
than,0.0127219
up,0.0127219
new,0.0123811
were,0.00995204
all,0.0087548
he,0.00845549
no,0.00838066
In,0.00830584
this,0.00830584
over,0.00823101
not,0.00440045
they,0.00436347
been,0.00428952
his,0.00425254
other,0.0041416
A,0.00406765
but,0.00403067
The,0.0
``,0.0
a,0.0
an,0.0
and,0.0
as,0.0
at,0.0
be,0.0
by,0.0
for,0.0
from,0.0
has,0.0
have,0.0
in,0.0
is,0.0
it,0.0
of,0.0
on,0.0
one,0.0
out,0.0
s,0.0
that,0.0
the,0.0
to,0.0
was,0.0
which,0.0
who,0.0
will,0.0
with,0.0
