Beardens,0.689818
Bearden,0.68333
Crosby,0.68333
Rickards,0.68333
Airlines,0.676843
Bizerte,0.676843
Border,0.676843
Chen,0.676843
Gilman,0.676843
Simmons,0.676843
Tunisian,0.676843
hostages,0.676843
Boeing,0.670356
Carnegey,0.670356
Coolidge,0.670356
Idaho,0.670356
Ladgham,0.670356
McCauley,0.670356
Mongolia,0.670356
Mullen,0.670356
Outer,0.670356
Salvador,0.670356
airplane,0.670356
baggage,0.670356
elder,0.670356
guns,0.670356
hijacked,0.670356
pirates,0.670356
radioed,0.670356
requested,0.670356
stewardess,0.670356
stomach,0.670356
unarmed,0.670356
Alliance,0.663868
Ambulances,0.663868
Arequipa,0.663868
Augustine,0.663868
Bahi,0.663868
Besset,0.663868
Bourguiba,0.663868
Cheng,0.663868
Chiang,0.663868
Cody,0.663868
Command,0.663868
Debate,0.663868
Desert,0.663868
Dubois,0.663868
Electra,0.663868
Flight,0.663868
Food,0.663868
Frog,0.663868
Guatemala,0.663868
Habib,0.663868
Immigration,0.663868
Inter,0.663868
Ivory,0.663868
Kai,0.663868
Main,0.663868
Maine,0.663868
McCloy,0.663868
Mediterranean,0.663868
Mountains,0.663868
Mulligatawny,0.663868
Nationalist,0.663868
Nepal,0.663868
Newsweek,0.663868
Officer,0.663868
Peking,0.663868
Peruvian,0.663868
Pfc,0.663868
Sacramento,0.663868
Stalling,0.663868
Strategic,0.663868
Taking,0.663868
Tension,0.663868
Thirty,0.663868
Toni,0.663868
Tunis,0.663868
Uruguay,0.663868
abstention,0.663868
aisle,0.663868
awoke,0.663868
bean,0.663868
bent,0.663868
bombers,0.663868
boxer,0.663868
ceased,0.663868
conferred,0.663868
consumed,0.663868
convict,0.663868
crabs,0.663868
cuisine,0.663868
dapper,0.663868
diminutive,0.663868
distracted,0.663868
drab,0.663868
eased,0.663868
embargo,0.663868
emissaries,0.663868
emissary,0.663868
engines,0.663868
enlivened,0.663868
flattened,0.663868
fuels,0.663868
grapefruit,0.663868
haute,0.663868
hijackers,0.663868
imbroglio,0.663868
inboard,0.663868
irreconcilable,0.663868
kidnapping,0.663868
labeled,0.663868
lowliest,0.663868
luggage,0.663868
maitre,0.663868
marched,0.663868
menu,0.663868
mutterers,0.663868
nap,0.663868
nodded,0.663868
nut,0.663868
ordinarily,0.663868
peacetime,0.663868
peddle,0.663868
picks,0.663868
precedence,0.663868
prudently,0.663868
pry,0.663868
quo,0.663868
raced,0.663868
recruiter,0.663868
recruits,0.663868
refuel,0.663868
reliance,0.663868
shadows,0.663868
shek,0.663868
sick,0.663868
silenced,0.663868
skyjacked,0.663868
skyjackers,0.663868
slug,0.663868
slugs,0.663868
smelts,0.663868
soup,0.663868
steal,0.663868
stew,0.663868
stewardesses,0.663868
stopovers,0.663868
submachine,0.663868
subsequently,0.663868
surged,0.663868
swap,0.663868
tacked,0.663868
taxiing,0.663868
thorny,0.663868
transporting,0.663868
tri,0.663868
ultimatum,0.663868
unaccustomed,0.663868
unanimity,0.663868
ventured,0.663868
volunteer,0.663868
woo,0.663868
Paso,0.574062
crew,0.558165
Airport,0.552866
Stevenson,0.552866
jet,0.552866
message,0.552866
pilot,0.552866
Patrol,0.547567
adviser,0.547567
blazing,0.547567
cockpit,0.547567
discuss,0.547567
passengers,0.547567
ramp,0.547567
tires,0.547567
tower,0.547567
Adlai,0.542268
Captain,0.542268
Chinese,0.542268
Cod,0.542268
Crime,0.542268
Cubans,0.542268
Dillon,0.542268
Ideally,0.542268
Individual,0.542268
Lois,0.542268
Progress,0.542268
Still,0.542268
Take,0.542268
Tell,0.542268
Through,0.542268
Tunisia,0.542268
Wash,0.542268
adamant,0.542268
aides,0.542268
alongside,0.542268
ante,0.542268
appropriation,0.542268
bail,0.542268
citizenry,0.542268
cleared,0.542268
compartment,0.542268
conspired,0.542268
conversations,0.542268
crucial,0.542268
daring,0.542268
deputies,0.542268
diplomacy,0.542268
disarmament,0.542268
disputes,0.542268
eat,0.542268
expedient,0.542268
figured,0.542268
finance,0.542268
followers,0.542268
fuel,0.542268
glanced,0.542268
grumble,0.542268
halt,0.542268
hired,0.542268
hog,0.542268
insistence,0.542268
insure,0.542268
intact,0.542268
invoking,0.542268
la,0.542268
landing,0.542268
legs,0.542268
listen,0.542268
listening,0.542268
occasionally,0.542268
oysters,0.542268
passenger,0.542268
pocket,0.542268
politicians,0.542268
potatoes,0.542268
preached,0.542268
presidency,0.542268
propeller,0.542268
pursued,0.542268
rifles,0.542268
rolled,0.542268
runway,0.542268
shell,0.542268
swung,0.542268
teen,0.542268
touched,0.542268
trusted,0.542268
unexpected,0.542268
unhappily,0.542268
voice,0.542268
voter,0.542268
welcoming,0.542268
wiped,0.542268
withdrawing,0.542268
El,0.49876
FBI,0.480344
Havana,0.480344
Phoenix,0.480344
Antonio,0.47574
Berry,0.47574
Calif,0.47574
China,0.47574
senators,0.47574
plane,0.474108
Building,0.471137
Byron,0.471137
Cape,0.471137
Capt,0.471137
Congressional,0.471137
Economic,0.471137
Everybody,0.471137
Fidel,0.471137
Leon,0.471137
Maryland,0.471137
Mercer,0.471137
Michigan,0.471137
Pentagon,0.471137
Treasury,0.471137
aboard,0.471137
assured,0.471137
chiefly,0.471137
confusion,0.471137
controversial,0.471137
convinced,0.471137
dealing,0.471137
enthusiasm,0.471137
farmer,0.471137
file,0.471137
flew,0.471137
heat,0.471137
hip,0.471137
intended,0.471137
invited,0.471137
kid,0.471137
letting,0.471137
merits,0.471137
mid,0.471137
mouth,0.471137
muscle,0.471137
originally,0.471137
pistol,0.471137
primarily,0.471137
priority,0.471137
promise,0.471137
rear,0.471137
rebels,0.471137
relative,0.471137
routine,0.471137
search,0.471137
sending,0.471137
shall,0.471137
sheriff,0.471137
slowed,0.471137
smaller,0.471137
stolen,0.471137
strain,0.471137
sun,0.471137
surrounded,0.471137
timetable,0.471137
trio,0.471137
urgent,0.471137
Cuba,0.433
talking,0.433
Continental,0.428889
billion,0.428889
twenty,0.428889
Ariz,0.424779
Cleveland,0.424779
Fred,0.424779
wore,0.424779
Back,0.420668
Eastern,0.420668
Florida,0.420668
Jerry,0.420668
Minister,0.420668
Over,0.420668
Palm,0.420668
Six,0.420668
Though,0.420668
Truman,0.420668
Vice,0.420668
accident,0.420668
accompanied,0.420668
automatic,0.420668
begun,0.420668
century,0.420668
check,0.420668
chose,0.420668
compromise,0.420668
conversation,0.420668
deadlock,0.420668
delay,0.420668
flies,0.420668
forth,0.420668
human,0.420668
improve,0.420668
intention,0.420668
jumped,0.420668
killed,0.420668
loaded,0.420668
longer,0.420668
motor,0.420668
plain,0.420668
plot,0.420668
policemen,0.420668
practicing,0.420668
reportedly,0.420668
restaurant,0.420668
soft,0.420668
story,0.420668
suggestion,0.420668
temporary,0.420668
trucks,0.420668
uniform,0.420668
walking,0.420668
wing,0.420668
admission,0.388978
Capitol,0.38525
Casey,0.38525
Castro,0.38525
Douglas,0.38525
Paris,0.38525
eye,0.38525
flight,0.38525
happened,0.38525
Actually,0.381521
Africa,0.381521
Ambassador,0.381521
Defense,0.381521
Fla,0.381521
Ford,0.381521
Khrushchev,0.381521
Leonard,0.381521
Moscow,0.381521
Patrolman,0.381521
Second,0.381521
Several,0.381521
Social,0.381521
agent,0.381521
agree,0.381521
army,0.381521
aside,0.381521
attempt,0.381521
brother,0.381521
built,0.381521
conferences,0.381521
confident,0.381521
detailed,0.381521
driven,0.381521
equally,0.381521
fired,0.381521
firmly,0.381521
gradually,0.381521
health,0.381521
impression,0.381521
larger,0.381521
mission,0.381521
opposition,0.381521
orders,0.381521
persuade,0.381521
phone,0.381521
province,0.381521
role,0.381521
seeking,0.381521
stroke,0.381521
talked,0.381521
volunteers,0.381521
willing,0.381521
works,0.381521
armed,0.356368
range,0.356368
Berlin,0.352952
Cuban,0.352952
Houston,0.352952
Most,0.352952
Attorney,0.349536
France,0.349536
Francis,0.349536
Franklin,0.349536
Latin,0.349536
affairs,0.349536
attention,0.349536
coach,0.349536
discussed,0.349536
else,0.349536
farm,0.349536
fully,0.349536
legislative,0.349536
native,0.349536
officer,0.349536
positions,0.349536
proposals,0.349536
raised,0.349536
saving,0.349536
signed,0.349536
sitting,0.349536
talks,0.349536
ten,0.349536
thus,0.349536
voted,0.349536
Air,0.328796
Force,0.325645
French,0.325645
budget,0.325645
hoped,0.325645
opposed,0.325645
Nations,0.322493
Red,0.322493
Sen,0.322493
accept,0.322493
activities,0.322493
advertising,0.322493
allowed,0.322493
always,0.322493
chance,0.322493
charges,0.322493
ex,0.322493
extra,0.322493
food,0.322493
hotel,0.322493
learned,0.322493
pair,0.322493
poor,0.322493
reach,0.322493
strength,0.322493
voters,0.322493
welfare,0.322493
youth,0.322493
ground,0.304913
Senate,0.30289
From,0.30199
door,0.30199
hold,0.30199
increased,0.30199
personal,0.30199
reason,0.30199
weekend,0.30199
Americans,0.299068
Aug,0.299068
General,0.299068
Government,0.299068
Hill,0.299068
caught,0.299068
close,0.299068
entered,0.299068
fast,0.299068
fellow,0.299068
identified,0.299068
instead,0.299068
introduced,0.299068
labor,0.299068
mean,0.299068
morning,0.299068
nations,0.299068
nothing,0.299068
purpose,0.299068
schedule,0.299068
sign,0.299068
status,0.299068
telephone,0.299068
trade,0.299068
International,0.283846
San,0.281125
air,0.281125
apparently,0.281125
defense,0.281125
key,0.281125
passed,0.281125
police,0.281125
talk,0.281125
veteran,0.281125
Administration,0.278405
Aj,0.278405
Army,0.278405
Coast,0.278405
Norman,0.278405
Service,0.278405
age,0.278405
anyone,0.278405
attend,0.278405
comes,0.278405
concerned,0.278405
dropped,0.278405
floor,0.278405
informed,0.278405
jobs,0.278405
land,0.278405
largest,0.278405
legislation,0.278405
list,0.278405
look,0.278405
moved,0.278405
opened,0.278405
perhaps,0.278405
playing,0.278405
prepared,0.278405
speed,0.278405
spent,0.278405
straight,0.278405
touch,0.278405
your,0.278405
bill,0.265001
front,0.265001
thought,0.265001
didn,0.262461
included,0.262461
pass,0.262461
Angeles,0.259921
Congress,0.259921
Los,0.259921
Mary,0.259921
Secretary,0.259921
additional,0.259921
base,0.259921
clearly,0.259921
college,0.259921
d,0.259921
hardly,0.259921
international,0.259921
junior,0.259921
live,0.259921
policy,0.259921
recently,0.259921
returned,0.259921
us,0.259921
whole,0.259921
problems,0.25033
forces,0.245577
important,0.245577
question,0.245577
report,0.245577
Council,0.243201
No,0.243201
Texas,0.243201
across,0.243201
areas,0.243201
call,0.243201
carry,0.243201
clear,0.243201
continue,0.243201
daily,0.243201
father,0.243201
seek,0.243201
services,0.243201
short,0.243201
side,0.243201
son,0.243201
throughout,0.243201
boy,0.232391
issue,0.232391
cars,0.230163
effect,0.230163
officers,0.230163
High,0.227936
Island,0.227936
So,0.227936
While,0.227936
born,0.227936
declared,0.227936
military,0.227936
move,0.227936
nation,0.227936
others,0.227936
tell,0.227936
tried,0.227936
minutes,0.222255
Robert,0.218074
hours,0.218074
saw,0.218074
wanted,0.218074
aid,0.215984
lines,0.215984
vote,0.215984
Jack,0.213894
What,0.213894
hard,0.213894
himself,0.213894
kind,0.213894
official,0.213894
proposed,0.213894
started,0.213894
foreign,0.206782
hand,0.206782
sent,0.204819
White,0.202856
p,0.202856
Other,0.200893
West,0.200893
With,0.200893
course,0.200893
gave,0.200893
involved,0.200893
kept,0.200893
paid,0.200893
per,0.200893
served,0.200893
All,0.188789
action,0.188789
board,0.188789
company,0.188789
funds,0.188789
history,0.188789
indicated,0.188789
million,0.188789
persons,0.188789
provide,0.188789
support,0.188789
turn,0.188789
weeks,0.188789
President,0.185918
Kennedy,0.184765
To,0.18267
toward,0.180936
enough,0.179201
decided,0.177467
every,0.177467
face,0.177467
late,0.177467
order,0.177467
total,0.177467
away,0.170092
head,0.168462
F,0.166832
His,0.166832
United,0.166832
began,0.158337
former,0.158337
B,0.156804
N,0.156804
St,0.156804
That,0.156804
going,0.156804
know,0.156804
large,0.156804
meeting,0.156804
money,0.156804
received,0.156804
think,0.156804
House,0.151638
put,0.150198
D,0.147319
We,0.147319
again,0.147319
found,0.147319
great,0.147319
including,0.147319
might,0.147319
place,0.147319
result,0.147319
six,0.147319
young,0.147319
Mr,0.145079
expected,0.139672
few,0.138321
government,0.138321
left,0.138321
show,0.138321
wife,0.138321
On,0.131029
my,0.131029
right,0.131029
until,0.131029
When,0.129761
around,0.129761
big,0.129761
come,0.129761
taken,0.129761
took,0.125165
along,0.123977
men,0.123977
As,0.122789
asked,0.122789
business,0.122789
ever,0.122789
however,0.122789
still,0.122789
told,0.122789
came,0.1216
five,0.1216
never,0.1216
own,0.1216
state,0.1216
Washington,0.114914
held,0.114914
later,0.114914
U,0.114649
ago,0.113802
far,0.113802
president,0.113802
too,0.113802
m,0.11257
go,0.108414
got,0.107375
night,0.107375
And,0.106336
between,0.106336
group,0.106336
school,0.106336
American,0.102082
At,0.102082
just,0.101112
see,0.100143
take,0.100143
against,0.0991742
early,0.0991742
good,0.0991742
here,0.0991742
much,0.0991742
S,0.0915331
like,0.0906959
long,0.0873471
being,0.08651
did,0.08651
way,0.0856728
world,0.0856728
off,0.0839418
old,0.0831669
while,0.0808424
even,0.0792927
those,0.0792927
man,0.0788541
since,0.0738513
each,0.0731366
high,0.0685023
back,0.0678457
down,0.0678457
members,0.0678457
through,0.0671891
we,0.0671891
four,0.0650389
John,0.0620371
day,0.0620371
t,0.0620371
him,0.0580507
any,0.0575048
They,0.0564129
because,0.0564129
both,0.0564129
get,0.055867
if,0.055867
week,0.0544141
most,0.0509619
before,0.0461155
could,0.0456735
home,0.0456735
what,0.0456735
But,0.0362361
can,0.0352041
some,0.0352041
under,0.0352041
last,0.0321797
after,0.0306945
into,0.0306945
time,0.0306945
said,0.0272269
three,0.0259703
years,0.0259703
now,0.025719
I,0.022196
when,0.0217824
only,0.0215756
first,0.0213688
made,0.0213688
He,0.021162
had,0.0191713
would,0.0177008
about,0.017374
year,0.0172106
also,0.0170473
or,0.0170473
there,0.0168839
two,0.0168839
more,0.013236
up,0.013236
its,0.0127518
new,0.0127518
than,0.0126307
their,0.0125097
he,0.00903836
all,0.00879911
are,0.00855986
were,0.00848011
In,0.00840036
over,0.00840036
no,0.00824085
this,0.0081611
his,0.00454545
they,0.00442721
other,0.00434839
not,0.00415133
but,0.00407251
A,0.0040331
been,0.0040331
The,0.0
``,0.0
a,0.0
an,0.0
and,0.0
as,0.0
at,0.0
be,0.0
by,0.0
for,0.0
from,0.0
has,0.0
have,0.0
in,0.0
is,0.0
it,0.0
of,0.0
on,0.0
one,0.0
out,0.0
s,0.0
that,0.0
the,0.0
to,0.0
was,0.0
which,0.0
who,0.0
will,0.0
with,0.0
