textile,0.795615
coal,0.7864
toll,0.777184
turnpikes,0.749537
Turnpike,0.712675
exports,0.712675
textiles,0.703459
turnpike,0.703459
Fiat,0.694244
Olivetti,0.694244
Underwood,0.685028
Welsh,0.685028
imports,0.685028
miners,0.685028
mines,0.685028
quotas,0.685028
Higher,0.675812
Turin,0.675812
Wales,0.675812
cheap,0.675812
curbing,0.675812
exporting,0.675812
happening,0.675812
limiting,0.675812
modernization,0.675812
preceding,0.675812
seams,0.675812
tolls,0.675812
Already,0.666597
Blyth,0.666597
Costs,0.666597
Easier,0.666597
Follow,0.666597
Gradual,0.666597
Holders,0.666597
Idea,0.666597
Import,0.666597
Important,0.666597
Indication,0.666597
Kans,0.666597
Lancashire,0.666597
Luther,0.666597
None,0.666597
Note,0.666597
Pact,0.666597
Pakistanis,0.666597
Plan,0.666597
Poor,0.666597
Portuguese,0.666597
Productivity,0.666597
Result,0.666597
Skyway,0.666597
Slow,0.666597
Special,0.666597
Success,0.666597
Swelling,0.666597
Things,0.666597
Toll,0.666597
Wichita,0.666597
attactive,0.666597
attracting,0.666597
bilateral,0.666597
bucked,0.666597
cabled,0.666597
calculating,0.666597
capture,0.666597
chafing,0.666597
cheaper,0.666597
clue,0.666597
competitively,0.666597
default,0.666597
defaulted,0.666597
deficiency,0.666597
earns,0.666597
extensions,0.666597
feasible,0.666597
forcing,0.666597
fraction,0.666597
handwriting,0.666597
illustration,0.666597
importing,0.666597
industrialized,0.666597
inflow,0.666597
infrequent,0.666597
investments,0.666597
investor,0.666597
lags,0.666597
layout,0.666597
loudly,0.666597
margins,0.666597
markets,0.666597
mechanization,0.666597
mouths,0.666597
nationalized,0.666597
noting,0.666597
opportunities,0.666597
outnumber,0.666597
payoff,0.666597
planners,0.666597
pour,0.666597
protest,0.666597
rail,0.666597
risen,0.666597
rises,0.666597
rosy,0.666597
shrink,0.666597
shrinkage,0.666597
skilled,0.666597
slipped,0.666597
slumped,0.666597
speculations,0.666597
speculative,0.666597
stabilization,0.666597
steelmaker,0.666597
steelmakers,0.666597
streams,0.666597
successes,0.666597
takings,0.666597
tending,0.666597
ton,0.666597
toured,0.666597
transferring,0.666597
twisting,0.666597
typewriters,0.666597
unmarried,0.666597
unprofitable,0.666597
unrestrictedly,0.666597
vigor,0.666597
revenues,0.604718
Hodges,0.582135
Traffic,0.567079
conscious,0.559552
improvements,0.559552
taxed,0.559552
access,0.552024
connections,0.552024
dumping,0.552024
engineers,0.552024
maker,0.552024
producing,0.552024
upward,0.552024
Further,0.544497
Get,0.544497
Italy,0.544497
Japanese,0.544497
Nearly,0.544497
Operating,0.544497
Pakistan,0.544497
Petersburg,0.544497
Progress,0.544497
Rather,0.544497
Richmond,0.544497
Spanish,0.544497
Va,0.544497
achieved,0.544497
aims,0.544497
alike,0.544497
businessmen,0.544497
buyers,0.544497
bypass,0.544497
chart,0.544497
comfortable,0.544497
declines,0.544497
depreciation,0.544497
dimes,0.544497
disappointment,0.544497
earn,0.544497
easily,0.544497
element,0.544497
enables,0.544497
equivalent,0.544497
exceptions,0.544497
expanding,0.544497
exploring,0.544497
exported,0.544497
factories,0.544497
friction,0.544497
gates,0.544497
holders,0.544497
impressed,0.544497
interests,0.544497
managements,0.544497
ocean,0.544497
page,0.544497
push,0.544497
quarters,0.544497
ranked,0.544497
reducing,0.544497
reserves,0.544497
returns,0.544497
securities,0.544497
shipments,0.544497
slashed,0.544497
strikes,0.544497
supplied,0.544497
survey,0.544497
typewriter,0.544497
unusually,0.544497
unveiled,0.544497
worker,0.544497
bonds,0.527509
earnings,0.499233
investors,0.499233
wage,0.499233
improvement,0.492693
highway,0.486153
net,0.486153
prospect,0.486153
yield,0.486153
Investors,0.479613
competitive,0.479613
exempt,0.479613
gains,0.479613
import,0.479613
increases,0.479613
operating,0.479613
requirements,0.479613
shows,0.479613
Highway,0.473073
Japan,0.473073
Look,0.473073
Marshall,0.473073
Net,0.473073
Point,0.473073
Standard,0.473073
Steel,0.473073
Treasury,0.473073
agreements,0.473073
appears,0.473073
assembly,0.473073
calendar,0.473073
cause,0.473073
combination,0.473073
compete,0.473073
competing,0.473073
decide,0.473073
depend,0.473073
design,0.473073
difficulty,0.473073
downtown,0.473073
earning,0.473073
effectively,0.473073
estimates,0.473073
follows,0.473073
freight,0.473073
governments,0.473073
handling,0.473073
highways,0.473073
initial,0.473073
motorists,0.473073
narrow,0.473073
otherwise,0.473073
outright,0.473073
peak,0.473073
producer,0.473073
recession,0.473073
reserve,0.473073
restrictions,0.473073
specific,0.473073
steady,0.473073
steel,0.473073
studying,0.473073
thinking,0.473073
thinks,0.473073
threaten,0.473073
typical,0.473073
veiled,0.473073
voluntarily,0.473073
roads,0.451595
Kansas,0.439915
Hong,0.434076
Kong,0.434076
ending,0.434076
payments,0.434076
price,0.434076
trend,0.434076
balance,0.428236
finding,0.428236
troubles,0.428236
wages,0.428236
India,0.422397
Indians,0.422397
Meanwhile,0.422397
Mo,0.422397
Said,0.422397
Tax,0.422397
Three,0.422397
Within,0.422397
accompanied,0.422397
aren,0.422397
arrangements,0.422397
auto,0.422397
bitter,0.422397
competition,0.422397
continuing,0.422397
controlled,0.422397
costly,0.422397
developing,0.422397
goals,0.422397
grow,0.422397
improving,0.422397
investment,0.422397
load,0.422397
monthly,0.422397
moves,0.422397
nearby,0.422397
nearing,0.422397
note,0.422397
offers,0.422397
pattern,0.422397
places,0.422397
predicted,0.422397
regarded,0.422397
remainder,0.422397
risk,0.422397
rose,0.422397
sharply,0.422397
ship,0.422397
shortly,0.422397
significant,0.422397
success,0.422397
suggestion,0.422397
temporary,0.422397
tough,0.422397
types,0.422397
widespread,0.422397
February,0.40957
Virginia,0.393682
cover,0.393682
earned,0.393682
rates,0.393682
British,0.38979
learn,0.388385
machinery,0.388385
Asia,0.383089
Foreign,0.383089
Our,0.383089
Yet,0.383089
aspects,0.383089
bankers,0.383089
below,0.383089
boost,0.383089
bright,0.383089
compared,0.383089
corporation,0.383089
encouragement,0.383089
extended,0.383089
gets,0.383089
growing,0.383089
highly,0.383089
ideas,0.383089
larger,0.383089
length,0.383089
machines,0.383089
outlook,0.383089
plants,0.383089
practices,0.383089
prove,0.383089
rise,0.383089
selling,0.383089
stocks,0.383089
watched,0.383089
Many,0.370381
products,0.370381
countries,0.364109
Britain,0.355825
Illinois,0.355825
helping,0.355825
wants,0.355825
winter,0.355825
Commerce,0.350973
Long,0.350973
arms,0.350973
available,0.350973
bid,0.350973
bit,0.350973
build,0.350973
capital,0.350973
deep,0.350973
frequently,0.350973
married,0.350973
mile,0.350973
production,0.350973
proposals,0.350973
records,0.350973
rising,0.350973
talks,0.350973
terms,0.350973
true,0.350973
twice,0.350973
wall,0.350973
water,0.350973
income,0.337249
road,0.333655
despite,0.332772
ended,0.332772
Company,0.328295
Europe,0.328295
delivered,0.328295
plant,0.328295
Another,0.323819
Chief,0.323819
December,0.323819
advertising,0.323819
allowed,0.323819
bought,0.323819
doubled,0.323819
highest,0.323819
looking,0.323819
measure,0.323819
methods,0.323819
ordinary,0.323819
picture,0.323819
sell,0.323819
step,0.323819
strike,0.323819
study,0.323819
trouble,0.323819
costs,0.321054
traffic,0.321054
Government,0.312751
close,0.304448
hope,0.304448
rate,0.304448
severe,0.304448
January,0.300297
Massachusetts,0.300297
agreement,0.300297
based,0.300297
beyond,0.300297
biggest,0.300297
break,0.300297
cases,0.300297
expansion,0.300297
faced,0.300297
firms,0.300297
increased,0.300297
labor,0.300297
looks,0.300297
nothing,0.300297
offer,0.300297
offered,0.300297
purpose,0.300297
research,0.300297
saying,0.300297
trade,0.300297
trying,0.300297
cent,0.288089
example,0.287278
look,0.287278
low,0.287278
modern,0.287278
Administration,0.283414
companies,0.283414
doesn,0.283414
let,0.283414
workers,0.283414
About,0.279549
An,0.279549
Boston,0.279549
Chicago,0.279549
Communist,0.279549
Feb,0.279549
July,0.279549
Ohio,0.279549
change,0.279549
couple,0.279549
happy,0.279549
opened,0.279549
ruled,0.279549
sales,0.279549
seem,0.279549
seems,0.279549
try,0.279549
industry,0.275422
international,0.271814
market,0.271814
prices,0.271814
Secretary,0.268206
especially,0.264597
Then,0.260989
These,0.260989
You,0.260989
average,0.260989
bill,0.260989
clearly,0.260989
entire,0.260989
equipment,0.260989
having,0.260989
once,0.260989
planned,0.260989
plus,0.260989
recently,0.260989
reports,0.260989
share,0.260989
though,0.260989
ways,0.260989
conference,0.254328
report,0.247576
However,0.2442
May,0.2442
Texas,0.2442
favor,0.2442
fund,0.2442
important,0.2442
less,0.2442
officials,0.2442
often,0.2442
opening,0.2442
reasons,0.2442
worth,0.2442
per,0.237972
cut,0.232037
similar,0.232037
term,0.232037
While,0.228873
cars,0.228873
developed,0.228873
effect,0.228873
failed,0.228873
feet,0.228873
line,0.228873
nearly,0.228873
others,0.228873
serious,0.228873
situation,0.228873
certain,0.220711
lines,0.220711
tax,0.220711
control,0.217742
free,0.217742
help,0.217742
hit,0.217742
Among,0.214773
Two,0.214773
What,0.214773
already,0.214773
evidence,0.214773
fact,0.214773
further,0.214773
hard,0.214773
increase,0.214773
means,0.214773
official,0.214773
proposed,0.214773
wide,0.214773
foreign,0.212874
interest,0.207759
find,0.204507
operation,0.204507
paid,0.204507
return,0.204507
Other,0.201719
West,0.201719
coming,0.201719
involved,0.201719
near,0.201719
plans,0.201719
want,0.201719
whether,0.201719
point,0.194807
bring,0.192186
pay,0.192186
staff,0.192186
turn,0.192186
Some,0.189565
company,0.189565
half,0.189565
plan,0.189565
support,0.189565
whose,0.189565
enough,0.188051
period,0.185587
Kennedy,0.183729
late,0.183124
face,0.18066
toward,0.18066
according,0.178197
become,0.178197
done,0.178197
led,0.178197
order,0.178197
say,0.178197
March,0.174465
full,0.172149
recent,0.169833
among,0.167517
firm,0.167517
start,0.167517
top,0.167517
That,0.166156
If,0.159625
President,0.159625
better,0.159625
result,0.15815
One,0.157449
able,0.157449
brought,0.157449
eight,0.157449
going,0.157449
large,0.157449
money,0.157449
think,0.157449
same,0.156105
For,0.152015
very,0.152015
great,0.147925
local,0.147925
member,0.147925
national,0.147925
need,0.147925
needed,0.147925
possible,0.147925
put,0.147925
six,0.147925
added,0.138889
case,0.138889
expected,0.138889
show,0.138889
third,0.138889
months,0.137292
On,0.132096
big,0.132096
U,0.131867
around,0.130295
come,0.130295
days,0.130295
until,0.130295
use,0.130295
you,0.130295
State,0.125476
however,0.125476
still,0.125476
As,0.123788
City,0.123788
business,0.123788
month,0.123788
several,0.123788
called,0.1221
how,0.1221
our,0.1221
special,0.1221
took,0.1221
annual,0.117429
Washington,0.115849
too,0.115849
held,0.11427
later,0.11427
these,0.113349
And,0.108249
another,0.106773
go,0.106773
group,0.106773
S,0.106243
American,0.103712
much,0.102335
see,0.102335
early,0.100958
take,0.100958
At,0.0995818
against,0.0995818
good,0.0995818
without,0.0926729
many,0.0919713
long,0.0872141
way,0.0872141
world,0.0872141
being,0.0860248
during,0.0860248
make,0.0860248
may,0.08182
those,0.0807193
even,0.0796186
off,0.0796186
well,0.0796186
while,0.0796186
since,0.0754677
man,0.0734371
high,0.0702634
where,0.0693307
down,0.068398
through,0.068398
we,0.068398
then,0.0674653
t,0.0642478
day,0.0616892
such,0.0616892
get,0.0591987
There,0.0560966
They,0.0560966
because,0.0560966
both,0.0560966
so,0.0560966
This,0.0506761
most,0.0506761
week,0.0506761
what,0.0473011
do,0.0454174
can,0.0373035
under,0.0368148
some,0.0358375
But,0.0353488
into,0.0322102
time,0.0313663
after,0.0309443
years,0.0268957
three,0.0261817
now,0.0258247
first,0.0218365
when,0.0218365
I,0.021249
made,0.021249
or,0.0186461
It,0.0177176
had,0.0174855
also,0.0170213
there,0.0170213
two,0.0170213
would,0.0170213
year,0.0170213
about,0.0167892
more,0.0141592
up,0.0139873
new,0.0138153
their,0.0136433
than,0.0134714
its,0.0131274
are,0.0109136
were,0.00910096
this,0.00876109
In,0.0086478
all,0.0086478
over,0.00853451
no,0.00819464
been,0.00444158
they,0.00432961
not,0.00421763
other,0.00421763
A,0.00416165
but,0.00404967
The,0.0
``,0.0
a,0.0
an,0.0
and,0.0
as,0.0
at,0.0
be,0.0
by,0.0
for,0.0
from,0.0
has,0.0
have,0.0
in,0.0
is,0.0
it,0.0
of,0.0
on,0.0
one,0.0
out,0.0
s,0.0
that,0.0
the,0.0
to,0.0
was,0.0
which,0.0
who,0.0
will,0.0
with,0.0
