libraries,0.856405
Nassau,0.720707
librarians,0.693567
volumes,0.684521
Hempstead,0.675474
budgets,0.675474
bulk,0.675474
catalogue,0.675474
density,0.675474
displays,0.675474
educated,0.675474
fiction,0.675474
interlibrary,0.675474
maintains,0.675474
nonfiction,0.675474
sorry,0.675474
Balloon,0.666428
Basic,0.666428
Behind,0.666428
Books,0.666428
Confronted,0.666428
Emperor,0.666428
Freeport,0.666428
Hewlett,0.666428
Levittown,0.666428
Librarians,0.666428
Nanook,0.666428
Nightingale,0.666428
Sample,0.666428
Schools,0.666428
Story,0.666428
Substance,0.666428
Sum,0.666428
Woodmere,0.666428
Workshops,0.666428
advances,0.666428
advantages,0.666428
agers,0.666428
ample,0.666428
apologetically,0.666428
autonomy,0.666428
backbone,0.666428
bear,0.666428
billing,0.666428
biography,0.666428
bookkeeping,0.666428
booklists,0.666428
borne,0.666428
borrower,0.666428
bounty,0.666428
broaden,0.666428
brochures,0.666428
canvas,0.666428
capita,0.666428
centered,0.666428
cherish,0.666428
citizen,0.666428
classics,0.666428
clientele,0.666428
comprehensive,0.666428
conducts,0.666428
connected,0.666428
contrasts,0.666428
copies,0.666428
develops,0.666428
discounts,0.666428
discriminating,0.666428
distant,0.666428
diversified,0.666428
documentary,0.666428
evaluate,0.666428
everyday,0.666428
exceed,0.666428
extreme,0.666428
falls,0.666428
fifty,0.666428
foresee,0.666428
founding,0.666428
fuller,0.666428
geographically,0.666428
governed,0.666428
grassroots,0.666428
grist,0.666428
grows,0.666428
hopelessly,0.666428
inadequacy,0.666428
inclusive,0.666428
joining,0.666428
limitations,0.666428
lovers,0.666428
maligned,0.666428
microfilm,0.666428
multiplying,0.666428
newcomers,0.666428
newsletter,0.666428
nucleus,0.666428
op,0.666428
ops,0.666428
periodicals,0.666428
plight,0.666428
populated,0.666428
prepares,0.666428
preserved,0.666428
proportionately,0.666428
psychology,0.666428
publishes,0.666428
pupils,0.666428
radical,0.666428
readers,0.666428
recognizes,0.666428
religion,0.666428
render,0.666428
rentals,0.666428
repository,0.666428
requires,0.666428
resource,0.666428
responsibilities,0.666428
richer,0.666428
richest,0.666428
saves,0.666428
slave,0.666428
sparsely,0.666428
specialization,0.666428
spiritual,0.666428
startlingly,0.666428
stocked,0.666428
teletype,0.666428
thriving,0.666428
tools,0.666428
translate,0.666428
truck,0.666428
understands,0.666428
upper,0.666428
variations,0.666428
vigorously,0.666428
vitally,0.666428
wary,0.666428
library,0.614197
resources,0.573916
Library,0.566527
librarian,0.566527
operative,0.566527
Headquarters,0.559138
cents,0.559138
lists,0.559138
Albany,0.551748
adults,0.551748
cooperative,0.551748
films,0.551748
organizations,0.551748
patrons,0.551748
staffs,0.551748
titles,0.551748
wider,0.551748
Further,0.544359
Meadow,0.544359
System,0.544359
access,0.544359
audio,0.544359
bags,0.544359
belong,0.544359
borrowed,0.544359
boundaries,0.544359
citizenry,0.544359
combine,0.544359
consequently,0.544359
cooperating,0.544359
cope,0.544359
dangers,0.544359
demonstrated,0.544359
detail,0.544359
differently,0.544359
efficiency,0.544359
enables,0.544359
endure,0.544359
failing,0.544359
financed,0.544359
frequent,0.544359
fundamental,0.544359
incentive,0.544359
increasingly,0.544359
incredibly,0.544359
independence,0.544359
intensity,0.544359
language,0.544359
lending,0.544359
literature,0.544359
material,0.544359
materials,0.544359
metropolitan,0.544359
ourselves,0.544359
pitifully,0.544359
pool,0.544359
posters,0.544359
presently,0.544359
promote,0.544359
promotional,0.544359
pure,0.544359
regional,0.544359
restraint,0.544359
satisfy,0.544359
seeks,0.544359
separately,0.544359
smallest,0.544359
specialized,0.544359
spends,0.544359
standards,0.544359
suburb,0.544359
suitable,0.544359
supplement,0.544359
surveyed,0.544359
survival,0.544359
technology,0.544359
teen,0.544359
thirty,0.544359
universal,0.544359
virtue,0.544359
visits,0.544359
visual,0.544359
wholly,0.544359
workshops,0.544359
wouldn,0.544359
systems,0.505054
governments,0.485793
adult,0.479373
inadequate,0.479373
process,0.479373
serves,0.479373
trustees,0.479373
book,0.473881
Every,0.472953
Times,0.472953
afraid,0.472953
amounts,0.472953
annually,0.472953
applied,0.472953
aspect,0.472953
boards,0.472953
breed,0.472953
buys,0.472953
communities,0.472953
coordinator,0.472953
correct,0.472953
credited,0.472953
cross,0.472953
depend,0.472953
designated,0.472953
difficulty,0.472953
divided,0.472953
elementary,0.472953
enthusiastic,0.472953
exhibit,0.472953
existence,0.472953
experimental,0.472953
file,0.472953
fit,0.472953
formed,0.472953
grants,0.472953
happen,0.472953
institutions,0.472953
juvenile,0.472953
languages,0.472953
legislature,0.472953
mail,0.472953
maintain,0.472953
objective,0.472953
older,0.472953
passes,0.472953
patient,0.472953
percentage,0.472953
purchasing,0.472953
quality,0.472953
quarter,0.472953
results,0.472953
saved,0.472953
savings,0.472953
scientific,0.472953
smaller,0.472953
sometimes,0.472953
sponsor,0.472953
strengthen,0.472953
substantial,0.472953
surrounded,0.472953
territory,0.472953
threaten,0.472953
understanding,0.472953
universities,0.472953
whereby,0.472953
reference,0.450952
science,0.439487
consultant,0.433754
capacity,0.428022
expand,0.428022
membership,0.428022
offers,0.428022
selection,0.428022
written,0.428022
Because,0.42229
Office,0.42229
Today,0.42229
Within,0.42229
absorbed,0.42229
adequate,0.42229
afford,0.42229
agencies,0.42229
approximately,0.42229
begun,0.42229
busy,0.42229
centers,0.42229
century,0.42229
colleges,0.42229
constant,0.42229
continuing,0.42229
dedication,0.42229
demands,0.42229
depends,0.42229
desire,0.42229
destroy,0.42229
display,0.42229
economy,0.42229
experienced,0.42229
grow,0.42229
guidance,0.42229
human,0.42229
includes,0.42229
lifetime,0.42229
loan,0.42229
loans,0.42229
main,0.42229
marked,0.42229
monthly,0.42229
particular,0.42229
permit,0.42229
philosophy,0.42229
remainder,0.42229
require,0.42229
resist,0.42229
serving,0.42229
settled,0.42229
twenty,0.42229
types,0.42229
weakness,0.42229
wing,0.42229
workshop,0.42229
reading,0.39339
collection,0.388989
cultural,0.388191
organized,0.388191
works,0.388191
Local,0.382992
Week,0.382992
advanced,0.382992
aspects,0.382992
bound,0.382992
built,0.382992
chosen,0.382992
clerical,0.382992
conferences,0.382992
consider,0.382992
cooperation,0.382992
creation,0.382992
critical,0.382992
existing,0.382992
gets,0.382992
goes,0.382992
growing,0.382992
heavily,0.382992
houses,0.382992
knows,0.382992
larger,0.382992
matching,0.382992
model,0.382992
music,0.382992
operate,0.382992
overcome,0.382992
pre,0.382992
progress,0.382992
provides,0.382992
province,0.382992
requests,0.382992
responsibility,0.382992
supply,0.382992
task,0.382992
taste,0.382992
theme,0.382992
threatening,0.382992
wisdom,0.382992
co,0.374699
available,0.369936
knowledge,0.369936
film,0.36041
Public,0.355647
art,0.355647
buy,0.355647
dollars,0.355647
grant,0.355647
serve,0.355647
Long,0.350884
Most,0.350884
Under,0.350884
ability,0.350884
apparent,0.350884
build,0.350884
counties,0.350884
created,0.350884
currently,0.350884
direction,0.350884
else,0.350884
figure,0.350884
fully,0.350884
helping,0.350884
join,0.350884
legislative,0.350884
likely,0.350884
mind,0.350884
obvious,0.350884
owned,0.350884
parts,0.350884
range,0.350884
rapidly,0.350884
recommended,0.350884
reply,0.350884
source,0.350884
teaching,0.350884
unless,0.350884
wants,0.350884
worse,0.350884
books,0.34571
headquarters,0.340974
activities,0.332526
groups,0.332526
population,0.332526
society,0.332526
budget,0.328131
financial,0.328131
itself,0.328131
movement,0.328131
programs,0.328131
strength,0.328131
subject,0.328131
central,0.324673
Red,0.323736
bought,0.323736
carried,0.323736
conducted,0.323736
doubled,0.323736
established,0.323736
extra,0.323736
facilities,0.323736
growth,0.323736
lives,0.323736
methods,0.323736
nature,0.323736
newly,0.323736
obtain,0.323736
primary,0.323736
reach,0.323736
representing,0.323736
review,0.323736
salary,0.323736
step,0.323736
youth,0.323736
beyond,0.304296
maximum,0.304296
Americans,0.30022
Only,0.30022
Western,0.30022
child,0.30022
condition,0.30022
establish,0.30022
expansion,0.30022
hope,0.30022
ones,0.30022
person,0.30022
reason,0.30022
section,0.30022
severe,0.30022
Each,0.283272
Education,0.283272
age,0.283272
basis,0.283272
example,0.283272
goal,0.283272
informed,0.283272
needs,0.283272
An,0.279478
Communist,0.279478
although,0.279478
basic,0.279478
comes,0.279478
concerned,0.279478
demand,0.279478
either,0.279478
hear,0.279478
largest,0.279478
passed,0.279478
required,0.279478
seems,0.279478
size,0.279478
variety,0.279478
view,0.279478
your,0.279478
community,0.271549
read,0.271549
act,0.264465
additional,0.264465
entire,0.264465
share,0.264465
word,0.264465
Although,0.260923
April,0.260923
addition,0.260923
begin,0.260923
college,0.260923
cost,0.260923
especially,0.260923
planned,0.260923
pressure,0.260923
reports,0.260923
social,0.260923
ways,0.260923
county,0.257394
cent,0.25408
individual,0.25408
services,0.25408
system,0.248688
cannot,0.247452
don,0.247452
important,0.247452
Of,0.244138
across,0.244138
clear,0.244138
continue,0.244138
daily,0.244138
follow,0.244138
limited,0.244138
reasons,0.244138
short,0.244138
women,0.244138
America,0.231921
life,0.231921
nearly,0.231921
Both,0.228815
East,0.228815
Island,0.228815
So,0.228815
charge,0.228815
cut,0.228815
developed,0.228815
effective,0.228815
nation,0.228815
others,0.228815
situation,0.228815
schools,0.220548
What,0.217633
building,0.217633
help,0.217633
already,0.214718
certain,0.214718
development,0.214718
earlier,0.214718
free,0.214718
further,0.214718
hours,0.214718
kind,0.214718
means,0.214718
organization,0.214718
relations,0.214718
saw,0.214718
tax,0.214718
wide,0.214718
per,0.20988
County,0.204405
center,0.204405
course,0.201667
designed,0.201667
find,0.201667
foreign,0.201667
least,0.201667
operation,0.201667
served,0.201667
themselves,0.201667
plan,0.197235
education,0.194662
provide,0.194662
support,0.194662
board,0.19209
bring,0.19209
funds,0.19209
whose,0.19209
All,0.189517
Some,0.189517
feel,0.189517
history,0.189517
indicated,0.189517
million,0.189517
persons,0.189517
turn,0.189517
become,0.185406
small,0.182988
To,0.18057
every,0.18057
law,0.18057
say,0.18057
North,0.178151
according,0.178151
city,0.178151
enough,0.178151
face,0.178151
interest,0.178151
meet,0.178151
probably,0.178151
total,0.178151
service,0.17664
children,0.170229
problem,0.169748
recent,0.169748
upon,0.169748
among,0.167475
director,0.167475
large,0.161682
country,0.159546
money,0.159546
local,0.157925
member,0.157925
able,0.157409
began,0.157409
better,0.157409
know,0.157409
used,0.157409
York,0.150163
We,0.149895
great,0.149895
major,0.149895
might,0.149895
need,0.149895
needed,0.149895
number,0.149895
For,0.147887
National,0.147887
found,0.147887
place,0.147887
result,0.147887
young,0.147887
area,0.140871
making,0.138854
show,0.138854
together,0.138854
our,0.136982
must,0.135566
today,0.135566
use,0.135566
around,0.13203
present,0.13203
state,0.132011
On,0.130262
days,0.130262
general,0.130262
right,0.130262
State,0.12704
ever,0.123726
five,0.123726
how,0.123726
however,0.123726
own,0.123726
City,0.122069
business,0.122069
men,0.122069
never,0.122069
part,0.122069
still,0.122069
took,0.122069
program,0.117342
too,0.117342
annual,0.115791
far,0.114241
public,0.111093
given,0.109644
m,0.109644
And,0.108195
U,0.106746
between,0.106746
school,0.106746
these,0.104962
At,0.100908
much,0.100908
set,0.100908
early,0.0995565
see,0.0995565
without,0.0951648
people,0.0926494
world,0.088338
S,0.086003
like,0.086003
long,0.086003
many,0.086003
may,0.085001
well,0.085001
those,0.0817594
even,0.0795984
while,0.0795984
work,0.0795984
each,0.077405
we,0.0747728
since,0.0744151
man,0.0734185
New,0.0729417
through,0.0720261
members,0.0701949
high,0.0683637
where,0.0683637
then,0.0674482
day,0.063348
t,0.063348
such,0.0625108
if,0.0591276
any,0.0583663
There,0.0568437
because,0.0568437
so,0.0568437
both,0.0560824
get,0.0560824
This,0.0527264
most,0.0520387
what,0.0491041
do,0.0484877
could,0.0460222
before,0.0454059
them,0.0413951
can,0.0372587
some,0.0358195
under,0.0353398
last,0.0305146
now,0.0258181
years,0.0258181
I,0.0218204
made,0.021532
only,0.021532
when,0.021532
or,0.0186077
also,0.0174685
year,0.0172406
It,0.0170128
about,0.0170128
there,0.0170128
two,0.0167849
would,0.0167849
its,0.0149686
more,0.0131116
up,0.0129428
new,0.012774
than,0.012774
their,0.012774
are,0.0107504
this,0.00897104
In,0.00874862
all,0.00863741
no,0.00819257
over,0.00819257
not,0.0046532
but,0.0043784
other,0.00426848
A,0.00421352
they,0.00421352
been,0.00410361
his,0.00404865
The,0.0
``,0.0
a,0.0
an,0.0
and,0.0
as,0.0
at,0.0
be,0.0
by,0.0
for,0.0
from,0.0
has,0.0
have,0.0
in,0.0
is,0.0
it,0.0
of,0.0
on,0.0
one,0.0
out,0.0
s,0.0
that,0.0
the,0.0
to,0.0
was,0.0
which,0.0
who,0.0
will,0.0
with,0.0
