Mock,0.52973
Gryphon,0.529237
Hatter,0.529237
Duchess,0.522825
Dormouse,0.521838
Caterpillar,0.515426
Footman,0.507535
Knave,0.506548
croquet,0.506055
slates,0.506055
whiting,0.506055
Lory,0.505562
Soo,0.505562
oop,0.505562
pigs,0.505068
Lobster,0.504575
flamingo,0.504575
hookah,0.504575
Ann,0.504082
Beau,0.504082
Quadrille,0.504082
jurors,0.504082
jurymen,0.504082
ootiful,0.504082
verdict,0.504082
wow,0.504082
Caucus,0.503589
Drawling,0.503589
Eaglet,0.503589
Panther,0.503589
Pat,0.503589
Twinkle,0.503589
hedgehogs,0.503589
muchness,0.503589
teacup,0.503589
ALICE,0.503095
DRINK,0.503095
Edwin,0.503095
GAVE,0.503095
Latitude,0.503095
Longitude,0.503095
Mercia,0.503095
Morcar,0.503095
Northumbria,0.503095
Pennyworth,0.503095
Pepper,0.503095
Prizes,0.503095
QUITE,0.503095
Treacle,0.503095
UNimportant,0.503095
Ugh,0.503095
Uglification,0.503095
Wow,0.503095
[later,0.503095
barrowful,0.503095
cauldron,0.503095
earls,0.503095
ferrets,0.503095
flamingoes,0.503095
frog,0.503095
lefthand,0.503095
purring,0.503095
sneezes,0.503095
teacups,0.503095
Ada,0.502602
Advice,0.502602
Ahem,0.502602
Antipathies,0.502602
Atheling,0.502602
BEE,0.502602
BEG,0.502602
BOOTS,0.502602
BUSY,0.502602
Behead,0.502602
Boots,0.502602
Brandy,0.502602
COURT,0.502602
CURTSEYING,0.502602
Carroll,0.502602
Classics,0.502602
Coils,0.502602
Collar,0.502602
Croquet,0.502602
Curiouser,0.502602
DOTH,0.502602
Derision,0.502602
Dinn,0.502602
Distraction,0.502602
EAT,0.502602
ESQ,0.502602
EVER,0.502602
EVERYBODY,0.502602
Edgar,0.502602
Elsie,0.502602
Evidence,0.502602
FENDER,0.502602
FOOT,0.502602
FUL,0.502602
Fainting,0.502602
Fifteenth,0.502602
Game,0.502602
HATED,0.502602
HEARTHRUG,0.502602
HEARTS,0.502602
Hjckrrh,0.502602
Hm,0.502602
INSIDE,0.502602
Idiot,0.502602
Involved,0.502602
Lacie,0.502602
Lastly,0.502602
Lewis,0.502602
MARMALADE,0.502602
MILE,0.502602
Multiplication,0.502602
NEAR,0.502602
ORANGE,0.502602
OURS,0.502602
OUTSIDE,0.502602
Ou,0.502602
PERSONS,0.502602
PLEASE,0.502602
POCKET,0.502602
PRECIOUS,0.502602
PROVES,0.502602
Puss,0.502602
Queens,0.502602
RETURNED,0.502602
Reeling,0.502602
SHOES,0.502602
SLUGGARD,0.502602
SOUP,0.502602
SWIM,0.502602
Seals,0.502602
Seaography,0.502602
Sends,0.502602
Shy,0.502602
Sixteenth,0.502602
Soles,0.502602
Stigand,0.502602
Stretching,0.502602
Stupid,0.502602
Suppress,0.502602
THAN,0.502602
THROUGH,0.502602
TIS,0.502602
TOOK,0.502602
Tarts,0.502602
Tillie,0.502602
Trims,0.502602
VE,0.502602
WAISTCOAT,0.502602
WASHING,0.502602
WHATEVER,0.502602
Wouldn,0.502602
Writhing,0.502602
[Alice,0.502602
arrum,0.502602
beauti,0.502602
blacking,0.502602
boxed,0.502602
buttercup,0.502602
cackled,0.502602
camomile,0.502602
cartwheels,0.502602
chatte,0.502602
conger,0.502602
croqueted,0.502602
croqueting,0.502602
cur,0.502602
curiouser,0.502602
dinn,0.502602
dozing,0.502602
driest,0.502602
executes,0.502602
fidgeted,0.502602
flapper,0.502602
flappers,0.502602
flustered,0.502602
hippopotamus,0.502602
juror,0.502602
licking,0.502602
pope,0.502602
pretexts,0.502602
prosecute,0.502602
punching,0.502602
righthand,0.502602
rosetree,0.502602
saucepan,0.502602
saucepans,0.502602
saucer,0.502602
sh,0.502602
shrimp,0.502602
shyly,0.502602
skurried,0.502602
snappishly,0.502602
squeaked,0.502602
straightening,0.502602
teapot,0.502602
teases,0.502602
telescopes,0.502602
thunderstorm,0.502602
tittered,0.502602
toffee,0.502602
tureen,0.502602
uglify,0.502602
uglifying,0.502602
uncomfortably,0.502602
unlocking,0.502602
untwist,0.502602
yelp,0.502602
zigzag,0.502602
Alice,0.432034
Turtle,0.403819
Dinah,0.386946
Dodo,0.386571
Soup,0.386571
mushroom,0.384697
hedgehog,0.384322
lobsters,0.384322
Lizard,0.383947
treacle,0.383572
Mabel,0.383197
soup,0.383197
yer,0.383197
Owl,0.382822
THINK,0.382822
Tortoise,0.382822
Wonderland,0.382822
nibbling,0.382822
remarking,0.382822
BEST,0.382447
CHORUS,0.382447
Digging,0.382447
FIT,0.382447
MINE,0.382447
MORE,0.382447
NEVER,0.382447
Pig,0.382447
SAID,0.382447
archbishop,0.382447
coaxing,0.382447
comfits,0.382447
executions,0.382447
goldfish,0.382447
meekly,0.382447
ringlets,0.382447
sneeze,0.382447
somersault,0.382447
squeaking,0.382447
trotting,0.382447
Arithmetic,0.382072
Catch,0.382072
Chorus,0.382072
Fourteenth,0.382072
Frog,0.382072
Geography,0.382072
Grief,0.382072
Ground,0.382072
HAD,0.382072
HIGH,0.382072
Hadn,0.382072
Heads,0.382072
Herald,0.382072
Hole,0.382072
ITS,0.382072
Improve,0.382072
KNOW,0.382072
LEAVE,0.382072
LESS,0.382072
LL,0.382072
LOVE,0.382072
MYSELF,0.382072
Magpie,0.382072
Normans,0.382072
PLENTY,0.382072
Party,0.382072
Pinch,0.382072
QUEEN,0.382072
RABBIT,0.382072
Repeat,0.382072
SIT,0.382072
SOMEBODY,0.382072
SOMEWHERE,0.382072
Sentence,0.382072
Shan,0.382072
Stole,0.382072
Stolen,0.382072
Stuff,0.382072
Tea,0.382072
Thinking,0.382072
Visit,0.382072
YET,0.382072
YOURS,0.382072
Zealand,0.382072
adjourn,0.382072
bawled,0.382072
beheading,0.382072
cardboard,0.382072
carrier,0.382072
chrysalis,0.382072
crossly,0.382072
curtsey,0.382072
daisy,0.382072
daresay,0.382072
desks,0.382072
doze,0.382072
draggled,0.382072
dunce,0.382072
educations,0.382072
extras,0.382072
fanned,0.382072
forepaws,0.382072
frying,0.382072
furrows,0.382072
gallons,0.382072
gravy,0.382072
grins,0.382072
growls,0.382072
hatching,0.382072
hatters,0.382072
inkstand,0.382072
inquisitively,0.382072
jogged,0.382072
mallets,0.382072
patriotic,0.382072
pegs,0.382072
pencils,0.382072
poker,0.382072
poky,0.382072
queerest,0.382072
rearing,0.382072
remedies,0.382072
resource,0.382072
riper,0.382072
rippling,0.382072
rustled,0.382072
sizes,0.382072
skimming,0.382072
stupidest,0.382072
suet,0.382072
tart,0.382072
trickling,0.382072
trusts,0.382072
truthful,0.382072
tut,0.382072
twinkled,0.382072
uncorked,0.382072
undoing,0.382072
upsetting,0.382072
wags,0.382072
Rabbit,0.32502
Hare,0.320739
VERY,0.315235
Pigeon,0.314624
Cheshire,0.313401
Hearts,0.313095
executed,0.313095
pepper,0.313095
WOULD,0.312789
kid,0.312789
COULD,0.312484
HAVE,0.312484
mice,0.312484
porpoise,0.312484
severely,0.312484
shrinking,0.312484
thimble,0.312484
Adventures,0.312178
Duck,0.312178
MUST,0.312178
WILL,0.312178
beheaded,0.312178
confusing,0.312178
fur,0.312178
grinned,0.312178
needn,0.312178
pattering,0.312178
prizes,0.312178
tucked,0.312178
Conqueror,0.311872
Explain,0.311872
FATHER,0.311872
Found,0.311872
HER,0.311872
IF,0.311872
WILLIAM,0.311872
Wake,0.311872
courtiers,0.311872
cucumber,0.311872
cupboards,0.311872
cushion,0.311872
custody,0.311872
editions,0.311872
lobster,0.311872
nibbled,0.311872
pinched,0.311872
splashing,0.311872
sulkily,0.311872
tiptoe,0.311872
turtles,0.311872
undertone,0.311872
uneasily,0.311872
Allow,0.311566
Canary,0.311566
Change,0.311566
DOES,0.311566
Drive,0.311566
FROM,0.311566
Grammar,0.311566
HERE,0.311566
HOW,0.311566
Hardly,0.311566
Imagine,0.311566
Luckily,0.311566
Number,0.311566
OUT,0.311566
Pool,0.311566
RIGHT,0.311566
SOME,0.311566
SOMETHING,0.311566
Same,0.311566
Sh,0.311566
Shark,0.311566
Sounds,0.311566
Swim,0.311566
THEN,0.311566
THESE,0.311566
Talking,0.311566
VOICE,0.311566
WATCH,0.311566
WE,0.311566
Write,0.311566
accounting,0.311566
alternately,0.311566
askance,0.311566
axes,0.311566
axis,0.311566
barking,0.311566
beautify,0.311566
bleeds,0.311566
boon,0.311566
bother,0.311566
bristling,0.311566
brushing,0.311566
buttered,0.311566
capering,0.311566
caterpillar,0.311566
crashed,0.311566
crouched,0.311566
custard,0.311566
dive,0.311566
dodged,0.311566
doubling,0.311566
eels,0.311566
eh,0.311566
eleventh,0.311566
est,0.311566
familiarly,0.311566
fanning,0.311566
flavour,0.311566
flurry,0.311566
frontispiece,0.311566
fumbled,0.311566
growling,0.311566
grumbled,0.311566
grunt,0.311566
hatter,0.311566
housemaid,0.311566
irons,0.311566
knuckles,0.311566
labelled,0.311566
lark,0.311566
lazily,0.311566
lowing,0.311566
lullaby,0.311566
mayn,0.311566
memorandum,0.311566
mineral,0.311566
morals,0.311566
muddle,0.311566
naturedly,0.311566
ointment,0.311566
oyster,0.311566
pence,0.311566
pictured,0.311566
powdered,0.311566
prettier,0.311566
pun,0.311566
rabbits,0.311566
ravens,0.311566
refreshments,0.311566
scaly,0.311566
schoolroom,0.311566
sentenced,0.311566
shingle,0.311566
shiver,0.311566
signifies,0.311566
sneezed,0.311566
squeeze,0.311566
stingy,0.311566
swallowing,0.311566
terrier,0.311566
toast,0.311566
tougher,0.311566
tulip,0.311566
turkey,0.311566
unwillingly,0.311566
usurpation,0.311566
walrus,0.311566
wriggling,0.311566
Mouse,0.268985
Cat,0.267958
jury,0.266932
Bill,0.265392
gardeners,0.263338
YOUR,0.263082
puppy,0.263082
executioner,0.262825
guinea,0.262825
sneezing,0.262825
tarts,0.262825
Beautiful,0.262568
SHE,0.262568
rabbit,0.262568
CAN,0.262312
HE,0.262312
bats,0.262312
busily,0.262312
grunted,0.262312
paws,0.262312
HIM,0.262055
Serpent,0.262055
cheered,0.262055
growl,0.262055
livery,0.262055
pleaded,0.262055
sulky,0.262055
unimportant,0.262055
Crab,0.261798
Fish,0.261798
Fury,0.261798
Mystery,0.261798
OLD,0.261798
THEY,0.261798
_I_,0.261798
advisable,0.261798
atom,0.261798
beautifully,0.261798
label,0.261798
neatly,0.261798
parchment,0.261798
pebbles,0.261798
riddles,0.261798
shutting,0.261798
spoon,0.261798
thistle,0.261798
unrolled,0.261798
Australia,0.261542
BE,0.261542
BEFORE,0.261542
Back,0.261542
Begin,0.261542
Canterbury,0.261542
Coming,0.261542
DON,0.261542
Drink,0.261542
EVEN,0.261542
KING,0.261542
Laughing,0.261542
Mad,0.261542
Maybe,0.261542
Nearly,0.261542
Nile,0.261542
RED,0.261542
Race,0.261542
THEIR,0.261542
TRUE,0.261542
Table,0.261542
Tale,0.261542
Tut,0.261542
WITH,0.261542
ache,0.261542
afore,0.261542
audibly,0.261542
awfully,0.261542
canvas,0.261542
cherry,0.261542
choke,0.261542
chop,0.261542
chuckled,0.261542
clapping,0.261542
complaining,0.261542
crocodile,0.261542
crust,0.261542
curly,0.261542
curving,0.261542
dainties,0.261542
dates,0.261542
disagree,0.261542
disobey,0.261542
duck,0.261542
engraved,0.261542
extra,0.261542
favoured,0.261542
fills,0.261542
fireplace,0.261542
footmen,0.261542
frames,0.261542
grazed,0.261542
histories,0.261542
hoarsely,0.261542
jug,0.261542
kills,0.261542
leant,0.261542
ledge,0.261542
linked,0.261542
listeners,0.261542
maps,0.261542
maybe,0.261542
muscular,0.261542
oblong,0.261542
onions,0.261542
pairs,0.261542
panted,0.261542
patted,0.261542
planning,0.261542
pleasanter,0.261542
processions,0.261542
puffed,0.261542
quiver,0.261542
rapped,0.261542
rats,0.261542
recognised,0.261542
rocket,0.261542
saves,0.261542
seaside,0.261542
sharks,0.261542
shillings,0.261542
shrieks,0.261542
simpleton,0.261542
snorting,0.261542
snout,0.261542
sob,0.261542
spades,0.261542
splendidly,0.261542
squeezed,0.261542
straightened,0.261542
supple,0.261542
thatched,0.261542
tinkling,0.261542
toys,0.261542
tray,0.261542
tunnel,0.261542
twelfth,0.261542
vanishing,0.261542
vegetable,0.261542
whereupon,0.261542
whiles,0.261542
wrapping,0.261542
YOU,0.2258
THAT,0.225363
cats,0.225363
Off,0.224925
timidly,0.224488
NOT,0.224051
hadn,0.224051
ARE,0.223833
WHAT,0.223833
shouldn,0.223614
twinkle,0.223614
ALL,0.223395
ONE,0.223395
crumbs,0.223395
slate,0.223395
sobs,0.223395
bat,0.223177
cakes,0.223177
checked,0.223177
dears,0.223177
footman,0.223177
howling,0.223177
mustard,0.223177
nursing,0.223177
pie,0.223177
serpents,0.223177
sobbing,0.223177
telescope,0.223177
whiskers,0.223177
Ma,0.222958
concert,0.222958
digging,0.222958
dipped,0.222958
eel,0.222958
goose,0.222958
ordering,0.222958
railway,0.222958
scroll,0.222958
secondly,0.222958
singers,0.222958
stamping,0.222958
swimming,0.222958
treading,0.222958
unfolded,0.222958
Forty,0.22274
NO,0.22274
Nonsense,0.22274
Somebody,0.22274
Tears,0.22274
Waiting,0.22274
accusation,0.22274
adoption,0.22274
annoy,0.22274
annoyed,0.22274
barley,0.22274
beak,0.22274
charges,0.22274
choosing,0.22274
clubs,0.22274
commotion,0.22274
conversations,0.22274
counting,0.22274
couples,0.22274
crab,0.22274
daisies,0.22274
denies,0.22274
diamonds,0.22274
diligently,0.22274
doorway,0.22274
downwards,0.22274
dreamy,0.22274
elbows,0.22274
execute,0.22274
fancying,0.22274
furrow,0.22274
gloomily,0.22274
grinning,0.22274
handwriting,0.22274
idiotic,0.22274
incessantly,0.22274
injure,0.22274
jelly,0.22274
kettle,0.22274
lessen,0.22274
loveliest,0.22274
managing,0.22274
morsel,0.22274
mournfully,0.22274
murdering,0.22274
peeping,0.22274
pigeon,0.22274
pinch,0.22274
pop,0.22274
rattle,0.22274
raven,0.22274
reeds,0.22274
reminding,0.22274
ridges,0.22274
roast,0.22274
rumbling,0.22274
sage,0.22274
salmon,0.22274
scrambling,0.22274
shedding,0.22274
shifting,0.22274
shiny,0.22274
shrieked,0.22274
sixpence,0.22274
skirt,0.22274
sobbed,0.22274
sprawling,0.22274
stupidly,0.22274
toss,0.22274
traps,0.22274
tremulous,0.22274
trials,0.22274
trot,0.22274
uncivil,0.22274
uncommonly,0.22274
undo,0.22274
unusually,0.22274
vinegar,0.22274
vote,0.22274
wearily,0.22274
weren,0.22274
woke,0.22274
worried,0.22274
mouse,0.193473
CHAPTER,0.193098
Majesty,0.193098
fan,0.192723
pig,0.192536
ME,0.192161
shan,0.191786
IT,0.191598
Said,0.191598
THIS,0.191598
WAS,0.191598
adventures,0.191598
dish,0.191598
frowning,0.191598
expecting,0.191411
funny,0.191411
paw,0.191411
snail,0.191411
tails,0.191411
toes,0.191411
tossing,0.191411
upset,0.191411
D,0.191223
Everybody,0.191223
LITTLE,0.191223
Really,0.191223
blasts,0.191223
claws,0.191223
doubtfully,0.191223
encouraging,0.191223
fountains,0.191223
giddy,0.191223
hasn,0.191223
hurriedly,0.191223
legged,0.191223
messages,0.191223
nicely,0.191223
ornamented,0.191223
plates,0.191223
raving,0.191223
snatch,0.191223
sugar,0.191223
thump,0.191223
wig,0.191223
yawned,0.191223
yawning,0.191223
Birds,0.191036
HIS,0.191036
Hand,0.191036
Quick,0.191036
Story,0.191036
THERE,0.191036
appealed,0.191036
argue,0.191036
attends,0.191036
banquet,0.191036
belt,0.191036
bough,0.191036
butterfly,0.191036
cheated,0.191036
choking,0.191036
clasped,0.191036
condemn,0.191036
coward,0.191036
crawled,0.191036
currants,0.191036
disappointment,0.191036
doubled,0.191036
energetic,0.191036
engine,0.191036
explanations,0.191036
fading,0.191036
failure,0.191036
fig,0.191036
fishes,0.191036
flashed,0.191036
flinging,0.191036
flown,0.191036
forwards,0.191036
glaring,0.191036
globe,0.191036
hearth,0.191036
hiss,0.191036
ink,0.191036
insult,0.191036
kneel,0.191036
knelt,0.191036
lad,0.191036
languid,0.191036
luckily,0.191036
machines,0.191036
meanwhile,0.191036
minding,0.191036
mournful,0.191036
nasty,0.191036
oneself,0.191036
overhead,0.191036
pardoned,0.191036
pet,0.191036
piteous,0.191036
pressing,0.191036
punished,0.191036
rat,0.191036
retire,0.191036
rudeness,0.191036
rustling,0.191036
scolded,0.191036
series,0.191036
severity,0.191036
shilling,0.191036
shrink,0.191036
slightest,0.191036
someone,0.191036
stool,0.191036
tidy,0.191036
tipped,0.191036
variations,0.191036
waist,0.191036
anxiously,0.166326
bottle,0.165681
remarked,0.165681
soldiers,0.165681
IS,0.165359
Five,0.165198
chin,0.165198
dreadfully,0.165037
grin,0.165037
inches,0.165037
serpent,0.165037
eggs,0.164876
swam,0.164876
waving,0.164876
arches,0.164714
capital,0.164714
decidedly,0.164714
indignantly,0.164714
players,0.164714
savage,0.164714
suppressed,0.164714
tiny,0.164714
Exactly,0.164553
Silence,0.164553
attending,0.164553
candle,0.164553
muttering,0.164553
peeped,0.164553
staring,0.164553
Mind,0.164392
Paris,0.164392
Presently,0.164392
T,0.164392
TWO,0.164392
dishes,0.164392
experiment,0.164392
interrupting,0.164392
invitation,0.164392
jar,0.164392
locks,0.164392
panting,0.164392
persisted,0.164392
picking,0.164392
quarrelling,0.164392
royal,0.164392
rubbing,0.164392
signed,0.164392
twist,0.164392
wasting,0.164392
AT,0.164231
Always,0.164231
Ambition,0.164231
Anything,0.164231
C,0.164231
Fetch,0.164231
IN,0.164231
IX,0.164231
Kings,0.164231
Latin,0.164231
Rule,0.164231
Suddenly,0.164231
Twenty,0.164231
VII,0.164231
VIII,0.164231
W,0.164231
Whoever,0.164231
XI,0.164231
XII,0.164231
accidentally,0.164231
applause,0.164231
baked,0.164231
balanced,0.164231
birthday,0.164231
blades,0.164231
chanced,0.164231
chimneys,0.164231
clamour,0.164231
complained,0.164231
conquest,0.164231
crazy,0.164231
denial,0.164231
desk,0.164231
disgust,0.164231
downward,0.164231
dripping,0.164231
encourage,0.164231
eyelids,0.164231
fairy,0.164231
farmer,0.164231
feebly,0.164231
finishing,0.164231
fluttered,0.164231
games,0.164231
growled,0.164231
hopeful,0.164231
howled,0.164231
imitated,0.164231
impertinent,0.164231
inwards,0.164231
irritated,0.164231
jaw,0.164231
joys,0.164231
lazy,0.164231
leap,0.164231
lodging,0.164231
neighbour,0.164231
neighbouring,0.164231
nevertheless,0.164231
newspapers,0.164231
noticing,0.164231
obstacle,0.164231
oldest,0.164231
pan,0.164231
passionate,0.164231
pleases,0.164231
pretending,0.164231
proves,0.164231
provoking,0.164231
puzzle,0.164231
respectful,0.164231
ridge,0.164231
rope,0.164231
scratching,0.164231
shared,0.164231
signify,0.164231
sour,0.164231
speaker,0.164231
splash,0.164231
splashed,0.164231
stalk,0.164231
steam,0.164231
sternly,0.164231
submitted,0.164231
teaching,0.164231
thanked,0.164231
tight,0.164231
tomorrow,0.164231
trampled,0.164231
unable,0.164231
upstairs,0.164231
velvet,0.164231
wag,0.164231
waistcoat,0.164231
wider,0.164231
wits,0.164231
wooden,0.164231
worm,0.164231
yelled,0.164231
doesn,0.143087
didn,0.14281
wouldn,0.142534
cat,0.142395
wasn,0.142395
lessons,0.142257
angrily,0.142118
couldn,0.142118
haven,0.14198
isn,0.141842
e,0.141703
evidence,0.141703
politely,0.141703
Please,0.141565
impatiently,0.141565
nervous,0.141565
pack,0.141565
shriek,0.141565
Sure,0.141427
animals,0.141427
kitchen,0.141427
puzzling,0.141427
thoughtfully,0.141427
verse,0.141427
AND,0.141288
Miss,0.141288
TO,0.141288
Turn,0.141288
cake,0.141288
cards,0.141288
choked,0.141288
roses,0.141288
spectacles,0.141288
Everything,0.14115
Hush,0.14115
Speak,0.14115
boots,0.14115
caused,0.14115
contemptuously,0.14115
cup,0.14115
curled,0.14115
doth,0.14115
entangled,0.14115
extremely,0.14115
footsteps,0.14115
humbly,0.14115
knot,0.14115
lasted,0.14115
mostly,0.14115
muttered,0.14115
nowhere,0.14115
position,0.14115
rattling,0.14115
resting,0.14115
scream,0.14115
sensation,0.14115
shelves,0.14115
shorter,0.14115
smoking,0.14115
sorrowful,0.14115
stoop,0.14115
triumphantly,0.14115
tumbling,0.14115
wildly,0.14115
Bring,0.141011
France,0.141011
Jack,0.141011
Read,0.141011
Run,0.141011
Sing,0.141011
X,0.141011
accounts,0.141011
accustomed,0.141011
adding,0.141011
addressing,0.141011
affair,0.141011
affectionately,0.141011
airs,0.141011
argued,0.141011
arguments,0.141011
backs,0.141011
bag,0.141011
banks,0.141011
brave,0.141011
chains,0.141011
consented,0.141011
contradicted,0.141011
crawling,0.141011
creep,0.141011
curls,0.141011
denying,0.141011
deserved,0.141011
difficulties,0.141011
dig,0.141011
eats,0.141011
emphasis,0.141011
enormous,0.141011
examining,0.141011
faintly,0.141011
farm,0.141011
feathers,0.141011
fifteen,0.141011
fifth,0.141011
flung,0.141011
folding,0.141011
fork,0.141011
fortunately,0.141011
frighten,0.141011
furiously,0.141011
glanced,0.141011
happening,0.141011
hedges,0.141011
holiday,0.141011
hush,0.141011
immense,0.141011
invented,0.141011
kiss,0.141011
kissed,0.141011
ladder,0.141011
lit,0.141011
ma,0.141011
marched,0.141011
merrily,0.141011
mischief,0.141011
nest,0.141011
occasional,0.141011
paint,0.141011
peering,0.141011
pitied,0.141011
pounds,0.141011
promising,0.141011
proposal,0.141011
quarrelled,0.141011
remembering,0.141011
rises,0.141011
rock,0.141011
rubbed,0.141011
sand,0.141011
sands,0.141011
scale,0.141011
screaming,0.141011
settling,0.141011
sharing,0.141011
slippery,0.141011
sorrows,0.141011
spell,0.141011
stays,0.141011
stockings,0.141011
tales,0.141011
terribly,0.141011
thirteen,0.141011
twentieth,0.141011
uncommon,0.141011
uneasy,0.141011
vague,0.141011
whistling,0.141011
worry,0.141011
yard,0.141011
White,0.123014
tea,0.122541
baby,0.122068
cook,0.12195
queer,0.121831
gloves,0.121713
remark,0.121595
butter,0.121477
moral,0.121358
shoes,0.121122
M,0.121003
crowded,0.121003
procession,0.121003
sleepy,0.121003
Mary,0.120885
deeply,0.120885
jumping,0.120885
managed,0.120885
sharply,0.120885
solemnly,0.120885
stick,0.120885
uncomfortable,0.120885
ventured,0.120885
verses,0.120885
violently,0.120885
chorus,0.120767
civil,0.120767
considering,0.120767
crash,0.120767
elbow,0.120767
execution,0.120767
folded,0.120767
forgetting,0.120767
fun,0.120767
gravely,0.120767
hoping,0.120767
kick,0.120767
loudly,0.120767
nurse,0.120767
picked,0.120767
plate,0.120767
remarks,0.120767
shaped,0.120767
sighing,0.120767
smaller,0.120767
timid,0.120767
trumpet,0.120767
absurd,0.120649
animal,0.120649
apples,0.120649
beating,0.120649
bite,0.120649
brightened,0.120649
bye,0.120649
crimson,0.120649
declare,0.120649
delightful,0.120649
dispute,0.120649
extraordinary,0.120649
hint,0.120649
introduce,0.120649
occurred,0.120649
presents,0.120649
prisoner,0.120649
remarkable,0.120649
showing,0.120649
sisters,0.120649
thoroughly,0.120649
tis,0.120649
unpleasant,0.120649
useful,0.120649
usually,0.120649
wandered,0.120649
wink,0.120649
Dear,0.12053
Last,0.12053
Leave,0.12053
Shakespeare,0.12053
V,0.12053
VI,0.12053
acceptance,0.12053
arch,0.12053
arranged,0.12053
attempted,0.12053
balls,0.12053
bathing,0.12053
begged,0.12053
bells,0.12053
blows,0.12053
boldly,0.12053
bowing,0.12053
brass,0.12053
breeze,0.12053
buttons,0.12053
cattle,0.12053
childhood,0.12053
clinging,0.12053
closely,0.12053
coast,0.12053
conduct,0.12053
contemptuous,0.12053
desperately,0.12053
dismay,0.12053
dreamed,0.12053
dreaming,0.12053
egg,0.12053
encouraged,0.12053
evidently,0.12053
exclamation,0.12053
feather,0.12053
figures,0.12053
flock,0.12053
gazing,0.12053
inquired,0.12053
inside,0.12053
insolence,0.12053
interrupt,0.12053
introduced,0.12053
judging,0.12053
largest,0.12053
leaders,0.12053
magic,0.12053
meal,0.12053
murder,0.12053
noises,0.12053
occasionally,0.12053
officer,0.12053
overcome,0.12053
partners,0.12053
pink,0.12053
printed,0.12053
producing,0.12053
protection,0.12053
raw,0.12053
readily,0.12053
relieved,0.12053
riddle,0.12053
ridiculous,0.12053
roughly,0.12053
seriously,0.12053
shepherd,0.12053
soothing,0.12053
spirited,0.12053
sticks,0.12053
stiff,0.12053
strings,0.12053
subdued,0.12053
subjects,0.12053
throne,0.12053
tide,0.12053
tremble,0.12053
tricks,0.12053
wander,0.12053
whispers,0.12053
whistle,0.12053
yards,0.12053
tone,0.106121
March,0.105519
offended,0.103112
pool,0.103112
interrupted,0.103012
explain,0.102911
opportunity,0.102911
history,0.102811
S,0.102711
jumped,0.102711
Seven,0.102611
clock,0.102611
happens,0.102611
race,0.102611
until,0.102611
difficulty,0.10251
hers,0.10251
officers,0.10251
screamed,0.10251
twinkling,0.10251
Nobody,0.10241
breathe,0.10241
cautiously,0.10241
crossed,0.10241
directions,0.10241
em,0.10241
faster,0.10241
hunting,0.10241
instance,0.10241
knocking,0.10241
lesson,0.10241
obliged,0.10241
poison,0.10241
pressed,0.10241
repeating,0.10241
rules,0.10241
slipped,0.10241
swim,0.10241
unfortunate,0.10241
Poor,0.10231
Rome,0.10231
Suppose,0.10231
Tis,0.10231
accident,0.10231
assembled,0.10231
belongs,0.10231
clever,0.10231
conclusion,0.10231
constant,0.10231
difficult,0.10231
directed,0.10231
directly,0.10231
disappeared,0.10231
feelings,0.10231
forehead,0.10231
jaws,0.10231
lap,0.10231
learnt,0.10231
longed,0.10231
missed,0.10231
painting,0.10231
personal,0.10231
shouting,0.10231
shower,0.10231
taller,0.10231
tempered,0.10231
tones,0.10231
using,0.10231
Christmas,0.102209
Either,0.102209
Half,0.102209
Has,0.102209
III,0.102209
Right,0.102209
Soon,0.102209
Too,0.102209
actually,0.102209
afford,0.102209
alarmed,0.102209
attempts,0.102209
beloved,0.102209
bill,0.102209
calmly,0.102209
cart,0.102209
centre,0.102209
chain,0.102209
circumstances,0.102209
clearly,0.102209
completely,0.102209
consultation,0.102209
contempt,0.102209
corners,0.102209
cost,0.102209
crept,0.102209
cunning,0.102209
curtain,0.102209
cutting,0.102209
depends,0.102209
dressed,0.102209
dried,0.102209
existence,0.102209
explained,0.102209
expressing,0.102209
fairly,0.102209
favourite,0.102209
finds,0.102209
fits,0.102209
furious,0.102209
gather,0.102209
graceful,0.102209
hopeless,0.102209
hurrying,0.102209
indignant,0.102209
killing,0.102209
knocked,0.102209
lamps,0.102209
locked,0.102209
losing,0.102209
loving,0.102209
meat,0.102209
moderate,0.102209
modern,0.102209
moon,0.102209
neat,0.102209
nodded,0.102209
partner,0.102209
pattern,0.102209
paused,0.102209
pine,0.102209
positively,0.102209
pot,0.102209
prison,0.102209
prize,0.102209
pronounced,0.102209
pulled,0.102209
purple,0.102209
quicker,0.102209
reaching,0.102209
reality,0.102209
reasonable,0.102209
reduced,0.102209
respectable,0.102209
rightly,0.102209
smoke,0.102209
spreading,0.102209
stretching,0.102209
tastes,0.102209
thunder,0.102209
tie,0.102209
today,0.102209
treated,0.102209
unjust,0.102209
vulgar,0.102209
win,0.102209
m,0.0904262
ve,0.0891656
hastily,0.0868966
box,0.0863923
trial,0.0863923
witness,0.0863923
birds,0.0863083
puzzled,0.0863083
shouted,0.0863083
tail,0.0863083
noticed,0.0862242
frightened,0.0861402
manage,0.0861402
chimney,0.0860562
melancholy,0.0860562
nonsense,0.0860562
pocket,0.0860562
repeat,0.0860562
school,0.0860562
everybody,0.0859721
interesting,0.0859721
sadly,0.0859721
shrill,0.0859721
stupid,0.0859721
Hold,0.0858881
pictures,0.0858881
pointing,0.0858881
vanished,0.0858881
Consider,0.085804
Give,0.085804
advance,0.085804
alas,0.085804
dogs,0.085804
follows,0.085804
guessed,0.085804
guests,0.085804
hoarse,0.085804
hungry,0.085804
letter,0.085804
list,0.085804
mentioned,0.085804
notion,0.085804
outside,0.085804
tasted,0.085804
Keep,0.08572
Next,0.08572
Up,0.08572
addressed,0.08572
agree,0.08572
alarm,0.08572
bark,0.08572
beasts,0.08572
bend,0.08572
burn,0.08572
cares,0.08572
catching,0.08572
changes,0.08572
crying,0.08572
denied,0.08572
doubtful,0.08572
ending,0.08572
entirely,0.08572
explanation,0.08572
feeble,0.08572
hedge,0.08572
invited,0.08572
leaning,0.08572
mixed,0.08572
month,0.08572
pencil,0.08572
playing,0.08572
rapidly,0.08572
recovered,0.08572
regular,0.08572
roots,0.08572
stirring,0.08572
stretched,0.08572
ugly,0.08572
washing,0.08572
Between,0.085636
Certainly,0.085636
Him,0.085636
IV,0.085636
Long,0.085636
Mine,0.085636
Sit,0.085636
Stand,0.085636
Stop,0.085636
abide,0.085636
advise,0.085636
altered,0.085636
answers,0.085636
anywhere,0.085636
appearance,0.085636
appearing,0.085636
arrived,0.085636
arrow,0.085636
ate,0.085636
becoming,0.085636
bone,0.085636
brain,0.085636
brush,0.085636
burnt,0.085636
bursting,0.085636
ceiling,0.085636
character,0.085636
cheap,0.085636
cheeks,0.085636
cheerfully,0.085636
clean,0.085636
cleared,0.085636
climb,0.085636
closer,0.085636
comfortably,0.085636
darkness,0.085636
dropping,0.085636
elegant,0.085636
expression,0.085636
fellows,0.085636
gained,0.085636
handsome,0.085636
heels,0.085636
hoped,0.085636
immediate,0.085636
impatient,0.085636
invent,0.085636
knock,0.085636
lately,0.085636
listened,0.085636
natured,0.085636
needs,0.085636
offend,0.085636
pour,0.085636
poured,0.085636
practice,0.085636
produced,0.085636
pulling,0.085636
refused,0.085636
remaining,0.085636
result,0.085636
roared,0.085636
sheep,0.085636
sink,0.085636
stopping,0.085636
swallow,0.085636
swallowed,0.085636
terms,0.085636
tops,0.085636
tumbled,0.085636
underneath,0.085636
various,0.085636
weeks,0.085636
whenever,0.085636
works,0.085636
herself,0.0761794
Queen,0.0755566
ll,0.0743112
replied,0.072443
anything,0.0717511
size,0.071336
everything,0.0712668
game,0.0712668
hurry,0.0711976
really,0.0711976
conversation,0.0711284
nearly,0.0711284
yourself,0.0711284
hall,0.0710592
sister,0.0710592
nose,0.07099
generally,0.0709208
however,0.0709208
surprised,0.0709208
tired,0.0709208
English,0.0708517
exclaimed,0.0708517
liked,0.0708517
marked,0.0708517
subject,0.0708517
writing,0.0708517
across,0.0707825
aloud,0.0707825
asking,0.0707825
curiosity,0.0707825
nobody,0.0707825
notice,0.0707825
reply,0.0707825
sentence,0.0707825
sighed,0.0707825
usual,0.0707825
whispered,0.0707825
Call,0.0707133
French,0.0707133
bowed,0.0707133
confused,0.0707133
mouths,0.0707133
natural,0.0707133
ordered,0.0707133
plan,0.0707133
questions,0.0707133
says,0.0707133
shore,0.0707133
twelve,0.0707133
Down,0.0706441
Pray,0.0706441
Thank,0.0706441
advantage,0.0706441
anxious,0.0706441
considered,0.0706441
decided,0.0706441
dog,0.0706441
general,0.0706441
girls,0.0706441
grand,0.0706441
holding,0.0706441
lady,0.0706441
miles,0.0706441
reading,0.0706441
remained,0.0706441
simply,0.0706441
stairs,0.0706441
stopped,0.0706441
stuff,0.0706441
succeeded,0.0706441
venture,0.0706441
week,0.0706441
ashamed,0.0705749
authority,0.0705749
bird,0.0705749
blew,0.0705749
books,0.0705749
branches,0.0705749
changing,0.0705749
chose,0.0705749
collected,0.0705749
concluded,0.0705749
delighted,0.0705749
drunk,0.0705749
earnestly,0.0705749
examine,0.0705749
fancied,0.0705749
fright,0.0705749
learning,0.0705749
lonely,0.0705749
merely,0.0705749
milk,0.0705749
miserable,0.0705749
older,0.0705749
patiently,0.0705749
proceed,0.0705749
proved,0.0705749
row,0.0705749
sang,0.0705749
sell,0.0705749
tells,0.0705749
trembled,0.0705749
unhappy,0.0705749
wandering,0.0705749
wonderful,0.0705749
Each,0.0705057
II,0.0705057
London,0.0705057
Ten,0.0705057
agony,0.0705057
apple,0.0705057
attended,0.0705057
beast,0.0705057
believed,0.0705057
belong,0.0705057
blown,0.0705057
burning,0.0705057
busy,0.0705057
chair,0.0705057
clearer,0.0705057
content,0.0705057
declared,0.0705057
deepest,0.0705057
double,0.0705057
drinking,0.0705057
drowned,0.0705057
empty,0.0705057
feared,0.0705057
fighting,0.0705057
fitted,0.0705057
fixed,0.0705057
fury,0.0705057
guilt,0.0705057
heap,0.0705057
helped,0.0705057
inclined,0.0705057
interest,0.0705057
justice,0.0705057
king,0.0705057
laughter,0.0705057
leading,0.0705057
learned,0.0705057
letters,0.0705057
likes,0.0705057
limbs,0.0705057
lock,0.0705057
louder,0.0705057
manners,0.0705057
measure,0.0705057
minded,0.0705057
miss,0.0705057
permitted,0.0705057
picture,0.0705057
plainly,0.0705057
pointed,0.0705057
pretend,0.0705057
prevent,0.0705057
prove,0.0705057
quarrel,0.0705057
raising,0.0705057
reasons,0.0705057
received,0.0705057
returned,0.0705057
returning,0.0705057
seldom,0.0705057
shining,0.0705057
sign,0.0705057
softly,0.0705057
soldier,0.0705057
solid,0.0705057
somehow,0.0705057
star,0.0705057
steady,0.0705057
stole,0.0705057
theirs,0.0705057
violence,0.0705057
waters,0.0705057
wept,0.0705057
wondered,0.0705057
wore,0.0705057
looked,0.0590306
won,0.0579755
getting,0.0577534
half,0.0577534
curious,0.0575868
asked,0.0574757
bit,0.0574202
idea,0.0573646
trying,0.0573091
However,0.0572536
certainly,0.0572536
deal,0.057198
finished,0.057198
hurried,0.0571425
glass,0.057087
repeated,0.057087
Don,0.0570314
join,0.0570314
key,0.0570314
party,0.0570314
rate,0.0570314
appeared,0.0569759
asleep,0.0569759
beautiful,0.0569759
fact,0.0569759
four,0.0569759
slowly,0.0569759
window,0.0569759
bread,0.0569204
fancy,0.0569204
golden,0.0569204
happened,0.0569204
larger,0.0569204
pleased,0.0569204
song,0.0569204
William,0.0568649
fish,0.0568649
roof,0.0568649
confusion,0.0568093
dropped,0.0568093
finger,0.0568093
finish,0.0568093
height,0.0568093
likely,0.0568093
means,0.0568093
nine,0.0568093
pair,0.0568093
passed,0.0568093
quietly,0.0568093
remembered,0.0568093
seems,0.0568093
sky,0.0568093
argument,0.0567538
begins,0.0567538
crowd,0.0567538
girl,0.0567538
grass,0.0567538
hours,0.0567538
judge,0.0567538
master,0.0567538
several,0.0567538
Have,0.0566983
O,0.0566983
OF,0.0566983
Only,0.0566983
alive,0.0566983
cross,0.0566983
guess,0.0566983
handed,0.0566983
impossible,0.0566983
joined,0.0566983
legs,0.0566983
listening,0.0566983
mistake,0.0566983
moving,0.0566983
music,0.0566983
pieces,0.0566983
possibly,0.0566983
real,0.0566983
shaking,0.0566983
solemn,0.0566983
sorts,0.0566983
suit,0.0566983
turns,0.0566983
wrote,0.0566983
Does,0.0566427
Get,0.0566427
beds,0.0566427
brown,0.0566427
carrying,0.0566427
choice,0.0566427
dancing,0.0566427
doors,0.0566427
excellent,0.0566427
fashion,0.0566427
flat,0.0566427
flowers,0.0566427
giving,0.0566427
kindly,0.0566427
knows,0.0566427
laughed,0.0566427
line,0.0566427
living,0.0566427
lovely,0.0566427
raised,0.0566427
relief,0.0566427
removed,0.0566427
rush,0.0566427
salt,0.0566427
sending,0.0566427
smallest,0.0566427
somewhere,0.0566427
sooner,0.0566427
startled,0.0566427
telling,0.0566427
violent,0.0566427
wash,0.0566427
watched,0.0566427
whatever,0.0566427
wherever,0.0566427
Alas,0.0565872
England,0.0565872
New,0.0565872
Still,0.0565872
Therefore,0.0565872
advice,0.0565872
attempt,0.0565872
avoid,0.0565872
bitter,0.0565872
blame,0.0565872
chief,0.0565872
comfortable,0.0565872
consider,0.0565872
country,0.0565872
couple,0.0565872
desperate,0.0565872
eaten,0.0565872
engaged,0.0565872
enjoy,0.0565872
exact,0.0565872
eyed,0.0565872
family,0.0565872
five,0.0565872
flame,0.0565872
frame,0.0565872
gay,0.0565872
grey,0.0565872
harm,0.0565872
haste,0.0565872
hat,0.0565872
helpless,0.0565872
imagine,0.0565872
later,0.0565872
leaving,0.0565872
lines,0.0565872
lower,0.0565872
mile,0.0565872
odd,0.0565872
placed,0.0565872
pleasing,0.0565872
presented,0.0565872
promised,0.0565872
push,0.0565872
rushed,0.0565872
seated,0.0565872
settle,0.0565872
shock,0.0565872
station,0.0565872
thrown,0.0565872
tied,0.0565872
treat,0.0565872
wings,0.0565872
winter,0.0565872
yes,0.0565872
King,0.0462738
don,0.045845
upon,0.0447728
added,0.0446442
minute,0.0445584
court,0.0443868
even,0.0443868
table,0.0443868
garden,0.044344
talking,0.044344
turned,0.044344
mad,0.0442582
sea,0.0442582
dance,0.0442153
gave,0.0442153
room,0.0442153
suddenly,0.0441724
suppose,0.0441724
child,0.0441295
minutes,0.0441295
creatures,0.0440866
having,0.0440866
opened,0.0440866
tears,0.0440866
walked,0.0440866
believe,0.0440438
different,0.0440438
help,0.0440438
shook,0.0440438
distance,0.0440009
dry,0.0440009
eagerly,0.0440009
happen,0.0440009
lying,0.0440009
meaning,0.0440009
running,0.0440009
Just,0.043958
THE,0.043958
beg,0.043958
business,0.043958
grown,0.043958
important,0.043958
listen,0.043958
wondering,0.043958
broken,0.0439151
ear,0.0439151
fetch,0.0439151
himself,0.0439151
myself,0.0439151
sharp,0.0439151
sir,0.0439151
trembling,0.0439151
understand,0.0439151
Very,0.0438722
between,0.0438722
direction,0.0438722
drew,0.0438722
evening,0.0438722
exactly,0.0438722
instantly,0.0438722
knee,0.0438722
moved,0.0438722
nearer,0.0438722
sing,0.0438722
somebody,0.0438722
sudden,0.0438722
surprise,0.0438722
Never,0.0438293
bottom,0.0438293
carried,0.0438293
corner,0.0438293
creature,0.0438293
drink,0.0438293
escape,0.0438293
fond,0.0438293
green,0.0438293
hole,0.0438293
honour,0.0438293
otherwise,0.0438293
paper,0.0438293
particular,0.0438293
passage,0.0438293
perfectly,0.0438293
rule,0.0438293
shoulders,0.0438293
wanted,0.0438293
Perhaps,0.0437864
Time,0.0437864
above,0.0437864
around,0.0437864
bringing,0.0437864
carefully,0.0437864
certain,0.0437864
courage,0.0437864
crown,0.0437864
eager,0.0437864
edge,0.0437864
figure,0.0437864
filled,0.0437864
finding,0.0437864
floor,0.0437864
grave,0.0437864
hanging,0.0437864
immediately,0.0437864
instead,0.0437864
knife,0.0437864
knowledge,0.0437864
less,0.0437864
lived,0.0437864
pity,0.0437864
putting,0.0437864
settled,0.0437864
tale,0.0437864
themselves,0.0437864
whisper,0.0437864
Father,0.0437436
afterwards,0.0437436
ago,0.0437436
allow,0.0437436
closed,0.0437436
cool,0.0437436
dinner,0.0437436
easy,0.0437436
heavy,0.0437436
hit,0.0437436
hour,0.0437436
keeping,0.0437436
knowing,0.0437436
law,0.0437436
lie,0.0437436
manner,0.0437436
names,0.0437436
pause,0.0437436
quickly,0.0437436
rude,0.0437436
singing,0.0437436
six,0.0437436
smiled,0.0437436
throwing,0.0437436
unless,0.0437436
wants,0.0437436
weak,0.0437436
wet,0.0437436
wind,0.0437436
year,0.0437436
Even,0.0437007
Little,0.0437007
See,0.0437007
Sir,0.0437007
able,0.0437007
absence,0.0437007
account,0.0437007
ancient,0.0437007
bones,0.0437007
branch,0.0437007
calling,0.0437007
carry,0.0437007
circle,0.0437007
cries,0.0437007
daughter,0.0437007
delay,0.0437007
despair,0.0437007
drawing,0.0437007
drive,0.0437007
eating,0.0437007
entrance,0.0437007
expected,0.0437007
fair,0.0437007
farther,0.0437007
field,0.0437007
fix,0.0437007
flew,0.0437007
flying,0.0437007
form,0.0437007
fourth,0.0437007
grant,0.0437007
highest,0.0437007
hundred,0.0437007
ignorant,0.0437007
journey,0.0437007
land,0.0437007
laughing,0.0437007
length,0.0437007
lest,0.0437007
lifted,0.0437007
lips,0.0437007
loose,0.0437007
memory,0.0437007
opinion,0.0437007
opposite,0.0437007
pace,0.0437007
parts,0.0437007
pass,0.0437007
passing,0.0437007
played,0.0437007
remain,0.0437007
rising,0.0437007
save,0.0437007
search,0.0437007
seven,0.0437007
sits,0.0437007
spite,0.0437007
spoken,0.0437007
teeth,0.0437007
thin,0.0437007
understood,0.0437007
upright,0.0437007
warning,0.0437007
welcome,0.0437007
down,0.0347526
up,0.0347215
again,0.0342548
have,0.0339437
its,0.0334148
just,0.0330726
never,0.0329792
over,0.032917
looking,0.0326681
door,0.0326059
dear,0.0325436
seemed,0.0325125
soon,0.0324192
felt,0.0323881
took,0.0323881
ever,0.0322947
sort,0.0322947
tried,0.0322636
use,0.0322325
eat,0.0322014
sat,0.0322014
under,0.0321703
air,0.0321392
called,0.0321392
beginning,0.0321081
itself,0.0321081
near,0.0321081
us,0.0321081
far,0.032077
kept,0.032077
used,0.032077
afraid,0.0320458
always,0.0320458
every,0.0320458
turning,0.0320458
book,0.0320147
growing,0.0320147
silence,0.0320147
waited,0.0320147
children,0.0319836
oh,0.0319836
continued,0.0319525
give,0.0319525
changed,0.0319214
coming,0.0319214
feel,0.0319214
live,0.0319214
top,0.0319214
tree,0.0319214
waiting,0.0319214
wood,0.0319214
First,0.0318903
deep,0.0318903
dream,0.0318903
hair,0.0318903
hot,0.0318903
leave,0.0318903
middle,0.0318903
neck,0.0318903
story,0.0318903
trees,0.0318903
arms,0.0318592
forgotten,0.0318592
leaves,0.0318592
loud,0.0318592
nice,0.0318592
written,0.0318592
youth,0.0318592
Tell,0.0318281
altogether,0.0318281
case,0.0318281
ears,0.0318281
simple,0.0318281
stay,0.0318281
taking,0.0318281
temper,0.0318281
answered,0.0317969
days,0.0317969
except,0.0317969
fallen,0.0317969
lives,0.0317969
number,0.0317969
reach,0.0317969
Her,0.0317658
bank,0.0317658
below,0.0317658
besides,0.0317658
caught,0.0317658
cause,0.0317658
dark,0.0317658
dull,0.0317658
easily,0.0317658
hurt,0.0317658
mark,0.0317658
move,0.0317658
o,0.0317658
opening,0.0317658
passion,0.0317658
sad,0.0317658
show,0.0317658
sounds,0.0317658
speech,0.0317658
spread,0.0317658
throw,0.0317658
voices,0.0317658
Be,0.0317347
appear,0.0317347
break,0.0317347
clear,0.0317347
deny,0.0317347
distant,0.0317347
dreadful,0.0317347
falling,0.0317347
father,0.0317347
fight,0.0317347
fine,0.0317347
flower,0.0317347
front,0.0317347
love,0.0317347
matters,0.0317347
narrow,0.0317347
places,0.0317347
ring,0.0317347
started,0.0317347
struck,0.0317347
summer,0.0317347
sun,0.0317347
wide,0.0317347
wild,0.0317347
wine,0.0317347
wretched,0.0317347
Because,0.0317036
Before,0.0317036
Besides,0.0317036
Good,0.0317036
Indeed,0.0317036
Look,0.0317036
Nay,0.0317036
act,0.0317036
brother,0.0317036
burst,0.0317036
comfort,0.0317036
die,0.0317036
died,0.0317036
given,0.0317036
hearts,0.0317036
honest,0.0317036
horse,0.0317036
hung,0.0317036
kill,0.0317036
lose,0.0317036
ourselves,0.0317036
plenty,0.0317036
pretty,0.0317036
promise,0.0317036
purpose,0.0317036
quick,0.0317036
respect,0.0317036
seeing,0.0317036
setting,0.0317036
son,0.0317036
speed,0.0317036
spot,0.0317036
state,0.0317036
thank,0.0317036
thick,0.0317036
ways,0.0317036
wife,0.0317036
ye,0.0317036
years,0.0317036
t,0.0248024
began,0.0216268
only,0.0214057
Oh,0.0211645
large,0.0211243
moment,0.0210841
poor,0.0209635
than,0.0209233
find,0.0208831
words,0.0208831
feet,0.0208429
side,0.0208027
spoke,0.0208027
arm,0.0207625
low,0.0207625
hear,0.0207424
ought,0.0207424
perhaps,0.0207424
behind,0.0207223
change,0.0207223
Yes,0.0207022
begin,0.0207022
hardly,0.0206821
makes,0.0206821
whether,0.0206821
mean,0.020662
own,0.020662
sitting,0.020662
small,0.020662
thinking,0.020662
Not,0.0206419
either,0.0206419
few,0.0206419
heads,0.0206419
keep,0.0206419
mind,0.0206419
Which,0.0206218
followed,0.0206218
play,0.0206218
white,0.0206218
work,0.0206218
feeling,0.0206017
kind,0.0206017
silent,0.0206017
along,0.0205816
does,0.0205816
pardon,0.0205816
piece,0.0205816
sleep,0.0205816
Ah,0.0205615
become,0.0205615
doing,0.0205615
meant,0.0205615
sometimes,0.0205615
sounded,0.0205615
speaking,0.0205615
ten,0.0205615
twice,0.0205615
wrong,0.0205615
Take,0.0205414
beat,0.0205414
hearing,0.0205414
led,0.0205414
person,0.0205414
rose,0.0205414
short,0.0205414
shoulder,0.0205414
sides,0.0205414
sigh,0.0205414
taken,0.0205414
Go,0.0205213
Once,0.0205213
boy,0.0205213
catch,0.0205213
delight,0.0205213
effect,0.0205213
fly,0.0205213
further,0.0205213
longer,0.0205213
order,0.0205213
present,0.0205213
proper,0.0205213
sense,0.0205213
watching,0.0205213
May,0.0205012
Some,0.0205012
These,0.0205012
already,0.0205012
also,0.0205012
anger,0.0205012
bear,0.0205012
body,0.0205012
bring,0.0205012
broke,0.0205012
comes,0.0205012
hate,0.0205012
ill,0.0205012
laid,0.0205012
neither,0.0205012
note,0.0205012
offer,0.0205012
straight,0.0205012
takes,0.0205012
taste,0.0205012
thoughts,0.0205012
threw,0.0205012
throat,0.0205012
twenty,0.0205012
Nor,0.0204811
Or,0.0204811
Our,0.0204811
Their,0.0204811
Those,0.0204811
Was,0.0204811
bent,0.0204811
bore,0.0204811
company,0.0204811
drop,0.0204811
faint,0.0204811
fat,0.0204811
foolish,0.0204811
grew,0.0204811
guard,0.0204811
hid,0.0204811
hide,0.0204811
hollow,0.0204811
houses,0.0204811
humble,0.0204811
known,0.0204811
meeting,0.0204811
ones,0.0204811
pleasant,0.0204811
send,0.0204811
shade,0.0204811
shape,0.0204811
soft,0.0204811
sorry,0.0204811
standing,0.0204811
terror,0.0204811
touch,0.0204811
towards,0.0204811
waste,0.0204811
very,0.0111584
quite,0.0104464
much,0.0104269
voice,0.0103879
got,0.0103684
first,0.0103586
get,0.0103586
which,0.0103293
other,0.0103196
She,0.0103098
been,0.0103001
re,0.0103001
last,0.0102416
things,0.0102318
right,0.010222
three,0.0102025
d,0.0101928
course,0.010183
rather,0.0101733
shall,0.0101538
cried,0.0101245
sure,0.0101245
being,0.0101148
enough,0.010105
wonder,0.010105
This,0.0100952
question,0.0100952
something,0.0100952
ran,0.0100855
saying,0.0100757
seen,0.0100757
because,0.010066
better,0.010066
both,0.010066
knew,0.010066
remember,0.010066
talk,0.010066
Do,0.0100562
grow,0.0100562
people,0.0100562
whole,0.0100562
among,0.0100465
hands,0.0100465
try,0.0100465
ask,0.0100367
glad,0.0100367
mouth,0.010027
name,0.010027
read,0.010027
rest,0.010027
though,0.010027
word,0.010027
At,0.0100172
answer,0.0100172
least,0.0100172
matter,0.0100172
together,0.0100172
Would,0.0100075
bright,0.0100075
hard,0.0100075
seem,0.0100075
turn,0.0100075
begun,0.00999771
draw,0.00999771
goes,0.00999771
learn,0.00999771
open,0.00999771
others,0.00999771
watch,0.00999771
After,0.00998796
Two,0.00998796
Will,0.00998796
almost,0.00998796
fell,0.00998796
full,0.00998796
hold,0.00998796
late,0.00998796
trouble,0.00998796
An,0.0099782
cut,0.0099782
man,0.0099782
often,0.0099782
shut,0.0099782
stop,0.0099782
strange,0.0099782
walk,0.0099782
walking,0.0099782
water,0.0099782
Are,0.00996845
care,0.00996845
chance,0.00996845
doubt,0.00996845
earth,0.00996845
fellow,0.00996845
fire,0.00996845
held,0.00996845
new,0.00996845
pale,0.00996845
second,0.00996845
since,0.00996845
taught,0.00996845
worth,0.00996845
Did,0.0099587
Is,0.0099587
Yet,0.0099587
],0.0099587
cry,0.0099587
hope,0.0099587
met,0.0099587
true,0.0099587
worse,0.0099587
yesterday,0.0099587
Shall,0.00994894
Your,0.00994894
bad,0.00994894
became,0.00994894
blow,0.00994894
follow,0.00994894
forget,0.00994894
friends,0.00994894
heart,0.00994894
pleasure,0.00994894
proud,0.00994894
quiet,0.00994894
safe,0.00994894
sent,0.00994894
smile,0.00994894
smiling,0.00994894
sorrow,0.00994894
thousand,0.00994894
whose,0.00994894
woman,0.00994894
yours,0.00994894
From,0.00993919
Like,0.00993919
Though,0.00993919
bound,0.00993919
cold,0.00993919
common,0.00993919
fit,0.00993919
patience,0.00993919
possible,0.00993919
rich,0.00993919
shake,0.00993919
share,0.00993919
strength,0.00993919
truth,0.00993919
wait,0.00993919
whom,0.00993919
A,0.0
All,0.0
And,0.0
As,0.0
But,0.0
By,0.0
Can,0.0
Come,0.0
For,0.0
He,0.0
Here,0.0
His,0.0
How,0.0
I,0.0
If,0.0
In,0.0
It,0.0
Let,0.0
My,0.0
No,0.0
Nothing,0.0
Now,0.0
Of,0.0
On,0.0
One,0.0
So,0.0
Such,0.0
That,0.0
The,0.0
Then,0.0
There,0.0
They,0.0
To,0.0
We,0.0
Well,0.0
What,0.0
When,0.0
Where,0.0
While,0.0
Who,0.0
Why,0.0
With,0.0
You,0.0
a,0.0
about,0.0
after,0.0
against,0.0
age,0.0
all,0.0
alone,0.0
am,0.0
an,0.0
and,0.0
angry,0.0
another,0.0
any,0.0
are,0.0
as,0.0
at,0.0
away,0.0
back,0.0
be,0.0
bed,0.0
before,0.0
best,0.0
breath,0.0
brought,0.0
but,0.0
by,0.0
call,0.0
came,0.0
can,0.0
cannot,0.0
close,0.0
come,0.0
could,0.0
dare,0.0
day,0.0
dead,0.0
death,0.0
did,0.0
do,0.0
done,0.0
each,0.0
else,0.0
end,0.0
eye,0.0
eyes,0.0
face,0.0
faces,0.0
fall,0.0
fast,0.0
fear,0.0
foot,0.0
for,0.0
forgot,0.0
found,0.0
free,0.0
friend,0.0
from,0.0
gently,0.0
go,0.0
going,0.0
gone,0.0
good,0.0
great,0.0
ground,0.0
had,0.0
hand,0.0
happy,0.0
has,0.0
he,0.0
head,0.0
heard,0.0
her,0.0
here,0.0
high,0.0
him,0.0
his,0.0
home,0.0
house,0.0
how,0.0
if,0.0
in,0.0
indeed,0.0
into,0.0
is,0.0
it,0.0
know,0.0
laugh,0.0
lay,0.0
left,0.0
let,0.0
life,0.0
like,0.0
little,0.0
long,0.0
look,0.0
lost,0.0
made,0.0
make,0.0
making,0.0
many,0.0
may,0.0
me,0.0
meet,0.0
men,0.0
might,0.0
mine,0.0
more,0.0
morning,0.0
most,0.0
must,0.0
my,0.0
next,0.0
night,0.0
no,0.0
noise,0.0
none,0.0
nor,0.0
not,0.0
nothing,0.0
now,0.0
of,0.0
off,0.0
old,0.0
on,0.0
once,0.0
one,0.0
or,0.0
our,0.0
out,0.0
part,0.0
past,0.0
place,0.0
please,0.0
put,0.0
ready,0.0
reason,0.0
red,0.0
rise,0.0
round,0.0
run,0.0
s,0.0
said,0.0
same,0.0
saw,0.0
say,0.0
secret,0.0
see,0.0
set,0.0
she,0.0
should,0.0
sight,0.0
sit,0.0
so,0.0
some,0.0
sound,0.0
speak,0.0
stand,0.0
still,0.0
stood,0.0
such,0.0
sweet,0.0
take,0.0
tell,0.0
that,0.0
the,0.0
their,0.0
them,0.0
then,0.0
there,0.0
these,0.0
they,0.0
thing,0.0
think,0.0
this,0.0
those,0.0
thought,0.0
through,0.0
till,0.0
time,0.0
times,0.0
to,0.0
told,0.0
tongue,0.0
too,0.0
two,0.0
want,0.0
was,0.0
way,0.0
we,0.0
well,0.0
went,0.0
were,0.0
what,0.0
when,0.0
where,0.0
while,0.0
who,0.0
why,0.0
will,0.0
wise,0.0
wish,0.0
with,0.0
within,0.0
without,0.0
world,0.0
would,0.0
write,0.0
yet,0.0
you,0.0
young,0.0
your,0.0
