Bru,0.719122
Cassi,0.653876
Cassius,0.622672
Ant,0.570192
Caes,0.557426
Cask,0.556008
Brutus,0.555294
Brut,0.554589
Caska,0.548916
Luc,0.541824
Cinna,0.538987
Messala,0.537569
Octauius,0.534732
Titinius,0.534732
Cas,0.531895
Messa,0.529058
Octa,0.52764
Capitoll,0.526222
Decius,0.526222
Por,0.524803
Lucillius,0.521966
Caius,0.520548
Metellus,0.520548
Portia,0.520548
Pindarus,0.51913
Cicero,0.517711
Sooth,0.517711
Trebonius,0.517711
Calphurnia,0.516293
Cass,0.516293
Cymber,0.514874
Ligarius,0.514874
Strato,0.514874
Countrymen,0.513456
Lepidus,0.513456
Ple,0.513456
Tent,0.513456
Volumnius,0.513456
Cin,0.512038
Senate,0.512038
mou,0.512038
Clit,0.510619
Deci,0.510619
Ides,0.510619
Lucil,0.510619
Pompeyes,0.510619
Antonio,0.509201
Cai,0.509201
Calp,0.509201
Clitus,0.509201
Fla,0.509201
Flatterers,0.509201
Flauius,0.509201
Statue,0.509201
Titin,0.509201
Tyber,0.509201
Cic,0.507783
Clocke,0.507783
Cob,0.507783
Conspirators,0.507783
Cynna,0.507783
Generals,0.507783
Mutiny,0.507783
Plebeians,0.507783
Stra,0.507783
Treb,0.507783
Var,0.507783
yee,0.507783
Ancestors,0.506364
Conquest,0.506364
Conspiracie,0.506364
Dard,0.506364
Dardanius,0.506364
Freedome,0.506364
Lep,0.506364
Metel,0.506364
Pind,0.506364
Popillius,0.506364
Romane,0.506364
Roome,0.506364
Soothsayer,0.506364
Teare,0.506364
Traine,0.506364
Varrus,0.506364
Windowes,0.506364
breefely,0.506364
construe,0.506364
refus,0.506364
reioyce,0.506364
runne,0.506364
streetes,0.506364
tydings,0.506364
Ambitions,0.504946
Artemidorus,0.504946
Augurers,0.504946
Batchellor,0.504946
Bondage,0.504946
Bondman,0.504946
Bondmen,0.504946
Brands,0.504946
Braue,0.504946
Bribes,0.504946
Chasticement,0.504946
Ciuill,0.504946
Clau,0.504946
Cly,0.504946
Cobl,0.504946
Cobler,0.504946
Commoners,0.504946
Conditions,0.504946
Conspirator,0.504946
Corpes,0.504946
Curre,0.504946
Drachmaes,0.504946
Ensigne,0.504946
Error,0.504946
Flint,0.504946
Foolerie,0.504946
Greeke,0.504946
Hilts,0.504946
Holyday,0.504946
Honorable,0.504946
Humour,0.504946
Ladder,0.504946
Limbes,0.504946
Louers,0.504946
Lupercall,0.504946
Mantle,0.504946
Murellus,0.504946
Octauio,0.504946
Paper,0.504946
Pin,0.504946
Popil,0.504946
Porch,0.504946
Pub,0.504946
Stirre,0.504946
Sutors,0.504946
Tents,0.504946
Tide,0.504946
Volum,0.504946
affayres,0.504946
agen,0.504946
attaine,0.504946
bankes,0.504946
clocke,0.504946
discouer,0.504946
droppes,0.504946
dyest,0.504946
fawne,0.504946
forgetfull,0.504946
iealous,0.504946
kneele,0.504946
lowe,0.504946
mightie,0.504946
mooue,0.504946
ouercame,0.504946
peeces,0.504946
preferre,0.504946
preuention,0.504946
prickt,0.504946
proscription,0.504946
qualitie,0.504946
reuerence,0.504946
riu,0.504946
sar,0.504946
seuenty,0.504946
sinke,0.504946
sparkes,0.504946
speede,0.504946
stabb,0.504946
strucke,0.504946
sucke,0.504946
swet,0.504946
thriue,0.504946
vnbraced,0.504946
vnderneath,0.504946
vrg,0.504946
vrge,0.504946
vttermost,0.504946
yeeres,0.504946
Abler,0.503527
Aboue,0.503527
Abuse,0.503527
Accoutred,0.503527
Affabilitie,0.503527
Affayres,0.503527
Affections,0.503527
Alasse,0.503527
Alchymie,0.503527
Alliance,0.503527
Ancestor,0.503527
Anchyses,0.503527
Antonies,0.503527
Apes,0.503527
Apparrell,0.503527
Apron,0.503527
Apt,0.503527
Arbors,0.503527
Artimedorus,0.503527
Assembly,0.503527
Ate,0.503527
Attempts,0.503527
Aule,0.503527
Banquetting,0.503527
Bargaine,0.503527
Barren,0.503527
Barres,0.503527
Basis,0.503527
Bastardie,0.503527
Batchellour,0.503527
Battailes,0.503527
Beads,0.503527
Begge,0.503527
Behauiours,0.503527
Benches,0.503527
Billes,0.503527
Billow,0.503527
Blockes,0.503527
Bloods,0.503527
Boldly,0.503527
Br,0.503527
Brasse,0.503527
Breefely,0.503527
Browes,0.503527
CaeSAR,0.503527
Cal,0.503527
Calender,0.503527
Campe,0.503527
Captiue,0.503527
Captiues,0.503527
Car,0.503527
Cares,0.503527
Carkasse,0.503527
Carrions,0.503527
Cauerne,0.503527
Cautelous,0.503527
Censure,0.503527
Chaire,0.503527
Channell,0.503527
Charges,0.503527
Charractery,0.503527
Chayre,0.503527
Check,0.503527
Chollericke,0.503527
Cimber,0.503527
Citizen,0.503527
Citizens,0.503527
Clamors,0.503527
Climber,0.503527
Cloakes,0.503527
Closet,0.503527
Clymate,0.503527
Co[m]monwealth,0.503527
Cobble,0.503527
Coffers,0.503527
Cogitations,0.503527
Cognisance,0.503527
Coine,0.503527
Comets,0.503527
Comming,0.503527
Concaue,0.503527
Conceptions,0.503527
Condition,0.503527
Conquests,0.503527
Contaminate,0.503527
Contribution,0.503527
Contriuer,0.503527
Coronets,0.503527
Couetous,0.503527
Counsels,0.503527
Counters,0.503527
Cowardice,0.503527
Cowardly,0.503527
Crimson,0.503527
Crowes,0.503527
Cushions,0.503527
Cuts,0.503527
Cyn,0.503527
Cynicke,0.503527
Danger,0.503527
Dangers,0.503527
Decree,0.503527
Deede,0.503527
Deerer,0.503527
Defiance,0.503527
Dewes,0.503527
Dine,0.503527
Dishonor,0.503527
Disrobe,0.503527
Doers,0.503527
Domesticke,0.503527
Doublet,0.503527
Dreamer,0.503527
Drinkes,0.503527
Dungeon,0.503527
Durst,0.503527
Elbowes,0.503527
Elders,0.503527
Emulation,0.503527
Endure,0.503527
Enfranchisement,0.503527
Enioy,0.503527
Enuious,0.503527
Epicurus,0.503527
Errands,0.503527
Euening,0.503527
Euer,0.503527
Exorcist,0.503527
Eyther,0.503527
Falles,0.503527
Fantasies,0.503527
Farre,0.503527
Fault,0.503527
Fauors,0.503527
Feauer,0.503527
Ferret,0.503527
Figures,0.503527
Firebrands,0.503527
Flatterer,0.503527
Flauio,0.503527
Formost,0.503527
Fray,0.503527
Friendship,0.503527
Fulfill,0.503527
Funerals,0.503527
Games,0.503527
Gamesom,0.503527
Gaue,0.503527
Glasse,0.503527
Glasses,0.503527
Gorging,0.503527
Grauity,0.503527
Gustie,0.503527
Hackt,0.503527
Harke,0.503527
Hats,0.503527
Hearse,0.503527
Heires,0.503527
Heraulds,0.503527
Hibla,0.503527
Hie,0.503527
Hilles,0.503527
Hindes,0.503527
Holes,0.503527
Honourably,0.503527
Honours,0.503527
Hony,0.503527
Horsemen,0.503527
Horsses,0.503527
Howting,0.503527
Humor,0.503527
Husbanded,0.503527
IVLIVS,0.503527
Iades,0.503527
Iigging,0.503527
Imitations,0.503527
Immortall,0.503527
Incenses,0.503527
Insurrection,0.503527
Ioyn,0.503527
Kerchiefe,0.503527
Kneele,0.503527
Labio,0.503527
Layest,0.503527
Leaden,0.503527
Leagues,0.503527
Leape,0.503527
Legacie,0.503527
Legacies,0.503527
Lethee,0.503527
Lightens,0.503527
Limbe,0.503527
Linkes,0.503527
Lionnesse,0.503527
Lippes,0.503527
Liuing,0.503527
Load,0.503527
Lottery,0.503527
Louing,0.503527
Lowd,0.503527
Lowlynesse,0.503527
Lustre,0.503527
Mace,0.503527
Maiesticke,0.503527
Maisters,0.503527
Masker,0.503527
Meales,0.503527
Mechanicall,0.503527
Meerely,0.503527
Melancholies,0.503527
Mender,0.503527
Mirrors,0.503527
Mischeefes,0.503527
Miseries,0.503527
Monarkes,0.503527
Murd,0.503527
Murrellus,0.503527
Ne,0.503527
Neats,0.503527
Necessary,0.503527
Necessitie,0.503527
Neighbors,0.503527
Neruij,0.503527
Northerne,0.503527
Oakes,0.503527
Obseruer,0.503527
Occupation,0.503527
Oct,0.503527
Older,0.503527
Omitted,0.503527
Opens,0.503527
Oration,0.503527
Orator,0.503527
Orchards,0.503527
Outlarie,0.503527
Papers,0.503527
Parthia,0.503527
Particle,0.503527
Passe,0.503527
Peazants,0.503527
Pella,0.503527
Peoples,0.503527
Performance,0.503527
Perils,0.503527
Petition,0.503527
Petitions,0.503527
Phantasma,0.503527
Physicall,0.503527
Playes,0.503527
Pluto,0.503527
Praetors,0.503527
Predictions,0.503527
Pretors,0.503527
Pricke,0.503527
Proscription,0.503527
Protester,0.503527
Prouender,0.503527
Pulpits,0.503527
Purgers,0.503527
Ranke,0.503527
Ransomes,0.503527
Rauens,0.503527
Rawe,0.503527
Rayes,0.503527
Recounts,0.503527
Reliques,0.503527
Repaire,0.503527
Reueller,0.503527
Reuiuing,0.503527
Rhewmy,0.503527
Rogues,0.503527
Rout,0.503527
Rudenesse,0.503527
Runne,0.503527
Rushing,0.503527
Sacrificers,0.503527
Sardians,0.503527
Scarffes,0.503527
Scedule,0.503527
Seate,0.503527
Seldome,0.503527
Selues,0.503527
Sennet,0.503527
Sennit,0.503527
Serpents,0.503527
Shallowes,0.503527
Sham,0.503527
Sheath,0.503527
Shop,0.503527
Showt,0.503527
Showting,0.503527
Showts,0.503527
Shrunke,0.503527
Sign,0.503527
Signall,0.503527
Signifies,0.503527
Sinewes,0.503527
Sinke,0.503527
Sleeke,0.503527
Slumber,0.503527
Spaine,0.503527
Spaniell,0.503527
Sparke,0.503527
Spectacle,0.503527
Spleene,0.503527
Spoiles,0.503527
Spoyle,0.503527
Staines,0.503527
Statillius,0.503527
Stonie,0.503527
Stoope,0.503527
Storme,0.503527
Straine,0.503527
Strooke,0.503527
Suburbs,0.503527
Superstitious,0.503527
Sutor,0.503527
Talke,0.503527
Tapers,0.503527
Tapor,0.503527
Tempests,0.503527
Tenure,0.503527
Testie,0.503527
Tharsus,0.503527
Thewes,0.503527
Thigh,0.503527
Thorough,0.503527
Thorow,0.503527
Tinctures,0.503527
Towres,0.503527
Toyles,0.503527
Tradesmans,0.503527
Triall,0.503527
Tributaries,0.503527
Triumphes,0.503527
Trophees,0.503527
Tu,0.503527
Tune,0.503527
Tyrannie,0.503527
Ventures,0.503527
Verses,0.503527
Vesture,0.503527
Villager,0.503527
Villains,0.503527
Vndeseruers,0.503527
Vnicornes,0.503527
Vniuersall,0.503527
Vnshak,0.503527
Vol,0.503527
Vrge,0.503527
Vs,0.503527
Vtterance,0.503527
Walles,0.503527
Walls,0.503527
Warres,0.503527
Waspish,0.503527
Waxe,0.503527
Weighing,0.503527
Wenches,0.503527
Wheeles,0.503527
Wil,0.503527
Withall,0.503527
Womanish,0.503527
Workman,0.503527
Worships,0.503527
Worthinesse,0.503527
Wrathfully,0.503527
Writings,0.503527
Yeeld,0.503527
Yond,0.503527
abridg,0.503527
acrosse,0.503527
afear,0.503527
alreadie,0.503527
apparant,0.503527
appeas,0.503527
appertaine,0.503527
applauses,0.503527
apprehensiue,0.503527
arriue,0.503527
aswell,0.503527
attaines,0.503527
aueng,0.503527
baite,0.503527
battailes,0.503527
bayed,0.503527
begg,0.503527
beloued,0.503527
besmeare,0.503527
bestride,0.503527
bethinke,0.503527
bigge,0.503527
billes,0.503527
bootlesse,0.503527
bouge,0.503527
bowle,0.503527
brau,0.503527
breathlesse,0.503527
bussling,0.503527
byrth,0.503527
cancell,0.503527
cappes,0.503527
carelesly,0.503527
carue,0.503527
charme,0.503527
chidden,0.503527
chides,0.503527
choak,0.503527
choaked,0.503527
chopt,0.503527
cloake,0.503527
compasse,0.503527
conceyu,0.503527
conioyntly,0.503527
coniur,0.503527
consum,0.503527
couchings,0.503527
couer,0.503527
couert,0.503527
councell,0.503527
craues,0.503527
cride,0.503527
cull,0.503527
cumber,0.503527
curtesie,0.503527
dang,0.503527
danke,0.503527
darknesse,0.503527
deceitfull,0.503527
deerer,0.503527
deriu,0.503527
describ,0.503527
deuise,0.503527
dimme,0.503527
discouered,0.503527
disgest,0.503527
displeas,0.503527
disprooue,0.503527
diuided,0.503527
dreampt,0.503527
drizel,0.503527
dum,0.503527
earely,0.503527
earnes,0.503527
egge,0.503527
encourag,0.503527
encreaseth,0.503527
enforc,0.503527
engendred,0.503527
enterred,0.503527
entertaine,0.503527
enuy,0.503527
euills,0.503527
exigent,0.503527
extenuated,0.503527
fam,0.503527
fearefulnesse,0.503527
fifteene,0.503527
flearing,0.503527
foame,0.503527
forgaue,0.503527
freedome,0.503527
gastly,0.503527
gentlenesse,0.503527
glaz,0.503527
greets,0.503527
greeu,0.503527
greeuous,0.503527
greeuously,0.503527
groane,0.503527
grug,0.503527
guiltinesse,0.503527
hacke,0.503527
harke,0.503527
heape,0.503527
heede,0.503527
heyres,0.503527
hony,0.503527
howre,0.503527
howted,0.503527
hugge,0.503527
hurle,0.503527
improue,0.503527
incertaine,0.503527
inclos,0.503527
incompast,0.503527
infirmitie,0.503527
infranchisement,0.503527
infus,0.503527
ingrafted,0.503527
inkindled,0.503527
inroll,0.503527
instigations,0.503527
insuppressiue,0.503527
intrailes,0.503527
inuenomed,0.503527
ioyn,0.503527
ioynes,0.503527
knottie,0.503527
laments,0.503527
laught,0.503527
lawfull,0.503527
leades,0.503527
legges,0.503527
leuying,0.503527
liefe,0.503527
louest,0.503527
lyable,0.503527
mak,0.503527
marr,0.503527
maske,0.503527
meditates,0.503527
mischiefe,0.503527
mischieuous,0.503527
misgiuing,0.503527
mo,0.503527
moou,0.503527
moreouer,0.503527
mourne,0.503527
nimblenesse,0.503527
ouerthrow,0.503527
pearch,0.503527
perceiu,0.503527
perswasion,0.503527
plucke,0.503527
presage,0.503527
prethee,0.503527
preuaile,0.503527
preuayl,0.503527
proceede,0.503527
professe,0.503527
progresse,0.503527
propos,0.503527
proscriptions,0.503527
proues,0.503527
puisant,0.503527
pul,0.503527
purpled,0.503527
rabblement,0.503527
ragge,0.503527
reares,0.503527
receiued,0.503527
receiuest,0.503527
receyuing,0.503527
reeke,0.503527
refresht,0.503527
reme[m]ber,0.503527
repayre,0.503527
repeale,0.503527
repealing,0.503527
retentiue,0.503527
rime,0.503527
roate,0.503527
sauing,0.503527
sawcie,0.503527
sawe,0.503527
sayd,0.503527
sayer,0.503527
seduc,0.503527
senslesse,0.503527
seruile,0.503527
seuerally,0.503527
showted,0.503527
showts,0.503527
shreeking,0.503527
shrew,0.503527
shriller,0.503527
sickely,0.503527
sirra,0.503527
sland,0.503527
slewe,0.503527
smatch,0.503527
smil,0.503527
soare,0.503527
sodainly,0.503527
soundlesse,0.503527
spoyle,0.503527
spurre,0.503527
squeale,0.503527
staine,0.503527
stal,0.503527
stampt,0.503527
sterner,0.503527
sterrile,0.503527
stinglesse,0.503527
stomackes,0.503527
stoope,0.503527
straine,0.503527
straite,0.503527
streete,0.503527
striue,0.503527
stroken,0.503527
summes,0.503527
suppe,0.503527
sutor,0.503527
sweatie,0.503527
swimme,0.503527
swoonded,0.503527
swound,0.503527
teethes,0.503527
threatning,0.503527
throwes,0.503527
toucht,0.503527
truely,0.503527
twentie,0.503527
tyed,0.503527
tyred,0.503527
vanishest,0.503527
vexeth,0.503527
veyl,0.503527
vildely,0.503527
vnaccustom,0.503527
vnassayleable,0.503527
vnborne,0.503527
vnderlings,0.503527
vnfirme,0.503527
vngentle,0.503527
vngently,0.503527
vnkindely,0.503527
vnkindest,0.503527
vnluckily,0.503527
vnmeritable,0.503527
vnnumbred,0.503527
vnpurged,0.503527
vnscorch,0.503527
vntouch,0.503527
vntrod,0.503527
vntyr,0.503527
voyd,0.503527
vpmost,0.503527
vppe,0.503527
vpper,0.503527
vseth,0.503527
vtmost,0.503527
wafter,0.503527
warie,0.503527
warne,0.503527
weakenesse,0.503527
wherfore,0.503527
wisht,0.503527
worthinesse,0.503527
worthles,0.503527
wrangle,0.503527
yeelded,0.503527
yeelds,0.503527
yoaked,0.503527
youthfull,0.503527
Antony,0.462565
haue,0.423807
Caesars,0.42267
Lucius,0.409731
Philippi,0.393558
Publius,0.393558
meete,0.392479
sayes,0.391401
Ambitious,0.389245
Senators,0.389245
Claudio,0.388166
Funerall,0.388166
leade,0.388166
redresse,0.388166
tane,0.388166
Dagger,0.387088
Enemies,0.387088
Marcus,0.387088
Mur,0.387088
Pulpit,0.387088
Souldier,0.387088
aliue,0.387088
passe,0.387088
presse,0.387088
resolu,0.387088
sicknesse,0.387088
Battaile,0.38601
Ceremonies,0.38601
Gowne,0.38601
Iulius,0.38601
Legions,0.38601
Manet,0.38601
Noblest,0.38601
Pompey,0.38601
Sold,0.38601
Triumph,0.38601
Vertue,0.38601
chanc,0.38601
enterprize,0.38601
fearefull,0.38601
foorth,0.38601
knaue,0.38601
preuent,0.38601
signe,0.38601
Alarums,0.384932
Battell,0.384932
Conference,0.384932
Constancie,0.384932
Cowards,0.384932
Dreame,0.384932
Enterprize,0.384932
Fooles,0.384932
Graues,0.384932
Images,0.384932
Iudge,0.384932
Laughter,0.384932
Lyon,0.384932
Oath,0.384932
Palme,0.384932
Plucke,0.384932
Sardis,0.384932
Shores,0.384932
Sirra,0.384932
Taper,0.384932
Villaines,0.384932
aduantage,0.384932
crosse,0.384932
dy,0.384932
foote,0.384932
graunt,0.384932
greefes,0.384932
harme,0.384932
heauy,0.384932
humor,0.384932
kisse,0.384932
neede,0.384932
priuate,0.384932
publike,0.384932
sodaine,0.384932
Asse,0.383853
Audience,0.383853
Beleeue,0.383853
Brest,0.383853
Brow,0.383853
Buriall,0.383853
Butchers,0.383853
Chariot,0.383853
Commanders,0.383853
Countenance,0.383853
Dec,0.383853
Dreames,0.383853
Dyes,0.383853
Falling,0.383853
Fantasie,0.383853
Flye,0.383853
Generall,0.383853
Glories,0.383853
Hounds,0.383853
Infants,0.383853
Ingratitude,0.383853
Instruments,0.383853
Knocke,0.383853
Leather,0.383853
Lena,0.383853
Liue,0.383853
Loe,0.383853
Louer,0.383853
Lyons,0.383853
Mess,0.383853
Mirth,0.383853
Mistrust,0.383853
Obiects,0.383853
Offence,0.383853
Onely,0.383853
Opinion,0.383853
Ordinance,0.383853
Ouer,0.383853
Prodigies,0.383853
Rites,0.383853
Secrets,0.383853
Spurre,0.383853
Troopes,0.383853
Walkes,0.383853
Whil,0.383853
Window,0.383853
blowes,0.383853
booke,0.383853
calles,0.383853
compell,0.383853
confesse,0.383853
crost,0.383853
cryed,0.383853
deceiu,0.383853
deede,0.383853
deseru,0.383853
dispos,0.383853
doores,0.383853
drawes,0.383853
driue,0.383853
euill,0.383853
euils,0.383853
gouern,0.383853
grone,0.383853
hearke,0.383853
immortall,0.383853
indure,0.383853
itching,0.383853
knockes,0.383853
leane,0.383853
plaine,0.383853
proclaime,0.383853
reades,0.383853
rendred,0.383853
reueng,0.383853
roome,0.383853
serues,0.383853
shooes,0.383853
spurne,0.383853
spurres,0.383853
steale,0.383853
streame,0.383853
stretcht,0.383853
successe,0.383853
sufferance,0.383853
sufficeth,0.383853
tweene,0.383853
vpward,0.383853
whil,0.383853
wildenesse,0.383853
yeares,0.383853
yoake,0.383853
Accents,0.382775
Acte,0.382775
Action,0.382775
Actors,0.382775
Adder,0.382775
Addition,0.382775
Ague,0.382775
Armies,0.382775
Arts,0.382775
Backe,0.382775
Bastard,0.382775
Beares,0.382775
Bees,0.382775
Beggers,0.382775
Benefit,0.382775
Bequeathing,0.382775
Betweene,0.382775
Betwixt,0.382775
Bookes,0.382775
Bosome,0.382775
Breake,0.382775
Breast,0.382775
Brute,0.382775
Cals,0.382775
Canopy,0.382775
Captiuitie,0.382775
Carrion,0.382775
Cheeke,0.382775
Chimney,0.382775
Choller,0.382775
Cleane,0.382775
Clowds,0.382775
Coarse,0.382775
Colossus,0.382775
Comment,0.382775
Complexion,0.382775
Confines,0.382775
Coniure,0.382775
Conquerors,0.382775
Controuersie,0.382775
Councell,0.382775
Course,0.382775
Crests,0.382775
Cup,0.382775
Deare,0.382775
Deeds,0.382775
Delay,0.382775
Dew,0.382775
Dies,0.382775
Dish,0.382775
Doing,0.382775
Doomesday,0.382775
Doore,0.382775
Eare,0.382775
Eares,0.382775
Elder,0.382775
Element,0.382775
Elephants,0.382775
Entrailes,0.382775
Enuy,0.382775
Erebus,0.382775
Euery,0.382775
Expedition,0.382775
Faction,0.382775
Faculties,0.382775
Fearing,0.382775
Feathers,0.382775
Fires,0.382775
Firmament,0.382775
Flesh,0.382775
Foes,0.382775
Forgets,0.382775
Formes,0.382775
Fortunes,0.382775
Fountaine,0.382775
Fret,0.382775
Garland,0.382775
Gates,0.382775
Giues,0.382775
Giuing,0.382775
Greatnesse,0.382775
Greefes,0.382775
Griefe,0.382775
Griefes,0.382775
Harlot,0.382775
Hated,0.382775
Holiday,0.382775
Hunters,0.382775
Hye,0.382775
Interim,0.382775
Ioy,0.382775
Julius,0.382775
Kinde,0.382775
Kingly,0.382775
Kites,0.382775
Knew,0.382775
Lambe,0.382775
Leade,0.382775
Leafe,0.382775
Lend,0.382775
Liberties,0.382775
Lines,0.382775
Loines,0.382775
Lordship,0.382775
Madman,0.382775
Madmen,0.382775
Mart,0.382775
Measure,0.382775
Mend,0.382775
Messengers,0.382775
Mischeefe,0.382775
Modestie,0.382775
Moreouer,0.382775
Motiues,0.382775
Mountaine,0.382775
Multitude,0.382775
Musing,0.382775
Napkins,0.382775
Naturall,0.382775
Nobler,0.382775
Nobly,0.382775
Noone,0.382775
Note,0.382775
Oathes,0.382775
Offall,0.382775
Offering,0.382775
Parchment,0.382775
Players,0.382775
Plucking,0.382775
Post,0.382775
Profession,0.382775
Quarrell,0.382775
Quintus,0.382775
Rankes,0.382775
Rascall,0.382775
Rebell,0.382775
Reflection,0.382775
Regions,0.382775
Remorse,0.382775
Render,0.382775
Reply,0.382775
Reuels,0.382775
Richer,0.382775
Robbers,0.382775
Rocke,0.382775
Rubbish,0.382775
Ruines,0.382775
Rumor,0.382775
Saue,0.382775
Sawce,0.382775
Sawcy,0.382775
Searching,0.382775
Security,0.382775
Senses,0.382775
Sentence,0.382775
Seruants,0.382775
Sex,0.382775
Shaking,0.382775
Sheepe,0.382775
Skie,0.382775
Skies,0.382775
Sleeue,0.382775
Split,0.382775
Squadrons,0.382775
Starre,0.382775
Sting,0.382775
Stole,0.382775
Stones,0.382775
Stoop,0.382775
Strawes,0.382775
Streets,0.382775
Successe,0.382775
Summers,0.382775
Surgeon,0.382775
Sway,0.382775
Sweare,0.382775
TRAGEDIE,0.382775
Tarquin,0.382775
Tempt,0.382775
Theater,0.382775
Theatre,0.382775
Thunders,0.382775
Tooke,0.382775
Torrent,0.382775
Traitor,0.382775
Transformed,0.382775
Treasure,0.382775
Trees,0.382775
Truely,0.382775
Vessell,0.382775
Victorie,0.382775
Visage,0.382775
Vouchsafe,0.382775
Voyce,0.382775
Vp,0.382775
Vulgar,0.382775
Walke,0.382775
Warriours,0.382775
Weeping,0.382775
Willes,0.382775
Winters,0.382775
Wisedom,0.382775
Wit,0.382775
Witnesse,0.382775
Wiues,0.382775
Wolfe,0.382775
accidentall,0.382775
acte,0.382775
adde,0.382775
addrest,0.382775
affraid,0.382775
annoying,0.382775
answere,0.382775
arriu,0.382775
assur,0.382775
attyre,0.382775
auoyd,0.382775
auoyded,0.382775
belou,0.382775
bleede,0.382775
bloods,0.382775
bondman,0.382775
bosomes,0.382775
braines,0.382775
brauely,0.382775
brauery,0.382775
burnes,0.382775
burneth,0.382775
busie,0.382775
chace,0.382775
chafing,0.382775
clapp,0.382775
combin,0.382775
contriue,0.382775
counsell,0.382775
courtesie,0.382775
cryedst,0.382775
curtsies,0.382775
custome,0.382775
deafe,0.382775
deale,0.382775
deckt,0.382775
deerely,0.382775
desir,0.382775
discard,0.382775
disclos,0.382775
dishonourable,0.382775
dismember,0.382775
dismisse,0.382775
diuers,0.382775
diuision,0.382775
drawne,0.382775
dreame,0.382775
driuen,0.382775
driues,0.382775
drowsily,0.382775
dumbe,0.382775
enuious,0.382775
eruptions,0.382775
euerie,0.382775
euerlasting,0.382775
exhalations,0.382775
extremities,0.382775
factious,0.382775
falser,0.382775
fatall,0.382775
fawn,0.382775
fawning,0.382775
feete,0.382775
fierie,0.382775
fiue,0.382775
fixt,0.382775
formall,0.382775
foure,0.382775
gowne,0.382775
guesse,0.382775
haile,0.382775
haires,0.382775
hastie,0.382775
hatefull,0.382775
hauocke,0.382775
healthfull,0.382775
heares,0.382775
hisse,0.382775
honors,0.382775
hurtled,0.382775
indirection,0.382775
inforced,0.382775
ingag,0.382775
intermit,0.382775
kindnesse,0.382775
leape,0.382775
learne,0.382775
limbes,0.382775
lippes,0.382775
liued,0.382775
locke,0.382775
losse,0.382775
marrie,0.382775
meate,0.382775
meeke,0.382775
melteth,0.382775
mettle,0.382775
misconstrued,0.382775
mocke,0.382775
moe,0.382775
moneths,0.382775
moued,0.382775
mouthes,0.382775
muffling,0.382775
natiue,0.382775
necke,0.382775
neigh,0.382775
niggard,0.382775
paines,0.382775
palter,0.382775
pawse,0.382775
peeuish,0.382775
pitteous,0.382775
playes,0.382775
prouidence,0.382775
quartered,0.382775
quicke,0.382775
readie,0.382775
recouer,0.382775
recreate,0.382775
replication,0.382775
roares,0.382775
ruffle,0.382775
sate,0.382775
satisfie,0.382775
sauage,0.382775
sawcy,0.382775
sayst,0.382775
scandall,0.382775
scap,0.382775
shold,0.382775
shrieke,0.382775
sirrah,0.382775
sixe,0.382775
slaue,0.382775
smoake,0.382775
sonne,0.382775
soundly,0.382775
sowre,0.382775
soyle,0.382775
speechlesse,0.382775
steele,0.382775
stolne,0.382775
stomacke,0.382775
stubborne,0.382775
tardie,0.382775
thirtie,0.382775
trickes,0.382775
tride,0.382775
vnderstood,0.382775
vndone,0.382775
vnkindnesse,0.382775
vntill,0.382775
vowes,0.382775
voyces,0.382775
vtter,0.382775
vttered,0.382775
walkes,0.382775
watchfull,0.382775
waues,0.382775
wauing,0.382775
wearie,0.382775
wer,0.382775
whatsoeuer,0.382775
whelped,0.382775
whilest,0.382775
wofull,0.382775
womans,0.382775
womens,0.382775
wonderfull,0.382775
yeare,0.382775
yond,0.382775
vs,0.365775
heere,0.34731
Noble,0.345552
selfe,0.345552
vpon,0.342914
heare,0.341156
vp,0.338518
feare,0.33588
euery,0.335001
speake,0.335001
loue,0.334121
downe,0.331484
giue,0.330604
Haue,0.328846
beare,0.328846
looke,0.327967
thinke,0.327967
Heere,0.327087
leaue,0.327087
finde,0.326208
euer,0.325329
liue,0.325329
Marke,0.32357
Giue,0.322691
Ile,0.322691
himselfe,0.322691
Cato,0.321812
Vpon,0.321812
neuer,0.321812
Crowne,0.320932
Honourable,0.320932
Ser,0.320932
backe,0.320932
doe,0.320932
owne,0.320932
sicke,0.320932
Euen,0.320053
beares,0.320053
keepe,0.320053
meane,0.320053
selues,0.320053
vse,0.320053
flye,0.319174
meanes,0.319174
vnto,0.319174
worke,0.319174
Enemy,0.318295
Looke,0.318295
Loue,0.318295
Poet,0.318295
Speake,0.318295
generall,0.318295
loues,0.318295
minde,0.318295
seene,0.318295
turne,0.318295
yong,0.318295
Reasons,0.317415
appeare,0.317415
beene,0.317415
deere,0.317415
euen,0.317415
houre,0.317415
onely,0.317415
ouer,0.317415
seeke,0.317415
talke,0.317415
vnder,0.317415
Seruant,0.316536
Sonne,0.316536
certaine,0.316536
dayes,0.316536
farre,0.316536
lesse,0.316536
lou,0.316536
marke,0.316536
neere,0.316536
reade,0.316536
stirre,0.316536
themselues,0.316536
walke,0.316536
weake,0.316536
weepe,0.316536
Actus,0.315657
Heauen,0.315657
Heauens,0.315657
Instrument,0.315657
Market,0.315657
Neuer,0.315657
Tit,0.315657
Vnto,0.315657
burne,0.315657
perceiue,0.315657
pitty,0.315657
poore,0.315657
seeme,0.315657
seuerall,0.315657
speakes,0.315657
voyce,0.315657
Coward,0.314778
Flood,0.314778
Heare,0.314778
Hearke,0.314778
Mettle,0.314778
Musicke,0.314778
beleeue,0.314778
breake,0.314778
dreadfull,0.314778
gaue,0.314778
giuen,0.314778
giues,0.314778
goe,0.314778
growne,0.314778
halfe,0.314778
knowne,0.314778
lookes,0.314778
mee,0.314778
mindes,0.314778
newes,0.314778
stab,0.314778
thinkes,0.314778
tooke,0.314778
weare,0.314778
winde,0.314778
Ayre,0.313898
Beare,0.313898
Bed,0.313898
Doe,0.313898
Fates,0.313898
Flourish,0.313898
Honesty,0.313898
Honors,0.313898
Mothers,0.313898
Poore,0.313898
Reuenge,0.313898
Soules,0.313898
Sunne,0.313898
Thinke,0.313898
Valiant,0.313898
Vnder,0.313898
Warre,0.313898
amisse,0.313898
begge,0.313898
braue,0.313898
businesse,0.313898
cruell,0.313898
doest,0.313898
eare,0.313898
eares,0.313898
forme,0.313898
greefe,0.313898
kinde,0.313898
knowes,0.313898
liuing,0.313898
mans,0.313898
noyse,0.313898
pluckt,0.313898
proofe,0.313898
receiue,0.313898
rous,0.313898
sirs,0.313898
soone,0.313898
teares,0.313898
trash,0.313898
turnes,0.313898
withall,0.313898
Arme,0.313019
Armes,0.313019
Beasts,0.313019
Body,0.313019
Ceremony,0.313019
Countrey,0.313019
Countries,0.313019
Creature,0.313019
Creatures,0.313019
Diuell,0.313019
Drum,0.313019
Gate,0.313019
Haile,0.313019
Hearts,0.313019
Hee,0.313019
Helpe,0.313019
Iustice,0.313019
Lookes,0.313019
Lye,0.313019
Motion,0.313019
Murderers,0.313019
Olympus,0.313019
Philosophy,0.313019
Rage,0.313019
Royall,0.313019
Schoole,0.313019
Seale,0.313019
Shout,0.313019
Slaues,0.313019
Souldiers,0.313019
Soule,0.313019
Starres,0.313019
Testament,0.313019
Tyranny,0.313019
Tyrant,0.313019
Tyrants,0.313019
aboue,0.313019
aske,0.313019
asleepe,0.313019
ayme,0.313019
ayre,0.313019
bosome,0.313019
comming,0.313019
deliuer,0.313019
drinke,0.313019
fauour,0.313019
haire,0.313019
hauing,0.313019
heeles,0.313019
heereafter,0.313019
indeede,0.313019
ioy,0.313019
iust,0.313019
liu,0.313019
liues,0.313019
loued,0.313019
lyes,0.313019
mens,0.313019
moue,0.313019
neyther,0.313019
obserue,0.313019
peece,0.313019
personall,0.313019
prythee,0.313019
rul,0.313019
saide,0.313019
saue,0.313019
seru,0.313019
seuen,0.313019
shewes,0.313019
slaine,0.313019
soules,0.313019
sweare,0.313019
thanke,0.313019
thicke,0.313019
vertue,0.313019
vnfold,0.313019
vnknowne,0.313019
wel,0.313019
yeeld,0.313019
Aeneas,0.31214
Angell,0.31214
Answering,0.31214
Apparition,0.31214
Assemble,0.31214
Attendants,0.31214
Barke,0.31214
Base,0.31214
Battlements,0.31214
Belike,0.31214
Bending,0.31214
Bold,0.31214
Bones,0.31214
Brothers,0.31214
Businesse,0.31214
Carpenter,0.31214
Closset,0.31214
Companies,0.31214
Companion,0.31214
Daggers,0.31214
Dar,0.31214
Deere,0.31214
Depart,0.31214
Desiring,0.31214
Dignities,0.31214
Dogge,0.31214
Dogges,0.31214
Elements,0.31214
Else,0.31214
Enemie,0.31214
Et,0.31214
Farwell,0.31214
Feare,0.31214
Feast,0.31214
Fierce,0.31214
Fit,0.31214
Flames,0.31214
Foole,0.31214
Forrest,0.31214
Fortunate,0.31214
Girle,0.31214
Guide,0.31214
Held,0.31214
Hide,0.31214
Himselfe,0.31214
Hoping,0.31214
Impatient,0.31214
Iudgement,0.31214
Kill,0.31214
Kingdome,0.31214
Leaue,0.31214
Made,0.31214
Marry,0.31214
Meane,0.31214
Mes,0.31214
Mid,0.31214
Millions,0.31214
Moone,0.31214
Natures,0.31214
Officers,0.31214
Orchard,0.31214
Patient,0.31214
Pit,0.31214
Powres,0.31214
Prayers,0.31214
Prima,0.31214
Primus,0.31214
Prophesie,0.31214
Prythee,0.31214
Quartus,0.31214
Question,0.31214
Resolution,0.31214
Respect,0.31214
Retreat,0.31214
Robe,0.31214
Ruby,0.31214
Sacred,0.31214
Sacrifice,0.31214
Scoena,0.31214
Seeke,0.31214
Selfe,0.31214
Shakes,0.31214
Siluer,0.31214
Sleepe,0.31214
Smiles,0.31214
Speeches,0.31214
Stage,0.31214
Study,0.31214
Submitting,0.31214
Teares,0.31214
Teeth,0.31214
Tending,0.31214
Terror,0.31214
Tertius,0.31214
Thing,0.31214
Throat,0.31214
Times,0.31214
Torch,0.31214
Tragedie,0.31214
Twere,0.31214
Venom,0.31214
Vexed,0.31214
Villaine,0.31214
Vnlesse,0.31214
Vow,0.31214
Weapons,0.31214
Weigh,0.31214
Whiles,0.31214
Wisedome,0.31214
Wonders,0.31214
Worke,0.31214
Wound,0.31214
Write,0.31214
Y,0.31214
Yong,0.31214
alwayes,0.31214
amaz,0.31214
arming,0.31214
beest,0.31214
behinde,0.31214
betweene,0.31214
blacke,0.31214
bloodie,0.31214
browes,0.31214
cheere,0.31214
chew,0.31214
chide,0.31214
con,0.31214
contagion,0.31214
corporall,0.31214
dam,0.31214
darke,0.31214
deepe,0.31214
demeanor,0.31214
digest,0.31214
dis,0.31214
discomfort,0.31214
disconsolate,0.31214
distract,0.31214
doore,0.31214
doubtfull,0.31214
eate,0.31214
eternall,0.31214
expounded,0.31214
faile,0.31214
faine,0.31214
faithfull,0.31214
fatter,0.31214
feares,0.31214
feede,0.31214
feele,0.31214
findes,0.31214
firme,0.31214
followes,0.31214
fooles,0.31214
forc,0.31214
foule,0.31214
gentler,0.31214
gouerne,0.31214
greeue,0.31214
griefe,0.31214
growes,0.31214
heauie,0.31214
hie,0.31214
houres,0.31214
illuminate,0.31214
infirmities,0.31214
interpreted,0.31214
iudgement,0.31214
keepes,0.31214
kil,0.31214
knocks,0.31214
lacke,0.31214
leysure,0.31214
limitation,0.31214
losses,0.31214
ly,0.31214
meditating,0.31214
meere,0.31214
menace,0.31214
mixt,0.31214
mortall,0.31214
murther,0.31214
necessities,0.31214
neerer,0.31214
obseru,0.31214
omnes,0.31214
ouerthrowne,0.31214
peepe,0.31214
perillous,0.31214
pittifull,0.31214
pleas,0.31214
portentous,0.31214
portents,0.31214
prepar,0.31214
pricke,0.31214
prou,0.31214
purpos,0.31214
ranke,0.31214
receiu,0.31214
remaine,0.31214
remaines,0.31214
reputed,0.31214
reuenge,0.31214
runnes,0.31214
seemes,0.31214
semblance,0.31214
serue,0.31214
seruice,0.31214
shadowes,0.31214
sham,0.31214
shooke,0.31214
shrewdly,0.31214
sicken,0.31214
slaying,0.31214
soule,0.31214
spouting,0.31214
stayes,0.31214
stemming,0.31214
stinking,0.31214
stirr,0.31214
strew,0.31214
strooke,0.31214
strucken,0.31214
stuffe,0.31214
subiect,0.31214
supporting,0.31214
surest,0.31214
tag,0.31214
tarry,0.31214
tarrying,0.31214
teare,0.31214
tearmes,0.31214
thaw,0.31214
twixt,0.31214
vanquish,0.31214
vaunting,0.31214
vtterance,0.31214
warre,0.31214
wayes,0.31214
whet,0.31214
whizzing,0.31214
wholsome,0.31214
winne,0.31214
wisedome,0.31214
witnesse,0.31214
worthier,0.31214
yesternight,0.31214
Exeunt,0.277523
hee,0.275309
againe,0.274571
dye,0.271618
Honor,0.269404
Wee,0.267928
hoe,0.26719
sleepe,0.26719
Alarum,0.266452
Ghost,0.265714
Gold,0.265714
Trade,0.265714
Bid,0.264975
Tongue,0.264975
Low,0.264237
Masters,0.264237
Swords,0.264237
Liberty,0.263499
Lightning,0.263499
Therein,0.263499
Truly,0.263499
bin,0.263499
Awake,0.262761
Begin,0.262761
Commons,0.262761
Fathers,0.262761
Ghosts,0.262761
Horse,0.262761
Letter,0.262761
Met,0.262761
Mighty,0.262761
Priests,0.262761
Princes,0.262761
Prisoner,0.262761
Reason,0.262761
Ride,0.262761
Speech,0.262761
Steele,0.262761
Wilt,0.262761
armes,0.262761
com,0.262761
exploit,0.262761
faire,0.262761
incorporate,0.262761
y,0.262761
Anger,0.262023
Appetite,0.262023
Beast,0.262023
Began,0.262023
Canst,0.262023
Cause,0.262023
Childe,0.262023
Choice,0.262023
Coffin,0.262023
Conscience,0.262023
Courage,0.262023
Darts,0.262023
Dash,0.262023
Descend,0.262023
Doth,0.262023
Draw,0.262023
Dwell,0.262023
Eagles,0.262023
Eyes,0.262023
FINIS,0.262023
Faces,0.262023
Fashion,0.262023
Fled,0.262023
Foe,0.262023
Forget,0.262023
Fury,0.262023
Genius,0.262023
Gentle,0.262023
Glory,0.262023
Hands,0.262023
Heard,0.262023
Honest,0.262023
Horses,0.262023
Husbands,0.262023
Ill,0.262023
Iron,0.262023
Least,0.262023
Lest,0.262023
Meet,0.262023
Memory,0.262023
Messenger,0.262023
Offices,0.262023
Order,0.262023
Produce,0.262023
Scene,0.262023
Season,0.262023
Secundus,0.262023
Shew,0.262023
Sirs,0.262023
Stands,0.262023
Tempest,0.262023
Thrice,0.262023
Torches,0.262023
Troy,0.262023
Tut,0.262023
Valour,0.262023
affrighted,0.262023
basest,0.262023
befriend,0.262023
blest,0.262023
bolts,0.262023
brutish,0.262023
buffet,0.262023
consorted,0.262023
cooling,0.262023
crouch,0.262023
daggers,0.262023
dip,0.262023
doo,0.262023
handy,0.262023
hazards,0.262023
interpose,0.262023
kindle,0.262023
lacks,0.262023
loath,0.262023
loosing,0.262023
maine,0.262023
mayest,0.262023
meddle,0.262023
melting,0.262023
mistook,0.262023
modestly,0.262023
mourn,0.262023
mutiny,0.262023
naughty,0.262023
notwithstanding,0.262023
obscurely,0.262023
promis,0.262023
rated,0.262023
repute,0.262023
returne,0.262023
sayings,0.262023
scorning,0.262023
spouts,0.262023
stares,0.262023
steeds,0.262023
strengthen,0.262023
surly,0.262023
tokens,0.262023
warnings,0.262023
whereto,0.262023
withal,0.262023
wring,0.262023
yawn,0.262023
Exit,0.230064
Fellow,0.228178
Traitors,0.228178
Letters,0.226921
lye,0.226921
Country,0.226293
Field,0.226293
Hath,0.226293
Spirits,0.226293
Thunder,0.226293
durst,0.226293
Fly,0.225664
ore,0.225664
suite,0.225664
Age,0.225035
Bond,0.225035
Clouds,0.225035
Fare,0.225035
Wife,0.225035
Cry,0.224407
Hart,0.224407
Prepare,0.224407
Th,0.224407
Welcome,0.224407
Wine,0.224407
beseech,0.224407
hart,0.224407
valiant,0.224407
Comes,0.223778
Dost,0.223778
Name,0.223778
Point,0.223778
Ring,0.223778
Soldiers,0.223778
beholding,0.223778
intreat,0.223778
lusty,0.223778
ope,0.223778
slew,0.223778
strokes,0.223778
twas,0.223778
writ,0.223778
wrongs,0.223778
Charge,0.22315
Crying,0.22315
Curse,0.22315
Dinner,0.22315
Fast,0.22315
Fill,0.22315
Fire,0.22315
Grant,0.22315
History,0.22315
Makes,0.22315
Marriage,0.22315
Mount,0.22315
Numbers,0.22315
Office,0.22315
Passion,0.22315
Rest,0.22315
Safe,0.22315
Seek,0.22315
Sisters,0.22315
Soft,0.22315
Strike,0.22315
Thoughts,0.22315
Tower,0.22315
Treason,0.22315
Whereto,0.22315
Whilst,0.22315
Winds,0.22315
Woe,0.22315
amaze,0.22315
annoy,0.22315
apace,0.22315
augmented,0.22315
bang,0.22315
boldest,0.22315
buzzing,0.22315
costly,0.22315
courtesies,0.22315
dint,0.22315
disclose,0.22315
disperse,0.22315
disposing,0.22315
excepted,0.22315
feeds,0.22315
float,0.22315
fortunate,0.22315
fret,0.22315
frighted,0.22315
gliding,0.22315
grudge,0.22315
hew,0.22315
humours,0.22315
indifferently,0.22315
inflame,0.22315
insupportable,0.22315
kissing,0.22315
mightier,0.22315
ninth,0.22315
offences,0.22315
partake,0.22315
perils,0.22315
prick,0.22315
prostrate,0.22315
recount,0.22315
redder,0.22315
richest,0.22315
scope,0.22315
slighted,0.22315
spectacle,0.22315
sports,0.22315
stale,0.22315
suffers,0.22315
thirsty,0.22315
threats,0.22315
whilst,0.22315
whit,0.22315
youths,0.22315
Caesar,0.216085
Sword,0.197857
Army,0.194622
wee,0.194622
Heart,0.193544
Madam,0.193544
Enter,0.193269
Fortune,0.193005
Hand,0.192466
Powers,0.192466
commend,0.192466
sway,0.192466
wherefore,0.192466
yonder,0.192466
Beware,0.191927
Face,0.191927
Faith,0.191927
Seeing,0.191927
Wherein,0.191927
bathe,0.191927
beware,0.191927
bids,0.191927
bury,0.191927
c,0.191927
condemn,0.191927
dangers,0.191927
ne,0.191927
strife,0.191927
swore,0.191927
throng,0.191927
thrusting,0.191927
Birds,0.191388
Directly,0.191388
Ere,0.191388
Flowers,0.191388
Gray,0.191388
Power,0.191388
School,0.191388
Shake,0.191388
Song,0.191388
Sound,0.191388
Story,0.191388
Supper,0.191388
Watch,0.191388
Wrath,0.191388
appoint,0.191388
ascend,0.191388
astonish,0.191388
bonds,0.191388
bowl,0.191388
clap,0.191388
commended,0.191388
corruption,0.191388
current,0.191388
cuts,0.191388
decree,0.191388
defeat,0.191388
enforced,0.191388
engagements,0.191388
enlarge,0.191388
graze,0.191388
hates,0.191388
hinder,0.191388
imminent,0.191388
lamented,0.191388
leaden,0.191388
litter,0.191388
loads,0.191388
malice,0.191388
mortified,0.191388
noted,0.191388
parley,0.191388
praising,0.191388
praying,0.191388
prodigious,0.191388
ranging,0.191388
resort,0.191388
rob,0.191388
salutation,0.191388
scolding,0.191388
seest,0.191388
spake,0.191388
subtle,0.191388
tending,0.191388
trod,0.191388
wast,0.191388
whereof,0.191388
yon,0.191388
Gods,0.175657
Friends,0.17473
Romans,0.172412
Friend,0.171949
l,0.171949
shew,0.170558
ho,0.168241
Ambition,0.165924
Earth,0.165924
State,0.165924
Woman,0.165924
Yea,0.16546
oft,0.16546
wherein,0.16546
Ages,0.164997
C,0.164997
Italy,0.164997
Send,0.164997
Wherefore,0.164997
banish,0.164997
deaths,0.164997
gallant,0.164997
i,0.164997
marching,0.164997
pre,0.164997
rash,0.164997
slay,0.164997
sometime,0.164997
Angel,0.164533
Arm,0.164533
Aye,0.164533
Beauty,0.164533
Bird,0.164533
Birth,0.164533
Cannot,0.164533
Daughter,0.164533
Eye,0.164533
Fetch,0.164533
Ho,0.164533
Rule,0.164533
Silence,0.164533
Women,0.164533
Wood,0.164533
Words,0.164533
abuse,0.164533
arises,0.164533
bath,0.164533
beards,0.164533
befall,0.164533
bidding,0.164533
bowels,0.164533
conceit,0.164533
conceited,0.164533
decay,0.164533
disturbed,0.164533
downward,0.164533
dreamt,0.164533
dropt,0.164533
enclosed,0.164533
entreat,0.164533
entreated,0.164533
fasten,0.164533
feeding,0.164533
flattery,0.164533
flourish,0.164533
fuller,0.164533
furnish,0.164533
glories,0.164533
grasped,0.164533
greeting,0.164533
impart,0.164533
labouring,0.164533
liable,0.164533
lofty,0.164533
lowly,0.164533
opens,0.164533
petty,0.164533
pledge,0.164533
ruddy,0.164533
scratch,0.164533
shell,0.164533
sighted,0.164533
signified,0.164533
slaughter,0.164533
stricken,0.164533
threat,0.164533
valour,0.164533
vouchsafe,0.164533
voyage,0.164533
wont,0.164533
yea,0.164533
doth,0.152413
Mark,0.146444
Boy,0.146046
Spirit,0.145648
Set,0.143261
Blood,0.142863
wounds,0.142863
Farewell,0.142465
bee,0.142465
Lady,0.142067
Read,0.142067
Run,0.142067
Stay,0.142067
Wise,0.142067
deeds,0.142067
permission,0.142067
According,0.141669
Answer,0.141669
Bring,0.141669
Crown,0.141669
Hell,0.141669
Morning,0.141669
Speak,0.141669
Yours,0.141669
betimes,0.141669
bleed,0.141669
bleeding,0.141669
exalted,0.141669
groaning,0.141669
nod,0.141669
sights,0.141669
store,0.141669
Early,0.141271
Except,0.141271
Honour,0.141271
Land,0.141271
Listen,0.141271
Might,0.141271
Ocean,0.141271
Sure,0.141271
Twas,0.141271
Ye,0.141271
ambitious,0.141271
arguing,0.141271
brim,0.141271
canst,0.141271
carries,0.141271
commit,0.141271
compact,0.141271
determined,0.141271
discourse,0.141271
dyed,0.141271
establish,0.141271
expectation,0.141271
farthest,0.141271
fir,0.141271
flattered,0.141271
glanced,0.141271
hangs,0.141271
hatch,0.141271
hazard,0.141271
henceforth,0.141271
hides,0.141271
impatiently,0.141271
instances,0.141271
knot,0.141271
lodge,0.141271
merrily,0.141271
pipes,0.141271
posture,0.141271
proceeding,0.141271
purchase,0.141271
range,0.141271
resting,0.141271
rests,0.141271
slippery,0.141271
sting,0.141271
strikes,0.141271
tempted,0.141271
threaten,0.141271
voluntary,0.141271
weeping,0.141271
wreath,0.141271
hath,0.130276
World,0.125174
hast,0.125174
Brother,0.124494
Peace,0.124494
tis,0.124494
Art,0.122793
thrice,0.122113
Know,0.121773
Pardon,0.121773
monstrous,0.121773
shalt,0.121773
thine,0.121773
wilt,0.121773
wisely,0.121773
Death,0.121432
Free,0.121432
Gentlemen,0.121432
Hence,0.121432
People,0.121432
tempt,0.121432
th,0.121432
toward,0.121432
Better,0.121092
Hill,0.121092
Remember,0.121092
Sea,0.121092
blunt,0.121092
breed,0.121092
demand,0.121092
dost,0.121092
fiery,0.121092
intended,0.121092
mourning,0.121092
touches,0.121092
tremble,0.121092
Any,0.120752
Came,0.120752
Follow,0.120752
Immediately,0.120752
Out,0.120752
Shakespeare,0.120752
acting,0.120752
apply,0.120752
banished,0.120752
breathed,0.120752
brook,0.120752
calculate,0.120752
confounded,0.120752
crooked,0.120752
cursed,0.120752
damned,0.120752
depend,0.120752
descend,0.120752
determine,0.120752
disposed,0.120752
embrace,0.120752
encounter,0.120752
execution,0.120752
foam,0.120752
heed,0.120752
insisted,0.120752
intend,0.120752
lane,0.120752
latest,0.120752
lend,0.120752
mend,0.120752
owe,0.120752
passions,0.120752
piercing,0.120752
pluck,0.120752
plunged,0.120752
presents,0.120752
raw,0.120752
regarded,0.120752
repose,0.120752
scorn,0.120752
sighing,0.120752
sleepy,0.120752
slumber,0.120752
spirited,0.120752
strings,0.120752
verses,0.120752
wander,0.120752
worldly,0.120752
st,0.113358
Rome,0.11307
Thou,0.106436
Roman,0.106147
March,0.10557
Master,0.105282
Tis,0.105282
bloody,0.104705
directly,0.104417
vile,0.104417
em,0.10384
ere,0.103551
offended,0.103551
Away,0.103263
constant,0.103263
Children,0.102974
Mother,0.102974
de,0.102974
depart,0.102974
ha,0.102974
ordinary,0.102974
stare,0.102974
swell,0.102974
Either,0.102686
Life,0.102686
apt,0.102686
bay,0.102686
destruction,0.102686
fearing,0.102686
holy,0.102686
humour,0.102686
leads,0.102686
quality,0.102686
render,0.102686
Against,0.102397
Head,0.102397
Much,0.102397
North,0.102397
Right,0.102397
South,0.102397
Things,0.102397
Think,0.102397
ascended,0.102397
betray,0.102397
blaze,0.102397
causes,0.102397
compare,0.102397
count,0.102397
crept,0.102397
debt,0.102397
degrees,0.102397
drops,0.102397
errand,0.102397
fierce,0.102397
flash,0.102397
fold,0.102397
gracious,0.102397
hideous,0.102397
killing,0.102397
lift,0.102397
mood,0.102397
neglect,0.102397
obey,0.102397
perform,0.102397
planted,0.102397
prey,0.102397
prize,0.102397
property,0.102397
protest,0.102397
rightly,0.102397
rushing,0.102397
seal,0.102397
shapes,0.102397
shouting,0.102397
slip,0.102397
sober,0.102397
swim,0.102397
touching,0.102397
train,0.102397
troubled,0.102397
vanish,0.102397
wrought,0.102397
thee,0.0988439
Stand,0.0889353
farewell,0.087002
Ha,0.0867603
base,0.0867603
deed,0.0867603
Should,0.0865186
faults,0.0865186
feeble,0.0865186
Hold,0.0862769
Make,0.0862769
Nature,0.0862769
Whose,0.0862769
Within,0.0862769
awe,0.0862769
bend,0.0862769
brings,0.0862769
honourable,0.0862769
huge,0.0862769
East,0.0860353
Mine,0.0860353
abide,0.0860353
alas,0.0860353
bestow,0.0860353
contented,0.0860353
credit,0.0860353
impatience,0.0860353
issue,0.0860353
married,0.0860353
offence,0.0860353
parting,0.0860353
practice,0.0860353
prepare,0.0860353
shed,0.0860353
wing,0.0860353
Among,0.0857936
Him,0.0857936
Me,0.0857936
Next,0.0857936
Round,0.0857936
Sit,0.0857936
Through,0.0857936
Were,0.0857936
[The,0.0857936
acquainted,0.0857936
affection,0.0857936
agree,0.0857936
appearing,0.0857936
bar,0.0857936
barren,0.0857936
beaten,0.0857936
becomes,0.0857936
benefit,0.0857936
catching,0.0857936
climb,0.0857936
constantly,0.0857936
curse,0.0857936
defence,0.0857936
doubted,0.0857936
dropping,0.0857936
dust,0.0857936
dwelling,0.0857936
enemies,0.0857936
entire,0.0857936
feast,0.0857936
formed,0.0857936
hedge,0.0857936
horrid,0.0857936
hungry,0.0857936
immediate,0.0857936
indifferent,0.0857936
knock,0.0857936
labour,0.0857936
liberty,0.0857936
list,0.0857936
lowest,0.0857936
marry,0.0857936
mock,0.0857936
needs,0.0857936
opinions,0.0857936
outward,0.0857936
pocket,0.0857936
presume,0.0857936
pulling,0.0857936
rent,0.0857936
ripe,0.0857936
roar,0.0857936
shouted,0.0857936
sickly,0.0857936
stake,0.0857936
suffered,0.0857936
swallow,0.0857936
sweetly,0.0857936
thither,0.0857936
tops,0.0857936
vanished,0.0857936
wake,0.0857936
woe,0.0857936
thy,0.0795893
Night,0.074217
thou,0.0725011
Into,0.0714314
Say,0.0712324
borne,0.0712324
endure,0.0712324
Being,0.0710334
Call,0.0710334
House,0.0710334
Quite,0.0710334
Till,0.0710334
content,0.0710334
fingers,0.0710334
holds,0.0710334
shout,0.0710334
smiles,0.0710334
Day,0.0708344
None,0.0708344
assure,0.0708344
condition,0.0708344
defend,0.0708344
partly,0.0708344
proceeded,0.0708344
raise,0.0708344
sees,0.0708344
sell,0.0708344
slept,0.0708344
softly,0.0708344
start,0.0708344
Pray,0.0706355
Put,0.0706355
acted,0.0706355
arose,0.0706355
ashamed,0.0706355
beast,0.0706355
blew,0.0706355
chose,0.0706355
concluded,0.0706355
confidence,0.0706355
decline,0.0706355
desires,0.0706355
elder,0.0706355
empty,0.0706355
expect,0.0706355
fare,0.0706355
fed,0.0706355
fright,0.0706355
glory,0.0706355
glow,0.0706355
heap,0.0706355
hidden,0.0706355
lights,0.0706355
likes,0.0706355
mention,0.0706355
minded,0.0706355
motion,0.0706355
mouths,0.0706355
necessary,0.0706355
notice,0.0706355
ordered,0.0706355
plague,0.0706355
puts,0.0706355
reading,0.0706355
reasons,0.0706355
refuse,0.0706355
returning,0.0706355
satisfaction,0.0706355
secrets,0.0706355
sensible,0.0706355
shine,0.0706355
spare,0.0706355
sport,0.0706355
star,0.0706355
suffering,0.0706355
touched,0.0706355
trembled,0.0706355
value,0.0706355
vision,0.0706355
wasted,0.0706355
wept,0.0706355
wound,0.0706355
O,0.0675505
morrow,0.0589271
bid,0.058448
Thy,0.0581286
mighty,0.0581286
Men,0.0576495
Alas,0.0574898
Therefore,0.0574898
fashion,0.0574898
hither,0.0574898
blame,0.0573301
sake,0.0571704
Get,0.0570107
Old,0.0570107
consent,0.0570107
consider,0.0570107
dwell,0.0570107
dying,0.0570107
friendly,0.0570107
haste,0.0570107
abroad,0.056851
begins,0.056851
bold,0.056851
cast,0.056851
ease,0.056851
ended,0.056851
impossible,0.056851
merry,0.056851
offered,0.056851
pleasures,0.056851
purposes,0.056851
push,0.056851
slight,0.056851
stones,0.056851
street,0.056851
Great,0.0566914
OF,0.0566914
Three,0.0566914
William,0.0566914
according,0.0566914
action,0.0566914
attempt,0.0566914
brow,0.0566914
consequence,0.0566914
crowd,0.0566914
fears,0.0566914
fields,0.0566914
flame,0.0566914
force,0.0566914
gaze,0.0566914
grey,0.0566914
hang,0.0566914
headed,0.0566914
height,0.0566914
hopes,0.0566914
money,0.0566914
naked,0.0566914
oath,0.0566914
painted,0.0566914
party,0.0566914
pitch,0.0566914
pleasing,0.0566914
praise,0.0566914
presented,0.0566914
reflection,0.0566914
request,0.0566914
shot,0.0566914
smallest,0.0566914
smell,0.0566914
stretch,0.0566914
tear,0.0566914
wash,0.0566914
wounded,0.0566914
yes,0.0566914
Sir,0.0457543
Most,0.0447677
hence,0.0447677
Must,0.0443978
pray,0.0443978
satisfied,0.0443978
sir,0.0443978
fetch,0.0442744
honour,0.0442744
welcome,0.0442744
King,0.0441511
See,0.0441511
behold,0.0441511
grace,0.0441511
health,0.0441511
presently,0.0441511
About,0.0440278
Both,0.0440278
Thus,0.0440278
buried,0.0440278
fault,0.0440278
hundred,0.0440278
idle,0.0440278
loose,0.0440278
manner,0.0440278
opinion,0.0440278
parts,0.0440278
patient,0.0440278
regard,0.0440278
ride,0.0440278
visit,0.0440278
More,0.0439044
added,0.0439044
aside,0.0439044
beside,0.0439044
bones,0.0439044
choose,0.0439044
colour,0.0439044
crown,0.0439044
eight,0.0439044
familiar,0.0439044
fled,0.0439044
knee,0.0439044
knees,0.0439044
mad,0.0439044
names,0.0439044
ours,0.0439044
rid,0.0439044
teeth,0.0439044
terrible,0.0439044
whisper,0.0439044
Father,0.0437811
THE,0.0437811
Time,0.0437811
Without,0.0437811
absence,0.0437811
absent,0.0437811
afterwards,0.0437811
allow,0.0437811
buy,0.0437811
difference,0.0437811
drawing,0.0437811
eagerly,0.0437811
early,0.0437811
earnest,0.0437811
eating,0.0437811
enemy,0.0437811
farther,0.0437811
fond,0.0437811
grant,0.0437811
guilty,0.0437811
hole,0.0437811
immediately,0.0437811
instantly,0.0437811
lighted,0.0437811
lips,0.0437811
listen,0.0437811
lying,0.0437811
otherwise,0.0437811
paid,0.0437811
pause,0.0437811
points,0.0437811
putting,0.0437811
quarter,0.0437811
rage,0.0437811
remain,0.0437811
report,0.0437811
rude,0.0437811
rule,0.0437811
safely,0.0437811
search,0.0437811
shadow,0.0437811
sits,0.0437811
sought,0.0437811
space,0.0437811
spirits,0.0437811
stands,0.0437811
tale,0.0437811
throwing,0.0437811
trust,0.0437811
warning,0.0437811
Lord,0.0356092
Good,0.0336408
Be,0.0330146
stay,0.0330146
cause,0.0329251
thus,0.0328356
hearts,0.0325672
worthy,0.0324777
kill,0.0323883
awake,0.0322988
streets,0.0322988
Nay,0.0322093
respect,0.0322093
Am,0.0321199
Tell,0.0321199
fight,0.0321199
ye,0.0321199
Had,0.0320304
Whether,0.0320304
deny,0.0320304
honest,0.0320304
number,0.0320304
point,0.0320304
purpose,0.0320304
sad,0.0320304
temper,0.0320304
Besides,0.0319409
Indeed,0.0319409
answered,0.0319409
desire,0.0319409
greater,0.0319409
hot,0.0319409
matters,0.0319409
promise,0.0319409
sort,0.0319409
speech,0.0319409
strike,0.0319409
truly,0.0319409
wife,0.0319409
Because,0.0318514
Before,0.0318514
appear,0.0318514
break,0.0318514
charge,0.0318514
comfort,0.0318514
die,0.0318514
false,0.0318514
growing,0.0318514
higher,0.0318514
hung,0.0318514
narrow,0.0318514
nights,0.0318514
o,0.0318514
silence,0.0318514
speed,0.0318514
spot,0.0318514
state,0.0318514
third,0.0318514
throw,0.0318514
weary,0.0318514
willing,0.0318514
wine,0.0318514
women,0.0318514
First,0.031762
Man,0.031762
Since,0.031762
beginning,0.031762
below,0.031762
besides,0.031762
beyond,0.031762
burst,0.031762
case,0.031762
dull,0.031762
ears,0.031762
easily,0.031762
enter,0.031762
far,0.031762
fine,0.031762
former,0.031762
hill,0.031762
horse,0.031762
looking,0.031762
lose,0.031762
nice,0.031762
oh,0.031762
opening,0.031762
passion,0.031762
path,0.031762
places,0.031762
presence,0.031762
pure,0.031762
quick,0.031762
safety,0.031762
setting,0.031762
simple,0.031762
single,0.031762
sounds,0.031762
stone,0.031762
stronger,0.031762
taking,0.031762
teach,0.031762
thank,0.031762
tried,0.031762
turning,0.031762
view,0.031762
waited,0.031762
wide,0.031762
wretched,0.031762
Which,0.0218482
wrong,0.021617
blood,0.0215592
forth,0.0215592
art,0.0215014
Our,0.0212702
comes,0.0212124
Go,0.0210968
body,0.0210968
words,0.0210968
Nor,0.021039
strong,0.021039
bring,0.0209812
gentle,0.0209812
send,0.0209812
t,0.0209812
Not,0.0209234
along,0.0209234
change,0.0209234
dangerous,0.0209234
Or,0.0208656
These,0.0208656
therefore,0.0208656
further,0.0208078
ill,0.0208078
offer,0.0208078
pardon,0.0208078
Some,0.02075
Yes,0.02075
hide,0.02075
note,0.02075
peace,0.02075
power,0.02075
side,0.02075
spoke,0.02075
Their,0.0206922
Those,0.0206922
does,0.0206922
heads,0.0206922
ought,0.0206922
present,0.0206922
straight,0.0206922
taken,0.0206922
God,0.0206344
May,0.0206344
Was,0.0206344
already,0.0206344
become,0.0206344
drop,0.0206344
led,0.0206344
proper,0.0206344
sleep,0.0206344
taste,0.0206344
thinking,0.0206344
thoughts,0.0206344
touch,0.0206344
Take,0.0205766
begin,0.0205766
bent,0.0205766
bow,0.0205766
danger,0.0205766
duty,0.0205766
effect,0.0205766
houses,0.0205766
humble,0.0205766
makes,0.0205766
mean,0.0205766
nature,0.0205766
need,0.0205766
order,0.0205766
pay,0.0205766
perhaps,0.0205766
poor,0.0205766
sorry,0.0205766
speaking,0.0205766
towards,0.0205766
worst,0.0205766
Another,0.0205188
also,0.0205188
arm,0.0205188
beat,0.0205188
boy,0.0205188
company,0.0205188
faint,0.0205188
fat,0.0205188
fill,0.0205188
followed,0.0205188
foolish,0.0205188
guard,0.0205188
hate,0.0205188
hearing,0.0205188
hollow,0.0205188
large,0.0205188
neither,0.0205188
person,0.0205188
piece,0.0205188
rose,0.0205188
seat,0.0205188
shape,0.0205188
shoulder,0.0205188
sides,0.0205188
silent,0.0205188
soft,0.0205188
sometimes,0.0205188
sounded,0.0205188
standing,0.0205188
terror,0.0205188
threw,0.0205188
twenty,0.0205188
waste,0.0205188
whether,0.0205188
d,0.01596
shall,0.0129307
man,0.0115563
Will,0.0108831
much,0.0107148
This,0.0106307
Is,0.0105746
which,0.0105746
word,0.0104904
Shall,0.0104343
fire,0.0104343
heart,0.0104343
true,0.0104343
Did,0.0103782
things,0.0103782
Yet,0.0103502
hands,0.0103221
name,0.0103221
Are,0.0102941
better,0.0102941
follow,0.0102941
other,0.0102941
Do,0.010266
Your,0.010266
bad,0.010266
fell,0.010266
very,0.010266
answer,0.010238
first,0.010238
full,0.0102099
hold,0.0102099
matter,0.0102099
common,0.0101819
enough,0.0101819
rest,0.0101819
sure,0.0101819
cry,0.0101538
get,0.0101538
hard,0.0101538
last,0.0101538
rather,0.0101538
strange,0.0101538
yours,0.0101538
being,0.0101258
people,0.0101258
three,0.0101258
Like,0.0100977
both,0.0100977
cold,0.0100977
cut,0.0100977
new,0.0100977
patience,0.0100977
shake,0.0100977
together,0.0100977
course,0.0100697
fit,0.0100697
light,0.0100697
re,0.0100697
read,0.0100697
remember,0.0100697
right,0.0100697
since,0.0100697
smile,0.0100697
worth,0.0100697
Would,0.0100416
almost,0.0100416
doubt,0.0100416
fellow,0.0100416
glad,0.0100416
goes,0.0100416
least,0.0100416
lies,0.0100416
pleasure,0.0100416
spirit,0.0100416
worse,0.0100416
An,0.0100136
From,0.0100136
Though,0.0100136
held,0.0100136
hope,0.0100136
late,0.0100136
mouth,0.0100136
ran,0.0100136
safe,0.0100136
second,0.0100136
shame,0.0100136
though,0.0100136
trouble,0.0100136
truth,0.0100136
turn,0.0100136
walk,0.0100136
At,0.00998553
She,0.00998553
Two,0.00998553
bound,0.00998553
care,0.00998553
chance,0.00998553
forget,0.00998553
fresh,0.00998553
friends,0.00998553
grow,0.00998553
knew,0.00998553
often,0.00998553
open,0.00998553
pale,0.00998553
question,0.00998553
rich,0.00998553
seem,0.00998553
smiling,0.00998553
something,0.00998553
sorrow,0.00998553
strength,0.00998553
try,0.00998553
walking,0.00998553
watch,0.00998553
whole,0.00998553
whose,0.00998553
wonder,0.00998553
yesterday,0.00998553
After,0.00995748
],0.00995748
among,0.00995748
ask,0.00995748
because,0.00995748
begun,0.00995748
blow,0.00995748
bright,0.00995748
cried,0.00995748
draw,0.00995748
earth,0.00995748
learn,0.00995748
met,0.00995748
possible,0.00995748
proud,0.00995748
quite,0.00995748
saying,0.00995748
seen,0.00995748
sent,0.00995748
share,0.00995748
stop,0.00995748
talk,0.00995748
taught,0.00995748
thousand,0.00995748
wait,0.00995748
water,0.00995748
whom,0.00995748
woman,0.00995748
A,0.0
All,0.0
And,0.0
As,0.0
But,0.0
By,0.0
Can,0.0
Come,0.0
For,0.0
He,0.0
Here,0.0
His,0.0
How,0.0
I,0.0
If,0.0
In,0.0
It,0.0
Let,0.0
My,0.0
No,0.0
Nothing,0.0
Now,0.0
Of,0.0
On,0.0
One,0.0
So,0.0
Such,0.0
That,0.0
The,0.0
Then,0.0
There,0.0
They,0.0
To,0.0
We,0.0
Well,0.0
What,0.0
When,0.0
Where,0.0
While,0.0
Who,0.0
Why,0.0
With,0.0
You,0.0
a,0.0
about,0.0
after,0.0
against,0.0
age,0.0
all,0.0
alone,0.0
am,0.0
an,0.0
and,0.0
angry,0.0
another,0.0
any,0.0
are,0.0
as,0.0
at,0.0
away,0.0
back,0.0
be,0.0
bed,0.0
before,0.0
best,0.0
breath,0.0
brought,0.0
but,0.0
by,0.0
call,0.0
came,0.0
can,0.0
cannot,0.0
close,0.0
come,0.0
could,0.0
dare,0.0
day,0.0
dead,0.0
death,0.0
did,0.0
do,0.0
done,0.0
each,0.0
else,0.0
end,0.0
eye,0.0
eyes,0.0
face,0.0
faces,0.0
fall,0.0
fast,0.0
fear,0.0
foot,0.0
for,0.0
forgot,0.0
found,0.0
free,0.0
friend,0.0
from,0.0
gently,0.0
go,0.0
going,0.0
gone,0.0
good,0.0
great,0.0
ground,0.0
had,0.0
hand,0.0
happy,0.0
has,0.0
he,0.0
head,0.0
heard,0.0
her,0.0
here,0.0
high,0.0
him,0.0
his,0.0
home,0.0
house,0.0
how,0.0
if,0.0
in,0.0
indeed,0.0
into,0.0
is,0.0
it,0.0
know,0.0
laugh,0.0
lay,0.0
left,0.0
let,0.0
life,0.0
like,0.0
little,0.0
long,0.0
look,0.0
lost,0.0
made,0.0
make,0.0
making,0.0
many,0.0
may,0.0
me,0.0
meet,0.0
men,0.0
might,0.0
mine,0.0
more,0.0
morning,0.0
most,0.0
must,0.0
my,0.0
next,0.0
night,0.0
no,0.0
noise,0.0
none,0.0
nor,0.0
not,0.0
nothing,0.0
now,0.0
of,0.0
off,0.0
old,0.0
on,0.0
once,0.0
one,0.0
or,0.0
our,0.0
out,0.0
part,0.0
past,0.0
place,0.0
please,0.0
put,0.0
ready,0.0
reason,0.0
red,0.0
rise,0.0
round,0.0
run,0.0
s,0.0
said,0.0
same,0.0
saw,0.0
say,0.0
secret,0.0
see,0.0
set,0.0
she,0.0
should,0.0
sight,0.0
sit,0.0
so,0.0
some,0.0
sound,0.0
speak,0.0
stand,0.0
still,0.0
stood,0.0
such,0.0
sweet,0.0
take,0.0
tell,0.0
that,0.0
the,0.0
their,0.0
them,0.0
then,0.0
there,0.0
these,0.0
they,0.0
thing,0.0
think,0.0
this,0.0
those,0.0
thought,0.0
through,0.0
till,0.0
time,0.0
times,0.0
to,0.0
told,0.0
tongue,0.0
too,0.0
two,0.0
want,0.0
was,0.0
way,0.0
we,0.0
well,0.0
went,0.0
were,0.0
what,0.0
when,0.0
where,0.0
while,0.0
who,0.0
why,0.0
will,0.0
wise,0.0
wish,0.0
with,0.0
within,0.0
without,0.0
world,0.0
would,0.0
write,0.0
yet,0.0
you,0.0
young,0.0
your,0.0
