Macb,0.697163
Macbeth,0.588958
Macd,0.584686
Rosse,0.571873
Banquo,0.557635
Lenox,0.541974
Mal,0.537703
Thane,0.537703
Banq,0.536279
Cawdor,0.532008
Doct,0.530584
Macduffe,0.527736
Sey,0.526313
Malc,0.523465
Malcolme,0.520618
Duncan,0.516346
Seyward,0.516346
Fleans,0.514923
Macduff,0.514923
Murth,0.514923
Dunsinane,0.513499
Witches,0.513499
Donalbaine,0.512075
Angus,0.510651
Seyton,0.510651
Thanes,0.510651
Cauldron,0.509228
Hostesse,0.509228
Len,0.509228
Ment,0.509228
Porter,0.509228
Title,0.509228
powre,0.509228
Ang,0.507804
Appar,0.507804
Byrnane,0.507804
Deuill,0.507804
Fleance,0.507804
Glamys,0.507804
Macbeths,0.507804
Murtherers,0.507804
Quarta,0.507804
Scaena,0.507804
scorne,0.507804
toth,0.507804
Castles,0.50638
Cath,0.50638
Dayes,0.50638
Duncane,0.50638
Duncans,0.50638
Equiuocator,0.50638
Feares,0.50638
Front,0.50638
Groomes,0.50638
Hayle,0.50638
Hecat,0.50638
Host,0.50638
Issue,0.50638
Kernes,0.50638
Mallice,0.50638
Norweyan,0.50638
Pallace,0.50638
Partner,0.50638
Quinta,0.50638
Scone,0.50638
Sexta,0.50638
charg,0.50638
misse,0.50638
mouncht,0.50638
weyward,0.50638
Apparation,0.504957
Armor,0.504957
Auarice,0.504957
Banners,0.504957
Birnane,0.504957
Byrnan,0.504957
Caldron,0.504957
Cathnes,0.504957
Charmes,0.504957
Clock,0.504957
Cure,0.504957
Darknesse,0.504957
Disease,0.504957
Donal,0.504957
Donalbane,0.504957
Duties,0.504957
Esteeme,0.504957
Fancies,0.504957
Hec,0.504957
Heccats,0.504957
Ingredience,0.504957
Key,0.504957
Kingdomes,0.504957
Kinsman,0.504957
Kinsmen,0.504957
Knell,0.504957
Lecherie,0.504957
Loyall,0.504957
Malcolm,0.504957
Med,0.504957
Menteth,0.504957
Mercifull,0.504957
Mindes,0.504957
Quarry,0.504957
Reuolt,0.504957
Robes,0.504957
Roote,0.504957
Seedes,0.504957
Septima,0.504957
Seywards,0.504957
Sprights,0.504957
Swearers,0.504957
Syllable,0.504957
Toe,0.504957
Tooth,0.504957
Treasons,0.504957
Truths,0.504957
Weale,0.504957
awak,0.504957
beate,0.504957
boyle,0.504957
cleere,0.504957
cryes,0.504957
deserues,0.504957
fantasticall,0.504957
filthie,0.504957
forgiue,0.504957
gayne,0.504957
goodnesse,0.504957
harmes,0.504957
howle,0.504957
hums,0.504957
inuite,0.504957
ioyfull,0.504957
nam,0.504957
prouokes,0.504957
recoyle,0.504957
sences,0.504957
sightlesse,0.504957
sinkes,0.504957
sleepie,0.504957
supt,0.504957
the[m],0.504957
weyard,0.504957
wonne,0.504957
Accounted,0.503533
Actions,0.503533
Addage,0.503533
Adde,0.503533
Adders,0.503533
Aduise,0.503533
Affaires,0.503533
Agent,0.503533
Agents,0.503533
Alreadie,0.503533
Anthonies,0.503533
Antidote,0.503533
Approch,0.503533
Aroynt,0.503533
Artificiall,0.503533
Assassination,0.503533
Assisted,0.503533
Auant,0.503533
Auaricious,0.503533
Augures,0.503533
Authoriz,0.503533
Baboones,0.503533
Balles,0.503533
Balme,0.503533
Banquets,0.503533
Banquoh,0.503533
Barlet,0.503533
Beauteous,0.503533
Beldams,0.503533
Belzebub,0.503533
Bestride,0.503533
Birnan,0.503533
Birthdome,0.503533
Blade,0.503533
Blaspheming,0.503533
Bleed,0.503533
Blesse,0.503533
Blinde,0.503533
Blowes,0.503533
Bonelesse,0.503533
Bonfire,0.503533
Bosomes,0.503533
Bough,0.503533
Boughes,0.503533
Boundlesse,0.503533
Bounty,0.503533
Boyle,0.503533
Braggart,0.503533
Brandish,0.503533
Brests,0.503533
Bridegroome,0.503533
Broyle,0.503533
Buffets,0.503533
Butcher,0.503533
Buttrice,0.503533
Byrnam,0.503533
Cancell,0.503533
Candle,0.503533
Card,0.503533
Carried,0.503533
Caution,0.503533
Cawdron,0.503533
Censures,0.503533
Centinell,0.503533
Cesterne,0.503533
Chamberlaines,0.503533
Chambers,0.503533
Charnell,0.503533
Chawdron,0.503533
Cheekes,0.503533
Cheere,0.503533
Cherubin,0.503533
Chestnuts,0.503533
Chickens,0.503533
Chiefe,0.503533
Childhood,0.503533
Childrens,0.503533
Chimneys,0.503533
Chops,0.503533
Choughes,0.503533
Christendome,0.503533
Clamor,0.503533
Cloyster,0.503533
Coigne,0.503533
Colmekill,0.503533
Colmes,0.503533
Combustion,0.503533
Compell,0.503533
Conduct,0.503533
Conflict,0.503533
Confounds,0.503533
Confronted,0.503533
Consequence,0.503533
Consequences,0.503533
Conspirers,0.503533
Conuey,0.503533
Coole,0.503533
Cooz,0.503533
Coppie,0.503533
Corne,0.503533
Corner,0.503533
Cosine,0.503533
Cosins,0.503533
Counsailers,0.503533
Countreyes,0.503533
Countryman,0.503533
Cousins,0.503533
Cozen,0.503533
Cozens,0.503533
Cracks,0.503533
Craues,0.503533
Crauing,0.503533
Creepes,0.503533
Crickets,0.503533
Crueltie,0.503533
Curbing,0.503533
Curres,0.503533
Curriors,0.503533
Curtain,0.503533
Cyme,0.503533
Dames,0.503533
Damme,0.503533
Deadmans,0.503533
Deale,0.503533
Deaths,0.503533
Deceitfull,0.503533
Deed,0.503533
Demy,0.503533
Deny,0.503533
Destinie,0.503533
Destroying,0.503533
Deuils,0.503533
Deuotion,0.503533
Direction,0.503533
Direnesse,0.503533
Disasters,0.503533
Disdayning,0.503533
Disguising,0.503533
Dishes,0.503533
Dishonors,0.503533
Dismay,0.503533
Dispaire,0.503533
Dispute,0.503533
Distinguishes,0.503533
Ditch,0.503533
Diuellish,0.503533
Diuine,0.503533
Dogs,0.503533
Dollars,0.503533
Dolour,0.503533
Doome,0.503533
Doomes,0.503533
Doores,0.503533
Doubtfull,0.503533
Downey,0.503533
Dudgeon,0.503533
Duff,0.503533
Dunsmane,0.503533
Dy,0.503533
Earles,0.503533
Eccho,0.503533
Ecclipse,0.503533
Egge,0.503533
Elues,0.503533
Eminence,0.503533
Envernes,0.503533
Epicures,0.503533
Equiuocation,0.503533
Ermites,0.503533
Erre,0.503533
Euents,0.503533
Euill,0.503533
Euils,0.503533
Excite,0.503533
Expire,0.503533
Faile,0.503533
Fairies,0.503533
Farrow,0.503533
Fatall,0.503533
Faulcon,0.503533
Feasts,0.503533
Feat,0.503533
Fenny,0.503533
Feuer,0.503533
Feuorous,0.503533
Fiffe,0.503533
File,0.503533
Fillet,0.503533
Filthy,0.503533
Flyes,0.503533
Foggy,0.503533
Forke,0.503533
Fortifies,0.503533
Fortitude,0.503533
Foule,0.503533
Foundations,0.503533
Foysons,0.503533
Frailties,0.503533
Frogge,0.503533
Fume,0.503533
Gallowgrosses,0.503533
Garments,0.503533
Gashes,0.503533
Geese,0.503533
Gentry,0.503533
Gibbet,0.503533
Gin,0.503533
Goate,0.503533
Gospell,0.503533
Gouts,0.503533
Gown,0.503533
Graine,0.503533
Grandam,0.503533
Grapples,0.503533
Graspe,0.503533
Greaze,0.503533
Greene,0.503533
Grewell,0.503533
Greyhounds,0.503533
Gripe,0.503533
Groue,0.503533
Guardian,0.503533
Guests,0.503533
Guilt,0.503533
Gummes,0.503533
Hagges,0.503533
Hags,0.503533
Handle,0.503533
Hanging,0.503533
Hangmans,0.503533
Harbingers,0.503533
Harnesse,0.503533
Harpier,0.503533
Haruest,0.503533
Heark,0.503533
Hedge,0.503533
Heire,0.503533
Hemlocke,0.503533
Herbenger,0.503533
Hircan,0.503533
Hoast,0.503533
Homage,0.503533
Hose,0.503533
Houer,0.503533
Houre,0.503533
Howlets,0.503533
Humh,0.503533
Hurley,0.503533
Ideot,0.503533
Iealousies,0.503533
Iew,0.503533
Iewell,0.503533
Iewels,0.503533
Imaginings,0.503533
Impediments,0.503533
Impostors,0.503533
Inchanting,0.503533
Industrious,0.503533
Infirme,0.503533
Inhabitants,0.503533
Inne,0.503533
Instructions,0.503533
Interdiction,0.503533
Inuenter,0.503533
Iouiall,0.503533
Iourney,0.503533
Ioyes,0.503533
Iugling,0.503533
Iutty,0.503533
Kalender,0.503533
Killing,0.503533
Kite,0.503533
Knocking,0.503533
Kytes,0.503533
Labors,0.503533
Lampe,0.503533
Lappe,0.503533
Largesse,0.503533
Lease,0.503533
Lees,0.503533
Legges,0.503533
Lesser,0.503533
Letting,0.503533
Leuie,0.503533
Liars,0.503533
Lid,0.503533
Lifes,0.503533
Lime,0.503533
Linnen,0.503533
Listning,0.503533
Lizards,0.503533
Lockes,0.503533
Loone,0.503533
Lowlinesse,0.503533
Lyar,0.503533
Lyars,0.503533
Lymbeck,0.503533
Lyst,0.503533
MACBETH,0.503533
Macdonwald,0.503533
Macduffes,0.503533
Maggot,0.503533
Maides,0.503533
Malcolmes,0.503533
Malcome,0.503533
Malicious,0.503533
Malkin,0.503533
Mankinde,0.503533
Mansonry,0.503533
Masking,0.503533
Masterdome,0.503533
Maw,0.503533
Mawes,0.503533
Meale,0.503533
Meete,0.503533
Meeting,0.503533
Melted,0.503533
Metaphysicall,0.503533
Minion,0.503533
Minions,0.503533
Mischance,0.503533
Mischiefe,0.503533
Missiues,0.503533
Mistresse,0.503533
Moderne,0.503533
Monkie,0.503533
Monsters,0.503533
Monuments,0.503533
Mortalitie,0.503533
Moues,0.503533
Mowsing,0.503533
Mummey,0.503533
Mungrels,0.503533
Natio[n],0.503533
Nauigation,0.503533
Neere,0.503533
Nerues,0.503533
Net,0.503533
Neutrall,0.503533
Newt,0.503533
Nipple,0.503533
Noblenesse,0.503533
Nobles,0.503533
Norwayes,0.503533
Notion,0.503533
Obliuious,0.503533
Offrings,0.503533
Oftner,0.503533
Oracles,0.503533
Ornament,0.503533
Orphans,0.503533
Owne,0.503533
Padock,0.503533
Pallaces,0.503533
Parricide,0.503533
Particular,0.503533
Patch,0.503533
Peeres,0.503533
Performe,0.503533
Perseuerance,0.503533
Pertaines,0.503533
Physicks,0.503533
Physitian,0.503533
Pigge,0.503533
Pillowes,0.503533
Pilots,0.503533
Pitfall,0.503533
Plentie,0.503533
Possets,0.503533
Posters,0.503533
Poure,0.503533
Powre,0.503533
Poyson,0.503533
Prayses,0.503533
Predecessors,0.503533
Prepares,0.503533
Producing,0.503533
Professe,0.503533
Professions,0.503533
Profit,0.503533
Prologues,0.503533
Pronounce,0.503533
Prophecying,0.503533
Prophetique,0.503533
Protest,0.503533
Prowesse,0.503533
Purgatiue,0.503533
Purueyor,0.503533
Pyes,0.503533
Pyramids,0.503533
Quarrels,0.503533
Quarters,0.503533
Rabbles,0.503533
Rancours,0.503533
Rayne,0.503533
Raze,0.503533
Rebells,0.503533
Rebels,0.503533
Receit,0.503533
Receiue,0.503533
Recompence,0.503533
Reigne,0.503533
Relation,0.503533
Remaines,0.503533
Remembrancer,0.503533
Remoue,0.503533
Renowne,0.503533
Retyre,0.503533
Reuenges,0.503533
Reuolts,0.503533
Rhinoceros,0.503533
Ribbes,0.503533
Riddles,0.503533
Ronyon,0.503533
Rookes,0.503533
Rookie,0.503533
Royaltie,0.503533
Royalty,0.503533
Rubarb,0.503533
Rubie,0.503533
Rubs,0.503533
Rugs,0.503533
Safeties,0.503533
Sainted,0.503533
Sauagely,0.503533
Scarsely,0.503533
Scepters,0.503533
Sceptred,0.503533
Schreemes,0.503533
Scorpions,0.503533
Scruples,0.503533
Seare,0.503533
Seize,0.503533
Sences,0.503533
Senit,0.503533
Serieant,0.503533
Seu,0.503533
Sewer,0.503533
Seyt,0.503533
Seyw,0.503533
Shaft,0.503533
Shee,0.503533
Shield,0.503533
Shift,0.503533
Shipwracking,0.503533
Showghes,0.503533
Siedge,0.503533
Signifying,0.503533
Sinells,0.503533
Sinfull,0.503533
Sirrha,0.503533
Skarfe,0.503533
Skreenes,0.503533
Slippes,0.503533
Sliuer,0.503533
Snares,0.503533
Snores,0.503533
Sodaine,0.503533
Soris,0.503533
Souldiership,0.503533
Soundly,0.503533
Source,0.503533
Sowes,0.503533
Spaniels,0.503533
Sparrowes,0.503533
Speakers,0.503533
Spels,0.503533
Spightfull,0.503533
Spy,0.503533
Stablenesse,0.503533
Stabs,0.503533
Staffe,0.503533
Statute,0.503533
Staues,0.503533
Stept,0.503533
Store,0.503533
Stormes,0.503533
Striding,0.503533
Subiect,0.503533
Sucke,0.503533
Surgery,0.503533
Suspition,0.503533
Sweltred,0.503533
Sweno,0.503533
Swimmers,0.503533
Swine,0.503533
Swinish,0.503533
Syue,0.503533
Syw,0.503533
Tarquins,0.503533
Tartars,0.503533
Temp,0.503533
Theefe,0.503533
Thould,0.503533
Thriftlesse,0.503533
Throbs,0.503533
Thumbe,0.503533
Thumbes,0.503533
Tigers,0.503533
Titles,0.503533
Toth,0.503533
Toyes,0.503533
Trafficke,0.503533
Traytor,0.503533
Treachery,0.503533
Treasonous,0.503533
Treatise,0.503533
Trecherie,0.503533
Trifle,0.503533
Trifles,0.503533
Turne,0.503533
Twelue,0.503533
Tydings,0.503533
Tyrrany,0.503533
Valours,0.503533
Vantage,0.503533
Vault,0.503533
Vaulting,0.503533
Verity,0.503533
Vessels,0.503533
Villanies,0.503533
Vizards,0.503533
Vnfixe,0.503533
Vnknowne,0.503533
Vnmannerly,0.503533
Vnreall,0.503533
Vnsafe,0.503533
Vnspeake,0.503533
Vntimely,0.503533
Voluptuousnesse,0.503533
Vprore,0.503533
Vrine,0.503533
Vsing,0.503533
Vsurpers,0.503533
Vulture,0.503533
Warders,0.503533
Wassell,0.503533
Watchers,0.503533
Waues,0.503533
Wayting,0.503533
Wearie,0.503533
Weepe,0.503533
Westerne,0.503533
Weyard,0.503533
Whay,0.503533
Whetstone,0.503533
Widdowes,0.503533
Windes,0.503533
Winne,0.503533
Wip,0.503533
Wisdome,0.503533
Witchcraft,0.503533
Wolues,0.503533
Wooll,0.503533
Worthie,0.503533
Wounds,0.503533
Wrackt,0.503533
Yew,0.503533
abiure,0.503533
accompt,0.503533
accurs,0.503533
accust,0.503533
actuall,0.503533
admir,0.503533
aduance,0.503533
afeard,0.503533
alowd,0.503533
amazedly,0.503533
angerly,0.503533
anoynted,0.503533
anticipat,0.503533
appalls,0.503533
approches,0.503533
arbitrate,0.503533
assaileable,0.503533
augure,0.503533
auouches,0.503533
ayd,0.503533
badg,0.503533
bals,0.503533
befor,0.503533
begger,0.503533
beleeu,0.503533
benyson,0.503533
bestowes,0.503533
bides,0.503533
binde,0.503533
blames,0.503533
bloodier,0.503533
boadments,0.503533
bolter,0.503533
bottome,0.503533
boue,0.503533
brandisht,0.503533
breech,0.503533
briefely,0.503533
burley,0.503533
byth,0.503533
cam,0.503533
carelesse,0.503533
carowsing,0.503533
caru,0.503533
casing,0.503533
celebrates,0.503533
cheapely,0.503533
cheekes,0.503533
chid,0.503533
chiefe,0.503533
choake,0.503533
choppie,0.503533
cine,0.503533
cines,0.503533
clayme,0.503533
cleane,0.503533
clearenesse,0.503533
cleares,0.503533
climbe,0.503533
clogges,0.503533
clowdy,0.503533
commendations,0.503533
companie,0.503533
compar,0.503533
compast,0.503533
composd,0.503533
compt,0.503533
compunctious,0.503533
concerne,0.503533
condemne,0.503533
confinelesse,0.503533
confirme,0.503533
confus,0.503533
contriuer,0.503533
conuince,0.503533
conuinces,0.503533
coueted,0.503533
counsail,0.503533
courst,0.503533
craue,0.503533
craz,0.503533
croakes,0.503533
crownes,0.503533
daintie,0.503533
darefull,0.503533
dasht,0.503533
dauntlesse,0.503533
deaftly,0.503533
deceiue,0.503533
deedes,0.503533
deigne,0.503533
deliuers,0.503533
deseruers,0.503533
detraction,0.503533
deuoure,0.503533
digg,0.503533
diminitiue,0.503533
direfull,0.503533
disbursed,0.503533
discerne,0.503533
disloyall,0.503533
dispaire,0.503533
dispise,0.503533
displac,0.503533
doffe,0.503533
domestique,0.503533
dresse,0.503533
dreyne,0.503533
droope,0.503533
drowsie,0.503533
drugge,0.503533
dunnest,0.503533
dyre,0.503533
enfold,0.503533
enkindle,0.503533
enrages,0.503533
equiuocate,0.503533
equiuocates,0.503533
euent,0.503533
exil,0.503533
eyld,0.503533
eyther,0.503533
fanne,0.503533
farwell,0.503533
fauor,0.503533
fauors,0.503533
fayle,0.503533
fellowes,0.503533
fil,0.503533
fitfull,0.503533
fitnesse,0.503533
flawes,0.503533
floate,0.503533
flong,0.503533
flowne,0.503533
flowt,0.503533
fogge,0.503533
folde,0.503533
forraine,0.503533
forsworne,0.503533
fowly,0.503533
franchis,0.503533
fruitlesse,0.503533
fulnesse,0.503533
furbusht,0.503533
furie,0.503533
gaines,0.503533
gallopping,0.503533
ginne,0.503533
glimmers,0.503533
glosse,0.503533
goary,0.503533
gos,0.503533
grac,0.503533
grafted,0.503533
greetes,0.503533
groanes,0.503533
guift,0.503533
guild,0.503533
hackt,0.503533
hah,0.503533
happyer,0.503533
hardie,0.503533
harrold,0.503533
hawkt,0.503533
hayl,0.503533
heartens,0.503533
heauiest,0.503533
heauily,0.503533
holp,0.503533
hoodwinke,0.503533
hors,0.503533
hoter,0.503533
hound,0.503533
hyr,0.503533
illnesse,0.503533
impeides,0.503533
implor,0.503533
incarnardine,0.503533
inclinde,0.503533
informes,0.503533
interprete,0.503533
intombe,0.503533
intrenchant,0.503533
inuention,0.503533
inuest,0.503533
inuested,0.503533
inuisible,0.503533
iocund,0.503533
kniues,0.503533
knowings,0.503533
lac,0.503533
lamentings,0.503533
lapt,0.503533
lated,0.503533
laue,0.503533
lauish,0.503533
ld,0.503533
leapes,0.503533
leauing,0.503533
leauy,0.503533
legge,0.503533
limitted,0.503533
liuer,0.503533
loades,0.503533
loosest,0.503533
loyaltie,0.503533
lyne,0.503533
maleuolence,0.503533
marre,0.503533
marres,0.503533
marrowlesse,0.503533
materiall,0.503533
measurelesse,0.503533
memorize,0.503533
mercie,0.503533
mercilesse,0.503533
mew,0.503533
milkes,0.503533
murth,0.503533
murtherous,0.503533
murthers,0.503533
neckes,0.503533
neerely,0.503533
neerest,0.503533
neu,0.503533
nie,0.503533
oppos,0.503533
ouertake,0.503533
paralell,0.503533
pareill,0.503533
pawser,0.503533
payes,0.503533
peerelesse,0.503533
pernitious,0.503533
perswades,0.503533
pillowes,0.503533
pleade,0.503533
poorely,0.503533
possesse,0.503533
powr,0.503533
powrefull,0.503533
poysond,0.503533
pratler,0.503533
prayses,0.503533
preserue,0.503533
pristine,0.503533
prouided,0.503533
prouoker,0.503533
quickely,0.503533
quoth,0.503533
rance,0.503533
ratifie,0.503533
rauel,0.503533
rauen,0.503533
rauin,0.503533
rauishing,0.503533
rawnesse,0.503533
rebuk,0.503533
receyu,0.503533
receyue,0.503533
reconcil,0.503533
referr,0.503533
registred,0.503533
reigne,0.503533
reioycing,0.503533
reseru,0.503533
restlesse,0.503533
restraine,0.503533
roote,0.503533
rore,0.503533
rost,0.503533
rowse,0.503533
rowze,0.503533
rt,0.503533
rubbes,0.503533
rumpe,0.503533
ry,0.503533
safetie,0.503533
sagge,0.503533
sawce,0.503533
sayle,0.503533
scand,0.503533
schoole,0.503533
schreame,0.503533
scowre,0.503533
seare,0.503533
seauenth,0.503533
seeling,0.503533
seperated,0.503533
seruant,0.503533
shagge,0.503533
shard,0.503533
sharke,0.503533
signes,0.503533
silenc,0.503533
skinne,0.503533
skinnie,0.503533
skirre,0.503533
slaughterous,0.503533
sleeke,0.503533
slumbry,0.503533
smeare,0.503533
smoak,0.503533
smyling,0.503533
societie,0.503533
solicites,0.503533
solliciting,0.503533
sorowes,0.503533
sorryest,0.503533
soueraigne,0.503533
souldiers,0.503533
speculatiue,0.503533
spoyles,0.503533
sprights,0.503533
spungie,0.503533
stampe,0.503533
stanchlesse,0.503533
steales,0.503533
stoole,0.503533
stooles,0.503533
strangles,0.503533
streakes,0.503533
streames,0.503533
stroake,0.503533
struts,0.503533
stufft,0.503533
subborned,0.503533
succeede,0.503533
supernaturall,0.503533
supplyes,0.503533
surcease,0.503533
surfeted,0.503533
surpriz,0.503533
surueying,0.503533
sutes,0.503533
swarme,0.503533
sweares,0.503533
sweaten,0.503533
swolne,0.503533
swoope,0.503533
tayle,0.503533
teemes,0.503533
therewithall,0.503533
thoght,0.503533
thralles,0.503533
toile,0.503533
tongu,0.503533
towring,0.503533
traines,0.503533
trammell,0.503533
trauailing,0.503533
treade,0.503533
tugg,0.503533
tye,0.503533
vap,0.503533
verities,0.503533
vnaccompanied,0.503533
vnattended,0.503533
vnbattered,0.503533
vnbecomming,0.503533
vnbend,0.503533
vndaunted,0.503533
vndeeded,0.503533
vndivulg,0.503533
vndon,0.503533
vnfelt,0.503533
vnfixe,0.503533
vnfortunate,0.503533
vnguarded,0.503533
vnity,0.503533
vniuersall,0.503533
vniust,0.503533
vnlineall,0.503533
vnlocke,0.503533
vnmake,0.503533
vnmann,0.503533
vnprepar,0.503533
vnprouokes,0.503533
vnruffe,0.503533
vnruly,0.503533
vnseam,0.503533
vnsex,0.503533
vnshrinking,0.503533
vnsure,0.503533
vntitled,0.503533
vntye,0.503533
vnusuall,0.503533
vnwelcom,0.503533
vnwip,0.503533
vpbraid,0.503533
vplifted,0.503533
vsually,0.503533
vulnerable,0.503533
waite,0.503533
wastfull,0.503533
wayle,0.503533
weighes,0.503533
weightie,0.503533
whisp,0.503533
winke,0.503533
wishest,0.503533
witnest,0.503533
wooingly,0.503533
worthyest,0.503533
wrathfull,0.503533
wrencht,0.503533
yesterdayes,0.503533
ynch,0.503533
youl,0.503533
haue,0.414524
Scena,0.405508
Knock,0.396849
Gent,0.393602
Mac,0.39252
haile,0.39252
Highnesse,0.391438
Ban,0.389273
Mur,0.389273
Colours,0.388191
Murther,0.388191
Charme,0.387109
Goe,0.387109
Husband,0.387109
Minde,0.387109
Onely,0.387109
Secunda,0.387109
Sonnes,0.387109
Tertia,0.387109
bene,0.387109
dy,0.387109
harme,0.387109
helpe,0.387109
Alarums,0.386026
Braine,0.386026
Drinke,0.386026
Drumme,0.386026
Fife,0.386026
Glamis,0.386026
Knocke,0.386026
Owle,0.386026
Seruants,0.386026
Souldier,0.386026
Thankes,0.386026
Throne,0.386026
Traitor,0.386026
paines,0.386026
Act,0.384944
Babes,0.384944
Chance,0.384944
Dagger,0.384944
Double,0.384944
Fiend,0.384944
Graue,0.384944
Greatnesse,0.384944
Hoboyes,0.384944
Instruments,0.384944
Lad,0.384944
Liege,0.384944
Maiesty,0.384944
Milke,0.384944
Queene,0.384944
Slaue,0.384944
Winde,0.384944
affear,0.384944
affraid,0.384944
aliue,0.384944
dismall,0.384944
easie,0.384944
fatall,0.384944
goodnight,0.384944
heauen,0.384944
hoa,0.384944
performe,0.384944
shee,0.384944
successe,0.384944
vnnaturall,0.384944
wilde,0.384944
Baby,0.383862
Banquet,0.383862
Bat,0.383862
Bosome,0.383862
Braines,0.383862
Cosin,0.383862
Custome,0.383862
Descends,0.383862
Doore,0.383862
Dreames,0.383862
Euery,0.383862
Famine,0.383862
Flye,0.383862
Foes,0.383862
Gainst,0.383862
Goes,0.383862
Gowne,0.383862
Graues,0.383862
Guest,0.383862
Health,0.383862
Heath,0.383862
Imperiall,0.383862
Lambe,0.383862
Leafe,0.383862
Liues,0.383862
Lyon,0.383862
Maiestie,0.383862
Manhood,0.383862
Mess,0.383862
Message,0.383862
Murtherer,0.383862
Murthers,0.383862
Newes,0.383862
Physicke,0.383862
Rebell,0.383862
Ross,0.383862
Scale,0.383862
Snake,0.383862
Soueraignty,0.383862
Spurre,0.383862
Summer,0.383862
Trees,0.383862
Vnkle,0.383862
Wing,0.383862
Wolfe,0.383862
Womans,0.383862
aduice,0.383862
beleefe,0.383862
blesse,0.383862
cleare,0.383862
cleaue,0.383862
deseru,0.383862
diuell,0.383862
drawne,0.383862
drowne,0.383862
enow,0.383862
extasie,0.383862
foorth,0.383862
frets,0.383862
gashes,0.383862
glasse,0.383862
graue,0.383862
holily,0.383862
impresse,0.383862
keene,0.383862
kisse,0.383862
leaues,0.383862
lodg,0.383862
meate,0.383862
naturall,0.383862
needes,0.383862
ow,0.383862
prouide,0.383862
remoue,0.383862
sinne,0.383862
spight,0.383862
stroakes,0.383862
toyle,0.383862
twere,0.383862
vantage,0.383862
vndone,0.383862
wracke,0.383862
Accents,0.382779
Acquaint,0.382779
Acting,0.382779
Affaire,0.382779
Ague,0.382779
Alack,0.382779
Alarme,0.382779
Aleppo,0.382779
Allegeance,0.382779
Antique,0.382779
Armed,0.382779
Armour,0.382779
Audit,0.382779
Backe,0.382779
Bane,0.382779
Banke,0.382779
Battaile,0.382779
Battell,0.382779
Beards,0.382779
Bee,0.382779
Beetle,0.382779
Bellona,0.382779
Benediction,0.382779
Blacke,0.382779
Blanket,0.382779
Blessings,0.382779
Booke,0.382779
Botches,0.382779
Breach,0.382779
Brest,0.382779
Cannons,0.382779
Capitall,0.382779
Caps,0.382779
Captaine,0.382779
Captaines,0.382779
Captiuitie,0.382779
Care,0.382779
Cases,0.382779
Catalogue,0.382779
Challice,0.382779
Chuck,0.382779
Churches,0.382779
Cleane,0.382779
Clowd,0.382779
Commencing,0.382779
Commends,0.382779
Commission,0.382779
Company,0.382779
Concord,0.382779
Constancie,0.382779
Contending,0.382779
Conuert,0.382779
Councell,0.382779
Course,0.382779
Cow,0.382779
Cradle,0.382779
Crests,0.382779
Crime,0.382779
Crowned,0.382779
Curses,0.382779
Damned,0.382779
Deare,0.382779
Demand,0.382779
Desart,0.382779
Diamond,0.382779
Discomfort,0.382779
Drab,0.382779
Due,0.382779
Eare,0.382779
Entrailes,0.382779
Estate,0.382779
Fact,0.382779
Faculties,0.382779
Faire,0.382779
Fee,0.382779
Fellowes,0.382779
Fie,0.382779
Fighting,0.382779
Flame,0.382779
Flower,0.382779
Fooles,0.382779
Fountaine,0.382779
Function,0.382779
Fye,0.382779
Gentlewoman,0.382779
Germaine,0.382779
Giants,0.382779
Giuen,0.382779
Gorgon,0.382779
Griefes,0.382779
Gulfe,0.382779
Hay,0.382779
Hopes,0.382779
Hounds,0.382779
Houres,0.382779
Hunter,0.382779
Husbandry,0.382779
Hye,0.382779
Il,0.382779
Images,0.382779
Infected,0.382779
Ingratitude,0.382779
Intelligence,0.382779
Interim,0.382779
Iudicious,0.382779
Keepe,0.382779
Keepes,0.382779
Kinde,0.382779
Knife,0.382779
Laugh,0.382779
Layes,0.382779
Leade,0.382779
Legions,0.382779
Lent,0.382779
Lilly,0.382779
Lips,0.382779
Liue,0.382779
Liuer,0.382779
Loues,0.382779
Luxurious,0.382779
Magicke,0.382779
Males,0.382779
Marble,0.382779
Measure,0.382779
Memorie,0.382779
Mile,0.382779
Mistris,0.382779
Moones,0.382779
Morne,0.382779
Morrow,0.382779
Mortals,0.382779
Motiues,0.382779
Murderer,0.382779
Napkins,0.382779
Naue,0.382779
Neptunes,0.382779
Nest,0.382779
Nightly,0.382779
Nobly,0.382779
Non,0.382779
Noone,0.382779
Northumberland,0.382779
Opinions,0.382779
Painted,0.382779
Patience,0.382779
Peale,0.382779
Pearle,0.382779
Pent,0.382779
Perchance,0.382779
Pious,0.382779
Pitty,0.382779
Player,0.382779
Pleasure,0.382779
Plucke,0.382779
Ports,0.382779
Posterity,0.382779
Preparation,0.382779
Prey,0.382779
Primrose,0.382779
Proceeding,0.382779
Promis,0.382779
Quarrell,0.382779
Quintus,0.382779
Raine,0.382779
Rankes,0.382779
Rauen,0.382779
Recorded,0.382779
Relations,0.382779
Remorse,0.382779
Repentance,0.382779
Reports,0.382779
Ro,0.382779
Rocke,0.382779
Ruines,0.382779
Rumor,0.382779
Rumour,0.382779
Sawce,0.382779
Sawcy,0.382779
Saylors,0.382779
Scepter,0.382779
Secrets,0.382779
Security,0.382779
Seemes,0.382779
Senses,0.382779
Seruice,0.382779
Sirra,0.382779
Skie,0.382779
Sleeue,0.382779
Smells,0.382779
Sold,0.382779
Soldiours,0.382779
Soueraigne,0.382779
Steep,0.382779
Sting,0.382779
Stones,0.382779
Successe,0.382779
Summers,0.382779
Summons,0.382779
Surgeons,0.382779
TRAGEDIE,0.382779
Taper,0.382779
Theame,0.382779
Theft,0.382779
Threatens,0.382779
Threescore,0.382779
Thunders,0.382779
Toad,0.382779
Told,0.382779
Tooke,0.382779
Traueller,0.382779
Troopes,0.382779
Trumpets,0.382779
Turke,0.382779
Twixt,0.382779
Vertues,0.382779
Vessell,0.382779
Victorie,0.382779
Vlcerous,0.382779
Walke,0.382779
Wanton,0.382779
Warder,0.382779
Weeds,0.382779
Whispers,0.382779
Whole,0.382779
Whore,0.382779
Winters,0.382779
Wisedom,0.382779
Witch,0.382779
Witnesse,0.382779
Wiues,0.382779
Worlds,0.382779
Wormes,0.382779
accesse,0.382779
adde,0.382779
addrest,0.382779
aduantage,0.382779
aduise,0.382779
afternoone,0.382779
appall,0.382779
appeares,0.382779
approue,0.382779
arriu,0.382779
attyre,0.382779
auoid,0.382779
auouch,0.382779
auoyded,0.382779
ayde,0.382779
bladed,0.382779
blanch,0.382779
blaspheme,0.382779
blisters,0.382779
blowne,0.382779
bosomes,0.382779
brag,0.382779
braine,0.382779
brauely,0.382779
breefe,0.382779
brest,0.382779
brinded,0.382779
bruited,0.382779
buriall,0.382779
chafes,0.382779
chanc,0.382779
chastise,0.382779
cheefest,0.382779
clamor,0.382779
clipt,0.382779
clos,0.382779
combin,0.382779
conceiue,0.382779
confin,0.382779
coniure,0.382779
coole,0.382779
cracke,0.382779
crib,0.382779
crost,0.382779
damne,0.382779
deafe,0.382779
deare,0.382779
deepely,0.382779
deerest,0.382779
delinquents,0.382779
designe,0.382779
desir,0.382779
discouery,0.382779
dismisse,0.382779
distill,0.382779
diuers,0.382779
diuision,0.382779
downfall,0.382779
drest,0.382779
drie,0.382779
drowse,0.382779
drunke,0.382779
enterprize,0.382779
eterne,0.382779
euerlasting,0.382779
euils,0.382779
expence,0.382779
falles,0.382779
falne,0.382779
fayl,0.382779
fearefull,0.382779
flighty,0.382779
giuing,0.382779
gon,0.382779
gouern,0.382779
graunt,0.382779
greene,0.382779
guesse,0.382779
haires,0.382779
happinesse,0.382779
harts,0.382779
hatefull,0.382779
hearke,0.382779
heauenly,0.382779
hisse,0.382779
incens,0.382779
indure,0.382779
initiate,0.382779
intemperance,0.382779
inuites,0.382779
ioyne,0.382779
ioynt,0.382779
ioyntly,0.382779
iumpe,0.382779
kindnesse,0.382779
knell,0.382779
knits,0.382779
knockes,0.382779
laide,0.382779
laudable,0.382779
leape,0.382779
learne,0.382779
lockes,0.382779
loe,0.382779
lowd,0.382779
lyest,0.382779
madnesse,0.382779
marshall,0.382779
maruell,0.382779
mated,0.382779
measur,0.382779
meeke,0.382779
metled,0.382779
moe,0.382779
moues,0.382779
mouing,0.382779
mouthes,0.382779
multiplying,0.382779
myraculous,0.382779
neer,0.382779
niggard,0.382779
nourisher,0.382779
oddes,0.382779
olde,0.382779
olden,0.382779
ouercome,0.382779
palter,0.382779
peake,0.382779
pittied,0.382779
playd,0.382779
pluckes,0.382779
poure,0.382779
poyson,0.382779
predominance,0.382779
predominant,0.382779
procreant,0.382779
professes,0.382779
pronounc,0.382779
proue,0.382779
prouoke,0.382779
purg,0.382779
rarer,0.382779
reades,0.382779
readinesse,0.382779
recklesse,0.382779
redresse,0.382779
reeking,0.382779
refraine,0.382779
reignes,0.382779
rellish,0.382779
remedie,0.382779
rendred,0.382779
resolu,0.382779
resolue,0.382779
returnes,0.382779
roughest,0.382779
sacrilegious,0.382779
satisfie,0.382779
sauage,0.382779
sawcy,0.382779
scap,0.382779
scarse,0.382779
seemeth,0.382779
sence,0.382779
sharpe,0.382779
shrieke,0.382779
sighes,0.382779
signe,0.382779
slab,0.382779
sleepes,0.382779
slipt,0.382779
smacking,0.382779
smoake,0.382779
solemne,0.382779
sowre,0.382779
speciall,0.382779
spurne,0.382779
spurres,0.382779
stealthy,0.382779
sticke,0.382779
stickes,0.382779
stolne,0.382779
surprize,0.382779
sweepe,0.382779
sweeten,0.382779
sworne,0.382779
tels,0.382779
temp,0.382779
thankes,0.382779
thereto,0.382779
thickens,0.382779
topple,0.382779
transport,0.382779
trebble,0.382779
trenched,0.382779
twaine,0.382779
twer,0.382779
vertuous,0.382779
visitings,0.382779
vnderstand,0.382779
vnderstood,0.382779
vnkindnesse,0.382779
vnsanctified,0.382779
vntill,0.382779
vntimely,0.382779
voyces,0.382779
vppon,0.382779
vpward,0.382779
waile,0.382779
walkt,0.382779
watchfull,0.382779
weares,0.382779
wearie,0.382779
weepes,0.382779
wer,0.382779
whilest,0.382779
whin,0.382779
wil,0.382779
wofull,0.382779
womans,0.382779
worme,0.382779
wormes,0.382779
worne,0.382779
yesty,0.382779
yoake,0.382779
vs,0.361568
vpon,0.356273
Ile,0.342151
doe,0.341269
selfe,0.341269
feare,0.33509
vp,0.334208
speake,0.333325
heere,0.326265
looke,0.325382
owne,0.325382
downe,0.324499
heare,0.324499
euer,0.323617
euery,0.323617
Giue,0.322734
Noble,0.322734
leaue,0.322734
poore,0.322734
Heauen,0.321852
neuer,0.321852
thinke,0.321852
Vpon,0.320969
beene,0.320969
finde,0.320969
giue,0.320969
keepe,0.320969
Ayre,0.320086
Loue,0.320086
Seruant,0.320086
beare,0.320086
goe,0.320086
liue,0.320086
Heere,0.319204
Royall,0.319204
Tyrant,0.319204
houre,0.319204
lesse,0.319204
liues,0.319204
loue,0.319204
Businesse,0.318321
Feare,0.318321
Looke,0.318321
Sonne,0.318321
euen,0.318321
flye,0.318321
knowne,0.318321
murther,0.318321
Daggers,0.317439
Sleepe,0.317439
comming,0.317439
giuen,0.317439
himselfe,0.317439
knowes,0.317439
onely,0.317439
seeme,0.317439
vnder,0.317439
Natures,0.316556
Tyrants,0.316556
deepe,0.316556
lyes,0.316556
mortall,0.316556
seene,0.316556
themselues,0.316556
vse,0.316556
withall,0.316556
Actus,0.315673
Amen,0.315673
Attendants,0.315673
Chamber,0.315673
Crowne,0.315673
Feast,0.315673
Flourish,0.315673
Haue,0.315673
Hearke,0.315673
Prima,0.315673
Water,0.315673
ayre,0.315673
certaine,0.315673
darke,0.315673
dayes,0.315673
farre,0.315673
feares,0.315673
meanes,0.315673
neere,0.315673
ouer,0.315673
selues,0.315673
slaine,0.315673
Arme,0.314791
Doe,0.314791
Drum,0.314791
Enemie,0.314791
Euen,0.314791
Graces,0.314791
Haile,0.314791
Heauens,0.314791
Honors,0.314791
Mes,0.314791
Speake,0.314791
Villaine,0.314791
Y,0.314791
backe,0.314791
burne,0.314791
cruell,0.314791
drinke,0.314791
eare,0.314791
eate,0.314791
feele,0.314791
foule,0.314791
generall,0.314791
giues,0.314791
griefe,0.314791
hauing,0.314791
heauie,0.314791
liu,0.314791
mans,0.314791
minde,0.314791
moue,0.314791
receiue,0.314791
seemes,0.314791
thanke,0.314791
yeeld,0.314791
Countries,0.313908
Foole,0.313908
Gate,0.313908
Heare,0.313908
Hee,0.313908
Iustice,0.313908
Line,0.313908
Lye,0.313908
Musicke,0.313908
Poore,0.313908
Port,0.313908
Prayers,0.313908
Ser,0.313908
Soules,0.313908
Stage,0.313908
Sunne,0.313908
Torch,0.313908
Warre,0.313908
Whiles,0.313908
Wisedome,0.313908
aboue,0.313908
beleeue,0.313908
blacke,0.313908
breake,0.313908
cheere,0.313908
dis,0.313908
fac,0.313908
firme,0.313908
growes,0.313908
halfe,0.313908
iust,0.313908
keepes,0.313908
lacke,0.313908
leysure,0.313908
loues,0.313908
meane,0.313908
meere,0.313908
noyse,0.313908
seruice,0.313908
soone,0.313908
walke,0.313908
wayes,0.313908
weare,0.313908
wisedome,0.313908
yong,0.313908
Angell,0.313026
Battlements,0.313026
Beare,0.313026
Bed,0.313026
Blessing,0.313026
Confusion,0.313026
Coward,0.313026
Diuell,0.313026
False,0.313026
Fell,0.313026
Fit,0.313026
Forrest,0.313026
Gall,0.313026
Goose,0.313026
Hearts,0.313026
Madame,0.313026
Ministers,0.313026
Moone,0.313026
Patient,0.313026
Present,0.313026
Prythee,0.313026
Root,0.313026
Souldiers,0.313026
Soule,0.313026
Speeches,0.313026
Starres,0.313026
Taylor,0.313026
Trumpet,0.313026
Tyranny,0.313026
Venom,0.313026
Vnder,0.313026
Vnto,0.313026
Worke,0.313026
Worthy,0.313026
amaz,0.313026
asleepe,0.313026
beares,0.313026
begge,0.313026
betweene,0.313026
bosome,0.313026
braue,0.313026
corporall,0.313026
deere,0.313026
deliuer,0.313026
dreadfull,0.313026
eares,0.313026
eternall,0.313026
faile,0.313026
findes,0.313026
firstlings,0.313026
gainst,0.313026
gaue,0.313026
greeue,0.313026
haire,0.313026
heeles,0.313026
ioy,0.313026
kinde,0.313026
marke,0.313026
mee,0.313026
mens,0.313026
newes,0.313026
neyther,0.313026
pittifull,0.313026
plac,0.313026
pricke,0.313026
prythee,0.313026
reade,0.313026
receiu,0.313026
seeke,0.313026
serue,0.313026
seuerall,0.313026
sicken,0.313026
soule,0.313026
stirre,0.313026
stuffe,0.313026
teare,0.313026
thicke,0.313026
tooke,0.313026
turne,0.313026
weake,0.313026
wel,0.313026
winne,0.313026
worke,0.313026
Accursed,0.312143
Acheron,0.312143
Acts,0.312143
Affection,0.312143
Anon,0.312143
Apparition,0.312143
Approach,0.312143
Arabia,0.312143
Armes,0.312143
Barke,0.312143
Bones,0.312143
Broke,0.312143
Candles,0.312143
Ceremony,0.312143
Cleanse,0.312143
Closset,0.312143
Countrey,0.312143
Crow,0.312143
Dance,0.312143
Daughters,0.312143
Deere,0.312143
Dignities,0.312143
Dogge,0.312143
Dogges,0.312143
Farwell,0.312143
Fiends,0.312143
Finger,0.312143
Force,0.312143
Girle,0.312143
Golgotha,0.312143
Hare,0.312143
Heap,0.312143
Helpe,0.312143
Herein,0.312143
Himselfe,0.312143
Instrument,0.312143
Iudgement,0.312143
Kingdome,0.312143
Labor,0.312143
Lands,0.312143
Leaue,0.312143
Lookes,0.312143
Mansion,0.312143
Marching,0.312143
Marke,0.312143
Market,0.312143
Marry,0.312143
Matrons,0.312143
Meane,0.312143
Mettle,0.312143
Mothers,0.312143
Motion,0.312143
Mouth,0.312143
Murderers,0.312143
Naught,0.312143
Neuer,0.312143
Nought,0.312143
Officers,0.312143
Omnes,0.312143
Past,0.312143
Pleas,0.312143
Powres,0.312143
Primus,0.312143
Prophesie,0.312143
Quartus,0.312143
Question,0.312143
Rat,0.312143
Reasons,0.312143
Resolution,0.312143
Retreat,0.312143
Returning,0.312143
Reuenge,0.312143
Robe,0.312143
Sacred,0.312143
Scales,0.312143
Schoole,0.312143
Scoena,0.312143
Seale,0.312143
Seat,0.312143
Seeke,0.312143
Selfe,0.312143
Sent,0.312143
Shakes,0.312143
Siluer,0.312143
Slaues,0.312143
Soldier,0.312143
Space,0.312143
Start,0.312143
Tables,0.312143
Takes,0.312143
Teares,0.312143
Tertius,0.312143
Thence,0.312143
Thinke,0.312143
Thither,0.312143
Throat,0.312143
Throw,0.312143
Tragedie,0.312143
Twere,0.312143
Venture,0.312143
Vnlesse,0.312143
Volume,0.312143
Wake,0.312143
Weapons,0.312143
Wherewith,0.312143
Wonders,0.312143
Wound,0.312143
Wren,0.312143
Yong,0.312143
accustom,0.312143
adhere,0.312143
alwayes,0.312143
amend,0.312143
amisse,0.312143
annoyance,0.312143
appeare,0.312143
aske,0.312143
ayme,0.312143
baited,0.312143
batter,0.312143
beest,0.312143
behinde,0.312143
bleeds,0.312143
bloodie,0.312143
borrower,0.312143
brew,0.312143
browes,0.312143
businesse,0.312143
cures,0.312143
damnation,0.312143
dedicate,0.312143
demerits,0.312143
direst,0.312143
discomfort,0.312143
diseas,0.312143
doore,0.312143
doubtfull,0.312143
drugg,0.312143
dst,0.312143
dwarfish,0.312143
dwindle,0.312143
enrage,0.312143
exasperate,0.312143
exposure,0.312143
faine,0.312143
faithfull,0.312143
fauour,0.312143
feede,0.312143
fie,0.312143
followes,0.312143
fooles,0.312143
forc,0.312143
forme,0.312143
fraught,0.312143
frieze,0.312143
fry,0.312143
gins,0.312143
gouerne,0.312143
greefe,0.312143
growne,0.312143
guise,0.312143
heereafter,0.312143
houres,0.312143
indeede,0.312143
indissoluble,0.312143
iudgement,0.312143
kil,0.312143
knoll,0.312143
liuing,0.312143
lookes,0.312143
lou,0.312143
loued,0.312143
lt,0.312143
ly,0.312143
mindes,0.312143
multitudinous,0.312143
neerer,0.312143
newer,0.312143
nimbly,0.312143
obseru,0.312143
obserue,0.312143
oftentimes,0.312143
omnes,0.312143
ouerthrowne,0.312143
paine,0.312143
pall,0.312143
peece,0.312143
peepe,0.312143
perceiue,0.312143
perchance,0.312143
perillous,0.312143
personall,0.312143
pester,0.312143
pitty,0.312143
pluckt,0.312143
portable,0.312143
prate,0.312143
prediction,0.312143
prepar,0.312143
pricking,0.312143
probation,0.312143
proofe,0.312143
prou,0.312143
quell,0.312143
r,0.312143
ranke,0.312143
recommends,0.312143
redoubled,0.312143
remaine,0.312143
remaines,0.312143
requited,0.312143
reuenge,0.312143
ript,0.312143
rous,0.312143
rue,0.312143
runnes,0.312143
safest,0.312143
saide,0.312143
saue,0.312143
scape,0.312143
seru,0.312143
seuen,0.312143
shadowes,0.312143
shares,0.312143
shewes,0.312143
shooke,0.312143
sicke,0.312143
skipping,0.312143
slights,0.312143
smack,0.312143
sorely,0.312143
soules,0.312143
speakes,0.312143
stalls,0.312143
stayes,0.312143
strangled,0.312143
strooke,0.312143
subiect,0.312143
sweare,0.312143
swells,0.312143
taints,0.312143
talke,0.312143
tarrying,0.312143
teares,0.312143
tearmes,0.312143
thinkes,0.312143
thrusts,0.312143
transpose,0.312143
trifled,0.312143
turnes,0.312143
twould,0.312143
vanquish,0.312143
vertue,0.312143
vnfold,0.312143
vnknowne,0.312143
vnto,0.312143
voyce,0.312143
vtterance,0.312143
warranted,0.312143
warre,0.312143
weepe,0.312143
wholsome,0.312143
winde,0.312143
witnesse,0.312143
womanly,0.312143
wrongly,0.312143
Exeunt,0.283512
againe,0.276844
sleepe,0.273139
Honor,0.268694
hee,0.268694
Bell,0.267212
Nights,0.267212
Alarum,0.26573
Messenger,0.26573
Shew,0.26573
Tongue,0.26573
Horses,0.264989
Wee,0.264989
faire,0.264989
returne,0.264989
Castle,0.264249
Childe,0.264249
Eyes,0.264249
Horse,0.264249
bubble,0.264249
dye,0.264249
Attend,0.263508
Babe,0.263508
Bloody,0.263508
Cap,0.263508
Faces,0.263508
Ghost,0.263508
Golden,0.263508
Hands,0.263508
Obedience,0.263508
Reason,0.263508
Sorrow,0.263508
Stands,0.263508
Table,0.263508
Thrice,0.263508
Valour,0.263508
applaud,0.263508
bin,0.263508
promis,0.263508
sundry,0.263508
Angels,0.262767
Cat,0.262767
Courage,0.262767
Cumberland,0.262767
Desire,0.262767
Fathers,0.262767
Feed,0.262767
Image,0.262767
Lightning,0.262767
Offices,0.262767
Serpent,0.262767
Sister,0.262767
Steele,0.262767
Swords,0.262767
Tale,0.262767
Tiger,0.262767
Torches,0.262767
Trade,0.262767
doo,0.262767
gash,0.262767
hadst,0.262767
maine,0.262767
mingle,0.262767
purge,0.262767
rapt,0.262767
safer,0.262767
timely,0.262767
y,0.262767
Already,0.262026
Appetite,0.262026
Beast,0.262026
Began,0.262026
Bill,0.262026
Building,0.262026
Cock,0.262026
Companions,0.262026
Cruelty,0.262026
Descend,0.262026
Didst,0.262026
Dragon,0.262026
Dying,0.262026
Eagles,0.262026
FINIS,0.262026
Farmer,0.262026
Fled,0.262026
Foe,0.262026
Fools,0.262026
Fury,0.262026
Genius,0.262026
Gentle,0.262026
Ghosts,0.262026
Gold,0.262026
Henceforth,0.262026
Horrible,0.262026
Isles,0.262026
Lead,0.262026
Least,0.262026
Letter,0.262026
Masters,0.262026
Meet,0.262026
Memory,0.262026
Pictures,0.262026
Prisoner,0.262026
Prophet,0.262026
Race,0.262026
Rebellious,0.262026
Ride,0.262026
Season,0.262026
Secundus,0.262026
Shadow,0.262026
Ship,0.262026
Society,0.262026
Strong,0.262026
Tempest,0.262026
Therein,0.262026
Vice,0.262026
Wash,0.262026
abound,0.262026
appease,0.262026
armes,0.262026
assay,0.262026
clatter,0.262026
clutch,0.262026
com,0.262026
comparisons,0.262026
consort,0.262026
construction,0.262026
counterfeit,0.262026
dire,0.262026
doubly,0.262026
drenched,0.262026
dues,0.262026
eighth,0.262026
exploits,0.262026
haunting,0.262026
hearers,0.262026
infirmity,0.262026
latch,0.262026
minutely,0.262026
murky,0.262026
muse,0.262026
perfumes,0.262026
plenteous,0.262026
quench,0.262026
resounds,0.262026
rung,0.262026
sanctity,0.262026
scorch,0.262026
screw,0.262026
shrieks,0.262026
smother,0.262026
substances,0.262026
swiftest,0.262026
taint,0.262026
tost,0.262026
vices,0.262026
vouch,0.262026
wade,0.262026
wayward,0.262026
whereby,0.262026
whiles,0.262026
Wife,0.242081
Hath,0.231986
Exit,0.230724
Thunder,0.2282
Sisters,0.226938
Th,0.226307
lye,0.226307
Country,0.225676
Soldiers,0.225676
Spirits,0.225676
Hang,0.225045
Name,0.225045
Ring,0.225045
valiant,0.225045
Fire,0.224414
Gentleman,0.224414
Office,0.224414
Thoughts,0.224414
Traitors,0.224414
Treason,0.224414
Wine,0.224414
newest,0.224414
ore,0.224414
warlike,0.224414
Bond,0.223783
Comes,0.223783
Cousin,0.223783
Cry,0.223783
Fare,0.223783
Fight,0.223783
Hart,0.223783
Lust,0.223783
Norway,0.223783
Nose,0.223783
Point,0.223783
Whence,0.223783
greet,0.223783
hart,0.223783
honor,0.223783
sooth,0.223783
Age,0.223152
Bath,0.223152
Best,0.223152
Command,0.223152
Confess,0.223152
Confound,0.223152
Creation,0.223152
Curse,0.223152
Edward,0.223152
Enough,0.223152
Fellow,0.223152
Field,0.223152
Finding,0.223152
Greater,0.223152
Led,0.223152
Letters,0.223152
Makes,0.223152
Minister,0.223152
Passion,0.223152
Pull,0.223152
Rest,0.223152
Russian,0.223152
Sits,0.223152
Snow,0.223152
Strangers,0.223152
Strike,0.223152
Thought,0.223152
Trust,0.223152
Welcome,0.223152
Whereto,0.223152
Whither,0.223152
Woe,0.223152
apace,0.223152
approaches,0.223152
aught,0.223152
augment,0.223152
bake,0.223152
beguile,0.223152
bounteous,0.223152
broth,0.223152
bubbles,0.223152
cabin,0.223152
confessing,0.223152
continent,0.223152
denies,0.223152
digestion,0.223152
distemper,0.223152
ditch,0.223152
durst,0.223152
dusty,0.223152
emptying,0.223152
entry,0.223152
forge,0.223152
hew,0.223152
hurts,0.223152
illusion,0.223152
infected,0.223152
malady,0.223152
mistrust,0.223152
ope,0.223152
pendant,0.223152
performances,0.223152
perturbation,0.223152
plight,0.223152
rebellious,0.223152
reconcile,0.223152
resembled,0.223152
sleepers,0.223152
speeches,0.223152
starts,0.223152
thereby,0.223152
truest,0.223152
viewing,0.223152
wakes,0.223152
whereon,0.223152
womb,0.223152
writ,0.223152
writes,0.223152
wrongs,0.223152
youths,0.223152
La,0.202213
Enter,0.201288
Son,0.198966
Sword,0.196801
Hand,0.195719
wee,0.195719
Lords,0.195178
Grace,0.194637
anon,0.194095
Faith,0.193554
Fate,0.193554
Fortune,0.193554
Heart,0.193554
Face,0.193013
le,0.193013
Birds,0.192472
Supper,0.192472
Tree,0.192472
damn,0.192472
dispatch,0.192472
Adieu,0.191931
Behold,0.191931
Beware,0.191931
Ere,0.191931
Gracious,0.191931
Lay,0.191931
Power,0.191931
Shake,0.191931
Song,0.191931
Watch,0.191931
c,0.191931
cling,0.191931
commend,0.191931
ne,0.191931
stopt,0.191931
succeeding,0.191931
sway,0.191931
wither,0.191931
Army,0.19139
Dame,0.19139
Directly,0.19139
Flowers,0.19139
Gray,0.19139
Lo,0.19139
Madam,0.19139
Mercy,0.19139
Pale,0.19139
Powers,0.19139
Saw,0.19139
Story,0.19139
Thine,0.19139
Tuesday,0.19139
Vision,0.19139
Wherein,0.19139
accursed,0.19139
appoint,0.19139
aright,0.19139
attendants,0.19139
aye,0.19139
basis,0.19139
bathe,0.19139
belt,0.19139
bids,0.19139
boasting,0.19139
buckle,0.19139
bury,0.19139
champion,0.19139
compose,0.19139
constrained,0.19139
cream,0.19139
crew,0.19139
defect,0.19139
discharge,0.19139
distracted,0.19139
distresses,0.19139
fairest,0.19139
frankly,0.19139
goodly,0.19139
gore,0.19139
grim,0.19139
healing,0.19139
homeward,0.19139
inhabit,0.19139
knots,0.19139
minister,0.19139
mortified,0.19139
mould,0.19139
nought,0.19139
parley,0.19139
pernicious,0.19139
pious,0.19139
potent,0.19139
reported,0.19139
rides,0.19139
salutation,0.19139
seest,0.19139
solely,0.19139
speculation,0.19139
subtle,0.19139
surmise,0.19139
sweat,0.19139
tending,0.19139
treacherous,0.19139
tumble,0.19139
warrant,0.19139
wherefore,0.19139
yawning,0.19139
yell,0.19139
i,0.171048
shew,0.169653
Kings,0.169187
l,0.168722
Eye,0.168257
Friends,0.167792
Wood,0.166861
Earth,0.166396
State,0.165931
Ambition,0.165465
Bird,0.165465
Gods,0.165465
Strange,0.165465
Woman,0.165465
Women,0.165465
sometime,0.165465
Birth,0.165
Cannot,0.165
Friend,0.165
Spring,0.165
Sweet,0.165
Temple,0.165
Wherefore,0.165
abuse,0.165
didst,0.165
file,0.165
humane,0.165
marching,0.165
slaughter,0.165
Gone,0.164535
Hall,0.164535
Making,0.164535
Open,0.164535
Rule,0.164535
Seas,0.164535
Send,0.164535
Sleep,0.164535
T,0.164535
Words,0.164535
abhorred,0.164535
accompany,0.164535
affliction,0.164535
amends,0.164535
banish,0.164535
bidding,0.164535
boot,0.164535
breach,0.164535
challenge,0.164535
conference,0.164535
credulous,0.164535
dreamt,0.164535
entreat,0.164535
expedition,0.164535
fairer,0.164535
greeting,0.164535
homely,0.164535
imperfect,0.164535
insane,0.164535
intermission,0.164535
interpret,0.164535
knit,0.164535
mid,0.164535
oppressed,0.164535
outwardly,0.164535
payment,0.164535
petty,0.164535
pledge,0.164535
pole,0.164535
repetition,0.164535
saluted,0.164535
score,0.164535
scruples,0.164535
shift,0.164535
speaker,0.164535
tedious,0.164535
thirst,0.164535
threat,0.164535
throats,0.164535
transported,0.164535
valour,0.164535
wrapt,0.164535
Lady,0.160047
Scotland,0.145666
Hell,0.144868
Blood,0.144468
Doctor,0.144069
Light,0.143669
doth,0.14327
Bring,0.14287
Court,0.142471
Boy,0.142071
Land,0.142071
Might,0.142071
bleed,0.142071
dares,0.142071
pronounce,0.142071
sights,0.142071
According,0.141672
Answer,0.141672
Crown,0.141672
Cut,0.141672
Spirit,0.141672
bee,0.141672
betimes,0.141672
bleeding,0.141672
canst,0.141672
confirm,0.141672
deeds,0.141672
expectation,0.141672
haunt,0.141672
relate,0.141672
rugged,0.141672
sticking,0.141672
weigh,0.141672
wounds,0.141672
Caesar,0.141272
Except,0.141272
Farewell,0.141272
Holy,0.141272
Honour,0.141272
Listen,0.141272
Mark,0.141272
Morning,0.141272
Ocean,0.141272
Rather,0.141272
Run,0.141272
Sing,0.141272
Stay,0.141272
Sun,0.141272
Towards,0.141272
Turn,0.141272
Twas,0.141272
Wise,0.141272
Yours,0.141272
assault,0.141272
assistance,0.141272
assurance,0.141272
backs,0.141272
brightest,0.141272
brows,0.141272
commands,0.141272
composition,0.141272
confound,0.141272
contradict,0.141272
disease,0.141272
dyed,0.141272
establish,0.141272
extend,0.141272
flattering,0.141272
founded,0.141272
gladly,0.141272
guest,0.141272
hangs,0.141272
hatch,0.141272
horrors,0.141272
humbly,0.141272
hunger,0.141272
hush,0.141272
integrity,0.141272
nod,0.141272
palpable,0.141272
practise,0.141272
pretence,0.141272
prospect,0.141272
resolute,0.141272
rises,0.141272
sheath,0.141272
shriek,0.141272
sole,0.141272
starting,0.141272
steed,0.141272
studied,0.141272
sweeter,0.141272
swelling,0.141272
torture,0.141272
treasure,0.141272
valued,0.141272
th,0.137825
hath,0.133045
tis,0.127924
Death,0.124168
thine,0.123485
Art,0.123143
hast,0.123143
shalt,0.122461
toward,0.122119
Gentlemen,0.121778
breed,0.121778
owe,0.121778
Out,0.121436
Sea,0.121436
World,0.121436
contend,0.121436
execution,0.121436
hereafter,0.121436
rings,0.121436
Better,0.121095
Hence,0.121095
Hill,0.121095
Ireland,0.121095
Know,0.121095
Peace,0.121095
True,0.121095
beard,0.121095
charmed,0.121095
cursed,0.121095
damned,0.121095
disgrace,0.121095
dost,0.121095
manly,0.121095
plant,0.121095
repose,0.121095
strangely,0.121095
thrice,0.121095
wilt,0.121095
Came,0.120753
Free,0.120753
M,0.120753
Others,0.120753
Pardon,0.120753
Red,0.120753
Shakespeare,0.120753
agitation,0.120753
aid,0.120753
apply,0.120753
backward,0.120753
blasted,0.120753
blunt,0.120753
borrowed,0.120753
clamorous,0.120753
comforted,0.120753
committed,0.120753
confident,0.120753
create,0.120753
earthly,0.120753
embrace,0.120753
encounter,0.120753
gap,0.120753
glare,0.120753
hail,0.120753
howl,0.120753
inform,0.120753
keeper,0.120753
mend,0.120753
monstrous,0.120753
newly,0.120753
oppose,0.120753
particulars,0.120753
pluck,0.120753
rooted,0.120753
spacious,0.120753
suggestion,0.120753
tidings,0.120753
tremble,0.120753
wisely,0.120753
wrath,0.120753
st,0.114269
Thou,0.109926
ha,0.107031
Tis,0.106452
Life,0.106162
ere,0.105873
bloody,0.105583
Children,0.104425
knocking,0.104136
Master,0.103846
Against,0.103557
Mother,0.103557
em,0.103557
gracious,0.103557
thence,0.103557
Head,0.103267
Things,0.103267
de,0.103267
dearest,0.103267
vanish,0.103267
whence,0.103267
wrought,0.103267
Almost,0.102978
remembrance,0.102978
Prince,0.102688
Too,0.102688
Truth,0.102688
addition,0.102688
betray,0.102688
calls,0.102688
causes,0.102688
destruction,0.102688
holy,0.102688
numbers,0.102688
painting,0.102688
pine,0.102688
summons,0.102688
sword,0.102688
tongues,0.102688
troubled,0.102688
Away,0.102399
Far,0.102399
March,0.102399
Roman,0.102399
Saint,0.102399
South,0.102399
West,0.102399
blade,0.102399
blast,0.102399
conclusion,0.102399
continually,0.102399
deadly,0.102399
debt,0.102399
degrees,0.102399
delights,0.102399
depart,0.102399
descended,0.102399
desolate,0.102399
dew,0.102399
disorder,0.102399
disposition,0.102399
drops,0.102399
effects,0.102399
eldest,0.102399
fits,0.102399
fold,0.102399
freely,0.102399
furious,0.102399
gift,0.102399
guide,0.102399
happily,0.102399
harp,0.102399
hearted,0.102399
hearty,0.102399
hell,0.102399
hideous,0.102399
intent,0.102399
march,0.102399
missing,0.102399
momentary,0.102399
obscure,0.102399
offended,0.102399
perform,0.102399
pit,0.102399
planted,0.102399
pot,0.102399
preparation,0.102399
protest,0.102399
quit,0.102399
repent,0.102399
rightly,0.102399
seeking,0.102399
serious,0.102399
sets,0.102399
slope,0.102399
stealing,0.102399
strangers,0.102399
swear,0.102399
tend,0.102399
thousands,0.102399
vile,0.102399
whither,0.102399
win,0.102399
thee,0.10035
Nature,0.0899185
deed,0.0887055
Whose,0.0877352
Were,0.0870074
Make,0.0867649
Within,0.0867649
Whom,0.0865223
flight,0.0865223
labour,0.0865223
spend,0.0865223
thither,0.0865223
Stand,0.0862797
duties,0.0862797
horrid,0.0862797
issue,0.0862797
mock,0.0862797
sickly,0.0862797
Hold,0.0860371
Me,0.0860371
Round,0.0860371
abide,0.0860371
alas,0.0860371
bought,0.0860371
continue,0.0860371
defence,0.0860371
forbid,0.0860371
fortune,0.0860371
knock,0.0860371
sleeping,0.0860371
stirring,0.0860371
strongly,0.0860371
wake,0.0860371
Consider,0.0857945
East,0.0857945
Ha,0.0857945
High,0.0857945
Mine,0.0857945
Neither,0.0857945
Should,0.0857945
Sit,0.0857945
Stop,0.0857945
[The,0.0857945
alter,0.0857945
barren,0.0857945
beaten,0.0857945
becoming,0.0857945
bend,0.0857945
benefit,0.0857945
bestow,0.0857945
blessing,0.0857945
brings,0.0857945
burnt,0.0857945
caution,0.0857945
chamber,0.0857945
conclude,0.0857945
contented,0.0857945
crying,0.0857945
cure,0.0857945
curse,0.0857945
esteem,0.0857945
farewell,0.0857945
fate,0.0857945
filling,0.0857945
fires,0.0857945
hoarse,0.0857945
lesser,0.0857945
marry,0.0857945
midnight,0.0857945
needed,0.0857945
needs,0.0857945
offend,0.0857945
outward,0.0857945
performance,0.0857945
profound,0.0857945
proportion,0.0857945
reckon,0.0857945
rent,0.0857945
repeat,0.0857945
ripe,0.0857945
runs,0.0857945
seize,0.0857945
shed,0.0857945
stake,0.0857945
stern,0.0857945
supply,0.0857945
swallow,0.0857945
sweetly,0.0857945
visited,0.0857945
washing,0.0857945
wealth,0.0857945
wing,0.0857945
woe,0.0857945
yellow,0.0857945
thy,0.0796239
Night,0.0756294
borne,0.0734324
Till,0.0726335
double,0.0720343
Day,0.0718346
English,0.0716349
House,0.0716349
Say,0.0714351
Each,0.0712354
Into,0.0710357
Put,0.0710357
absolute,0.0710357
approach,0.0710357
shine,0.0710357
start,0.0710357
suffer,0.0710357
Pray,0.070836
attend,0.070836
content,0.070836
fed,0.070836
folly,0.070836
fought,0.070836
greatest,0.070836
heat,0.070836
horrible,0.070836
mirth,0.070836
prosperous,0.070836
pull,0.070836
require,0.070836
slept,0.070836
smiles,0.070836
sore,0.070836
theirs,0.070836
troubles,0.070836
trusted,0.070836
Being,0.0706362
Call,0.0706362
Down,0.0706362
French,0.0706362
Ten,0.0706362
acted,0.0706362
alike,0.0706362
blown,0.0706362
check,0.0706362
commanded,0.0706362
concluded,0.0706362
confess,0.0706362
deepest,0.0706362
desert,0.0706362
desires,0.0706362
dignity,0.0706362
drunk,0.0706362
empty,0.0706362
endure,0.0706362
estate,0.0706362
fighting,0.0706362
fright,0.0706362
fury,0.0706362
future,0.0706362
glory,0.0706362
guilt,0.0706362
hidden,0.0706362
holds,0.0706362
interest,0.0706362
laying,0.0706362
measure,0.0706362
miserable,0.0706362
older,0.0706362
plague,0.0706362
pretend,0.0706362
proceed,0.0706362
puts,0.0706362
raise,0.0706362
rough,0.0706362
scarcely,0.0706362
sell,0.0706362
sensible,0.0706362
sold,0.0706362
speaks,0.0706362
star,0.0706362
stole,0.0706362
stuck,0.0706362
suffering,0.0706362
tune,0.0706362
walls,0.0706362
wound,0.0706362
thou,0.0666304
O,0.0592567
Thy,0.0581346
morrow,0.0581346
England,0.057814
Old,0.0576537
bid,0.0576537
hang,0.0576537
Great,0.0574934
bold,0.0573331
hither,0.0573331
horror,0.0573331
Get,0.0571729
New,0.0571729
nine,0.0571729
swift,0.0571729
thanks,0.0571729
violent,0.0571729
cast,0.0570126
due,0.0570126
Alas,0.0568523
Men,0.0568523
Still,0.0568523
Therefore,0.0568523
abroad,0.0568523
attempt,0.0568523
blame,0.0568523
brow,0.0568523
eaten,0.0568523
highly,0.0568523
hopes,0.0568523
naked,0.0568523
post,0.0568523
push,0.0568523
sooner,0.0568523
spent,0.0568523
station,0.0568523
tender,0.0568523
wash,0.0568523
wear,0.0568523
wicked,0.0568523
Don,0.056692
OF,0.056692
William,0.056692
action,0.056692
amazement,0.056692
apart,0.056692
argument,0.056692
beds,0.056692
blessed,0.056692
cloud,0.056692
consent,0.056692
consequence,0.056692
consider,0.056692
decision,0.056692
deeper,0.056692
delicate,0.056692
dwell,0.056692
finger,0.056692
flesh,0.056692
frame,0.056692
gaze,0.056692
golden,0.056692
handed,0.056692
haste,0.056692
hat,0.056692
kindly,0.056692
later,0.056692
master,0.056692
mile,0.056692
minds,0.056692
modest,0.056692
nearest,0.056692
occasion,0.056692
painted,0.056692
parted,0.056692
pieces,0.056692
pleasures,0.056692
purposes,0.056692
rate,0.056692
reflection,0.056692
request,0.056692
roof,0.056692
rush,0.056692
sake,0.056692
salt,0.056692
season,0.056692
seated,0.056692
seeming,0.056692
shaking,0.056692
shot,0.056692
sick,0.056692
smell,0.056692
sorts,0.056692
stones,0.056692
stout,0.056692
stretch,0.056692
thirty,0.056692
tied,0.056692
trace,0.056692
King,0.0504664
Sir,0.0467526
Father,0.0456385
pray,0.0450195
welcome,0.0448957
hence,0.0447719
report,0.0447719
More,0.0444005
fled,0.0444005
command,0.0442768
innocent,0.0442768
perfect,0.0442768
terrible,0.0442768
Both,0.044153
See,0.044153
Thus,0.044153
Time,0.044153
black,0.044153
sir,0.044153
Must,0.0440292
Without,0.0440292
broad,0.0440292
don,0.0440292
grace,0.0440292
health,0.0440292
knowledge,0.0440292
loose,0.0440292
mad,0.0440292
quickly,0.0440292
spoken,0.0440292
trust,0.0440292
Most,0.0439054
absence,0.0439054
bare,0.0439054
behold,0.0439054
beside,0.0439054
bones,0.0439054
carry,0.0439054
cries,0.0439054
destroy,0.0439054
distance,0.0439054
doubts,0.0439054
earnest,0.0439054
edge,0.0439054
ends,0.0439054
entrance,0.0439054
hit,0.0439054
ignorant,0.0439054
lighted,0.0439054
lips,0.0439054
minute,0.0439054
ours,0.0439054
pace,0.0439054
paid,0.0439054
passage,0.0439054
precious,0.0439054
regard,0.0439054
ride,0.0439054
shadow,0.0439054
stands,0.0439054
wants,0.0439054
wit,0.0439054
Could,0.0437816
Something,0.0437816
THE,0.0437816
Very,0.0437816
absent,0.0437816
account,0.0437816
added,0.0437816
afterwards,0.0437816
aside,0.0437816
beneath,0.0437816
buried,0.0437816
buy,0.0437816
calling,0.0437816
cease,0.0437816
colour,0.0437816
cool,0.0437816
countenance,0.0437816
courage,0.0437816
crown,0.0437816
direction,0.0437816
dread,0.0437816
ear,0.0437816
easier,0.0437816
eight,0.0437816
especially,0.0437816
faith,0.0437816
familiar,0.0437816
farther,0.0437816
field,0.0437816
fix,0.0437816
flying,0.0437816
fourth,0.0437816
gate,0.0437816
grant,0.0437816
hole,0.0437816
knees,0.0437816
knife,0.0437816
length,0.0437816
manner,0.0437816
paper,0.0437816
points,0.0437816
presently,0.0437816
pride,0.0437816
quarter,0.0437816
rage,0.0437816
return,0.0437816
rid,0.0437816
safely,0.0437816
satisfied,0.0437816
settled,0.0437816
sing,0.0437816
sits,0.0437816
sought,0.0437816
step,0.0437816
teeth,0.0437816
trembling,0.0437816
Lord,0.0350852
o,0.0335585
worthy,0.0329298
Be,0.03284
Good,0.0324808
fight,0.0324808
thus,0.0324808
false,0.0323012
kill,0.0323012
throw,0.0322113
Had,0.0321215
cause,0.0321215
comfort,0.0321215
desire,0.0321215
former,0.0321215
honest,0.0321215
purpose,0.0321215
stay,0.0321215
wood,0.0321215
Whether,0.0320317
speech,0.0320317
strike,0.0320317
Her,0.0319419
Tell,0.0319419
awake,0.0319419
charge,0.0319419
oh,0.0319419
point,0.0319419
pretty,0.0319419
single,0.0319419
state,0.0319419
taking,0.0319419
thick,0.0319419
top,0.0319419
wife,0.0319419
ye,0.0319419
Before,0.0318521
Besides,0.0318521
Man,0.0318521
Nay,0.0318521
Since,0.0318521
afraid,0.0318521
beyond,0.0318521
deny,0.0318521
forgotten,0.0318521
greater,0.0318521
instant,0.0318521
mark,0.0318521
presence,0.0318521
promise,0.0318521
setting,0.0318521
show,0.0318521
slow,0.0318521
spot,0.0318521
teach,0.0318521
truly,0.0318521
women,0.0318521
wretched,0.0318521
Am,0.0317623
First,0.0317623
act,0.0317623
altogether,0.0317623
besides,0.0317623
brother,0.0317623
built,0.0317623
continued,0.0317623
die,0.0317623
dull,0.0317623
enter,0.0317623
felt,0.0317623
flower,0.0317623
growing,0.0317623
hearts,0.0317623
hurt,0.0317623
lose,0.0317623
matters,0.0317623
nice,0.0317623
nights,0.0317623
passion,0.0317623
places,0.0317623
plenty,0.0317623
pure,0.0317623
respect,0.0317623
ring,0.0317623
sad,0.0317623
self,0.0317623
son,0.0317623
speed,0.0317623
steps,0.0317623
stone,0.0317623
story,0.0317623
struck,0.0317623
temper,0.0317623
third,0.0317623
turning,0.0317623
weary,0.0317623
willing,0.0317623
written,0.0317623
youth,0.0317623
t,0.0231879
Which,0.0225497
Our,0.0216214
blood,0.0213313
God,0.0212733
Was,0.0212733
Or,0.0211572
art,0.0210992
comes,0.0210992
Not,0.0210412
further,0.0209832
peace,0.0209832
words,0.0209832
does,0.0209252
thoughts,0.0208671
Those,0.0208091
forth,0.0208091
present,0.0208091
May,0.0207511
Their,0.0207511
fill,0.0207511
gentle,0.0207511
makes,0.0207511
power,0.0207511
send,0.0207511
worst,0.0207511
Nor,0.0206931
Oh,0.0206931
Some,0.0206931
become,0.0206931
bring,0.0206931
hide,0.0206931
ill,0.0206931
meeting,0.0206931
need,0.0206931
note,0.0206931
pay,0.0206931
play,0.0206931
sides,0.0206931
spoke,0.0206931
strong,0.0206931
takes,0.0206931
ten,0.0206931
touch,0.0206931
body,0.0206351
broke,0.0206351
catch,0.0206351
drop,0.0206351
moment,0.0206351
ones,0.0206351
person,0.0206351
towards,0.0206351
twenty,0.0206351
Go,0.020577
Take,0.020577
These,0.020577
Yes,0.020577
already,0.020577
anger,0.020577
arm,0.020577
began,0.020577
begin,0.020577
danger,0.020577
delight,0.020577
doing,0.020577
feet,0.020577
fly,0.020577
hate,0.020577
heads,0.020577
hearing,0.020577
hid,0.020577
kind,0.020577
known,0.020577
large,0.020577
longer,0.020577
nature,0.020577
offer,0.020577
order,0.020577
sleep,0.020577
sorry,0.020577
straight,0.020577
throat,0.020577
Another,0.020519
also,0.020519
bear,0.020519
bent,0.020519
bore,0.020519
bow,0.020519
dangerous,0.020519
effect,0.020519
either,0.020519
faint,0.020519
feeling,0.020519
few,0.020519
foolish,0.020519
hardly,0.020519
hear,0.020519
houses,0.020519
humble,0.020519
led,0.020519
low,0.020519
meant,0.020519
pardon,0.020519
piece,0.020519
pleasant,0.020519
proper,0.020519
seat,0.020519
sense,0.020519
shade,0.020519
shape,0.020519
short,0.020519
sigh,0.020519
silent,0.020519
sounded,0.020519
speaking,0.020519
taste,0.020519
than,0.020519
therefore,0.020519
twice,0.020519
watching,0.020519
white,0.020519
d,0.0162362
shall,0.0112809
which,0.0111683
man,0.0108304
This,0.0106333
Is,0.0105488
Shall,0.0104925
things,0.0104644
Your,0.0103799
other,0.0103518
both,0.0103236
heart,0.0102955
much,0.0102955
strange,0.0102955
three,0.0102955
Though,0.0102391
Would,0.0102391
cry,0.0102391
first,0.0102391
full,0.0102391
name,0.0102391
Are,0.010211
Do,0.010211
From,0.010211
Will,0.010211
very,0.010211
being,0.0101828
hands,0.0101828
hold,0.0101828
hope,0.0101828
last,0.0101828
new,0.0101828
re,0.0101547
rest,0.0101547
At,0.0101265
Like,0.0101265
Yet,0.0101265
enough,0.0101265
rather,0.0101265
trouble,0.0101265
whom,0.0101265
woman,0.0101265
Did,0.0100984
better,0.0100984
cold,0.0100984
fell,0.0100984
late,0.0100984
though,0.0100984
true,0.0100984
truth,0.0100984
word,0.0100984
almost,0.0100702
bad,0.0100702
get,0.0100702
goes,0.0100702
safe,0.0100702
shake,0.0100702
sorrow,0.0100702
together,0.0100702
whose,0.0100702
blow,0.0100421
care,0.0100421
doubt,0.0100421
often,0.0100421
pale,0.0100421
people,0.0100421
pleasure,0.0100421
remember,0.0100421
second,0.0100421
shame,0.0100421
since,0.0100421
sure,0.0100421
thousand,0.0100421
worse,0.0100421
worth,0.0100421
She,0.0100139
answer,0.0100139
been,0.0100139
bound,0.0100139
draw,0.0100139
earth,0.0100139
got,0.0100139
hard,0.0100139
least,0.0100139
met,0.0100139
open,0.0100139
question,0.0100139
right,0.0100139
seem,0.0100139
sent,0.0100139
shut,0.0100139
something,0.0100139
strength,0.0100139
whole,0.0100139
After,0.00998574
An,0.00998574
Two,0.00998574
ask,0.00998574
became,0.00998574
begun,0.00998574
bright,0.00998574
chance,0.00998574
common,0.00998574
cut,0.00998574
fire,0.00998574
fit,0.00998574
friends,0.00998574
grow,0.00998574
lies,0.00998574
light,0.00998574
others,0.00998574
patience,0.00998574
smile,0.00998574
wait,0.00998574
walk,0.00998574
walking,0.00998574
watch,0.00998574
wonder,0.00998574
yours,0.00998574
],0.00995759
among,0.00995759
course,0.00995759
fellow,0.00995759
forget,0.00995759
fresh,0.00995759
held,0.00995759
learn,0.00995759
matter,0.00995759
proud,0.00995759
quiet,0.00995759
quite,0.00995759
ran,0.00995759
read,0.00995759
rich,0.00995759
saying,0.00995759
share,0.00995759
smiling,0.00995759
spirit,0.00995759
stop,0.00995759
talk,0.00995759
taught,0.00995759
try,0.00995759
voice,0.00995759
yesterday,0.00995759
A,0.0
All,0.0
And,0.0
As,0.0
But,0.0
By,0.0
Can,0.0
Come,0.0
For,0.0
He,0.0
Here,0.0
His,0.0
How,0.0
I,0.0
If,0.0
In,0.0
It,0.0
Let,0.0
My,0.0
No,0.0
Nothing,0.0
Now,0.0
Of,0.0
On,0.0
One,0.0
So,0.0
Such,0.0
That,0.0
The,0.0
Then,0.0
There,0.0
They,0.0
To,0.0
We,0.0
Well,0.0
What,0.0
When,0.0
Where,0.0
While,0.0
Who,0.0
Why,0.0
With,0.0
You,0.0
a,0.0
about,0.0
after,0.0
against,0.0
age,0.0
all,0.0
alone,0.0
am,0.0
an,0.0
and,0.0
angry,0.0
another,0.0
any,0.0
are,0.0
as,0.0
at,0.0
away,0.0
back,0.0
be,0.0
bed,0.0
before,0.0
best,0.0
breath,0.0
brought,0.0
but,0.0
by,0.0
call,0.0
came,0.0
can,0.0
cannot,0.0
close,0.0
come,0.0
could,0.0
dare,0.0
day,0.0
dead,0.0
death,0.0
did,0.0
do,0.0
done,0.0
each,0.0
else,0.0
end,0.0
eye,0.0
eyes,0.0
face,0.0
faces,0.0
fall,0.0
fast,0.0
fear,0.0
foot,0.0
for,0.0
forgot,0.0
found,0.0
free,0.0
friend,0.0
from,0.0
gently,0.0
go,0.0
going,0.0
gone,0.0
good,0.0
great,0.0
ground,0.0
had,0.0
hand,0.0
happy,0.0
has,0.0
he,0.0
head,0.0
heard,0.0
her,0.0
here,0.0
high,0.0
him,0.0
his,0.0
home,0.0
house,0.0
how,0.0
if,0.0
in,0.0
indeed,0.0
into,0.0
is,0.0
it,0.0
know,0.0
laugh,0.0
lay,0.0
left,0.0
let,0.0
life,0.0
like,0.0
little,0.0
long,0.0
look,0.0
lost,0.0
made,0.0
make,0.0
making,0.0
many,0.0
may,0.0
me,0.0
meet,0.0
men,0.0
might,0.0
mine,0.0
more,0.0
morning,0.0
most,0.0
must,0.0
my,0.0
next,0.0
night,0.0
no,0.0
noise,0.0
none,0.0
nor,0.0
not,0.0
nothing,0.0
now,0.0
of,0.0
off,0.0
old,0.0
on,0.0
once,0.0
one,0.0
or,0.0
our,0.0
out,0.0
part,0.0
past,0.0
place,0.0
please,0.0
put,0.0
ready,0.0
reason,0.0
red,0.0
rise,0.0
round,0.0
run,0.0
s,0.0
said,0.0
same,0.0
saw,0.0
say,0.0
secret,0.0
see,0.0
set,0.0
she,0.0
should,0.0
sight,0.0
sit,0.0
so,0.0
some,0.0
sound,0.0
speak,0.0
stand,0.0
still,0.0
stood,0.0
such,0.0
sweet,0.0
take,0.0
tell,0.0
that,0.0
the,0.0
their,0.0
them,0.0
then,0.0
there,0.0
these,0.0
they,0.0
thing,0.0
think,0.0
this,0.0
those,0.0
thought,0.0
through,0.0
till,0.0
time,0.0
times,0.0
to,0.0
told,0.0
tongue,0.0
too,0.0
two,0.0
want,0.0
was,0.0
way,0.0
we,0.0
well,0.0
went,0.0
were,0.0
what,0.0
when,0.0
where,0.0
while,0.0
who,0.0
why,0.0
will,0.0
wise,0.0
wish,0.0
with,0.0
within,0.0
without,0.0
world,0.0
would,0.0
write,0.0
yet,0.0
you,0.0
young,0.0
your,0.0
